<?xml version="1.0" encoding="UTF-8"?>
<testsuite name="net.corda.confidential.identities.SyncKeyMappingFlowTests" tests="1" skipped="0" failures="1" errors="0" timestamp="2019-06-19T10:04:20" hostname="19LDN-MAC107-1.local" time="86.048">
  <properties/>
  <testcase name="don't leak confidential identities" classname="net.corda.confidential.identities.SyncKeyMappingFlowTests" time="86.048">
    <failure message="net.corda.core.flows.UnexpectedFlowEndException: Counter-flow errored" type="net.corda.core.flows.UnexpectedFlowEndException">net.corda.core.flows.UnexpectedFlowEndException: Counter-flow errored
	at Received unexpected counter-flow exception from peer O=Bob Plc, L=Rome, C=IT.()
	at net.corda.node.services.statemachine.FlowStateMachineImpl.fillInLocalStackTrace(FlowStateMachineImpl.kt:175)
	at net.corda.node.services.statemachine.FlowStateMachineImpl.processEventsUntilFlowIsResumed(FlowStateMachineImpl.kt:163)
	at net.corda.node.services.statemachine.FlowStateMachineImpl.suspend(FlowStateMachineImpl.kt:447)
	at net.corda.node.services.statemachine.FlowSessionImpl.receive(FlowSessionImpl.kt:69)
	at net.corda.node.services.statemachine.FlowSessionImpl.receive(FlowSessionImpl.kt:73)
	at net.corda.confidential.identities.SyncKeyMappingInitiator.call(SyncKeyMappingFlowTests.kt:149)
	at net.corda.confidential.identities.SyncKeyMappingInitiator.call(SyncKeyMappingFlowTests.kt:117)
	at net.corda.node.services.statemachine.FlowStateMachineImpl.run(FlowStateMachineImpl.kt:270)
	at net.corda.node.services.statemachine.FlowStateMachineImpl.run(FlowStateMachineImpl.kt:46)
	at co.paralleluniverse.fibers.Fiber.run1(Fiber.java:1092)
	at co.paralleluniverse.fibers.Fiber.exec(Fiber.java:788)
	at co.paralleluniverse.fibers.RunnableFiberTask.doExec(RunnableFiberTask.java:100)
	at co.paralleluniverse.fibers.RunnableFiberTask.run(RunnableFiberTask.java:91)
	at java.util.concurrent.Executors$RunnableAdapter.call(Executors.java:511)
	at java.util.concurrent.FutureTask.run(FutureTask.java:266)
	at java.util.concurrent.ScheduledThreadPoolExecutor$ScheduledFutureTask.access$201(ScheduledThreadPoolExecutor.java:180)
	at java.util.concurrent.ScheduledThreadPoolExecutor$ScheduledFutureTask.run(ScheduledThreadPoolExecutor.java:293)
	at java.util.concurrent.ThreadPoolExecutor.runWorker(ThreadPoolExecutor.java:1149)
	at java.util.concurrent.ThreadPoolExecutor$Worker.run(ThreadPoolExecutor.java:624)
	at net.corda.node.utilities.AffinityExecutor$ServiceAffinityExecutor$1$thread$1.run(AffinityExecutor.kt:63)
</failure>
  </testcase>
  <system-out><![CDATA[?[37m[INFO] 11:04:28,735 [Test worker] cordapp.JarScanningCordappLoader.fromDirectories - Looking for CorDapps in [build/mock-network/20190619-100422.550/nodes/0/cordapps]
?[m?[37m[INFO] 11:04:28,760 [Test worker] cordapp.JarScanningCordappLoader.<init> - Loading CorDapps from RestrictedURL(url=file:/Users/williamhester/Desktop/Applications/confidential-identities/workflows/build/mock-network/20190619-100422.550/nodes/0/cordapps/corda-finance-contracts-5.0-SNAPSHOT-WILLH.jar, rootPackageName=null), RestrictedURL(url=file:/Users/williamhester/Desktop/Applications/confidential-identities/workflows/build/mock-network/20190619-100422.550/nodes/0/cordapps/corda-finance-workflows-5.0-SNAPSHOT-WILLH.jar, rootPackageName=null)
?[m?[37m[INFO] 11:04:28,797 [Test worker] cordapp.JarScanningCordappLoader.scanCordapp - Scanning CorDapp in file:/Users/williamhester/Desktop/Applications/confidential-identities/workflows/build/mock-network/20190619-100422.550/nodes/0/cordapps/corda-finance-contracts-5.0-SNAPSHOT-WILLH.jar
?[m?[37m[INFO] 11:04:28,937 [Test worker] cordapp.JarScanningCordappLoader.scanCordapp - Scanning CorDapp in file:/Users/williamhester/Desktop/Applications/confidential-identities/workflows/build/mock-network/20190619-100422.550/nodes/0/cordapps/corda-finance-workflows-5.0-SNAPSHOT-WILLH.jar
?[m?[37m[INFO] 11:04:30,007 [Test worker] internal.InternalMockNetwork$MockNode.start - Node starting up ...
?[m?[37m[INFO] 11:04:30,085 [Test worker] internal.NodeFlowManager.registerInitiatedFlow - Registered net.corda.finance.flows.CashExitFlow to initiate net.corda.finance.flows.CashExitResponderFlow (version 1)
?[m?[37m[INFO] 11:04:30,086 [Test worker] internal.NodeFlowManager.registerInitiatedFlow - Registered net.corda.finance.flows.CashPaymentFlow to initiate net.corda.finance.flows.CashPaymentReceiverFlow (version 1)
?[m?[37m[INFO] 11:04:30,286 [Test worker] internal.InternalMockNetwork$MockNode.start - Loaded network parameters: NetworkParameters {
      minimumPlatformVersion=1
      notaries=[NotaryInfo(identity=O=Notary Service, L=Zurich, C=CH, validating=true)]
      maxMessageSize=10485760
      maxTransactionSize=524288000
      whitelistedContractImplementations {
        
      }
      eventHorizon=PT720H
      packageOwnership {
        
      }
      modifiedTime=2019-06-19T10:04:22.550Z
      epoch=1
  }
?[m?[37m[INFO] 11:04:30,349 [Test worker] hikari.HikariDataSource.<init> - HikariPool-1 - Started.
?[m?[37m[INFO] 11:04:34,888 [Test worker] liquibase.info - Creating database history table with name: PUBLIC.DATABASECHANGELOG
?[m?[37m[INFO] 11:04:34,901 [Test worker] liquibase.info - Reading from PUBLIC.DATABASECHANGELOG
?[m?[37m[INFO] 11:04:34,936 [Test worker] liquibase.info - master.changelog.json: migration/vault-schema.changelog-pkey.xml::non-clustered_pk-11::R3.Corda: Skipping changeSet migration/vault-schema.changelog-pkey.xml::non-clustered_pk-11::R3.Corda due to validation error(s): clustered is not allowed on h2
?[m?[37m[INFO] 11:04:34,937 [Test worker] liquibase.info - master.changelog.json: migration/vault-schema.changelog-pkey.xml::non-clustered_pk-12::R3.Corda: Skipping changeSet migration/vault-schema.changelog-pkey.xml::non-clustered_pk-12::R3.Corda due to validation error(s): clustered is not allowed on h2
?[m?[37m[INFO] 11:04:34,937 [Test worker] liquibase.info - master.changelog.json: migration/vault-schema.changelog-pkey.xml::non-clustered_pk-13::R3.Corda: Skipping changeSet migration/vault-schema.changelog-pkey.xml::non-clustered_pk-13::R3.Corda due to validation error(s): clustered is not allowed on h2
?[m?[37m[INFO] 11:04:34,964 [Test worker] liquibase.info - master.changelog.json: migration/node-core.changelog-pkey.xml::non-clustered_pk-1::R3.Corda: Skipping changeSet migration/node-core.changelog-pkey.xml::non-clustered_pk-1::R3.Corda due to validation error(s): clustered is not allowed on h2
?[m?[37m[INFO] 11:04:34,965 [Test worker] liquibase.info - master.changelog.json: migration/node-core.changelog-pkey.xml::non-clustered_pk-2::R3.Corda: Skipping changeSet migration/node-core.changelog-pkey.xml::non-clustered_pk-2::R3.Corda due to validation error(s): clustered is not allowed on h2
?[m?[37m[INFO] 11:04:34,965 [Test worker] liquibase.info - master.changelog.json: migration/node-core.changelog-pkey.xml::non-clustered_pk-3::R3.Corda: Skipping changeSet migration/node-core.changelog-pkey.xml::non-clustered_pk-3::R3.Corda due to validation error(s): clustered is not allowed on h2
?[m?[37m[INFO] 11:04:34,966 [Test worker] liquibase.info - master.changelog.json: migration/node-core.changelog-pkey.xml::non-clustered_pk-4::R3.Corda: Skipping changeSet migration/node-core.changelog-pkey.xml::non-clustered_pk-4::R3.Corda due to validation error(s): clustered is not allowed on h2
?[m?[37m[INFO] 11:04:34,966 [Test worker] liquibase.info - master.changelog.json: migration/node-core.changelog-pkey.xml::non-clustered_pk-5::R3.Corda: Skipping changeSet migration/node-core.changelog-pkey.xml::non-clustered_pk-5::R3.Corda due to validation error(s): clustered is not allowed on h2
?[m?[37m[INFO] 11:04:34,967 [Test worker] liquibase.info - master.changelog.json: migration/node-core.changelog-pkey.xml::non-clustered_pk-6::R3.Corda: Skipping changeSet migration/node-core.changelog-pkey.xml::non-clustered_pk-6::R3.Corda due to validation error(s): clustered is not allowed on h2
?[m?[37m[INFO] 11:04:34,967 [Test worker] liquibase.info - master.changelog.json: migration/node-core.changelog-pkey.xml::non-clustered_pk-7::R3.Corda: Skipping changeSet migration/node-core.changelog-pkey.xml::non-clustered_pk-7::R3.Corda due to validation error(s): clustered is not allowed on h2
?[m?[37m[INFO] 11:04:34,972 [Test worker] liquibase.info - master.changelog.json: migration/cash.changelog-init.xml::non-clustered_pk-cash::R3.Corda: Skipping changeSet migration/cash.changelog-init.xml::non-clustered_pk-cash::R3.Corda due to validation error(s): clustered is not allowed on h2
?[m?[37m[INFO] 11:04:34,977 [Test worker] liquibase.info - master.changelog.json: migration/commercial-paper.changelog-init.xml::non-clustered_pk-commercial-paper::R3.Corda: Skipping changeSet migration/commercial-paper.changelog-init.xml::non-clustered_pk-commercial-paper::R3.Corda due to validation error(s): clustered is not allowed on h2
?[m?[37m[INFO] 11:04:34,981 [Test worker] liquibase.info - master.changelog.json: migration/node-notary.changelog-pkey.xml::non-clustered_pk-notary_state::R3.Corda: Skipping changeSet migration/node-notary.changelog-pkey.xml::non-clustered_pk-notary_state::R3.Corda due to validation error(s): clustered is not allowed on h2
?[m?[37m[INFO] 11:04:34,994 [Test worker] liquibase.info - Successfully acquired change log lock
?[m?[37m[INFO] 11:04:34,998 [Test worker] liquibase.info - master.changelog.json: migration/vault-schema.changelog-pkey.xml::non-clustered_pk-11::R3.Corda: Skipping changeSet migration/vault-schema.changelog-pkey.xml::non-clustered_pk-11::R3.Corda due to validation error(s): clustered is not allowed on h2
?[m?[37m[INFO] 11:04:34,998 [Test worker] liquibase.info - master.changelog.json: migration/vault-schema.changelog-pkey.xml::non-clustered_pk-12::R3.Corda: Skipping changeSet migration/vault-schema.changelog-pkey.xml::non-clustered_pk-12::R3.Corda due to validation error(s): clustered is not allowed on h2
?[m?[37m[INFO] 11:04:34,998 [Test worker] liquibase.info - master.changelog.json: migration/vault-schema.changelog-pkey.xml::non-clustered_pk-13::R3.Corda: Skipping changeSet migration/vault-schema.changelog-pkey.xml::non-clustered_pk-13::R3.Corda due to validation error(s): clustered is not allowed on h2
?[m?[37m[INFO] 11:04:35,005 [Test worker] liquibase.info - master.changelog.json: migration/node-core.changelog-pkey.xml::non-clustered_pk-1::R3.Corda: Skipping changeSet migration/node-core.changelog-pkey.xml::non-clustered_pk-1::R3.Corda due to validation error(s): clustered is not allowed on h2
?[m?[37m[INFO] 11:04:35,006 [Test worker] liquibase.info - master.changelog.json: migration/node-core.changelog-pkey.xml::non-clustered_pk-2::R3.Corda: Skipping changeSet migration/node-core.changelog-pkey.xml::non-clustered_pk-2::R3.Corda due to validation error(s): clustered is not allowed on h2
?[m?[37m[INFO] 11:04:35,006 [Test worker] liquibase.info - master.changelog.json: migration/node-core.changelog-pkey.xml::non-clustered_pk-3::R3.Corda: Skipping changeSet migration/node-core.changelog-pkey.xml::non-clustered_pk-3::R3.Corda due to validation error(s): clustered is not allowed on h2
?[m?[37m[INFO] 11:04:35,006 [Test worker] liquibase.info - master.changelog.json: migration/node-core.changelog-pkey.xml::non-clustered_pk-4::R3.Corda: Skipping changeSet migration/node-core.changelog-pkey.xml::non-clustered_pk-4::R3.Corda due to validation error(s): clustered is not allowed on h2
?[m?[37m[INFO] 11:04:35,006 [Test worker] liquibase.info - master.changelog.json: migration/node-core.changelog-pkey.xml::non-clustered_pk-5::R3.Corda: Skipping changeSet migration/node-core.changelog-pkey.xml::non-clustered_pk-5::R3.Corda due to validation error(s): clustered is not allowed on h2
?[m?[37m[INFO] 11:04:35,007 [Test worker] liquibase.info - master.changelog.json: migration/node-core.changelog-pkey.xml::non-clustered_pk-6::R3.Corda: Skipping changeSet migration/node-core.changelog-pkey.xml::non-clustered_pk-6::R3.Corda due to validation error(s): clustered is not allowed on h2
?[m?[37m[INFO] 11:04:35,007 [Test worker] liquibase.info - master.changelog.json: migration/node-core.changelog-pkey.xml::non-clustered_pk-7::R3.Corda: Skipping changeSet migration/node-core.changelog-pkey.xml::non-clustered_pk-7::R3.Corda due to validation error(s): clustered is not allowed on h2
?[m?[37m[INFO] 11:04:35,009 [Test worker] liquibase.info - master.changelog.json: migration/cash.changelog-init.xml::non-clustered_pk-cash::R3.Corda: Skipping changeSet migration/cash.changelog-init.xml::non-clustered_pk-cash::R3.Corda due to validation error(s): clustered is not allowed on h2
?[m?[37m[INFO] 11:04:35,010 [Test worker] liquibase.info - master.changelog.json: migration/commercial-paper.changelog-init.xml::non-clustered_pk-commercial-paper::R3.Corda: Skipping changeSet migration/commercial-paper.changelog-init.xml::non-clustered_pk-commercial-paper::R3.Corda due to validation error(s): clustered is not allowed on h2
?[m?[37m[INFO] 11:04:35,013 [Test worker] liquibase.info - master.changelog.json: migration/node-notary.changelog-pkey.xml::non-clustered_pk-notary_state::R3.Corda: Skipping changeSet migration/node-notary.changelog-pkey.xml::non-clustered_pk-notary_state::R3.Corda due to validation error(s): clustered is not allowed on h2
?[m?[37m[INFO] 11:04:35,021 [Test worker] liquibase.info - master.changelog.json: migration/common.changelog-init.xml::1511451595465-1.1::R3.Corda: Sequence hibernate_sequence created
?[m?[37m[INFO] 11:04:35,022 [Test worker] liquibase.info - master.changelog.json: migration/common.changelog-init.xml::1511451595465-1.1::R3.Corda: ChangeSet migration/common.changelog-init.xml::1511451595465-1.1::R3.Corda ran successfully in 8ms
?[m?[37m[INFO] 11:04:35,033 [Test worker] liquibase.info - master.changelog.json: migration/vault-schema.changelog-init.xml::1511451595465-22::R3.Corda: Table vault_fungible_states created
?[m?[37m[INFO] 11:04:35,033 [Test worker] liquibase.info - master.changelog.json: migration/vault-schema.changelog-init.xml::1511451595465-22::R3.Corda: ChangeSet migration/vault-schema.changelog-init.xml::1511451595465-22::R3.Corda ran successfully in 1ms
?[m?[37m[INFO] 11:04:35,036 [Test worker] liquibase.info - master.changelog.json: migration/vault-schema.changelog-init.xml::1511451595465-23::R3.Corda: Table vault_fungible_states_parts created
?[m?[37m[INFO] 11:04:35,036 [Test worker] liquibase.info - master.changelog.json: migration/vault-schema.changelog-init.xml::1511451595465-23::R3.Corda: ChangeSet migration/vault-schema.changelog-init.xml::1511451595465-23::R3.Corda ran successfully in 1ms
?[m?[37m[INFO] 11:04:35,038 [Test worker] liquibase.info - master.changelog.json: migration/vault-schema.changelog-init.xml::1511451595465-24::R3.Corda: Table vault_linear_states created
?[m?[37m[INFO] 11:04:35,038 [Test worker] liquibase.info - master.changelog.json: migration/vault-schema.changelog-init.xml::1511451595465-24::R3.Corda: ChangeSet migration/vault-schema.changelog-init.xml::1511451595465-24::R3.Corda ran successfully in 1ms
?[m?[37m[INFO] 11:04:35,040 [Test worker] liquibase.info - master.changelog.json: migration/vault-schema.changelog-init.xml::1511451595465-25::R3.Corda: Table vault_linear_states_parts created
?[m?[37m[INFO] 11:04:35,041 [Test worker] liquibase.info - master.changelog.json: migration/vault-schema.changelog-init.xml::1511451595465-25::R3.Corda: ChangeSet migration/vault-schema.changelog-init.xml::1511451595465-25::R3.Corda ran successfully in 1ms
?[m?[37m[INFO] 11:04:35,043 [Test worker] liquibase.info - master.changelog.json: migration/vault-schema.changelog-init.xml::1511451595465-26::R3.Corda: Table vault_states created
?[m?[37m[INFO] 11:04:35,043 [Test worker] liquibase.info - master.changelog.json: migration/vault-schema.changelog-init.xml::1511451595465-26::R3.Corda: ChangeSet migration/vault-schema.changelog-init.xml::1511451595465-26::R3.Corda ran successfully in 1ms
?[m?[37m[INFO] 11:04:35,045 [Test worker] liquibase.info - master.changelog.json: migration/vault-schema.changelog-init.xml::1511451595465-27::R3.Corda: Table vault_transaction_notes created
?[m?[37m[INFO] 11:04:35,045 [Test worker] liquibase.info - master.changelog.json: migration/vault-schema.changelog-init.xml::1511451595465-27::R3.Corda: ChangeSet migration/vault-schema.changelog-init.xml::1511451595465-27::R3.Corda ran successfully in 1ms
?[m?[37m[INFO] 11:04:35,050 [Test worker] liquibase.info - master.changelog.json: migration/vault-schema.changelog-init.xml::1511451595465-47::R3.Corda: Primary key added to vault_fungible_states (output_index, transaction_id)
?[m?[37m[INFO] 11:04:35,050 [Test worker] liquibase.info - master.changelog.json: migration/vault-schema.changelog-init.xml::1511451595465-47::R3.Corda: ChangeSet migration/vault-schema.changelog-init.xml::1511451595465-47::R3.Corda ran successfully in 4ms
?[m?[37m[INFO] 11:04:35,052 [Test worker] liquibase.info - master.changelog.json: migration/vault-schema.changelog-init.xml::1511451595465-48::R3.Corda: Primary key added to vault_linear_states (output_index, transaction_id)
?[m?[37m[INFO] 11:04:35,052 [Test worker] liquibase.info - master.changelog.json: migration/vault-schema.changelog-init.xml::1511451595465-48::R3.Corda: ChangeSet migration/vault-schema.changelog-init.xml::1511451595465-48::R3.Corda ran successfully in 1ms
?[m?[37m[INFO] 11:04:35,054 [Test worker] liquibase.info - master.changelog.json: migration/vault-schema.changelog-init.xml::1511451595465-49::R3.Corda: Primary key added to vault_states (output_index, transaction_id)
?[m?[37m[INFO] 11:04:35,054 [Test worker] liquibase.info - master.changelog.json: migration/vault-schema.changelog-init.xml::1511451595465-49::R3.Corda: ChangeSet migration/vault-schema.changelog-init.xml::1511451595465-49::R3.Corda ran successfully in 1ms
?[m?[37m[INFO] 11:04:35,056 [Test worker] liquibase.info - master.changelog.json: migration/vault-schema.changelog-init.xml::1511451595465-50::R3.Corda: Primary key added to vault_transaction_notes (seq_no)
?[m?[37m[INFO] 11:04:35,056 [Test worker] liquibase.info - master.changelog.json: migration/vault-schema.changelog-init.xml::1511451595465-50::R3.Corda: ChangeSet migration/vault-schema.changelog-init.xml::1511451595465-50::R3.Corda ran successfully in 1ms
?[m?[37m[INFO] 11:04:35,059 [Test worker] liquibase.info - master.changelog.json: migration/vault-schema.changelog-init.xml::1511451595465-53::R3.Corda: Index external_id_index created
?[m?[37m[INFO] 11:04:35,059 [Test worker] liquibase.info - master.changelog.json: migration/vault-schema.changelog-init.xml::1511451595465-53::R3.Corda: ChangeSet migration/vault-schema.changelog-init.xml::1511451595465-53::R3.Corda ran successfully in 2ms
?[m?[37m[INFO] 11:04:35,061 [Test worker] liquibase.info - master.changelog.json: migration/vault-schema.changelog-init.xml::1511451595465-55::R3.Corda: Index lock_id_idx created
?[m?[37m[INFO] 11:04:35,061 [Test worker] liquibase.info - master.changelog.json: migration/vault-schema.changelog-init.xml::1511451595465-55::R3.Corda: ChangeSet migration/vault-schema.changelog-init.xml::1511451595465-55::R3.Corda ran successfully in 1ms
?[m?[37m[INFO] 11:04:35,063 [Test worker] liquibase.info - master.changelog.json: migration/vault-schema.changelog-init.xml::1511451595465-58::R3.Corda: Index state_status_idx created
?[m?[37m[INFO] 11:04:35,064 [Test worker] liquibase.info - master.changelog.json: migration/vault-schema.changelog-init.xml::1511451595465-58::R3.Corda: ChangeSet migration/vault-schema.changelog-init.xml::1511451595465-58::R3.Corda ran successfully in 1ms
?[m?[37m[INFO] 11:04:35,066 [Test worker] liquibase.info - master.changelog.json: migration/vault-schema.changelog-init.xml::1511451595465-59::R3.Corda: Index transaction_id_index created
?[m?[37m[INFO] 11:04:35,066 [Test worker] liquibase.info - master.changelog.json: migration/vault-schema.changelog-init.xml::1511451595465-59::R3.Corda: ChangeSet migration/vault-schema.changelog-init.xml::1511451595465-59::R3.Corda ran successfully in 1ms
?[m?[37m[INFO] 11:04:35,068 [Test worker] liquibase.info - master.changelog.json: migration/vault-schema.changelog-init.xml::1511451595465-60::R3.Corda: Index uuid_index created
?[m?[37m[INFO] 11:04:35,068 [Test worker] liquibase.info - master.changelog.json: migration/vault-schema.changelog-init.xml::1511451595465-60::R3.Corda: ChangeSet migration/vault-schema.changelog-init.xml::1511451595465-60::R3.Corda ran successfully in 1ms
?[m?[37m[INFO] 11:04:35,077 [Test worker] liquibase.info - master.changelog.json: migration/vault-schema.changelog-init.xml::1511451595465-64::R3.Corda: Foreign key constraint added to vault_fungible_states_parts (output_index,transaction_id)
?[m?[37m[INFO] 11:04:35,077 [Test worker] liquibase.info - master.changelog.json: migration/vault-schema.changelog-init.xml::1511451595465-64::R3.Corda: ChangeSet migration/vault-schema.changelog-init.xml::1511451595465-64::R3.Corda ran successfully in 8ms
?[m?[37m[INFO] 11:04:35,080 [Test worker] liquibase.info - master.changelog.json: migration/vault-schema.changelog-init.xml::1511451595465-65::R3.Corda: Foreign key constraint added to vault_linear_states_parts (output_index,transaction_id)
?[m?[37m[INFO] 11:04:35,080 [Test worker] liquibase.info - master.changelog.json: migration/vault-schema.changelog-init.xml::1511451595465-65::R3.Corda: ChangeSet migration/vault-schema.changelog-init.xml::1511451595465-65::R3.Corda ran successfully in 2ms
?[m?[37m[INFO] 11:04:35,082 [Test worker] liquibase.info - master.changelog.json: migration/vault-schema.changelog-v3.xml::clean_vault::R3.Corda: Data deleted from vault_fungible_states_parts
?[m?[37m[INFO] 11:04:35,082 [Test worker] liquibase.info - master.changelog.json: migration/vault-schema.changelog-v3.xml::clean_vault::R3.Corda: Data deleted from vault_fungible_states
?[m?[37m[INFO] 11:04:35,083 [Test worker] liquibase.info - master.changelog.json: migration/vault-schema.changelog-v3.xml::clean_vault::R3.Corda: Data deleted from vault_linear_states_parts
?[m?[37m[INFO] 11:04:35,083 [Test worker] liquibase.info - master.changelog.json: migration/vault-schema.changelog-v3.xml::clean_vault::R3.Corda: Data deleted from vault_linear_states
?[m?[37m[INFO] 11:04:35,083 [Test worker] liquibase.info - master.changelog.json: migration/vault-schema.changelog-v3.xml::clean_vault::R3.Corda: Data deleted from vault_states
?[m?[37m[INFO] 11:04:35,083 [Test worker] liquibase.info - master.changelog.json: migration/vault-schema.changelog-v3.xml::clean_vault::R3.Corda: Data deleted from vault_transaction_notes
?[m?[37m[INFO] 11:04:35,083 [Test worker] liquibase.info - master.changelog.json: migration/vault-schema.changelog-v3.xml::clean_vault::R3.Corda: ChangeSet migration/vault-schema.changelog-v3.xml::clean_vault::R3.Corda ran successfully in 2ms
?[m?[37m[INFO] 11:04:35,088 [Test worker] liquibase.info - master.changelog.json: migration/vault-schema.changelog-v4.xml::nullability::R3.Corda: Null constraint has been added to vault_fungible_states.quantity
?[m?[37m[INFO] 11:04:35,089 [Test worker] liquibase.info - master.changelog.json: migration/vault-schema.changelog-v4.xml::nullability::R3.Corda: Null constraint has been added to vault_states.contract_state_class_name
?[m?[37m[INFO] 11:04:35,089 [Test worker] liquibase.info - master.changelog.json: migration/vault-schema.changelog-v4.xml::nullability::R3.Corda: Null constraint has been added to vault_states.notary_name
?[m?[37m[INFO] 11:04:35,090 [Test worker] liquibase.info - master.changelog.json: migration/vault-schema.changelog-v4.xml::nullability::R3.Corda: Null constraint has been added to vault_states.recorded_timestamp
?[m?[37m[INFO] 11:04:35,092 [Test worker] liquibase.info - master.changelog.json: migration/vault-schema.changelog-v4.xml::nullability::R3.Corda: Index state_status_idx dropped from table vault_states
?[m?[37m[INFO] 11:04:35,093 [Test worker] liquibase.info - master.changelog.json: migration/vault-schema.changelog-v4.xml::nullability::R3.Corda: Index lock_id_idx dropped from table vault_states
?[m?[37m[INFO] 11:04:35,094 [Test worker] liquibase.info - master.changelog.json: migration/vault-schema.changelog-v4.xml::nullability::R3.Corda: Null constraint has been added to vault_states.state_status
?[m?[37m[INFO] 11:04:35,094 [Test worker] liquibase.info - master.changelog.json: migration/vault-schema.changelog-v4.xml::nullability::R3.Corda: Index state_status_idx created
?[m?[37m[INFO] 11:04:35,095 [Test worker] liquibase.info - master.changelog.json: migration/vault-schema.changelog-v4.xml::nullability::R3.Corda: Index lock_id_idx created
?[m?[37m[INFO] 11:04:35,095 [Test worker] liquibase.info - master.changelog.json: migration/vault-schema.changelog-v4.xml::nullability::R3.Corda: Index transaction_id_index dropped from table vault_transaction_notes
?[m?[37m[INFO] 11:04:35,096 [Test worker] liquibase.info - master.changelog.json: migration/vault-schema.changelog-v4.xml::nullability::R3.Corda: Null constraint has been added to vault_transaction_notes.note
?[m?[37m[INFO] 11:04:35,097 [Test worker] liquibase.info - master.changelog.json: migration/vault-schema.changelog-v4.xml::nullability::R3.Corda: Null constraint has been added to vault_transaction_notes.transaction_id
?[m?[37m[INFO] 11:04:35,097 [Test worker] liquibase.info - master.changelog.json: migration/vault-schema.changelog-v4.xml::nullability::R3.Corda: Index transaction_id_index created
?[m?[37m[INFO] 11:04:35,098 [Test worker] liquibase.info - master.changelog.json: migration/vault-schema.changelog-v4.xml::nullability::R3.Corda: ChangeSet migration/vault-schema.changelog-v4.xml::nullability::R3.Corda ran successfully in 12ms
?[m?[37m[INFO] 11:04:35,116 [Test worker] liquibase.info - master.changelog.json: migration/vault-schema.changelog-v5.xml::add_relevancy_status_column::R3.Corda: Columns relevancy_status(INT) added to vault_states
?[m?[37m[INFO] 11:04:35,116 [Test worker] liquibase.info - master.changelog.json: migration/vault-schema.changelog-v5.xml::add_relevancy_status_column::R3.Corda: Data updated in vault_states
?[m?[37m[INFO] 11:04:35,117 [Test worker] liquibase.info - master.changelog.json: migration/vault-schema.changelog-v5.xml::add_relevancy_status_column::R3.Corda: Null constraint has been added to vault_states.relevancy_status
?[m?[37m[INFO] 11:04:35,117 [Test worker] liquibase.info - master.changelog.json: migration/vault-schema.changelog-v5.xml::add_relevancy_status_column::R3.Corda: ChangeSet migration/vault-schema.changelog-v5.xml::add_relevancy_status_column::R3.Corda ran successfully in 13ms
?[m?[37m[INFO] 11:04:35,128 [Test worker] liquibase.info - master.changelog.json: migration/vault-schema.changelog-v6.xml::add_is_constraint_information_columns::R3.Corda: Columns constraint_type(INT) added to vault_states
?[m?[37m[INFO] 11:04:35,133 [Test worker] liquibase.info - master.changelog.json: migration/vault-schema.changelog-v6.xml::add_is_constraint_information_columns::R3.Corda: Columns constraint_data(varbinary(563)) added to vault_states
?[m?[37m[INFO] 11:04:35,134 [Test worker] liquibase.info - master.changelog.json: migration/vault-schema.changelog-v6.xml::add_is_constraint_information_columns::R3.Corda: ChangeSet migration/vault-schema.changelog-v6.xml::add_is_constraint_information_columns::R3.Corda ran successfully in 15ms
?[m?[37m[INFO] 11:04:35,135 [Test worker] liquibase.info - master.changelog.json: migration/vault-schema.changelog-v7.xml::make_issuer_ref_nullable::R3.Corda: Null constraint dropped from vault_fungible_states.issuer_ref
?[m?[37m[INFO] 11:04:35,135 [Test worker] liquibase.info - master.changelog.json: migration/vault-schema.changelog-v7.xml::make_issuer_ref_nullable::R3.Corda: ChangeSet migration/vault-schema.changelog-v7.xml::make_issuer_ref_nullable::R3.Corda ran successfully in 0ms
?[m?[37m[INFO] 11:04:35,137 [Test worker] liquibase.info - master.changelog.json: migration/vault-schema.changelog-v8.xml::create-external-id-to-state-party-view::R3.Corda: Table state_party created
?[m?[37m[INFO] 11:04:35,138 [Test worker] liquibase.info - master.changelog.json: migration/vault-schema.changelog-v8.xml::create-external-id-to-state-party-view::R3.Corda: Index state_pk_hash_idx created
?[m?[37m[INFO] 11:04:35,138 [Test worker] liquibase.info - master.changelog.json: migration/vault-schema.changelog-v8.xml::create-external-id-to-state-party-view::R3.Corda: Table pk_hash_to_ext_id_map created
?[m?[37m[INFO] 11:04:35,139 [Test worker] liquibase.info - master.changelog.json: migration/vault-schema.changelog-v8.xml::create-external-id-to-state-party-view::R3.Corda: Index pk_hash_to_xid_idx created
?[m?[37m[INFO] 11:04:35,142 [Test worker] liquibase.info - master.changelog.json: migration/vault-schema.changelog-v8.xml::create-external-id-to-state-party-view::R3.Corda: View v_pkey_hash_ex_id_map created
?[m?[37m[INFO] 11:04:35,142 [Test worker] liquibase.info - master.changelog.json: migration/vault-schema.changelog-v8.xml::create-external-id-to-state-party-view::R3.Corda: ChangeSet migration/vault-schema.changelog-v8.xml::create-external-id-to-state-party-view::R3.Corda ran successfully in 5ms
?[m?[37m[INFO] 11:04:35,144 [Test worker] liquibase.info - master.changelog.json: migration/node-info.changelog-init.xml::1511451595465-4::R3.Corda: Table node_link_nodeinfo_party created
?[m?[37m[INFO] 11:04:35,144 [Test worker] liquibase.info - master.changelog.json: migration/node-info.changelog-init.xml::1511451595465-4::R3.Corda: ChangeSet migration/node-info.changelog-init.xml::1511451595465-4::R3.Corda ran successfully in 1ms
?[m?[37m[INFO] 11:04:35,146 [Test worker] liquibase.info - master.changelog.json: migration/node-info.changelog-init.xml::1511451595465-10::R3.Corda: Table node_info_hosts created
?[m?[37m[INFO] 11:04:35,146 [Test worker] liquibase.info - master.changelog.json: migration/node-info.changelog-init.xml::1511451595465-10::R3.Corda: ChangeSet migration/node-info.changelog-init.xml::1511451595465-10::R3.Corda ran successfully in 1ms
?[m?[37m[INFO] 11:04:35,148 [Test worker] liquibase.info - master.changelog.json: migration/node-info.changelog-init.xml::1511451595465-11::R3.Corda: Table node_info_party_cert created
?[m?[37m[INFO] 11:04:35,148 [Test worker] liquibase.info - master.changelog.json: migration/node-info.changelog-init.xml::1511451595465-11::R3.Corda: ChangeSet migration/node-info.changelog-init.xml::1511451595465-11::R3.Corda ran successfully in 1ms
?[m?[37m[INFO] 11:04:35,150 [Test worker] liquibase.info - master.changelog.json: migration/node-info.changelog-init.xml::1511451595465-12::R3.Corda: Table node_infos created
?[m?[37m[INFO] 11:04:35,151 [Test worker] liquibase.info - master.changelog.json: migration/node-info.changelog-init.xml::1511451595465-12::R3.Corda: ChangeSet migration/node-info.changelog-init.xml::1511451595465-12::R3.Corda ran successfully in 2ms
?[m?[37m[INFO] 11:04:35,153 [Test worker] liquibase.info - master.changelog.json: migration/node-info.changelog-init.xml::1511451595465-35::R3.Corda: Primary key added to node_info_hosts (host, port)
?[m?[37m[INFO] 11:04:35,153 [Test worker] liquibase.info - master.changelog.json: migration/node-info.changelog-init.xml::1511451595465-35::R3.Corda: ChangeSet migration/node-info.changelog-init.xml::1511451595465-35::R3.Corda ran successfully in 1ms
?[m?[37m[INFO] 11:04:35,156 [Test worker] liquibase.info - master.changelog.json: migration/node-info.changelog-init.xml::1511451595465-36::R3.Corda: Primary key added to node_info_party_cert (party_name)
?[m?[37m[INFO] 11:04:35,156 [Test worker] liquibase.info - master.changelog.json: migration/node-info.changelog-init.xml::1511451595465-36::R3.Corda: ChangeSet migration/node-info.changelog-init.xml::1511451595465-36::R3.Corda ran successfully in 1ms
?[m?[37m[INFO] 11:04:35,158 [Test worker] liquibase.info - master.changelog.json: migration/node-info.changelog-init.xml::1511451595465-37::R3.Corda: Primary key added to node_infos (node_info_id)
?[m?[37m[INFO] 11:04:35,158 [Test worker] liquibase.info - master.changelog.json: migration/node-info.changelog-init.xml::1511451595465-37::R3.Corda: ChangeSet migration/node-info.changelog-init.xml::1511451595465-37::R3.Corda ran successfully in 1ms
?[m?[37m[INFO] 11:04:35,162 [Test worker] liquibase.info - master.changelog.json: migration/node-info.changelog-init.xml::1511451595465-62::R3.Corda: Foreign key constraint added to node_link_nodeinfo_party (node_info_id)
?[m?[37m[INFO] 11:04:35,163 [Test worker] liquibase.info - master.changelog.json: migration/node-info.changelog-init.xml::1511451595465-62::R3.Corda: ChangeSet migration/node-info.changelog-init.xml::1511451595465-62::R3.Corda ran successfully in 2ms
?[m?[37m[INFO] 11:04:35,166 [Test worker] liquibase.info - master.changelog.json: migration/node-info.changelog-init.xml::1511451595465-63::R3.Corda: Foreign key constraint added to node_info_hosts (node_info_id)
?[m?[37m[INFO] 11:04:35,166 [Test worker] liquibase.info - master.changelog.json: migration/node-info.changelog-init.xml::1511451595465-63::R3.Corda: ChangeSet migration/node-info.changelog-init.xml::1511451595465-63::R3.Corda ran successfully in 2ms
?[m?[37m[INFO] 11:04:35,169 [Test worker] liquibase.info - master.changelog.json: migration/node-info.changelog-init.xml::remove_host_port_pk::R3.Corda: Data deleted from node_infos
?[m?[37m[INFO] 11:04:35,169 [Test worker] liquibase.info - master.changelog.json: migration/node-info.changelog-init.xml::remove_host_port_pk::R3.Corda: Data deleted from node_link_nodeinfo_party
?[m?[37m[INFO] 11:04:35,169 [Test worker] liquibase.info - master.changelog.json: migration/node-info.changelog-init.xml::remove_host_port_pk::R3.Corda: Data deleted from node_info_hosts
?[m?[37m[INFO] 11:04:35,170 [Test worker] liquibase.info - master.changelog.json: migration/node-info.changelog-init.xml::remove_host_port_pk::R3.Corda: Data deleted from node_info_party_cert
?[m?[37m[INFO] 11:04:35,171 [Test worker] liquibase.info - master.changelog.json: migration/node-info.changelog-init.xml::remove_host_port_pk::R3.Corda: Primary key dropped from node_info_hosts
?[m?[37m[INFO] 11:04:35,177 [Test worker] liquibase.info - master.changelog.json: migration/node-info.changelog-init.xml::remove_host_port_pk::R3.Corda: Columns hosts_id(INT) added to node_info_hosts
?[m?[37m[INFO] 11:04:35,177 [Test worker] liquibase.info - master.changelog.json: migration/node-info.changelog-init.xml::remove_host_port_pk::R3.Corda: Primary key added to node_info_hosts (hosts_id)
?[m?[37m[INFO] 11:04:35,178 [Test worker] liquibase.info - master.changelog.json: migration/node-info.changelog-init.xml::remove_host_port_pk::R3.Corda: ChangeSet migration/node-info.changelog-init.xml::remove_host_port_pk::R3.Corda ran successfully in 9ms
?[m?[37m[INFO] 11:04:35,180 [Test worker] liquibase.info - master.changelog.json: migration/node-info.changelog-v1.xml::key/value node properties table::R3.Corda: Table node_properties created
?[m?[37m[INFO] 11:04:35,181 [Test worker] liquibase.info - master.changelog.json: migration/node-info.changelog-v1.xml::key/value node properties table::R3.Corda: ChangeSet migration/node-info.changelog-v1.xml::key/value node properties table::R3.Corda ran successfully in 1ms
?[m?[37m[INFO] 11:04:35,183 [Test worker] liquibase.info - master.changelog.json: migration/node-info.changelog-v2.xml::1525962920::R3.Corda: Null constraint has been added to node_infos.node_info_hash
?[m?[37m[INFO] 11:04:35,184 [Test worker] liquibase.info - master.changelog.json: migration/node-info.changelog-v2.xml::1525962920::R3.Corda: Null constraint has been added to node_infos.platform_version
?[m?[37m[INFO] 11:04:35,185 [Test worker] liquibase.info - master.changelog.json: migration/node-info.changelog-v2.xml::1525962920::R3.Corda: Null constraint has been added to node_infos.serial
?[m?[37m[INFO] 11:04:35,186 [Test worker] liquibase.info - master.changelog.json: migration/node-info.changelog-v2.xml::1525962920::R3.Corda: Null constraint dropped from node_info_hosts.host
?[m?[37m[INFO] 11:04:35,187 [Test worker] liquibase.info - master.changelog.json: migration/node-info.changelog-v2.xml::1525962920::R3.Corda: Null constraint dropped from node_info_hosts.port
?[m?[37m[INFO] 11:04:35,188 [Test worker] liquibase.info - master.changelog.json: migration/node-info.changelog-v2.xml::1525962920::R3.Corda: Null constraint has been added to node_info_party_cert.owning_key_hash
?[m?[37m[INFO] 11:04:35,188 [Test worker] liquibase.info - master.changelog.json: migration/node-info.changelog-v2.xml::1525962920::R3.Corda: Null constraint has been added to node_info_party_cert.party_cert_binary
?[m?[37m[INFO] 11:04:35,188 [Test worker] liquibase.info - master.changelog.json: migration/node-info.changelog-v2.xml::1525962920::R3.Corda: ChangeSet migration/node-info.changelog-v2.xml::1525962920::R3.Corda ran successfully in 6ms
?[m?[37m[INFO] 11:04:35,192 [Test worker] liquibase.info - master.changelog.json: migration/node-info.changelog-v3.xml::column_host_name::R3.Corda: Column node_info_hosts.host renamed to host_name
?[m?[37m[INFO] 11:04:35,193 [Test worker] liquibase.info - master.changelog.json: migration/node-info.changelog-v3.xml::column_host_name::R3.Corda: ChangeSet migration/node-info.changelog-v3.xml::column_host_name::R3.Corda ran successfully in 3ms
?[m?[37m[INFO] 11:04:35,195 [Test worker] liquibase.info - master.changelog.json: migration/node-services.changelog-init.xml::1511451595465-5::R3.Corda: Table node_attachments created
?[m?[37m[INFO] 11:04:35,195 [Test worker] liquibase.info - master.changelog.json: migration/node-services.changelog-init.xml::1511451595465-5::R3.Corda: ChangeSet migration/node-services.changelog-init.xml::1511451595465-5::R3.Corda ran successfully in 1ms
?[m?[37m[INFO] 11:04:35,197 [Test worker] liquibase.info - master.changelog.json: migration/node-services.changelog-init.xml::1511451595465-7::R3.Corda: Table node_checkpoints created
?[m?[37m[INFO] 11:04:35,197 [Test worker] liquibase.info - master.changelog.json: migration/node-services.changelog-init.xml::1511451595465-7::R3.Corda: ChangeSet migration/node-services.changelog-init.xml::1511451595465-7::R3.Corda ran successfully in 1ms
?[m?[37m[INFO] 11:04:35,199 [Test worker] liquibase.info - master.changelog.json: migration/node-services.changelog-init.xml::1511451595465-8::R3.Corda: Table node_contract_upgrades created
?[m?[37m[INFO] 11:04:35,199 [Test worker] liquibase.info - master.changelog.json: migration/node-services.changelog-init.xml::1511451595465-8::R3.Corda: ChangeSet migration/node-services.changelog-init.xml::1511451595465-8::R3.Corda ran successfully in 1ms
?[m?[37m[INFO] 11:04:35,201 [Test worker] liquibase.info - master.changelog.json: migration/node-services.changelog-init.xml::1511451595465-9::R3.Corda: Table node_identities created
?[m?[37m[INFO] 11:04:35,202 [Test worker] liquibase.info - master.changelog.json: migration/node-services.changelog-init.xml::1511451595465-9::R3.Corda: ChangeSet migration/node-services.changelog-init.xml::1511451595465-9::R3.Corda ran successfully in 1ms
?[m?[37m[INFO] 11:04:35,203 [Test worker] liquibase.info - master.changelog.json: migration/node-services.changelog-init.xml::1511451595465-13::R3.Corda: Table node_message_ids created
?[m?[37m[INFO] 11:04:35,204 [Test worker] liquibase.info - master.changelog.json: migration/node-services.changelog-init.xml::1511451595465-13::R3.Corda: ChangeSet migration/node-services.changelog-init.xml::1511451595465-13::R3.Corda ran successfully in 1ms
?[m?[37m[INFO] 11:04:35,206 [Test worker] liquibase.info - master.changelog.json: migration/node-services.changelog-init.xml::1511451595465-14::R3.Corda: Table node_message_retry created
?[m?[37m[INFO] 11:04:35,206 [Test worker] liquibase.info - master.changelog.json: migration/node-services.changelog-init.xml::1511451595465-14::R3.Corda: ChangeSet migration/node-services.changelog-init.xml::1511451595465-14::R3.Corda ran successfully in 1ms
?[m?[37m[INFO] 11:04:35,208 [Test worker] liquibase.info - master.changelog.json: migration/node-services.changelog-init.xml::1511451595465-15::R3.Corda: Table node_named_identities created
?[m?[37m[INFO] 11:04:35,208 [Test worker] liquibase.info - master.changelog.json: migration/node-services.changelog-init.xml::1511451595465-15::R3.Corda: ChangeSet migration/node-services.changelog-init.xml::1511451595465-15::R3.Corda ran successfully in 1ms
?[m?[37m[INFO] 11:04:35,210 [Test worker] liquibase.info - master.changelog.json: migration/node-services.changelog-init.xml::1511451595465-17::R3.Corda: Table node_our_key_pairs created
?[m?[37m[INFO] 11:04:35,210 [Test worker] liquibase.info - master.changelog.json: migration/node-services.changelog-init.xml::1511451595465-17::R3.Corda: ChangeSet migration/node-services.changelog-init.xml::1511451595465-17::R3.Corda ran successfully in 1ms
?[m?[37m[INFO] 11:04:35,212 [Test worker] liquibase.info - master.changelog.json: migration/node-services.changelog-init.xml::1511451595465-19::R3.Corda: Table node_scheduled_states created
?[m?[37m[INFO] 11:04:35,212 [Test worker] liquibase.info - master.changelog.json: migration/node-services.changelog-init.xml::1511451595465-19::R3.Corda: ChangeSet migration/node-services.changelog-init.xml::1511451595465-19::R3.Corda ran successfully in 1ms
?[m?[37m[INFO] 11:04:35,214 [Test worker] liquibase.info - master.changelog.json: migration/node-services.changelog-init.xml::1511451595465-20::R3.Corda: Table node_transaction_mappings created
?[m?[37m[INFO] 11:04:35,214 [Test worker] liquibase.info - master.changelog.json: migration/node-services.changelog-init.xml::1511451595465-20::R3.Corda: ChangeSet migration/node-services.changelog-init.xml::1511451595465-20::R3.Corda ran successfully in 0ms
?[m?[37m[INFO] 11:04:35,217 [Test worker] liquibase.info - master.changelog.json: migration/node-services.changelog-init.xml::1511451595465-21::R3.Corda: Table node_transactions created
?[m?[37m[INFO] 11:04:35,217 [Test worker] liquibase.info - master.changelog.json: migration/node-services.changelog-init.xml::1511451595465-21::R3.Corda: ChangeSet migration/node-services.changelog-init.xml::1511451595465-21::R3.Corda ran successfully in 1ms
?[m?[37m[INFO] 11:04:35,219 [Test worker] liquibase.info - master.changelog.json: migration/node-services.changelog-init.xml::1511451595465-30::R3.Corda: Primary key added to node_attachments (att_id)
?[m?[37m[INFO] 11:04:35,219 [Test worker] liquibase.info - master.changelog.json: migration/node-services.changelog-init.xml::1511451595465-30::R3.Corda: ChangeSet migration/node-services.changelog-init.xml::1511451595465-30::R3.Corda ran successfully in 1ms
?[m?[37m[INFO] 11:04:35,221 [Test worker] liquibase.info - master.changelog.json: migration/node-services.changelog-init.xml::1511451595465-32::R3.Corda: Primary key added to node_checkpoints (checkpoint_id)
?[m?[37m[INFO] 11:04:35,222 [Test worker] liquibase.info - master.changelog.json: migration/node-services.changelog-init.xml::1511451595465-32::R3.Corda: ChangeSet migration/node-services.changelog-init.xml::1511451595465-32::R3.Corda ran successfully in 1ms
?[m?[37m[INFO] 11:04:35,224 [Test worker] liquibase.info - master.changelog.json: migration/node-services.changelog-init.xml::1511451595465-33::R3.Corda: Primary key added to node_contract_upgrades (state_ref)
?[m?[37m[INFO] 11:04:35,224 [Test worker] liquibase.info - master.changelog.json: migration/node-services.changelog-init.xml::1511451595465-33::R3.Corda: ChangeSet migration/node-services.changelog-init.xml::1511451595465-33::R3.Corda ran successfully in 1ms
?[m?[37m[INFO] 11:04:35,226 [Test worker] liquibase.info - master.changelog.json: migration/node-services.changelog-init.xml::1511451595465-34::R3.Corda: Primary key added to node_identities (pk_hash)
?[m?[37m[INFO] 11:04:35,226 [Test worker] liquibase.info - master.changelog.json: migration/node-services.changelog-init.xml::1511451595465-34::R3.Corda: ChangeSet migration/node-services.changelog-init.xml::1511451595465-34::R3.Corda ran successfully in 1ms
?[m?[37m[INFO] 11:04:35,229 [Test worker] liquibase.info - master.changelog.json: migration/node-services.changelog-init.xml::1511451595465-38::R3.Corda: Primary key added to node_message_ids (message_id)
?[m?[37m[INFO] 11:04:35,229 [Test worker] liquibase.info - master.changelog.json: migration/node-services.changelog-init.xml::1511451595465-38::R3.Corda: ChangeSet migration/node-services.changelog-init.xml::1511451595465-38::R3.Corda ran successfully in 1ms
?[m?[37m[INFO] 11:04:35,231 [Test worker] liquibase.info - master.changelog.json: migration/node-services.changelog-init.xml::1511451595465-39::R3.Corda: Primary key added to node_message_retry (message_id)
?[m?[37m[INFO] 11:04:35,231 [Test worker] liquibase.info - master.changelog.json: migration/node-services.changelog-init.xml::1511451595465-39::R3.Corda: ChangeSet migration/node-services.changelog-init.xml::1511451595465-39::R3.Corda ran successfully in 1ms
?[m?[37m[INFO] 11:04:35,233 [Test worker] liquibase.info - master.changelog.json: migration/node-services.changelog-init.xml::1511451595465-40::R3.Corda: Primary key added to node_named_identities (name)
?[m?[37m[INFO] 11:04:35,233 [Test worker] liquibase.info - master.changelog.json: migration/node-services.changelog-init.xml::1511451595465-40::R3.Corda: ChangeSet migration/node-services.changelog-init.xml::1511451595465-40::R3.Corda ran successfully in 1ms
?[m?[37m[INFO] 11:04:35,236 [Test worker] liquibase.info - master.changelog.json: migration/node-services.changelog-init.xml::1511451595465-42::R3.Corda: Primary key added to node_our_key_pairs (public_key_hash)
?[m?[37m[INFO] 11:04:35,236 [Test worker] liquibase.info - master.changelog.json: migration/node-services.changelog-init.xml::1511451595465-42::R3.Corda: ChangeSet migration/node-services.changelog-init.xml::1511451595465-42::R3.Corda ran successfully in 1ms
?[m?[37m[INFO] 11:04:35,238 [Test worker] liquibase.info - master.changelog.json: migration/node-services.changelog-init.xml::1511451595465-44::R3.Corda: Primary key added to node_scheduled_states (output_index, transaction_id)
?[m?[37m[INFO] 11:04:35,238 [Test worker] liquibase.info - master.changelog.json: migration/node-services.changelog-init.xml::1511451595465-44::R3.Corda: ChangeSet migration/node-services.changelog-init.xml::1511451595465-44::R3.Corda ran successfully in 1ms
?[m?[37m[INFO] 11:04:35,240 [Test worker] liquibase.info - master.changelog.json: migration/node-services.changelog-init.xml::1511451595465-45::R3.Corda: Primary key added to node_transaction_mappings (tx_id)
?[m?[37m[INFO] 11:04:35,241 [Test worker] liquibase.info - master.changelog.json: migration/node-services.changelog-init.xml::1511451595465-45::R3.Corda: ChangeSet migration/node-services.changelog-init.xml::1511451595465-45::R3.Corda ran successfully in 2ms
?[m?[37m[INFO] 11:04:35,243 [Test worker] liquibase.info - master.changelog.json: migration/node-services.changelog-init.xml::1511451595465-46::R3.Corda: Primary key added to node_transactions (tx_id)
?[m?[37m[INFO] 11:04:35,243 [Test worker] liquibase.info - master.changelog.json: migration/node-services.changelog-init.xml::1511451595465-46::R3.Corda: ChangeSet migration/node-services.changelog-init.xml::1511451595465-46::R3.Corda ran successfully in 1ms
?[m?[37m[INFO] 11:04:35,246 [Test worker] liquibase.info - master.changelog.json: migration/node-services.changelog-init.xml::1511451595465-61::R3.Corda: Foreign key constraint added to node_link_nodeinfo_party (party_name)
?[m?[37m[INFO] 11:04:35,247 [Test worker] liquibase.info - master.changelog.json: migration/node-services.changelog-init.xml::1511451595465-61::R3.Corda: ChangeSet migration/node-services.changelog-init.xml::1511451595465-61::R3.Corda ran successfully in 2ms
?[m?[37m[INFO] 11:04:35,248 [Test worker] liquibase.info - master.changelog.json: migration/node-services.changelog-init.xml::add index att_id::R3.Corda: Index att_id_idx created
?[m?[37m[INFO] 11:04:35,249 [Test worker] liquibase.info - master.changelog.json: migration/node-services.changelog-init.xml::add index att_id::R3.Corda: ChangeSet migration/node-services.changelog-init.xml::add index att_id::R3.Corda ran successfully in 1ms
?[m?[37m[INFO] 11:04:35,251 [Test worker] liquibase.info - master.changelog.json: migration/node-services.changelog-init.xml::add_contract_attachment::R3.Corda: Table node_attchments_contracts created
?[m?[37m[INFO] 11:04:35,252 [Test worker] liquibase.info - master.changelog.json: migration/node-services.changelog-init.xml::add_contract_attachment::R3.Corda: Foreign key constraint added to node_attchments_contracts (att_id)
?[m?[37m[INFO] 11:04:35,253 [Test worker] liquibase.info - master.changelog.json: migration/node-services.changelog-init.xml::add_contract_attachment::R3.Corda: Data deleted from node_attachments
?[m?[37m[INFO] 11:04:35,253 [Test worker] liquibase.info - master.changelog.json: migration/node-services.changelog-init.xml::add_contract_attachment::R3.Corda: ChangeSet migration/node-services.changelog-init.xml::add_contract_attachment::R3.Corda ran successfully in 3ms
?[m?[37m[INFO] 11:04:35,261 [Test worker] liquibase.info - master.changelog.json: migration/node-services.changelog-init.xml::add_dedup_columns::R3.Corda: Columns sender(NVARCHAR(64)),sequence_number(BIGINT) added to node_message_ids
?[m?[37m[INFO] 11:04:35,261 [Test worker] liquibase.info - master.changelog.json: migration/node-services.changelog-init.xml::add_dedup_columns::R3.Corda: ChangeSet migration/node-services.changelog-init.xml::add_dedup_columns::R3.Corda ran successfully in 7ms
?[m?[37m[INFO] 11:04:35,264 [Test worker] liquibase.info - master.changelog.json: migration/node-core.changelog-v4.xml::attchments_rename::R3.Corda: Table node_attchments_contracts renamed to node_attachments_contracts
?[m?[37m[INFO] 11:04:35,264 [Test worker] liquibase.info - master.changelog.json: migration/node-core.changelog-v4.xml::attchments_rename::R3.Corda: ChangeSet migration/node-core.changelog-v4.xml::attchments_rename::R3.Corda ran successfully in 2ms
?[m?[37m[INFO] 11:04:35,266 [Test worker] liquibase.info - master.changelog.json: migration/node-core.changelog-v4.xml::nullability::R3.Corda: Null constraint has been added to node_identities.identity_value
?[m?[37m[INFO] 11:04:35,266 [Test worker] liquibase.info - master.changelog.json: migration/node-core.changelog-v4.xml::nullability::R3.Corda: Null constraint has been added to node_attachments.content
?[m?[37m[INFO] 11:04:35,267 [Test worker] liquibase.info - master.changelog.json: migration/node-core.changelog-v4.xml::nullability::R3.Corda: Null constraint has been added to node_attachments_contracts.contract_class_name
?[m?[37m[INFO] 11:04:35,267 [Test worker] liquibase.info - master.changelog.json: migration/node-core.changelog-v4.xml::nullability::R3.Corda: Null constraint has been added to node_checkpoints.checkpoint_value
?[m?[37m[INFO] 11:04:35,268 [Test worker] liquibase.info - master.changelog.json: migration/node-core.changelog-v4.xml::nullability::R3.Corda: Null constraint has been added to node_contract_upgrades.contract_class_name
?[m?[37m[INFO] 11:04:35,269 [Test worker] liquibase.info - master.changelog.json: migration/node-core.changelog-v4.xml::nullability::R3.Corda: Null constraint has been added to node_message_ids.insertion_time
?[m?[37m[INFO] 11:04:35,269 [Test worker] liquibase.info - master.changelog.json: migration/node-core.changelog-v4.xml::nullability::R3.Corda: Null constraint has been added to node_message_retry.message
?[m?[37m[INFO] 11:04:35,270 [Test worker] liquibase.info - master.changelog.json: migration/node-core.changelog-v4.xml::nullability::R3.Corda: Null constraint has been added to node_message_retry.recipients
?[m?[37m[INFO] 11:04:35,270 [Test worker] liquibase.info - master.changelog.json: migration/node-core.changelog-v4.xml::nullability::R3.Corda: Null constraint has been added to node_named_identities.pk_hash
?[m?[37m[INFO] 11:04:35,271 [Test worker] liquibase.info - master.changelog.json: migration/node-core.changelog-v4.xml::nullability::R3.Corda: Null constraint has been added to node_our_key_pairs.private_key
?[m?[37m[INFO] 11:04:35,271 [Test worker] liquibase.info - master.changelog.json: migration/node-core.changelog-v4.xml::nullability::R3.Corda: Null constraint has been added to node_our_key_pairs.public_key
?[m?[37m[INFO] 11:04:35,272 [Test worker] liquibase.info - master.changelog.json: migration/node-core.changelog-v4.xml::nullability::R3.Corda: Null constraint has been added to node_transaction_mappings.state_machine_run_id
?[m?[37m[INFO] 11:04:35,273 [Test worker] liquibase.info - master.changelog.json: migration/node-core.changelog-v4.xml::nullability::R3.Corda: Null constraint has been added to node_transactions.transaction_value
?[m?[37m[INFO] 11:04:35,273 [Test worker] liquibase.info - master.changelog.json: migration/node-core.changelog-v4.xml::nullability::R3.Corda: ChangeSet migration/node-core.changelog-v4.xml::nullability::R3.Corda ran successfully in 8ms
?[m?[37m[INFO] 11:04:35,278 [Test worker] liquibase.info - master.changelog.json: migration/node-core.changelog-v5.xml::remove_unused_node_message_retry::R3.Corda: Table node_message_retry dropped
?[m?[37m[INFO] 11:04:35,278 [Test worker] liquibase.info - master.changelog.json: migration/node-core.changelog-v5.xml::remove_unused_node_message_retry::R3.Corda: ChangeSet migration/node-core.changelog-v5.xml::remove_unused_node_message_retry::R3.Corda ran successfully in 3ms
?[m?[37m[INFO] 11:04:35,316 [Test worker] liquibase.info - master.changelog.json: migration/node-core.changelog-v8.xml::conditional_attchments_rename::R3.Corda: Marking ChangeSet: migration/node-core.changelog-v8.xml::conditional_attchments_rename::R3.Corda ran despite precondition failure due to onFail='MARK_RAN': 
          master.changelog.json : Table PUBLIC.NODE_ATTCHMENTS_CONTRACTS does not exist

?[m?[37m[INFO] 11:04:35,346 [Test worker] liquibase.info - master.changelog.json: migration/node-core.changelog-v8.xml::conditional_attchments_contracts::R3.Corda: Marking ChangeSet: migration/node-core.changelog-v8.xml::conditional_attchments_contracts::R3.Corda ran despite precondition failure due to onFail='MARK_RAN': 
          master.changelog.json : Table PUBLIC.NODE_ATTACHMENTS_CONTRACT_CLASS_NAME does not exist

?[m?[37m[INFO] 11:04:35,349 [Test worker] liquibase.info - master.changelog.json: migration/node-core.changelog-v8.xml::add_signers::R3.Corda: Table node_attachments_signers created
?[m?[37m[INFO] 11:04:35,351 [Test worker] liquibase.info - master.changelog.json: migration/node-core.changelog-v8.xml::add_signers::R3.Corda: Foreign key constraint added to node_attachments_signers (att_id)
?[m?[37m[INFO] 11:04:35,351 [Test worker] liquibase.info - master.changelog.json: migration/node-core.changelog-v8.xml::add_signers::R3.Corda: ChangeSet migration/node-core.changelog-v8.xml::add_signers::R3.Corda ran successfully in 3ms
?[m?[37m[INFO] 11:04:35,356 [Test worker] liquibase.info - master.changelog.json: migration/node-core.changelog-tx-mapping.xml::add_tx_mapping_column::R3.Corda: Columns state_machine_run_id(NVARCHAR(36)) added to node_transactions
?[m?[37m[INFO] 11:04:35,358 [Test worker] liquibase.info - master.changelog.json: migration/node-core.changelog-tx-mapping.xml::add_tx_mapping_column::R3.Corda: Custom SQL executed
?[m?[37m[INFO] 11:04:35,359 [Test worker] liquibase.info - master.changelog.json: migration/node-core.changelog-tx-mapping.xml::add_tx_mapping_column::R3.Corda: Table node_transaction_mappings dropped
?[m?[37m[INFO] 11:04:35,359 [Test worker] liquibase.info - master.changelog.json: migration/node-core.changelog-tx-mapping.xml::add_tx_mapping_column::R3.Corda: ChangeSet migration/node-core.changelog-tx-mapping.xml::add_tx_mapping_column::R3.Corda ran successfully in 7ms
?[m?[37m[INFO] 11:04:35,361 [Test worker] liquibase.info - master.changelog.json: migration/node-services.changelog-init.xml::add_network_parameters_storage::R3.Corda: Table node_network_parameters created
?[m?[37m[INFO] 11:04:35,361 [Test worker] liquibase.info - master.changelog.json: migration/node-services.changelog-init.xml::add_network_parameters_storage::R3.Corda: ChangeSet migration/node-services.changelog-init.xml::add_network_parameters_storage::R3.Corda ran successfully in 1ms
?[m?[37m[INFO] 11:04:35,363 [Test worker] liquibase.info - master.changelog.json: migration/node-services.changelog-init.xml::network_parameters_pk::R3.Corda: Primary key added to node_network_parameters (hash)
?[m?[37m[INFO] 11:04:35,363 [Test worker] liquibase.info - master.changelog.json: migration/node-services.changelog-init.xml::network_parameters_pk::R3.Corda: ChangeSet migration/node-services.changelog-init.xml::network_parameters_pk::R3.Corda ran successfully in 1ms
?[m?[37m[INFO] 11:04:35,370 [Test worker] liquibase.info - master.changelog.json: migration/node-services.changelog-init.xml::add_version_column::R3.Corda: Columns version(INT) added to node_attachments
?[m?[37m[INFO] 11:04:35,370 [Test worker] liquibase.info - master.changelog.json: migration/node-services.changelog-init.xml::add_version_column::R3.Corda: Custom SQL executed
?[m?[37m[INFO] 11:04:35,371 [Test worker] liquibase.info - master.changelog.json: migration/node-services.changelog-init.xml::add_version_column::R3.Corda: Null constraint has been added to node_attachments.version
?[m?[37m[INFO] 11:04:35,371 [Test worker] liquibase.info - master.changelog.json: migration/node-services.changelog-init.xml::add_version_column::R3.Corda: ChangeSet migration/node-services.changelog-init.xml::add_version_column::R3.Corda ran successfully in 6ms
?[m?[37m[INFO] 11:04:35,372 [Test worker] persistence.AttachmentVersionNumberMigration.execute - Start executing...
?[m?[37m[INFO] 11:04:35,376 [Test worker] persistence.AttachmentVersionNumberMigration.execute - Attachment version creation from whitelisted JARs using network parameters from build/mock-network/20190619-100422.550/nodes/0/network-parameters, whitelistedContractImplementations: {}.
?[m?[37m[INFO] 11:04:35,376 [Test worker] persistence.AttachmentVersionNumberMigration.execute - Attachment version creation from whitelisted JARs skipped, no attachments not found.
?[m?[37m[INFO] 11:04:35,376 [Test worker] liquibase.info - master.changelog.json: migration/node-services.changelog-init.xml::update-version-of-whitelisted-jars::R3.Corda: null
?[m?[37m[INFO] 11:04:35,376 [Test worker] liquibase.info - master.changelog.json: migration/node-services.changelog-init.xml::update-version-of-whitelisted-jars::R3.Corda: ChangeSet migration/node-services.changelog-init.xml::update-version-of-whitelisted-jars::R3.Corda ran successfully in 4ms
?[m?[37m[INFO] 11:04:35,378 [Test worker] liquibase.info - master.changelog.json: migration/node-services.changelog-init.xml::add-new-persitence-table::R3.Corda: Table identities_no_cert created
?[m?[37m[INFO] 11:04:35,378 [Test worker] liquibase.info - master.changelog.json: migration/node-services.changelog-init.xml::add-new-persitence-table::R3.Corda: ChangeSet migration/node-services.changelog-init.xml::add-new-persitence-table::R3.Corda ran successfully in 1ms
?[m?[37m[INFO] 11:04:35,380 [Test worker] migration.PersistentIdentitiesMigration.execute - Migrating persistent identities with certificates table into persistent table with no certificate data.
?[m?[37m[INFO] 11:04:35,433 [Test worker] persistence.HibernateConfiguration.<init> - Init HibernateConfiguration for schemas: [PersistentIdentitiesMigrationSchemaV1(name=net.corda.node.migration.PersistentIdentitiesMigrationSchema, version=1)]
?[m?[37m[INFO] 11:04:35,439 [Test worker] persistence.HibernateConfiguration.makeSessionFactoryForSchemas - Creating session factory for schemas: [PersistentIdentitiesMigrationSchemaV1(name=net.corda.node.migration.PersistentIdentitiesMigrationSchema, version=1)]
?[m?[37m[INFO] 11:04:35,773 [Test worker] hibernate.Version.logVersion - HHH000412: Hibernate Core {5.3.10.Final}
?[m?[37m[INFO] 11:04:35,775 [Test worker] cfg.Environment.<clinit> - HHH000206: hibernate.properties not found
?[m?[37m[INFO] 11:04:35,896 [Test worker] common.Version.<clinit> - HCANN000001: Hibernate Commons Annotations {5.0.4.Final}
?[m?[37m[INFO] 11:04:36,081 [Test worker] internal.ConnectionProviderInitiator.initiateService - HHH000130: Instantiating explicit connection provider: net.corda.nodeapi.internal.persistence.HibernateConfiguration$NodeDatabaseConnectionProvider
?[m?[37m[INFO] 11:04:36,118 [Test worker] dialect.Dialect.<init> - HHH000400: Using dialect: org.hibernate.dialect.H2Dialect
?[m?[37m[INFO] 11:04:36,186 [Test worker] type.BasicTypeRegistry.register - HHH000270: Type registration [materialized_blob] overrides previous : org.hibernate.type.MaterializedBlobType@39773eff
?[m?[37m[INFO] 11:04:37,215 [Test worker] connections.access.getIsolatedConnection - HHH10001501: Connection obtained from JdbcConnectionAccess [org.hibernate.engine.jdbc.env.internal.JdbcEnvironmentInitiator$ConnectionProviderJdbcConnectionAccess@6d22fa43] for (non-JTA) DDL execution was not in auto-commit mode; the Connection 'local transaction' will be committed and the Connection will be set into auto-commit mode.
?[m?[37m[INFO] 11:04:37,308 [Test worker] persistence.HibernateConfiguration.makeSessionFactoryForSchemas - Created session factory for schemas: [PersistentIdentitiesMigrationSchemaV1(name=net.corda.node.migration.PersistentIdentitiesMigrationSchema, version=1)]
?[m?[37m[INFO] 11:04:37,654 [Test worker] internal.QueryTranslatorFactoryInitiator.initiateService - HHH000397: Using ASTQueryTranslatorFactory
?[m?[37m[INFO] 11:04:38,049 [Test worker] liquibase.info - master.changelog.json: migration/node-services.changelog-init.xml::transfer-to-new-persistence-table::R3.Corda: null
?[m?[37m[INFO] 11:04:38,050 [Test worker] liquibase.info - master.changelog.json: migration/node-services.changelog-init.xml::transfer-to-new-persistence-table::R3.Corda: ChangeSet migration/node-services.changelog-init.xml::transfer-to-new-persistence-table::R3.Corda ran successfully in 2671ms
?[m?[37m[INFO] 11:04:38,052 [Test worker] migration.VaultStateMigration.execute - Migrating vault state data to V4 tables
?[m?[37m[INFO] 11:04:38,056 [Test worker] persistence.HibernateConfiguration.<init> - Init HibernateConfiguration for schemas: [VaultMigrationSchemaV1(name=net.corda.node.migration.VaultMigrationSchema, version=1), VaultSchemaV1(name=net.corda.node.services.vault.VaultSchema, version=1)]
?[m?[37m[INFO] 11:04:38,056 [Test worker] persistence.HibernateConfiguration.makeSessionFactoryForSchemas - Creating session factory for schemas: [VaultMigrationSchemaV1(name=net.corda.node.migration.VaultMigrationSchema, version=1), VaultSchemaV1(name=net.corda.node.services.vault.VaultSchema, version=1)]
?[m?[37m[INFO] 11:04:38,061 [Test worker] internal.ConnectionProviderInitiator.initiateService - HHH000130: Instantiating explicit connection provider: net.corda.nodeapi.internal.persistence.HibernateConfiguration$NodeDatabaseConnectionProvider
?[m?[37m[INFO] 11:04:38,061 [Test worker] dialect.Dialect.<init> - HHH000400: Using dialect: org.hibernate.dialect.H2Dialect
?[m?[37m[INFO] 11:04:38,064 [Test worker] type.BasicTypeRegistry.register - HHH000270: Type registration [materialized_blob] overrides previous : org.hibernate.type.MaterializedBlobType@39773eff
?[m?[37m[INFO] 11:04:38,243 [Test worker] connections.access.getIsolatedConnection - HHH10001501: Connection obtained from JdbcConnectionAccess [org.hibernate.engine.jdbc.env.internal.JdbcEnvironmentInitiator$ConnectionProviderJdbcConnectionAccess@746b41a5] for (non-JTA) DDL execution was not in auto-commit mode; the Connection 'local transaction' will be committed and the Connection will be set into auto-commit mode.
?[m?[37m[INFO] 11:04:38,298 [Test worker] persistence.HibernateConfiguration.makeSessionFactoryForSchemas - Created session factory for schemas: [VaultMigrationSchemaV1(name=net.corda.node.migration.VaultMigrationSchema, version=1), VaultSchemaV1(name=net.corda.node.services.vault.VaultSchema, version=1)]
?[m?[37m[INFO] 11:04:38,299 [Test worker] internal.QueryTranslatorFactoryInitiator.initiateService - HHH000397: Using ASTQueryTranslatorFactory
?[m?[37m[INFO] 11:04:38,372 [Test worker] migration.VaultStateMigration.execute - Finished performing vault state data migration for 0 states
?[m?[37m[INFO] 11:04:38,373 [Test worker] liquibase.info - master.changelog.json: migration/vault-schema.changelog-v9.xml::update-vault-states::R3.Corda: null
?[m?[37m[INFO] 11:04:38,373 [Test worker] liquibase.info - master.changelog.json: migration/vault-schema.changelog-v9.xml::update-vault-states::R3.Corda: ChangeSet migration/vault-schema.changelog-v9.xml::update-vault-states::R3.Corda ran successfully in 321ms
?[m?[37m[INFO] 11:04:38,377 [Test worker] liquibase.info - master.changelog.json: migration/cash.changelog-init.xml::1511451595465-2::R3.Corda: Table contract_cash_states created
?[m?[37m[INFO] 11:04:38,378 [Test worker] liquibase.info - master.changelog.json: migration/cash.changelog-init.xml::1511451595465-2::R3.Corda: ChangeSet migration/cash.changelog-init.xml::1511451595465-2::R3.Corda ran successfully in 2ms
?[m?[37m[INFO] 11:04:38,379 [Test worker] liquibase.info - master.changelog.json: migration/cash.changelog-init.xml::1511451595465-28::R3.Corda: Primary key added to contract_cash_states (output_index, transaction_id)
?[m?[37m[INFO] 11:04:38,380 [Test worker] liquibase.info - master.changelog.json: migration/cash.changelog-init.xml::1511451595465-28::R3.Corda: ChangeSet migration/cash.changelog-init.xml::1511451595465-28::R3.Corda ran successfully in 0ms
?[m?[37m[INFO] 11:04:38,381 [Test worker] liquibase.info - master.changelog.json: migration/cash.changelog-init.xml::1511451595465-51::R3.Corda: Index ccy_code_idx created
?[m?[37m[INFO] 11:04:38,382 [Test worker] liquibase.info - master.changelog.json: migration/cash.changelog-init.xml::1511451595465-51::R3.Corda: ChangeSet migration/cash.changelog-init.xml::1511451595465-51::R3.Corda ran successfully in 1ms
?[m?[37m[INFO] 11:04:38,383 [Test worker] liquibase.info - master.changelog.json: migration/cash.changelog-init.xml::1511451595465-57::R3.Corda: Index pennies_idx created
?[m?[37m[INFO] 11:04:38,383 [Test worker] liquibase.info - master.changelog.json: migration/cash.changelog-init.xml::1511451595465-57::R3.Corda: ChangeSet migration/cash.changelog-init.xml::1511451595465-57::R3.Corda ran successfully in 0ms
?[m?[37m[INFO] 11:04:38,387 [Test worker] liquibase.info - master.changelog.json: migration/node-services.changelog-init.xml::1525793504::R3.Corda: Index ccy_code_idx dropped from table contract_cash_states
?[m?[37m[INFO] 11:04:38,388 [Test worker] liquibase.info - master.changelog.json: migration/node-services.changelog-init.xml::1525793504::R3.Corda: Null constraint has been added to contract_cash_states.ccy_code
?[m?[37m[INFO] 11:04:38,388 [Test worker] liquibase.info - master.changelog.json: migration/node-services.changelog-init.xml::1525793504::R3.Corda: Index ccy_code_idx created
?[m?[37m[INFO] 11:04:38,389 [Test worker] liquibase.info - master.changelog.json: migration/node-services.changelog-init.xml::1525793504::R3.Corda: Null constraint has been added to contract_cash_states.issuer_key_hash
?[m?[37m[INFO] 11:04:38,389 [Test worker] liquibase.info - master.changelog.json: migration/node-services.changelog-init.xml::1525793504::R3.Corda: Null constraint has been added to contract_cash_states.issuer_ref
?[m?[37m[INFO] 11:04:38,390 [Test worker] liquibase.info - master.changelog.json: migration/node-services.changelog-init.xml::1525793504::R3.Corda: Index pennies_idx dropped from table contract_cash_states
?[m?[37m[INFO] 11:04:38,390 [Test worker] liquibase.info - master.changelog.json: migration/node-services.changelog-init.xml::1525793504::R3.Corda: Null constraint has been added to contract_cash_states.pennies
?[m?[37m[INFO] 11:04:38,391 [Test worker] liquibase.info - master.changelog.json: migration/node-services.changelog-init.xml::1525793504::R3.Corda: Index pennies_idx created
?[m?[37m[INFO] 11:04:38,391 [Test worker] liquibase.info - master.changelog.json: migration/node-services.changelog-init.xml::1525793504::R3.Corda: ChangeSet migration/node-services.changelog-init.xml::1525793504::R3.Corda ran successfully in 5ms
?[m?[37m[INFO] 11:04:38,394 [Test worker] liquibase.info - master.changelog.json: migration/commercial-paper.changelog-init.xml::1511451595465-3::R3.Corda: Table cp_states created
?[m?[37m[INFO] 11:04:38,394 [Test worker] liquibase.info - master.changelog.json: migration/commercial-paper.changelog-init.xml::1511451595465-3::R3.Corda: ChangeSet migration/commercial-paper.changelog-init.xml::1511451595465-3::R3.Corda ran successfully in 1ms
?[m?[37m[INFO] 11:04:38,396 [Test worker] liquibase.info - master.changelog.json: migration/commercial-paper.changelog-init.xml::1511451595465-29::R3.Corda: Primary key added to cp_states (output_index, transaction_id)
?[m?[37m[INFO] 11:04:38,397 [Test worker] liquibase.info - master.changelog.json: migration/commercial-paper.changelog-init.xml::1511451595465-29::R3.Corda: ChangeSet migration/commercial-paper.changelog-init.xml::1511451595465-29::R3.Corda ran successfully in 1ms
?[m?[37m[INFO] 11:04:38,399 [Test worker] liquibase.info - master.changelog.json: migration/commercial-paper.changelog-init.xml::1511451595465-52::R3.Corda: Index ccy_code_index created
?[m?[37m[INFO] 11:04:38,399 [Test worker] liquibase.info - master.changelog.json: migration/commercial-paper.changelog-init.xml::1511451595465-52::R3.Corda: ChangeSet migration/commercial-paper.changelog-init.xml::1511451595465-52::R3.Corda ran successfully in 1ms
?[m?[37m[INFO] 11:04:38,401 [Test worker] liquibase.info - master.changelog.json: migration/commercial-paper.changelog-init.xml::1511451595465-54::R3.Corda: Index face_value_index created
?[m?[37m[INFO] 11:04:38,401 [Test worker] liquibase.info - master.changelog.json: migration/commercial-paper.changelog-init.xml::1511451595465-54::R3.Corda: ChangeSet migration/commercial-paper.changelog-init.xml::1511451595465-54::R3.Corda ran successfully in 0ms
?[m?[37m[INFO] 11:04:38,403 [Test worker] liquibase.info - master.changelog.json: migration/commercial-paper.changelog-init.xml::1511451595465-56::R3.Corda: Index maturity_index created
?[m?[37m[INFO] 11:04:38,403 [Test worker] liquibase.info - master.changelog.json: migration/commercial-paper.changelog-init.xml::1511451595465-56::R3.Corda: ChangeSet migration/commercial-paper.changelog-init.xml::1511451595465-56::R3.Corda ran successfully in 1ms
?[m?[37m[INFO] 11:04:38,406 [Test worker] liquibase.info - master.changelog.json: migration/commercial-paper.changelog-v1.xml::1525962920::R3.Corda: Index ccy_code_index dropped from table cp_states
?[m?[37m[INFO] 11:04:38,407 [Test worker] liquibase.info - master.changelog.json: migration/commercial-paper.changelog-v1.xml::1525962920::R3.Corda: Null constraint has been added to cp_states.ccy_code
?[m?[37m[INFO] 11:04:38,407 [Test worker] liquibase.info - master.changelog.json: migration/commercial-paper.changelog-v1.xml::1525962920::R3.Corda: Index ccy_code_index created
?[m?[37m[INFO] 11:04:38,408 [Test worker] liquibase.info - master.changelog.json: migration/commercial-paper.changelog-v1.xml::1525962920::R3.Corda: Index face_value_index dropped from table cp_states
?[m?[37m[INFO] 11:04:38,409 [Test worker] liquibase.info - master.changelog.json: migration/commercial-paper.changelog-v1.xml::1525962920::R3.Corda: Null constraint has been added to cp_states.face_value
?[m?[37m[INFO] 11:04:38,409 [Test worker] liquibase.info - master.changelog.json: migration/commercial-paper.changelog-v1.xml::1525962920::R3.Corda: Index face_value_index created
?[m?[37m[INFO] 11:04:38,410 [Test worker] liquibase.info - master.changelog.json: migration/commercial-paper.changelog-v1.xml::1525962920::R3.Corda: Null constraint has been added to cp_states.face_value_issuer_key_hash
?[m?[37m[INFO] 11:04:38,411 [Test worker] liquibase.info - master.changelog.json: migration/commercial-paper.changelog-v1.xml::1525962920::R3.Corda: Null constraint has been added to cp_states.face_value_issuer_ref
?[m?[37m[INFO] 11:04:38,412 [Test worker] liquibase.info - master.changelog.json: migration/commercial-paper.changelog-v1.xml::1525962920::R3.Corda: Null constraint has been added to cp_states.issuance_key_hash
?[m?[37m[INFO] 11:04:38,412 [Test worker] liquibase.info - master.changelog.json: migration/commercial-paper.changelog-v1.xml::1525962920::R3.Corda: Null constraint has been added to cp_states.issuance_ref
?[m?[37m[INFO] 11:04:38,412 [Test worker] liquibase.info - master.changelog.json: migration/commercial-paper.changelog-v1.xml::1525962920::R3.Corda: Index maturity_index dropped from table cp_states
?[m?[37m[INFO] 11:04:38,413 [Test worker] liquibase.info - master.changelog.json: migration/commercial-paper.changelog-v1.xml::1525962920::R3.Corda: Null constraint has been added to cp_states.maturity_instant
?[m?[37m[INFO] 11:04:38,414 [Test worker] liquibase.info - master.changelog.json: migration/commercial-paper.changelog-v1.xml::1525962920::R3.Corda: Index maturity_index created
?[m?[37m[INFO] 11:04:38,414 [Test worker] liquibase.info - master.changelog.json: migration/commercial-paper.changelog-v1.xml::1525962920::R3.Corda: Null constraint has been added to cp_states.owner_key_hash
?[m?[37m[INFO] 11:04:38,415 [Test worker] liquibase.info - master.changelog.json: migration/commercial-paper.changelog-v1.xml::1525962920::R3.Corda: ChangeSet migration/commercial-paper.changelog-v1.xml::1525962920::R3.Corda ran successfully in 9ms
?[m?[37m[INFO] 11:04:38,418 [Test worker] liquibase.info - master.changelog.json: migration/node-services.changelog-init.xml::1511451595465-16::R3.Corda: Table node_notary_committed_states created
?[m?[37m[INFO] 11:04:38,418 [Test worker] liquibase.info - master.changelog.json: migration/node-services.changelog-init.xml::1511451595465-16::R3.Corda: ChangeSet migration/node-services.changelog-init.xml::1511451595465-16::R3.Corda ran successfully in 1ms
?[m?[37m[INFO] 11:04:38,420 [Test worker] liquibase.info - master.changelog.json: migration/node-services.changelog-init.xml::1521131680317-17::R3.Corda: Table node_notary_request_log created
?[m?[37m[INFO] 11:04:38,420 [Test worker] liquibase.info - master.changelog.json: migration/node-services.changelog-init.xml::1521131680317-17::R3.Corda: ChangeSet migration/node-services.changelog-init.xml::1521131680317-17::R3.Corda ran successfully in 1ms
?[m?[37m[INFO] 11:04:38,423 [Test worker] liquibase.info - master.changelog.json: migration/node-services.changelog-init.xml::1511451595465-41::R3.Corda: Primary key added to node_notary_committed_states (output_index, transaction_id)
?[m?[37m[INFO] 11:04:38,423 [Test worker] liquibase.info - master.changelog.json: migration/node-services.changelog-init.xml::1511451595465-41::R3.Corda: ChangeSet migration/node-services.changelog-init.xml::1511451595465-41::R3.Corda ran successfully in 1ms
?[m?[37m[INFO] 11:04:38,425 [Test worker] liquibase.info - master.changelog.json: migration/node-services.changelog-init.xml::1521131680317-48::R3.Corda: Primary key added to node_notary_request_log (id)
?[m?[37m[INFO] 11:04:38,425 [Test worker] liquibase.info - master.changelog.json: migration/node-services.changelog-init.xml::1521131680317-48::R3.Corda: ChangeSet migration/node-services.changelog-init.xml::1521131680317-48::R3.Corda ran successfully in 1ms
?[m?[37m[INFO] 11:04:38,427 [Test worker] liquibase.info - master.changelog.json: migration/node-services.changelog-init.xml::nullability::R3.Corda: Null constraint has been added to node_notary_committed_states.consuming_transaction_id
?[m?[37m[INFO] 11:04:38,427 [Test worker] liquibase.info - master.changelog.json: migration/node-services.changelog-init.xml::nullability::R3.Corda: ChangeSet migration/node-services.changelog-init.xml::nullability::R3.Corda ran successfully in 1ms
?[m?[37m[INFO] 11:04:38,448 [Test worker] liquibase.info - master.changelog.json: migration/node-notary.changelog-v2.xml::rename-table-notary-commit-log::R3.Corda: Marking ChangeSet: migration/node-notary.changelog-v2.xml::rename-table-notary-commit-log::R3.Corda ran despite precondition failure due to onFail='MARK_RAN': 
          master.changelog.json : Table PUBLIC.node_notary_commit_log does not exist

?[m?[37m[INFO] 11:04:38,452 [Test worker] liquibase.info - master.changelog.json: migration/node-notary.changelog-v2.xml::create-notary-request-log-table::R3.Corda: Marking ChangeSet: migration/node-notary.changelog-v2.xml::create-notary-request-log-table::R3.Corda ran despite precondition failure due to onFail='MARK_RAN': 
          master.changelog.json : Not precondition failed

?[m?[37m[INFO] 11:04:38,455 [Test worker] liquibase.info - master.changelog.json: migration/node-notary.changelog-committed-transactions-table.xml::create-notary-committed-transactions-table::R3.Corda: Table node_notary_committed_txs created
?[m?[37m[INFO] 11:04:38,455 [Test worker] liquibase.info - master.changelog.json: migration/node-notary.changelog-committed-transactions-table.xml::create-notary-committed-transactions-table::R3.Corda: Primary key added to node_notary_committed_txs (transaction_id)
?[m?[37m[INFO] 11:04:38,456 [Test worker] liquibase.info - master.changelog.json: migration/node-notary.changelog-committed-transactions-table.xml::create-notary-committed-transactions-table::R3.Corda: ChangeSet migration/node-notary.changelog-committed-transactions-table.xml::create-notary-committed-transactions-table::R3.Corda ran successfully in 1ms
?[m?[37m[INFO] 11:04:38,458 [Test worker] liquibase.info - Successfully released change log lock
?[m?[37m[INFO] 11:04:38,461 [Test worker] internal.InternalMockNetwork$MockNode.invoke - Connected to H2 database.
?[m?[37m[INFO] 11:04:38,479 [Test worker] persistence.HibernateConfiguration.<init> - Init HibernateConfiguration for schemas: [CommonSchemaV1(name=net.corda.core.schemas.CommonSchema, version=1), VaultSchemaV1(name=net.corda.node.services.vault.VaultSchema, version=1), NodeInfoSchemaV1(name=net.corda.node.internal.schemas.NodeInfoSchema, version=1), NodeCoreV1(name=net.corda.node.services.schema.NodeSchemaService$NodeCore, version=1), CashSchemaV1(name=net.corda.finance.schemas.CashSchema, version=1), CommercialPaperSchemaV1(name=net.corda.finance.schemas.CommercialPaperSchema, version=1), NodeNotarySchemaV1(name=net.corda.node.services.transactions.NodeNotarySchema, version=1)]
?[m?[37m[INFO] 11:04:38,479 [Test worker] persistence.HibernateConfiguration.makeSessionFactoryForSchemas - Creating session factory for schemas: [CommonSchemaV1(name=net.corda.core.schemas.CommonSchema, version=1), VaultSchemaV1(name=net.corda.node.services.vault.VaultSchema, version=1), NodeInfoSchemaV1(name=net.corda.node.internal.schemas.NodeInfoSchema, version=1), NodeCoreV1(name=net.corda.node.services.schema.NodeSchemaService$NodeCore, version=1), CashSchemaV1(name=net.corda.finance.schemas.CashSchema, version=1), CommercialPaperSchemaV1(name=net.corda.finance.schemas.CommercialPaperSchema, version=1), NodeNotarySchemaV1(name=net.corda.node.services.transactions.NodeNotarySchema, version=1)]
?[m?[37m[INFO] 11:04:38,484 [Test worker] internal.ConnectionProviderInitiator.initiateService - HHH000130: Instantiating explicit connection provider: net.corda.nodeapi.internal.persistence.HibernateConfiguration$NodeDatabaseConnectionProvider
?[m?[37m[INFO] 11:04:38,485 [Test worker] dialect.Dialect.<init> - HHH000400: Using dialect: org.hibernate.dialect.H2Dialect
?[m?[37m[INFO] 11:04:38,488 [Test worker] type.BasicTypeRegistry.register - HHH000270: Type registration [materialized_blob] overrides previous : org.hibernate.type.MaterializedBlobType@39773eff
?[m?[37m[INFO] 11:04:38,685 [Test worker] connections.access.getIsolatedConnection - HHH10001501: Connection obtained from JdbcConnectionAccess [org.hibernate.engine.jdbc.env.internal.JdbcEnvironmentInitiator$ConnectionProviderJdbcConnectionAccess@4bb3b9f] for (non-JTA) DDL execution was not in auto-commit mode; the Connection 'local transaction' will be committed and the Connection will be set into auto-commit mode.
?[m?[37m[INFO] 11:04:38,738 [Test worker] persistence.HibernateConfiguration.makeSessionFactoryForSchemas - Created session factory for schemas: [CommonSchemaV1(name=net.corda.core.schemas.CommonSchema, version=1), VaultSchemaV1(name=net.corda.node.services.vault.VaultSchema, version=1), NodeInfoSchemaV1(name=net.corda.node.internal.schemas.NodeInfoSchema, version=1), NodeCoreV1(name=net.corda.node.services.schema.NodeSchemaService$NodeCore, version=1), CashSchemaV1(name=net.corda.finance.schemas.CashSchema, version=1), CommercialPaperSchemaV1(name=net.corda.finance.schemas.CommercialPaperSchema, version=1), NodeNotarySchemaV1(name=net.corda.node.services.transactions.NodeNotarySchema, version=1)]
?[m?[37m[INFO] 11:04:38,740 [Test worker] internal.QueryTranslatorFactoryInitiator.initiateService - HHH000397: Using ASTQueryTranslatorFactory
?[m?[37m[INFO] 11:04:38,748 [Test worker] internal.InternalMockNetwork$MockNode.updateNodeInfo - Node-info has changed so submitting update. Old node-info was null
?[m?[37m[INFO] 11:04:38,748 [Test worker] network.PersistentNetworkMapCache.addNode - Adding node with info: NodeInfo(addresses=[mock.node:1000], legalIdentitiesAndCerts=[O=Notary Service, L=Zurich, C=CH], platformVersion=5, serial=1560938678748)
?[m?[37m[INFO] 11:04:38,753 [Test worker] network.PersistentNetworkMapCache.addNode - No previous node found
?[m?[37m[INFO] 11:04:38,909 [Test worker] internal.InternalMockNetwork$MockNode.updateNodeInfo - New node-info: NodeInfo(addresses=[mock.node:1000], legalIdentitiesAndCerts=[O=Notary Service, L=Zurich, C=CH], platformVersion=5, serial=1560938678748)
?[m?[37m[INFO] 11:04:38,968 [Test worker] network.NetworkMapUpdater.apply - Auto-accept enabled for network parameter changes which modify only: [epoch, modifiedTime, packageOwnership, whitelistedContractImplementations]
?[m?[37m[INFO] 11:04:38,990 [MockNode-1-2] network.PersistentNetworkMapCache.addNode - Adding node with info: NodeInfo(addresses=[mock.node:1000], legalIdentitiesAndCerts=[O=Notary Service, L=Zurich, C=CH], platformVersion=5, serial=1560938678748)
?[m?[31m[WARN] 11:04:39,002 [Test worker] utilities.AppendOnlyPersistentMapBase.set - Double insert in net.corda.node.utilities.AppendOnlyPersistentMap for entity class class net.corda.node.services.identity.PersistentIdentityService$PersistentIdentityNames key O=Notary Service, L=Zurich, C=CH, not inserting the second time
?[m?[37m[INFO] 11:04:39,022 [MockNode-1-2] network.PersistentNetworkMapCache.addNode - Previous node was identical to incoming one - doing nothing
?[m?[37m[INFO] 11:04:39,043 [Test worker] ClassloaderUtils.logElapsedTime - Contracts loading for '/var/folders/1r/w2pkkn4n22qdmrtblzd5t0200000gp/T/attachment8419324586598782185.jar' took 27 msec
?[m?[37m[INFO] 11:04:39,087 [Test worker] persistence.NodeAttachmentService.invoke - Stored new attachment: id=C2F26FA5BD1C5A3BAF4F109838BD28196CED189F51176C80FCD8858A5E55E45F uploader=app filename=null
?[m?[37m[INFO] 11:04:39,093 [Test worker] utilities.NotaryLoader.loadService - Starting notary service: class net.corda.node.services.transactions.SimpleNotaryService
?[m?[37m[INFO] 11:04:39,096 [Test worker] notary.SinglePartyNotaryService.<init> - Starting notary in validating mode
?[m?[37m[INFO] 11:04:39,123 [Test worker] cordapp.CordappConfigFileProvider.getConfigByName - Found config for cordapp corda-finance-workflows-5.0-SNAPSHOT-WILLH in build/mock-network/20190619-100422.550/nodes/0/cordapps/config/corda-finance-workflows-5.0-SNAPSHOT-WILLH.conf
?[m?[37m[INFO] 11:04:39,173 [Test worker] internal.InternalMockNetwork$MockNode.installCordaService - Installed net.corda.finance.internal.ConfigHolder Corda service
?[m?[37m[INFO] 11:04:39,515 [Test worker] statemachine.SingleThreadedStateMachineManager.invoke - Node ready, info: NodeInfo(addresses=[mock.node:1000], legalIdentitiesAndCerts=[O=Notary Service, L=Zurich, C=CH], platformVersion=5, serial=1560938678748)
?[m?[37m[INFO] 11:04:39,545 [Test worker] network.PersistentNetworkMapCache.addNode - Adding node with info: NodeInfo(addresses=[mock.node:1000], legalIdentitiesAndCerts=[O=Notary Service, L=Zurich, C=CH], platformVersion=5, serial=1560938678748)
?[m?[37m[INFO] 11:04:39,546 [Test worker] network.PersistentNetworkMapCache.addNode - Previous node was identical to incoming one - doing nothing
?[m?[37m[INFO] 11:04:39,547 [Test worker] network.PersistentNetworkMapCache.addNode - Adding node with info: NodeInfo(addresses=[mock.node:1000], legalIdentitiesAndCerts=[O=Notary Service, L=Zurich, C=CH], platformVersion=5, serial=1560938678748)
?[m?[37m[INFO] 11:04:39,547 [Test worker] network.PersistentNetworkMapCache.addNode - Previous node was identical to incoming one - doing nothing
?[m?[37m[INFO] 11:04:39,555 [Test worker] cordapp.JarScanningCordappLoader.fromDirectories - Looking for CorDapps in [build/mock-network/20190619-100422.550/nodes/1/cordapps]
?[m?[37m[INFO] 11:04:39,556 [Test worker] cordapp.JarScanningCordappLoader.<init> - Loading CorDapps from RestrictedURL(url=file:/Users/williamhester/Desktop/Applications/confidential-identities/workflows/build/mock-network/20190619-100422.550/nodes/1/cordapps/corda-finance-contracts-5.0-SNAPSHOT-WILLH.jar, rootPackageName=null), RestrictedURL(url=file:/Users/williamhester/Desktop/Applications/confidential-identities/workflows/build/mock-network/20190619-100422.550/nodes/1/cordapps/corda-finance-workflows-5.0-SNAPSHOT-WILLH.jar, rootPackageName=null)
?[m?[37m[INFO] 11:04:39,556 [Test worker] cordapp.JarScanningCordappLoader.scanCordapp - Scanning CorDapp in file:/Users/williamhester/Desktop/Applications/confidential-identities/workflows/build/mock-network/20190619-100422.550/nodes/1/cordapps/corda-finance-contracts-5.0-SNAPSHOT-WILLH.jar
?[m?[37m[INFO] 11:04:39,587 [Test worker] cordapp.JarScanningCordappLoader.scanCordapp - Scanning CorDapp in file:/Users/williamhester/Desktop/Applications/confidential-identities/workflows/build/mock-network/20190619-100422.550/nodes/1/cordapps/corda-finance-workflows-5.0-SNAPSHOT-WILLH.jar
?[m?[37m[INFO] 11:04:39,624 [Test worker] internal.InternalMockNetwork$MockNode.start - Node starting up ...
?[m?[37m[INFO] 11:04:39,670 [Test worker] internal.NodeFlowManager.registerInitiatedFlow - Registered net.corda.finance.flows.CashExitFlow to initiate net.corda.finance.flows.CashExitResponderFlow (version 1)
?[m?[37m[INFO] 11:04:39,671 [Test worker] internal.NodeFlowManager.registerInitiatedFlow - Registered net.corda.finance.flows.CashPaymentFlow to initiate net.corda.finance.flows.CashPaymentReceiverFlow (version 1)
?[m?[37m[INFO] 11:04:39,674 [Test worker] internal.InternalMockNetwork$MockNode.start - Loaded network parameters: NetworkParameters {
      minimumPlatformVersion=1
      notaries=[NotaryInfo(identity=O=Notary Service, L=Zurich, C=CH, validating=true)]
      maxMessageSize=10485760
      maxTransactionSize=524288000
      whitelistedContractImplementations {
        
      }
      eventHorizon=PT720H
      packageOwnership {
        
      }
      modifiedTime=2019-06-19T10:04:22.550Z
      epoch=1
  }
?[m?[37m[INFO] 11:04:39,674 [Test worker] hikari.HikariDataSource.<init> - HikariPool-2 - Started.
?[m?[37m[INFO] 11:04:39,919 [Test worker] liquibase.info - Creating database history table with name: PUBLIC.DATABASECHANGELOG
?[m?[37m[INFO] 11:04:39,922 [Test worker] liquibase.info - Reading from PUBLIC.DATABASECHANGELOG
?[m?[37m[INFO] 11:04:39,932 [Test worker] liquibase.info - master.changelog.json: migration/vault-schema.changelog-pkey.xml::non-clustered_pk-11::R3.Corda: Skipping changeSet migration/vault-schema.changelog-pkey.xml::non-clustered_pk-11::R3.Corda due to validation error(s): clustered is not allowed on h2
?[m?[37m[INFO] 11:04:39,934 [Test worker] liquibase.info - master.changelog.json: migration/vault-schema.changelog-pkey.xml::non-clustered_pk-12::R3.Corda: Skipping changeSet migration/vault-schema.changelog-pkey.xml::non-clustered_pk-12::R3.Corda due to validation error(s): clustered is not allowed on h2
?[m?[37m[INFO] 11:04:39,934 [Test worker] liquibase.info - master.changelog.json: migration/vault-schema.changelog-pkey.xml::non-clustered_pk-13::R3.Corda: Skipping changeSet migration/vault-schema.changelog-pkey.xml::non-clustered_pk-13::R3.Corda due to validation error(s): clustered is not allowed on h2
?[m?[37m[INFO] 11:04:39,950 [Test worker] liquibase.info - master.changelog.json: migration/node-core.changelog-pkey.xml::non-clustered_pk-1::R3.Corda: Skipping changeSet migration/node-core.changelog-pkey.xml::non-clustered_pk-1::R3.Corda due to validation error(s): clustered is not allowed on h2
?[m?[37m[INFO] 11:04:39,950 [Test worker] liquibase.info - master.changelog.json: migration/node-core.changelog-pkey.xml::non-clustered_pk-2::R3.Corda: Skipping changeSet migration/node-core.changelog-pkey.xml::non-clustered_pk-2::R3.Corda due to validation error(s): clustered is not allowed on h2
?[m?[37m[INFO] 11:04:39,950 [Test worker] liquibase.info - master.changelog.json: migration/node-core.changelog-pkey.xml::non-clustered_pk-3::R3.Corda: Skipping changeSet migration/node-core.changelog-pkey.xml::non-clustered_pk-3::R3.Corda due to validation error(s): clustered is not allowed on h2
?[m?[37m[INFO] 11:04:39,951 [Test worker] liquibase.info - master.changelog.json: migration/node-core.changelog-pkey.xml::non-clustered_pk-4::R3.Corda: Skipping changeSet migration/node-core.changelog-pkey.xml::non-clustered_pk-4::R3.Corda due to validation error(s): clustered is not allowed on h2
?[m?[37m[INFO] 11:04:39,951 [Test worker] liquibase.info - master.changelog.json: migration/node-core.changelog-pkey.xml::non-clustered_pk-5::R3.Corda: Skipping changeSet migration/node-core.changelog-pkey.xml::non-clustered_pk-5::R3.Corda due to validation error(s): clustered is not allowed on h2
?[m?[37m[INFO] 11:04:39,951 [Test worker] liquibase.info - master.changelog.json: migration/node-core.changelog-pkey.xml::non-clustered_pk-6::R3.Corda: Skipping changeSet migration/node-core.changelog-pkey.xml::non-clustered_pk-6::R3.Corda due to validation error(s): clustered is not allowed on h2
?[m?[37m[INFO] 11:04:39,952 [Test worker] liquibase.info - master.changelog.json: migration/node-core.changelog-pkey.xml::non-clustered_pk-7::R3.Corda: Skipping changeSet migration/node-core.changelog-pkey.xml::non-clustered_pk-7::R3.Corda due to validation error(s): clustered is not allowed on h2
?[m?[37m[INFO] 11:04:39,956 [Test worker] liquibase.info - master.changelog.json: migration/cash.changelog-init.xml::non-clustered_pk-cash::R3.Corda: Skipping changeSet migration/cash.changelog-init.xml::non-clustered_pk-cash::R3.Corda due to validation error(s): clustered is not allowed on h2
?[m?[37m[INFO] 11:04:39,959 [Test worker] liquibase.info - master.changelog.json: migration/commercial-paper.changelog-init.xml::non-clustered_pk-commercial-paper::R3.Corda: Skipping changeSet migration/commercial-paper.changelog-init.xml::non-clustered_pk-commercial-paper::R3.Corda due to validation error(s): clustered is not allowed on h2
?[m?[37m[INFO] 11:04:39,963 [Test worker] liquibase.info - Successfully acquired change log lock
?[m?[37m[INFO] 11:04:39,965 [Test worker] liquibase.info - master.changelog.json: migration/vault-schema.changelog-pkey.xml::non-clustered_pk-11::R3.Corda: Skipping changeSet migration/vault-schema.changelog-pkey.xml::non-clustered_pk-11::R3.Corda due to validation error(s): clustered is not allowed on h2
?[m?[37m[INFO] 11:04:39,966 [Test worker] liquibase.info - master.changelog.json: migration/vault-schema.changelog-pkey.xml::non-clustered_pk-12::R3.Corda: Skipping changeSet migration/vault-schema.changelog-pkey.xml::non-clustered_pk-12::R3.Corda due to validation error(s): clustered is not allowed on h2
?[m?[37m[INFO] 11:04:39,966 [Test worker] liquibase.info - master.changelog.json: migration/vault-schema.changelog-pkey.xml::non-clustered_pk-13::R3.Corda: Skipping changeSet migration/vault-schema.changelog-pkey.xml::non-clustered_pk-13::R3.Corda due to validation error(s): clustered is not allowed on h2
?[m?[37m[INFO] 11:04:39,970 [Test worker] liquibase.info - master.changelog.json: migration/node-core.changelog-pkey.xml::non-clustered_pk-1::R3.Corda: Skipping changeSet migration/node-core.changelog-pkey.xml::non-clustered_pk-1::R3.Corda due to validation error(s): clustered is not allowed on h2
?[m?[37m[INFO] 11:04:39,970 [Test worker] liquibase.info - master.changelog.json: migration/node-core.changelog-pkey.xml::non-clustered_pk-2::R3.Corda: Skipping changeSet migration/node-core.changelog-pkey.xml::non-clustered_pk-2::R3.Corda due to validation error(s): clustered is not allowed on h2
?[m?[37m[INFO] 11:04:39,970 [Test worker] liquibase.info - master.changelog.json: migration/node-core.changelog-pkey.xml::non-clustered_pk-3::R3.Corda: Skipping changeSet migration/node-core.changelog-pkey.xml::non-clustered_pk-3::R3.Corda due to validation error(s): clustered is not allowed on h2
?[m?[37m[INFO] 11:04:39,971 [Test worker] liquibase.info - master.changelog.json: migration/node-core.changelog-pkey.xml::non-clustered_pk-4::R3.Corda: Skipping changeSet migration/node-core.changelog-pkey.xml::non-clustered_pk-4::R3.Corda due to validation error(s): clustered is not allowed on h2
?[m?[37m[INFO] 11:04:39,971 [Test worker] liquibase.info - master.changelog.json: migration/node-core.changelog-pkey.xml::non-clustered_pk-5::R3.Corda: Skipping changeSet migration/node-core.changelog-pkey.xml::non-clustered_pk-5::R3.Corda due to validation error(s): clustered is not allowed on h2
?[m?[37m[INFO] 11:04:39,971 [Test worker] liquibase.info - master.changelog.json: migration/node-core.changelog-pkey.xml::non-clustered_pk-6::R3.Corda: Skipping changeSet migration/node-core.changelog-pkey.xml::non-clustered_pk-6::R3.Corda due to validation error(s): clustered is not allowed on h2
?[m?[37m[INFO] 11:04:39,971 [Test worker] liquibase.info - master.changelog.json: migration/node-core.changelog-pkey.xml::non-clustered_pk-7::R3.Corda: Skipping changeSet migration/node-core.changelog-pkey.xml::non-clustered_pk-7::R3.Corda due to validation error(s): clustered is not allowed on h2
?[m?[37m[INFO] 11:04:39,973 [Test worker] liquibase.info - master.changelog.json: migration/cash.changelog-init.xml::non-clustered_pk-cash::R3.Corda: Skipping changeSet migration/cash.changelog-init.xml::non-clustered_pk-cash::R3.Corda due to validation error(s): clustered is not allowed on h2
?[m?[37m[INFO] 11:04:39,974 [Test worker] liquibase.info - master.changelog.json: migration/commercial-paper.changelog-init.xml::non-clustered_pk-commercial-paper::R3.Corda: Skipping changeSet migration/commercial-paper.changelog-init.xml::non-clustered_pk-commercial-paper::R3.Corda due to validation error(s): clustered is not allowed on h2
?[m?[37m[INFO] 11:04:39,975 [Test worker] liquibase.info - master.changelog.json: migration/common.changelog-init.xml::1511451595465-1.1::R3.Corda: Sequence hibernate_sequence created
?[m?[37m[INFO] 11:04:39,976 [Test worker] liquibase.info - master.changelog.json: migration/common.changelog-init.xml::1511451595465-1.1::R3.Corda: ChangeSet migration/common.changelog-init.xml::1511451595465-1.1::R3.Corda ran successfully in 1ms
?[m?[37m[INFO] 11:04:39,978 [Test worker] liquibase.info - master.changelog.json: migration/vault-schema.changelog-init.xml::1511451595465-22::R3.Corda: Table vault_fungible_states created
?[m?[37m[INFO] 11:04:39,978 [Test worker] liquibase.info - master.changelog.json: migration/vault-schema.changelog-init.xml::1511451595465-22::R3.Corda: ChangeSet migration/vault-schema.changelog-init.xml::1511451595465-22::R3.Corda ran successfully in 1ms
?[m?[37m[INFO] 11:04:39,980 [Test worker] liquibase.info - master.changelog.json: migration/vault-schema.changelog-init.xml::1511451595465-23::R3.Corda: Table vault_fungible_states_parts created
?[m?[37m[INFO] 11:04:39,980 [Test worker] liquibase.info - master.changelog.json: migration/vault-schema.changelog-init.xml::1511451595465-23::R3.Corda: ChangeSet migration/vault-schema.changelog-init.xml::1511451595465-23::R3.Corda ran successfully in 1ms
?[m?[37m[INFO] 11:04:39,981 [Test worker] liquibase.info - master.changelog.json: migration/vault-schema.changelog-init.xml::1511451595465-24::R3.Corda: Table vault_linear_states created
?[m?[37m[INFO] 11:04:39,981 [Test worker] liquibase.info - master.changelog.json: migration/vault-schema.changelog-init.xml::1511451595465-24::R3.Corda: ChangeSet migration/vault-schema.changelog-init.xml::1511451595465-24::R3.Corda ran successfully in 0ms
?[m?[37m[INFO] 11:04:39,983 [Test worker] liquibase.info - master.changelog.json: migration/vault-schema.changelog-init.xml::1511451595465-25::R3.Corda: Table vault_linear_states_parts created
?[m?[37m[INFO] 11:04:39,983 [Test worker] liquibase.info - master.changelog.json: migration/vault-schema.changelog-init.xml::1511451595465-25::R3.Corda: ChangeSet migration/vault-schema.changelog-init.xml::1511451595465-25::R3.Corda ran successfully in 1ms
?[m?[37m[INFO] 11:04:39,985 [Test worker] liquibase.info - master.changelog.json: migration/vault-schema.changelog-init.xml::1511451595465-26::R3.Corda: Table vault_states created
?[m?[37m[INFO] 11:04:39,985 [Test worker] liquibase.info - master.changelog.json: migration/vault-schema.changelog-init.xml::1511451595465-26::R3.Corda: ChangeSet migration/vault-schema.changelog-init.xml::1511451595465-26::R3.Corda ran successfully in 1ms
?[m?[37m[INFO] 11:04:39,987 [Test worker] liquibase.info - master.changelog.json: migration/vault-schema.changelog-init.xml::1511451595465-27::R3.Corda: Table vault_transaction_notes created
?[m?[37m[INFO] 11:04:39,987 [Test worker] liquibase.info - master.changelog.json: migration/vault-schema.changelog-init.xml::1511451595465-27::R3.Corda: ChangeSet migration/vault-schema.changelog-init.xml::1511451595465-27::R3.Corda ran successfully in 1ms
?[m?[37m[INFO] 11:04:39,988 [Test worker] liquibase.info - master.changelog.json: migration/vault-schema.changelog-init.xml::1511451595465-47::R3.Corda: Primary key added to vault_fungible_states (output_index, transaction_id)
?[m?[37m[INFO] 11:04:39,988 [Test worker] liquibase.info - master.changelog.json: migration/vault-schema.changelog-init.xml::1511451595465-47::R3.Corda: ChangeSet migration/vault-schema.changelog-init.xml::1511451595465-47::R3.Corda ran successfully in 0ms
?[m?[37m[INFO] 11:04:39,990 [Test worker] liquibase.info - master.changelog.json: migration/vault-schema.changelog-init.xml::1511451595465-48::R3.Corda: Primary key added to vault_linear_states (output_index, transaction_id)
?[m?[37m[INFO] 11:04:39,990 [Test worker] liquibase.info - master.changelog.json: migration/vault-schema.changelog-init.xml::1511451595465-48::R3.Corda: ChangeSet migration/vault-schema.changelog-init.xml::1511451595465-48::R3.Corda ran successfully in 1ms
?[m?[37m[INFO] 11:04:39,992 [Test worker] liquibase.info - master.changelog.json: migration/vault-schema.changelog-init.xml::1511451595465-49::R3.Corda: Primary key added to vault_states (output_index, transaction_id)
?[m?[37m[INFO] 11:04:39,992 [Test worker] liquibase.info - master.changelog.json: migration/vault-schema.changelog-init.xml::1511451595465-49::R3.Corda: ChangeSet migration/vault-schema.changelog-init.xml::1511451595465-49::R3.Corda ran successfully in 1ms
?[m?[37m[INFO] 11:04:39,993 [Test worker] liquibase.info - master.changelog.json: migration/vault-schema.changelog-init.xml::1511451595465-50::R3.Corda: Primary key added to vault_transaction_notes (seq_no)
?[m?[37m[INFO] 11:04:39,993 [Test worker] liquibase.info - master.changelog.json: migration/vault-schema.changelog-init.xml::1511451595465-50::R3.Corda: ChangeSet migration/vault-schema.changelog-init.xml::1511451595465-50::R3.Corda ran successfully in 0ms
?[m?[37m[INFO] 11:04:39,995 [Test worker] liquibase.info - master.changelog.json: migration/vault-schema.changelog-init.xml::1511451595465-53::R3.Corda: Index external_id_index created
?[m?[37m[INFO] 11:04:39,995 [Test worker] liquibase.info - master.changelog.json: migration/vault-schema.changelog-init.xml::1511451595465-53::R3.Corda: ChangeSet migration/vault-schema.changelog-init.xml::1511451595465-53::R3.Corda ran successfully in 1ms
?[m?[37m[INFO] 11:04:39,996 [Test worker] liquibase.info - master.changelog.json: migration/vault-schema.changelog-init.xml::1511451595465-55::R3.Corda: Index lock_id_idx created
?[m?[37m[INFO] 11:04:39,996 [Test worker] liquibase.info - master.changelog.json: migration/vault-schema.changelog-init.xml::1511451595465-55::R3.Corda: ChangeSet migration/vault-schema.changelog-init.xml::1511451595465-55::R3.Corda ran successfully in 0ms
?[m?[37m[INFO] 11:04:39,998 [Test worker] liquibase.info - master.changelog.json: migration/vault-schema.changelog-init.xml::1511451595465-58::R3.Corda: Index state_status_idx created
?[m?[37m[INFO] 11:04:39,998 [Test worker] liquibase.info - master.changelog.json: migration/vault-schema.changelog-init.xml::1511451595465-58::R3.Corda: ChangeSet migration/vault-schema.changelog-init.xml::1511451595465-58::R3.Corda ran successfully in 1ms
?[m?[37m[INFO] 11:04:40,000 [Test worker] liquibase.info - master.changelog.json: migration/vault-schema.changelog-init.xml::1511451595465-59::R3.Corda: Index transaction_id_index created
?[m?[37m[INFO] 11:04:40,000 [Test worker] liquibase.info - master.changelog.json: migration/vault-schema.changelog-init.xml::1511451595465-59::R3.Corda: ChangeSet migration/vault-schema.changelog-init.xml::1511451595465-59::R3.Corda ran successfully in 1ms
?[m?[37m[INFO] 11:04:40,001 [Test worker] liquibase.info - master.changelog.json: migration/vault-schema.changelog-init.xml::1511451595465-60::R3.Corda: Index uuid_index created
?[m?[37m[INFO] 11:04:40,001 [Test worker] liquibase.info - master.changelog.json: migration/vault-schema.changelog-init.xml::1511451595465-60::R3.Corda: ChangeSet migration/vault-schema.changelog-init.xml::1511451595465-60::R3.Corda ran successfully in 0ms
?[m?[37m[INFO] 11:04:40,004 [Test worker] liquibase.info - master.changelog.json: migration/vault-schema.changelog-init.xml::1511451595465-64::R3.Corda: Foreign key constraint added to vault_fungible_states_parts (output_index,transaction_id)
?[m?[37m[INFO] 11:04:40,005 [Test worker] liquibase.info - master.changelog.json: migration/vault-schema.changelog-init.xml::1511451595465-64::R3.Corda: ChangeSet migration/vault-schema.changelog-init.xml::1511451595465-64::R3.Corda ran successfully in 2ms
?[m?[37m[INFO] 11:04:40,007 [Test worker] liquibase.info - master.changelog.json: migration/vault-schema.changelog-init.xml::1511451595465-65::R3.Corda: Foreign key constraint added to vault_linear_states_parts (output_index,transaction_id)
?[m?[37m[INFO] 11:04:40,008 [Test worker] liquibase.info - master.changelog.json: migration/vault-schema.changelog-init.xml::1511451595465-65::R3.Corda: ChangeSet migration/vault-schema.changelog-init.xml::1511451595465-65::R3.Corda ran successfully in 1ms
?[m?[37m[INFO] 11:04:40,009 [Test worker] liquibase.info - master.changelog.json: migration/vault-schema.changelog-v3.xml::clean_vault::R3.Corda: Data deleted from vault_fungible_states_parts
?[m?[37m[INFO] 11:04:40,009 [Test worker] liquibase.info - master.changelog.json: migration/vault-schema.changelog-v3.xml::clean_vault::R3.Corda: Data deleted from vault_fungible_states
?[m?[37m[INFO] 11:04:40,010 [Test worker] liquibase.info - master.changelog.json: migration/vault-schema.changelog-v3.xml::clean_vault::R3.Corda: Data deleted from vault_linear_states_parts
?[m?[37m[INFO] 11:04:40,010 [Test worker] liquibase.info - master.changelog.json: migration/vault-schema.changelog-v3.xml::clean_vault::R3.Corda: Data deleted from vault_linear_states
?[m?[37m[INFO] 11:04:40,010 [Test worker] liquibase.info - master.changelog.json: migration/vault-schema.changelog-v3.xml::clean_vault::R3.Corda: Data deleted from vault_states
?[m?[37m[INFO] 11:04:40,010 [Test worker] liquibase.info - master.changelog.json: migration/vault-schema.changelog-v3.xml::clean_vault::R3.Corda: Data deleted from vault_transaction_notes
?[m?[37m[INFO] 11:04:40,011 [Test worker] liquibase.info - master.changelog.json: migration/vault-schema.changelog-v3.xml::clean_vault::R3.Corda: ChangeSet migration/vault-schema.changelog-v3.xml::clean_vault::R3.Corda ran successfully in 1ms
?[m?[37m[INFO] 11:04:40,013 [Test worker] liquibase.info - master.changelog.json: migration/vault-schema.changelog-v4.xml::nullability::R3.Corda: Null constraint has been added to vault_fungible_states.quantity
?[m?[37m[INFO] 11:04:40,013 [Test worker] liquibase.info - master.changelog.json: migration/vault-schema.changelog-v4.xml::nullability::R3.Corda: Null constraint has been added to vault_states.contract_state_class_name
?[m?[37m[INFO] 11:04:40,014 [Test worker] liquibase.info - master.changelog.json: migration/vault-schema.changelog-v4.xml::nullability::R3.Corda: Null constraint has been added to vault_states.notary_name
?[m?[37m[INFO] 11:04:40,014 [Test worker] liquibase.info - master.changelog.json: migration/vault-schema.changelog-v4.xml::nullability::R3.Corda: Null constraint has been added to vault_states.recorded_timestamp
?[m?[37m[INFO] 11:04:40,015 [Test worker] liquibase.info - master.changelog.json: migration/vault-schema.changelog-v4.xml::nullability::R3.Corda: Index state_status_idx dropped from table vault_states
?[m?[37m[INFO] 11:04:40,015 [Test worker] liquibase.info - master.changelog.json: migration/vault-schema.changelog-v4.xml::nullability::R3.Corda: Index lock_id_idx dropped from table vault_states
?[m?[37m[INFO] 11:04:40,015 [Test worker] liquibase.info - master.changelog.json: migration/vault-schema.changelog-v4.xml::nullability::R3.Corda: Null constraint has been added to vault_states.state_status
?[m?[37m[INFO] 11:04:40,016 [Test worker] liquibase.info - master.changelog.json: migration/vault-schema.changelog-v4.xml::nullability::R3.Corda: Index state_status_idx created
?[m?[37m[INFO] 11:04:40,016 [Test worker] liquibase.info - master.changelog.json: migration/vault-schema.changelog-v4.xml::nullability::R3.Corda: Index lock_id_idx created
?[m?[37m[INFO] 11:04:40,017 [Test worker] liquibase.info - master.changelog.json: migration/vault-schema.changelog-v4.xml::nullability::R3.Corda: Index transaction_id_index dropped from table vault_transaction_notes
?[m?[37m[INFO] 11:04:40,017 [Test worker] liquibase.info - master.changelog.json: migration/vault-schema.changelog-v4.xml::nullability::R3.Corda: Null constraint has been added to vault_transaction_notes.note
?[m?[37m[INFO] 11:04:40,017 [Test worker] liquibase.info - master.changelog.json: migration/vault-schema.changelog-v4.xml::nullability::R3.Corda: Null constraint has been added to vault_transaction_notes.transaction_id
?[m?[37m[INFO] 11:04:40,018 [Test worker] liquibase.info - master.changelog.json: migration/vault-schema.changelog-v4.xml::nullability::R3.Corda: Index transaction_id_index created
?[m?[37m[INFO] 11:04:40,018 [Test worker] liquibase.info - master.changelog.json: migration/vault-schema.changelog-v4.xml::nullability::R3.Corda: ChangeSet migration/vault-schema.changelog-v4.xml::nullability::R3.Corda ran successfully in 6ms
?[m?[37m[INFO] 11:04:40,025 [Test worker] liquibase.info - master.changelog.json: migration/vault-schema.changelog-v5.xml::add_relevancy_status_column::R3.Corda: Columns relevancy_status(INT) added to vault_states
?[m?[37m[INFO] 11:04:40,026 [Test worker] liquibase.info - master.changelog.json: migration/vault-schema.changelog-v5.xml::add_relevancy_status_column::R3.Corda: Data updated in vault_states
?[m?[37m[INFO] 11:04:40,026 [Test worker] liquibase.info - master.changelog.json: migration/vault-schema.changelog-v5.xml::add_relevancy_status_column::R3.Corda: Null constraint has been added to vault_states.relevancy_status
?[m?[37m[INFO] 11:04:40,026 [Test worker] liquibase.info - master.changelog.json: migration/vault-schema.changelog-v5.xml::add_relevancy_status_column::R3.Corda: ChangeSet migration/vault-schema.changelog-v5.xml::add_relevancy_status_column::R3.Corda ran successfully in 4ms
?[m?[37m[INFO] 11:04:40,030 [Test worker] liquibase.info - master.changelog.json: migration/vault-schema.changelog-v6.xml::add_is_constraint_information_columns::R3.Corda: Columns constraint_type(INT) added to vault_states
?[m?[37m[INFO] 11:04:40,032 [Test worker] liquibase.info - master.changelog.json: migration/vault-schema.changelog-v6.xml::add_is_constraint_information_columns::R3.Corda: Columns constraint_data(varbinary(563)) added to vault_states
?[m?[37m[INFO] 11:04:40,032 [Test worker] liquibase.info - master.changelog.json: migration/vault-schema.changelog-v6.xml::add_is_constraint_information_columns::R3.Corda: ChangeSet migration/vault-schema.changelog-v6.xml::add_is_constraint_information_columns::R3.Corda ran successfully in 5ms
?[m?[37m[INFO] 11:04:40,034 [Test worker] liquibase.info - master.changelog.json: migration/vault-schema.changelog-v7.xml::make_issuer_ref_nullable::R3.Corda: Null constraint dropped from vault_fungible_states.issuer_ref
?[m?[37m[INFO] 11:04:40,034 [Test worker] liquibase.info - master.changelog.json: migration/vault-schema.changelog-v7.xml::make_issuer_ref_nullable::R3.Corda: ChangeSet migration/vault-schema.changelog-v7.xml::make_issuer_ref_nullable::R3.Corda ran successfully in 1ms
?[m?[37m[INFO] 11:04:40,035 [Test worker] liquibase.info - master.changelog.json: migration/vault-schema.changelog-v8.xml::create-external-id-to-state-party-view::R3.Corda: Table state_party created
?[m?[37m[INFO] 11:04:40,036 [Test worker] liquibase.info - master.changelog.json: migration/vault-schema.changelog-v8.xml::create-external-id-to-state-party-view::R3.Corda: Index state_pk_hash_idx created
?[m?[37m[INFO] 11:04:40,036 [Test worker] liquibase.info - master.changelog.json: migration/vault-schema.changelog-v8.xml::create-external-id-to-state-party-view::R3.Corda: Table pk_hash_to_ext_id_map created
?[m?[37m[INFO] 11:04:40,037 [Test worker] liquibase.info - master.changelog.json: migration/vault-schema.changelog-v8.xml::create-external-id-to-state-party-view::R3.Corda: Index pk_hash_to_xid_idx created
?[m?[37m[INFO] 11:04:40,038 [Test worker] liquibase.info - master.changelog.json: migration/vault-schema.changelog-v8.xml::create-external-id-to-state-party-view::R3.Corda: View v_pkey_hash_ex_id_map created
?[m?[37m[INFO] 11:04:40,038 [Test worker] liquibase.info - master.changelog.json: migration/vault-schema.changelog-v8.xml::create-external-id-to-state-party-view::R3.Corda: ChangeSet migration/vault-schema.changelog-v8.xml::create-external-id-to-state-party-view::R3.Corda ran successfully in 3ms
?[m?[37m[INFO] 11:04:40,040 [Test worker] liquibase.info - master.changelog.json: migration/node-info.changelog-init.xml::1511451595465-4::R3.Corda: Table node_link_nodeinfo_party created
?[m?[37m[INFO] 11:04:40,040 [Test worker] liquibase.info - master.changelog.json: migration/node-info.changelog-init.xml::1511451595465-4::R3.Corda: ChangeSet migration/node-info.changelog-init.xml::1511451595465-4::R3.Corda ran successfully in 1ms
?[m?[37m[INFO] 11:04:40,042 [Test worker] liquibase.info - master.changelog.json: migration/node-info.changelog-init.xml::1511451595465-10::R3.Corda: Table node_info_hosts created
?[m?[37m[INFO] 11:04:40,043 [Test worker] liquibase.info - master.changelog.json: migration/node-info.changelog-init.xml::1511451595465-10::R3.Corda: ChangeSet migration/node-info.changelog-init.xml::1511451595465-10::R3.Corda ran successfully in 1ms
?[m?[37m[INFO] 11:04:40,044 [Test worker] liquibase.info - master.changelog.json: migration/node-info.changelog-init.xml::1511451595465-11::R3.Corda: Table node_info_party_cert created
?[m?[37m[INFO] 11:04:40,044 [Test worker] liquibase.info - master.changelog.json: migration/node-info.changelog-init.xml::1511451595465-11::R3.Corda: ChangeSet migration/node-info.changelog-init.xml::1511451595465-11::R3.Corda ran successfully in 0ms
?[m?[37m[INFO] 11:04:40,046 [Test worker] liquibase.info - master.changelog.json: migration/node-info.changelog-init.xml::1511451595465-12::R3.Corda: Table node_infos created
?[m?[37m[INFO] 11:04:40,046 [Test worker] liquibase.info - master.changelog.json: migration/node-info.changelog-init.xml::1511451595465-12::R3.Corda: ChangeSet migration/node-info.changelog-init.xml::1511451595465-12::R3.Corda ran successfully in 1ms
?[m?[37m[INFO] 11:04:40,048 [Test worker] liquibase.info - master.changelog.json: migration/node-info.changelog-init.xml::1511451595465-35::R3.Corda: Primary key added to node_info_hosts (host, port)
?[m?[37m[INFO] 11:04:40,048 [Test worker] liquibase.info - master.changelog.json: migration/node-info.changelog-init.xml::1511451595465-35::R3.Corda: ChangeSet migration/node-info.changelog-init.xml::1511451595465-35::R3.Corda ran successfully in 1ms
?[m?[37m[INFO] 11:04:40,050 [Test worker] liquibase.info - master.changelog.json: migration/node-info.changelog-init.xml::1511451595465-36::R3.Corda: Primary key added to node_info_party_cert (party_name)
?[m?[37m[INFO] 11:04:40,051 [Test worker] liquibase.info - master.changelog.json: migration/node-info.changelog-init.xml::1511451595465-36::R3.Corda: ChangeSet migration/node-info.changelog-init.xml::1511451595465-36::R3.Corda ran successfully in 0ms
?[m?[37m[INFO] 11:04:40,052 [Test worker] liquibase.info - master.changelog.json: migration/node-info.changelog-init.xml::1511451595465-37::R3.Corda: Primary key added to node_infos (node_info_id)
?[m?[37m[INFO] 11:04:40,052 [Test worker] liquibase.info - master.changelog.json: migration/node-info.changelog-init.xml::1511451595465-37::R3.Corda: ChangeSet migration/node-info.changelog-init.xml::1511451595465-37::R3.Corda ran successfully in 0ms
?[m?[37m[INFO] 11:04:40,054 [Test worker] liquibase.info - master.changelog.json: migration/node-info.changelog-init.xml::1511451595465-62::R3.Corda: Foreign key constraint added to node_link_nodeinfo_party (node_info_id)
?[m?[37m[INFO] 11:04:40,055 [Test worker] liquibase.info - master.changelog.json: migration/node-info.changelog-init.xml::1511451595465-62::R3.Corda: ChangeSet migration/node-info.changelog-init.xml::1511451595465-62::R3.Corda ran successfully in 1ms
?[m?[37m[INFO] 11:04:40,057 [Test worker] liquibase.info - master.changelog.json: migration/node-info.changelog-init.xml::1511451595465-63::R3.Corda: Foreign key constraint added to node_info_hosts (node_info_id)
?[m?[37m[INFO] 11:04:40,057 [Test worker] liquibase.info - master.changelog.json: migration/node-info.changelog-init.xml::1511451595465-63::R3.Corda: ChangeSet migration/node-info.changelog-init.xml::1511451595465-63::R3.Corda ran successfully in 1ms
?[m?[37m[INFO] 11:04:40,059 [Test worker] liquibase.info - master.changelog.json: migration/node-info.changelog-init.xml::remove_host_port_pk::R3.Corda: Data deleted from node_infos
?[m?[37m[INFO] 11:04:40,059 [Test worker] liquibase.info - master.changelog.json: migration/node-info.changelog-init.xml::remove_host_port_pk::R3.Corda: Data deleted from node_link_nodeinfo_party
?[m?[37m[INFO] 11:04:40,060 [Test worker] liquibase.info - master.changelog.json: migration/node-info.changelog-init.xml::remove_host_port_pk::R3.Corda: Data deleted from node_info_hosts
?[m?[37m[INFO] 11:04:40,060 [Test worker] liquibase.info - master.changelog.json: migration/node-info.changelog-init.xml::remove_host_port_pk::R3.Corda: Data deleted from node_info_party_cert
?[m?[37m[INFO] 11:04:40,060 [Test worker] liquibase.info - master.changelog.json: migration/node-info.changelog-init.xml::remove_host_port_pk::R3.Corda: Primary key dropped from node_info_hosts
?[m?[37m[INFO] 11:04:40,062 [Test worker] liquibase.info - master.changelog.json: migration/node-info.changelog-init.xml::remove_host_port_pk::R3.Corda: Columns hosts_id(INT) added to node_info_hosts
?[m?[37m[INFO] 11:04:40,062 [Test worker] liquibase.info - master.changelog.json: migration/node-info.changelog-init.xml::remove_host_port_pk::R3.Corda: Primary key added to node_info_hosts (hosts_id)
?[m?[37m[INFO] 11:04:40,062 [Test worker] liquibase.info - master.changelog.json: migration/node-info.changelog-init.xml::remove_host_port_pk::R3.Corda: ChangeSet migration/node-info.changelog-init.xml::remove_host_port_pk::R3.Corda ran successfully in 3ms
?[m?[37m[INFO] 11:04:40,064 [Test worker] liquibase.info - master.changelog.json: migration/node-info.changelog-v1.xml::key/value node properties table::R3.Corda: Table node_properties created
?[m?[37m[INFO] 11:04:40,064 [Test worker] liquibase.info - master.changelog.json: migration/node-info.changelog-v1.xml::key/value node properties table::R3.Corda: ChangeSet migration/node-info.changelog-v1.xml::key/value node properties table::R3.Corda ran successfully in 1ms
?[m?[37m[INFO] 11:04:40,066 [Test worker] liquibase.info - master.changelog.json: migration/node-info.changelog-v2.xml::1525962920::R3.Corda: Null constraint has been added to node_infos.node_info_hash
?[m?[37m[INFO] 11:04:40,066 [Test worker] liquibase.info - master.changelog.json: migration/node-info.changelog-v2.xml::1525962920::R3.Corda: Null constraint has been added to node_infos.platform_version
?[m?[37m[INFO] 11:04:40,067 [Test worker] liquibase.info - master.changelog.json: migration/node-info.changelog-v2.xml::1525962920::R3.Corda: Null constraint has been added to node_infos.serial
?[m?[37m[INFO] 11:04:40,067 [Test worker] liquibase.info - master.changelog.json: migration/node-info.changelog-v2.xml::1525962920::R3.Corda: Null constraint dropped from node_info_hosts.host
?[m?[37m[INFO] 11:04:40,067 [Test worker] liquibase.info - master.changelog.json: migration/node-info.changelog-v2.xml::1525962920::R3.Corda: Null constraint dropped from node_info_hosts.port
?[m?[37m[INFO] 11:04:40,068 [Test worker] liquibase.info - master.changelog.json: migration/node-info.changelog-v2.xml::1525962920::R3.Corda: Null constraint has been added to node_info_party_cert.owning_key_hash
?[m?[37m[INFO] 11:04:40,068 [Test worker] liquibase.info - master.changelog.json: migration/node-info.changelog-v2.xml::1525962920::R3.Corda: Null constraint has been added to node_info_party_cert.party_cert_binary
?[m?[37m[INFO] 11:04:40,068 [Test worker] liquibase.info - master.changelog.json: migration/node-info.changelog-v2.xml::1525962920::R3.Corda: ChangeSet migration/node-info.changelog-v2.xml::1525962920::R3.Corda ran successfully in 3ms
?[m?[37m[INFO] 11:04:40,070 [Test worker] liquibase.info - master.changelog.json: migration/node-info.changelog-v3.xml::column_host_name::R3.Corda: Column node_info_hosts.host renamed to host_name
?[m?[37m[INFO] 11:04:40,070 [Test worker] liquibase.info - master.changelog.json: migration/node-info.changelog-v3.xml::column_host_name::R3.Corda: ChangeSet migration/node-info.changelog-v3.xml::column_host_name::R3.Corda ran successfully in 1ms
?[m?[37m[INFO] 11:04:40,071 [Test worker] liquibase.info - master.changelog.json: migration/node-services.changelog-init.xml::1511451595465-5::R3.Corda: Table node_attachments created
?[m?[37m[INFO] 11:04:40,072 [Test worker] liquibase.info - master.changelog.json: migration/node-services.changelog-init.xml::1511451595465-5::R3.Corda: ChangeSet migration/node-services.changelog-init.xml::1511451595465-5::R3.Corda ran successfully in 0ms
?[m?[37m[INFO] 11:04:40,073 [Test worker] liquibase.info - master.changelog.json: migration/node-services.changelog-init.xml::1511451595465-7::R3.Corda: Table node_checkpoints created
?[m?[37m[INFO] 11:04:40,073 [Test worker] liquibase.info - master.changelog.json: migration/node-services.changelog-init.xml::1511451595465-7::R3.Corda: ChangeSet migration/node-services.changelog-init.xml::1511451595465-7::R3.Corda ran successfully in 0ms
?[m?[37m[INFO] 11:04:40,075 [Test worker] liquibase.info - master.changelog.json: migration/node-services.changelog-init.xml::1511451595465-8::R3.Corda: Table node_contract_upgrades created
?[m?[37m[INFO] 11:04:40,075 [Test worker] liquibase.info - master.changelog.json: migration/node-services.changelog-init.xml::1511451595465-8::R3.Corda: ChangeSet migration/node-services.changelog-init.xml::1511451595465-8::R3.Corda ran successfully in 1ms
?[m?[37m[INFO] 11:04:40,076 [Test worker] liquibase.info - master.changelog.json: migration/node-services.changelog-init.xml::1511451595465-9::R3.Corda: Table node_identities created
?[m?[37m[INFO] 11:04:40,076 [Test worker] liquibase.info - master.changelog.json: migration/node-services.changelog-init.xml::1511451595465-9::R3.Corda: ChangeSet migration/node-services.changelog-init.xml::1511451595465-9::R3.Corda ran successfully in 0ms
?[m?[37m[INFO] 11:04:40,078 [Test worker] liquibase.info - master.changelog.json: migration/node-services.changelog-init.xml::1511451595465-13::R3.Corda: Table node_message_ids created
?[m?[37m[INFO] 11:04:40,078 [Test worker] liquibase.info - master.changelog.json: migration/node-services.changelog-init.xml::1511451595465-13::R3.Corda: ChangeSet migration/node-services.changelog-init.xml::1511451595465-13::R3.Corda ran successfully in 1ms
?[m?[37m[INFO] 11:04:40,079 [Test worker] liquibase.info - master.changelog.json: migration/node-services.changelog-init.xml::1511451595465-14::R3.Corda: Table node_message_retry created
?[m?[37m[INFO] 11:04:40,080 [Test worker] liquibase.info - master.changelog.json: migration/node-services.changelog-init.xml::1511451595465-14::R3.Corda: ChangeSet migration/node-services.changelog-init.xml::1511451595465-14::R3.Corda ran successfully in 0ms
?[m?[37m[INFO] 11:04:40,081 [Test worker] liquibase.info - master.changelog.json: migration/node-services.changelog-init.xml::1511451595465-15::R3.Corda: Table node_named_identities created
?[m?[37m[INFO] 11:04:40,082 [Test worker] liquibase.info - master.changelog.json: migration/node-services.changelog-init.xml::1511451595465-15::R3.Corda: ChangeSet migration/node-services.changelog-init.xml::1511451595465-15::R3.Corda ran successfully in 0ms
?[m?[37m[INFO] 11:04:40,083 [Test worker] liquibase.info - master.changelog.json: migration/node-services.changelog-init.xml::1511451595465-17::R3.Corda: Table node_our_key_pairs created
?[m?[37m[INFO] 11:04:40,083 [Test worker] liquibase.info - master.changelog.json: migration/node-services.changelog-init.xml::1511451595465-17::R3.Corda: ChangeSet migration/node-services.changelog-init.xml::1511451595465-17::R3.Corda ran successfully in 0ms
?[m?[37m[INFO] 11:04:40,085 [Test worker] liquibase.info - master.changelog.json: migration/node-services.changelog-init.xml::1511451595465-19::R3.Corda: Table node_scheduled_states created
?[m?[37m[INFO] 11:04:40,085 [Test worker] liquibase.info - master.changelog.json: migration/node-services.changelog-init.xml::1511451595465-19::R3.Corda: ChangeSet migration/node-services.changelog-init.xml::1511451595465-19::R3.Corda ran successfully in 1ms
?[m?[37m[INFO] 11:04:40,087 [Test worker] liquibase.info - master.changelog.json: migration/node-services.changelog-init.xml::1511451595465-20::R3.Corda: Table node_transaction_mappings created
?[m?[37m[INFO] 11:04:40,087 [Test worker] liquibase.info - master.changelog.json: migration/node-services.changelog-init.xml::1511451595465-20::R3.Corda: ChangeSet migration/node-services.changelog-init.xml::1511451595465-20::R3.Corda ran successfully in 1ms
?[m?[37m[INFO] 11:04:40,088 [Test worker] liquibase.info - master.changelog.json: migration/node-services.changelog-init.xml::1511451595465-21::R3.Corda: Table node_transactions created
?[m?[37m[INFO] 11:04:40,089 [Test worker] liquibase.info - master.changelog.json: migration/node-services.changelog-init.xml::1511451595465-21::R3.Corda: ChangeSet migration/node-services.changelog-init.xml::1511451595465-21::R3.Corda ran successfully in 0ms
?[m?[37m[INFO] 11:04:40,090 [Test worker] liquibase.info - master.changelog.json: migration/node-services.changelog-init.xml::1511451595465-30::R3.Corda: Primary key added to node_attachments (att_id)
?[m?[37m[INFO] 11:04:40,090 [Test worker] liquibase.info - master.changelog.json: migration/node-services.changelog-init.xml::1511451595465-30::R3.Corda: ChangeSet migration/node-services.changelog-init.xml::1511451595465-30::R3.Corda ran successfully in 1ms
?[m?[37m[INFO] 11:04:40,092 [Test worker] liquibase.info - master.changelog.json: migration/node-services.changelog-init.xml::1511451595465-32::R3.Corda: Primary key added to node_checkpoints (checkpoint_id)
?[m?[37m[INFO] 11:04:40,092 [Test worker] liquibase.info - master.changelog.json: migration/node-services.changelog-init.xml::1511451595465-32::R3.Corda: ChangeSet migration/node-services.changelog-init.xml::1511451595465-32::R3.Corda ran successfully in 1ms
?[m?[37m[INFO] 11:04:40,094 [Test worker] liquibase.info - master.changelog.json: migration/node-services.changelog-init.xml::1511451595465-33::R3.Corda: Primary key added to node_contract_upgrades (state_ref)
?[m?[37m[INFO] 11:04:40,094 [Test worker] liquibase.info - master.changelog.json: migration/node-services.changelog-init.xml::1511451595465-33::R3.Corda: ChangeSet migration/node-services.changelog-init.xml::1511451595465-33::R3.Corda ran successfully in 1ms
?[m?[37m[INFO] 11:04:40,095 [Test worker] liquibase.info - master.changelog.json: migration/node-services.changelog-init.xml::1511451595465-34::R3.Corda: Primary key added to node_identities (pk_hash)
?[m?[37m[INFO] 11:04:40,095 [Test worker] liquibase.info - master.changelog.json: migration/node-services.changelog-init.xml::1511451595465-34::R3.Corda: ChangeSet migration/node-services.changelog-init.xml::1511451595465-34::R3.Corda ran successfully in 1ms
?[m?[37m[INFO] 11:04:40,097 [Test worker] liquibase.info - master.changelog.json: migration/node-services.changelog-init.xml::1511451595465-38::R3.Corda: Primary key added to node_message_ids (message_id)
?[m?[37m[INFO] 11:04:40,097 [Test worker] liquibase.info - master.changelog.json: migration/node-services.changelog-init.xml::1511451595465-38::R3.Corda: ChangeSet migration/node-services.changelog-init.xml::1511451595465-38::R3.Corda ran successfully in 1ms
?[m?[37m[INFO] 11:04:40,099 [Test worker] liquibase.info - master.changelog.json: migration/node-services.changelog-init.xml::1511451595465-39::R3.Corda: Primary key added to node_message_retry (message_id)
?[m?[37m[INFO] 11:04:40,099 [Test worker] liquibase.info - master.changelog.json: migration/node-services.changelog-init.xml::1511451595465-39::R3.Corda: ChangeSet migration/node-services.changelog-init.xml::1511451595465-39::R3.Corda ran successfully in 1ms
?[m?[37m[INFO] 11:04:40,100 [Test worker] liquibase.info - master.changelog.json: migration/node-services.changelog-init.xml::1511451595465-40::R3.Corda: Primary key added to node_named_identities (name)
?[m?[37m[INFO] 11:04:40,101 [Test worker] liquibase.info - master.changelog.json: migration/node-services.changelog-init.xml::1511451595465-40::R3.Corda: ChangeSet migration/node-services.changelog-init.xml::1511451595465-40::R3.Corda ran successfully in 0ms
?[m?[37m[INFO] 11:04:40,102 [Test worker] liquibase.info - master.changelog.json: migration/node-services.changelog-init.xml::1511451595465-42::R3.Corda: Primary key added to node_our_key_pairs (public_key_hash)
?[m?[37m[INFO] 11:04:40,102 [Test worker] liquibase.info - master.changelog.json: migration/node-services.changelog-init.xml::1511451595465-42::R3.Corda: ChangeSet migration/node-services.changelog-init.xml::1511451595465-42::R3.Corda ran successfully in 1ms
?[m?[37m[INFO] 11:04:40,104 [Test worker] liquibase.info - master.changelog.json: migration/node-services.changelog-init.xml::1511451595465-44::R3.Corda: Primary key added to node_scheduled_states (output_index, transaction_id)
?[m?[37m[INFO] 11:04:40,104 [Test worker] liquibase.info - master.changelog.json: migration/node-services.changelog-init.xml::1511451595465-44::R3.Corda: ChangeSet migration/node-services.changelog-init.xml::1511451595465-44::R3.Corda ran successfully in 1ms
?[m?[37m[INFO] 11:04:40,106 [Test worker] liquibase.info - master.changelog.json: migration/node-services.changelog-init.xml::1511451595465-45::R3.Corda: Primary key added to node_transaction_mappings (tx_id)
?[m?[37m[INFO] 11:04:40,106 [Test worker] liquibase.info - master.changelog.json: migration/node-services.changelog-init.xml::1511451595465-45::R3.Corda: ChangeSet migration/node-services.changelog-init.xml::1511451595465-45::R3.Corda ran successfully in 1ms
?[m?[37m[INFO] 11:04:40,107 [Test worker] liquibase.info - master.changelog.json: migration/node-services.changelog-init.xml::1511451595465-46::R3.Corda: Primary key added to node_transactions (tx_id)
?[m?[37m[INFO] 11:04:40,108 [Test worker] liquibase.info - master.changelog.json: migration/node-services.changelog-init.xml::1511451595465-46::R3.Corda: ChangeSet migration/node-services.changelog-init.xml::1511451595465-46::R3.Corda ran successfully in 0ms
?[m?[37m[INFO] 11:04:40,110 [Test worker] liquibase.info - master.changelog.json: migration/node-services.changelog-init.xml::1511451595465-61::R3.Corda: Foreign key constraint added to node_link_nodeinfo_party (party_name)
?[m?[37m[INFO] 11:04:40,110 [Test worker] liquibase.info - master.changelog.json: migration/node-services.changelog-init.xml::1511451595465-61::R3.Corda: ChangeSet migration/node-services.changelog-init.xml::1511451595465-61::R3.Corda ran successfully in 1ms
?[m?[37m[INFO] 11:04:40,112 [Test worker] liquibase.info - master.changelog.json: migration/node-services.changelog-init.xml::add index att_id::R3.Corda: Index att_id_idx created
?[m?[37m[INFO] 11:04:40,112 [Test worker] liquibase.info - master.changelog.json: migration/node-services.changelog-init.xml::add index att_id::R3.Corda: ChangeSet migration/node-services.changelog-init.xml::add index att_id::R3.Corda ran successfully in 1ms
?[m?[37m[INFO] 11:04:40,114 [Test worker] liquibase.info - master.changelog.json: migration/node-services.changelog-init.xml::add_contract_attachment::R3.Corda: Table node_attchments_contracts created
?[m?[37m[INFO] 11:04:40,114 [Test worker] liquibase.info - master.changelog.json: migration/node-services.changelog-init.xml::add_contract_attachment::R3.Corda: Foreign key constraint added to node_attchments_contracts (att_id)
?[m?[37m[INFO] 11:04:40,115 [Test worker] liquibase.info - master.changelog.json: migration/node-services.changelog-init.xml::add_contract_attachment::R3.Corda: Data deleted from node_attachments
?[m?[37m[INFO] 11:04:40,115 [Test worker] liquibase.info - master.changelog.json: migration/node-services.changelog-init.xml::add_contract_attachment::R3.Corda: ChangeSet migration/node-services.changelog-init.xml::add_contract_attachment::R3.Corda ran successfully in 2ms
?[m?[37m[INFO] 11:04:40,119 [Test worker] liquibase.info - master.changelog.json: migration/node-services.changelog-init.xml::add_dedup_columns::R3.Corda: Columns sender(NVARCHAR(64)),sequence_number(BIGINT) added to node_message_ids
?[m?[37m[INFO] 11:04:40,119 [Test worker] liquibase.info - master.changelog.json: migration/node-services.changelog-init.xml::add_dedup_columns::R3.Corda: ChangeSet migration/node-services.changelog-init.xml::add_dedup_columns::R3.Corda ran successfully in 3ms
?[m?[37m[INFO] 11:04:40,121 [Test worker] liquibase.info - master.changelog.json: migration/node-core.changelog-v4.xml::attchments_rename::R3.Corda: Table node_attchments_contracts renamed to node_attachments_contracts
?[m?[37m[INFO] 11:04:40,121 [Test worker] liquibase.info - master.changelog.json: migration/node-core.changelog-v4.xml::attchments_rename::R3.Corda: ChangeSet migration/node-core.changelog-v4.xml::attchments_rename::R3.Corda ran successfully in 1ms
?[m?[37m[INFO] 11:04:40,122 [Test worker] liquibase.info - master.changelog.json: migration/node-core.changelog-v4.xml::nullability::R3.Corda: Null constraint has been added to node_identities.identity_value
?[m?[37m[INFO] 11:04:40,123 [Test worker] liquibase.info - master.changelog.json: migration/node-core.changelog-v4.xml::nullability::R3.Corda: Null constraint has been added to node_attachments.content
?[m?[37m[INFO] 11:04:40,123 [Test worker] liquibase.info - master.changelog.json: migration/node-core.changelog-v4.xml::nullability::R3.Corda: Null constraint has been added to node_attachments_contracts.contract_class_name
?[m?[37m[INFO] 11:04:40,124 [Test worker] liquibase.info - master.changelog.json: migration/node-core.changelog-v4.xml::nullability::R3.Corda: Null constraint has been added to node_checkpoints.checkpoint_value
?[m?[37m[INFO] 11:04:40,124 [Test worker] liquibase.info - master.changelog.json: migration/node-core.changelog-v4.xml::nullability::R3.Corda: Null constraint has been added to node_contract_upgrades.contract_class_name
?[m?[37m[INFO] 11:04:40,124 [Test worker] liquibase.info - master.changelog.json: migration/node-core.changelog-v4.xml::nullability::R3.Corda: Null constraint has been added to node_message_ids.insertion_time
?[m?[37m[INFO] 11:04:40,125 [Test worker] liquibase.info - master.changelog.json: migration/node-core.changelog-v4.xml::nullability::R3.Corda: Null constraint has been added to node_message_retry.message
?[m?[37m[INFO] 11:04:40,125 [Test worker] liquibase.info - master.changelog.json: migration/node-core.changelog-v4.xml::nullability::R3.Corda: Null constraint has been added to node_message_retry.recipients
?[m?[37m[INFO] 11:04:40,126 [Test worker] liquibase.info - master.changelog.json: migration/node-core.changelog-v4.xml::nullability::R3.Corda: Null constraint has been added to node_named_identities.pk_hash
?[m?[37m[INFO] 11:04:40,126 [Test worker] liquibase.info - master.changelog.json: migration/node-core.changelog-v4.xml::nullability::R3.Corda: Null constraint has been added to node_our_key_pairs.private_key
?[m?[37m[INFO] 11:04:40,126 [Test worker] liquibase.info - master.changelog.json: migration/node-core.changelog-v4.xml::nullability::R3.Corda: Null constraint has been added to node_our_key_pairs.public_key
?[m?[37m[INFO] 11:04:40,127 [Test worker] liquibase.info - master.changelog.json: migration/node-core.changelog-v4.xml::nullability::R3.Corda: Null constraint has been added to node_transaction_mappings.state_machine_run_id
?[m?[37m[INFO] 11:04:40,127 [Test worker] liquibase.info - master.changelog.json: migration/node-core.changelog-v4.xml::nullability::R3.Corda: Null constraint has been added to node_transactions.transaction_value
?[m?[37m[INFO] 11:04:40,127 [Test worker] liquibase.info - master.changelog.json: migration/node-core.changelog-v4.xml::nullability::R3.Corda: ChangeSet migration/node-core.changelog-v4.xml::nullability::R3.Corda ran successfully in 5ms
?[m?[37m[INFO] 11:04:40,129 [Test worker] liquibase.info - master.changelog.json: migration/node-core.changelog-v5.xml::remove_unused_node_message_retry::R3.Corda: Table node_message_retry dropped
?[m?[37m[INFO] 11:04:40,129 [Test worker] liquibase.info - master.changelog.json: migration/node-core.changelog-v5.xml::remove_unused_node_message_retry::R3.Corda: ChangeSet migration/node-core.changelog-v5.xml::remove_unused_node_message_retry::R3.Corda ran successfully in 0ms
?[m?[37m[INFO] 11:04:40,148 [Test worker] liquibase.info - master.changelog.json: migration/node-core.changelog-v8.xml::conditional_attchments_rename::R3.Corda: Marking ChangeSet: migration/node-core.changelog-v8.xml::conditional_attchments_rename::R3.Corda ran despite precondition failure due to onFail='MARK_RAN': 
          master.changelog.json : Table PUBLIC.NODE_ATTCHMENTS_CONTRACTS does not exist

?[m?[37m[INFO] 11:04:40,161 [Test worker] liquibase.info - master.changelog.json: migration/node-core.changelog-v8.xml::conditional_attchments_contracts::R3.Corda: Marking ChangeSet: migration/node-core.changelog-v8.xml::conditional_attchments_contracts::R3.Corda ran despite precondition failure due to onFail='MARK_RAN': 
          master.changelog.json : Table PUBLIC.NODE_ATTACHMENTS_CONTRACT_CLASS_NAME does not exist

?[m?[37m[INFO] 11:04:40,162 [Test worker] liquibase.info - master.changelog.json: migration/node-core.changelog-v8.xml::add_signers::R3.Corda: Table node_attachments_signers created
?[m?[37m[INFO] 11:04:40,164 [Test worker] liquibase.info - master.changelog.json: migration/node-core.changelog-v8.xml::add_signers::R3.Corda: Foreign key constraint added to node_attachments_signers (att_id)
?[m?[37m[INFO] 11:04:40,164 [Test worker] liquibase.info - master.changelog.json: migration/node-core.changelog-v8.xml::add_signers::R3.Corda: ChangeSet migration/node-core.changelog-v8.xml::add_signers::R3.Corda ran successfully in 2ms
?[m?[37m[INFO] 11:04:40,167 [Test worker] liquibase.info - master.changelog.json: migration/node-core.changelog-tx-mapping.xml::add_tx_mapping_column::R3.Corda: Columns state_machine_run_id(NVARCHAR(36)) added to node_transactions
?[m?[37m[INFO] 11:04:40,168 [Test worker] liquibase.info - master.changelog.json: migration/node-core.changelog-tx-mapping.xml::add_tx_mapping_column::R3.Corda: Custom SQL executed
?[m?[37m[INFO] 11:04:40,169 [Test worker] liquibase.info - master.changelog.json: migration/node-core.changelog-tx-mapping.xml::add_tx_mapping_column::R3.Corda: Table node_transaction_mappings dropped
?[m?[37m[INFO] 11:04:40,169 [Test worker] liquibase.info - master.changelog.json: migration/node-core.changelog-tx-mapping.xml::add_tx_mapping_column::R3.Corda: ChangeSet migration/node-core.changelog-tx-mapping.xml::add_tx_mapping_column::R3.Corda ran successfully in 4ms
?[m?[37m[INFO] 11:04:40,171 [Test worker] liquibase.info - master.changelog.json: migration/node-services.changelog-init.xml::add_network_parameters_storage::R3.Corda: Table node_network_parameters created
?[m?[37m[INFO] 11:04:40,171 [Test worker] liquibase.info - master.changelog.json: migration/node-services.changelog-init.xml::add_network_parameters_storage::R3.Corda: ChangeSet migration/node-services.changelog-init.xml::add_network_parameters_storage::R3.Corda ran successfully in 1ms
?[m?[37m[INFO] 11:04:40,173 [Test worker] liquibase.info - master.changelog.json: migration/node-services.changelog-init.xml::network_parameters_pk::R3.Corda: Primary key added to node_network_parameters (hash)
?[m?[37m[INFO] 11:04:40,173 [Test worker] liquibase.info - master.changelog.json: migration/node-services.changelog-init.xml::network_parameters_pk::R3.Corda: ChangeSet migration/node-services.changelog-init.xml::network_parameters_pk::R3.Corda ran successfully in 1ms
?[m?[37m[INFO] 11:04:40,177 [Test worker] liquibase.info - master.changelog.json: migration/node-services.changelog-init.xml::add_version_column::R3.Corda: Columns version(INT) added to node_attachments
?[m?[37m[INFO] 11:04:40,178 [Test worker] liquibase.info - master.changelog.json: migration/node-services.changelog-init.xml::add_version_column::R3.Corda: Custom SQL executed
?[m?[37m[INFO] 11:04:40,178 [Test worker] liquibase.info - master.changelog.json: migration/node-services.changelog-init.xml::add_version_column::R3.Corda: Null constraint has been added to node_attachments.version
?[m?[37m[INFO] 11:04:40,178 [Test worker] liquibase.info - master.changelog.json: migration/node-services.changelog-init.xml::add_version_column::R3.Corda: ChangeSet migration/node-services.changelog-init.xml::add_version_column::R3.Corda ran successfully in 4ms
?[m?[37m[INFO] 11:04:40,179 [Test worker] persistence.AttachmentVersionNumberMigration.execute - Start executing...
?[m?[37m[INFO] 11:04:40,182 [Test worker] persistence.AttachmentVersionNumberMigration.execute - Attachment version creation from whitelisted JARs using network parameters from build/mock-network/20190619-100422.550/nodes/1/network-parameters, whitelistedContractImplementations: {}.
?[m?[37m[INFO] 11:04:40,182 [Test worker] persistence.AttachmentVersionNumberMigration.execute - Attachment version creation from whitelisted JARs skipped, no attachments not found.
?[m?[37m[INFO] 11:04:40,182 [Test worker] liquibase.info - master.changelog.json: migration/node-services.changelog-init.xml::update-version-of-whitelisted-jars::R3.Corda: null
?[m?[37m[INFO] 11:04:40,182 [Test worker] liquibase.info - master.changelog.json: migration/node-services.changelog-init.xml::update-version-of-whitelisted-jars::R3.Corda: ChangeSet migration/node-services.changelog-init.xml::update-version-of-whitelisted-jars::R3.Corda ran successfully in 3ms
?[m?[37m[INFO] 11:04:40,184 [Test worker] liquibase.info - master.changelog.json: migration/node-services.changelog-init.xml::add-new-persitence-table::R3.Corda: Table identities_no_cert created
?[m?[37m[INFO] 11:04:40,184 [Test worker] liquibase.info - master.changelog.json: migration/node-services.changelog-init.xml::add-new-persitence-table::R3.Corda: ChangeSet migration/node-services.changelog-init.xml::add-new-persitence-table::R3.Corda ran successfully in 1ms
?[m?[37m[INFO] 11:04:40,185 [Test worker] migration.PersistentIdentitiesMigration.execute - Migrating persistent identities with certificates table into persistent table with no certificate data.
?[m?[37m[INFO] 11:04:40,188 [Test worker] persistence.HibernateConfiguration.<init> - Init HibernateConfiguration for schemas: [PersistentIdentitiesMigrationSchemaV1(name=net.corda.node.migration.PersistentIdentitiesMigrationSchema, version=1)]
?[m?[37m[INFO] 11:04:40,188 [Test worker] persistence.HibernateConfiguration.makeSessionFactoryForSchemas - Creating session factory for schemas: [PersistentIdentitiesMigrationSchemaV1(name=net.corda.node.migration.PersistentIdentitiesMigrationSchema, version=1)]
?[m?[37m[INFO] 11:04:40,193 [Test worker] internal.ConnectionProviderInitiator.initiateService - HHH000130: Instantiating explicit connection provider: net.corda.nodeapi.internal.persistence.HibernateConfiguration$NodeDatabaseConnectionProvider
?[m?[37m[INFO] 11:04:40,194 [Test worker] dialect.Dialect.<init> - HHH000400: Using dialect: org.hibernate.dialect.H2Dialect
?[m?[37m[INFO] 11:04:40,197 [Test worker] type.BasicTypeRegistry.register - HHH000270: Type registration [materialized_blob] overrides previous : org.hibernate.type.MaterializedBlobType@39773eff
?[m?[37m[INFO] 11:04:40,220 [Test worker] connections.access.getIsolatedConnection - HHH10001501: Connection obtained from JdbcConnectionAccess [org.hibernate.engine.jdbc.env.internal.JdbcEnvironmentInitiator$ConnectionProviderJdbcConnectionAccess@1b19b37c] for (non-JTA) DDL execution was not in auto-commit mode; the Connection 'local transaction' will be committed and the Connection will be set into auto-commit mode.
?[m?[37m[INFO] 11:04:40,253 [Test worker] persistence.HibernateConfiguration.makeSessionFactoryForSchemas - Created session factory for schemas: [PersistentIdentitiesMigrationSchemaV1(name=net.corda.node.migration.PersistentIdentitiesMigrationSchema, version=1)]
?[m?[37m[INFO] 11:04:40,254 [Test worker] internal.QueryTranslatorFactoryInitiator.initiateService - HHH000397: Using ASTQueryTranslatorFactory
?[m?[37m[INFO] 11:04:40,270 [Test worker] liquibase.info - master.changelog.json: migration/node-services.changelog-init.xml::transfer-to-new-persistence-table::R3.Corda: null
?[m?[37m[INFO] 11:04:40,270 [Test worker] liquibase.info - master.changelog.json: migration/node-services.changelog-init.xml::transfer-to-new-persistence-table::R3.Corda: ChangeSet migration/node-services.changelog-init.xml::transfer-to-new-persistence-table::R3.Corda ran successfully in 85ms
?[m?[37m[INFO] 11:04:40,271 [Test worker] migration.VaultStateMigration.execute - Migrating vault state data to V4 tables
?[m?[37m[INFO] 11:04:40,273 [Test worker] persistence.HibernateConfiguration.<init> - Init HibernateConfiguration for schemas: [VaultMigrationSchemaV1(name=net.corda.node.migration.VaultMigrationSchema, version=1), VaultSchemaV1(name=net.corda.node.services.vault.VaultSchema, version=1)]
?[m?[37m[INFO] 11:04:40,273 [Test worker] persistence.HibernateConfiguration.makeSessionFactoryForSchemas - Creating session factory for schemas: [VaultMigrationSchemaV1(name=net.corda.node.migration.VaultMigrationSchema, version=1), VaultSchemaV1(name=net.corda.node.services.vault.VaultSchema, version=1)]
?[m?[37m[INFO] 11:04:40,278 [Test worker] internal.ConnectionProviderInitiator.initiateService - HHH000130: Instantiating explicit connection provider: net.corda.nodeapi.internal.persistence.HibernateConfiguration$NodeDatabaseConnectionProvider
?[m?[37m[INFO] 11:04:40,279 [Test worker] dialect.Dialect.<init> - HHH000400: Using dialect: org.hibernate.dialect.H2Dialect
?[m?[37m[INFO] 11:04:40,282 [Test worker] type.BasicTypeRegistry.register - HHH000270: Type registration [materialized_blob] overrides previous : org.hibernate.type.MaterializedBlobType@39773eff
?[m?[37m[INFO] 11:04:40,322 [Test worker] connections.access.getIsolatedConnection - HHH10001501: Connection obtained from JdbcConnectionAccess [org.hibernate.engine.jdbc.env.internal.JdbcEnvironmentInitiator$ConnectionProviderJdbcConnectionAccess@521ce7e2] for (non-JTA) DDL execution was not in auto-commit mode; the Connection 'local transaction' will be committed and the Connection will be set into auto-commit mode.
?[m?[37m[INFO] 11:04:40,356 [Test worker] persistence.HibernateConfiguration.makeSessionFactoryForSchemas - Created session factory for schemas: [VaultMigrationSchemaV1(name=net.corda.node.migration.VaultMigrationSchema, version=1), VaultSchemaV1(name=net.corda.node.services.vault.VaultSchema, version=1)]
?[m?[37m[INFO] 11:04:40,356 [Test worker] internal.QueryTranslatorFactoryInitiator.initiateService - HHH000397: Using ASTQueryTranslatorFactory
?[m?[37m[INFO] 11:04:40,366 [Test worker] migration.VaultStateMigration.execute - Finished performing vault state data migration for 0 states
?[m?[37m[INFO] 11:04:40,366 [Test worker] liquibase.info - master.changelog.json: migration/vault-schema.changelog-v9.xml::update-vault-states::R3.Corda: null
?[m?[37m[INFO] 11:04:40,366 [Test worker] liquibase.info - master.changelog.json: migration/vault-schema.changelog-v9.xml::update-vault-states::R3.Corda: ChangeSet migration/vault-schema.changelog-v9.xml::update-vault-states::R3.Corda ran successfully in 95ms
?[m?[37m[INFO] 11:04:40,368 [Test worker] liquibase.info - master.changelog.json: migration/cash.changelog-init.xml::1511451595465-2::R3.Corda: Table contract_cash_states created
?[m?[37m[INFO] 11:04:40,368 [Test worker] liquibase.info - master.changelog.json: migration/cash.changelog-init.xml::1511451595465-2::R3.Corda: ChangeSet migration/cash.changelog-init.xml::1511451595465-2::R3.Corda ran successfully in 1ms
?[m?[37m[INFO] 11:04:40,369 [Test worker] liquibase.info - master.changelog.json: migration/cash.changelog-init.xml::1511451595465-28::R3.Corda: Primary key added to contract_cash_states (output_index, transaction_id)
?[m?[37m[INFO] 11:04:40,370 [Test worker] liquibase.info - master.changelog.json: migration/cash.changelog-init.xml::1511451595465-28::R3.Corda: ChangeSet migration/cash.changelog-init.xml::1511451595465-28::R3.Corda ran successfully in 0ms
?[m?[37m[INFO] 11:04:40,371 [Test worker] liquibase.info - master.changelog.json: migration/cash.changelog-init.xml::1511451595465-51::R3.Corda: Index ccy_code_idx created
?[m?[37m[INFO] 11:04:40,371 [Test worker] liquibase.info - master.changelog.json: migration/cash.changelog-init.xml::1511451595465-51::R3.Corda: ChangeSet migration/cash.changelog-init.xml::1511451595465-51::R3.Corda ran successfully in 0ms
?[m?[37m[INFO] 11:04:40,373 [Test worker] liquibase.info - master.changelog.json: migration/cash.changelog-init.xml::1511451595465-57::R3.Corda: Index pennies_idx created
?[m?[37m[INFO] 11:04:40,373 [Test worker] liquibase.info - master.changelog.json: migration/cash.changelog-init.xml::1511451595465-57::R3.Corda: ChangeSet migration/cash.changelog-init.xml::1511451595465-57::R3.Corda ran successfully in 1ms
?[m?[37m[INFO] 11:04:40,376 [Test worker] liquibase.info - master.changelog.json: migration/node-services.changelog-init.xml::1525793504::R3.Corda: Index ccy_code_idx dropped from table contract_cash_states
?[m?[37m[INFO] 11:04:40,377 [Test worker] liquibase.info - master.changelog.json: migration/node-services.changelog-init.xml::1525793504::R3.Corda: Null constraint has been added to contract_cash_states.ccy_code
?[m?[37m[INFO] 11:04:40,378 [Test worker] liquibase.info - master.changelog.json: migration/node-services.changelog-init.xml::1525793504::R3.Corda: Index ccy_code_idx created
?[m?[37m[INFO] 11:04:40,378 [Test worker] liquibase.info - master.changelog.json: migration/node-services.changelog-init.xml::1525793504::R3.Corda: Null constraint has been added to contract_cash_states.issuer_key_hash
?[m?[37m[INFO] 11:04:40,379 [Test worker] liquibase.info - master.changelog.json: migration/node-services.changelog-init.xml::1525793504::R3.Corda: Null constraint has been added to contract_cash_states.issuer_ref
?[m?[37m[INFO] 11:04:40,379 [Test worker] liquibase.info - master.changelog.json: migration/node-services.changelog-init.xml::1525793504::R3.Corda: Index pennies_idx dropped from table contract_cash_states
?[m?[37m[INFO] 11:04:40,379 [Test worker] liquibase.info - master.changelog.json: migration/node-services.changelog-init.xml::1525793504::R3.Corda: Null constraint has been added to contract_cash_states.pennies
?[m?[37m[INFO] 11:04:40,380 [Test worker] liquibase.info - master.changelog.json: migration/node-services.changelog-init.xml::1525793504::R3.Corda: Index pennies_idx created
?[m?[37m[INFO] 11:04:40,380 [Test worker] liquibase.info - master.changelog.json: migration/node-services.changelog-init.xml::1525793504::R3.Corda: ChangeSet migration/node-services.changelog-init.xml::1525793504::R3.Corda ran successfully in 4ms
?[m?[37m[INFO] 11:04:40,383 [Test worker] liquibase.info - master.changelog.json: migration/commercial-paper.changelog-init.xml::1511451595465-3::R3.Corda: Table cp_states created
?[m?[37m[INFO] 11:04:40,383 [Test worker] liquibase.info - master.changelog.json: migration/commercial-paper.changelog-init.xml::1511451595465-3::R3.Corda: ChangeSet migration/commercial-paper.changelog-init.xml::1511451595465-3::R3.Corda ran successfully in 1ms
?[m?[37m[INFO] 11:04:40,384 [Test worker] liquibase.info - master.changelog.json: migration/commercial-paper.changelog-init.xml::1511451595465-29::R3.Corda: Primary key added to cp_states (output_index, transaction_id)
?[m?[37m[INFO] 11:04:40,384 [Test worker] liquibase.info - master.changelog.json: migration/commercial-paper.changelog-init.xml::1511451595465-29::R3.Corda: ChangeSet migration/commercial-paper.changelog-init.xml::1511451595465-29::R3.Corda ran successfully in 0ms
?[m?[37m[INFO] 11:04:40,386 [Test worker] liquibase.info - master.changelog.json: migration/commercial-paper.changelog-init.xml::1511451595465-52::R3.Corda: Index ccy_code_index created
?[m?[37m[INFO] 11:04:40,386 [Test worker] liquibase.info - master.changelog.json: migration/commercial-paper.changelog-init.xml::1511451595465-52::R3.Corda: ChangeSet migration/commercial-paper.changelog-init.xml::1511451595465-52::R3.Corda ran successfully in 1ms
?[m?[37m[INFO] 11:04:40,387 [Test worker] liquibase.info - master.changelog.json: migration/commercial-paper.changelog-init.xml::1511451595465-54::R3.Corda: Index face_value_index created
?[m?[37m[INFO] 11:04:40,388 [Test worker] liquibase.info - master.changelog.json: migration/commercial-paper.changelog-init.xml::1511451595465-54::R3.Corda: ChangeSet migration/commercial-paper.changelog-init.xml::1511451595465-54::R3.Corda ran successfully in 0ms
?[m?[37m[INFO] 11:04:40,389 [Test worker] liquibase.info - master.changelog.json: migration/commercial-paper.changelog-init.xml::1511451595465-56::R3.Corda: Index maturity_index created
?[m?[37m[INFO] 11:04:40,389 [Test worker] liquibase.info - master.changelog.json: migration/commercial-paper.changelog-init.xml::1511451595465-56::R3.Corda: ChangeSet migration/commercial-paper.changelog-init.xml::1511451595465-56::R3.Corda ran successfully in 0ms
?[m?[37m[INFO] 11:04:40,392 [Test worker] liquibase.info - master.changelog.json: migration/commercial-paper.changelog-v1.xml::1525962920::R3.Corda: Index ccy_code_index dropped from table cp_states
?[m?[37m[INFO] 11:04:40,392 [Test worker] liquibase.info - master.changelog.json: migration/commercial-paper.changelog-v1.xml::1525962920::R3.Corda: Null constraint has been added to cp_states.ccy_code
?[m?[37m[INFO] 11:04:40,393 [Test worker] liquibase.info - master.changelog.json: migration/commercial-paper.changelog-v1.xml::1525962920::R3.Corda: Index ccy_code_index created
?[m?[37m[INFO] 11:04:40,394 [Test worker] liquibase.info - master.changelog.json: migration/commercial-paper.changelog-v1.xml::1525962920::R3.Corda: Index face_value_index dropped from table cp_states
?[m?[37m[INFO] 11:04:40,394 [Test worker] liquibase.info - master.changelog.json: migration/commercial-paper.changelog-v1.xml::1525962920::R3.Corda: Null constraint has been added to cp_states.face_value
?[m?[37m[INFO] 11:04:40,395 [Test worker] liquibase.info - master.changelog.json: migration/commercial-paper.changelog-v1.xml::1525962920::R3.Corda: Index face_value_index created
?[m?[37m[INFO] 11:04:40,395 [Test worker] liquibase.info - master.changelog.json: migration/commercial-paper.changelog-v1.xml::1525962920::R3.Corda: Null constraint has been added to cp_states.face_value_issuer_key_hash
?[m?[37m[INFO] 11:04:40,396 [Test worker] liquibase.info - master.changelog.json: migration/commercial-paper.changelog-v1.xml::1525962920::R3.Corda: Null constraint has been added to cp_states.face_value_issuer_ref
?[m?[37m[INFO] 11:04:40,396 [Test worker] liquibase.info - master.changelog.json: migration/commercial-paper.changelog-v1.xml::1525962920::R3.Corda: Null constraint has been added to cp_states.issuance_key_hash
?[m?[37m[INFO] 11:04:40,396 [Test worker] liquibase.info - master.changelog.json: migration/commercial-paper.changelog-v1.xml::1525962920::R3.Corda: Null constraint has been added to cp_states.issuance_ref
?[m?[37m[INFO] 11:04:40,397 [Test worker] liquibase.info - master.changelog.json: migration/commercial-paper.changelog-v1.xml::1525962920::R3.Corda: Index maturity_index dropped from table cp_states
?[m?[37m[INFO] 11:04:40,397 [Test worker] liquibase.info - master.changelog.json: migration/commercial-paper.changelog-v1.xml::1525962920::R3.Corda: Null constraint has been added to cp_states.maturity_instant
?[m?[37m[INFO] 11:04:40,398 [Test worker] liquibase.info - master.changelog.json: migration/commercial-paper.changelog-v1.xml::1525962920::R3.Corda: Index maturity_index created
?[m?[37m[INFO] 11:04:40,398 [Test worker] liquibase.info - master.changelog.json: migration/commercial-paper.changelog-v1.xml::1525962920::R3.Corda: Null constraint has been added to cp_states.owner_key_hash
?[m?[37m[INFO] 11:04:40,398 [Test worker] liquibase.info - master.changelog.json: migration/commercial-paper.changelog-v1.xml::1525962920::R3.Corda: ChangeSet migration/commercial-paper.changelog-v1.xml::1525962920::R3.Corda ran successfully in 7ms
?[m?[37m[INFO] 11:04:40,400 [Test worker] liquibase.info - Successfully released change log lock
?[m?[37m[INFO] 11:04:40,401 [Test worker] internal.InternalMockNetwork$MockNode.invoke - Connected to H2 database.
?[m?[37m[INFO] 11:04:40,403 [Test worker] persistence.HibernateConfiguration.<init> - Init HibernateConfiguration for schemas: [CommonSchemaV1(name=net.corda.core.schemas.CommonSchema, version=1), VaultSchemaV1(name=net.corda.node.services.vault.VaultSchema, version=1), NodeInfoSchemaV1(name=net.corda.node.internal.schemas.NodeInfoSchema, version=1), NodeCoreV1(name=net.corda.node.services.schema.NodeSchemaService$NodeCore, version=1), CashSchemaV1(name=net.corda.finance.schemas.CashSchema, version=1), CommercialPaperSchemaV1(name=net.corda.finance.schemas.CommercialPaperSchema, version=1)]
?[m?[37m[INFO] 11:04:40,403 [Test worker] persistence.HibernateConfiguration.makeSessionFactoryForSchemas - Creating session factory for schemas: [CommonSchemaV1(name=net.corda.core.schemas.CommonSchema, version=1), VaultSchemaV1(name=net.corda.node.services.vault.VaultSchema, version=1), NodeInfoSchemaV1(name=net.corda.node.internal.schemas.NodeInfoSchema, version=1), NodeCoreV1(name=net.corda.node.services.schema.NodeSchemaService$NodeCore, version=1), CashSchemaV1(name=net.corda.finance.schemas.CashSchema, version=1), CommercialPaperSchemaV1(name=net.corda.finance.schemas.CommercialPaperSchema, version=1)]
?[m?[37m[INFO] 11:04:40,409 [Test worker] internal.ConnectionProviderInitiator.initiateService - HHH000130: Instantiating explicit connection provider: net.corda.nodeapi.internal.persistence.HibernateConfiguration$NodeDatabaseConnectionProvider
?[m?[37m[INFO] 11:04:40,410 [Test worker] dialect.Dialect.<init> - HHH000400: Using dialect: org.hibernate.dialect.H2Dialect
?[m?[37m[INFO] 11:04:40,412 [Test worker] type.BasicTypeRegistry.register - HHH000270: Type registration [materialized_blob] overrides previous : org.hibernate.type.MaterializedBlobType@39773eff
?[m?[37m[INFO] 11:04:40,480 [Test worker] connections.access.getIsolatedConnection - HHH10001501: Connection obtained from JdbcConnectionAccess [org.hibernate.engine.jdbc.env.internal.JdbcEnvironmentInitiator$ConnectionProviderJdbcConnectionAccess@19b49304] for (non-JTA) DDL execution was not in auto-commit mode; the Connection 'local transaction' will be committed and the Connection will be set into auto-commit mode.
?[m?[37m[INFO] 11:04:40,526 [Test worker] persistence.HibernateConfiguration.makeSessionFactoryForSchemas - Created session factory for schemas: [CommonSchemaV1(name=net.corda.core.schemas.CommonSchema, version=1), VaultSchemaV1(name=net.corda.node.services.vault.VaultSchema, version=1), NodeInfoSchemaV1(name=net.corda.node.internal.schemas.NodeInfoSchema, version=1), NodeCoreV1(name=net.corda.node.services.schema.NodeSchemaService$NodeCore, version=1), CashSchemaV1(name=net.corda.finance.schemas.CashSchema, version=1), CommercialPaperSchemaV1(name=net.corda.finance.schemas.CommercialPaperSchema, version=1)]
?[m?[37m[INFO] 11:04:40,527 [Test worker] internal.InternalMockNetwork$MockNode.obtainIdentity - identity-private-key not found in key store, generating fresh key!
?[m?[37m[INFO] 11:04:40,548 [Test worker] internal.QueryTranslatorFactoryInitiator.initiateService - HHH000397: Using ASTQueryTranslatorFactory
?[m?[37m[INFO] 11:04:40,551 [Test worker] internal.InternalMockNetwork$MockNode.updateNodeInfo - Node-info has changed so submitting update. Old node-info was null
?[m?[37m[INFO] 11:04:40,551 [Test worker] network.PersistentNetworkMapCache.addNode - Adding node with info: NodeInfo(addresses=[mock.node:1000], legalIdentitiesAndCerts=[O=Alice Corp, L=Madrid, C=ES], platformVersion=5, serial=1560938680551)
?[m?[37m[INFO] 11:04:40,553 [Test worker] network.PersistentNetworkMapCache.addNode - No previous node found
?[m?[37m[INFO] 11:04:40,560 [Test worker] internal.InternalMockNetwork$MockNode.updateNodeInfo - New node-info: NodeInfo(addresses=[mock.node:1000], legalIdentitiesAndCerts=[O=Alice Corp, L=Madrid, C=ES], platformVersion=5, serial=1560938680551)
?[m?[37m[INFO] 11:04:40,569 [Test worker] network.NetworkMapUpdater.apply - Auto-accept enabled for network parameter changes which modify only: [epoch, modifiedTime, packageOwnership, whitelistedContractImplementations]
?[m?[37m[INFO] 11:04:40,572 [MockNode-2-2] network.PersistentNetworkMapCache.addNode - Adding node with info: NodeInfo(addresses=[mock.node:1000], legalIdentitiesAndCerts=[O=Alice Corp, L=Madrid, C=ES], platformVersion=5, serial=1560938680551)
?[m?[31m[WARN] 11:04:40,574 [Test worker] utilities.AppendOnlyPersistentMapBase.set - Double insert in net.corda.node.utilities.AppendOnlyPersistentMap for entity class class net.corda.node.services.identity.PersistentIdentityService$PersistentIdentityNames key O=Alice Corp, L=Madrid, C=ES, not inserting the second time
?[m?[37m[INFO] 11:04:40,577 [MockNode-2-2] network.PersistentNetworkMapCache.addNode - Previous node was identical to incoming one - doing nothing
?[m?[37m[INFO] 11:04:40,630 [Test worker] ClassloaderUtils.logElapsedTime - Contracts loading for '/var/folders/1r/w2pkkn4n22qdmrtblzd5t0200000gp/T/attachment5603298996876529836.jar' took 51 msec
?[m?[37m[INFO] 11:04:40,660 [Test worker] persistence.NodeAttachmentService.invoke - Stored new attachment: id=C2F26FA5BD1C5A3BAF4F109838BD28196CED189F51176C80FCD8858A5E55E45F uploader=app filename=null
?[m?[37m[INFO] 11:04:40,663 [Test worker] cordapp.CordappConfigFileProvider.getConfigByName - Found config for cordapp corda-finance-workflows-5.0-SNAPSHOT-WILLH in build/mock-network/20190619-100422.550/nodes/1/cordapps/config/corda-finance-workflows-5.0-SNAPSHOT-WILLH.conf
?[m?[37m[INFO] 11:04:40,663 [Test worker] internal.InternalMockNetwork$MockNode.installCordaService - Installed net.corda.finance.internal.ConfigHolder Corda service
?[m?[37m[INFO] 11:04:40,669 [Test worker] statemachine.SingleThreadedStateMachineManager.invoke - Node ready, info: NodeInfo(addresses=[mock.node:1000], legalIdentitiesAndCerts=[O=Alice Corp, L=Madrid, C=ES], platformVersion=5, serial=1560938680551)
?[m?[37m[INFO] 11:04:40,673 [Test worker] network.PersistentNetworkMapCache.addNode - Adding node with info: NodeInfo(addresses=[mock.node:1000], legalIdentitiesAndCerts=[O=Notary Service, L=Zurich, C=CH], platformVersion=5, serial=1560938678748)
?[m?[37m[INFO] 11:04:40,674 [Test worker] network.PersistentNetworkMapCache.addNode - No previous node found
?[m?[37m[INFO] 11:04:40,687 [Test worker] network.PersistentNetworkMapCache.addNode - Adding node with info: NodeInfo(addresses=[mock.node:1000], legalIdentitiesAndCerts=[O=Alice Corp, L=Madrid, C=ES], platformVersion=5, serial=1560938680551)
?[m?[37m[INFO] 11:04:40,688 [Test worker] network.PersistentNetworkMapCache.addNode - No previous node found
?[m?[37m[INFO] 11:04:40,700 [Test worker] network.PersistentNetworkMapCache.addNode - Adding node with info: NodeInfo(addresses=[mock.node:1000], legalIdentitiesAndCerts=[O=Alice Corp, L=Madrid, C=ES], platformVersion=5, serial=1560938680551)
?[m?[37m[INFO] 11:04:40,700 [Test worker] network.PersistentNetworkMapCache.addNode - Previous node was identical to incoming one - doing nothing
?[m?[37m[INFO] 11:04:40,700 [Test worker] network.PersistentNetworkMapCache.addNode - Adding node with info: NodeInfo(addresses=[mock.node:1000], legalIdentitiesAndCerts=[O=Alice Corp, L=Madrid, C=ES], platformVersion=5, serial=1560938680551)
?[m?[37m[INFO] 11:04:40,700 [Test worker] network.PersistentNetworkMapCache.addNode - Previous node was identical to incoming one - doing nothing
?[m?[37m[INFO] 11:04:40,707 [Test worker] cordapp.JarScanningCordappLoader.fromDirectories - Looking for CorDapps in [build/mock-network/20190619-100422.550/nodes/2/cordapps]
?[m?[37m[INFO] 11:04:40,707 [Test worker] cordapp.JarScanningCordappLoader.<init> - Loading CorDapps from RestrictedURL(url=file:/Users/williamhester/Desktop/Applications/confidential-identities/workflows/build/mock-network/20190619-100422.550/nodes/2/cordapps/corda-finance-contracts-5.0-SNAPSHOT-WILLH.jar, rootPackageName=null), RestrictedURL(url=file:/Users/williamhester/Desktop/Applications/confidential-identities/workflows/build/mock-network/20190619-100422.550/nodes/2/cordapps/corda-finance-workflows-5.0-SNAPSHOT-WILLH.jar, rootPackageName=null)
?[m?[37m[INFO] 11:04:40,707 [Test worker] cordapp.JarScanningCordappLoader.scanCordapp - Scanning CorDapp in file:/Users/williamhester/Desktop/Applications/confidential-identities/workflows/build/mock-network/20190619-100422.550/nodes/2/cordapps/corda-finance-contracts-5.0-SNAPSHOT-WILLH.jar
?[m?[37m[INFO] 11:04:40,763 [Test worker] cordapp.JarScanningCordappLoader.scanCordapp - Scanning CorDapp in file:/Users/williamhester/Desktop/Applications/confidential-identities/workflows/build/mock-network/20190619-100422.550/nodes/2/cordapps/corda-finance-workflows-5.0-SNAPSHOT-WILLH.jar
?[m?[37m[INFO] 11:04:40,816 [Test worker] internal.InternalMockNetwork$MockNode.start - Node starting up ...
?[m?[37m[INFO] 11:04:40,857 [Test worker] internal.NodeFlowManager.registerInitiatedFlow - Registered net.corda.finance.flows.CashExitFlow to initiate net.corda.finance.flows.CashExitResponderFlow (version 1)
?[m?[37m[INFO] 11:04:40,857 [Test worker] internal.NodeFlowManager.registerInitiatedFlow - Registered net.corda.finance.flows.CashPaymentFlow to initiate net.corda.finance.flows.CashPaymentReceiverFlow (version 1)
?[m?[37m[INFO] 11:04:40,861 [Test worker] internal.InternalMockNetwork$MockNode.start - Loaded network parameters: NetworkParameters {
      minimumPlatformVersion=1
      notaries=[NotaryInfo(identity=O=Notary Service, L=Zurich, C=CH, validating=true)]
      maxMessageSize=10485760
      maxTransactionSize=524288000
      whitelistedContractImplementations {
        
      }
      eventHorizon=PT720H
      packageOwnership {
        
      }
      modifiedTime=2019-06-19T10:04:22.550Z
      epoch=1
  }
?[m?[37m[INFO] 11:04:40,861 [Test worker] hikari.HikariDataSource.<init> - HikariPool-3 - Started.
?[m?[37m[INFO] 11:04:41,100 [Test worker] liquibase.info - Creating database history table with name: PUBLIC.DATABASECHANGELOG
?[m?[37m[INFO] 11:04:41,103 [Test worker] liquibase.info - Reading from PUBLIC.DATABASECHANGELOG
?[m?[37m[INFO] 11:04:41,112 [Test worker] liquibase.info - master.changelog.json: migration/vault-schema.changelog-pkey.xml::non-clustered_pk-11::R3.Corda: Skipping changeSet migration/vault-schema.changelog-pkey.xml::non-clustered_pk-11::R3.Corda due to validation error(s): clustered is not allowed on h2
?[m?[37m[INFO] 11:04:41,112 [Test worker] liquibase.info - master.changelog.json: migration/vault-schema.changelog-pkey.xml::non-clustered_pk-12::R3.Corda: Skipping changeSet migration/vault-schema.changelog-pkey.xml::non-clustered_pk-12::R3.Corda due to validation error(s): clustered is not allowed on h2
?[m?[37m[INFO] 11:04:41,113 [Test worker] liquibase.info - master.changelog.json: migration/vault-schema.changelog-pkey.xml::non-clustered_pk-13::R3.Corda: Skipping changeSet migration/vault-schema.changelog-pkey.xml::non-clustered_pk-13::R3.Corda due to validation error(s): clustered is not allowed on h2
?[m?[37m[INFO] 11:04:41,126 [Test worker] liquibase.info - master.changelog.json: migration/node-core.changelog-pkey.xml::non-clustered_pk-1::R3.Corda: Skipping changeSet migration/node-core.changelog-pkey.xml::non-clustered_pk-1::R3.Corda due to validation error(s): clustered is not allowed on h2
?[m?[37m[INFO] 11:04:41,126 [Test worker] liquibase.info - master.changelog.json: migration/node-core.changelog-pkey.xml::non-clustered_pk-2::R3.Corda: Skipping changeSet migration/node-core.changelog-pkey.xml::non-clustered_pk-2::R3.Corda due to validation error(s): clustered is not allowed on h2
?[m?[37m[INFO] 11:04:41,126 [Test worker] liquibase.info - master.changelog.json: migration/node-core.changelog-pkey.xml::non-clustered_pk-3::R3.Corda: Skipping changeSet migration/node-core.changelog-pkey.xml::non-clustered_pk-3::R3.Corda due to validation error(s): clustered is not allowed on h2
?[m?[37m[INFO] 11:04:41,126 [Test worker] liquibase.info - master.changelog.json: migration/node-core.changelog-pkey.xml::non-clustered_pk-4::R3.Corda: Skipping changeSet migration/node-core.changelog-pkey.xml::non-clustered_pk-4::R3.Corda due to validation error(s): clustered is not allowed on h2
?[m?[37m[INFO] 11:04:41,127 [Test worker] liquibase.info - master.changelog.json: migration/node-core.changelog-pkey.xml::non-clustered_pk-5::R3.Corda: Skipping changeSet migration/node-core.changelog-pkey.xml::non-clustered_pk-5::R3.Corda due to validation error(s): clustered is not allowed on h2
?[m?[37m[INFO] 11:04:41,127 [Test worker] liquibase.info - master.changelog.json: migration/node-core.changelog-pkey.xml::non-clustered_pk-6::R3.Corda: Skipping changeSet migration/node-core.changelog-pkey.xml::non-clustered_pk-6::R3.Corda due to validation error(s): clustered is not allowed on h2
?[m?[37m[INFO] 11:04:41,128 [Test worker] liquibase.info - master.changelog.json: migration/node-core.changelog-pkey.xml::non-clustered_pk-7::R3.Corda: Skipping changeSet migration/node-core.changelog-pkey.xml::non-clustered_pk-7::R3.Corda due to validation error(s): clustered is not allowed on h2
?[m?[37m[INFO] 11:04:41,131 [Test worker] liquibase.info - master.changelog.json: migration/cash.changelog-init.xml::non-clustered_pk-cash::R3.Corda: Skipping changeSet migration/cash.changelog-init.xml::non-clustered_pk-cash::R3.Corda due to validation error(s): clustered is not allowed on h2
?[m?[37m[INFO] 11:04:41,133 [Test worker] liquibase.info - master.changelog.json: migration/commercial-paper.changelog-init.xml::non-clustered_pk-commercial-paper::R3.Corda: Skipping changeSet migration/commercial-paper.changelog-init.xml::non-clustered_pk-commercial-paper::R3.Corda due to validation error(s): clustered is not allowed on h2
?[m?[37m[INFO] 11:04:41,136 [Test worker] liquibase.info - Successfully acquired change log lock
?[m?[37m[INFO] 11:04:41,138 [Test worker] liquibase.info - master.changelog.json: migration/vault-schema.changelog-pkey.xml::non-clustered_pk-11::R3.Corda: Skipping changeSet migration/vault-schema.changelog-pkey.xml::non-clustered_pk-11::R3.Corda due to validation error(s): clustered is not allowed on h2
?[m?[37m[INFO] 11:04:41,139 [Test worker] liquibase.info - master.changelog.json: migration/vault-schema.changelog-pkey.xml::non-clustered_pk-12::R3.Corda: Skipping changeSet migration/vault-schema.changelog-pkey.xml::non-clustered_pk-12::R3.Corda due to validation error(s): clustered is not allowed on h2
?[m?[37m[INFO] 11:04:41,139 [Test worker] liquibase.info - master.changelog.json: migration/vault-schema.changelog-pkey.xml::non-clustered_pk-13::R3.Corda: Skipping changeSet migration/vault-schema.changelog-pkey.xml::non-clustered_pk-13::R3.Corda due to validation error(s): clustered is not allowed on h2
?[m?[37m[INFO] 11:04:41,143 [Test worker] liquibase.info - master.changelog.json: migration/node-core.changelog-pkey.xml::non-clustered_pk-1::R3.Corda: Skipping changeSet migration/node-core.changelog-pkey.xml::non-clustered_pk-1::R3.Corda due to validation error(s): clustered is not allowed on h2
?[m?[37m[INFO] 11:04:41,144 [Test worker] liquibase.info - master.changelog.json: migration/node-core.changelog-pkey.xml::non-clustered_pk-2::R3.Corda: Skipping changeSet migration/node-core.changelog-pkey.xml::non-clustered_pk-2::R3.Corda due to validation error(s): clustered is not allowed on h2
?[m?[37m[INFO] 11:04:41,144 [Test worker] liquibase.info - master.changelog.json: migration/node-core.changelog-pkey.xml::non-clustered_pk-3::R3.Corda: Skipping changeSet migration/node-core.changelog-pkey.xml::non-clustered_pk-3::R3.Corda due to validation error(s): clustered is not allowed on h2
?[m?[37m[INFO] 11:04:41,144 [Test worker] liquibase.info - master.changelog.json: migration/node-core.changelog-pkey.xml::non-clustered_pk-4::R3.Corda: Skipping changeSet migration/node-core.changelog-pkey.xml::non-clustered_pk-4::R3.Corda due to validation error(s): clustered is not allowed on h2
?[m?[37m[INFO] 11:04:41,144 [Test worker] liquibase.info - master.changelog.json: migration/node-core.changelog-pkey.xml::non-clustered_pk-5::R3.Corda: Skipping changeSet migration/node-core.changelog-pkey.xml::non-clustered_pk-5::R3.Corda due to validation error(s): clustered is not allowed on h2
?[m?[37m[INFO] 11:04:41,144 [Test worker] liquibase.info - master.changelog.json: migration/node-core.changelog-pkey.xml::non-clustered_pk-6::R3.Corda: Skipping changeSet migration/node-core.changelog-pkey.xml::non-clustered_pk-6::R3.Corda due to validation error(s): clustered is not allowed on h2
?[m?[37m[INFO] 11:04:41,144 [Test worker] liquibase.info - master.changelog.json: migration/node-core.changelog-pkey.xml::non-clustered_pk-7::R3.Corda: Skipping changeSet migration/node-core.changelog-pkey.xml::non-clustered_pk-7::R3.Corda due to validation error(s): clustered is not allowed on h2
?[m?[37m[INFO] 11:04:41,146 [Test worker] liquibase.info - master.changelog.json: migration/cash.changelog-init.xml::non-clustered_pk-cash::R3.Corda: Skipping changeSet migration/cash.changelog-init.xml::non-clustered_pk-cash::R3.Corda due to validation error(s): clustered is not allowed on h2
?[m?[37m[INFO] 11:04:41,146 [Test worker] liquibase.info - master.changelog.json: migration/commercial-paper.changelog-init.xml::non-clustered_pk-commercial-paper::R3.Corda: Skipping changeSet migration/commercial-paper.changelog-init.xml::non-clustered_pk-commercial-paper::R3.Corda due to validation error(s): clustered is not allowed on h2
?[m?[37m[INFO] 11:04:41,149 [Test worker] liquibase.info - master.changelog.json: migration/common.changelog-init.xml::1511451595465-1.1::R3.Corda: Sequence hibernate_sequence created
?[m?[37m[INFO] 11:04:41,149 [Test worker] liquibase.info - master.changelog.json: migration/common.changelog-init.xml::1511451595465-1.1::R3.Corda: ChangeSet migration/common.changelog-init.xml::1511451595465-1.1::R3.Corda ran successfully in 2ms
?[m?[37m[INFO] 11:04:41,151 [Test worker] liquibase.info - master.changelog.json: migration/vault-schema.changelog-init.xml::1511451595465-22::R3.Corda: Table vault_fungible_states created
?[m?[37m[INFO] 11:04:41,151 [Test worker] liquibase.info - master.changelog.json: migration/vault-schema.changelog-init.xml::1511451595465-22::R3.Corda: ChangeSet migration/vault-schema.changelog-init.xml::1511451595465-22::R3.Corda ran successfully in 1ms
?[m?[37m[INFO] 11:04:41,153 [Test worker] liquibase.info - master.changelog.json: migration/vault-schema.changelog-init.xml::1511451595465-23::R3.Corda: Table vault_fungible_states_parts created
?[m?[37m[INFO] 11:04:41,154 [Test worker] liquibase.info - master.changelog.json: migration/vault-schema.changelog-init.xml::1511451595465-23::R3.Corda: ChangeSet migration/vault-schema.changelog-init.xml::1511451595465-23::R3.Corda ran successfully in 0ms
?[m?[37m[INFO] 11:04:41,155 [Test worker] liquibase.info - master.changelog.json: migration/vault-schema.changelog-init.xml::1511451595465-24::R3.Corda: Table vault_linear_states created
?[m?[37m[INFO] 11:04:41,155 [Test worker] liquibase.info - master.changelog.json: migration/vault-schema.changelog-init.xml::1511451595465-24::R3.Corda: ChangeSet migration/vault-schema.changelog-init.xml::1511451595465-24::R3.Corda ran successfully in 1ms
?[m?[37m[INFO] 11:04:41,157 [Test worker] liquibase.info - master.changelog.json: migration/vault-schema.changelog-init.xml::1511451595465-25::R3.Corda: Table vault_linear_states_parts created
?[m?[37m[INFO] 11:04:41,157 [Test worker] liquibase.info - master.changelog.json: migration/vault-schema.changelog-init.xml::1511451595465-25::R3.Corda: ChangeSet migration/vault-schema.changelog-init.xml::1511451595465-25::R3.Corda ran successfully in 1ms
?[m?[37m[INFO] 11:04:41,158 [Test worker] liquibase.info - master.changelog.json: migration/vault-schema.changelog-init.xml::1511451595465-26::R3.Corda: Table vault_states created
?[m?[37m[INFO] 11:04:41,159 [Test worker] liquibase.info - master.changelog.json: migration/vault-schema.changelog-init.xml::1511451595465-26::R3.Corda: ChangeSet migration/vault-schema.changelog-init.xml::1511451595465-26::R3.Corda ran successfully in 1ms
?[m?[37m[INFO] 11:04:41,160 [Test worker] liquibase.info - master.changelog.json: migration/vault-schema.changelog-init.xml::1511451595465-27::R3.Corda: Table vault_transaction_notes created
?[m?[37m[INFO] 11:04:41,161 [Test worker] liquibase.info - master.changelog.json: migration/vault-schema.changelog-init.xml::1511451595465-27::R3.Corda: ChangeSet migration/vault-schema.changelog-init.xml::1511451595465-27::R3.Corda ran successfully in 0ms
?[m?[37m[INFO] 11:04:41,162 [Test worker] liquibase.info - master.changelog.json: migration/vault-schema.changelog-init.xml::1511451595465-47::R3.Corda: Primary key added to vault_fungible_states (output_index, transaction_id)
?[m?[37m[INFO] 11:04:41,162 [Test worker] liquibase.info - master.changelog.json: migration/vault-schema.changelog-init.xml::1511451595465-47::R3.Corda: ChangeSet migration/vault-schema.changelog-init.xml::1511451595465-47::R3.Corda ran successfully in 0ms
?[m?[37m[INFO] 11:04:41,164 [Test worker] liquibase.info - master.changelog.json: migration/vault-schema.changelog-init.xml::1511451595465-48::R3.Corda: Primary key added to vault_linear_states (output_index, transaction_id)
?[m?[37m[INFO] 11:04:41,164 [Test worker] liquibase.info - master.changelog.json: migration/vault-schema.changelog-init.xml::1511451595465-48::R3.Corda: ChangeSet migration/vault-schema.changelog-init.xml::1511451595465-48::R3.Corda ran successfully in 1ms
?[m?[37m[INFO] 11:04:41,166 [Test worker] liquibase.info - master.changelog.json: migration/vault-schema.changelog-init.xml::1511451595465-49::R3.Corda: Primary key added to vault_states (output_index, transaction_id)
?[m?[37m[INFO] 11:04:41,166 [Test worker] liquibase.info - master.changelog.json: migration/vault-schema.changelog-init.xml::1511451595465-49::R3.Corda: ChangeSet migration/vault-schema.changelog-init.xml::1511451595465-49::R3.Corda ran successfully in 1ms
?[m?[37m[INFO] 11:04:41,167 [Test worker] liquibase.info - master.changelog.json: migration/vault-schema.changelog-init.xml::1511451595465-50::R3.Corda: Primary key added to vault_transaction_notes (seq_no)
?[m?[37m[INFO] 11:04:41,168 [Test worker] liquibase.info - master.changelog.json: migration/vault-schema.changelog-init.xml::1511451595465-50::R3.Corda: ChangeSet migration/vault-schema.changelog-init.xml::1511451595465-50::R3.Corda ran successfully in 0ms
?[m?[37m[INFO] 11:04:41,169 [Test worker] liquibase.info - master.changelog.json: migration/vault-schema.changelog-init.xml::1511451595465-53::R3.Corda: Index external_id_index created
?[m?[37m[INFO] 11:04:41,169 [Test worker] liquibase.info - master.changelog.json: migration/vault-schema.changelog-init.xml::1511451595465-53::R3.Corda: ChangeSet migration/vault-schema.changelog-init.xml::1511451595465-53::R3.Corda ran successfully in 0ms
?[m?[37m[INFO] 11:04:41,170 [Test worker] liquibase.info - master.changelog.json: migration/vault-schema.changelog-init.xml::1511451595465-55::R3.Corda: Index lock_id_idx created
?[m?[37m[INFO] 11:04:41,171 [Test worker] liquibase.info - master.changelog.json: migration/vault-schema.changelog-init.xml::1511451595465-55::R3.Corda: ChangeSet migration/vault-schema.changelog-init.xml::1511451595465-55::R3.Corda ran successfully in 0ms
?[m?[37m[INFO] 11:04:41,172 [Test worker] liquibase.info - master.changelog.json: migration/vault-schema.changelog-init.xml::1511451595465-58::R3.Corda: Index state_status_idx created
?[m?[37m[INFO] 11:04:41,172 [Test worker] liquibase.info - master.changelog.json: migration/vault-schema.changelog-init.xml::1511451595465-58::R3.Corda: ChangeSet migration/vault-schema.changelog-init.xml::1511451595465-58::R3.Corda ran successfully in 1ms
?[m?[37m[INFO] 11:04:41,173 [Test worker] liquibase.info - master.changelog.json: migration/vault-schema.changelog-init.xml::1511451595465-59::R3.Corda: Index transaction_id_index created
?[m?[37m[INFO] 11:04:41,173 [Test worker] liquibase.info - master.changelog.json: migration/vault-schema.changelog-init.xml::1511451595465-59::R3.Corda: ChangeSet migration/vault-schema.changelog-init.xml::1511451595465-59::R3.Corda ran successfully in 0ms
?[m?[37m[INFO] 11:04:41,175 [Test worker] liquibase.info - master.changelog.json: migration/vault-schema.changelog-init.xml::1511451595465-60::R3.Corda: Index uuid_index created
?[m?[37m[INFO] 11:04:41,175 [Test worker] liquibase.info - master.changelog.json: migration/vault-schema.changelog-init.xml::1511451595465-60::R3.Corda: ChangeSet migration/vault-schema.changelog-init.xml::1511451595465-60::R3.Corda ran successfully in 1ms
?[m?[37m[INFO] 11:04:41,178 [Test worker] liquibase.info - master.changelog.json: migration/vault-schema.changelog-init.xml::1511451595465-64::R3.Corda: Foreign key constraint added to vault_fungible_states_parts (output_index,transaction_id)
?[m?[37m[INFO] 11:04:41,178 [Test worker] liquibase.info - master.changelog.json: migration/vault-schema.changelog-init.xml::1511451595465-64::R3.Corda: ChangeSet migration/vault-schema.changelog-init.xml::1511451595465-64::R3.Corda ran successfully in 2ms
?[m?[37m[INFO] 11:04:41,180 [Test worker] liquibase.info - master.changelog.json: migration/vault-schema.changelog-init.xml::1511451595465-65::R3.Corda: Foreign key constraint added to vault_linear_states_parts (output_index,transaction_id)
?[m?[37m[INFO] 11:04:41,180 [Test worker] liquibase.info - master.changelog.json: migration/vault-schema.changelog-init.xml::1511451595465-65::R3.Corda: ChangeSet migration/vault-schema.changelog-init.xml::1511451595465-65::R3.Corda ran successfully in 1ms
?[m?[37m[INFO] 11:04:41,181 [Test worker] liquibase.info - master.changelog.json: migration/vault-schema.changelog-v3.xml::clean_vault::R3.Corda: Data deleted from vault_fungible_states_parts
?[m?[37m[INFO] 11:04:41,181 [Test worker] liquibase.info - master.changelog.json: migration/vault-schema.changelog-v3.xml::clean_vault::R3.Corda: Data deleted from vault_fungible_states
?[m?[37m[INFO] 11:04:41,182 [Test worker] liquibase.info - master.changelog.json: migration/vault-schema.changelog-v3.xml::clean_vault::R3.Corda: Data deleted from vault_linear_states_parts
?[m?[37m[INFO] 11:04:41,182 [Test worker] liquibase.info - master.changelog.json: migration/vault-schema.changelog-v3.xml::clean_vault::R3.Corda: Data deleted from vault_linear_states
?[m?[37m[INFO] 11:04:41,182 [Test worker] liquibase.info - master.changelog.json: migration/vault-schema.changelog-v3.xml::clean_vault::R3.Corda: Data deleted from vault_states
?[m?[37m[INFO] 11:04:41,182 [Test worker] liquibase.info - master.changelog.json: migration/vault-schema.changelog-v3.xml::clean_vault::R3.Corda: Data deleted from vault_transaction_notes
?[m?[37m[INFO] 11:04:41,183 [Test worker] liquibase.info - master.changelog.json: migration/vault-schema.changelog-v3.xml::clean_vault::R3.Corda: ChangeSet migration/vault-schema.changelog-v3.xml::clean_vault::R3.Corda ran successfully in 1ms
?[m?[37m[INFO] 11:04:41,184 [Test worker] liquibase.info - master.changelog.json: migration/vault-schema.changelog-v4.xml::nullability::R3.Corda: Null constraint has been added to vault_fungible_states.quantity
?[m?[37m[INFO] 11:04:41,185 [Test worker] liquibase.info - master.changelog.json: migration/vault-schema.changelog-v4.xml::nullability::R3.Corda: Null constraint has been added to vault_states.contract_state_class_name
?[m?[37m[INFO] 11:04:41,185 [Test worker] liquibase.info - master.changelog.json: migration/vault-schema.changelog-v4.xml::nullability::R3.Corda: Null constraint has been added to vault_states.notary_name
?[m?[37m[INFO] 11:04:41,186 [Test worker] liquibase.info - master.changelog.json: migration/vault-schema.changelog-v4.xml::nullability::R3.Corda: Null constraint has been added to vault_states.recorded_timestamp
?[m?[37m[INFO] 11:04:41,186 [Test worker] liquibase.info - master.changelog.json: migration/vault-schema.changelog-v4.xml::nullability::R3.Corda: Index state_status_idx dropped from table vault_states
?[m?[37m[INFO] 11:04:41,187 [Test worker] liquibase.info - master.changelog.json: migration/vault-schema.changelog-v4.xml::nullability::R3.Corda: Index lock_id_idx dropped from table vault_states
?[m?[37m[INFO] 11:04:41,187 [Test worker] liquibase.info - master.changelog.json: migration/vault-schema.changelog-v4.xml::nullability::R3.Corda: Null constraint has been added to vault_states.state_status
?[m?[37m[INFO] 11:04:41,188 [Test worker] liquibase.info - master.changelog.json: migration/vault-schema.changelog-v4.xml::nullability::R3.Corda: Index state_status_idx created
?[m?[37m[INFO] 11:04:41,188 [Test worker] liquibase.info - master.changelog.json: migration/vault-schema.changelog-v4.xml::nullability::R3.Corda: Index lock_id_idx created
?[m?[37m[INFO] 11:04:41,188 [Test worker] liquibase.info - master.changelog.json: migration/vault-schema.changelog-v4.xml::nullability::R3.Corda: Index transaction_id_index dropped from table vault_transaction_notes
?[m?[37m[INFO] 11:04:41,189 [Test worker] liquibase.info - master.changelog.json: migration/vault-schema.changelog-v4.xml::nullability::R3.Corda: Null constraint has been added to vault_transaction_notes.note
?[m?[37m[INFO] 11:04:41,189 [Test worker] liquibase.info - master.changelog.json: migration/vault-schema.changelog-v4.xml::nullability::R3.Corda: Null constraint has been added to vault_transaction_notes.transaction_id
?[m?[37m[INFO] 11:04:41,190 [Test worker] liquibase.info - master.changelog.json: migration/vault-schema.changelog-v4.xml::nullability::R3.Corda: Index transaction_id_index created
?[m?[37m[INFO] 11:04:41,190 [Test worker] liquibase.info - master.changelog.json: migration/vault-schema.changelog-v4.xml::nullability::R3.Corda: ChangeSet migration/vault-schema.changelog-v4.xml::nullability::R3.Corda ran successfully in 6ms
?[m?[37m[INFO] 11:04:41,197 [Test worker] liquibase.info - master.changelog.json: migration/vault-schema.changelog-v5.xml::add_relevancy_status_column::R3.Corda: Columns relevancy_status(INT) added to vault_states
?[m?[37m[INFO] 11:04:41,197 [Test worker] liquibase.info - master.changelog.json: migration/vault-schema.changelog-v5.xml::add_relevancy_status_column::R3.Corda: Data updated in vault_states
?[m?[37m[INFO] 11:04:41,197 [Test worker] liquibase.info - master.changelog.json: migration/vault-schema.changelog-v5.xml::add_relevancy_status_column::R3.Corda: Null constraint has been added to vault_states.relevancy_status
?[m?[37m[INFO] 11:04:41,197 [Test worker] liquibase.info - master.changelog.json: migration/vault-schema.changelog-v5.xml::add_relevancy_status_column::R3.Corda: ChangeSet migration/vault-schema.changelog-v5.xml::add_relevancy_status_column::R3.Corda ran successfully in 3ms
?[m?[37m[INFO] 11:04:41,201 [Test worker] liquibase.info - master.changelog.json: migration/vault-schema.changelog-v6.xml::add_is_constraint_information_columns::R3.Corda: Columns constraint_type(INT) added to vault_states
?[m?[37m[INFO] 11:04:41,203 [Test worker] liquibase.info - master.changelog.json: migration/vault-schema.changelog-v6.xml::add_is_constraint_information_columns::R3.Corda: Columns constraint_data(varbinary(563)) added to vault_states
?[m?[37m[INFO] 11:04:41,204 [Test worker] liquibase.info - master.changelog.json: migration/vault-schema.changelog-v6.xml::add_is_constraint_information_columns::R3.Corda: ChangeSet migration/vault-schema.changelog-v6.xml::add_is_constraint_information_columns::R3.Corda ran successfully in 5ms
?[m?[37m[INFO] 11:04:41,205 [Test worker] liquibase.info - master.changelog.json: migration/vault-schema.changelog-v7.xml::make_issuer_ref_nullable::R3.Corda: Null constraint dropped from vault_fungible_states.issuer_ref
?[m?[37m[INFO] 11:04:41,205 [Test worker] liquibase.info - master.changelog.json: migration/vault-schema.changelog-v7.xml::make_issuer_ref_nullable::R3.Corda: ChangeSet migration/vault-schema.changelog-v7.xml::make_issuer_ref_nullable::R3.Corda ran successfully in 0ms
?[m?[37m[INFO] 11:04:41,207 [Test worker] liquibase.info - master.changelog.json: migration/vault-schema.changelog-v8.xml::create-external-id-to-state-party-view::R3.Corda: Table state_party created
?[m?[37m[INFO] 11:04:41,208 [Test worker] liquibase.info - master.changelog.json: migration/vault-schema.changelog-v8.xml::create-external-id-to-state-party-view::R3.Corda: Index state_pk_hash_idx created
?[m?[37m[INFO] 11:04:41,208 [Test worker] liquibase.info - master.changelog.json: migration/vault-schema.changelog-v8.xml::create-external-id-to-state-party-view::R3.Corda: Table pk_hash_to_ext_id_map created
?[m?[37m[INFO] 11:04:41,209 [Test worker] liquibase.info - master.changelog.json: migration/vault-schema.changelog-v8.xml::create-external-id-to-state-party-view::R3.Corda: Index pk_hash_to_xid_idx created
?[m?[37m[INFO] 11:04:41,210 [Test worker] liquibase.info - master.changelog.json: migration/vault-schema.changelog-v8.xml::create-external-id-to-state-party-view::R3.Corda: View v_pkey_hash_ex_id_map created
?[m?[37m[INFO] 11:04:41,210 [Test worker] liquibase.info - master.changelog.json: migration/vault-schema.changelog-v8.xml::create-external-id-to-state-party-view::R3.Corda: ChangeSet migration/vault-schema.changelog-v8.xml::create-external-id-to-state-party-view::R3.Corda ran successfully in 3ms
?[m?[37m[INFO] 11:04:41,212 [Test worker] liquibase.info - master.changelog.json: migration/node-info.changelog-init.xml::1511451595465-4::R3.Corda: Table node_link_nodeinfo_party created
?[m?[37m[INFO] 11:04:41,213 [Test worker] liquibase.info - master.changelog.json: migration/node-info.changelog-init.xml::1511451595465-4::R3.Corda: ChangeSet migration/node-info.changelog-init.xml::1511451595465-4::R3.Corda ran successfully in 1ms
?[m?[37m[INFO] 11:04:41,215 [Test worker] liquibase.info - master.changelog.json: migration/node-info.changelog-init.xml::1511451595465-10::R3.Corda: Table node_info_hosts created
?[m?[37m[INFO] 11:04:41,215 [Test worker] liquibase.info - master.changelog.json: migration/node-info.changelog-init.xml::1511451595465-10::R3.Corda: ChangeSet migration/node-info.changelog-init.xml::1511451595465-10::R3.Corda ran successfully in 1ms
?[m?[37m[INFO] 11:04:41,216 [Test worker] liquibase.info - master.changelog.json: migration/node-info.changelog-init.xml::1511451595465-11::R3.Corda: Table node_info_party_cert created
?[m?[37m[INFO] 11:04:41,217 [Test worker] liquibase.info - master.changelog.json: migration/node-info.changelog-init.xml::1511451595465-11::R3.Corda: ChangeSet migration/node-info.changelog-init.xml::1511451595465-11::R3.Corda ran successfully in 0ms
?[m?[37m[INFO] 11:04:41,218 [Test worker] liquibase.info - master.changelog.json: migration/node-info.changelog-init.xml::1511451595465-12::R3.Corda: Table node_infos created
?[m?[37m[INFO] 11:04:41,218 [Test worker] liquibase.info - master.changelog.json: migration/node-info.changelog-init.xml::1511451595465-12::R3.Corda: ChangeSet migration/node-info.changelog-init.xml::1511451595465-12::R3.Corda ran successfully in 0ms
?[m?[37m[INFO] 11:04:41,220 [Test worker] liquibase.info - master.changelog.json: migration/node-info.changelog-init.xml::1511451595465-35::R3.Corda: Primary key added to node_info_hosts (host, port)
?[m?[37m[INFO] 11:04:41,220 [Test worker] liquibase.info - master.changelog.json: migration/node-info.changelog-init.xml::1511451595465-35::R3.Corda: ChangeSet migration/node-info.changelog-init.xml::1511451595465-35::R3.Corda ran successfully in 1ms
?[m?[37m[INFO] 11:04:41,221 [Test worker] liquibase.info - master.changelog.json: migration/node-info.changelog-init.xml::1511451595465-36::R3.Corda: Primary key added to node_info_party_cert (party_name)
?[m?[37m[INFO] 11:04:41,221 [Test worker] liquibase.info - master.changelog.json: migration/node-info.changelog-init.xml::1511451595465-36::R3.Corda: ChangeSet migration/node-info.changelog-init.xml::1511451595465-36::R3.Corda ran successfully in 0ms
?[m?[37m[INFO] 11:04:41,223 [Test worker] liquibase.info - master.changelog.json: migration/node-info.changelog-init.xml::1511451595465-37::R3.Corda: Primary key added to node_infos (node_info_id)
?[m?[37m[INFO] 11:04:41,223 [Test worker] liquibase.info - master.changelog.json: migration/node-info.changelog-init.xml::1511451595465-37::R3.Corda: ChangeSet migration/node-info.changelog-init.xml::1511451595465-37::R3.Corda ran successfully in 1ms
?[m?[37m[INFO] 11:04:41,225 [Test worker] liquibase.info - master.changelog.json: migration/node-info.changelog-init.xml::1511451595465-62::R3.Corda: Foreign key constraint added to node_link_nodeinfo_party (node_info_id)
?[m?[37m[INFO] 11:04:41,226 [Test worker] liquibase.info - master.changelog.json: migration/node-info.changelog-init.xml::1511451595465-62::R3.Corda: ChangeSet migration/node-info.changelog-init.xml::1511451595465-62::R3.Corda ran successfully in 2ms
?[m?[37m[INFO] 11:04:41,228 [Test worker] liquibase.info - master.changelog.json: migration/node-info.changelog-init.xml::1511451595465-63::R3.Corda: Foreign key constraint added to node_info_hosts (node_info_id)
?[m?[37m[INFO] 11:04:41,228 [Test worker] liquibase.info - master.changelog.json: migration/node-info.changelog-init.xml::1511451595465-63::R3.Corda: ChangeSet migration/node-info.changelog-init.xml::1511451595465-63::R3.Corda ran successfully in 1ms
?[m?[37m[INFO] 11:04:41,229 [Test worker] liquibase.info - master.changelog.json: migration/node-info.changelog-init.xml::remove_host_port_pk::R3.Corda: Data deleted from node_infos
?[m?[37m[INFO] 11:04:41,229 [Test worker] liquibase.info - master.changelog.json: migration/node-info.changelog-init.xml::remove_host_port_pk::R3.Corda: Data deleted from node_link_nodeinfo_party
?[m?[37m[INFO] 11:04:41,230 [Test worker] liquibase.info - master.changelog.json: migration/node-info.changelog-init.xml::remove_host_port_pk::R3.Corda: Data deleted from node_info_hosts
?[m?[37m[INFO] 11:04:41,230 [Test worker] liquibase.info - master.changelog.json: migration/node-info.changelog-init.xml::remove_host_port_pk::R3.Corda: Data deleted from node_info_party_cert
?[m?[37m[INFO] 11:04:41,230 [Test worker] liquibase.info - master.changelog.json: migration/node-info.changelog-init.xml::remove_host_port_pk::R3.Corda: Primary key dropped from node_info_hosts
?[m?[37m[INFO] 11:04:41,232 [Test worker] liquibase.info - master.changelog.json: migration/node-info.changelog-init.xml::remove_host_port_pk::R3.Corda: Columns hosts_id(INT) added to node_info_hosts
?[m?[37m[INFO] 11:04:41,232 [Test worker] liquibase.info - master.changelog.json: migration/node-info.changelog-init.xml::remove_host_port_pk::R3.Corda: Primary key added to node_info_hosts (hosts_id)
?[m?[37m[INFO] 11:04:41,232 [Test worker] liquibase.info - master.changelog.json: migration/node-info.changelog-init.xml::remove_host_port_pk::R3.Corda: ChangeSet migration/node-info.changelog-init.xml::remove_host_port_pk::R3.Corda ran successfully in 3ms
?[m?[37m[INFO] 11:04:41,234 [Test worker] liquibase.info - master.changelog.json: migration/node-info.changelog-v1.xml::key/value node properties table::R3.Corda: Table node_properties created
?[m?[37m[INFO] 11:04:41,234 [Test worker] liquibase.info - master.changelog.json: migration/node-info.changelog-v1.xml::key/value node properties table::R3.Corda: ChangeSet migration/node-info.changelog-v1.xml::key/value node properties table::R3.Corda ran successfully in 0ms
?[m?[37m[INFO] 11:04:41,236 [Test worker] liquibase.info - master.changelog.json: migration/node-info.changelog-v2.xml::1525962920::R3.Corda: Null constraint has been added to node_infos.node_info_hash
?[m?[37m[INFO] 11:04:41,236 [Test worker] liquibase.info - master.changelog.json: migration/node-info.changelog-v2.xml::1525962920::R3.Corda: Null constraint has been added to node_infos.platform_version
?[m?[37m[INFO] 11:04:41,237 [Test worker] liquibase.info - master.changelog.json: migration/node-info.changelog-v2.xml::1525962920::R3.Corda: Null constraint has been added to node_infos.serial
?[m?[37m[INFO] 11:04:41,237 [Test worker] liquibase.info - master.changelog.json: migration/node-info.changelog-v2.xml::1525962920::R3.Corda: Null constraint dropped from node_info_hosts.host
?[m?[37m[INFO] 11:04:41,238 [Test worker] liquibase.info - master.changelog.json: migration/node-info.changelog-v2.xml::1525962920::R3.Corda: Null constraint dropped from node_info_hosts.port
?[m?[37m[INFO] 11:04:41,238 [Test worker] liquibase.info - master.changelog.json: migration/node-info.changelog-v2.xml::1525962920::R3.Corda: Null constraint has been added to node_info_party_cert.owning_key_hash
?[m?[37m[INFO] 11:04:41,238 [Test worker] liquibase.info - master.changelog.json: migration/node-info.changelog-v2.xml::1525962920::R3.Corda: Null constraint has been added to node_info_party_cert.party_cert_binary
?[m?[37m[INFO] 11:04:41,239 [Test worker] liquibase.info - master.changelog.json: migration/node-info.changelog-v2.xml::1525962920::R3.Corda: ChangeSet migration/node-info.changelog-v2.xml::1525962920::R3.Corda ran successfully in 2ms
?[m?[37m[INFO] 11:04:41,241 [Test worker] liquibase.info - master.changelog.json: migration/node-info.changelog-v3.xml::column_host_name::R3.Corda: Column node_info_hosts.host renamed to host_name
?[m?[37m[INFO] 11:04:41,241 [Test worker] liquibase.info - master.changelog.json: migration/node-info.changelog-v3.xml::column_host_name::R3.Corda: ChangeSet migration/node-info.changelog-v3.xml::column_host_name::R3.Corda ran successfully in 1ms
?[m?[37m[INFO] 11:04:41,243 [Test worker] liquibase.info - master.changelog.json: migration/node-services.changelog-init.xml::1511451595465-5::R3.Corda: Table node_attachments created
?[m?[37m[INFO] 11:04:41,243 [Test worker] liquibase.info - master.changelog.json: migration/node-services.changelog-init.xml::1511451595465-5::R3.Corda: ChangeSet migration/node-services.changelog-init.xml::1511451595465-5::R3.Corda ran successfully in 1ms
?[m?[37m[INFO] 11:04:41,245 [Test worker] liquibase.info - master.changelog.json: migration/node-services.changelog-init.xml::1511451595465-7::R3.Corda: Table node_checkpoints created
?[m?[37m[INFO] 11:04:41,245 [Test worker] liquibase.info - master.changelog.json: migration/node-services.changelog-init.xml::1511451595465-7::R3.Corda: ChangeSet migration/node-services.changelog-init.xml::1511451595465-7::R3.Corda ran successfully in 1ms
?[m?[37m[INFO] 11:04:41,246 [Test worker] liquibase.info - master.changelog.json: migration/node-services.changelog-init.xml::1511451595465-8::R3.Corda: Table node_contract_upgrades created
?[m?[37m[INFO] 11:04:41,246 [Test worker] liquibase.info - master.changelog.json: migration/node-services.changelog-init.xml::1511451595465-8::R3.Corda: ChangeSet migration/node-services.changelog-init.xml::1511451595465-8::R3.Corda ran successfully in 0ms
?[m?[37m[INFO] 11:04:41,248 [Test worker] liquibase.info - master.changelog.json: migration/node-services.changelog-init.xml::1511451595465-9::R3.Corda: Table node_identities created
?[m?[37m[INFO] 11:04:41,248 [Test worker] liquibase.info - master.changelog.json: migration/node-services.changelog-init.xml::1511451595465-9::R3.Corda: ChangeSet migration/node-services.changelog-init.xml::1511451595465-9::R3.Corda ran successfully in 1ms
?[m?[37m[INFO] 11:04:41,250 [Test worker] liquibase.info - master.changelog.json: migration/node-services.changelog-init.xml::1511451595465-13::R3.Corda: Table node_message_ids created
?[m?[37m[INFO] 11:04:41,250 [Test worker] liquibase.info - master.changelog.json: migration/node-services.changelog-init.xml::1511451595465-13::R3.Corda: ChangeSet migration/node-services.changelog-init.xml::1511451595465-13::R3.Corda ran successfully in 1ms
?[m?[37m[INFO] 11:04:41,252 [Test worker] liquibase.info - master.changelog.json: migration/node-services.changelog-init.xml::1511451595465-14::R3.Corda: Table node_message_retry created
?[m?[37m[INFO] 11:04:41,252 [Test worker] liquibase.info - master.changelog.json: migration/node-services.changelog-init.xml::1511451595465-14::R3.Corda: ChangeSet migration/node-services.changelog-init.xml::1511451595465-14::R3.Corda ran successfully in 1ms
?[m?[37m[INFO] 11:04:41,254 [Test worker] liquibase.info - master.changelog.json: migration/node-services.changelog-init.xml::1511451595465-15::R3.Corda: Table node_named_identities created
?[m?[37m[INFO] 11:04:41,254 [Test worker] liquibase.info - master.changelog.json: migration/node-services.changelog-init.xml::1511451595465-15::R3.Corda: ChangeSet migration/node-services.changelog-init.xml::1511451595465-15::R3.Corda ran successfully in 1ms
?[m?[37m[INFO] 11:04:41,256 [Test worker] liquibase.info - master.changelog.json: migration/node-services.changelog-init.xml::1511451595465-17::R3.Corda: Table node_our_key_pairs created
?[m?[37m[INFO] 11:04:41,256 [Test worker] liquibase.info - master.changelog.json: migration/node-services.changelog-init.xml::1511451595465-17::R3.Corda: ChangeSet migration/node-services.changelog-init.xml::1511451595465-17::R3.Corda ran successfully in 1ms
?[m?[37m[INFO] 11:04:41,258 [Test worker] liquibase.info - master.changelog.json: migration/node-services.changelog-init.xml::1511451595465-19::R3.Corda: Table node_scheduled_states created
?[m?[37m[INFO] 11:04:41,258 [Test worker] liquibase.info - master.changelog.json: migration/node-services.changelog-init.xml::1511451595465-19::R3.Corda: ChangeSet migration/node-services.changelog-init.xml::1511451595465-19::R3.Corda ran successfully in 1ms
?[m?[37m[INFO] 11:04:41,259 [Test worker] liquibase.info - master.changelog.json: migration/node-services.changelog-init.xml::1511451595465-20::R3.Corda: Table node_transaction_mappings created
?[m?[37m[INFO] 11:04:41,260 [Test worker] liquibase.info - master.changelog.json: migration/node-services.changelog-init.xml::1511451595465-20::R3.Corda: ChangeSet migration/node-services.changelog-init.xml::1511451595465-20::R3.Corda ran successfully in 0ms
?[m?[37m[INFO] 11:04:41,261 [Test worker] liquibase.info - master.changelog.json: migration/node-services.changelog-init.xml::1511451595465-21::R3.Corda: Table node_transactions created
?[m?[37m[INFO] 11:04:41,261 [Test worker] liquibase.info - master.changelog.json: migration/node-services.changelog-init.xml::1511451595465-21::R3.Corda: ChangeSet migration/node-services.changelog-init.xml::1511451595465-21::R3.Corda ran successfully in 0ms
?[m?[37m[INFO] 11:04:41,262 [Test worker] liquibase.info - master.changelog.json: migration/node-services.changelog-init.xml::1511451595465-30::R3.Corda: Primary key added to node_attachments (att_id)
?[m?[37m[INFO] 11:04:41,263 [Test worker] liquibase.info - master.changelog.json: migration/node-services.changelog-init.xml::1511451595465-30::R3.Corda: ChangeSet migration/node-services.changelog-init.xml::1511451595465-30::R3.Corda ran successfully in 1ms
?[m?[37m[INFO] 11:04:41,264 [Test worker] liquibase.info - master.changelog.json: migration/node-services.changelog-init.xml::1511451595465-32::R3.Corda: Primary key added to node_checkpoints (checkpoint_id)
?[m?[37m[INFO] 11:04:41,264 [Test worker] liquibase.info - master.changelog.json: migration/node-services.changelog-init.xml::1511451595465-32::R3.Corda: ChangeSet migration/node-services.changelog-init.xml::1511451595465-32::R3.Corda ran successfully in 1ms
?[m?[37m[INFO] 11:04:41,265 [Test worker] liquibase.info - master.changelog.json: migration/node-services.changelog-init.xml::1511451595465-33::R3.Corda: Primary key added to node_contract_upgrades (state_ref)
?[m?[37m[INFO] 11:04:41,265 [Test worker] liquibase.info - master.changelog.json: migration/node-services.changelog-init.xml::1511451595465-33::R3.Corda: ChangeSet migration/node-services.changelog-init.xml::1511451595465-33::R3.Corda ran successfully in 0ms
?[m?[37m[INFO] 11:04:41,267 [Test worker] liquibase.info - master.changelog.json: migration/node-services.changelog-init.xml::1511451595465-34::R3.Corda: Primary key added to node_identities (pk_hash)
?[m?[37m[INFO] 11:04:41,267 [Test worker] liquibase.info - master.changelog.json: migration/node-services.changelog-init.xml::1511451595465-34::R3.Corda: ChangeSet migration/node-services.changelog-init.xml::1511451595465-34::R3.Corda ran successfully in 1ms
?[m?[37m[INFO] 11:04:41,268 [Test worker] liquibase.info - master.changelog.json: migration/node-services.changelog-init.xml::1511451595465-38::R3.Corda: Primary key added to node_message_ids (message_id)
?[m?[37m[INFO] 11:04:41,268 [Test worker] liquibase.info - master.changelog.json: migration/node-services.changelog-init.xml::1511451595465-38::R3.Corda: ChangeSet migration/node-services.changelog-init.xml::1511451595465-38::R3.Corda ran successfully in 0ms
?[m?[37m[INFO] 11:04:41,269 [Test worker] liquibase.info - master.changelog.json: migration/node-services.changelog-init.xml::1511451595465-39::R3.Corda: Primary key added to node_message_retry (message_id)
?[m?[37m[INFO] 11:04:41,270 [Test worker] liquibase.info - master.changelog.json: migration/node-services.changelog-init.xml::1511451595465-39::R3.Corda: ChangeSet migration/node-services.changelog-init.xml::1511451595465-39::R3.Corda ran successfully in 0ms
?[m?[37m[INFO] 11:04:41,271 [Test worker] liquibase.info - master.changelog.json: migration/node-services.changelog-init.xml::1511451595465-40::R3.Corda: Primary key added to node_named_identities (name)
?[m?[37m[INFO] 11:04:41,271 [Test worker] liquibase.info - master.changelog.json: migration/node-services.changelog-init.xml::1511451595465-40::R3.Corda: ChangeSet migration/node-services.changelog-init.xml::1511451595465-40::R3.Corda ran successfully in 1ms
?[m?[37m[INFO] 11:04:41,272 [Test worker] liquibase.info - master.changelog.json: migration/node-services.changelog-init.xml::1511451595465-42::R3.Corda: Primary key added to node_our_key_pairs (public_key_hash)
?[m?[37m[INFO] 11:04:41,272 [Test worker] liquibase.info - master.changelog.json: migration/node-services.changelog-init.xml::1511451595465-42::R3.Corda: ChangeSet migration/node-services.changelog-init.xml::1511451595465-42::R3.Corda ran successfully in 0ms
?[m?[37m[INFO] 11:04:41,274 [Test worker] liquibase.info - master.changelog.json: migration/node-services.changelog-init.xml::1511451595465-44::R3.Corda: Primary key added to node_scheduled_states (output_index, transaction_id)
?[m?[37m[INFO] 11:04:41,274 [Test worker] liquibase.info - master.changelog.json: migration/node-services.changelog-init.xml::1511451595465-44::R3.Corda: ChangeSet migration/node-services.changelog-init.xml::1511451595465-44::R3.Corda ran successfully in 1ms
?[m?[37m[INFO] 11:04:41,276 [Test worker] liquibase.info - master.changelog.json: migration/node-services.changelog-init.xml::1511451595465-45::R3.Corda: Primary key added to node_transaction_mappings (tx_id)
?[m?[37m[INFO] 11:04:41,276 [Test worker] liquibase.info - master.changelog.json: migration/node-services.changelog-init.xml::1511451595465-45::R3.Corda: ChangeSet migration/node-services.changelog-init.xml::1511451595465-45::R3.Corda ran successfully in 1ms
?[m?[37m[INFO] 11:04:41,277 [Test worker] liquibase.info - master.changelog.json: migration/node-services.changelog-init.xml::1511451595465-46::R3.Corda: Primary key added to node_transactions (tx_id)
?[m?[37m[INFO] 11:04:41,277 [Test worker] liquibase.info - master.changelog.json: migration/node-services.changelog-init.xml::1511451595465-46::R3.Corda: ChangeSet migration/node-services.changelog-init.xml::1511451595465-46::R3.Corda ran successfully in 0ms
?[m?[37m[INFO] 11:04:41,279 [Test worker] liquibase.info - master.changelog.json: migration/node-services.changelog-init.xml::1511451595465-61::R3.Corda: Foreign key constraint added to node_link_nodeinfo_party (party_name)
?[m?[37m[INFO] 11:04:41,279 [Test worker] liquibase.info - master.changelog.json: migration/node-services.changelog-init.xml::1511451595465-61::R3.Corda: ChangeSet migration/node-services.changelog-init.xml::1511451595465-61::R3.Corda ran successfully in 1ms
?[m?[37m[INFO] 11:04:41,281 [Test worker] liquibase.info - master.changelog.json: migration/node-services.changelog-init.xml::add index att_id::R3.Corda: Index att_id_idx created
?[m?[37m[INFO] 11:04:41,281 [Test worker] liquibase.info - master.changelog.json: migration/node-services.changelog-init.xml::add index att_id::R3.Corda: ChangeSet migration/node-services.changelog-init.xml::add index att_id::R3.Corda ran successfully in 1ms
?[m?[37m[INFO] 11:04:41,282 [Test worker] liquibase.info - master.changelog.json: migration/node-services.changelog-init.xml::add_contract_attachment::R3.Corda: Table node_attchments_contracts created
?[m?[37m[INFO] 11:04:41,283 [Test worker] liquibase.info - master.changelog.json: migration/node-services.changelog-init.xml::add_contract_attachment::R3.Corda: Foreign key constraint added to node_attchments_contracts (att_id)
?[m?[37m[INFO] 11:04:41,283 [Test worker] liquibase.info - master.changelog.json: migration/node-services.changelog-init.xml::add_contract_attachment::R3.Corda: Data deleted from node_attachments
?[m?[37m[INFO] 11:04:41,284 [Test worker] liquibase.info - master.changelog.json: migration/node-services.changelog-init.xml::add_contract_attachment::R3.Corda: ChangeSet migration/node-services.changelog-init.xml::add_contract_attachment::R3.Corda ran successfully in 1ms
?[m?[37m[INFO] 11:04:41,287 [Test worker] liquibase.info - master.changelog.json: migration/node-services.changelog-init.xml::add_dedup_columns::R3.Corda: Columns sender(NVARCHAR(64)),sequence_number(BIGINT) added to node_message_ids
?[m?[37m[INFO] 11:04:41,287 [Test worker] liquibase.info - master.changelog.json: migration/node-services.changelog-init.xml::add_dedup_columns::R3.Corda: ChangeSet migration/node-services.changelog-init.xml::add_dedup_columns::R3.Corda ran successfully in 3ms
?[m?[37m[INFO] 11:04:41,288 [Test worker] liquibase.info - master.changelog.json: migration/node-core.changelog-v4.xml::attchments_rename::R3.Corda: Table node_attchments_contracts renamed to node_attachments_contracts
?[m?[37m[INFO] 11:04:41,289 [Test worker] liquibase.info - master.changelog.json: migration/node-core.changelog-v4.xml::attchments_rename::R3.Corda: ChangeSet migration/node-core.changelog-v4.xml::attchments_rename::R3.Corda ran successfully in 0ms
?[m?[37m[INFO] 11:04:41,290 [Test worker] liquibase.info - master.changelog.json: migration/node-core.changelog-v4.xml::nullability::R3.Corda: Null constraint has been added to node_identities.identity_value
?[m?[37m[INFO] 11:04:41,290 [Test worker] liquibase.info - master.changelog.json: migration/node-core.changelog-v4.xml::nullability::R3.Corda: Null constraint has been added to node_attachments.content
?[m?[37m[INFO] 11:04:41,291 [Test worker] liquibase.info - master.changelog.json: migration/node-core.changelog-v4.xml::nullability::R3.Corda: Null constraint has been added to node_attachments_contracts.contract_class_name
?[m?[37m[INFO] 11:04:41,291 [Test worker] liquibase.info - master.changelog.json: migration/node-core.changelog-v4.xml::nullability::R3.Corda: Null constraint has been added to node_checkpoints.checkpoint_value
?[m?[37m[INFO] 11:04:41,292 [Test worker] liquibase.info - master.changelog.json: migration/node-core.changelog-v4.xml::nullability::R3.Corda: Null constraint has been added to node_contract_upgrades.contract_class_name
?[m?[37m[INFO] 11:04:41,292 [Test worker] liquibase.info - master.changelog.json: migration/node-core.changelog-v4.xml::nullability::R3.Corda: Null constraint has been added to node_message_ids.insertion_time
?[m?[37m[INFO] 11:04:41,292 [Test worker] liquibase.info - master.changelog.json: migration/node-core.changelog-v4.xml::nullability::R3.Corda: Null constraint has been added to node_message_retry.message
?[m?[37m[INFO] 11:04:41,293 [Test worker] liquibase.info - master.changelog.json: migration/node-core.changelog-v4.xml::nullability::R3.Corda: Null constraint has been added to node_message_retry.recipients
?[m?[37m[INFO] 11:04:41,293 [Test worker] liquibase.info - master.changelog.json: migration/node-core.changelog-v4.xml::nullability::R3.Corda: Null constraint has been added to node_named_identities.pk_hash
?[m?[37m[INFO] 11:04:41,293 [Test worker] liquibase.info - master.changelog.json: migration/node-core.changelog-v4.xml::nullability::R3.Corda: Null constraint has been added to node_our_key_pairs.private_key
?[m?[37m[INFO] 11:04:41,294 [Test worker] liquibase.info - master.changelog.json: migration/node-core.changelog-v4.xml::nullability::R3.Corda: Null constraint has been added to node_our_key_pairs.public_key
?[m?[37m[INFO] 11:04:41,294 [Test worker] liquibase.info - master.changelog.json: migration/node-core.changelog-v4.xml::nullability::R3.Corda: Null constraint has been added to node_transaction_mappings.state_machine_run_id
?[m?[37m[INFO] 11:04:41,295 [Test worker] liquibase.info - master.changelog.json: migration/node-core.changelog-v4.xml::nullability::R3.Corda: Null constraint has been added to node_transactions.transaction_value
?[m?[37m[INFO] 11:04:41,295 [Test worker] liquibase.info - master.changelog.json: migration/node-core.changelog-v4.xml::nullability::R3.Corda: ChangeSet migration/node-core.changelog-v4.xml::nullability::R3.Corda ran successfully in 6ms
?[m?[37m[INFO] 11:04:41,297 [Test worker] liquibase.info - master.changelog.json: migration/node-core.changelog-v5.xml::remove_unused_node_message_retry::R3.Corda: Table node_message_retry dropped
?[m?[37m[INFO] 11:04:41,297 [Test worker] liquibase.info - master.changelog.json: migration/node-core.changelog-v5.xml::remove_unused_node_message_retry::R3.Corda: ChangeSet migration/node-core.changelog-v5.xml::remove_unused_node_message_retry::R3.Corda ran successfully in 1ms
?[m?[37m[INFO] 11:04:41,313 [Test worker] liquibase.info - master.changelog.json: migration/node-core.changelog-v8.xml::conditional_attchments_rename::R3.Corda: Marking ChangeSet: migration/node-core.changelog-v8.xml::conditional_attchments_rename::R3.Corda ran despite precondition failure due to onFail='MARK_RAN': 
          master.changelog.json : Table PUBLIC.NODE_ATTCHMENTS_CONTRACTS does not exist

?[m?[37m[INFO] 11:04:41,326 [Test worker] liquibase.info - master.changelog.json: migration/node-core.changelog-v8.xml::conditional_attchments_contracts::R3.Corda: Marking ChangeSet: migration/node-core.changelog-v8.xml::conditional_attchments_contracts::R3.Corda ran despite precondition failure due to onFail='MARK_RAN': 
          master.changelog.json : Table PUBLIC.NODE_ATTACHMENTS_CONTRACT_CLASS_NAME does not exist

?[m?[37m[INFO] 11:04:41,327 [Test worker] liquibase.info - master.changelog.json: migration/node-core.changelog-v8.xml::add_signers::R3.Corda: Table node_attachments_signers created
?[m?[37m[INFO] 11:04:41,328 [Test worker] liquibase.info - master.changelog.json: migration/node-core.changelog-v8.xml::add_signers::R3.Corda: Foreign key constraint added to node_attachments_signers (att_id)
?[m?[37m[INFO] 11:04:41,328 [Test worker] liquibase.info - master.changelog.json: migration/node-core.changelog-v8.xml::add_signers::R3.Corda: ChangeSet migration/node-core.changelog-v8.xml::add_signers::R3.Corda ran successfully in 2ms
?[m?[37m[INFO] 11:04:41,331 [Test worker] liquibase.info - master.changelog.json: migration/node-core.changelog-tx-mapping.xml::add_tx_mapping_column::R3.Corda: Columns state_machine_run_id(NVARCHAR(36)) added to node_transactions
?[m?[37m[INFO] 11:04:41,331 [Test worker] liquibase.info - master.changelog.json: migration/node-core.changelog-tx-mapping.xml::add_tx_mapping_column::R3.Corda: Custom SQL executed
?[m?[37m[INFO] 11:04:41,332 [Test worker] liquibase.info - master.changelog.json: migration/node-core.changelog-tx-mapping.xml::add_tx_mapping_column::R3.Corda: Table node_transaction_mappings dropped
?[m?[37m[INFO] 11:04:41,332 [Test worker] liquibase.info - master.changelog.json: migration/node-core.changelog-tx-mapping.xml::add_tx_mapping_column::R3.Corda: ChangeSet migration/node-core.changelog-tx-mapping.xml::add_tx_mapping_column::R3.Corda ran successfully in 3ms
?[m?[37m[INFO] 11:04:41,333 [Test worker] liquibase.info - master.changelog.json: migration/node-services.changelog-init.xml::add_network_parameters_storage::R3.Corda: Table node_network_parameters created
?[m?[37m[INFO] 11:04:41,333 [Test worker] liquibase.info - master.changelog.json: migration/node-services.changelog-init.xml::add_network_parameters_storage::R3.Corda: ChangeSet migration/node-services.changelog-init.xml::add_network_parameters_storage::R3.Corda ran successfully in 0ms
?[m?[37m[INFO] 11:04:41,335 [Test worker] liquibase.info - master.changelog.json: migration/node-services.changelog-init.xml::network_parameters_pk::R3.Corda: Primary key added to node_network_parameters (hash)
?[m?[37m[INFO] 11:04:41,335 [Test worker] liquibase.info - master.changelog.json: migration/node-services.changelog-init.xml::network_parameters_pk::R3.Corda: ChangeSet migration/node-services.changelog-init.xml::network_parameters_pk::R3.Corda ran successfully in 1ms
?[m?[37m[INFO] 11:04:41,338 [Test worker] liquibase.info - master.changelog.json: migration/node-services.changelog-init.xml::add_version_column::R3.Corda: Columns version(INT) added to node_attachments
?[m?[37m[INFO] 11:04:41,338 [Test worker] liquibase.info - master.changelog.json: migration/node-services.changelog-init.xml::add_version_column::R3.Corda: Custom SQL executed
?[m?[37m[INFO] 11:04:41,339 [Test worker] liquibase.info - master.changelog.json: migration/node-services.changelog-init.xml::add_version_column::R3.Corda: Null constraint has been added to node_attachments.version
?[m?[37m[INFO] 11:04:41,339 [Test worker] liquibase.info - master.changelog.json: migration/node-services.changelog-init.xml::add_version_column::R3.Corda: ChangeSet migration/node-services.changelog-init.xml::add_version_column::R3.Corda ran successfully in 3ms
?[m?[37m[INFO] 11:04:41,340 [Test worker] persistence.AttachmentVersionNumberMigration.execute - Start executing...
?[m?[37m[INFO] 11:04:41,342 [Test worker] persistence.AttachmentVersionNumberMigration.execute - Attachment version creation from whitelisted JARs using network parameters from build/mock-network/20190619-100422.550/nodes/2/network-parameters, whitelistedContractImplementations: {}.
?[m?[37m[INFO] 11:04:41,342 [Test worker] persistence.AttachmentVersionNumberMigration.execute - Attachment version creation from whitelisted JARs skipped, no attachments not found.
?[m?[37m[INFO] 11:04:41,342 [Test worker] liquibase.info - master.changelog.json: migration/node-services.changelog-init.xml::update-version-of-whitelisted-jars::R3.Corda: null
?[m?[37m[INFO] 11:04:41,342 [Test worker] liquibase.info - master.changelog.json: migration/node-services.changelog-init.xml::update-version-of-whitelisted-jars::R3.Corda: ChangeSet migration/node-services.changelog-init.xml::update-version-of-whitelisted-jars::R3.Corda ran successfully in 2ms
?[m?[37m[INFO] 11:04:41,344 [Test worker] liquibase.info - master.changelog.json: migration/node-services.changelog-init.xml::add-new-persitence-table::R3.Corda: Table identities_no_cert created
?[m?[37m[INFO] 11:04:41,344 [Test worker] liquibase.info - master.changelog.json: migration/node-services.changelog-init.xml::add-new-persitence-table::R3.Corda: ChangeSet migration/node-services.changelog-init.xml::add-new-persitence-table::R3.Corda ran successfully in 1ms
?[m?[37m[INFO] 11:04:41,345 [Test worker] migration.PersistentIdentitiesMigration.execute - Migrating persistent identities with certificates table into persistent table with no certificate data.
?[m?[37m[INFO] 11:04:41,348 [Test worker] persistence.HibernateConfiguration.<init> - Init HibernateConfiguration for schemas: [PersistentIdentitiesMigrationSchemaV1(name=net.corda.node.migration.PersistentIdentitiesMigrationSchema, version=1)]
?[m?[37m[INFO] 11:04:41,348 [Test worker] persistence.HibernateConfiguration.makeSessionFactoryForSchemas - Creating session factory for schemas: [PersistentIdentitiesMigrationSchemaV1(name=net.corda.node.migration.PersistentIdentitiesMigrationSchema, version=1)]
?[m?[37m[INFO] 11:04:41,354 [Test worker] internal.ConnectionProviderInitiator.initiateService - HHH000130: Instantiating explicit connection provider: net.corda.nodeapi.internal.persistence.HibernateConfiguration$NodeDatabaseConnectionProvider
?[m?[37m[INFO] 11:04:41,355 [Test worker] dialect.Dialect.<init> - HHH000400: Using dialect: org.hibernate.dialect.H2Dialect
?[m?[37m[INFO] 11:04:41,358 [Test worker] type.BasicTypeRegistry.register - HHH000270: Type registration [materialized_blob] overrides previous : org.hibernate.type.MaterializedBlobType@39773eff
?[m?[37m[INFO] 11:04:41,379 [Test worker] connections.access.getIsolatedConnection - HHH10001501: Connection obtained from JdbcConnectionAccess [org.hibernate.engine.jdbc.env.internal.JdbcEnvironmentInitiator$ConnectionProviderJdbcConnectionAccess@7ea3ab15] for (non-JTA) DDL execution was not in auto-commit mode; the Connection 'local transaction' will be committed and the Connection will be set into auto-commit mode.
?[m?[37m[INFO] 11:04:41,409 [Test worker] persistence.HibernateConfiguration.makeSessionFactoryForSchemas - Created session factory for schemas: [PersistentIdentitiesMigrationSchemaV1(name=net.corda.node.migration.PersistentIdentitiesMigrationSchema, version=1)]
?[m?[37m[INFO] 11:04:41,409 [Test worker] internal.QueryTranslatorFactoryInitiator.initiateService - HHH000397: Using ASTQueryTranslatorFactory
?[m?[37m[INFO] 11:04:41,424 [Test worker] liquibase.info - master.changelog.json: migration/node-services.changelog-init.xml::transfer-to-new-persistence-table::R3.Corda: null
?[m?[37m[INFO] 11:04:41,424 [Test worker] liquibase.info - master.changelog.json: migration/node-services.changelog-init.xml::transfer-to-new-persistence-table::R3.Corda: ChangeSet migration/node-services.changelog-init.xml::transfer-to-new-persistence-table::R3.Corda ran successfully in 80ms
?[m?[37m[INFO] 11:04:41,425 [Test worker] migration.VaultStateMigration.execute - Migrating vault state data to V4 tables
?[m?[37m[INFO] 11:04:41,427 [Test worker] persistence.HibernateConfiguration.<init> - Init HibernateConfiguration for schemas: [VaultMigrationSchemaV1(name=net.corda.node.migration.VaultMigrationSchema, version=1), VaultSchemaV1(name=net.corda.node.services.vault.VaultSchema, version=1)]
?[m?[37m[INFO] 11:04:41,427 [Test worker] persistence.HibernateConfiguration.makeSessionFactoryForSchemas - Creating session factory for schemas: [VaultMigrationSchemaV1(name=net.corda.node.migration.VaultMigrationSchema, version=1), VaultSchemaV1(name=net.corda.node.services.vault.VaultSchema, version=1)]
?[m?[37m[INFO] 11:04:41,432 [Test worker] internal.ConnectionProviderInitiator.initiateService - HHH000130: Instantiating explicit connection provider: net.corda.nodeapi.internal.persistence.HibernateConfiguration$NodeDatabaseConnectionProvider
?[m?[37m[INFO] 11:04:41,433 [Test worker] dialect.Dialect.<init> - HHH000400: Using dialect: org.hibernate.dialect.H2Dialect
?[m?[37m[INFO] 11:04:41,435 [Test worker] type.BasicTypeRegistry.register - HHH000270: Type registration [materialized_blob] overrides previous : org.hibernate.type.MaterializedBlobType@39773eff
?[m?[37m[INFO] 11:04:41,479 [Test worker] connections.access.getIsolatedConnection - HHH10001501: Connection obtained from JdbcConnectionAccess [org.hibernate.engine.jdbc.env.internal.JdbcEnvironmentInitiator$ConnectionProviderJdbcConnectionAccess@5a49556e] for (non-JTA) DDL execution was not in auto-commit mode; the Connection 'local transaction' will be committed and the Connection will be set into auto-commit mode.
?[m?[37m[INFO] 11:04:41,512 [Test worker] persistence.HibernateConfiguration.makeSessionFactoryForSchemas - Created session factory for schemas: [VaultMigrationSchemaV1(name=net.corda.node.migration.VaultMigrationSchema, version=1), VaultSchemaV1(name=net.corda.node.services.vault.VaultSchema, version=1)]
?[m?[37m[INFO] 11:04:41,513 [Test worker] internal.QueryTranslatorFactoryInitiator.initiateService - HHH000397: Using ASTQueryTranslatorFactory
?[m?[37m[INFO] 11:04:41,522 [Test worker] migration.VaultStateMigration.execute - Finished performing vault state data migration for 0 states
?[m?[37m[INFO] 11:04:41,522 [Test worker] liquibase.info - master.changelog.json: migration/vault-schema.changelog-v9.xml::update-vault-states::R3.Corda: null
?[m?[37m[INFO] 11:04:41,522 [Test worker] liquibase.info - master.changelog.json: migration/vault-schema.changelog-v9.xml::update-vault-states::R3.Corda: ChangeSet migration/vault-schema.changelog-v9.xml::update-vault-states::R3.Corda ran successfully in 97ms
?[m?[37m[INFO] 11:04:41,524 [Test worker] liquibase.info - master.changelog.json: migration/cash.changelog-init.xml::1511451595465-2::R3.Corda: Table contract_cash_states created
?[m?[37m[INFO] 11:04:41,525 [Test worker] liquibase.info - master.changelog.json: migration/cash.changelog-init.xml::1511451595465-2::R3.Corda: ChangeSet migration/cash.changelog-init.xml::1511451595465-2::R3.Corda ran successfully in 1ms
?[m?[37m[INFO] 11:04:41,526 [Test worker] liquibase.info - master.changelog.json: migration/cash.changelog-init.xml::1511451595465-28::R3.Corda: Primary key added to contract_cash_states (output_index, transaction_id)
?[m?[37m[INFO] 11:04:41,527 [Test worker] liquibase.info - master.changelog.json: migration/cash.changelog-init.xml::1511451595465-28::R3.Corda: ChangeSet migration/cash.changelog-init.xml::1511451595465-28::R3.Corda ran successfully in 1ms
?[m?[37m[INFO] 11:04:41,528 [Test worker] liquibase.info - master.changelog.json: migration/cash.changelog-init.xml::1511451595465-51::R3.Corda: Index ccy_code_idx created
?[m?[37m[INFO] 11:04:41,529 [Test worker] liquibase.info - master.changelog.json: migration/cash.changelog-init.xml::1511451595465-51::R3.Corda: ChangeSet migration/cash.changelog-init.xml::1511451595465-51::R3.Corda ran successfully in 0ms
?[m?[37m[INFO] 11:04:41,530 [Test worker] liquibase.info - master.changelog.json: migration/cash.changelog-init.xml::1511451595465-57::R3.Corda: Index pennies_idx created
?[m?[37m[INFO] 11:04:41,530 [Test worker] liquibase.info - master.changelog.json: migration/cash.changelog-init.xml::1511451595465-57::R3.Corda: ChangeSet migration/cash.changelog-init.xml::1511451595465-57::R3.Corda ran successfully in 0ms
?[m?[37m[INFO] 11:04:41,533 [Test worker] liquibase.info - master.changelog.json: migration/node-services.changelog-init.xml::1525793504::R3.Corda: Index ccy_code_idx dropped from table contract_cash_states
?[m?[37m[INFO] 11:04:41,533 [Test worker] liquibase.info - master.changelog.json: migration/node-services.changelog-init.xml::1525793504::R3.Corda: Null constraint has been added to contract_cash_states.ccy_code
?[m?[37m[INFO] 11:04:41,534 [Test worker] liquibase.info - master.changelog.json: migration/node-services.changelog-init.xml::1525793504::R3.Corda: Index ccy_code_idx created
?[m?[37m[INFO] 11:04:41,534 [Test worker] liquibase.info - master.changelog.json: migration/node-services.changelog-init.xml::1525793504::R3.Corda: Null constraint has been added to contract_cash_states.issuer_key_hash
?[m?[37m[INFO] 11:04:41,535 [Test worker] liquibase.info - master.changelog.json: migration/node-services.changelog-init.xml::1525793504::R3.Corda: Null constraint has been added to contract_cash_states.issuer_ref
?[m?[37m[INFO] 11:04:41,535 [Test worker] liquibase.info - master.changelog.json: migration/node-services.changelog-init.xml::1525793504::R3.Corda: Index pennies_idx dropped from table contract_cash_states
?[m?[37m[INFO] 11:04:41,535 [Test worker] liquibase.info - master.changelog.json: migration/node-services.changelog-init.xml::1525793504::R3.Corda: Null constraint has been added to contract_cash_states.pennies
?[m?[37m[INFO] 11:04:41,536 [Test worker] liquibase.info - master.changelog.json: migration/node-services.changelog-init.xml::1525793504::R3.Corda: Index pennies_idx created
?[m?[37m[INFO] 11:04:41,536 [Test worker] liquibase.info - master.changelog.json: migration/node-services.changelog-init.xml::1525793504::R3.Corda: ChangeSet migration/node-services.changelog-init.xml::1525793504::R3.Corda ran successfully in 4ms
?[m?[37m[INFO] 11:04:41,538 [Test worker] liquibase.info - master.changelog.json: migration/commercial-paper.changelog-init.xml::1511451595465-3::R3.Corda: Table cp_states created
?[m?[37m[INFO] 11:04:41,538 [Test worker] liquibase.info - master.changelog.json: migration/commercial-paper.changelog-init.xml::1511451595465-3::R3.Corda: ChangeSet migration/commercial-paper.changelog-init.xml::1511451595465-3::R3.Corda ran successfully in 1ms
?[m?[37m[INFO] 11:04:41,540 [Test worker] liquibase.info - master.changelog.json: migration/commercial-paper.changelog-init.xml::1511451595465-29::R3.Corda: Primary key added to cp_states (output_index, transaction_id)
?[m?[37m[INFO] 11:04:41,541 [Test worker] liquibase.info - master.changelog.json: migration/commercial-paper.changelog-init.xml::1511451595465-29::R3.Corda: ChangeSet migration/commercial-paper.changelog-init.xml::1511451595465-29::R3.Corda ran successfully in 0ms
?[m?[37m[INFO] 11:04:41,542 [Test worker] liquibase.info - master.changelog.json: migration/commercial-paper.changelog-init.xml::1511451595465-52::R3.Corda: Index ccy_code_index created
?[m?[37m[INFO] 11:04:41,542 [Test worker] liquibase.info - master.changelog.json: migration/commercial-paper.changelog-init.xml::1511451595465-52::R3.Corda: ChangeSet migration/commercial-paper.changelog-init.xml::1511451595465-52::R3.Corda ran successfully in 0ms
?[m?[37m[INFO] 11:04:41,544 [Test worker] liquibase.info - master.changelog.json: migration/commercial-paper.changelog-init.xml::1511451595465-54::R3.Corda: Index face_value_index created
?[m?[37m[INFO] 11:04:41,544 [Test worker] liquibase.info - master.changelog.json: migration/commercial-paper.changelog-init.xml::1511451595465-54::R3.Corda: ChangeSet migration/commercial-paper.changelog-init.xml::1511451595465-54::R3.Corda ran successfully in 1ms
?[m?[37m[INFO] 11:04:41,546 [Test worker] liquibase.info - master.changelog.json: migration/commercial-paper.changelog-init.xml::1511451595465-56::R3.Corda: Index maturity_index created
?[m?[37m[INFO] 11:04:41,546 [Test worker] liquibase.info - master.changelog.json: migration/commercial-paper.changelog-init.xml::1511451595465-56::R3.Corda: ChangeSet migration/commercial-paper.changelog-init.xml::1511451595465-56::R3.Corda ran successfully in 1ms
?[m?[37m[INFO] 11:04:41,549 [Test worker] liquibase.info - master.changelog.json: migration/commercial-paper.changelog-v1.xml::1525962920::R3.Corda: Index ccy_code_index dropped from table cp_states
?[m?[37m[INFO] 11:04:41,549 [Test worker] liquibase.info - master.changelog.json: migration/commercial-paper.changelog-v1.xml::1525962920::R3.Corda: Null constraint has been added to cp_states.ccy_code
?[m?[37m[INFO] 11:04:41,550 [Test worker] liquibase.info - master.changelog.json: migration/commercial-paper.changelog-v1.xml::1525962920::R3.Corda: Index ccy_code_index created
?[m?[37m[INFO] 11:04:41,550 [Test worker] liquibase.info - master.changelog.json: migration/commercial-paper.changelog-v1.xml::1525962920::R3.Corda: Index face_value_index dropped from table cp_states
?[m?[37m[INFO] 11:04:41,551 [Test worker] liquibase.info - master.changelog.json: migration/commercial-paper.changelog-v1.xml::1525962920::R3.Corda: Null constraint has been added to cp_states.face_value
?[m?[37m[INFO] 11:04:41,551 [Test worker] liquibase.info - master.changelog.json: migration/commercial-paper.changelog-v1.xml::1525962920::R3.Corda: Index face_value_index created
?[m?[37m[INFO] 11:04:41,552 [Test worker] liquibase.info - master.changelog.json: migration/commercial-paper.changelog-v1.xml::1525962920::R3.Corda: Null constraint has been added to cp_states.face_value_issuer_key_hash
?[m?[37m[INFO] 11:04:41,552 [Test worker] liquibase.info - master.changelog.json: migration/commercial-paper.changelog-v1.xml::1525962920::R3.Corda: Null constraint has been added to cp_states.face_value_issuer_ref
?[m?[37m[INFO] 11:04:41,552 [Test worker] liquibase.info - master.changelog.json: migration/commercial-paper.changelog-v1.xml::1525962920::R3.Corda: Null constraint has been added to cp_states.issuance_key_hash
?[m?[37m[INFO] 11:04:41,553 [Test worker] liquibase.info - master.changelog.json: migration/commercial-paper.changelog-v1.xml::1525962920::R3.Corda: Null constraint has been added to cp_states.issuance_ref
?[m?[37m[INFO] 11:04:41,553 [Test worker] liquibase.info - master.changelog.json: migration/commercial-paper.changelog-v1.xml::1525962920::R3.Corda: Index maturity_index dropped from table cp_states
?[m?[37m[INFO] 11:04:41,554 [Test worker] liquibase.info - master.changelog.json: migration/commercial-paper.changelog-v1.xml::1525962920::R3.Corda: Null constraint has been added to cp_states.maturity_instant
?[m?[37m[INFO] 11:04:41,555 [Test worker] liquibase.info - master.changelog.json: migration/commercial-paper.changelog-v1.xml::1525962920::R3.Corda: Index maturity_index created
?[m?[37m[INFO] 11:04:41,555 [Test worker] liquibase.info - master.changelog.json: migration/commercial-paper.changelog-v1.xml::1525962920::R3.Corda: Null constraint has been added to cp_states.owner_key_hash
?[m?[37m[INFO] 11:04:41,555 [Test worker] liquibase.info - master.changelog.json: migration/commercial-paper.changelog-v1.xml::1525962920::R3.Corda: ChangeSet migration/commercial-paper.changelog-v1.xml::1525962920::R3.Corda ran successfully in 7ms
?[m?[37m[INFO] 11:04:41,558 [Test worker] liquibase.info - Successfully released change log lock
?[m?[37m[INFO] 11:04:41,559 [Test worker] internal.InternalMockNetwork$MockNode.invoke - Connected to H2 database.
?[m?[37m[INFO] 11:04:41,561 [Test worker] persistence.HibernateConfiguration.<init> - Init HibernateConfiguration for schemas: [CommonSchemaV1(name=net.corda.core.schemas.CommonSchema, version=1), VaultSchemaV1(name=net.corda.node.services.vault.VaultSchema, version=1), NodeInfoSchemaV1(name=net.corda.node.internal.schemas.NodeInfoSchema, version=1), NodeCoreV1(name=net.corda.node.services.schema.NodeSchemaService$NodeCore, version=1), CashSchemaV1(name=net.corda.finance.schemas.CashSchema, version=1), CommercialPaperSchemaV1(name=net.corda.finance.schemas.CommercialPaperSchema, version=1)]
?[m?[37m[INFO] 11:04:41,561 [Test worker] persistence.HibernateConfiguration.makeSessionFactoryForSchemas - Creating session factory for schemas: [CommonSchemaV1(name=net.corda.core.schemas.CommonSchema, version=1), VaultSchemaV1(name=net.corda.node.services.vault.VaultSchema, version=1), NodeInfoSchemaV1(name=net.corda.node.internal.schemas.NodeInfoSchema, version=1), NodeCoreV1(name=net.corda.node.services.schema.NodeSchemaService$NodeCore, version=1), CashSchemaV1(name=net.corda.finance.schemas.CashSchema, version=1), CommercialPaperSchemaV1(name=net.corda.finance.schemas.CommercialPaperSchema, version=1)]
?[m?[37m[INFO] 11:04:41,567 [Test worker] internal.ConnectionProviderInitiator.initiateService - HHH000130: Instantiating explicit connection provider: net.corda.nodeapi.internal.persistence.HibernateConfiguration$NodeDatabaseConnectionProvider
?[m?[37m[INFO] 11:04:41,567 [Test worker] dialect.Dialect.<init> - HHH000400: Using dialect: org.hibernate.dialect.H2Dialect
?[m?[37m[INFO] 11:04:41,570 [Test worker] type.BasicTypeRegistry.register - HHH000270: Type registration [materialized_blob] overrides previous : org.hibernate.type.MaterializedBlobType@39773eff
?[m?[37m[INFO] 11:04:41,637 [Test worker] connections.access.getIsolatedConnection - HHH10001501: Connection obtained from JdbcConnectionAccess [org.hibernate.engine.jdbc.env.internal.JdbcEnvironmentInitiator$ConnectionProviderJdbcConnectionAccess@6aa26578] for (non-JTA) DDL execution was not in auto-commit mode; the Connection 'local transaction' will be committed and the Connection will be set into auto-commit mode.
?[m?[37m[INFO] 11:04:41,680 [Test worker] persistence.HibernateConfiguration.makeSessionFactoryForSchemas - Created session factory for schemas: [CommonSchemaV1(name=net.corda.core.schemas.CommonSchema, version=1), VaultSchemaV1(name=net.corda.node.services.vault.VaultSchema, version=1), NodeInfoSchemaV1(name=net.corda.node.internal.schemas.NodeInfoSchema, version=1), NodeCoreV1(name=net.corda.node.services.schema.NodeSchemaService$NodeCore, version=1), CashSchemaV1(name=net.corda.finance.schemas.CashSchema, version=1), CommercialPaperSchemaV1(name=net.corda.finance.schemas.CommercialPaperSchema, version=1)]
?[m?[37m[INFO] 11:04:41,682 [Test worker] internal.InternalMockNetwork$MockNode.obtainIdentity - identity-private-key not found in key store, generating fresh key!
?[m?[37m[INFO] 11:04:41,697 [Test worker] internal.QueryTranslatorFactoryInitiator.initiateService - HHH000397: Using ASTQueryTranslatorFactory
?[m?[37m[INFO] 11:04:41,701 [Test worker] internal.InternalMockNetwork$MockNode.updateNodeInfo - Node-info has changed so submitting update. Old node-info was null
?[m?[37m[INFO] 11:04:41,701 [Test worker] network.PersistentNetworkMapCache.addNode - Adding node with info: NodeInfo(addresses=[mock.node:1000], legalIdentitiesAndCerts=[O=Bob Plc, L=Rome, C=IT], platformVersion=5, serial=1560938681701)
?[m?[37m[INFO] 11:04:41,703 [Test worker] network.PersistentNetworkMapCache.addNode - No previous node found
?[m?[37m[INFO] 11:04:41,710 [Test worker] internal.InternalMockNetwork$MockNode.updateNodeInfo - New node-info: NodeInfo(addresses=[mock.node:1000], legalIdentitiesAndCerts=[O=Bob Plc, L=Rome, C=IT], platformVersion=5, serial=1560938681701)
?[m?[37m[INFO] 11:04:41,719 [Test worker] network.NetworkMapUpdater.apply - Auto-accept enabled for network parameter changes which modify only: [epoch, modifiedTime, packageOwnership, whitelistedContractImplementations]
?[m?[37m[INFO] 11:04:41,722 [MockNode-3-2] network.PersistentNetworkMapCache.addNode - Adding node with info: NodeInfo(addresses=[mock.node:1000], legalIdentitiesAndCerts=[O=Bob Plc, L=Rome, C=IT], platformVersion=5, serial=1560938681701)
?[m?[31m[WARN] 11:04:41,725 [Test worker] utilities.AppendOnlyPersistentMapBase.set - Double insert in net.corda.node.utilities.AppendOnlyPersistentMap for entity class class net.corda.node.services.identity.PersistentIdentityService$PersistentIdentityNames key O=Bob Plc, L=Rome, C=IT, not inserting the second time
?[m?[37m[INFO] 11:04:41,728 [MockNode-3-2] network.PersistentNetworkMapCache.addNode - Previous node was identical to incoming one - doing nothing
?[m?[37m[INFO] 11:04:41,754 [Test worker] ClassloaderUtils.logElapsedTime - Contracts loading for '/var/folders/1r/w2pkkn4n22qdmrtblzd5t0200000gp/T/attachment3627428603861317170.jar' took 24 msec
?[m?[37m[INFO] 11:04:41,789 [Test worker] persistence.NodeAttachmentService.invoke - Stored new attachment: id=C2F26FA5BD1C5A3BAF4F109838BD28196CED189F51176C80FCD8858A5E55E45F uploader=app filename=null
?[m?[37m[INFO] 11:04:41,792 [Test worker] cordapp.CordappConfigFileProvider.getConfigByName - Found config for cordapp corda-finance-workflows-5.0-SNAPSHOT-WILLH in build/mock-network/20190619-100422.550/nodes/2/cordapps/config/corda-finance-workflows-5.0-SNAPSHOT-WILLH.conf
?[m?[37m[INFO] 11:04:41,792 [Test worker] internal.InternalMockNetwork$MockNode.installCordaService - Installed net.corda.finance.internal.ConfigHolder Corda service
?[m?[37m[INFO] 11:04:41,799 [Test worker] statemachine.SingleThreadedStateMachineManager.invoke - Node ready, info: NodeInfo(addresses=[mock.node:1000], legalIdentitiesAndCerts=[O=Bob Plc, L=Rome, C=IT], platformVersion=5, serial=1560938681701)
?[m?[37m[INFO] 11:04:41,803 [Test worker] network.PersistentNetworkMapCache.addNode - Adding node with info: NodeInfo(addresses=[mock.node:1000], legalIdentitiesAndCerts=[O=Notary Service, L=Zurich, C=CH], platformVersion=5, serial=1560938678748)
?[m?[37m[INFO] 11:04:41,805 [Test worker] network.PersistentNetworkMapCache.addNode - No previous node found
?[m?[37m[INFO] 11:04:41,816 [Test worker] network.PersistentNetworkMapCache.addNode - Adding node with info: NodeInfo(addresses=[mock.node:1000], legalIdentitiesAndCerts=[O=Bob Plc, L=Rome, C=IT], platformVersion=5, serial=1560938681701)
?[m?[37m[INFO] 11:04:41,817 [Test worker] network.PersistentNetworkMapCache.addNode - No previous node found
?[m?[37m[INFO] 11:04:41,828 [Test worker] network.PersistentNetworkMapCache.addNode - Adding node with info: NodeInfo(addresses=[mock.node:1000], legalIdentitiesAndCerts=[O=Alice Corp, L=Madrid, C=ES], platformVersion=5, serial=1560938680551)
?[m?[37m[INFO] 11:04:41,829 [Test worker] network.PersistentNetworkMapCache.addNode - No previous node found
?[m?[37m[INFO] 11:04:41,838 [Test worker] network.PersistentNetworkMapCache.addNode - Adding node with info: NodeInfo(addresses=[mock.node:1000], legalIdentitiesAndCerts=[O=Bob Plc, L=Rome, C=IT], platformVersion=5, serial=1560938681701)
?[m?[37m[INFO] 11:04:41,840 [Test worker] network.PersistentNetworkMapCache.addNode - No previous node found
?[m?[37m[INFO] 11:04:41,849 [Test worker] network.PersistentNetworkMapCache.addNode - Adding node with info: NodeInfo(addresses=[mock.node:1000], legalIdentitiesAndCerts=[O=Bob Plc, L=Rome, C=IT], platformVersion=5, serial=1560938681701)
?[m?[37m[INFO] 11:04:41,849 [Test worker] network.PersistentNetworkMapCache.addNode - Previous node was identical to incoming one - doing nothing
?[m?[37m[INFO] 11:04:41,849 [Test worker] network.PersistentNetworkMapCache.addNode - Adding node with info: NodeInfo(addresses=[mock.node:1000], legalIdentitiesAndCerts=[O=Bob Plc, L=Rome, C=IT], platformVersion=5, serial=1560938681701)
?[m?[37m[INFO] 11:04:41,849 [Test worker] network.PersistentNetworkMapCache.addNode - Previous node was identical to incoming one - doing nothing
?[m?[37m[INFO] 11:04:41,855 [Test worker] cordapp.JarScanningCordappLoader.fromDirectories - Looking for CorDapps in [build/mock-network/20190619-100422.550/nodes/3/cordapps]
?[m?[37m[INFO] 11:04:41,855 [Test worker] cordapp.JarScanningCordappLoader.<init> - Loading CorDapps from RestrictedURL(url=file:/Users/williamhester/Desktop/Applications/confidential-identities/workflows/build/mock-network/20190619-100422.550/nodes/3/cordapps/corda-finance-contracts-5.0-SNAPSHOT-WILLH.jar, rootPackageName=null), RestrictedURL(url=file:/Users/williamhester/Desktop/Applications/confidential-identities/workflows/build/mock-network/20190619-100422.550/nodes/3/cordapps/corda-finance-workflows-5.0-SNAPSHOT-WILLH.jar, rootPackageName=null)
?[m?[37m[INFO] 11:04:41,856 [Test worker] cordapp.JarScanningCordappLoader.scanCordapp - Scanning CorDapp in file:/Users/williamhester/Desktop/Applications/confidential-identities/workflows/build/mock-network/20190619-100422.550/nodes/3/cordapps/corda-finance-contracts-5.0-SNAPSHOT-WILLH.jar
?[m?[37m[INFO] 11:04:41,888 [Test worker] cordapp.JarScanningCordappLoader.scanCordapp - Scanning CorDapp in file:/Users/williamhester/Desktop/Applications/confidential-identities/workflows/build/mock-network/20190619-100422.550/nodes/3/cordapps/corda-finance-workflows-5.0-SNAPSHOT-WILLH.jar
?[m?[37m[INFO] 11:04:41,920 [Test worker] internal.InternalMockNetwork$MockNode.start - Node starting up ...
?[m?[37m[INFO] 11:04:41,941 [Test worker] internal.NodeFlowManager.registerInitiatedFlow - Registered net.corda.finance.flows.CashExitFlow to initiate net.corda.finance.flows.CashExitResponderFlow (version 1)
?[m?[37m[INFO] 11:04:41,942 [Test worker] internal.NodeFlowManager.registerInitiatedFlow - Registered net.corda.finance.flows.CashPaymentFlow to initiate net.corda.finance.flows.CashPaymentReceiverFlow (version 1)
?[m?[37m[INFO] 11:04:41,947 [Test worker] internal.InternalMockNetwork$MockNode.start - Loaded network parameters: NetworkParameters {
      minimumPlatformVersion=1
      notaries=[NotaryInfo(identity=O=Notary Service, L=Zurich, C=CH, validating=true)]
      maxMessageSize=10485760
      maxTransactionSize=524288000
      whitelistedContractImplementations {
        
      }
      eventHorizon=PT720H
      packageOwnership {
        
      }
      modifiedTime=2019-06-19T10:04:22.550Z
      epoch=1
  }
?[m?[37m[INFO] 11:04:41,947 [Test worker] hikari.HikariDataSource.<init> - HikariPool-4 - Started.
?[m?[37m[INFO] 11:04:42,174 [Test worker] liquibase.info - Creating database history table with name: PUBLIC.DATABASECHANGELOG
?[m?[37m[INFO] 11:04:42,177 [Test worker] liquibase.info - Reading from PUBLIC.DATABASECHANGELOG
?[m?[37m[INFO] 11:04:42,184 [Test worker] liquibase.info - master.changelog.json: migration/vault-schema.changelog-pkey.xml::non-clustered_pk-11::R3.Corda: Skipping changeSet migration/vault-schema.changelog-pkey.xml::non-clustered_pk-11::R3.Corda due to validation error(s): clustered is not allowed on h2
?[m?[37m[INFO] 11:04:42,184 [Test worker] liquibase.info - master.changelog.json: migration/vault-schema.changelog-pkey.xml::non-clustered_pk-12::R3.Corda: Skipping changeSet migration/vault-schema.changelog-pkey.xml::non-clustered_pk-12::R3.Corda due to validation error(s): clustered is not allowed on h2
?[m?[37m[INFO] 11:04:42,185 [Test worker] liquibase.info - master.changelog.json: migration/vault-schema.changelog-pkey.xml::non-clustered_pk-13::R3.Corda: Skipping changeSet migration/vault-schema.changelog-pkey.xml::non-clustered_pk-13::R3.Corda due to validation error(s): clustered is not allowed on h2
?[m?[37m[INFO] 11:04:42,196 [Test worker] liquibase.info - master.changelog.json: migration/node-core.changelog-pkey.xml::non-clustered_pk-1::R3.Corda: Skipping changeSet migration/node-core.changelog-pkey.xml::non-clustered_pk-1::R3.Corda due to validation error(s): clustered is not allowed on h2
?[m?[37m[INFO] 11:04:42,196 [Test worker] liquibase.info - master.changelog.json: migration/node-core.changelog-pkey.xml::non-clustered_pk-2::R3.Corda: Skipping changeSet migration/node-core.changelog-pkey.xml::non-clustered_pk-2::R3.Corda due to validation error(s): clustered is not allowed on h2
?[m?[37m[INFO] 11:04:42,197 [Test worker] liquibase.info - master.changelog.json: migration/node-core.changelog-pkey.xml::non-clustered_pk-3::R3.Corda: Skipping changeSet migration/node-core.changelog-pkey.xml::non-clustered_pk-3::R3.Corda due to validation error(s): clustered is not allowed on h2
?[m?[37m[INFO] 11:04:42,197 [Test worker] liquibase.info - master.changelog.json: migration/node-core.changelog-pkey.xml::non-clustered_pk-4::R3.Corda: Skipping changeSet migration/node-core.changelog-pkey.xml::non-clustered_pk-4::R3.Corda due to validation error(s): clustered is not allowed on h2
?[m?[37m[INFO] 11:04:42,197 [Test worker] liquibase.info - master.changelog.json: migration/node-core.changelog-pkey.xml::non-clustered_pk-5::R3.Corda: Skipping changeSet migration/node-core.changelog-pkey.xml::non-clustered_pk-5::R3.Corda due to validation error(s): clustered is not allowed on h2
?[m?[37m[INFO] 11:04:42,198 [Test worker] liquibase.info - master.changelog.json: migration/node-core.changelog-pkey.xml::non-clustered_pk-6::R3.Corda: Skipping changeSet migration/node-core.changelog-pkey.xml::non-clustered_pk-6::R3.Corda due to validation error(s): clustered is not allowed on h2
?[m?[37m[INFO] 11:04:42,198 [Test worker] liquibase.info - master.changelog.json: migration/node-core.changelog-pkey.xml::non-clustered_pk-7::R3.Corda: Skipping changeSet migration/node-core.changelog-pkey.xml::non-clustered_pk-7::R3.Corda due to validation error(s): clustered is not allowed on h2
?[m?[37m[INFO] 11:04:42,202 [Test worker] liquibase.info - master.changelog.json: migration/cash.changelog-init.xml::non-clustered_pk-cash::R3.Corda: Skipping changeSet migration/cash.changelog-init.xml::non-clustered_pk-cash::R3.Corda due to validation error(s): clustered is not allowed on h2
?[m?[37m[INFO] 11:04:42,204 [Test worker] liquibase.info - master.changelog.json: migration/commercial-paper.changelog-init.xml::non-clustered_pk-commercial-paper::R3.Corda: Skipping changeSet migration/commercial-paper.changelog-init.xml::non-clustered_pk-commercial-paper::R3.Corda due to validation error(s): clustered is not allowed on h2
?[m?[37m[INFO] 11:04:42,206 [Test worker] liquibase.info - Successfully acquired change log lock
?[m?[37m[INFO] 11:04:42,208 [Test worker] liquibase.info - master.changelog.json: migration/vault-schema.changelog-pkey.xml::non-clustered_pk-11::R3.Corda: Skipping changeSet migration/vault-schema.changelog-pkey.xml::non-clustered_pk-11::R3.Corda due to validation error(s): clustered is not allowed on h2
?[m?[37m[INFO] 11:04:42,208 [Test worker] liquibase.info - master.changelog.json: migration/vault-schema.changelog-pkey.xml::non-clustered_pk-12::R3.Corda: Skipping changeSet migration/vault-schema.changelog-pkey.xml::non-clustered_pk-12::R3.Corda due to validation error(s): clustered is not allowed on h2
?[m?[37m[INFO] 11:04:42,209 [Test worker] liquibase.info - master.changelog.json: migration/vault-schema.changelog-pkey.xml::non-clustered_pk-13::R3.Corda: Skipping changeSet migration/vault-schema.changelog-pkey.xml::non-clustered_pk-13::R3.Corda due to validation error(s): clustered is not allowed on h2
?[m?[37m[INFO] 11:04:42,212 [Test worker] liquibase.info - master.changelog.json: migration/node-core.changelog-pkey.xml::non-clustered_pk-1::R3.Corda: Skipping changeSet migration/node-core.changelog-pkey.xml::non-clustered_pk-1::R3.Corda due to validation error(s): clustered is not allowed on h2
?[m?[37m[INFO] 11:04:42,212 [Test worker] liquibase.info - master.changelog.json: migration/node-core.changelog-pkey.xml::non-clustered_pk-2::R3.Corda: Skipping changeSet migration/node-core.changelog-pkey.xml::non-clustered_pk-2::R3.Corda due to validation error(s): clustered is not allowed on h2
?[m?[37m[INFO] 11:04:42,213 [Test worker] liquibase.info - master.changelog.json: migration/node-core.changelog-pkey.xml::non-clustered_pk-3::R3.Corda: Skipping changeSet migration/node-core.changelog-pkey.xml::non-clustered_pk-3::R3.Corda due to validation error(s): clustered is not allowed on h2
?[m?[37m[INFO] 11:04:42,213 [Test worker] liquibase.info - master.changelog.json: migration/node-core.changelog-pkey.xml::non-clustered_pk-4::R3.Corda: Skipping changeSet migration/node-core.changelog-pkey.xml::non-clustered_pk-4::R3.Corda due to validation error(s): clustered is not allowed on h2
?[m?[37m[INFO] 11:04:42,213 [Test worker] liquibase.info - master.changelog.json: migration/node-core.changelog-pkey.xml::non-clustered_pk-5::R3.Corda: Skipping changeSet migration/node-core.changelog-pkey.xml::non-clustered_pk-5::R3.Corda due to validation error(s): clustered is not allowed on h2
?[m?[37m[INFO] 11:04:42,213 [Test worker] liquibase.info - master.changelog.json: migration/node-core.changelog-pkey.xml::non-clustered_pk-6::R3.Corda: Skipping changeSet migration/node-core.changelog-pkey.xml::non-clustered_pk-6::R3.Corda due to validation error(s): clustered is not allowed on h2
?[m?[37m[INFO] 11:04:42,213 [Test worker] liquibase.info - master.changelog.json: migration/node-core.changelog-pkey.xml::non-clustered_pk-7::R3.Corda: Skipping changeSet migration/node-core.changelog-pkey.xml::non-clustered_pk-7::R3.Corda due to validation error(s): clustered is not allowed on h2
?[m?[37m[INFO] 11:04:42,214 [Test worker] liquibase.info - master.changelog.json: migration/cash.changelog-init.xml::non-clustered_pk-cash::R3.Corda: Skipping changeSet migration/cash.changelog-init.xml::non-clustered_pk-cash::R3.Corda due to validation error(s): clustered is not allowed on h2
?[m?[37m[INFO] 11:04:42,215 [Test worker] liquibase.info - master.changelog.json: migration/commercial-paper.changelog-init.xml::non-clustered_pk-commercial-paper::R3.Corda: Skipping changeSet migration/commercial-paper.changelog-init.xml::non-clustered_pk-commercial-paper::R3.Corda due to validation error(s): clustered is not allowed on h2
?[m?[37m[INFO] 11:04:42,217 [Test worker] liquibase.info - master.changelog.json: migration/common.changelog-init.xml::1511451595465-1.1::R3.Corda: Sequence hibernate_sequence created
?[m?[37m[INFO] 11:04:42,217 [Test worker] liquibase.info - master.changelog.json: migration/common.changelog-init.xml::1511451595465-1.1::R3.Corda: ChangeSet migration/common.changelog-init.xml::1511451595465-1.1::R3.Corda ran successfully in 2ms
?[m?[37m[INFO] 11:04:42,219 [Test worker] liquibase.info - master.changelog.json: migration/vault-schema.changelog-init.xml::1511451595465-22::R3.Corda: Table vault_fungible_states created
?[m?[37m[INFO] 11:04:42,219 [Test worker] liquibase.info - master.changelog.json: migration/vault-schema.changelog-init.xml::1511451595465-22::R3.Corda: ChangeSet migration/vault-schema.changelog-init.xml::1511451595465-22::R3.Corda ran successfully in 1ms
?[m?[37m[INFO] 11:04:42,220 [Test worker] liquibase.info - master.changelog.json: migration/vault-schema.changelog-init.xml::1511451595465-23::R3.Corda: Table vault_fungible_states_parts created
?[m?[37m[INFO] 11:04:42,220 [Test worker] liquibase.info - master.changelog.json: migration/vault-schema.changelog-init.xml::1511451595465-23::R3.Corda: ChangeSet migration/vault-schema.changelog-init.xml::1511451595465-23::R3.Corda ran successfully in 1ms
?[m?[37m[INFO] 11:04:42,221 [Test worker] liquibase.info - master.changelog.json: migration/vault-schema.changelog-init.xml::1511451595465-24::R3.Corda: Table vault_linear_states created
?[m?[37m[INFO] 11:04:42,221 [Test worker] liquibase.info - master.changelog.json: migration/vault-schema.changelog-init.xml::1511451595465-24::R3.Corda: ChangeSet migration/vault-schema.changelog-init.xml::1511451595465-24::R3.Corda ran successfully in 0ms
?[m?[37m[INFO] 11:04:42,222 [Test worker] liquibase.info - master.changelog.json: migration/vault-schema.changelog-init.xml::1511451595465-25::R3.Corda: Table vault_linear_states_parts created
?[m?[37m[INFO] 11:04:42,223 [Test worker] liquibase.info - master.changelog.json: migration/vault-schema.changelog-init.xml::1511451595465-25::R3.Corda: ChangeSet migration/vault-schema.changelog-init.xml::1511451595465-25::R3.Corda ran successfully in 1ms
?[m?[37m[INFO] 11:04:42,224 [Test worker] liquibase.info - master.changelog.json: migration/vault-schema.changelog-init.xml::1511451595465-26::R3.Corda: Table vault_states created
?[m?[37m[INFO] 11:04:42,224 [Test worker] liquibase.info - master.changelog.json: migration/vault-schema.changelog-init.xml::1511451595465-26::R3.Corda: ChangeSet migration/vault-schema.changelog-init.xml::1511451595465-26::R3.Corda ran successfully in 1ms
?[m?[37m[INFO] 11:04:42,226 [Test worker] liquibase.info - master.changelog.json: migration/vault-schema.changelog-init.xml::1511451595465-27::R3.Corda: Table vault_transaction_notes created
?[m?[37m[INFO] 11:04:42,226 [Test worker] liquibase.info - master.changelog.json: migration/vault-schema.changelog-init.xml::1511451595465-27::R3.Corda: ChangeSet migration/vault-schema.changelog-init.xml::1511451595465-27::R3.Corda ran successfully in 1ms
?[m?[37m[INFO] 11:04:42,227 [Test worker] liquibase.info - master.changelog.json: migration/vault-schema.changelog-init.xml::1511451595465-47::R3.Corda: Primary key added to vault_fungible_states (output_index, transaction_id)
?[m?[37m[INFO] 11:04:42,227 [Test worker] liquibase.info - master.changelog.json: migration/vault-schema.changelog-init.xml::1511451595465-47::R3.Corda: ChangeSet migration/vault-schema.changelog-init.xml::1511451595465-47::R3.Corda ran successfully in 0ms
?[m?[37m[INFO] 11:04:42,229 [Test worker] liquibase.info - master.changelog.json: migration/vault-schema.changelog-init.xml::1511451595465-48::R3.Corda: Primary key added to vault_linear_states (output_index, transaction_id)
?[m?[37m[INFO] 11:04:42,229 [Test worker] liquibase.info - master.changelog.json: migration/vault-schema.changelog-init.xml::1511451595465-48::R3.Corda: ChangeSet migration/vault-schema.changelog-init.xml::1511451595465-48::R3.Corda ran successfully in 1ms
?[m?[37m[INFO] 11:04:42,230 [Test worker] liquibase.info - master.changelog.json: migration/vault-schema.changelog-init.xml::1511451595465-49::R3.Corda: Primary key added to vault_states (output_index, transaction_id)
?[m?[37m[INFO] 11:04:42,230 [Test worker] liquibase.info - master.changelog.json: migration/vault-schema.changelog-init.xml::1511451595465-49::R3.Corda: ChangeSet migration/vault-schema.changelog-init.xml::1511451595465-49::R3.Corda ran successfully in 0ms
?[m?[37m[INFO] 11:04:42,231 [Test worker] liquibase.info - master.changelog.json: migration/vault-schema.changelog-init.xml::1511451595465-50::R3.Corda: Primary key added to vault_transaction_notes (seq_no)
?[m?[37m[INFO] 11:04:42,232 [Test worker] liquibase.info - master.changelog.json: migration/vault-schema.changelog-init.xml::1511451595465-50::R3.Corda: ChangeSet migration/vault-schema.changelog-init.xml::1511451595465-50::R3.Corda ran successfully in 0ms
?[m?[37m[INFO] 11:04:42,233 [Test worker] liquibase.info - master.changelog.json: migration/vault-schema.changelog-init.xml::1511451595465-53::R3.Corda: Index external_id_index created
?[m?[37m[INFO] 11:04:42,233 [Test worker] liquibase.info - master.changelog.json: migration/vault-schema.changelog-init.xml::1511451595465-53::R3.Corda: ChangeSet migration/vault-schema.changelog-init.xml::1511451595465-53::R3.Corda ran successfully in 1ms
?[m?[37m[INFO] 11:04:42,234 [Test worker] liquibase.info - master.changelog.json: migration/vault-schema.changelog-init.xml::1511451595465-55::R3.Corda: Index lock_id_idx created
?[m?[37m[INFO] 11:04:42,234 [Test worker] liquibase.info - master.changelog.json: migration/vault-schema.changelog-init.xml::1511451595465-55::R3.Corda: ChangeSet migration/vault-schema.changelog-init.xml::1511451595465-55::R3.Corda ran successfully in 0ms
?[m?[37m[INFO] 11:04:42,235 [Test worker] liquibase.info - master.changelog.json: migration/vault-schema.changelog-init.xml::1511451595465-58::R3.Corda: Index state_status_idx created
?[m?[37m[INFO] 11:04:42,236 [Test worker] liquibase.info - master.changelog.json: migration/vault-schema.changelog-init.xml::1511451595465-58::R3.Corda: ChangeSet migration/vault-schema.changelog-init.xml::1511451595465-58::R3.Corda ran successfully in 0ms
?[m?[37m[INFO] 11:04:42,237 [Test worker] liquibase.info - master.changelog.json: migration/vault-schema.changelog-init.xml::1511451595465-59::R3.Corda: Index transaction_id_index created
?[m?[37m[INFO] 11:04:42,237 [Test worker] liquibase.info - master.changelog.json: migration/vault-schema.changelog-init.xml::1511451595465-59::R3.Corda: ChangeSet migration/vault-schema.changelog-init.xml::1511451595465-59::R3.Corda ran successfully in 1ms
?[m?[37m[INFO] 11:04:42,238 [Test worker] liquibase.info - master.changelog.json: migration/vault-schema.changelog-init.xml::1511451595465-60::R3.Corda: Index uuid_index created
?[m?[37m[INFO] 11:04:42,238 [Test worker] liquibase.info - master.changelog.json: migration/vault-schema.changelog-init.xml::1511451595465-60::R3.Corda: ChangeSet migration/vault-schema.changelog-init.xml::1511451595465-60::R3.Corda ran successfully in 0ms
?[m?[37m[INFO] 11:04:42,240 [Test worker] liquibase.info - master.changelog.json: migration/vault-schema.changelog-init.xml::1511451595465-64::R3.Corda: Foreign key constraint added to vault_fungible_states_parts (output_index,transaction_id)
?[m?[37m[INFO] 11:04:42,240 [Test worker] liquibase.info - master.changelog.json: migration/vault-schema.changelog-init.xml::1511451595465-64::R3.Corda: ChangeSet migration/vault-schema.changelog-init.xml::1511451595465-64::R3.Corda ran successfully in 1ms
?[m?[37m[INFO] 11:04:42,242 [Test worker] liquibase.info - master.changelog.json: migration/vault-schema.changelog-init.xml::1511451595465-65::R3.Corda: Foreign key constraint added to vault_linear_states_parts (output_index,transaction_id)
?[m?[37m[INFO] 11:04:42,242 [Test worker] liquibase.info - master.changelog.json: migration/vault-schema.changelog-init.xml::1511451595465-65::R3.Corda: ChangeSet migration/vault-schema.changelog-init.xml::1511451595465-65::R3.Corda ran successfully in 1ms
?[m?[37m[INFO] 11:04:42,243 [Test worker] liquibase.info - master.changelog.json: migration/vault-schema.changelog-v3.xml::clean_vault::R3.Corda: Data deleted from vault_fungible_states_parts
?[m?[37m[INFO] 11:04:42,244 [Test worker] liquibase.info - master.changelog.json: migration/vault-schema.changelog-v3.xml::clean_vault::R3.Corda: Data deleted from vault_fungible_states
?[m?[37m[INFO] 11:04:42,244 [Test worker] liquibase.info - master.changelog.json: migration/vault-schema.changelog-v3.xml::clean_vault::R3.Corda: Data deleted from vault_linear_states_parts
?[m?[37m[INFO] 11:04:42,244 [Test worker] liquibase.info - master.changelog.json: migration/vault-schema.changelog-v3.xml::clean_vault::R3.Corda: Data deleted from vault_linear_states
?[m?[37m[INFO] 11:04:42,244 [Test worker] liquibase.info - master.changelog.json: migration/vault-schema.changelog-v3.xml::clean_vault::R3.Corda: Data deleted from vault_states
?[m?[37m[INFO] 11:04:42,244 [Test worker] liquibase.info - master.changelog.json: migration/vault-schema.changelog-v3.xml::clean_vault::R3.Corda: Data deleted from vault_transaction_notes
?[m?[37m[INFO] 11:04:42,244 [Test worker] liquibase.info - master.changelog.json: migration/vault-schema.changelog-v3.xml::clean_vault::R3.Corda: ChangeSet migration/vault-schema.changelog-v3.xml::clean_vault::R3.Corda ran successfully in 1ms
?[m?[37m[INFO] 11:04:42,246 [Test worker] liquibase.info - master.changelog.json: migration/vault-schema.changelog-v4.xml::nullability::R3.Corda: Null constraint has been added to vault_fungible_states.quantity
?[m?[37m[INFO] 11:04:42,246 [Test worker] liquibase.info - master.changelog.json: migration/vault-schema.changelog-v4.xml::nullability::R3.Corda: Null constraint has been added to vault_states.contract_state_class_name
?[m?[37m[INFO] 11:04:42,246 [Test worker] liquibase.info - master.changelog.json: migration/vault-schema.changelog-v4.xml::nullability::R3.Corda: Null constraint has been added to vault_states.notary_name
?[m?[37m[INFO] 11:04:42,247 [Test worker] liquibase.info - master.changelog.json: migration/vault-schema.changelog-v4.xml::nullability::R3.Corda: Null constraint has been added to vault_states.recorded_timestamp
?[m?[37m[INFO] 11:04:42,247 [Test worker] liquibase.info - master.changelog.json: migration/vault-schema.changelog-v4.xml::nullability::R3.Corda: Index state_status_idx dropped from table vault_states
?[m?[37m[INFO] 11:04:42,247 [Test worker] liquibase.info - master.changelog.json: migration/vault-schema.changelog-v4.xml::nullability::R3.Corda: Index lock_id_idx dropped from table vault_states
?[m?[37m[INFO] 11:04:42,248 [Test worker] liquibase.info - master.changelog.json: migration/vault-schema.changelog-v4.xml::nullability::R3.Corda: Null constraint has been added to vault_states.state_status
?[m?[37m[INFO] 11:04:42,248 [Test worker] liquibase.info - master.changelog.json: migration/vault-schema.changelog-v4.xml::nullability::R3.Corda: Index state_status_idx created
?[m?[37m[INFO] 11:04:42,249 [Test worker] liquibase.info - master.changelog.json: migration/vault-schema.changelog-v4.xml::nullability::R3.Corda: Index lock_id_idx created
?[m?[37m[INFO] 11:04:42,249 [Test worker] liquibase.info - master.changelog.json: migration/vault-schema.changelog-v4.xml::nullability::R3.Corda: Index transaction_id_index dropped from table vault_transaction_notes
?[m?[37m[INFO] 11:04:42,250 [Test worker] liquibase.info - master.changelog.json: migration/vault-schema.changelog-v4.xml::nullability::R3.Corda: Null constraint has been added to vault_transaction_notes.note
?[m?[37m[INFO] 11:04:42,251 [Test worker] liquibase.info - master.changelog.json: migration/vault-schema.changelog-v4.xml::nullability::R3.Corda: Null constraint has been added to vault_transaction_notes.transaction_id
?[m?[37m[INFO] 11:04:42,251 [Test worker] liquibase.info - master.changelog.json: migration/vault-schema.changelog-v4.xml::nullability::R3.Corda: Index transaction_id_index created
?[m?[37m[INFO] 11:04:42,251 [Test worker] liquibase.info - master.changelog.json: migration/vault-schema.changelog-v4.xml::nullability::R3.Corda: ChangeSet migration/vault-schema.changelog-v4.xml::nullability::R3.Corda ran successfully in 6ms
?[m?[37m[INFO] 11:04:42,258 [Test worker] liquibase.info - master.changelog.json: migration/vault-schema.changelog-v5.xml::add_relevancy_status_column::R3.Corda: Columns relevancy_status(INT) added to vault_states
?[m?[37m[INFO] 11:04:42,259 [Test worker] liquibase.info - master.changelog.json: migration/vault-schema.changelog-v5.xml::add_relevancy_status_column::R3.Corda: Data updated in vault_states
?[m?[37m[INFO] 11:04:42,259 [Test worker] liquibase.info - master.changelog.json: migration/vault-schema.changelog-v5.xml::add_relevancy_status_column::R3.Corda: Null constraint has been added to vault_states.relevancy_status
?[m?[37m[INFO] 11:04:42,259 [Test worker] liquibase.info - master.changelog.json: migration/vault-schema.changelog-v5.xml::add_relevancy_status_column::R3.Corda: ChangeSet migration/vault-schema.changelog-v5.xml::add_relevancy_status_column::R3.Corda ran successfully in 3ms
?[m?[37m[INFO] 11:04:42,262 [Test worker] liquibase.info - master.changelog.json: migration/vault-schema.changelog-v6.xml::add_is_constraint_information_columns::R3.Corda: Columns constraint_type(INT) added to vault_states
?[m?[37m[INFO] 11:04:42,264 [Test worker] liquibase.info - master.changelog.json: migration/vault-schema.changelog-v6.xml::add_is_constraint_information_columns::R3.Corda: Columns constraint_data(varbinary(563)) added to vault_states
?[m?[37m[INFO] 11:04:42,265 [Test worker] liquibase.info - master.changelog.json: migration/vault-schema.changelog-v6.xml::add_is_constraint_information_columns::R3.Corda: ChangeSet migration/vault-schema.changelog-v6.xml::add_is_constraint_information_columns::R3.Corda ran successfully in 4ms
?[m?[37m[INFO] 11:04:42,266 [Test worker] liquibase.info - master.changelog.json: migration/vault-schema.changelog-v7.xml::make_issuer_ref_nullable::R3.Corda: Null constraint dropped from vault_fungible_states.issuer_ref
?[m?[37m[INFO] 11:04:42,266 [Test worker] liquibase.info - master.changelog.json: migration/vault-schema.changelog-v7.xml::make_issuer_ref_nullable::R3.Corda: ChangeSet migration/vault-schema.changelog-v7.xml::make_issuer_ref_nullable::R3.Corda ran successfully in 1ms
?[m?[37m[INFO] 11:04:42,268 [Test worker] liquibase.info - master.changelog.json: migration/vault-schema.changelog-v8.xml::create-external-id-to-state-party-view::R3.Corda: Table state_party created
?[m?[37m[INFO] 11:04:42,268 [Test worker] liquibase.info - master.changelog.json: migration/vault-schema.changelog-v8.xml::create-external-id-to-state-party-view::R3.Corda: Index state_pk_hash_idx created
?[m?[37m[INFO] 11:04:42,269 [Test worker] liquibase.info - master.changelog.json: migration/vault-schema.changelog-v8.xml::create-external-id-to-state-party-view::R3.Corda: Table pk_hash_to_ext_id_map created
?[m?[37m[INFO] 11:04:42,269 [Test worker] liquibase.info - master.changelog.json: migration/vault-schema.changelog-v8.xml::create-external-id-to-state-party-view::R3.Corda: Index pk_hash_to_xid_idx created
?[m?[37m[INFO] 11:04:42,270 [Test worker] liquibase.info - master.changelog.json: migration/vault-schema.changelog-v8.xml::create-external-id-to-state-party-view::R3.Corda: View v_pkey_hash_ex_id_map created
?[m?[37m[INFO] 11:04:42,270 [Test worker] liquibase.info - master.changelog.json: migration/vault-schema.changelog-v8.xml::create-external-id-to-state-party-view::R3.Corda: ChangeSet migration/vault-schema.changelog-v8.xml::create-external-id-to-state-party-view::R3.Corda ran successfully in 3ms
?[m?[37m[INFO] 11:04:42,272 [Test worker] liquibase.info - master.changelog.json: migration/node-info.changelog-init.xml::1511451595465-4::R3.Corda: Table node_link_nodeinfo_party created
?[m?[37m[INFO] 11:04:42,272 [Test worker] liquibase.info - master.changelog.json: migration/node-info.changelog-init.xml::1511451595465-4::R3.Corda: ChangeSet migration/node-info.changelog-init.xml::1511451595465-4::R3.Corda ran successfully in 1ms
?[m?[37m[INFO] 11:04:42,273 [Test worker] liquibase.info - master.changelog.json: migration/node-info.changelog-init.xml::1511451595465-10::R3.Corda: Table node_info_hosts created
?[m?[37m[INFO] 11:04:42,273 [Test worker] liquibase.info - master.changelog.json: migration/node-info.changelog-init.xml::1511451595465-10::R3.Corda: ChangeSet migration/node-info.changelog-init.xml::1511451595465-10::R3.Corda ran successfully in 1ms
?[m?[37m[INFO] 11:04:42,274 [Test worker] liquibase.info - master.changelog.json: migration/node-info.changelog-init.xml::1511451595465-11::R3.Corda: Table node_info_party_cert created
?[m?[37m[INFO] 11:04:42,275 [Test worker] liquibase.info - master.changelog.json: migration/node-info.changelog-init.xml::1511451595465-11::R3.Corda: ChangeSet migration/node-info.changelog-init.xml::1511451595465-11::R3.Corda ran successfully in 0ms
?[m?[37m[INFO] 11:04:42,276 [Test worker] liquibase.info - master.changelog.json: migration/node-info.changelog-init.xml::1511451595465-12::R3.Corda: Table node_infos created
?[m?[37m[INFO] 11:04:42,277 [Test worker] liquibase.info - master.changelog.json: migration/node-info.changelog-init.xml::1511451595465-12::R3.Corda: ChangeSet migration/node-info.changelog-init.xml::1511451595465-12::R3.Corda ran successfully in 0ms
?[m?[37m[INFO] 11:04:42,278 [Test worker] liquibase.info - master.changelog.json: migration/node-info.changelog-init.xml::1511451595465-35::R3.Corda: Primary key added to node_info_hosts (host, port)
?[m?[37m[INFO] 11:04:42,278 [Test worker] liquibase.info - master.changelog.json: migration/node-info.changelog-init.xml::1511451595465-35::R3.Corda: ChangeSet migration/node-info.changelog-init.xml::1511451595465-35::R3.Corda ran successfully in 0ms
?[m?[37m[INFO] 11:04:42,280 [Test worker] liquibase.info - master.changelog.json: migration/node-info.changelog-init.xml::1511451595465-36::R3.Corda: Primary key added to node_info_party_cert (party_name)
?[m?[37m[INFO] 11:04:42,280 [Test worker] liquibase.info - master.changelog.json: migration/node-info.changelog-init.xml::1511451595465-36::R3.Corda: ChangeSet migration/node-info.changelog-init.xml::1511451595465-36::R3.Corda ran successfully in 0ms
?[m?[37m[INFO] 11:04:42,281 [Test worker] liquibase.info - master.changelog.json: migration/node-info.changelog-init.xml::1511451595465-37::R3.Corda: Primary key added to node_infos (node_info_id)
?[m?[37m[INFO] 11:04:42,282 [Test worker] liquibase.info - master.changelog.json: migration/node-info.changelog-init.xml::1511451595465-37::R3.Corda: ChangeSet migration/node-info.changelog-init.xml::1511451595465-37::R3.Corda ran successfully in 0ms
?[m?[37m[INFO] 11:04:42,283 [Test worker] liquibase.info - master.changelog.json: migration/node-info.changelog-init.xml::1511451595465-62::R3.Corda: Foreign key constraint added to node_link_nodeinfo_party (node_info_id)
?[m?[37m[INFO] 11:04:42,283 [Test worker] liquibase.info - master.changelog.json: migration/node-info.changelog-init.xml::1511451595465-62::R3.Corda: ChangeSet migration/node-info.changelog-init.xml::1511451595465-62::R3.Corda ran successfully in 1ms
?[m?[37m[INFO] 11:04:42,285 [Test worker] liquibase.info - master.changelog.json: migration/node-info.changelog-init.xml::1511451595465-63::R3.Corda: Foreign key constraint added to node_info_hosts (node_info_id)
?[m?[37m[INFO] 11:04:42,285 [Test worker] liquibase.info - master.changelog.json: migration/node-info.changelog-init.xml::1511451595465-63::R3.Corda: ChangeSet migration/node-info.changelog-init.xml::1511451595465-63::R3.Corda ran successfully in 1ms
?[m?[37m[INFO] 11:04:42,287 [Test worker] liquibase.info - master.changelog.json: migration/node-info.changelog-init.xml::remove_host_port_pk::R3.Corda: Data deleted from node_infos
?[m?[37m[INFO] 11:04:42,287 [Test worker] liquibase.info - master.changelog.json: migration/node-info.changelog-init.xml::remove_host_port_pk::R3.Corda: Data deleted from node_link_nodeinfo_party
?[m?[37m[INFO] 11:04:42,287 [Test worker] liquibase.info - master.changelog.json: migration/node-info.changelog-init.xml::remove_host_port_pk::R3.Corda: Data deleted from node_info_hosts
?[m?[37m[INFO] 11:04:42,288 [Test worker] liquibase.info - master.changelog.json: migration/node-info.changelog-init.xml::remove_host_port_pk::R3.Corda: Data deleted from node_info_party_cert
?[m?[37m[INFO] 11:04:42,288 [Test worker] liquibase.info - master.changelog.json: migration/node-info.changelog-init.xml::remove_host_port_pk::R3.Corda: Primary key dropped from node_info_hosts
?[m?[37m[INFO] 11:04:42,289 [Test worker] liquibase.info - master.changelog.json: migration/node-info.changelog-init.xml::remove_host_port_pk::R3.Corda: Columns hosts_id(INT) added to node_info_hosts
?[m?[37m[INFO] 11:04:42,290 [Test worker] liquibase.info - master.changelog.json: migration/node-info.changelog-init.xml::remove_host_port_pk::R3.Corda: Primary key added to node_info_hosts (hosts_id)
?[m?[37m[INFO] 11:04:42,290 [Test worker] liquibase.info - master.changelog.json: migration/node-info.changelog-init.xml::remove_host_port_pk::R3.Corda: ChangeSet migration/node-info.changelog-init.xml::remove_host_port_pk::R3.Corda ran successfully in 4ms
?[m?[37m[INFO] 11:04:42,292 [Test worker] liquibase.info - master.changelog.json: migration/node-info.changelog-v1.xml::key/value node properties table::R3.Corda: Table node_properties created
?[m?[37m[INFO] 11:04:42,292 [Test worker] liquibase.info - master.changelog.json: migration/node-info.changelog-v1.xml::key/value node properties table::R3.Corda: ChangeSet migration/node-info.changelog-v1.xml::key/value node properties table::R3.Corda ran successfully in 1ms
?[m?[37m[INFO] 11:04:42,293 [Test worker] liquibase.info - master.changelog.json: migration/node-info.changelog-v2.xml::1525962920::R3.Corda: Null constraint has been added to node_infos.node_info_hash
?[m?[37m[INFO] 11:04:42,294 [Test worker] liquibase.info - master.changelog.json: migration/node-info.changelog-v2.xml::1525962920::R3.Corda: Null constraint has been added to node_infos.platform_version
?[m?[37m[INFO] 11:04:42,294 [Test worker] liquibase.info - master.changelog.json: migration/node-info.changelog-v2.xml::1525962920::R3.Corda: Null constraint has been added to node_infos.serial
?[m?[37m[INFO] 11:04:42,294 [Test worker] liquibase.info - master.changelog.json: migration/node-info.changelog-v2.xml::1525962920::R3.Corda: Null constraint dropped from node_info_hosts.host
?[m?[37m[INFO] 11:04:42,294 [Test worker] liquibase.info - master.changelog.json: migration/node-info.changelog-v2.xml::1525962920::R3.Corda: Null constraint dropped from node_info_hosts.port
?[m?[37m[INFO] 11:04:42,295 [Test worker] liquibase.info - master.changelog.json: migration/node-info.changelog-v2.xml::1525962920::R3.Corda: Null constraint has been added to node_info_party_cert.owning_key_hash
?[m?[37m[INFO] 11:04:42,295 [Test worker] liquibase.info - master.changelog.json: migration/node-info.changelog-v2.xml::1525962920::R3.Corda: Null constraint has been added to node_info_party_cert.party_cert_binary
?[m?[37m[INFO] 11:04:42,295 [Test worker] liquibase.info - master.changelog.json: migration/node-info.changelog-v2.xml::1525962920::R3.Corda: ChangeSet migration/node-info.changelog-v2.xml::1525962920::R3.Corda ran successfully in 2ms
?[m?[37m[INFO] 11:04:42,296 [Test worker] liquibase.info - master.changelog.json: migration/node-info.changelog-v3.xml::column_host_name::R3.Corda: Column node_info_hosts.host renamed to host_name
?[m?[37m[INFO] 11:04:42,297 [Test worker] liquibase.info - master.changelog.json: migration/node-info.changelog-v3.xml::column_host_name::R3.Corda: ChangeSet migration/node-info.changelog-v3.xml::column_host_name::R3.Corda ran successfully in 0ms
?[m?[37m[INFO] 11:04:42,298 [Test worker] liquibase.info - master.changelog.json: migration/node-services.changelog-init.xml::1511451595465-5::R3.Corda: Table node_attachments created
?[m?[37m[INFO] 11:04:42,298 [Test worker] liquibase.info - master.changelog.json: migration/node-services.changelog-init.xml::1511451595465-5::R3.Corda: ChangeSet migration/node-services.changelog-init.xml::1511451595465-5::R3.Corda ran successfully in 0ms
?[m?[37m[INFO] 11:04:42,300 [Test worker] liquibase.info - master.changelog.json: migration/node-services.changelog-init.xml::1511451595465-7::R3.Corda: Table node_checkpoints created
?[m?[37m[INFO] 11:04:42,300 [Test worker] liquibase.info - master.changelog.json: migration/node-services.changelog-init.xml::1511451595465-7::R3.Corda: ChangeSet migration/node-services.changelog-init.xml::1511451595465-7::R3.Corda ran successfully in 1ms
?[m?[37m[INFO] 11:04:42,301 [Test worker] liquibase.info - master.changelog.json: migration/node-services.changelog-init.xml::1511451595465-8::R3.Corda: Table node_contract_upgrades created
?[m?[37m[INFO] 11:04:42,302 [Test worker] liquibase.info - master.changelog.json: migration/node-services.changelog-init.xml::1511451595465-8::R3.Corda: ChangeSet migration/node-services.changelog-init.xml::1511451595465-8::R3.Corda ran successfully in 0ms
?[m?[37m[INFO] 11:04:42,303 [Test worker] liquibase.info - master.changelog.json: migration/node-services.changelog-init.xml::1511451595465-9::R3.Corda: Table node_identities created
?[m?[37m[INFO] 11:04:42,303 [Test worker] liquibase.info - master.changelog.json: migration/node-services.changelog-init.xml::1511451595465-9::R3.Corda: ChangeSet migration/node-services.changelog-init.xml::1511451595465-9::R3.Corda ran successfully in 1ms
?[m?[37m[INFO] 11:04:42,304 [Test worker] liquibase.info - master.changelog.json: migration/node-services.changelog-init.xml::1511451595465-13::R3.Corda: Table node_message_ids created
?[m?[37m[INFO] 11:04:42,304 [Test worker] liquibase.info - master.changelog.json: migration/node-services.changelog-init.xml::1511451595465-13::R3.Corda: ChangeSet migration/node-services.changelog-init.xml::1511451595465-13::R3.Corda ran successfully in 0ms
?[m?[37m[INFO] 11:04:42,305 [Test worker] liquibase.info - master.changelog.json: migration/node-services.changelog-init.xml::1511451595465-14::R3.Corda: Table node_message_retry created
?[m?[37m[INFO] 11:04:42,306 [Test worker] liquibase.info - master.changelog.json: migration/node-services.changelog-init.xml::1511451595465-14::R3.Corda: ChangeSet migration/node-services.changelog-init.xml::1511451595465-14::R3.Corda ran successfully in 0ms
?[m?[37m[INFO] 11:04:42,307 [Test worker] liquibase.info - master.changelog.json: migration/node-services.changelog-init.xml::1511451595465-15::R3.Corda: Table node_named_identities created
?[m?[37m[INFO] 11:04:42,307 [Test worker] liquibase.info - master.changelog.json: migration/node-services.changelog-init.xml::1511451595465-15::R3.Corda: ChangeSet migration/node-services.changelog-init.xml::1511451595465-15::R3.Corda ran successfully in 1ms
?[m?[37m[INFO] 11:04:42,309 [Test worker] liquibase.info - master.changelog.json: migration/node-services.changelog-init.xml::1511451595465-17::R3.Corda: Table node_our_key_pairs created
?[m?[37m[INFO] 11:04:42,309 [Test worker] liquibase.info - master.changelog.json: migration/node-services.changelog-init.xml::1511451595465-17::R3.Corda: ChangeSet migration/node-services.changelog-init.xml::1511451595465-17::R3.Corda ran successfully in 1ms
?[m?[37m[INFO] 11:04:42,310 [Test worker] liquibase.info - master.changelog.json: migration/node-services.changelog-init.xml::1511451595465-19::R3.Corda: Table node_scheduled_states created
?[m?[37m[INFO] 11:04:42,310 [Test worker] liquibase.info - master.changelog.json: migration/node-services.changelog-init.xml::1511451595465-19::R3.Corda: ChangeSet migration/node-services.changelog-init.xml::1511451595465-19::R3.Corda ran successfully in 0ms
?[m?[37m[INFO] 11:04:42,312 [Test worker] liquibase.info - master.changelog.json: migration/node-services.changelog-init.xml::1511451595465-20::R3.Corda: Table node_transaction_mappings created
?[m?[37m[INFO] 11:04:42,312 [Test worker] liquibase.info - master.changelog.json: migration/node-services.changelog-init.xml::1511451595465-20::R3.Corda: ChangeSet migration/node-services.changelog-init.xml::1511451595465-20::R3.Corda ran successfully in 0ms
?[m?[37m[INFO] 11:04:42,313 [Test worker] liquibase.info - master.changelog.json: migration/node-services.changelog-init.xml::1511451595465-21::R3.Corda: Table node_transactions created
?[m?[37m[INFO] 11:04:42,314 [Test worker] liquibase.info - master.changelog.json: migration/node-services.changelog-init.xml::1511451595465-21::R3.Corda: ChangeSet migration/node-services.changelog-init.xml::1511451595465-21::R3.Corda ran successfully in 0ms
?[m?[37m[INFO] 11:04:42,315 [Test worker] liquibase.info - master.changelog.json: migration/node-services.changelog-init.xml::1511451595465-30::R3.Corda: Primary key added to node_attachments (att_id)
?[m?[37m[INFO] 11:04:42,315 [Test worker] liquibase.info - master.changelog.json: migration/node-services.changelog-init.xml::1511451595465-30::R3.Corda: ChangeSet migration/node-services.changelog-init.xml::1511451595465-30::R3.Corda ran successfully in 1ms
?[m?[37m[INFO] 11:04:42,316 [Test worker] liquibase.info - master.changelog.json: migration/node-services.changelog-init.xml::1511451595465-32::R3.Corda: Primary key added to node_checkpoints (checkpoint_id)
?[m?[37m[INFO] 11:04:42,316 [Test worker] liquibase.info - master.changelog.json: migration/node-services.changelog-init.xml::1511451595465-32::R3.Corda: ChangeSet migration/node-services.changelog-init.xml::1511451595465-32::R3.Corda ran successfully in 0ms
?[m?[37m[INFO] 11:04:42,317 [Test worker] liquibase.info - master.changelog.json: migration/node-services.changelog-init.xml::1511451595465-33::R3.Corda: Primary key added to node_contract_upgrades (state_ref)
?[m?[37m[INFO] 11:04:42,317 [Test worker] liquibase.info - master.changelog.json: migration/node-services.changelog-init.xml::1511451595465-33::R3.Corda: ChangeSet migration/node-services.changelog-init.xml::1511451595465-33::R3.Corda ran successfully in 0ms
?[m?[37m[INFO] 11:04:42,319 [Test worker] liquibase.info - master.changelog.json: migration/node-services.changelog-init.xml::1511451595465-34::R3.Corda: Primary key added to node_identities (pk_hash)
?[m?[37m[INFO] 11:04:42,319 [Test worker] liquibase.info - master.changelog.json: migration/node-services.changelog-init.xml::1511451595465-34::R3.Corda: ChangeSet migration/node-services.changelog-init.xml::1511451595465-34::R3.Corda ran successfully in 1ms
?[m?[37m[INFO] 11:04:42,320 [Test worker] liquibase.info - master.changelog.json: migration/node-services.changelog-init.xml::1511451595465-38::R3.Corda: Primary key added to node_message_ids (message_id)
?[m?[37m[INFO] 11:04:42,320 [Test worker] liquibase.info - master.changelog.json: migration/node-services.changelog-init.xml::1511451595465-38::R3.Corda: ChangeSet migration/node-services.changelog-init.xml::1511451595465-38::R3.Corda ran successfully in 1ms
?[m?[37m[INFO] 11:04:42,322 [Test worker] liquibase.info - master.changelog.json: migration/node-services.changelog-init.xml::1511451595465-39::R3.Corda: Primary key added to node_message_retry (message_id)
?[m?[37m[INFO] 11:04:42,322 [Test worker] liquibase.info - master.changelog.json: migration/node-services.changelog-init.xml::1511451595465-39::R3.Corda: ChangeSet migration/node-services.changelog-init.xml::1511451595465-39::R3.Corda ran successfully in 0ms
?[m?[37m[INFO] 11:04:42,324 [Test worker] liquibase.info - master.changelog.json: migration/node-services.changelog-init.xml::1511451595465-40::R3.Corda: Primary key added to node_named_identities (name)
?[m?[37m[INFO] 11:04:42,324 [Test worker] liquibase.info - master.changelog.json: migration/node-services.changelog-init.xml::1511451595465-40::R3.Corda: ChangeSet migration/node-services.changelog-init.xml::1511451595465-40::R3.Corda ran successfully in 1ms
?[m?[37m[INFO] 11:04:42,325 [Test worker] liquibase.info - master.changelog.json: migration/node-services.changelog-init.xml::1511451595465-42::R3.Corda: Primary key added to node_our_key_pairs (public_key_hash)
?[m?[37m[INFO] 11:04:42,326 [Test worker] liquibase.info - master.changelog.json: migration/node-services.changelog-init.xml::1511451595465-42::R3.Corda: ChangeSet migration/node-services.changelog-init.xml::1511451595465-42::R3.Corda ran successfully in 0ms
?[m?[37m[INFO] 11:04:42,327 [Test worker] liquibase.info - master.changelog.json: migration/node-services.changelog-init.xml::1511451595465-44::R3.Corda: Primary key added to node_scheduled_states (output_index, transaction_id)
?[m?[37m[INFO] 11:04:42,327 [Test worker] liquibase.info - master.changelog.json: migration/node-services.changelog-init.xml::1511451595465-44::R3.Corda: ChangeSet migration/node-services.changelog-init.xml::1511451595465-44::R3.Corda ran successfully in 1ms
?[m?[37m[INFO] 11:04:42,328 [Test worker] liquibase.info - master.changelog.json: migration/node-services.changelog-init.xml::1511451595465-45::R3.Corda: Primary key added to node_transaction_mappings (tx_id)
?[m?[37m[INFO] 11:04:42,328 [Test worker] liquibase.info - master.changelog.json: migration/node-services.changelog-init.xml::1511451595465-45::R3.Corda: ChangeSet migration/node-services.changelog-init.xml::1511451595465-45::R3.Corda ran successfully in 0ms
?[m?[37m[INFO] 11:04:42,329 [Test worker] liquibase.info - master.changelog.json: migration/node-services.changelog-init.xml::1511451595465-46::R3.Corda: Primary key added to node_transactions (tx_id)
?[m?[37m[INFO] 11:04:42,329 [Test worker] liquibase.info - master.changelog.json: migration/node-services.changelog-init.xml::1511451595465-46::R3.Corda: ChangeSet migration/node-services.changelog-init.xml::1511451595465-46::R3.Corda ran successfully in 0ms
?[m?[37m[INFO] 11:04:42,331 [Test worker] liquibase.info - master.changelog.json: migration/node-services.changelog-init.xml::1511451595465-61::R3.Corda: Foreign key constraint added to node_link_nodeinfo_party (party_name)
?[m?[37m[INFO] 11:04:42,331 [Test worker] liquibase.info - master.changelog.json: migration/node-services.changelog-init.xml::1511451595465-61::R3.Corda: ChangeSet migration/node-services.changelog-init.xml::1511451595465-61::R3.Corda ran successfully in 1ms
?[m?[37m[INFO] 11:04:42,332 [Test worker] liquibase.info - master.changelog.json: migration/node-services.changelog-init.xml::add index att_id::R3.Corda: Index att_id_idx created
?[m?[37m[INFO] 11:04:42,333 [Test worker] liquibase.info - master.changelog.json: migration/node-services.changelog-init.xml::add index att_id::R3.Corda: ChangeSet migration/node-services.changelog-init.xml::add index att_id::R3.Corda ran successfully in 0ms
?[m?[37m[INFO] 11:04:42,334 [Test worker] liquibase.info - master.changelog.json: migration/node-services.changelog-init.xml::add_contract_attachment::R3.Corda: Table node_attchments_contracts created
?[m?[37m[INFO] 11:04:42,335 [Test worker] liquibase.info - master.changelog.json: migration/node-services.changelog-init.xml::add_contract_attachment::R3.Corda: Foreign key constraint added to node_attchments_contracts (att_id)
?[m?[37m[INFO] 11:04:42,336 [Test worker] liquibase.info - master.changelog.json: migration/node-services.changelog-init.xml::add_contract_attachment::R3.Corda: Data deleted from node_attachments
?[m?[37m[INFO] 11:04:42,336 [Test worker] liquibase.info - master.changelog.json: migration/node-services.changelog-init.xml::add_contract_attachment::R3.Corda: ChangeSet migration/node-services.changelog-init.xml::add_contract_attachment::R3.Corda ran successfully in 2ms
?[m?[37m[INFO] 11:04:42,339 [Test worker] liquibase.info - master.changelog.json: migration/node-services.changelog-init.xml::add_dedup_columns::R3.Corda: Columns sender(NVARCHAR(64)),sequence_number(BIGINT) added to node_message_ids
?[m?[37m[INFO] 11:04:42,339 [Test worker] liquibase.info - master.changelog.json: migration/node-services.changelog-init.xml::add_dedup_columns::R3.Corda: ChangeSet migration/node-services.changelog-init.xml::add_dedup_columns::R3.Corda ran successfully in 2ms
?[m?[37m[INFO] 11:04:42,340 [Test worker] liquibase.info - master.changelog.json: migration/node-core.changelog-v4.xml::attchments_rename::R3.Corda: Table node_attchments_contracts renamed to node_attachments_contracts
?[m?[37m[INFO] 11:04:42,340 [Test worker] liquibase.info - master.changelog.json: migration/node-core.changelog-v4.xml::attchments_rename::R3.Corda: ChangeSet migration/node-core.changelog-v4.xml::attchments_rename::R3.Corda ran successfully in 0ms
?[m?[37m[INFO] 11:04:42,342 [Test worker] liquibase.info - master.changelog.json: migration/node-core.changelog-v4.xml::nullability::R3.Corda: Null constraint has been added to node_identities.identity_value
?[m?[37m[INFO] 11:04:42,342 [Test worker] liquibase.info - master.changelog.json: migration/node-core.changelog-v4.xml::nullability::R3.Corda: Null constraint has been added to node_attachments.content
?[m?[37m[INFO] 11:04:42,342 [Test worker] liquibase.info - master.changelog.json: migration/node-core.changelog-v4.xml::nullability::R3.Corda: Null constraint has been added to node_attachments_contracts.contract_class_name
?[m?[37m[INFO] 11:04:42,342 [Test worker] liquibase.info - master.changelog.json: migration/node-core.changelog-v4.xml::nullability::R3.Corda: Null constraint has been added to node_checkpoints.checkpoint_value
?[m?[37m[INFO] 11:04:42,343 [Test worker] liquibase.info - master.changelog.json: migration/node-core.changelog-v4.xml::nullability::R3.Corda: Null constraint has been added to node_contract_upgrades.contract_class_name
?[m?[37m[INFO] 11:04:42,343 [Test worker] liquibase.info - master.changelog.json: migration/node-core.changelog-v4.xml::nullability::R3.Corda: Null constraint has been added to node_message_ids.insertion_time
?[m?[37m[INFO] 11:04:42,343 [Test worker] liquibase.info - master.changelog.json: migration/node-core.changelog-v4.xml::nullability::R3.Corda: Null constraint has been added to node_message_retry.message
?[m?[37m[INFO] 11:04:42,344 [Test worker] liquibase.info - master.changelog.json: migration/node-core.changelog-v4.xml::nullability::R3.Corda: Null constraint has been added to node_message_retry.recipients
?[m?[37m[INFO] 11:04:42,344 [Test worker] liquibase.info - master.changelog.json: migration/node-core.changelog-v4.xml::nullability::R3.Corda: Null constraint has been added to node_named_identities.pk_hash
?[m?[37m[INFO] 11:04:42,345 [Test worker] liquibase.info - master.changelog.json: migration/node-core.changelog-v4.xml::nullability::R3.Corda: Null constraint has been added to node_our_key_pairs.private_key
?[m?[37m[INFO] 11:04:42,345 [Test worker] liquibase.info - master.changelog.json: migration/node-core.changelog-v4.xml::nullability::R3.Corda: Null constraint has been added to node_our_key_pairs.public_key
?[m?[37m[INFO] 11:04:42,345 [Test worker] liquibase.info - master.changelog.json: migration/node-core.changelog-v4.xml::nullability::R3.Corda: Null constraint has been added to node_transaction_mappings.state_machine_run_id
?[m?[37m[INFO] 11:04:42,346 [Test worker] liquibase.info - master.changelog.json: migration/node-core.changelog-v4.xml::nullability::R3.Corda: Null constraint has been added to node_transactions.transaction_value
?[m?[37m[INFO] 11:04:42,346 [Test worker] liquibase.info - master.changelog.json: migration/node-core.changelog-v4.xml::nullability::R3.Corda: ChangeSet migration/node-core.changelog-v4.xml::nullability::R3.Corda ran successfully in 5ms
?[m?[37m[INFO] 11:04:42,348 [Test worker] liquibase.info - master.changelog.json: migration/node-core.changelog-v5.xml::remove_unused_node_message_retry::R3.Corda: Table node_message_retry dropped
?[m?[37m[INFO] 11:04:42,348 [Test worker] liquibase.info - master.changelog.json: migration/node-core.changelog-v5.xml::remove_unused_node_message_retry::R3.Corda: ChangeSet migration/node-core.changelog-v5.xml::remove_unused_node_message_retry::R3.Corda ran successfully in 0ms
?[m?[37m[INFO] 11:04:42,363 [Test worker] liquibase.info - master.changelog.json: migration/node-core.changelog-v8.xml::conditional_attchments_rename::R3.Corda: Marking ChangeSet: migration/node-core.changelog-v8.xml::conditional_attchments_rename::R3.Corda ran despite precondition failure due to onFail='MARK_RAN': 
          master.changelog.json : Table PUBLIC.NODE_ATTCHMENTS_CONTRACTS does not exist

?[m?[37m[INFO] 11:04:42,371 [Test worker] liquibase.info - master.changelog.json: migration/node-core.changelog-v8.xml::conditional_attchments_contracts::R3.Corda: Marking ChangeSet: migration/node-core.changelog-v8.xml::conditional_attchments_contracts::R3.Corda ran despite precondition failure due to onFail='MARK_RAN': 
          master.changelog.json : Table PUBLIC.NODE_ATTACHMENTS_CONTRACT_CLASS_NAME does not exist

?[m?[37m[INFO] 11:04:42,372 [Test worker] liquibase.info - master.changelog.json: migration/node-core.changelog-v8.xml::add_signers::R3.Corda: Table node_attachments_signers created
?[m?[37m[INFO] 11:04:42,373 [Test worker] liquibase.info - master.changelog.json: migration/node-core.changelog-v8.xml::add_signers::R3.Corda: Foreign key constraint added to node_attachments_signers (att_id)
?[m?[37m[INFO] 11:04:42,373 [Test worker] liquibase.info - master.changelog.json: migration/node-core.changelog-v8.xml::add_signers::R3.Corda: ChangeSet migration/node-core.changelog-v8.xml::add_signers::R3.Corda ran successfully in 1ms
?[m?[37m[INFO] 11:04:42,376 [Test worker] liquibase.info - master.changelog.json: migration/node-core.changelog-tx-mapping.xml::add_tx_mapping_column::R3.Corda: Columns state_machine_run_id(NVARCHAR(36)) added to node_transactions
?[m?[37m[INFO] 11:04:42,376 [Test worker] liquibase.info - master.changelog.json: migration/node-core.changelog-tx-mapping.xml::add_tx_mapping_column::R3.Corda: Custom SQL executed
?[m?[37m[INFO] 11:04:42,377 [Test worker] liquibase.info - master.changelog.json: migration/node-core.changelog-tx-mapping.xml::add_tx_mapping_column::R3.Corda: Table node_transaction_mappings dropped
?[m?[37m[INFO] 11:04:42,377 [Test worker] liquibase.info - master.changelog.json: migration/node-core.changelog-tx-mapping.xml::add_tx_mapping_column::R3.Corda: ChangeSet migration/node-core.changelog-tx-mapping.xml::add_tx_mapping_column::R3.Corda ran successfully in 3ms
?[m?[37m[INFO] 11:04:42,379 [Test worker] liquibase.info - master.changelog.json: migration/node-services.changelog-init.xml::add_network_parameters_storage::R3.Corda: Table node_network_parameters created
?[m?[37m[INFO] 11:04:42,379 [Test worker] liquibase.info - master.changelog.json: migration/node-services.changelog-init.xml::add_network_parameters_storage::R3.Corda: ChangeSet migration/node-services.changelog-init.xml::add_network_parameters_storage::R3.Corda ran successfully in 1ms
?[m?[37m[INFO] 11:04:42,380 [Test worker] liquibase.info - master.changelog.json: migration/node-services.changelog-init.xml::network_parameters_pk::R3.Corda: Primary key added to node_network_parameters (hash)
?[m?[37m[INFO] 11:04:42,380 [Test worker] liquibase.info - master.changelog.json: migration/node-services.changelog-init.xml::network_parameters_pk::R3.Corda: ChangeSet migration/node-services.changelog-init.xml::network_parameters_pk::R3.Corda ran successfully in 0ms
?[m?[37m[INFO] 11:04:42,383 [Test worker] liquibase.info - master.changelog.json: migration/node-services.changelog-init.xml::add_version_column::R3.Corda: Columns version(INT) added to node_attachments
?[m?[37m[INFO] 11:04:42,383 [Test worker] liquibase.info - master.changelog.json: migration/node-services.changelog-init.xml::add_version_column::R3.Corda: Custom SQL executed
?[m?[37m[INFO] 11:04:42,384 [Test worker] liquibase.info - master.changelog.json: migration/node-services.changelog-init.xml::add_version_column::R3.Corda: Null constraint has been added to node_attachments.version
?[m?[37m[INFO] 11:04:42,384 [Test worker] liquibase.info - master.changelog.json: migration/node-services.changelog-init.xml::add_version_column::R3.Corda: ChangeSet migration/node-services.changelog-init.xml::add_version_column::R3.Corda ran successfully in 3ms
?[m?[37m[INFO] 11:04:42,385 [Test worker] persistence.AttachmentVersionNumberMigration.execute - Start executing...
?[m?[37m[INFO] 11:04:42,387 [Test worker] persistence.AttachmentVersionNumberMigration.execute - Attachment version creation from whitelisted JARs using network parameters from build/mock-network/20190619-100422.550/nodes/3/network-parameters, whitelistedContractImplementations: {}.
?[m?[37m[INFO] 11:04:42,387 [Test worker] persistence.AttachmentVersionNumberMigration.execute - Attachment version creation from whitelisted JARs skipped, no attachments not found.
?[m?[37m[INFO] 11:04:42,387 [Test worker] liquibase.info - master.changelog.json: migration/node-services.changelog-init.xml::update-version-of-whitelisted-jars::R3.Corda: null
?[m?[37m[INFO] 11:04:42,387 [Test worker] liquibase.info - master.changelog.json: migration/node-services.changelog-init.xml::update-version-of-whitelisted-jars::R3.Corda: ChangeSet migration/node-services.changelog-init.xml::update-version-of-whitelisted-jars::R3.Corda ran successfully in 2ms
?[m?[37m[INFO] 11:04:42,389 [Test worker] liquibase.info - master.changelog.json: migration/node-services.changelog-init.xml::add-new-persitence-table::R3.Corda: Table identities_no_cert created
?[m?[37m[INFO] 11:04:42,389 [Test worker] liquibase.info - master.changelog.json: migration/node-services.changelog-init.xml::add-new-persitence-table::R3.Corda: ChangeSet migration/node-services.changelog-init.xml::add-new-persitence-table::R3.Corda ran successfully in 1ms
?[m?[37m[INFO] 11:04:42,390 [Test worker] migration.PersistentIdentitiesMigration.execute - Migrating persistent identities with certificates table into persistent table with no certificate data.
?[m?[37m[INFO] 11:04:42,392 [Test worker] persistence.HibernateConfiguration.<init> - Init HibernateConfiguration for schemas: [PersistentIdentitiesMigrationSchemaV1(name=net.corda.node.migration.PersistentIdentitiesMigrationSchema, version=1)]
?[m?[37m[INFO] 11:04:42,392 [Test worker] persistence.HibernateConfiguration.makeSessionFactoryForSchemas - Creating session factory for schemas: [PersistentIdentitiesMigrationSchemaV1(name=net.corda.node.migration.PersistentIdentitiesMigrationSchema, version=1)]
?[m?[37m[INFO] 11:04:42,397 [Test worker] internal.ConnectionProviderInitiator.initiateService - HHH000130: Instantiating explicit connection provider: net.corda.nodeapi.internal.persistence.HibernateConfiguration$NodeDatabaseConnectionProvider
?[m?[37m[INFO] 11:04:42,397 [Test worker] dialect.Dialect.<init> - HHH000400: Using dialect: org.hibernate.dialect.H2Dialect
?[m?[37m[INFO] 11:04:42,400 [Test worker] type.BasicTypeRegistry.register - HHH000270: Type registration [materialized_blob] overrides previous : org.hibernate.type.MaterializedBlobType@39773eff
?[m?[37m[INFO] 11:04:42,417 [Test worker] connections.access.getIsolatedConnection - HHH10001501: Connection obtained from JdbcConnectionAccess [org.hibernate.engine.jdbc.env.internal.JdbcEnvironmentInitiator$ConnectionProviderJdbcConnectionAccess@e4bd687] for (non-JTA) DDL execution was not in auto-commit mode; the Connection 'local transaction' will be committed and the Connection will be set into auto-commit mode.
?[m?[37m[INFO] 11:04:42,442 [Test worker] persistence.HibernateConfiguration.makeSessionFactoryForSchemas - Created session factory for schemas: [PersistentIdentitiesMigrationSchemaV1(name=net.corda.node.migration.PersistentIdentitiesMigrationSchema, version=1)]
?[m?[37m[INFO] 11:04:42,443 [Test worker] internal.QueryTranslatorFactoryInitiator.initiateService - HHH000397: Using ASTQueryTranslatorFactory
?[m?[37m[INFO] 11:04:42,456 [Test worker] liquibase.info - master.changelog.json: migration/node-services.changelog-init.xml::transfer-to-new-persistence-table::R3.Corda: null
?[m?[37m[INFO] 11:04:42,456 [Test worker] liquibase.info - master.changelog.json: migration/node-services.changelog-init.xml::transfer-to-new-persistence-table::R3.Corda: ChangeSet migration/node-services.changelog-init.xml::transfer-to-new-persistence-table::R3.Corda ran successfully in 66ms
?[m?[37m[INFO] 11:04:42,458 [Test worker] migration.VaultStateMigration.execute - Migrating vault state data to V4 tables
?[m?[37m[INFO] 11:04:42,460 [Test worker] persistence.HibernateConfiguration.<init> - Init HibernateConfiguration for schemas: [VaultMigrationSchemaV1(name=net.corda.node.migration.VaultMigrationSchema, version=1), VaultSchemaV1(name=net.corda.node.services.vault.VaultSchema, version=1)]
?[m?[37m[INFO] 11:04:42,461 [Test worker] persistence.HibernateConfiguration.makeSessionFactoryForSchemas - Creating session factory for schemas: [VaultMigrationSchemaV1(name=net.corda.node.migration.VaultMigrationSchema, version=1), VaultSchemaV1(name=net.corda.node.services.vault.VaultSchema, version=1)]
?[m?[37m[INFO] 11:04:42,465 [Test worker] internal.ConnectionProviderInitiator.initiateService - HHH000130: Instantiating explicit connection provider: net.corda.nodeapi.internal.persistence.HibernateConfiguration$NodeDatabaseConnectionProvider
?[m?[37m[INFO] 11:04:42,466 [Test worker] dialect.Dialect.<init> - HHH000400: Using dialect: org.hibernate.dialect.H2Dialect
?[m?[37m[INFO] 11:04:42,467 [Test worker] type.BasicTypeRegistry.register - HHH000270: Type registration [materialized_blob] overrides previous : org.hibernate.type.MaterializedBlobType@39773eff
?[m?[37m[INFO] 11:04:42,503 [Test worker] connections.access.getIsolatedConnection - HHH10001501: Connection obtained from JdbcConnectionAccess [org.hibernate.engine.jdbc.env.internal.JdbcEnvironmentInitiator$ConnectionProviderJdbcConnectionAccess@4899f124] for (non-JTA) DDL execution was not in auto-commit mode; the Connection 'local transaction' will be committed and the Connection will be set into auto-commit mode.
?[m?[37m[INFO] 11:04:42,535 [Test worker] persistence.HibernateConfiguration.makeSessionFactoryForSchemas - Created session factory for schemas: [VaultMigrationSchemaV1(name=net.corda.node.migration.VaultMigrationSchema, version=1), VaultSchemaV1(name=net.corda.node.services.vault.VaultSchema, version=1)]
?[m?[37m[INFO] 11:04:42,536 [Test worker] internal.QueryTranslatorFactoryInitiator.initiateService - HHH000397: Using ASTQueryTranslatorFactory
?[m?[37m[INFO] 11:04:42,546 [Test worker] migration.VaultStateMigration.execute - Finished performing vault state data migration for 0 states
?[m?[37m[INFO] 11:04:42,546 [Test worker] liquibase.info - master.changelog.json: migration/vault-schema.changelog-v9.xml::update-vault-states::R3.Corda: null
?[m?[37m[INFO] 11:04:42,546 [Test worker] liquibase.info - master.changelog.json: migration/vault-schema.changelog-v9.xml::update-vault-states::R3.Corda: ChangeSet migration/vault-schema.changelog-v9.xml::update-vault-states::R3.Corda ran successfully in 89ms
?[m?[37m[INFO] 11:04:42,549 [Test worker] liquibase.info - master.changelog.json: migration/cash.changelog-init.xml::1511451595465-2::R3.Corda: Table contract_cash_states created
?[m?[37m[INFO] 11:04:42,549 [Test worker] liquibase.info - master.changelog.json: migration/cash.changelog-init.xml::1511451595465-2::R3.Corda: ChangeSet migration/cash.changelog-init.xml::1511451595465-2::R3.Corda ran successfully in 1ms
?[m?[37m[INFO] 11:04:42,551 [Test worker] liquibase.info - master.changelog.json: migration/cash.changelog-init.xml::1511451595465-28::R3.Corda: Primary key added to contract_cash_states (output_index, transaction_id)
?[m?[37m[INFO] 11:04:42,551 [Test worker] liquibase.info - master.changelog.json: migration/cash.changelog-init.xml::1511451595465-28::R3.Corda: ChangeSet migration/cash.changelog-init.xml::1511451595465-28::R3.Corda ran successfully in 1ms
?[m?[37m[INFO] 11:04:42,553 [Test worker] liquibase.info - master.changelog.json: migration/cash.changelog-init.xml::1511451595465-51::R3.Corda: Index ccy_code_idx created
?[m?[37m[INFO] 11:04:42,554 [Test worker] liquibase.info - master.changelog.json: migration/cash.changelog-init.xml::1511451595465-51::R3.Corda: ChangeSet migration/cash.changelog-init.xml::1511451595465-51::R3.Corda ran successfully in 0ms
?[m?[37m[INFO] 11:04:42,555 [Test worker] liquibase.info - master.changelog.json: migration/cash.changelog-init.xml::1511451595465-57::R3.Corda: Index pennies_idx created
?[m?[37m[INFO] 11:04:42,555 [Test worker] liquibase.info - master.changelog.json: migration/cash.changelog-init.xml::1511451595465-57::R3.Corda: ChangeSet migration/cash.changelog-init.xml::1511451595465-57::R3.Corda ran successfully in 0ms
?[m?[37m[INFO] 11:04:42,558 [Test worker] liquibase.info - master.changelog.json: migration/node-services.changelog-init.xml::1525793504::R3.Corda: Index ccy_code_idx dropped from table contract_cash_states
?[m?[37m[INFO] 11:04:42,559 [Test worker] liquibase.info - master.changelog.json: migration/node-services.changelog-init.xml::1525793504::R3.Corda: Null constraint has been added to contract_cash_states.ccy_code
?[m?[37m[INFO] 11:04:42,559 [Test worker] liquibase.info - master.changelog.json: migration/node-services.changelog-init.xml::1525793504::R3.Corda: Index ccy_code_idx created
?[m?[37m[INFO] 11:04:42,560 [Test worker] liquibase.info - master.changelog.json: migration/node-services.changelog-init.xml::1525793504::R3.Corda: Null constraint has been added to contract_cash_states.issuer_key_hash
?[m?[37m[INFO] 11:04:42,561 [Test worker] liquibase.info - master.changelog.json: migration/node-services.changelog-init.xml::1525793504::R3.Corda: Null constraint has been added to contract_cash_states.issuer_ref
?[m?[37m[INFO] 11:04:42,561 [Test worker] liquibase.info - master.changelog.json: migration/node-services.changelog-init.xml::1525793504::R3.Corda: Index pennies_idx dropped from table contract_cash_states
?[m?[37m[INFO] 11:04:42,562 [Test worker] liquibase.info - master.changelog.json: migration/node-services.changelog-init.xml::1525793504::R3.Corda: Null constraint has been added to contract_cash_states.pennies
?[m?[37m[INFO] 11:04:42,563 [Test worker] liquibase.info - master.changelog.json: migration/node-services.changelog-init.xml::1525793504::R3.Corda: Index pennies_idx created
?[m?[37m[INFO] 11:04:42,563 [Test worker] liquibase.info - master.changelog.json: migration/node-services.changelog-init.xml::1525793504::R3.Corda: ChangeSet migration/node-services.changelog-init.xml::1525793504::R3.Corda ran successfully in 5ms
?[m?[37m[INFO] 11:04:42,565 [Test worker] liquibase.info - master.changelog.json: migration/commercial-paper.changelog-init.xml::1511451595465-3::R3.Corda: Table cp_states created
?[m?[37m[INFO] 11:04:42,566 [Test worker] liquibase.info - master.changelog.json: migration/commercial-paper.changelog-init.xml::1511451595465-3::R3.Corda: ChangeSet migration/commercial-paper.changelog-init.xml::1511451595465-3::R3.Corda ran successfully in 1ms
?[m?[37m[INFO] 11:04:42,567 [Test worker] liquibase.info - master.changelog.json: migration/commercial-paper.changelog-init.xml::1511451595465-29::R3.Corda: Primary key added to cp_states (output_index, transaction_id)
?[m?[37m[INFO] 11:04:42,568 [Test worker] liquibase.info - master.changelog.json: migration/commercial-paper.changelog-init.xml::1511451595465-29::R3.Corda: ChangeSet migration/commercial-paper.changelog-init.xml::1511451595465-29::R3.Corda ran successfully in 0ms
?[m?[37m[INFO] 11:04:42,569 [Test worker] liquibase.info - master.changelog.json: migration/commercial-paper.changelog-init.xml::1511451595465-52::R3.Corda: Index ccy_code_index created
?[m?[37m[INFO] 11:04:42,569 [Test worker] liquibase.info - master.changelog.json: migration/commercial-paper.changelog-init.xml::1511451595465-52::R3.Corda: ChangeSet migration/commercial-paper.changelog-init.xml::1511451595465-52::R3.Corda ran successfully in 1ms
?[m?[37m[INFO] 11:04:42,571 [Test worker] liquibase.info - master.changelog.json: migration/commercial-paper.changelog-init.xml::1511451595465-54::R3.Corda: Index face_value_index created
?[m?[37m[INFO] 11:04:42,572 [Test worker] liquibase.info - master.changelog.json: migration/commercial-paper.changelog-init.xml::1511451595465-54::R3.Corda: ChangeSet migration/commercial-paper.changelog-init.xml::1511451595465-54::R3.Corda ran successfully in 0ms
?[m?[37m[INFO] 11:04:42,574 [Test worker] liquibase.info - master.changelog.json: migration/commercial-paper.changelog-init.xml::1511451595465-56::R3.Corda: Index maturity_index created
?[m?[37m[INFO] 11:04:42,574 [Test worker] liquibase.info - master.changelog.json: migration/commercial-paper.changelog-init.xml::1511451595465-56::R3.Corda: ChangeSet migration/commercial-paper.changelog-init.xml::1511451595465-56::R3.Corda ran successfully in 1ms
?[m?[37m[INFO] 11:04:42,577 [Test worker] liquibase.info - master.changelog.json: migration/commercial-paper.changelog-v1.xml::1525962920::R3.Corda: Index ccy_code_index dropped from table cp_states
?[m?[37m[INFO] 11:04:42,577 [Test worker] liquibase.info - master.changelog.json: migration/commercial-paper.changelog-v1.xml::1525962920::R3.Corda: Null constraint has been added to cp_states.ccy_code
?[m?[37m[INFO] 11:04:42,578 [Test worker] liquibase.info - master.changelog.json: migration/commercial-paper.changelog-v1.xml::1525962920::R3.Corda: Index ccy_code_index created
?[m?[37m[INFO] 11:04:42,579 [Test worker] liquibase.info - master.changelog.json: migration/commercial-paper.changelog-v1.xml::1525962920::R3.Corda: Index face_value_index dropped from table cp_states
?[m?[37m[INFO] 11:04:42,579 [Test worker] liquibase.info - master.changelog.json: migration/commercial-paper.changelog-v1.xml::1525962920::R3.Corda: Null constraint has been added to cp_states.face_value
?[m?[37m[INFO] 11:04:42,579 [Test worker] liquibase.info - master.changelog.json: migration/commercial-paper.changelog-v1.xml::1525962920::R3.Corda: Index face_value_index created
?[m?[37m[INFO] 11:04:42,580 [Test worker] liquibase.info - master.changelog.json: migration/commercial-paper.changelog-v1.xml::1525962920::R3.Corda: Null constraint has been added to cp_states.face_value_issuer_key_hash
?[m?[37m[INFO] 11:04:42,580 [Test worker] liquibase.info - master.changelog.json: migration/commercial-paper.changelog-v1.xml::1525962920::R3.Corda: Null constraint has been added to cp_states.face_value_issuer_ref
?[m?[37m[INFO] 11:04:42,581 [Test worker] liquibase.info - master.changelog.json: migration/commercial-paper.changelog-v1.xml::1525962920::R3.Corda: Null constraint has been added to cp_states.issuance_key_hash
?[m?[37m[INFO] 11:04:42,581 [Test worker] liquibase.info - master.changelog.json: migration/commercial-paper.changelog-v1.xml::1525962920::R3.Corda: Null constraint has been added to cp_states.issuance_ref
?[m?[37m[INFO] 11:04:42,582 [Test worker] liquibase.info - master.changelog.json: migration/commercial-paper.changelog-v1.xml::1525962920::R3.Corda: Index maturity_index dropped from table cp_states
?[m?[37m[INFO] 11:04:42,582 [Test worker] liquibase.info - master.changelog.json: migration/commercial-paper.changelog-v1.xml::1525962920::R3.Corda: Null constraint has been added to cp_states.maturity_instant
?[m?[37m[INFO] 11:04:42,583 [Test worker] liquibase.info - master.changelog.json: migration/commercial-paper.changelog-v1.xml::1525962920::R3.Corda: Index maturity_index created
?[m?[37m[INFO] 11:04:42,584 [Test worker] liquibase.info - master.changelog.json: migration/commercial-paper.changelog-v1.xml::1525962920::R3.Corda: Null constraint has been added to cp_states.owner_key_hash
?[m?[37m[INFO] 11:04:42,584 [Test worker] liquibase.info - master.changelog.json: migration/commercial-paper.changelog-v1.xml::1525962920::R3.Corda: ChangeSet migration/commercial-paper.changelog-v1.xml::1525962920::R3.Corda ran successfully in 8ms
?[m?[37m[INFO] 11:04:42,586 [Test worker] liquibase.info - Successfully released change log lock
?[m?[37m[INFO] 11:04:42,587 [Test worker] internal.InternalMockNetwork$MockNode.invoke - Connected to H2 database.
?[m?[37m[INFO] 11:04:42,589 [Test worker] persistence.HibernateConfiguration.<init> - Init HibernateConfiguration for schemas: [CommonSchemaV1(name=net.corda.core.schemas.CommonSchema, version=1), VaultSchemaV1(name=net.corda.node.services.vault.VaultSchema, version=1), NodeInfoSchemaV1(name=net.corda.node.internal.schemas.NodeInfoSchema, version=1), NodeCoreV1(name=net.corda.node.services.schema.NodeSchemaService$NodeCore, version=1), CashSchemaV1(name=net.corda.finance.schemas.CashSchema, version=1), CommercialPaperSchemaV1(name=net.corda.finance.schemas.CommercialPaperSchema, version=1)]
?[m?[37m[INFO] 11:04:42,589 [Test worker] persistence.HibernateConfiguration.makeSessionFactoryForSchemas - Creating session factory for schemas: [CommonSchemaV1(name=net.corda.core.schemas.CommonSchema, version=1), VaultSchemaV1(name=net.corda.node.services.vault.VaultSchema, version=1), NodeInfoSchemaV1(name=net.corda.node.internal.schemas.NodeInfoSchema, version=1), NodeCoreV1(name=net.corda.node.services.schema.NodeSchemaService$NodeCore, version=1), CashSchemaV1(name=net.corda.finance.schemas.CashSchema, version=1), CommercialPaperSchemaV1(name=net.corda.finance.schemas.CommercialPaperSchema, version=1)]
?[m?[37m[INFO] 11:04:42,596 [Test worker] internal.ConnectionProviderInitiator.initiateService - HHH000130: Instantiating explicit connection provider: net.corda.nodeapi.internal.persistence.HibernateConfiguration$NodeDatabaseConnectionProvider
?[m?[37m[INFO] 11:04:42,597 [Test worker] dialect.Dialect.<init> - HHH000400: Using dialect: org.hibernate.dialect.H2Dialect
?[m?[37m[INFO] 11:04:42,600 [Test worker] type.BasicTypeRegistry.register - HHH000270: Type registration [materialized_blob] overrides previous : org.hibernate.type.MaterializedBlobType@39773eff
?[m?[37m[INFO] 11:04:42,662 [Test worker] connections.access.getIsolatedConnection - HHH10001501: Connection obtained from JdbcConnectionAccess [org.hibernate.engine.jdbc.env.internal.JdbcEnvironmentInitiator$ConnectionProviderJdbcConnectionAccess@5be91e5f] for (non-JTA) DDL execution was not in auto-commit mode; the Connection 'local transaction' will be committed and the Connection will be set into auto-commit mode.
?[m?[37m[INFO] 11:04:42,702 [Test worker] persistence.HibernateConfiguration.makeSessionFactoryForSchemas - Created session factory for schemas: [CommonSchemaV1(name=net.corda.core.schemas.CommonSchema, version=1), VaultSchemaV1(name=net.corda.node.services.vault.VaultSchema, version=1), NodeInfoSchemaV1(name=net.corda.node.internal.schemas.NodeInfoSchema, version=1), NodeCoreV1(name=net.corda.node.services.schema.NodeSchemaService$NodeCore, version=1), CashSchemaV1(name=net.corda.finance.schemas.CashSchema, version=1), CommercialPaperSchemaV1(name=net.corda.finance.schemas.CommercialPaperSchema, version=1)]
?[m?[37m[INFO] 11:04:42,703 [Test worker] internal.InternalMockNetwork$MockNode.obtainIdentity - identity-private-key not found in key store, generating fresh key!
?[m?[37m[INFO] 11:04:42,718 [Test worker] internal.QueryTranslatorFactoryInitiator.initiateService - HHH000397: Using ASTQueryTranslatorFactory
?[m?[37m[INFO] 11:04:42,721 [Test worker] internal.InternalMockNetwork$MockNode.updateNodeInfo - Node-info has changed so submitting update. Old node-info was null
?[m?[37m[INFO] 11:04:42,721 [Test worker] network.PersistentNetworkMapCache.addNode - Adding node with info: NodeInfo(addresses=[mock.node:1000], legalIdentitiesAndCerts=[O=Charlie Ltd, L=Athens, C=GR], platformVersion=5, serial=1560938682721)
?[m?[37m[INFO] 11:04:42,724 [Test worker] network.PersistentNetworkMapCache.addNode - No previous node found
?[m?[37m[INFO] 11:04:42,731 [Test worker] internal.InternalMockNetwork$MockNode.updateNodeInfo - New node-info: NodeInfo(addresses=[mock.node:1000], legalIdentitiesAndCerts=[O=Charlie Ltd, L=Athens, C=GR], platformVersion=5, serial=1560938682721)
?[m?[37m[INFO] 11:04:42,737 [Test worker] network.NetworkMapUpdater.apply - Auto-accept enabled for network parameter changes which modify only: [epoch, modifiedTime, packageOwnership, whitelistedContractImplementations]
?[m?[37m[INFO] 11:04:42,740 [MockNode-4-2] network.PersistentNetworkMapCache.addNode - Adding node with info: NodeInfo(addresses=[mock.node:1000], legalIdentitiesAndCerts=[O=Charlie Ltd, L=Athens, C=GR], platformVersion=5, serial=1560938682721)
?[m?[31m[WARN] 11:04:42,742 [Test worker] utilities.AppendOnlyPersistentMapBase.set - Double insert in net.corda.node.utilities.AppendOnlyPersistentMap for entity class class net.corda.node.services.identity.PersistentIdentityService$PersistentIdentityNames key O=Charlie Ltd, L=Athens, C=GR, not inserting the second time
?[m?[37m[INFO] 11:04:42,746 [MockNode-4-2] network.PersistentNetworkMapCache.addNode - Previous node was identical to incoming one - doing nothing
?[m?[37m[INFO] 11:04:42,772 [Test worker] ClassloaderUtils.logElapsedTime - Contracts loading for '/var/folders/1r/w2pkkn4n22qdmrtblzd5t0200000gp/T/attachment854816080585056458.jar' took 23 msec
?[m?[37m[INFO] 11:04:42,800 [Test worker] persistence.NodeAttachmentService.invoke - Stored new attachment: id=C2F26FA5BD1C5A3BAF4F109838BD28196CED189F51176C80FCD8858A5E55E45F uploader=app filename=null
?[m?[37m[INFO] 11:04:42,802 [Test worker] cordapp.CordappConfigFileProvider.getConfigByName - Found config for cordapp corda-finance-workflows-5.0-SNAPSHOT-WILLH in build/mock-network/20190619-100422.550/nodes/3/cordapps/config/corda-finance-workflows-5.0-SNAPSHOT-WILLH.conf
?[m?[37m[INFO] 11:04:42,803 [Test worker] internal.InternalMockNetwork$MockNode.installCordaService - Installed net.corda.finance.internal.ConfigHolder Corda service
?[m?[37m[INFO] 11:04:42,809 [Test worker] statemachine.SingleThreadedStateMachineManager.invoke - Node ready, info: NodeInfo(addresses=[mock.node:1000], legalIdentitiesAndCerts=[O=Charlie Ltd, L=Athens, C=GR], platformVersion=5, serial=1560938682721)
?[m?[37m[INFO] 11:04:42,812 [Test worker] network.PersistentNetworkMapCache.addNode - Adding node with info: NodeInfo(addresses=[mock.node:1000], legalIdentitiesAndCerts=[O=Notary Service, L=Zurich, C=CH], platformVersion=5, serial=1560938678748)
?[m?[37m[INFO] 11:04:42,813 [Test worker] network.PersistentNetworkMapCache.addNode - No previous node found
?[m?[37m[INFO] 11:04:42,821 [Test worker] network.PersistentNetworkMapCache.addNode - Adding node with info: NodeInfo(addresses=[mock.node:1000], legalIdentitiesAndCerts=[O=Charlie Ltd, L=Athens, C=GR], platformVersion=5, serial=1560938682721)
?[m?[37m[INFO] 11:04:42,822 [Test worker] network.PersistentNetworkMapCache.addNode - No previous node found
?[m?[37m[INFO] 11:04:42,833 [Test worker] network.PersistentNetworkMapCache.addNode - Adding node with info: NodeInfo(addresses=[mock.node:1000], legalIdentitiesAndCerts=[O=Alice Corp, L=Madrid, C=ES], platformVersion=5, serial=1560938680551)
?[m?[37m[INFO] 11:04:42,834 [Test worker] network.PersistentNetworkMapCache.addNode - No previous node found
?[m?[37m[INFO] 11:04:42,842 [Test worker] network.PersistentNetworkMapCache.addNode - Adding node with info: NodeInfo(addresses=[mock.node:1000], legalIdentitiesAndCerts=[O=Charlie Ltd, L=Athens, C=GR], platformVersion=5, serial=1560938682721)
?[m?[37m[INFO] 11:04:42,843 [Test worker] network.PersistentNetworkMapCache.addNode - No previous node found
?[m?[37m[INFO] 11:04:42,852 [Test worker] network.PersistentNetworkMapCache.addNode - Adding node with info: NodeInfo(addresses=[mock.node:1000], legalIdentitiesAndCerts=[O=Bob Plc, L=Rome, C=IT], platformVersion=5, serial=1560938681701)
?[m?[37m[INFO] 11:04:42,853 [Test worker] network.PersistentNetworkMapCache.addNode - No previous node found
?[m?[37m[INFO] 11:04:42,862 [Test worker] network.PersistentNetworkMapCache.addNode - Adding node with info: NodeInfo(addresses=[mock.node:1000], legalIdentitiesAndCerts=[O=Charlie Ltd, L=Athens, C=GR], platformVersion=5, serial=1560938682721)
?[m?[37m[INFO] 11:04:42,863 [Test worker] network.PersistentNetworkMapCache.addNode - No previous node found
?[m?[37m[INFO] 11:04:42,872 [Test worker] network.PersistentNetworkMapCache.addNode - Adding node with info: NodeInfo(addresses=[mock.node:1000], legalIdentitiesAndCerts=[O=Charlie Ltd, L=Athens, C=GR], platformVersion=5, serial=1560938682721)
?[m?[37m[INFO] 11:04:42,872 [Test worker] network.PersistentNetworkMapCache.addNode - Previous node was identical to incoming one - doing nothing
?[m?[37m[INFO] 11:04:42,872 [Test worker] network.PersistentNetworkMapCache.addNode - Adding node with info: NodeInfo(addresses=[mock.node:1000], legalIdentitiesAndCerts=[O=Charlie Ltd, L=Athens, C=GR], platformVersion=5, serial=1560938682721)
?[m?[37m[INFO] 11:04:42,872 [Test worker] network.PersistentNetworkMapCache.addNode - Previous node was identical to incoming one - doing nothing
?[m?[37m[INFO] 11:04:42,879 [Test worker] internal.NodeFlowManager.registerInitiatedFlow - Registered net.corda.confidential.identities.SyncKeyMappingInitiator to initiate net.corda.confidential.identities.SyncKeyMappingResponse (version 1)
?[m?[37m[INFO] 11:04:42,883 [Test worker] internal.NodeFlowManager.registerInitiatedFlow - Registered net.corda.confidential.identities.SyncKeyMappingInitiator to initiate net.corda.confidential.identities.SyncKeyMappingResponse (version 1)
?[m?[37m[INFO] 11:04:42,887 [Test worker] internal.NodeFlowManager.registerInitiatedFlow - Registered net.corda.confidential.identities.RequestKeyFlowWrapper to initiate net.corda.confidential.identities.RequestKeyFlowWrapperHandler (version 1)
?[m?[37m[INFO] 11:04:42,887 [Test worker] internal.NodeFlowManager.registerInitiatedFlow - Registered net.corda.confidential.identities.RequestKeyFlowWrapper to initiate net.corda.confidential.identities.RequestKeyFlowWrapperHandler (version 1)
?[m?[31m[WARN] 11:04:43,178 [Mock node 3 thread] transactions.TransactionBuilder.warnOnce - Signature constraints not available on network requiring a minimum platform version of 4. Current is: 1. {actor_id=Only For Testing, actor_owning_identity=O=Charlie Ltd, L=Athens, C=GR, actor_store_id=TEST, fiber-id=10000001, flow-id=e684f326-2b4c-4eea-be9c-74d6cf855c1c, invocation_id=0c5863c4-910b-4fbc-a88b-22c5cbcaf81a, invocation_timestamp=2019-06-19T10:04:42.926Z, origin=Only For Testing, session_id=0c5863c4-910b-4fbc-a88b-22c5cbcaf81a, session_timestamp=2019-06-19T10:04:42.926Z, thread-id=333}
?[m?[31m[WARN] 11:04:43,178 [Mock node 3 thread] transactions.TransactionBuilder.warnOnce - Reverting back to using hash constraints for contract net.corda.finance.contracts.asset.Cash {actor_id=Only For Testing, actor_owning_identity=O=Charlie Ltd, L=Athens, C=GR, actor_store_id=TEST, fiber-id=10000001, flow-id=e684f326-2b4c-4eea-be9c-74d6cf855c1c, invocation_id=0c5863c4-910b-4fbc-a88b-22c5cbcaf81a, invocation_timestamp=2019-06-19T10:04:42.926Z, origin=Only For Testing, session_id=0c5863c4-910b-4fbc-a88b-22c5cbcaf81a, session_timestamp=2019-06-19T10:04:42.926Z, thread-id=333}
?[m?[37m[INFO] 11:04:44,986 [Mock node 3 thread] corda.flow.notariseAndRecord - No need to notarise this transaction. {actor_id=Only For Testing, actor_owning_identity=O=Charlie Ltd, L=Athens, C=GR, actor_store_id=TEST, fiber-id=10000001, flow-id=e684f326-2b4c-4eea-be9c-74d6cf855c1c, invocation_id=0c5863c4-910b-4fbc-a88b-22c5cbcaf81a, invocation_timestamp=2019-06-19T10:04:42.926Z, origin=Only For Testing, session_id=0c5863c4-910b-4fbc-a88b-22c5cbcaf81a, session_timestamp=2019-06-19T10:04:42.926Z, thread-id=333, tx_id=5575572A3EA7507A4C686C5475C10A479639D0838DED1AF986172DFB1AA0003B}
?[m?[37m[INFO] 11:04:44,987 [Mock node 3 thread] corda.flow.notariseAndRecord - Recording transaction locally. {actor_id=Only For Testing, actor_owning_identity=O=Charlie Ltd, L=Athens, C=GR, actor_store_id=TEST, fiber-id=10000001, flow-id=e684f326-2b4c-4eea-be9c-74d6cf855c1c, invocation_id=0c5863c4-910b-4fbc-a88b-22c5cbcaf81a, invocation_timestamp=2019-06-19T10:04:42.926Z, origin=Only For Testing, session_id=0c5863c4-910b-4fbc-a88b-22c5cbcaf81a, session_timestamp=2019-06-19T10:04:42.926Z, thread-id=333, tx_id=5575572A3EA7507A4C686C5475C10A479639D0838DED1AF986172DFB1AA0003B}
?[m?[37m[INFO] 11:04:45,083 [Mock node 3 thread] corda.flow.notariseAndRecord - Recorded transaction locally successfully. {actor_id=Only For Testing, actor_owning_identity=O=Charlie Ltd, L=Athens, C=GR, actor_store_id=TEST, fiber-id=10000001, flow-id=e684f326-2b4c-4eea-be9c-74d6cf855c1c, invocation_id=0c5863c4-910b-4fbc-a88b-22c5cbcaf81a, invocation_timestamp=2019-06-19T10:04:42.926Z, origin=Only For Testing, session_id=0c5863c4-910b-4fbc-a88b-22c5cbcaf81a, session_timestamp=2019-06-19T10:04:42.926Z, thread-id=333, tx_id=5575572A3EA7507A4C686C5475C10A479639D0838DED1AF986172DFB1AA0003B}
?[m?[37m[INFO] 11:04:45,083 [Mock node 3 thread] corda.flow.call - All parties received the transaction successfully. {actor_id=Only For Testing, actor_owning_identity=O=Charlie Ltd, L=Athens, C=GR, actor_store_id=TEST, fiber-id=10000001, flow-id=e684f326-2b4c-4eea-be9c-74d6cf855c1c, invocation_id=0c5863c4-910b-4fbc-a88b-22c5cbcaf81a, invocation_timestamp=2019-06-19T10:04:42.926Z, origin=Only For Testing, session_id=0c5863c4-910b-4fbc-a88b-22c5cbcaf81a, session_timestamp=2019-06-19T10:04:42.926Z, thread-id=333, tx_id=5575572A3EA7507A4C686C5475C10A479639D0838DED1AF986172DFB1AA0003B}
?[m?[37m[INFO] 11:04:45,342 [Mock node 3 thread] identity.PersistentIdentityService.invoke - Linking: E5E7BF58EBBA07CAFED97678FB7E6F560B4519CEBF4D484EDB6B09CDCA27D5B7 to O=Charlie Ltd, L=Athens, C=GR {actor_id=Only For Testing, actor_owning_identity=O=Charlie Ltd, L=Athens, C=GR, actor_store_id=TEST, fiber-id=10000001, flow-id=e684f326-2b4c-4eea-be9c-74d6cf855c1c, invocation_id=0c5863c4-910b-4fbc-a88b-22c5cbcaf81a, invocation_timestamp=2019-06-19T10:04:42.926Z, origin=Only For Testing, session_id=0c5863c4-910b-4fbc-a88b-22c5cbcaf81a, session_timestamp=2019-06-19T10:04:42.926Z, thread-id=333, tx_id=5575572A3EA7507A4C686C5475C10A479639D0838DED1AF986172DFB1AA0003B}
?[m?[37m[INFO] 11:04:45,343 [Mock node 3 thread] corda.flow.call - Generating spend for: e684f326-2b4c-4eea-be9c-74d6cf855c1c {actor_id=Only For Testing, actor_owning_identity=O=Charlie Ltd, L=Athens, C=GR, actor_store_id=TEST, fiber-id=10000001, flow-id=e684f326-2b4c-4eea-be9c-74d6cf855c1c, invocation_id=0c5863c4-910b-4fbc-a88b-22c5cbcaf81a, invocation_timestamp=2019-06-19T10:04:42.926Z, origin=Only For Testing, session_id=0c5863c4-910b-4fbc-a88b-22c5cbcaf81a, session_timestamp=2019-06-19T10:04:42.926Z, thread-id=333, tx_id=5575572A3EA7507A4C686C5475C10A479639D0838DED1AF986172DFB1AA0003B}
?[m?[31m[WARN] 11:04:45,391 [Mock node 3 thread] utilities.AppendOnlyPersistentMapBase.set - Double insert in net.corda.node.utilities.AppendOnlyPersistentMap for entity class class net.corda.node.services.identity.PersistentIdentityService$PersistentIdentity key 2ECFF3A1159966CAD0FA43336291C9E39B8ADD2C96950DE161A71E0A6E6D0185, not inserting the second time {actor_id=Only For Testing, actor_owning_identity=O=Charlie Ltd, L=Athens, C=GR, actor_store_id=TEST, fiber-id=10000001, flow-id=e684f326-2b4c-4eea-be9c-74d6cf855c1c, invocation_id=0c5863c4-910b-4fbc-a88b-22c5cbcaf81a, invocation_timestamp=2019-06-19T10:04:42.926Z, origin=Only For Testing, session_id=0c5863c4-910b-4fbc-a88b-22c5cbcaf81a, session_timestamp=2019-06-19T10:04:42.926Z, thread-id=333, tx_id=5575572A3EA7507A4C686C5475C10A479639D0838DED1AF986172DFB1AA0003B}
?[m?[37m[INFO] 11:04:45,395 [Mock node 3 thread] corda.flow.call - Signing transaction for: e684f326-2b4c-4eea-be9c-74d6cf855c1c {actor_id=Only For Testing, actor_owning_identity=O=Charlie Ltd, L=Athens, C=GR, actor_store_id=TEST, fiber-id=10000001, flow-id=e684f326-2b4c-4eea-be9c-74d6cf855c1c, invocation_id=0c5863c4-910b-4fbc-a88b-22c5cbcaf81a, invocation_timestamp=2019-06-19T10:04:42.926Z, origin=Only For Testing, session_id=0c5863c4-910b-4fbc-a88b-22c5cbcaf81a, session_timestamp=2019-06-19T10:04:42.926Z, thread-id=333, tx_id=5575572A3EA7507A4C686C5475C10A479639D0838DED1AF986172DFB1AA0003B}
?[m?[37m[INFO] 11:04:45,497 [Mock node 3 thread] corda.flow.call - Finalising transaction for: 0BDDEA63D598F8DDFB3448074B6FAF03D12713BD8983B5647C963985EC9BDE00 {actor_id=Only For Testing, actor_owning_identity=O=Charlie Ltd, L=Athens, C=GR, actor_store_id=TEST, fiber-id=10000001, flow-id=e684f326-2b4c-4eea-be9c-74d6cf855c1c, invocation_id=0c5863c4-910b-4fbc-a88b-22c5cbcaf81a, invocation_timestamp=2019-06-19T10:04:42.926Z, origin=Only For Testing, session_id=0c5863c4-910b-4fbc-a88b-22c5cbcaf81a, session_timestamp=2019-06-19T10:04:42.926Z, thread-id=333, tx_id=5575572A3EA7507A4C686C5475C10A479639D0838DED1AF986172DFB1AA0003B}
?[m?[37m[INFO] 11:04:45,534 [Mock node 3 thread] corda.flow.call - Sending transaction to notary: O=Notary Service, L=Zurich, C=CH. {actor_id=Only For Testing, actor_owning_identity=O=Charlie Ltd, L=Athens, C=GR, actor_store_id=TEST, fiber-id=10000001, flow-id=e684f326-2b4c-4eea-be9c-74d6cf855c1c, invocation_id=0c5863c4-910b-4fbc-a88b-22c5cbcaf81a, invocation_timestamp=2019-06-19T10:04:42.926Z, origin=Only For Testing, session_id=0c5863c4-910b-4fbc-a88b-22c5cbcaf81a, session_timestamp=2019-06-19T10:04:42.926Z, thread-id=333, tx_id=0BDDEA63D598F8DDFB3448074B6FAF03D12713BD8983B5647C963985EC9BDE00}
?[m?[37m[INFO] 11:04:45,759 [Mock node 3 thread] corda.flow.call - Notary responded. {actor_id=Only For Testing, actor_owning_identity=O=Charlie Ltd, L=Athens, C=GR, actor_store_id=TEST, fiber-id=10000001, flow-id=e684f326-2b4c-4eea-be9c-74d6cf855c1c, invocation_id=0c5863c4-910b-4fbc-a88b-22c5cbcaf81a, invocation_timestamp=2019-06-19T10:04:42.926Z, origin=Only For Testing, session_id=0c5863c4-910b-4fbc-a88b-22c5cbcaf81a, session_timestamp=2019-06-19T10:04:42.926Z, thread-id=333, tx_id=0BDDEA63D598F8DDFB3448074B6FAF03D12713BD8983B5647C963985EC9BDE00}
?[m?[37m[INFO] 11:04:45,760 [Mock node 3 thread] corda.flow.notariseAndRecord - Recording transaction locally. {actor_id=Only For Testing, actor_owning_identity=O=Charlie Ltd, L=Athens, C=GR, actor_store_id=TEST, fiber-id=10000001, flow-id=e684f326-2b4c-4eea-be9c-74d6cf855c1c, invocation_id=0c5863c4-910b-4fbc-a88b-22c5cbcaf81a, invocation_timestamp=2019-06-19T10:04:42.926Z, origin=Only For Testing, session_id=0c5863c4-910b-4fbc-a88b-22c5cbcaf81a, session_timestamp=2019-06-19T10:04:42.926Z, thread-id=333, tx_id=0BDDEA63D598F8DDFB3448074B6FAF03D12713BD8983B5647C963985EC9BDE00}
?[m?[37m[INFO] 11:04:45,801 [Mock node 3 thread] corda.flow.notariseAndRecord - Recorded transaction locally successfully. {actor_id=Only For Testing, actor_owning_identity=O=Charlie Ltd, L=Athens, C=GR, actor_store_id=TEST, fiber-id=10000001, flow-id=e684f326-2b4c-4eea-be9c-74d6cf855c1c, invocation_id=0c5863c4-910b-4fbc-a88b-22c5cbcaf81a, invocation_timestamp=2019-06-19T10:04:42.926Z, origin=Only For Testing, session_id=0c5863c4-910b-4fbc-a88b-22c5cbcaf81a, session_timestamp=2019-06-19T10:04:42.926Z, thread-id=333, tx_id=0BDDEA63D598F8DDFB3448074B6FAF03D12713BD8983B5647C963985EC9BDE00}
?[m?[37m[INFO] 11:04:45,802 [Mock node 3 thread] corda.flow.call - All parties received the transaction successfully. {actor_id=Only For Testing, actor_owning_identity=O=Charlie Ltd, L=Athens, C=GR, actor_store_id=TEST, fiber-id=10000001, flow-id=e684f326-2b4c-4eea-be9c-74d6cf855c1c, invocation_id=0c5863c4-910b-4fbc-a88b-22c5cbcaf81a, invocation_timestamp=2019-06-19T10:04:42.926Z, origin=Only For Testing, session_id=0c5863c4-910b-4fbc-a88b-22c5cbcaf81a, session_timestamp=2019-06-19T10:04:42.926Z, thread-id=333, tx_id=0BDDEA63D598F8DDFB3448074B6FAF03D12713BD8983B5647C963985EC9BDE00}
?[m?[37m[INFO] 11:04:45,802 [Mock node 3 thread] corda.flow.call - Finalised transaction for: 0BDDEA63D598F8DDFB3448074B6FAF03D12713BD8983B5647C963985EC9BDE00 {actor_id=Only For Testing, actor_owning_identity=O=Charlie Ltd, L=Athens, C=GR, actor_store_id=TEST, fiber-id=10000001, flow-id=e684f326-2b4c-4eea-be9c-74d6cf855c1c, invocation_id=0c5863c4-910b-4fbc-a88b-22c5cbcaf81a, invocation_timestamp=2019-06-19T10:04:42.926Z, origin=Only For Testing, session_id=0c5863c4-910b-4fbc-a88b-22c5cbcaf81a, session_timestamp=2019-06-19T10:04:42.926Z, thread-id=333, tx_id=0BDDEA63D598F8DDFB3448074B6FAF03D12713BD8983B5647C963985EC9BDE00}
?[m?[37m[INFO] 11:04:45,824 [Mock node 1 thread] identity.PersistentIdentityService.invoke - Linking: E5E7BF58EBBA07CAFED97678FB7E6F560B4519CEBF4D484EDB6B09CDCA27D5B7 to O=Charlie Ltd, L=Athens, C=GR {actor_id=Only For Testing, actor_owning_identity=O=Alice Corp, L=Madrid, C=ES, actor_store_id=TEST, fiber-id=10000004, flow-id=892cb739-49dd-402c-9b6b-557826374b7c, invocation_id=4b0782de-1242-4ebb-a23b-aece0e6764dd, invocation_timestamp=2019-06-19T10:04:45.818Z, origin=Only For Testing, session_id=4b0782de-1242-4ebb-a23b-aece0e6764dd, session_timestamp=2019-06-19T10:04:45.818Z, thread-id=355}
?[m?[37m[INFO] 11:04:45,870 [Mock node 3 thread] identity.PersistentIdentityService.invoke - Linking: 9622221E378C6CEE6C0058F32409763E6F93A74C7F1D0BAAEE5F34C7CF96932F to O=Alice Corp, L=Madrid, C=ES {actor_id=Only For Testing, actor_owning_identity=O=Charlie Ltd, L=Athens, C=GR, actor_store_id=TEST, fiber-id=10000005, flow-id=92b31252-fba4-4d37-9a74-8fee4cc7fb8d, invocation_id=20a0ae7b-ddce-4997-b826-2eff4e3c614d, invocation_timestamp=2019-06-19T10:04:45.830Z, origin=Only For Testing, session_id=20a0ae7b-ddce-4997-b826-2eff4e3c614d, session_timestamp=2019-06-19T10:04:45.830Z, thread-id=333}
?[m?[37m[INFO] 11:04:45,871 [Mock node 3 thread] corda.flow.call - Generating spend for: 92b31252-fba4-4d37-9a74-8fee4cc7fb8d {actor_id=Only For Testing, actor_owning_identity=O=Charlie Ltd, L=Athens, C=GR, actor_store_id=TEST, fiber-id=10000005, flow-id=92b31252-fba4-4d37-9a74-8fee4cc7fb8d, invocation_id=20a0ae7b-ddce-4997-b826-2eff4e3c614d, invocation_timestamp=2019-06-19T10:04:45.830Z, origin=Only For Testing, session_id=20a0ae7b-ddce-4997-b826-2eff4e3c614d, session_timestamp=2019-06-19T10:04:45.830Z, thread-id=333}
?[m?[31m[WARN] 11:04:45,881 [Mock node 3 thread] utilities.AppendOnlyPersistentMapBase.set - Double insert in net.corda.node.utilities.AppendOnlyPersistentMap for entity class class net.corda.node.services.identity.PersistentIdentityService$PersistentIdentity key 2ECFF3A1159966CAD0FA43336291C9E39B8ADD2C96950DE161A71E0A6E6D0185, not inserting the second time {actor_id=Only For Testing, actor_owning_identity=O=Charlie Ltd, L=Athens, C=GR, actor_store_id=TEST, fiber-id=10000005, flow-id=92b31252-fba4-4d37-9a74-8fee4cc7fb8d, invocation_id=20a0ae7b-ddce-4997-b826-2eff4e3c614d, invocation_timestamp=2019-06-19T10:04:45.830Z, origin=Only For Testing, session_id=20a0ae7b-ddce-4997-b826-2eff4e3c614d, session_timestamp=2019-06-19T10:04:45.830Z, thread-id=333}
?[m?[37m[INFO] 11:04:45,883 [Mock node 3 thread] corda.flow.call - Signing transaction for: 92b31252-fba4-4d37-9a74-8fee4cc7fb8d {actor_id=Only For Testing, actor_owning_identity=O=Charlie Ltd, L=Athens, C=GR, actor_store_id=TEST, fiber-id=10000005, flow-id=92b31252-fba4-4d37-9a74-8fee4cc7fb8d, invocation_id=20a0ae7b-ddce-4997-b826-2eff4e3c614d, invocation_timestamp=2019-06-19T10:04:45.830Z, origin=Only For Testing, session_id=20a0ae7b-ddce-4997-b826-2eff4e3c614d, session_timestamp=2019-06-19T10:04:45.830Z, thread-id=333}
?[m?[37m[INFO] 11:04:45,897 [Mock node 3 thread] corda.flow.call - Finalising transaction for: 642C2C780218CF4CCA8173930065665387BD1471BC7A57312BD86FCFC9612F3A {actor_id=Only For Testing, actor_owning_identity=O=Charlie Ltd, L=Athens, C=GR, actor_store_id=TEST, fiber-id=10000005, flow-id=92b31252-fba4-4d37-9a74-8fee4cc7fb8d, invocation_id=20a0ae7b-ddce-4997-b826-2eff4e3c614d, invocation_timestamp=2019-06-19T10:04:45.830Z, origin=Only For Testing, session_id=20a0ae7b-ddce-4997-b826-2eff4e3c614d, session_timestamp=2019-06-19T10:04:45.830Z, thread-id=333}
?[m?[37m[INFO] 11:04:45,915 [Mock node 3 thread] corda.flow.call - Sending transaction to notary: O=Notary Service, L=Zurich, C=CH. {actor_id=Only For Testing, actor_owning_identity=O=Charlie Ltd, L=Athens, C=GR, actor_store_id=TEST, fiber-id=10000005, flow-id=92b31252-fba4-4d37-9a74-8fee4cc7fb8d, invocation_id=20a0ae7b-ddce-4997-b826-2eff4e3c614d, invocation_timestamp=2019-06-19T10:04:45.830Z, origin=Only For Testing, session_id=20a0ae7b-ddce-4997-b826-2eff4e3c614d, session_timestamp=2019-06-19T10:04:45.830Z, thread-id=333, tx_id=642C2C780218CF4CCA8173930065665387BD1471BC7A57312BD86FCFC9612F3A}
?[m?[37m[INFO] 11:04:45,975 [Mock node 0 thread] identity.PersistentIdentityService.invoke - Unable to find a valid CordaX500 name from public key: GfHq2tTVk9z4eXgyTtuPXK8hNmiW5Qyw1wPyT5eEHnWEuwBScHKiaTB8vFjW {fiber-id=10000007, flow-id=2069e0c1-5e2b-4eec-ada6-98929fee4a8c, invocation_id=5e59e3c4-c16f-41de-965a-05a85d39ebda, invocation_timestamp=2019-06-19T10:04:45.923Z, origin=O=Charlie Ltd, L=Athens, C=GR, session_id=5e59e3c4-c16f-41de-965a-05a85d39ebda, session_timestamp=2019-06-19T10:04:45.923Z, thread-id=354}
?[m?[37m[INFO] 11:04:45,990 [Mock node 3 thread] corda.flow.call - Notary responded. {actor_id=Only For Testing, actor_owning_identity=O=Charlie Ltd, L=Athens, C=GR, actor_store_id=TEST, fiber-id=10000005, flow-id=92b31252-fba4-4d37-9a74-8fee4cc7fb8d, invocation_id=20a0ae7b-ddce-4997-b826-2eff4e3c614d, invocation_timestamp=2019-06-19T10:04:45.830Z, origin=Only For Testing, session_id=20a0ae7b-ddce-4997-b826-2eff4e3c614d, session_timestamp=2019-06-19T10:04:45.830Z, thread-id=333, tx_id=642C2C780218CF4CCA8173930065665387BD1471BC7A57312BD86FCFC9612F3A}
?[m?[37m[INFO] 11:04:45,991 [Mock node 3 thread] corda.flow.notariseAndRecord - Recording transaction locally. {actor_id=Only For Testing, actor_owning_identity=O=Charlie Ltd, L=Athens, C=GR, actor_store_id=TEST, fiber-id=10000005, flow-id=92b31252-fba4-4d37-9a74-8fee4cc7fb8d, invocation_id=20a0ae7b-ddce-4997-b826-2eff4e3c614d, invocation_timestamp=2019-06-19T10:04:45.830Z, origin=Only For Testing, session_id=20a0ae7b-ddce-4997-b826-2eff4e3c614d, session_timestamp=2019-06-19T10:04:45.830Z, thread-id=333, tx_id=642C2C780218CF4CCA8173930065665387BD1471BC7A57312BD86FCFC9612F3A}
?[m?[37m[INFO] 11:04:45,997 [Mock node 3 thread] corda.flow.notariseAndRecord - Recorded transaction locally successfully. {actor_id=Only For Testing, actor_owning_identity=O=Charlie Ltd, L=Athens, C=GR, actor_store_id=TEST, fiber-id=10000005, flow-id=92b31252-fba4-4d37-9a74-8fee4cc7fb8d, invocation_id=20a0ae7b-ddce-4997-b826-2eff4e3c614d, invocation_timestamp=2019-06-19T10:04:45.830Z, origin=Only For Testing, session_id=20a0ae7b-ddce-4997-b826-2eff4e3c614d, session_timestamp=2019-06-19T10:04:45.830Z, thread-id=333, tx_id=642C2C780218CF4CCA8173930065665387BD1471BC7A57312BD86FCFC9612F3A}
?[m?[37m[INFO] 11:04:46,010 [Mock node 1 thread] corda.flow.call - Received transaction acknowledgement request from party O=Charlie Ltd, L=Athens, C=GR. {fiber-id=10000006, flow-id=0d19ca4c-8567-40a8-97d5-c1436dc317d2, invocation_id=0baf38dd-4ee0-49c1-905a-4e13d15db678, invocation_timestamp=2019-06-19T10:04:45.844Z, origin=O=Charlie Ltd, L=Athens, C=GR, session_id=0baf38dd-4ee0-49c1-905a-4e13d15db678, session_timestamp=2019-06-19T10:04:45.844Z, thread-id=355, tx_id=642C2C780218CF4CCA8173930065665387BD1471BC7A57312BD86FCFC9612F3A}
?[m?[37m[INFO] 11:04:46,052 [Mock node 3 thread] corda.flow.call - Party O=Alice Corp, L=Madrid, C=ES received the transaction. {actor_id=Only For Testing, actor_owning_identity=O=Charlie Ltd, L=Athens, C=GR, actor_store_id=TEST, fiber-id=10000005, flow-id=92b31252-fba4-4d37-9a74-8fee4cc7fb8d, invocation_id=20a0ae7b-ddce-4997-b826-2eff4e3c614d, invocation_timestamp=2019-06-19T10:04:45.830Z, origin=Only For Testing, session_id=20a0ae7b-ddce-4997-b826-2eff4e3c614d, session_timestamp=2019-06-19T10:04:45.830Z, thread-id=333, tx_id=642C2C780218CF4CCA8173930065665387BD1471BC7A57312BD86FCFC9612F3A}
?[m?[37m[INFO] 11:04:46,052 [Mock node 3 thread] corda.flow.call - All parties received the transaction successfully. {actor_id=Only For Testing, actor_owning_identity=O=Charlie Ltd, L=Athens, C=GR, actor_store_id=TEST, fiber-id=10000005, flow-id=92b31252-fba4-4d37-9a74-8fee4cc7fb8d, invocation_id=20a0ae7b-ddce-4997-b826-2eff4e3c614d, invocation_timestamp=2019-06-19T10:04:45.830Z, origin=Only For Testing, session_id=20a0ae7b-ddce-4997-b826-2eff4e3c614d, session_timestamp=2019-06-19T10:04:45.830Z, thread-id=333, tx_id=642C2C780218CF4CCA8173930065665387BD1471BC7A57312BD86FCFC9612F3A}
?[m?[37m[INFO] 11:04:46,052 [Mock node 3 thread] corda.flow.call - Finalised transaction for: 642C2C780218CF4CCA8173930065665387BD1471BC7A57312BD86FCFC9612F3A {actor_id=Only For Testing, actor_owning_identity=O=Charlie Ltd, L=Athens, C=GR, actor_store_id=TEST, fiber-id=10000005, flow-id=92b31252-fba4-4d37-9a74-8fee4cc7fb8d, invocation_id=20a0ae7b-ddce-4997-b826-2eff4e3c614d, invocation_timestamp=2019-06-19T10:04:45.830Z, origin=Only For Testing, session_id=20a0ae7b-ddce-4997-b826-2eff4e3c614d, session_timestamp=2019-06-19T10:04:45.830Z, thread-id=333, tx_id=642C2C780218CF4CCA8173930065665387BD1471BC7A57312BD86FCFC9612F3A}
?[m?[37m[INFO] 11:04:50,169 [Mock node 1 thread] corda.flow.call - Transaction dependencies resolution completed. {fiber-id=10000006, flow-id=0d19ca4c-8567-40a8-97d5-c1436dc317d2, invocation_id=0baf38dd-4ee0-49c1-905a-4e13d15db678, invocation_timestamp=2019-06-19T10:04:45.844Z, origin=O=Charlie Ltd, L=Athens, C=GR, session_id=0baf38dd-4ee0-49c1-905a-4e13d15db678, session_timestamp=2019-06-19T10:04:45.844Z, thread-id=355, tx_id=642C2C780218CF4CCA8173930065665387BD1471BC7A57312BD86FCFC9612F3A}
?[m?[37m[INFO] 11:04:50,181 [Mock node 1 thread] corda.flow.call - Successfully received fully signed tx. Sending it to the vault for processing. {fiber-id=10000006, flow-id=0d19ca4c-8567-40a8-97d5-c1436dc317d2, invocation_id=0baf38dd-4ee0-49c1-905a-4e13d15db678, invocation_timestamp=2019-06-19T10:04:45.844Z, origin=O=Charlie Ltd, L=Athens, C=GR, session_id=0baf38dd-4ee0-49c1-905a-4e13d15db678, session_timestamp=2019-06-19T10:04:45.844Z, thread-id=355, tx_id=642C2C780218CF4CCA8173930065665387BD1471BC7A57312BD86FCFC9612F3A}
?[m?[37m[INFO] 11:04:50,182 [Test worker] identity.PersistentIdentityService.invoke - Unable to find a valid CordaX500 name from public key: GfHq2tTVk9z4eXgyTtuPXK8hNmiW5Qyw1wPyT5eEHnWEuwBScHKiaTB8vFjW
?[m?[37m[INFO] 11:04:50,209 [Mock node 1 thread] identity.PersistentIdentityService.invoke - Unable to find a valid CordaX500 name from public key: GfHq2tTVk9z4eXgyWXeL9N15WvE8TiPgWP5vv1tAUr25LdRqgHar7TGNGNcb {fiber-id=10000006, flow-id=0d19ca4c-8567-40a8-97d5-c1436dc317d2, invocation_id=0baf38dd-4ee0-49c1-905a-4e13d15db678, invocation_timestamp=2019-06-19T10:04:45.844Z, origin=O=Charlie Ltd, L=Athens, C=GR, session_id=0baf38dd-4ee0-49c1-905a-4e13d15db678, session_timestamp=2019-06-19T10:04:45.844Z, thread-id=355, tx_id=642C2C780218CF4CCA8173930065665387BD1471BC7A57312BD86FCFC9612F3A}
?[m?[31m[WARN] 11:04:50,209 [Mock node 1 thread] persistence.AbstractPartyToX500NameAsStringConverter.convertToDatabaseColumn - Identity service unable to resolve AbstractParty: Anonymous(DLB74LrWh3jDTimhEaPJnhveydiyrZbBWEBtvkSCKPkZ5p) {fiber-id=10000006, flow-id=0d19ca4c-8567-40a8-97d5-c1436dc317d2, invocation_id=0baf38dd-4ee0-49c1-905a-4e13d15db678, invocation_timestamp=2019-06-19T10:04:45.844Z, origin=O=Charlie Ltd, L=Athens, C=GR, session_id=0baf38dd-4ee0-49c1-905a-4e13d15db678, session_timestamp=2019-06-19T10:04:45.844Z, thread-id=355, tx_id=642C2C780218CF4CCA8173930065665387BD1471BC7A57312BD86FCFC9612F3A}
?[m?[37m[INFO] 11:04:50,218 [Mock node 1 thread] corda.flow.call - Successfully recorded received transaction locally. {fiber-id=10000006, flow-id=0d19ca4c-8567-40a8-97d5-c1436dc317d2, invocation_id=0baf38dd-4ee0-49c1-905a-4e13d15db678, invocation_timestamp=2019-06-19T10:04:45.844Z, origin=O=Charlie Ltd, L=Athens, C=GR, session_id=0baf38dd-4ee0-49c1-905a-4e13d15db678, session_timestamp=2019-06-19T10:04:45.844Z, thread-id=355, tx_id=642C2C780218CF4CCA8173930065665387BD1471BC7A57312BD86FCFC9612F3A}
?[m?[37m[INFO] 11:04:50,230 [Mock node 1 thread] identity.PersistentIdentityService.invoke - Unable to find a valid CordaX500 name from public key: GfHq2tTVk9z4eXgyWXeL9N15WvE8TiPgWP5vv1tAUr25LdRqgHar7TGNGNcb {actor_id=Only For Testing, actor_owning_identity=O=Alice Corp, L=Madrid, C=ES, actor_store_id=TEST, fiber-id=10000006, flow-id=0d19ca4c-8567-40a8-97d5-c1436dc317d2, invocation_id=0baf38dd-4ee0-49c1-905a-4e13d15db678, invocation_timestamp=2019-06-19T10:04:45.844Z, origin=O=Charlie Ltd, L=Athens, C=GR, session_id=0baf38dd-4ee0-49c1-905a-4e13d15db678, session_timestamp=2019-06-19T10:04:45.844Z, thread-id=355}
?[m?[31m[WARN] 11:04:50,230 [Mock node 1 thread] persistence.AbstractPartyToX500NameAsStringConverter.convertToDatabaseColumn - Identity service unable to resolve AbstractParty: Anonymous(DLB74LrWh3jDTimhEaPJnhveydiyrZbBWEBtvkSCKPkZ5p) {actor_id=Only For Testing, actor_owning_identity=O=Alice Corp, L=Madrid, C=ES, actor_store_id=TEST, fiber-id=10000006, flow-id=0d19ca4c-8567-40a8-97d5-c1436dc317d2, invocation_id=0baf38dd-4ee0-49c1-905a-4e13d15db678, invocation_timestamp=2019-06-19T10:04:45.844Z, origin=O=Charlie Ltd, L=Athens, C=GR, session_id=0baf38dd-4ee0-49c1-905a-4e13d15db678, session_timestamp=2019-06-19T10:04:45.844Z, thread-id=355}
?[m?[37m[INFO] 11:04:50,232 [Mock node 1 thread] identity.PersistentIdentityService.invoke - Unable to find a valid CordaX500 name from public key: GfHq2tTVk9z4eXgyWXeL9N15WvE8TiPgWP5vv1tAUr25LdRqgHar7TGNGNcb {actor_id=Only For Testing, actor_owning_identity=O=Alice Corp, L=Madrid, C=ES, actor_store_id=TEST, fiber-id=10000006, flow-id=0d19ca4c-8567-40a8-97d5-c1436dc317d2, invocation_id=0baf38dd-4ee0-49c1-905a-4e13d15db678, invocation_timestamp=2019-06-19T10:04:45.844Z, origin=O=Charlie Ltd, L=Athens, C=GR, session_id=0baf38dd-4ee0-49c1-905a-4e13d15db678, session_timestamp=2019-06-19T10:04:45.844Z, thread-id=355}
?[m?[31m[WARN] 11:04:50,232 [Mock node 1 thread] persistence.AbstractPartyToX500NameAsStringConverter.convertToDatabaseColumn - Identity service unable to resolve AbstractParty: Anonymous(DLB74LrWh3jDTimhEaPJnhveydiyrZbBWEBtvkSCKPkZ5p) {actor_id=Only For Testing, actor_owning_identity=O=Alice Corp, L=Madrid, C=ES, actor_store_id=TEST, fiber-id=10000006, flow-id=0d19ca4c-8567-40a8-97d5-c1436dc317d2, invocation_id=0baf38dd-4ee0-49c1-905a-4e13d15db678, invocation_timestamp=2019-06-19T10:04:45.844Z, origin=O=Charlie Ltd, L=Athens, C=GR, session_id=0baf38dd-4ee0-49c1-905a-4e13d15db678, session_timestamp=2019-06-19T10:04:45.844Z, thread-id=355}
?[m?[37m[INFO] 11:05:44,473 [Mock node 2 thread] identity.PersistentIdentityService.invoke - Unable to find a valid CordaX500 name from public key: GfHq2tTVk9z4eXgyTtuPXK8hNmiW5Qyw1wPyT5eEHnWEuwBScHKiaTB8vFjW {fiber-id=10000009, flow-id=13718ee8-e59e-4836-b456-e8611e163e6a, invocation_id=4d7e7d69-675d-456c-8dd2-689d26da6c5c, invocation_timestamp=2019-06-19T10:05:21.774Z, origin=O=Alice Corp, L=Madrid, C=ES, session_id=4d7e7d69-675d-456c-8dd2-689d26da6c5c, session_timestamp=2019-06-19T10:05:21.774Z, thread-id=356}
?[m?[37m[INFO] 11:05:44,475 [Mock node 2 thread] identity.PersistentIdentityService.invoke - Unable to find a valid CordaX500 name from public key: GfHq2tTVk9z4eXgyWXeL9N15WvE8TiPgWP5vv1tAUr25LdRqgHar7TGNGNcb {fiber-id=10000009, flow-id=13718ee8-e59e-4836-b456-e8611e163e6a, invocation_id=4d7e7d69-675d-456c-8dd2-689d26da6c5c, invocation_timestamp=2019-06-19T10:05:21.774Z, origin=O=Alice Corp, L=Madrid, C=ES, session_id=4d7e7d69-675d-456c-8dd2-689d26da6c5c, session_timestamp=2019-06-19T10:05:21.774Z, thread-id=356}
?[m?[37m[INFO] 11:05:45,697 [Mock node 1 thread] identity.PersistentIdentityService.invoke - Unable to find a valid CordaX500 name from public key: GfHq2tTVk9z4eXgyWXeL9N15WvE8TiPgWP5vv1tAUr25LdRqgHar7TGNGNcb {actor_id=Only For Testing, actor_owning_identity=O=Alice Corp, L=Madrid, C=ES, actor_store_id=TEST, fiber-id=10000008, flow-id=684d513c-8f6f-4946-8d37-10ee00ec3ddf, invocation_id=cab16cd2-2837-4939-a8b3-4b51fe06b46b, invocation_timestamp=2019-06-19T10:05:08.476Z, origin=Only For Testing, session_id=cab16cd2-2837-4939-a8b3-4b51fe06b46b, session_timestamp=2019-06-19T10:05:08.476Z, thread-id=355}
?[m?[31m[WARN] 11:05:45,719 [Mock node 3 thread] statemachine.SingleThreadedStateMachineManager.onSessionInit - Unable to initiate flow from O=Bob Plc, L=Rome, C=IT (appName=<unknown> flowVersion=1), sending to the flow hospital [errorCode=1hg9fk, moreInformationAt=https://errors.corda.net/OS/5.0-SNAPSHOT-WILLH/1hg9fk] {actor_id=Only For Testing, actor_owning_identity=O=Charlie Ltd, L=Athens, C=GR, actor_store_id=TEST, fiber-id=10000005, flow-id=92b31252-fba4-4d37-9a74-8fee4cc7fb8d, invocation_id=20a0ae7b-ddce-4997-b826-2eff4e3c614d, invocation_timestamp=2019-06-19T10:04:45.830Z, origin=Only For Testing, session_id=20a0ae7b-ddce-4997-b826-2eff4e3c614d, session_timestamp=2019-06-19T10:04:45.830Z, thread-id=333}
?[m net.corda.node.services.statemachine.SessionRejectException$NotRegistered: net.corda.confidential.identities.RequestKeyFlowWrapper is not registered
	at net.corda.node.services.statemachine.SingleThreadedStateMachineManager.getInitiatedFlowFactory(SingleThreadedStateMachineManager.kt:503) ~[corda-node-5.0-SNAPSHOT-WILLH.jar:?]
	at net.corda.node.services.statemachine.SingleThreadedStateMachineManager.onSessionInit(SingleThreadedStateMachineManager.kt:467) ~[corda-node-5.0-SNAPSHOT-WILLH.jar:?]
	at net.corda.node.services.statemachine.SingleThreadedStateMachineManager.onSessionMessage(SingleThreadedStateMachineManager.kt:430) ~[corda-node-5.0-SNAPSHOT-WILLH.jar:?]
	at net.corda.node.services.statemachine.SingleThreadedStateMachineManager.deliverExternalEvent(SingleThreadedStateMachineManager.kt:405) ~[corda-node-5.0-SNAPSHOT-WILLH.jar:?]
	at net.corda.node.services.statemachine.SingleThreadedStateMachineManager$start$3$1$1.run(SingleThreadedStateMachineManager.kt:158) ~[corda-node-5.0-SNAPSHOT-WILLH.jar:?]
	at java.util.concurrent.Executors$RunnableAdapter.call(Executors.java:511) ~[?:1.8.0_201]
	at java.util.concurrent.FutureTask.run(FutureTask.java:266) ~[?:1.8.0_201]
	at java.util.concurrent.ScheduledThreadPoolExecutor$ScheduledFutureTask.access$201(ScheduledThreadPoolExecutor.java:180) ~[?:1.8.0_201]
	at java.util.concurrent.ScheduledThreadPoolExecutor$ScheduledFutureTask.run(ScheduledThreadPoolExecutor.java:293) ~[?:1.8.0_201]
	at java.util.concurrent.ThreadPoolExecutor.runWorker(ThreadPoolExecutor.java:1149) ~[?:1.8.0_201]
	at java.util.concurrent.ThreadPoolExecutor$Worker.run(ThreadPoolExecutor.java:624) ~[?:1.8.0_201]
	at net.corda.node.utilities.AffinityExecutor$ServiceAffinityExecutor$1$thread$1.run(AffinityExecutor.kt:63) ~[corda-node-5.0-SNAPSHOT-WILLH.jar:?]
?[37m[INFO] 11:05:45,730 [Mock node 2 thread] corda.flow.run - Flow raised an error: net.corda.confidential.identities.RequestKeyFlowWrapper is not registered. Sending it to flow hospital to be triaged. {fiber-id=10000009, flow-id=13718ee8-e59e-4836-b456-e8611e163e6a, invocation_id=4d7e7d69-675d-456c-8dd2-689d26da6c5c, invocation_timestamp=2019-06-19T10:05:21.774Z, origin=O=Alice Corp, L=Madrid, C=ES, session_id=4d7e7d69-675d-456c-8dd2-689d26da6c5c, session_timestamp=2019-06-19T10:05:21.774Z, thread-id=356}
?[m?[37m[INFO] 11:05:45,733 [Mock node 2 thread] statemachine.StaffedFlowHospital.flowErrored - Flow [13718ee8-e59e-4836-b456-e8611e163e6a] admitted to hospital in state StateMachineState(checkpoint=Checkpoint(invocationContext=InvocationContext(origin=Peer(party=O=Alice Corp, L=Madrid, C=ES), trace=Trace(invocationId=4d7e7d69-675d-456c-8dd2-689d26da6c5c, timestamp: 2019-06-19T10:05:21.774Z, entityType: Invocation, sessionId=4d7e7d69-675d-456c-8dd2-689d26da6c5c, timestamp: 2019-06-19T10:05:21.774Z, entityType: Session), actor=null, externalTrace=null, impersonatedActor=null), ourIdentity=O=Bob Plc, L=Rome, C=IT, sessions={SessionId(toLong=-4545441079345385607)=Initiated(peerParty=O=Alice Corp, L=Madrid, C=ES, peerFlowInfo=FlowInfo(flowVersion=1, appName=<unknown>), receivedMessages=[], initiatedState=Live(peerSinkSessionId=SessionId(toLong=-4873336252316108106)), errors=[], deduplicationSeed=D--4873336252316108106-4866209298269395493), SessionId(toLong=8413297254922800325)=Initiating(bufferedMessages=[], rejectionError=FlowError(errorId=4826110934388457881, exception=net.corda.core.flows.UnexpectedFlowEndException: net.corda.confidential.identities.RequestKeyFlowWrapper is not registered), deduplicationSeed=R-8413297254922800325--6675878778841246879)}, subFlowStack=[Inlined(flowClass=class net.corda.confidential.identities.SyncKeyMappingResponse, subFlowVersion=CoreFlow(platformVersion=5), isEnabledTimedFlow=false)], flowState=Started(flowIORequest=Receive(sessions=[FlowSessionImpl(counterparty=O=Charlie Ltd, L=Athens, C=GR, sourceSessionId=SessionId(toLong=8413297254922800325))]), frozenFiber=7E5E48263A14F415E6CD030C862CBD2BF36EFAA253EBCED74CBF665DE38EECD1), errorState=Clean, numberOfSuspends=4), flowLogic=net.corda.confidential.identities.SyncKeyMappingResponse@29c5b384, pendingDeduplicationHandlers=[net.corda.testing.node.internal.MockNodeMessagingService$InMemoryDeduplicationHandler@3f914f3a], isFlowResumed=true, isTransactionTracked=false, isAnyCheckpointPersisted=true, isStartIdempotent=false, isRemoved=false, senderUUID=83b95632-9e41-4602-9840-44a6f4610c38) {fiber-id=10000009, flow-id=13718ee8-e59e-4836-b456-e8611e163e6a, invocation_id=4d7e7d69-675d-456c-8dd2-689d26da6c5c, invocation_timestamp=2019-06-19T10:05:21.774Z, origin=O=Alice Corp, L=Madrid, C=ES, session_id=4d7e7d69-675d-456c-8dd2-689d26da6c5c, session_timestamp=2019-06-19T10:05:21.774Z, thread-id=356}
?[m?[37m[INFO] 11:05:45,736 [Mock node 2 thread] statemachine.StaffedFlowHospital.invoke - Error 1 of 1: {fiber-id=10000009, flow-id=13718ee8-e59e-4836-b456-e8611e163e6a, invocation_id=4d7e7d69-675d-456c-8dd2-689d26da6c5c, invocation_timestamp=2019-06-19T10:05:21.774Z, origin=O=Alice Corp, L=Madrid, C=ES, session_id=4d7e7d69-675d-456c-8dd2-689d26da6c5c, session_timestamp=2019-06-19T10:05:21.774Z, thread-id=356}
?[m net.corda.core.flows.UnexpectedFlowEndException: net.corda.confidential.identities.RequestKeyFlowWrapper is not registered
	at net.corda.node.services.statemachine.FlowStateMachineImpl.fillInLocalStackTrace(FlowStateMachineImpl.kt:175) ~[corda-node-5.0-SNAPSHOT-WILLH.jar:?]
	at net.corda.node.services.statemachine.FlowStateMachineImpl.processEventsUntilFlowIsResumed(FlowStateMachineImpl.kt:163) ~[corda-node-5.0-SNAPSHOT-WILLH.jar:?]
	at net.corda.node.services.statemachine.FlowStateMachineImpl.suspend(FlowStateMachineImpl.kt:447) ~[corda-node-5.0-SNAPSHOT-WILLH.jar:?]
	at net.corda.node.services.statemachine.FlowSessionImpl.sendAndReceive(FlowSessionImpl.kt:56) ~[corda-node-5.0-SNAPSHOT-WILLH.jar:?]
	at net.corda.node.services.statemachine.FlowSessionImpl.sendAndReceive(FlowSessionImpl.kt:63) ~[corda-node-5.0-SNAPSHOT-WILLH.jar:?]
	at net.corda.confidential.identities.RequestKeyFlow.call(RequestKeyFlow.kt:88) ~[main/:?]
	at net.corda.confidential.identities.RequestKeyFlow.call(RequestKeyFlow.kt:15) ~[main/:?]
	at net.corda.node.services.statemachine.FlowStateMachineImpl.subFlow(FlowStateMachineImpl.kt:330) ~[corda-node-5.0-SNAPSHOT-WILLH.jar:?]
	at net.corda.core.flows.FlowLogic.subFlow(FlowLogic.kt:327) ~[corda-core-5.0-SNAPSHOT-WILLH.jar:?]
	at net.corda.confidential.identities.RequestKeyFlowWrapper.call(RequestKeyFlow.kt:76) ~[main/:?]
	at net.corda.confidential.identities.RequestKeyFlowWrapper.call(RequestKeyFlow.kt:73) ~[main/:?]
	at net.corda.node.services.statemachine.FlowStateMachineImpl.subFlow(FlowStateMachineImpl.kt:330) ~[corda-node-5.0-SNAPSHOT-WILLH.jar:?]
	at net.corda.core.flows.FlowLogic.subFlow(FlowLogic.kt:327) ~[corda-core-5.0-SNAPSHOT-WILLH.jar:?]
	at net.corda.confidential.identities.SyncKeyMappingFlowHandler.call(SyncKeyMappingFlow.kt:91) ~[main/:?]
	at net.corda.confidential.identities.SyncKeyMappingFlowHandler.call(SyncKeyMappingFlow.kt:58) ~[main/:?]
	at net.corda.node.services.statemachine.FlowStateMachineImpl.subFlow(FlowStateMachineImpl.kt:330) ~[corda-node-5.0-SNAPSHOT-WILLH.jar:?]
	at net.corda.core.flows.FlowLogic.subFlow(FlowLogic.kt:327) ~[corda-core-5.0-SNAPSHOT-WILLH.jar:?]
	at net.corda.confidential.identities.SyncKeyMappingResponse.call(SyncKeyMappingFlowTests.kt:130) ~[test/:?]
	at net.corda.confidential.identities.SyncKeyMappingResponse.call(SyncKeyMappingFlowTests.kt:127) ~[test/:?]
	at net.corda.node.services.statemachine.FlowStateMachineImpl.run(FlowStateMachineImpl.kt:270) ~[corda-node-5.0-SNAPSHOT-WILLH.jar:?]
	at net.corda.node.services.statemachine.FlowStateMachineImpl.run(FlowStateMachineImpl.kt:46) ~[corda-node-5.0-SNAPSHOT-WILLH.jar:?]
	at co.paralleluniverse.fibers.Fiber.run1(Fiber.java:1092) ~[quasar-core-0.7.10-jdk8.jar:0.7.10]
	at co.paralleluniverse.fibers.Fiber.exec(Fiber.java:788) ~[quasar-core-0.7.10-jdk8.jar:0.7.10]
	at co.paralleluniverse.fibers.RunnableFiberTask.doExec(RunnableFiberTask.java:100) ~[quasar-core-0.7.10-jdk8.jar:0.7.10]
	at co.paralleluniverse.fibers.RunnableFiberTask.run(RunnableFiberTask.java:91) ~[quasar-core-0.7.10-jdk8.jar:0.7.10]
	at java.util.concurrent.Executors$RunnableAdapter.call(Executors.java:511) ~[?:1.8.0_201]
	at java.util.concurrent.FutureTask.run(FutureTask.java:266) ~[?:1.8.0_201]
	at java.util.concurrent.ScheduledThreadPoolExecutor$ScheduledFutureTask.access$201(ScheduledThreadPoolExecutor.java:180) ~[?:1.8.0_201]
	at java.util.concurrent.ScheduledThreadPoolExecutor$ScheduledFutureTask.run(ScheduledThreadPoolExecutor.java:293) ~[?:1.8.0_201]
	at java.util.concurrent.ThreadPoolExecutor.runWorker(ThreadPoolExecutor.java:1149) ~[?:1.8.0_201]
	at java.util.concurrent.ThreadPoolExecutor$Worker.run(ThreadPoolExecutor.java:624) ~[?:1.8.0_201]
	at net.corda.node.utilities.AffinityExecutor$ServiceAffinityExecutor$1$thread$1.run(AffinityExecutor.kt:63) ~[corda-node-5.0-SNAPSHOT-WILLH.jar:?]
?[37m[INFO] 11:05:45,738 [Mock node 2 thread] statemachine.StaffedFlowHospital.flowErrored - Flow error allowed to propagate {fiber-id=10000009, flow-id=13718ee8-e59e-4836-b456-e8611e163e6a, invocation_id=4d7e7d69-675d-456c-8dd2-689d26da6c5c, invocation_timestamp=2019-06-19T10:05:21.774Z, origin=O=Alice Corp, L=Madrid, C=ES, session_id=4d7e7d69-675d-456c-8dd2-689d26da6c5c, session_timestamp=2019-06-19T10:05:21.774Z, thread-id=356}
?[m net.corda.core.flows.UnexpectedFlowEndException: net.corda.confidential.identities.RequestKeyFlowWrapper is not registered
	at net.corda.node.services.statemachine.FlowStateMachineImpl.fillInLocalStackTrace(FlowStateMachineImpl.kt:175) ~[corda-node-5.0-SNAPSHOT-WILLH.jar:?]
	at net.corda.node.services.statemachine.FlowStateMachineImpl.processEventsUntilFlowIsResumed(FlowStateMachineImpl.kt:163) ~[corda-node-5.0-SNAPSHOT-WILLH.jar:?]
	at net.corda.node.services.statemachine.FlowStateMachineImpl.suspend(FlowStateMachineImpl.kt:447) ~[corda-node-5.0-SNAPSHOT-WILLH.jar:?]
	at net.corda.node.services.statemachine.FlowSessionImpl.sendAndReceive(FlowSessionImpl.kt:56) ~[corda-node-5.0-SNAPSHOT-WILLH.jar:?]
	at net.corda.node.services.statemachine.FlowSessionImpl.sendAndReceive(FlowSessionImpl.kt:63) ~[corda-node-5.0-SNAPSHOT-WILLH.jar:?]
	at net.corda.confidential.identities.RequestKeyFlow.call(RequestKeyFlow.kt:88) ~[main/:?]
	at net.corda.confidential.identities.RequestKeyFlow.call(RequestKeyFlow.kt:15) ~[main/:?]
	at net.corda.node.services.statemachine.FlowStateMachineImpl.subFlow(FlowStateMachineImpl.kt:330) ~[corda-node-5.0-SNAPSHOT-WILLH.jar:?]
	at net.corda.core.flows.FlowLogic.subFlow(FlowLogic.kt:327) ~[corda-core-5.0-SNAPSHOT-WILLH.jar:?]
	at net.corda.confidential.identities.RequestKeyFlowWrapper.call(RequestKeyFlow.kt:76) ~[main/:?]
	at net.corda.confidential.identities.RequestKeyFlowWrapper.call(RequestKeyFlow.kt:73) ~[main/:?]
	at net.corda.node.services.statemachine.FlowStateMachineImpl.subFlow(FlowStateMachineImpl.kt:330) ~[corda-node-5.0-SNAPSHOT-WILLH.jar:?]
	at net.corda.core.flows.FlowLogic.subFlow(FlowLogic.kt:327) ~[corda-core-5.0-SNAPSHOT-WILLH.jar:?]
	at net.corda.confidential.identities.SyncKeyMappingFlowHandler.call(SyncKeyMappingFlow.kt:91) ~[main/:?]
	at net.corda.confidential.identities.SyncKeyMappingFlowHandler.call(SyncKeyMappingFlow.kt:58) ~[main/:?]
	at net.corda.node.services.statemachine.FlowStateMachineImpl.subFlow(FlowStateMachineImpl.kt:330) ~[corda-node-5.0-SNAPSHOT-WILLH.jar:?]
	at net.corda.core.flows.FlowLogic.subFlow(FlowLogic.kt:327) ~[corda-core-5.0-SNAPSHOT-WILLH.jar:?]
	at net.corda.confidential.identities.SyncKeyMappingResponse.call(SyncKeyMappingFlowTests.kt:130) ~[test/:?]
	at net.corda.confidential.identities.SyncKeyMappingResponse.call(SyncKeyMappingFlowTests.kt:127) ~[test/:?]
	at net.corda.node.services.statemachine.FlowStateMachineImpl.run(FlowStateMachineImpl.kt:270) ~[corda-node-5.0-SNAPSHOT-WILLH.jar:?]
	at net.corda.node.services.statemachine.FlowStateMachineImpl.run(FlowStateMachineImpl.kt:46) ~[corda-node-5.0-SNAPSHOT-WILLH.jar:?]
	at co.paralleluniverse.fibers.Fiber.run1(Fiber.java:1092) ~[quasar-core-0.7.10-jdk8.jar:0.7.10]
	at co.paralleluniverse.fibers.Fiber.exec(Fiber.java:788) ~[quasar-core-0.7.10-jdk8.jar:0.7.10]
	at co.paralleluniverse.fibers.RunnableFiberTask.doExec(RunnableFiberTask.java:100) ~[quasar-core-0.7.10-jdk8.jar:0.7.10]
	at co.paralleluniverse.fibers.RunnableFiberTask.run(RunnableFiberTask.java:91) ~[quasar-core-0.7.10-jdk8.jar:0.7.10]
	at java.util.concurrent.Executors$RunnableAdapter.call(Executors.java:511) ~[?:1.8.0_201]
	at java.util.concurrent.FutureTask.run(FutureTask.java:266) ~[?:1.8.0_201]
	at java.util.concurrent.ScheduledThreadPoolExecutor$ScheduledFutureTask.access$201(ScheduledThreadPoolExecutor.java:180) ~[?:1.8.0_201]
	at java.util.concurrent.ScheduledThreadPoolExecutor$ScheduledFutureTask.run(ScheduledThreadPoolExecutor.java:293) ~[?:1.8.0_201]
	at java.util.concurrent.ThreadPoolExecutor.runWorker(ThreadPoolExecutor.java:1149) ~[?:1.8.0_201]
	at java.util.concurrent.ThreadPoolExecutor$Worker.run(ThreadPoolExecutor.java:624) ~[?:1.8.0_201]
	at net.corda.node.utilities.AffinityExecutor$ServiceAffinityExecutor$1$thread$1.run(AffinityExecutor.kt:63) ~[corda-node-5.0-SNAPSHOT-WILLH.jar:?]
?[31m[WARN] 11:05:45,765 [Mock node 2 thread] interceptors.DumpHistoryOnErrorInterceptor.executeTransition - Flow [13718ee8-e59e-4836-b456-e8611e163e6a] errored, dumping all transitions:

 --- Transition of flow [13718ee8-e59e-4836-b456-e8611e163e6a] ---
  Timestamp: 2019-06-19T10:05:21.781Z
  Event: DoRemainingWork
  Actions: 
    CreateTransaction
    PersistCheckpoint(id=[13718ee8-e59e-4836-b456-e8611e163e6a], checkpoint=Checkpoint(invocationContext=InvocationContext(origin=Peer(party=O=Alice Corp, L=Madrid, C=ES), trace=Trace(invocationId=4d7e7d69-675d-456c-8dd2-689d26da6c5c, timestamp: 2019-06-19T10:05:21.774Z, entityType: Invocation, sessionId=4d7e7d69-675d-456c-8dd2-689d26da6c5c, timestamp: 2019-06-19T10:05:21.774Z, entityType: Session), actor=null, externalTrace=null, impersonatedActor=null), ourIdentity=O=Bob Plc, L=Rome, C=IT, sessions={}, subFlowStack=[Inlined(flowClass=class net.corda.confidential.identities.SyncKeyMappingResponse, subFlowVersion=CoreFlow(platformVersion=5), isEnabledTimedFlow=false)], flowState=Unstarted(flowStart=Initiated, frozenFlowLogic=E7DA57565D73F2C55153FD3654B692C94A2BE7FC5C09D3900C8CF3D799994B63), errorState=Clean, numberOfSuspends=0), isCheckpointUpdate=false)
    PersistDeduplicationFacts(deduplicationHandlers=[net.corda.testing.node.internal.MockNodeMessagingService$InMemoryDeduplicationHandler@48005388])
    CommitTransaction
    AcknowledgeMessages(deduplicationHandlers=[net.corda.testing.node.internal.MockNodeMessagingService$InMemoryDeduplicationHandler@48005388])
    SignalFlowHasStarted(flowId=[13718ee8-e59e-4836-b456-e8611e163e6a])
    SendExisting(peerParty=O=Alice Corp, L=Madrid, C=ES, message=ExistingSessionMessage(recipientSessionId=SessionId(toLong=-4873336252316108106), payload=ConfirmSessionMessage(initiatedSessionId=SessionId(toLong=-4545441079345385607), initiatedFlowInfo=FlowInfo(flowVersion=1, appName=<unknown>))), deduplicationId=SenderDeduplicationId(deduplicationId=DeduplicationId(toString=N-D--4873336252316108106-4866209298269395493-0-0), senderUUID=83b95632-9e41-4602-9840-44a6f4610c38))
    CreateTransaction
  Continuation: Resume(result=null)
  Diff between previous and next state:
isFlowResumed: 
    false
    true
checkpoint.sessions.SessionId(toLong=-4545441079345385607): 
    null
    Initiated(peerParty=O=Alice Corp, L=Madrid, C=ES, peerFlowInfo=FlowInfo(flowVersion=1, appName=<unknown>), receivedMessages=[DataSessionMessage(payload=class net.corda.core.serialization.SerializedBytes)], initiatedState=Live(peerSinkSessionId=SessionId(toLong=-4873336252316108106)), errors=[], deduplicationSeed=D--4873336252316108106-4866209298269395493)
isAnyCheckpointPersisted: 
    false
    true
pendingDeduplicationHandlers: 
    [net.corda.testing.node.internal.MockNodeMessagingService$InMemoryDeduplicationHandler@48005388]
    []


 --- Transition of flow [13718ee8-e59e-4836-b456-e8611e163e6a] ---
  Timestamp: 2019-06-19T10:05:21.841Z
  Event: EnterSubFlow(subFlowClass=class net.corda.confidential.identities.SyncKeyMappingFlowHandler, subFlowVersion=CoreFlow(platformVersion=5), isEnabledTimedFlow=false)
  Actions: 
    
  Continuation: ProcessEvents
  Diff between previous and next state:
checkpoint.subFlowStack: 
    [Inlined(flowClass=class net.corda.confidential.identities.SyncKeyMappingResponse, subFlowVersion=CoreFlow(platformVersion=5), isEnabledTimedFlow=false)]
    [Inlined(flowClass=class net.corda.confidential.identities.SyncKeyMappingResponse, subFlowVersion=CoreFlow(platformVersion=5), isEnabledTimedFlow=false), Inlined(flowClass=class net.corda.confidential.identities.SyncKeyMappingFlowHandler, subFlowVersion=CoreFlow(platformVersion=5), isEnabledTimedFlow=false)]


 --- Transition of flow [13718ee8-e59e-4836-b456-e8611e163e6a] ---
  Timestamp: 2019-06-19T10:05:38.183Z
  Event: Suspend(ioRequest=Receive(sessions=[FlowSessionImpl(counterparty=O=Alice Corp, L=Madrid, C=ES, sourceSessionId=SessionId(toLong=-4545441079345385607))]), maySkipCheckpoint=false, fiber=AF848811BC209703B83F02F7D073467CC487EC4BD58FD487E089A14F91E18BE9, )
  Actions: 
    PersistCheckpoint(id=[13718ee8-e59e-4836-b456-e8611e163e6a], checkpoint=Checkpoint(invocationContext=InvocationContext(origin=Peer(party=O=Alice Corp, L=Madrid, C=ES), trace=Trace(invocationId=4d7e7d69-675d-456c-8dd2-689d26da6c5c, timestamp: 2019-06-19T10:05:21.774Z, entityType: Invocation, sessionId=4d7e7d69-675d-456c-8dd2-689d26da6c5c, timestamp: 2019-06-19T10:05:21.774Z, entityType: Session), actor=null, externalTrace=null, impersonatedActor=null), ourIdentity=O=Bob Plc, L=Rome, C=IT, sessions={SessionId(toLong=-4545441079345385607)=Initiated(peerParty=O=Alice Corp, L=Madrid, C=ES, peerFlowInfo=FlowInfo(flowVersion=1, appName=<unknown>), receivedMessages=[DataSessionMessage(payload=class net.corda.core.serialization.SerializedBytes)], initiatedState=Live(peerSinkSessionId=SessionId(toLong=-4873336252316108106)), errors=[], deduplicationSeed=D--4873336252316108106-4866209298269395493)}, subFlowStack=[Inlined(flowClass=class net.corda.confidential.identities.SyncKeyMappingResponse, subFlowVersion=CoreFlow(platformVersion=5), isEnabledTimedFlow=false), Inlined(flowClass=class net.corda.confidential.identities.SyncKeyMappingFlowHandler, subFlowVersion=CoreFlow(platformVersion=5), isEnabledTimedFlow=false)], flowState=Started(flowIORequest=Receive(sessions=[FlowSessionImpl(counterparty=O=Alice Corp, L=Madrid, C=ES, sourceSessionId=SessionId(toLong=-4545441079345385607))]), frozenFiber=AF848811BC209703B83F02F7D073467CC487EC4BD58FD487E089A14F91E18BE9), errorState=Clean, numberOfSuspends=1), isCheckpointUpdate=true)
    PersistDeduplicationFacts(deduplicationHandlers=[])
    CommitTransaction
    AcknowledgeMessages(deduplicationHandlers=[])
    ScheduleEvent(event=DoRemainingWork)
  Continuation: ProcessEvents
  Diff between previous and next state:
isFlowResumed: 
    true
    false
checkpoint.flowState: 
    Unstarted(flowStart=Initiated, frozenFlowLogic=E7DA57565D73F2C55153FD3654B692C94A2BE7FC5C09D3900C8CF3D799994B63)
    Started(flowIORequest=Receive(sessions=[FlowSessionImpl(counterparty=O=Alice Corp, L=Madrid, C=ES, sourceSessionId=SessionId(toLong=-4545441079345385607))]), frozenFiber=AF848811BC209703B83F02F7D073467CC487EC4BD58FD487E089A14F91E18BE9)
checkpoint.numberOfSuspends: 
    0
    1


 --- Transition of flow [13718ee8-e59e-4836-b456-e8611e163e6a] ---
  Timestamp: 2019-06-19T10:05:38.184Z
  Event: DoRemainingWork
  Actions: 
    CreateTransaction
  Continuation: Resume(result=class java.util.LinkedHashMap)
  Diff between previous and next state:
isFlowResumed: 
    false
    true
checkpoint.sessions.SessionId(toLong=-4545441079345385607).receivedMessages: 
    [DataSessionMessage(payload=class net.corda.core.serialization.SerializedBytes)]
    []


 --- Transition of flow [13718ee8-e59e-4836-b456-e8611e163e6a] ---
  Timestamp: 2019-06-19T10:05:45.695Z
  Event: Suspend(ioRequest=Send(sessionToMessage={FlowSessionImpl(counterparty=O=Alice Corp, L=Madrid, C=ES, sourceSessionId=SessionId(toLong=-4545441079345385607))=06DE86D1B3191A590289DE6C91A688714E71C6D62439CFAED168D2324D6085B9}), maySkipCheckpoint=false, fiber=AD7085EB3E4016C8B3AAC72E320D642320DFBDF77082479BDFD633ADDFC67482, )
  Actions: 
    PersistCheckpoint(id=[13718ee8-e59e-4836-b456-e8611e163e6a], checkpoint=Checkpoint(invocationContext=InvocationContext(origin=Peer(party=O=Alice Corp, L=Madrid, C=ES), trace=Trace(invocationId=4d7e7d69-675d-456c-8dd2-689d26da6c5c, timestamp: 2019-06-19T10:05:21.774Z, entityType: Invocation, sessionId=4d7e7d69-675d-456c-8dd2-689d26da6c5c, timestamp: 2019-06-19T10:05:21.774Z, entityType: Session), actor=null, externalTrace=null, impersonatedActor=null), ourIdentity=O=Bob Plc, L=Rome, C=IT, sessions={SessionId(toLong=-4545441079345385607)=Initiated(peerParty=O=Alice Corp, L=Madrid, C=ES, peerFlowInfo=FlowInfo(flowVersion=1, appName=<unknown>), receivedMessages=[], initiatedState=Live(peerSinkSessionId=SessionId(toLong=-4873336252316108106)), errors=[], deduplicationSeed=D--4873336252316108106-4866209298269395493)}, subFlowStack=[Inlined(flowClass=class net.corda.confidential.identities.SyncKeyMappingResponse, subFlowVersion=CoreFlow(platformVersion=5), isEnabledTimedFlow=false), Inlined(flowClass=class net.corda.confidential.identities.SyncKeyMappingFlowHandler, subFlowVersion=CoreFlow(platformVersion=5), isEnabledTimedFlow=false)], flowState=Started(flowIORequest=Send(sessionToMessage={FlowSessionImpl(counterparty=O=Alice Corp, L=Madrid, C=ES, sourceSessionId=SessionId(toLong=-4545441079345385607))=06DE86D1B3191A590289DE6C91A688714E71C6D62439CFAED168D2324D6085B9}), frozenFiber=AD7085EB3E4016C8B3AAC72E320D642320DFBDF77082479BDFD633ADDFC67482), errorState=Clean, numberOfSuspends=2), isCheckpointUpdate=true)
    PersistDeduplicationFacts(deduplicationHandlers=[])
    CommitTransaction
    AcknowledgeMessages(deduplicationHandlers=[])
    ScheduleEvent(event=DoRemainingWork)
  Continuation: ProcessEvents
  Diff between previous and next state:
isFlowResumed: 
    true
    false
checkpoint.flowState.flowIORequest: 
    Receive(sessions=[FlowSessionImpl(counterparty=O=Alice Corp, L=Madrid, C=ES, sourceSessionId=SessionId(toLong=-4545441079345385607))])
    Send(sessionToMessage={FlowSessionImpl(counterparty=O=Alice Corp, L=Madrid, C=ES, sourceSessionId=SessionId(toLong=-4545441079345385607))=06DE86D1B3191A590289DE6C91A688714E71C6D62439CFAED168D2324D6085B9})
checkpoint.flowState.frozenFiber.hash: 
    AF848811BC209703B83F02F7D073467CC487EC4BD58FD487E089A14F91E18BE9
    AD7085EB3E4016C8B3AAC72E320D642320DFBDF77082479BDFD633ADDFC67482
checkpoint.numberOfSuspends: 
    1
    2


 --- Transition of flow [13718ee8-e59e-4836-b456-e8611e163e6a] ---
  Timestamp: 2019-06-19T10:05:45.695Z
  Event: DoRemainingWork
  Actions: 
    SendExisting(peerParty=O=Alice Corp, L=Madrid, C=ES, message=ExistingSessionMessage(recipientSessionId=SessionId(toLong=-4873336252316108106), payload=DataSessionMessage(payload=class net.corda.core.serialization.SerializedBytes)), deduplicationId=SenderDeduplicationId(deduplicationId=DeduplicationId(toString=N-D--4873336252316108106-4866209298269395493-2-0), senderUUID=83b95632-9e41-4602-9840-44a6f4610c38))
    CreateTransaction
  Continuation: Resume(result=class kotlin.Unit)
  Diff between previous and next state:
isFlowResumed: 
    false
    true


 --- Transition of flow [13718ee8-e59e-4836-b456-e8611e163e6a] ---
  Timestamp: 2019-06-19T10:05:45.700Z
  Event: Suspend(ioRequest=Receive(sessions=[FlowSessionImpl(counterparty=O=Alice Corp, L=Madrid, C=ES, sourceSessionId=SessionId(toLong=-4545441079345385607))]), maySkipCheckpoint=false, fiber=4B99BAE48C7C3F1CD79B84CC8BA1AC58931CB0588B7FC59578CD152AC4ACB664, )
  Actions: 
    PersistCheckpoint(id=[13718ee8-e59e-4836-b456-e8611e163e6a], checkpoint=Checkpoint(invocationContext=InvocationContext(origin=Peer(party=O=Alice Corp, L=Madrid, C=ES), trace=Trace(invocationId=4d7e7d69-675d-456c-8dd2-689d26da6c5c, timestamp: 2019-06-19T10:05:21.774Z, entityType: Invocation, sessionId=4d7e7d69-675d-456c-8dd2-689d26da6c5c, timestamp: 2019-06-19T10:05:21.774Z, entityType: Session), actor=null, externalTrace=null, impersonatedActor=null), ourIdentity=O=Bob Plc, L=Rome, C=IT, sessions={SessionId(toLong=-4545441079345385607)=Initiated(peerParty=O=Alice Corp, L=Madrid, C=ES, peerFlowInfo=FlowInfo(flowVersion=1, appName=<unknown>), receivedMessages=[], initiatedState=Live(peerSinkSessionId=SessionId(toLong=-4873336252316108106)), errors=[], deduplicationSeed=D--4873336252316108106-4866209298269395493)}, subFlowStack=[Inlined(flowClass=class net.corda.confidential.identities.SyncKeyMappingResponse, subFlowVersion=CoreFlow(platformVersion=5), isEnabledTimedFlow=false), Inlined(flowClass=class net.corda.confidential.identities.SyncKeyMappingFlowHandler, subFlowVersion=CoreFlow(platformVersion=5), isEnabledTimedFlow=false)], flowState=Started(flowIORequest=Receive(sessions=[FlowSessionImpl(counterparty=O=Alice Corp, L=Madrid, C=ES, sourceSessionId=SessionId(toLong=-4545441079345385607))]), frozenFiber=4B99BAE48C7C3F1CD79B84CC8BA1AC58931CB0588B7FC59578CD152AC4ACB664), errorState=Clean, numberOfSuspends=3), isCheckpointUpdate=true)
    PersistDeduplicationFacts(deduplicationHandlers=[])
    CommitTransaction
    AcknowledgeMessages(deduplicationHandlers=[])
    ScheduleEvent(event=DoRemainingWork)
  Continuation: ProcessEvents
  Diff between previous and next state:
isFlowResumed: 
    true
    false
checkpoint.flowState.flowIORequest: 
    Send(sessionToMessage={FlowSessionImpl(counterparty=O=Alice Corp, L=Madrid, C=ES, sourceSessionId=SessionId(toLong=-4545441079345385607))=06DE86D1B3191A590289DE6C91A688714E71C6D62439CFAED168D2324D6085B9})
    Receive(sessions=[FlowSessionImpl(counterparty=O=Alice Corp, L=Madrid, C=ES, sourceSessionId=SessionId(toLong=-4545441079345385607))])
checkpoint.flowState.frozenFiber.hash: 
    AD7085EB3E4016C8B3AAC72E320D642320DFBDF77082479BDFD633ADDFC67482
    4B99BAE48C7C3F1CD79B84CC8BA1AC58931CB0588B7FC59578CD152AC4ACB664
checkpoint.numberOfSuspends: 
    2
    3


 --- Transition of flow [13718ee8-e59e-4836-b456-e8611e163e6a] ---
  Timestamp: 2019-06-19T10:05:45.700Z
  Event: DoRemainingWork
  Actions: 
    
  Continuation: ProcessEvents
  Diff between previous and next state:
null

 --- Transition of flow [13718ee8-e59e-4836-b456-e8611e163e6a] ---
  Timestamp: 2019-06-19T10:05:45.703Z
  Event: DeliverSessionMessage(sessionMessage=ExistingSessionMessage(recipientSessionId=SessionId(toLong=-4545441079345385607), payload=DataSessionMessage(payload=class net.corda.core.serialization.SerializedBytes)), deduplicationHandler=net.corda.testing.node.internal.MockNodeMessagingService$InMemoryDeduplicationHandler@5bd8363, sender=O=Alice Corp, L=Madrid, C=ES)
  Actions: 
    ScheduleEvent(event=DoRemainingWork)
  Continuation: ProcessEvents
  Diff between previous and next state:
checkpoint.sessions.SessionId(toLong=-4545441079345385607).receivedMessages: 
    []
    [DataSessionMessage(payload=class net.corda.core.serialization.SerializedBytes)]
pendingDeduplicationHandlers: 
    []
    [net.corda.testing.node.internal.MockNodeMessagingService$InMemoryDeduplicationHandler@5bd8363]


 --- Transition of flow [13718ee8-e59e-4836-b456-e8611e163e6a] ---
  Timestamp: 2019-06-19T10:05:45.703Z
  Event: DoRemainingWork
  Actions: 
    CreateTransaction
  Continuation: Resume(result=class java.util.LinkedHashMap)
  Diff between previous and next state:
isFlowResumed: 
    false
    true
checkpoint.sessions.SessionId(toLong=-4545441079345385607).receivedMessages: 
    [DataSessionMessage(payload=class net.corda.core.serialization.SerializedBytes)]
    []


 --- Transition of flow [13718ee8-e59e-4836-b456-e8611e163e6a] ---
  Timestamp: 2019-06-19T10:05:45.704Z
  Event: EnterSubFlow(subFlowClass=class net.corda.confidential.identities.RequestKeyFlowWrapper, subFlowVersion=CoreFlow(platformVersion=5), isEnabledTimedFlow=false)
  Actions: 
    
  Continuation: ProcessEvents
  Diff between previous and next state:
checkpoint.subFlowStack: 
    [Inlined(flowClass=class net.corda.confidential.identities.SyncKeyMappingResponse, subFlowVersion=CoreFlow(platformVersion=5), isEnabledTimedFlow=false), Inlined(flowClass=class net.corda.confidential.identities.SyncKeyMappingFlowHandler, subFlowVersion=CoreFlow(platformVersion=5), isEnabledTimedFlow=false)]
    [Inlined(flowClass=class net.corda.confidential.identities.SyncKeyMappingResponse, subFlowVersion=CoreFlow(platformVersion=5), isEnabledTimedFlow=false), Inlined(flowClass=class net.corda.confidential.identities.SyncKeyMappingFlowHandler, subFlowVersion=CoreFlow(platformVersion=5), isEnabledTimedFlow=false), Initiating(flowClass=class net.corda.confidential.identities.RequestKeyFlowWrapper, classToInitiateWith=class net.corda.confidential.identities.RequestKeyFlowWrapper, flowInfo=FlowInfo(flowVersion=1, appName=<unknown>), subFlowVersion=CoreFlow(platformVersion=5), isEnabledTimedFlow=false)]


 --- Transition of flow [13718ee8-e59e-4836-b456-e8611e163e6a] ---
  Timestamp: 2019-06-19T10:05:45.705Z
  Event: InitiateFlow(wellKnownParty=O=Charlie Ltd, L=Athens, C=GR, requestedParty=null)
  Actions: 
    AddSessionBinding(flowId=[13718ee8-e59e-4836-b456-e8611e163e6a], sessionId=SessionId(toLong=8413297254922800325))
  Continuation: Resume(result=class net.corda.node.services.statemachine.FlowSessionImpl)
  Diff between previous and next state:
checkpoint.sessions.SessionId(toLong=8413297254922800325): 
    null
    Uninitiated(party=O=Charlie Ltd, L=Athens, C=GR, initiatingSubFlow=Initiating(flowClass=class net.corda.confidential.identities.RequestKeyFlowWrapper, classToInitiateWith=class net.corda.confidential.identities.RequestKeyFlowWrapper, flowInfo=FlowInfo(flowVersion=1, appName=<unknown>), subFlowVersion=CoreFlow(platformVersion=5), isEnabledTimedFlow=false), sourceSessionId=SessionId(toLong=8413297254922800325), additionalEntropy=-6675878778841246879)


 --- Transition of flow [13718ee8-e59e-4836-b456-e8611e163e6a] ---
  Timestamp: 2019-06-19T10:05:45.705Z
  Event: EnterSubFlow(subFlowClass=class net.corda.confidential.identities.RequestKeyFlow, subFlowVersion=CoreFlow(platformVersion=5), isEnabledTimedFlow=false)
  Actions: 
    
  Continuation: ProcessEvents
  Diff between previous and next state:
checkpoint.subFlowStack: 
    [Inlined(flowClass=class net.corda.confidential.identities.SyncKeyMappingResponse, subFlowVersion=CoreFlow(platformVersion=5), isEnabledTimedFlow=false), Inlined(flowClass=class net.corda.confidential.identities.SyncKeyMappingFlowHandler, subFlowVersion=CoreFlow(platformVersion=5), isEnabledTimedFlow=false), Initiating(flowClass=class net.corda.confidential.identities.RequestKeyFlowWrapper, classToInitiateWith=class net.corda.confidential.identities.RequestKeyFlowWrapper, flowInfo=FlowInfo(flowVersion=1, appName=<unknown>), subFlowVersion=CoreFlow(platformVersion=5), isEnabledTimedFlow=false)]
    [Inlined(flowClass=class net.corda.confidential.identities.SyncKeyMappingResponse, subFlowVersion=CoreFlow(platformVersion=5), isEnabledTimedFlow=false), Inlined(flowClass=class net.corda.confidential.identities.SyncKeyMappingFlowHandler, subFlowVersion=CoreFlow(platformVersion=5), isEnabledTimedFlow=false), Initiating(flowClass=class net.corda.confidential.identities.RequestKeyFlowWrapper, classToInitiateWith=class net.corda.confidential.identities.RequestKeyFlowWrapper, flowInfo=FlowInfo(flowVersion=1, appName=<unknown>), subFlowVersion=CoreFlow(platformVersion=5), isEnabledTimedFlow=false), Inlined(flowClass=class net.corda.confidential.identities.RequestKeyFlow, subFlowVersion=CoreFlow(platformVersion=5), isEnabledTimedFlow=false)]


 --- Transition of flow [13718ee8-e59e-4836-b456-e8611e163e6a] ---
  Timestamp: 2019-06-19T10:05:45.711Z
  Event: Suspend(ioRequest=SendAndReceive({FlowSessionImpl(counterparty=O=Charlie Ltd, L=Athens, C=GR, sourceSessionId=SessionId(toLong=8413297254922800325))=FlowSessionImpl(counterparty=O=Charlie Ltd, L=Athens, C=GR, sourceSessionId=SessionId(toLong=8413297254922800325))=558BC32BD55D0AAE23F8A8521BBA4C39B615D43CD24D2619AA823E73CF7F72CB}, shouldRetrySend=false), maySkipCheckpoint=false, fiber=7E5E48263A14F415E6CD030C862CBD2BF36EFAA253EBCED74CBF665DE38EECD1, )
  Actions: 
    PersistCheckpoint(id=[13718ee8-e59e-4836-b456-e8611e163e6a], checkpoint=Checkpoint(invocationContext=InvocationContext(origin=Peer(party=O=Alice Corp, L=Madrid, C=ES), trace=Trace(invocationId=4d7e7d69-675d-456c-8dd2-689d26da6c5c, timestamp: 2019-06-19T10:05:21.774Z, entityType: Invocation, sessionId=4d7e7d69-675d-456c-8dd2-689d26da6c5c, timestamp: 2019-06-19T10:05:21.774Z, entityType: Session), actor=null, externalTrace=null, impersonatedActor=null), ourIdentity=O=Bob Plc, L=Rome, C=IT, sessions={SessionId(toLong=-4545441079345385607)=Initiated(peerParty=O=Alice Corp, L=Madrid, C=ES, peerFlowInfo=FlowInfo(flowVersion=1, appName=<unknown>), receivedMessages=[], initiatedState=Live(peerSinkSessionId=SessionId(toLong=-4873336252316108106)), errors=[], deduplicationSeed=D--4873336252316108106-4866209298269395493), SessionId(toLong=8413297254922800325)=Uninitiated(party=O=Charlie Ltd, L=Athens, C=GR, initiatingSubFlow=Initiating(flowClass=class net.corda.confidential.identities.RequestKeyFlowWrapper, classToInitiateWith=class net.corda.confidential.identities.RequestKeyFlowWrapper, flowInfo=FlowInfo(flowVersion=1, appName=<unknown>), subFlowVersion=CoreFlow(platformVersion=5), isEnabledTimedFlow=false), sourceSessionId=SessionId(toLong=8413297254922800325), additionalEntropy=-6675878778841246879)}, subFlowStack=[Inlined(flowClass=class net.corda.confidential.identities.SyncKeyMappingResponse, subFlowVersion=CoreFlow(platformVersion=5), isEnabledTimedFlow=false), Inlined(flowClass=class net.corda.confidential.identities.SyncKeyMappingFlowHandler, subFlowVersion=CoreFlow(platformVersion=5), isEnabledTimedFlow=false), Initiating(flowClass=class net.corda.confidential.identities.RequestKeyFlowWrapper, classToInitiateWith=class net.corda.confidential.identities.RequestKeyFlowWrapper, flowInfo=FlowInfo(flowVersion=1, appName=<unknown>), subFlowVersion=CoreFlow(platformVersion=5), isEnabledTimedFlow=false), Inlined(flowClass=class net.corda.confidential.identities.RequestKeyFlow, subFlowVersion=CoreFlow(platformVersion=5), isEnabledTimedFlow=false)], flowState=Started(flowIORequest=SendAndReceive({FlowSessionImpl(counterparty=O=Charlie Ltd, L=Athens, C=GR, sourceSessionId=SessionId(toLong=8413297254922800325))=FlowSessionImpl(counterparty=O=Charlie Ltd, L=Athens, C=GR, sourceSessionId=SessionId(toLong=8413297254922800325))=558BC32BD55D0AAE23F8A8521BBA4C39B615D43CD24D2619AA823E73CF7F72CB}, shouldRetrySend=false), frozenFiber=7E5E48263A14F415E6CD030C862CBD2BF36EFAA253EBCED74CBF665DE38EECD1), errorState=Clean, numberOfSuspends=4), isCheckpointUpdate=true)
    PersistDeduplicationFacts(deduplicationHandlers=[net.corda.testing.node.internal.MockNodeMessagingService$InMemoryDeduplicationHandler@5bd8363])
    CommitTransaction
    AcknowledgeMessages(deduplicationHandlers=[net.corda.testing.node.internal.MockNodeMessagingService$InMemoryDeduplicationHandler@5bd8363])
    ScheduleEvent(event=DoRemainingWork)
  Continuation: ProcessEvents
  Diff between previous and next state:
isFlowResumed: 
    true
    false
checkpoint.flowState.flowIORequest: 
    Receive(sessions=[FlowSessionImpl(counterparty=O=Alice Corp, L=Madrid, C=ES, sourceSessionId=SessionId(toLong=-4545441079345385607))])
    SendAndReceive({FlowSessionImpl(counterparty=O=Charlie Ltd, L=Athens, C=GR, sourceSessionId=SessionId(toLong=8413297254922800325))=FlowSessionImpl(counterparty=O=Charlie Ltd, L=Athens, C=GR, sourceSessionId=SessionId(toLong=8413297254922800325))=558BC32BD55D0AAE23F8A8521BBA4C39B615D43CD24D2619AA823E73CF7F72CB}, shouldRetrySend=false)
checkpoint.flowState.frozenFiber.hash: 
    4B99BAE48C7C3F1CD79B84CC8BA1AC58931CB0588B7FC59578CD152AC4ACB664
    7E5E48263A14F415E6CD030C862CBD2BF36EFAA253EBCED74CBF665DE38EECD1
checkpoint.numberOfSuspends: 
    3
    4
pendingDeduplicationHandlers: 
    [net.corda.testing.node.internal.MockNodeMessagingService$InMemoryDeduplicationHandler@5bd8363]
    []


 --- Transition of flow [13718ee8-e59e-4836-b456-e8611e163e6a] ---
  Timestamp: 2019-06-19T10:05:45.714Z
  Event: DoRemainingWork
  Actions: 
    SendInitial(party=O=Charlie Ltd, L=Athens, C=GR, initialise=InitialSessionMessage(initiatorSessionId=SessionId(toLong=8413297254922800325), initiationEntropy=-6675878778841246879, initiatorFlowClassName=net.corda.confidential.identities.RequestKeyFlowWrapper, appName=<unknown>, firstPayload=class net.corda.core.serialization.SerializedBytes), deduplicationId=SenderDeduplicationId(deduplicationId=DeduplicationId(toString=N-R-8413297254922800325--6675878778841246879-4-0), senderUUID=83b95632-9e41-4602-9840-44a6f4610c38))
  Continuation: ProcessEvents
  Diff between previous and next state:
checkpoint.flowState.flowIORequest: 
    SendAndReceive({FlowSessionImpl(counterparty=O=Charlie Ltd, L=Athens, C=GR, sourceSessionId=SessionId(toLong=8413297254922800325))=FlowSessionImpl(counterparty=O=Charlie Ltd, L=Athens, C=GR, sourceSessionId=SessionId(toLong=8413297254922800325))=558BC32BD55D0AAE23F8A8521BBA4C39B615D43CD24D2619AA823E73CF7F72CB}, shouldRetrySend=false)
    Receive(sessions=[FlowSessionImpl(counterparty=O=Charlie Ltd, L=Athens, C=GR, sourceSessionId=SessionId(toLong=8413297254922800325))])
checkpoint.sessions.SessionId(toLong=8413297254922800325): 
    Uninitiated(party=O=Charlie Ltd, L=Athens, C=GR, initiatingSubFlow=Initiating(flowClass=class net.corda.confidential.identities.RequestKeyFlowWrapper, classToInitiateWith=class net.corda.confidential.identities.RequestKeyFlowWrapper, flowInfo=FlowInfo(flowVersion=1, appName=<unknown>), subFlowVersion=CoreFlow(platformVersion=5), isEnabledTimedFlow=false), sourceSessionId=SessionId(toLong=8413297254922800325), additionalEntropy=-6675878778841246879)
    Initiating(bufferedMessages=[], rejectionError=null, deduplicationSeed=R-8413297254922800325--6675878778841246879)


 --- Transition of flow [13718ee8-e59e-4836-b456-e8611e163e6a] ---
  Timestamp: 2019-06-19T10:05:45.729Z
  Event: DeliverSessionMessage(sessionMessage=ExistingSessionMessage(recipientSessionId=SessionId(toLong=8413297254922800325), payload=RejectSessionMessage(message=net.corda.confidential.identities.RequestKeyFlowWrapper is not registered, errorId=4826110934388457881)), deduplicationHandler=net.corda.testing.node.internal.MockNodeMessagingService$InMemoryDeduplicationHandler@3f914f3a, sender=O=Charlie Ltd, L=Athens, C=GR)
  Actions: 
    ScheduleEvent(event=DoRemainingWork)
  Continuation: ProcessEvents
  Diff between previous and next state:
checkpoint.sessions.SessionId(toLong=8413297254922800325).rejectionError: 
    null
    FlowError(errorId=4826110934388457881, exception=net.corda.core.flows.UnexpectedFlowEndException: net.corda.confidential.identities.RequestKeyFlowWrapper is not registered)
pendingDeduplicationHandlers: 
    []
    [net.corda.testing.node.internal.MockNodeMessagingService$InMemoryDeduplicationHandler@3f914f3a]


 --- Transition of flow [13718ee8-e59e-4836-b456-e8611e163e6a] ---
  Timestamp: 2019-06-19T10:05:45.730Z
  Event: DoRemainingWork
  Actions: 
    CreateTransaction
  Continuation: Throw(throwable=net.corda.core.flows.UnexpectedFlowEndException: net.corda.confidential.identities.RequestKeyFlowWrapper is not registered)
  Diff between previous and next state:
isFlowResumed: 
    false
    true


 --- Transition of flow [13718ee8-e59e-4836-b456-e8611e163e6a] ---
  Timestamp: 2019-06-19T10:05:45.730Z
  Event: LeaveSubFlow
  Actions: 
    
  Continuation: ProcessEvents
  Diff between previous and next state:
checkpoint.subFlowStack: 
    [Inlined(flowClass=class net.corda.confidential.identities.SyncKeyMappingResponse, subFlowVersion=CoreFlow(platformVersion=5), isEnabledTimedFlow=false), Inlined(flowClass=class net.corda.confidential.identities.SyncKeyMappingFlowHandler, subFlowVersion=CoreFlow(platformVersion=5), isEnabledTimedFlow=false), Initiating(flowClass=class net.corda.confidential.identities.RequestKeyFlowWrapper, classToInitiateWith=class net.corda.confidential.identities.RequestKeyFlowWrapper, flowInfo=FlowInfo(flowVersion=1, appName=<unknown>), subFlowVersion=CoreFlow(platformVersion=5), isEnabledTimedFlow=false), Inlined(flowClass=class net.corda.confidential.identities.RequestKeyFlow, subFlowVersion=CoreFlow(platformVersion=5), isEnabledTimedFlow=false)]
    [Inlined(flowClass=class net.corda.confidential.identities.SyncKeyMappingResponse, subFlowVersion=CoreFlow(platformVersion=5), isEnabledTimedFlow=false), Inlined(flowClass=class net.corda.confidential.identities.SyncKeyMappingFlowHandler, subFlowVersion=CoreFlow(platformVersion=5), isEnabledTimedFlow=false), Initiating(flowClass=class net.corda.confidential.identities.RequestKeyFlowWrapper, classToInitiateWith=class net.corda.confidential.identities.RequestKeyFlowWrapper, flowInfo=FlowInfo(flowVersion=1, appName=<unknown>), subFlowVersion=CoreFlow(platformVersion=5), isEnabledTimedFlow=false)]


 --- Transition of flow [13718ee8-e59e-4836-b456-e8611e163e6a] ---
  Timestamp: 2019-06-19T10:05:45.730Z
  Event: LeaveSubFlow
  Actions: 
    
  Continuation: ProcessEvents
  Diff between previous and next state:
checkpoint.subFlowStack: 
    [Inlined(flowClass=class net.corda.confidential.identities.SyncKeyMappingResponse, subFlowVersion=CoreFlow(platformVersion=5), isEnabledTimedFlow=false), Inlined(flowClass=class net.corda.confidential.identities.SyncKeyMappingFlowHandler, subFlowVersion=CoreFlow(platformVersion=5), isEnabledTimedFlow=false), Initiating(flowClass=class net.corda.confidential.identities.RequestKeyFlowWrapper, classToInitiateWith=class net.corda.confidential.identities.RequestKeyFlowWrapper, flowInfo=FlowInfo(flowVersion=1, appName=<unknown>), subFlowVersion=CoreFlow(platformVersion=5), isEnabledTimedFlow=false)]
    [Inlined(flowClass=class net.corda.confidential.identities.SyncKeyMappingResponse, subFlowVersion=CoreFlow(platformVersion=5), isEnabledTimedFlow=false), Inlined(flowClass=class net.corda.confidential.identities.SyncKeyMappingFlowHandler, subFlowVersion=CoreFlow(platformVersion=5), isEnabledTimedFlow=false)]


 --- Transition of flow [13718ee8-e59e-4836-b456-e8611e163e6a] ---
  Timestamp: 2019-06-19T10:05:45.730Z
  Event: LeaveSubFlow
  Actions: 
    
  Continuation: ProcessEvents
  Diff between previous and next state:
checkpoint.subFlowStack: 
    [Inlined(flowClass=class net.corda.confidential.identities.SyncKeyMappingResponse, subFlowVersion=CoreFlow(platformVersion=5), isEnabledTimedFlow=false), Inlined(flowClass=class net.corda.confidential.identities.SyncKeyMappingFlowHandler, subFlowVersion=CoreFlow(platformVersion=5), isEnabledTimedFlow=false)]
    [Inlined(flowClass=class net.corda.confidential.identities.SyncKeyMappingResponse, subFlowVersion=CoreFlow(platformVersion=5), isEnabledTimedFlow=false)]


 --- Transition of flow [13718ee8-e59e-4836-b456-e8611e163e6a] ---
  Timestamp: 2019-06-19T10:05:45.740Z
  Event: Error(exception=net.corda.core.flows.UnexpectedFlowEndException: net.corda.confidential.identities.RequestKeyFlowWrapper is not registered)
  Actions: 
    RollbackTransaction
    ScheduleEvent(event=DoRemainingWork)
  Continuation: ProcessEvents
  Diff between previous and next state:
isFlowResumed: 
    true
    false
checkpoint.errorState: 
    Clean
    Errored(errors=[FlowError(errorId=4826110934388457881, exception=net.corda.core.flows.UnexpectedFlowEndException: net.corda.confidential.identities.RequestKeyFlowWrapper is not registered)], propagatedIndex=0, propagating=false)


 --- Transition of flow [13718ee8-e59e-4836-b456-e8611e163e6a] ---
  Timestamp: 2019-06-19T10:05:45.744Z
  Event: DoRemainingWork
  Actions: 
    
  Continuation: ProcessEvents
  Diff between previous and next state:
null

 --- Transition of flow [13718ee8-e59e-4836-b456-e8611e163e6a] ---
  Timestamp: 2019-06-19T10:05:45.746Z
  Event: StartErrorPropagation
  Actions: 
    ScheduleEvent(event=DoRemainingWork)
  Continuation: ProcessEvents
  Diff between previous and next state:
checkpoint.errorState.propagating: 
    false
    true
 {fiber-id=10000009, flow-id=13718ee8-e59e-4836-b456-e8611e163e6a, invocation_id=4d7e7d69-675d-456c-8dd2-689d26da6c5c, invocation_timestamp=2019-06-19T10:05:21.774Z, origin=O=Alice Corp, L=Madrid, C=ES, session_id=4d7e7d69-675d-456c-8dd2-689d26da6c5c, session_timestamp=2019-06-19T10:05:21.774Z, thread-id=356}
?[m?[31m[WARN] 11:05:45,765 [Mock node 2 thread] interceptors.DumpHistoryOnErrorInterceptor.executeTransition - Flow [13718ee8-e59e-4836-b456-e8611e163e6a] error [errorCode=1ggjwsp, moreInformationAt=https://errors.corda.net/OS/5.0-SNAPSHOT-WILLH/1ggjwsp] {fiber-id=10000009, flow-id=13718ee8-e59e-4836-b456-e8611e163e6a, invocation_id=4d7e7d69-675d-456c-8dd2-689d26da6c5c, invocation_timestamp=2019-06-19T10:05:21.774Z, origin=O=Alice Corp, L=Madrid, C=ES, session_id=4d7e7d69-675d-456c-8dd2-689d26da6c5c, session_timestamp=2019-06-19T10:05:21.774Z, thread-id=356}
?[m net.corda.core.flows.UnexpectedFlowEndException: net.corda.confidential.identities.RequestKeyFlowWrapper is not registered
	at net.corda.node.services.statemachine.FlowStateMachineImpl.fillInLocalStackTrace(FlowStateMachineImpl.kt:175) ~[corda-node-5.0-SNAPSHOT-WILLH.jar:?]
	at net.corda.node.services.statemachine.FlowStateMachineImpl.processEventsUntilFlowIsResumed(FlowStateMachineImpl.kt:163) ~[corda-node-5.0-SNAPSHOT-WILLH.jar:?]
	at net.corda.node.services.statemachine.FlowStateMachineImpl.suspend(FlowStateMachineImpl.kt:447) ~[corda-node-5.0-SNAPSHOT-WILLH.jar:?]
	at net.corda.node.services.statemachine.FlowSessionImpl.sendAndReceive(FlowSessionImpl.kt:56) ~[corda-node-5.0-SNAPSHOT-WILLH.jar:?]
	at net.corda.node.services.statemachine.FlowSessionImpl.sendAndReceive(FlowSessionImpl.kt:63) ~[corda-node-5.0-SNAPSHOT-WILLH.jar:?]
	at net.corda.confidential.identities.RequestKeyFlow.call(RequestKeyFlow.kt:88) ~[main/:?]
	at net.corda.confidential.identities.RequestKeyFlow.call(RequestKeyFlow.kt:15) ~[main/:?]
	at net.corda.node.services.statemachine.FlowStateMachineImpl.subFlow(FlowStateMachineImpl.kt:330) ~[corda-node-5.0-SNAPSHOT-WILLH.jar:?]
	at net.corda.core.flows.FlowLogic.subFlow(FlowLogic.kt:327) ~[corda-core-5.0-SNAPSHOT-WILLH.jar:?]
	at net.corda.confidential.identities.RequestKeyFlowWrapper.call(RequestKeyFlow.kt:76) ~[main/:?]
	at net.corda.confidential.identities.RequestKeyFlowWrapper.call(RequestKeyFlow.kt:73) ~[main/:?]
	at net.corda.node.services.statemachine.FlowStateMachineImpl.subFlow(FlowStateMachineImpl.kt:330) ~[corda-node-5.0-SNAPSHOT-WILLH.jar:?]
	at net.corda.core.flows.FlowLogic.subFlow(FlowLogic.kt:327) ~[corda-core-5.0-SNAPSHOT-WILLH.jar:?]
	at net.corda.confidential.identities.SyncKeyMappingFlowHandler.call(SyncKeyMappingFlow.kt:91) ~[main/:?]
	at net.corda.confidential.identities.SyncKeyMappingFlowHandler.call(SyncKeyMappingFlow.kt:58) ~[main/:?]
	at net.corda.node.services.statemachine.FlowStateMachineImpl.subFlow(FlowStateMachineImpl.kt:330) ~[corda-node-5.0-SNAPSHOT-WILLH.jar:?]
	at net.corda.core.flows.FlowLogic.subFlow(FlowLogic.kt:327) ~[corda-core-5.0-SNAPSHOT-WILLH.jar:?]
	at net.corda.confidential.identities.SyncKeyMappingResponse.call(SyncKeyMappingFlowTests.kt:130) ~[test/:?]
	at net.corda.confidential.identities.SyncKeyMappingResponse.call(SyncKeyMappingFlowTests.kt:127) ~[test/:?]
	at net.corda.node.services.statemachine.FlowStateMachineImpl.run(FlowStateMachineImpl.kt:270) ~[corda-node-5.0-SNAPSHOT-WILLH.jar:?]
	at net.corda.node.services.statemachine.FlowStateMachineImpl.run(FlowStateMachineImpl.kt:46) ~[corda-node-5.0-SNAPSHOT-WILLH.jar:?]
	at co.paralleluniverse.fibers.Fiber.run1(Fiber.java:1092) ~[quasar-core-0.7.10-jdk8.jar:0.7.10]
	at co.paralleluniverse.fibers.Fiber.exec(Fiber.java:788) ~[quasar-core-0.7.10-jdk8.jar:0.7.10]
	at co.paralleluniverse.fibers.RunnableFiberTask.doExec(RunnableFiberTask.java:100) ~[quasar-core-0.7.10-jdk8.jar:0.7.10]
	at co.paralleluniverse.fibers.RunnableFiberTask.run(RunnableFiberTask.java:91) ~[quasar-core-0.7.10-jdk8.jar:0.7.10]
	at java.util.concurrent.Executors$RunnableAdapter.call(Executors.java:511) ~[?:1.8.0_201]
	at java.util.concurrent.FutureTask.run(FutureTask.java:266) ~[?:1.8.0_201]
	at java.util.concurrent.ScheduledThreadPoolExecutor$ScheduledFutureTask.access$201(ScheduledThreadPoolExecutor.java:180) ~[?:1.8.0_201]
	at java.util.concurrent.ScheduledThreadPoolExecutor$ScheduledFutureTask.run(ScheduledThreadPoolExecutor.java:293) ~[?:1.8.0_201]
	at java.util.concurrent.ThreadPoolExecutor.runWorker(ThreadPoolExecutor.java:1149) ~[?:1.8.0_201]
	at java.util.concurrent.ThreadPoolExecutor$Worker.run(ThreadPoolExecutor.java:624) ~[?:1.8.0_201]
	at net.corda.node.utilities.AffinityExecutor$ServiceAffinityExecutor$1$thread$1.run(AffinityExecutor.kt:63) ~[corda-node-5.0-SNAPSHOT-WILLH.jar:?]
?[31m[WARN] 11:05:45,768 [Mock node 2 thread] statemachine.ActionExecutorImpl.executePropagateErrors - Propagating error {fiber-id=10000009, flow-id=13718ee8-e59e-4836-b456-e8611e163e6a, invocation_id=4d7e7d69-675d-456c-8dd2-689d26da6c5c, invocation_timestamp=2019-06-19T10:05:21.774Z, origin=O=Alice Corp, L=Madrid, C=ES, session_id=4d7e7d69-675d-456c-8dd2-689d26da6c5c, session_timestamp=2019-06-19T10:05:21.774Z, thread-id=356}
?[m?[37m[INFO] 11:05:45,792 [Log4j2-TF-1-AsyncLogger[AsyncContextNoThreadLocal@2a139a55]-1] manifests.Manifests.info - 133 attributes loaded from 203 stream(s) in 55ms, 133 saved, 3128 ignored: ["ActiveMQ-Version", "Agent-Class", "Ant-Version", "Application-Class", "Application-ID", "Application-Library-Allowable-Codebase", "Application-Name", "Application-Version", "Archiver-Version", "Automatic-Module-Name", "Bnd-LastModified", "Branch", "Build-Date", "Build-Host", "Build-Id", "Build-Java-Version", "Build-Jdk", "Build-Job", "Build-Number", "Build-Revision", "Build-Time", "Build-Timestamp", "Built-By", "Built-OS", "Built-Status", "Bundle-ActivationPolicy", "Bundle-Activator", "Bundle-Category", "Bundle-ClassPath", "Bundle-Classpath", "Bundle-Copyright", "Bundle-Description", "Bundle-DocURL", "Bundle-License", "Bundle-ManifestVersion", "Bundle-Name", "Bundle-NativeCode", "Bundle-RequiredExecutionEnvironment", "Bundle-SymbolicName", "Bundle-Vendor", "Bundle-Version", "Caller-Allowable-Codebase", "Can-Redefine-Classes", "Can-Retransform-Classes", "Can-Set-Native-Method-Prefix", "Caplets", "Change", "Class-Path", "Codebase", "Corda-Platform-Version", "Corda-Release-Version", "Corda-Revision", "Corda-Vendor", "Cordapp-Contract-Licence", "Cordapp-Contract-Name", "Cordapp-Contract-Vendor", "Cordapp-Contract-Version", "Cordapp-Workflow-Licence", "Cordapp-Workflow-Name", "Cordapp-Workflow-Vendor", "Cordapp-Workflow-Version", "Created-By", "DynamicImport-Package", "Eclipse-BuddyPolicy", "Eclipse-LazyStart", "Embed-Dependency", "Export-Package", "Extension-Name", "Fragment-Host", "Gradle-Version", "Hibernate-JpaVersion", "Hibernate-VersionFamily", "Implementation-Build", "Implementation-Build-Date", "Implementation-Title", "Implementation-URL", "Implementation-Url", "Implementation-Vendor", "Implementation-Vendor-Id", "Implementation-Version", "Import-Package", "Include-Resource", "JCabi-Build", "JCabi-Date", "JCabi-Version", "JVM-Args", "Java-Agents", "Java-Vendor", "Java-Version", "Kotlin-Runtime-Component", "Kotlin-Version", "Liquibase-Package", "Log4jReleaseKey", "Log4jReleaseManager", "Log4jReleaseVersion", "Main-Class", "Main-class", "Manifest-Version", "Min-Java-Version", "Min-Platform-Version", "Min-Update-Version", "Module-Email", "Module-Origin", "Module-Owner", "Module-Source", "Multi-Release", "Originally-Created-By", "Os-Arch", "Os-Name", "Os-Version", "Permissions", "Premain-Class", "Private-Package", "Provide-Capability", "Require-Capability", "SCM-Revision", "SCM-url", "Scm-Connection", "Scm-Revision", "Scm-Url", "Sealed", "Service-Component", "Specification-Title", "Specification-Vendor", "Specification-Version", "System-Properties", "Target-Platform-Version", "Tool", "Trusted-Library", "X-Compile-Source-JDK", "X-Compile-Target-JDK", "service", "url"]
?[m?[37m[INFO] 11:05:45,818 [Mock node 1 thread] corda.flow.run - Flow raised an error: Counter-flow errored. Sending it to flow hospital to be triaged. {actor_id=Only For Testing, actor_owning_identity=O=Alice Corp, L=Madrid, C=ES, actor_store_id=TEST, fiber-id=10000008, flow-id=684d513c-8f6f-4946-8d37-10ee00ec3ddf, invocation_id=cab16cd2-2837-4939-a8b3-4b51fe06b46b, invocation_timestamp=2019-06-19T10:05:08.476Z, origin=Only For Testing, session_id=cab16cd2-2837-4939-a8b3-4b51fe06b46b, session_timestamp=2019-06-19T10:05:08.476Z, thread-id=355}
?[m?[37m[INFO] 11:05:45,818 [Mock node 1 thread] statemachine.StaffedFlowHospital.flowErrored - Flow [684d513c-8f6f-4946-8d37-10ee00ec3ddf] admitted to hospital in state StateMachineState(checkpoint=Checkpoint(invocationContext=InvocationContext(origin=RPC(actor=Actor(id=Id(value=Only For Testing), serviceId=AuthServiceId(value=TEST), owningLegalIdentity=O=Alice Corp, L=Madrid, C=ES)), trace=Trace(invocationId=cab16cd2-2837-4939-a8b3-4b51fe06b46b, timestamp: 2019-06-19T10:05:08.476Z, entityType: Invocation, sessionId=cab16cd2-2837-4939-a8b3-4b51fe06b46b, timestamp: 2019-06-19T10:05:08.476Z, entityType: Session), actor=Actor(id=Id(value=Only For Testing), serviceId=AuthServiceId(value=TEST), owningLegalIdentity=O=Alice Corp, L=Madrid, C=ES), externalTrace=null, impersonatedActor=null), ourIdentity=O=Alice Corp, L=Madrid, C=ES, sessions={SessionId(toLong=-4873336252316108106)=Initiated(peerParty=O=Bob Plc, L=Rome, C=IT, peerFlowInfo=FlowInfo(flowVersion=1, appName=<unknown>), receivedMessages=[], initiatedState=Live(peerSinkSessionId=SessionId(toLong=-4545441079345385607)), errors=[FlowError(errorId=4826110934388457881, exception=net.corda.core.flows.UnexpectedFlowEndException: Counter-flow errored)], deduplicationSeed=R--4873336252316108106-4866209298269395493)}, subFlowStack=[Initiating(flowClass=class net.corda.confidential.identities.SyncKeyMappingInitiator, classToInitiateWith=class net.corda.confidential.identities.SyncKeyMappingInitiator, flowInfo=FlowInfo(flowVersion=1, appName=<unknown>), subFlowVersion=CoreFlow(platformVersion=5), isEnabledTimedFlow=false)], flowState=Started(flowIORequest=Receive(sessions=[FlowSessionImpl(counterparty=O=Bob Plc, L=Rome, C=IT, sourceSessionId=SessionId(toLong=-4873336252316108106))]), frozenFiber=430E59582FD6BD6B405529082E9E1EC814893597A169FA2997C3D94AC2BD3260), errorState=Clean, numberOfSuspends=3), flowLogic=net.corda.confidential.identities.SyncKeyMappingInitiator@418fcada, pendingDeduplicationHandlers=[net.corda.testing.node.internal.MockNodeMessagingService$InMemoryDeduplicationHandler@2683d08b], isFlowResumed=true, isTransactionTracked=false, isAnyCheckpointPersisted=true, isStartIdempotent=false, isRemoved=false, senderUUID=8152e7c8-6540-4430-ba67-f1cbc5e382d7) {actor_id=Only For Testing, actor_owning_identity=O=Alice Corp, L=Madrid, C=ES, actor_store_id=TEST, fiber-id=10000008, flow-id=684d513c-8f6f-4946-8d37-10ee00ec3ddf, invocation_id=cab16cd2-2837-4939-a8b3-4b51fe06b46b, invocation_timestamp=2019-06-19T10:05:08.476Z, origin=Only For Testing, session_id=cab16cd2-2837-4939-a8b3-4b51fe06b46b, session_timestamp=2019-06-19T10:05:08.476Z, thread-id=355}
?[m?[37m[INFO] 11:05:45,818 [Mock node 1 thread] statemachine.StaffedFlowHospital.invoke - Error 1 of 1: {actor_id=Only For Testing, actor_owning_identity=O=Alice Corp, L=Madrid, C=ES, actor_store_id=TEST, fiber-id=10000008, flow-id=684d513c-8f6f-4946-8d37-10ee00ec3ddf, invocation_id=cab16cd2-2837-4939-a8b3-4b51fe06b46b, invocation_timestamp=2019-06-19T10:05:08.476Z, origin=Only For Testing, session_id=cab16cd2-2837-4939-a8b3-4b51fe06b46b, session_timestamp=2019-06-19T10:05:08.476Z, thread-id=355}
?[m net.corda.core.flows.UnexpectedFlowEndException: Counter-flow errored
	at Received unexpected counter-flow exception from peer O=Bob Plc, L=Rome, C=IT.() ~[?:?]
	at net.corda.node.services.statemachine.FlowStateMachineImpl.fillInLocalStackTrace(FlowStateMachineImpl.kt:175) ~[corda-node-5.0-SNAPSHOT-WILLH.jar:?]
	at net.corda.node.services.statemachine.FlowStateMachineImpl.processEventsUntilFlowIsResumed(FlowStateMachineImpl.kt:163) ~[corda-node-5.0-SNAPSHOT-WILLH.jar:?]
	at net.corda.node.services.statemachine.FlowStateMachineImpl.suspend(FlowStateMachineImpl.kt:447) ~[corda-node-5.0-SNAPSHOT-WILLH.jar:?]
	at net.corda.node.services.statemachine.FlowSessionImpl.receive(FlowSessionImpl.kt:69) ~[corda-node-5.0-SNAPSHOT-WILLH.jar:?]
	at net.corda.node.services.statemachine.FlowSessionImpl.receive(FlowSessionImpl.kt:73) ~[corda-node-5.0-SNAPSHOT-WILLH.jar:?]
	at net.corda.confidential.identities.SyncKeyMappingInitiator.call(SyncKeyMappingFlowTests.kt:149) ~[test/:?]
	at net.corda.confidential.identities.SyncKeyMappingInitiator.call(SyncKeyMappingFlowTests.kt:117) ~[test/:?]
	at net.corda.node.services.statemachine.FlowStateMachineImpl.run(FlowStateMachineImpl.kt:270) ~[corda-node-5.0-SNAPSHOT-WILLH.jar:?]
	at net.corda.node.services.statemachine.FlowStateMachineImpl.run(FlowStateMachineImpl.kt:46) ~[corda-node-5.0-SNAPSHOT-WILLH.jar:?]
	at co.paralleluniverse.fibers.Fiber.run1(Fiber.java:1092) ~[quasar-core-0.7.10-jdk8.jar:0.7.10]
	at co.paralleluniverse.fibers.Fiber.exec(Fiber.java:788) ~[quasar-core-0.7.10-jdk8.jar:0.7.10]
	at co.paralleluniverse.fibers.RunnableFiberTask.doExec(RunnableFiberTask.java:100) ~[quasar-core-0.7.10-jdk8.jar:0.7.10]
	at co.paralleluniverse.fibers.RunnableFiberTask.run(RunnableFiberTask.java:91) ~[quasar-core-0.7.10-jdk8.jar:0.7.10]
	at java.util.concurrent.Executors$RunnableAdapter.call(Executors.java:511) ~[?:1.8.0_201]
	at java.util.concurrent.FutureTask.run(FutureTask.java:266) ~[?:1.8.0_201]
	at java.util.concurrent.ScheduledThreadPoolExecutor$ScheduledFutureTask.access$201(ScheduledThreadPoolExecutor.java:180) ~[?:1.8.0_201]
	at java.util.concurrent.ScheduledThreadPoolExecutor$ScheduledFutureTask.run(ScheduledThreadPoolExecutor.java:293) ~[?:1.8.0_201]
	at java.util.concurrent.ThreadPoolExecutor.runWorker(ThreadPoolExecutor.java:1149) ~[?:1.8.0_201]
	at java.util.concurrent.ThreadPoolExecutor$Worker.run(ThreadPoolExecutor.java:624) ~[?:1.8.0_201]
	at net.corda.node.utilities.AffinityExecutor$ServiceAffinityExecutor$1$thread$1.run(AffinityExecutor.kt:63) ~[corda-node-5.0-SNAPSHOT-WILLH.jar:?]
?[37m[INFO] 11:05:45,819 [Mock node 1 thread] statemachine.StaffedFlowHospital.flowErrored - Flow error allowed to propagate {actor_id=Only For Testing, actor_owning_identity=O=Alice Corp, L=Madrid, C=ES, actor_store_id=TEST, fiber-id=10000008, flow-id=684d513c-8f6f-4946-8d37-10ee00ec3ddf, invocation_id=cab16cd2-2837-4939-a8b3-4b51fe06b46b, invocation_timestamp=2019-06-19T10:05:08.476Z, origin=Only For Testing, session_id=cab16cd2-2837-4939-a8b3-4b51fe06b46b, session_timestamp=2019-06-19T10:05:08.476Z, thread-id=355}
?[m net.corda.core.flows.UnexpectedFlowEndException: Counter-flow errored
	at Received unexpected counter-flow exception from peer O=Bob Plc, L=Rome, C=IT.() ~[?:?]
	at net.corda.node.services.statemachine.FlowStateMachineImpl.fillInLocalStackTrace(FlowStateMachineImpl.kt:175) ~[corda-node-5.0-SNAPSHOT-WILLH.jar:?]
	at net.corda.node.services.statemachine.FlowStateMachineImpl.processEventsUntilFlowIsResumed(FlowStateMachineImpl.kt:163) ~[corda-node-5.0-SNAPSHOT-WILLH.jar:?]
	at net.corda.node.services.statemachine.FlowStateMachineImpl.suspend(FlowStateMachineImpl.kt:447) ~[corda-node-5.0-SNAPSHOT-WILLH.jar:?]
	at net.corda.node.services.statemachine.FlowSessionImpl.receive(FlowSessionImpl.kt:69) ~[corda-node-5.0-SNAPSHOT-WILLH.jar:?]
	at net.corda.node.services.statemachine.FlowSessionImpl.receive(FlowSessionImpl.kt:73) ~[corda-node-5.0-SNAPSHOT-WILLH.jar:?]
	at net.corda.confidential.identities.SyncKeyMappingInitiator.call(SyncKeyMappingFlowTests.kt:149) ~[test/:?]
	at net.corda.confidential.identities.SyncKeyMappingInitiator.call(SyncKeyMappingFlowTests.kt:117) ~[test/:?]
	at net.corda.node.services.statemachine.FlowStateMachineImpl.run(FlowStateMachineImpl.kt:270) ~[corda-node-5.0-SNAPSHOT-WILLH.jar:?]
	at net.corda.node.services.statemachine.FlowStateMachineImpl.run(FlowStateMachineImpl.kt:46) ~[corda-node-5.0-SNAPSHOT-WILLH.jar:?]
	at co.paralleluniverse.fibers.Fiber.run1(Fiber.java:1092) ~[quasar-core-0.7.10-jdk8.jar:0.7.10]
	at co.paralleluniverse.fibers.Fiber.exec(Fiber.java:788) ~[quasar-core-0.7.10-jdk8.jar:0.7.10]
	at co.paralleluniverse.fibers.RunnableFiberTask.doExec(RunnableFiberTask.java:100) ~[quasar-core-0.7.10-jdk8.jar:0.7.10]
	at co.paralleluniverse.fibers.RunnableFiberTask.run(RunnableFiberTask.java:91) ~[quasar-core-0.7.10-jdk8.jar:0.7.10]
	at java.util.concurrent.Executors$RunnableAdapter.call(Executors.java:511) ~[?:1.8.0_201]
	at java.util.concurrent.FutureTask.run(FutureTask.java:266) ~[?:1.8.0_201]
	at java.util.concurrent.ScheduledThreadPoolExecutor$ScheduledFutureTask.access$201(ScheduledThreadPoolExecutor.java:180) ~[?:1.8.0_201]
	at java.util.concurrent.ScheduledThreadPoolExecutor$ScheduledFutureTask.run(ScheduledThreadPoolExecutor.java:293) ~[?:1.8.0_201]
	at java.util.concurrent.ThreadPoolExecutor.runWorker(ThreadPoolExecutor.java:1149) ~[?:1.8.0_201]
	at java.util.concurrent.ThreadPoolExecutor$Worker.run(ThreadPoolExecutor.java:624) ~[?:1.8.0_201]
	at net.corda.node.utilities.AffinityExecutor$ServiceAffinityExecutor$1$thread$1.run(AffinityExecutor.kt:63) ~[corda-node-5.0-SNAPSHOT-WILLH.jar:?]
?[31m[WARN] 11:05:46,133 [Mock node 1 thread] interceptors.DumpHistoryOnErrorInterceptor.executeTransition - Flow [684d513c-8f6f-4946-8d37-10ee00ec3ddf] errored, dumping all transitions:

 --- Transition of flow [684d513c-8f6f-4946-8d37-10ee00ec3ddf] ---
  Timestamp: 2019-06-19T10:05:08.479Z
  Event: DoRemainingWork
  Actions: 
    CreateTransaction
    PersistCheckpoint(id=[684d513c-8f6f-4946-8d37-10ee00ec3ddf], checkpoint=Checkpoint(invocationContext=InvocationContext(origin=RPC(actor=Actor(id=Id(value=Only For Testing), serviceId=AuthServiceId(value=TEST), owningLegalIdentity=O=Alice Corp, L=Madrid, C=ES)), trace=Trace(invocationId=cab16cd2-2837-4939-a8b3-4b51fe06b46b, timestamp: 2019-06-19T10:05:08.476Z, entityType: Invocation, sessionId=cab16cd2-2837-4939-a8b3-4b51fe06b46b, timestamp: 2019-06-19T10:05:08.476Z, entityType: Session), actor=Actor(id=Id(value=Only For Testing), serviceId=AuthServiceId(value=TEST), owningLegalIdentity=O=Alice Corp, L=Madrid, C=ES), externalTrace=null, impersonatedActor=null), ourIdentity=O=Alice Corp, L=Madrid, C=ES, sessions={}, subFlowStack=[Initiating(flowClass=class net.corda.confidential.identities.SyncKeyMappingInitiator, classToInitiateWith=class net.corda.confidential.identities.SyncKeyMappingInitiator, flowInfo=FlowInfo(flowVersion=1, appName=<unknown>), subFlowVersion=CoreFlow(platformVersion=5), isEnabledTimedFlow=false)], flowState=Unstarted(flowStart=Explicit, frozenFlowLogic=97C558DA11EABDEB5CE4AF5C8B6234DF7A8E2905FFB58458311E998776DAB040), errorState=Clean, numberOfSuspends=0), isCheckpointUpdate=false)
    PersistDeduplicationFacts(deduplicationHandlers=[net.corda.node.internal.FlowStarterImpl$startFlow$startFlowEvent$1@57d7717c])
    CommitTransaction
    AcknowledgeMessages(deduplicationHandlers=[net.corda.node.internal.FlowStarterImpl$startFlow$startFlowEvent$1@57d7717c])
    SignalFlowHasStarted(flowId=[684d513c-8f6f-4946-8d37-10ee00ec3ddf])
    CreateTransaction
  Continuation: Resume(result=null)
  Diff between previous and next state:
isFlowResumed: 
    false
    true
isAnyCheckpointPersisted: 
    false
    true
pendingDeduplicationHandlers: 
    [net.corda.node.internal.FlowStarterImpl$startFlow$startFlowEvent$1@57d7717c]
    []


 --- Transition of flow [684d513c-8f6f-4946-8d37-10ee00ec3ddf] ---
  Timestamp: 2019-06-19T10:05:13.057Z
  Event: InitiateFlow(wellKnownParty=O=Bob Plc, L=Rome, C=IT, requestedParty=null)
  Actions: 
    AddSessionBinding(flowId=[684d513c-8f6f-4946-8d37-10ee00ec3ddf], sessionId=SessionId(toLong=-4873336252316108106))
  Continuation: Resume(result=class net.corda.node.services.statemachine.FlowSessionImpl)
  Diff between previous and next state:
checkpoint.sessions.SessionId(toLong=-4873336252316108106): 
    null
    Uninitiated(party=O=Bob Plc, L=Rome, C=IT, initiatingSubFlow=Initiating(flowClass=class net.corda.confidential.identities.SyncKeyMappingInitiator, classToInitiateWith=class net.corda.confidential.identities.SyncKeyMappingInitiator, flowInfo=FlowInfo(flowVersion=1, appName=<unknown>), subFlowVersion=CoreFlow(platformVersion=5), isEnabledTimedFlow=false), sourceSessionId=SessionId(toLong=-4873336252316108106), additionalEntropy=4866209298269395493)


 --- Transition of flow [684d513c-8f6f-4946-8d37-10ee00ec3ddf] ---
  Timestamp: 2019-06-19T10:05:13.104Z
  Event: EnterSubFlow(subFlowClass=class net.corda.confidential.identities.SyncKeyMappingFlow, subFlowVersion=CoreFlow(platformVersion=5), isEnabledTimedFlow=false)
  Actions: 
    
  Continuation: ProcessEvents
  Diff between previous and next state:
checkpoint.subFlowStack: 
    [Initiating(flowClass=class net.corda.confidential.identities.SyncKeyMappingInitiator, classToInitiateWith=class net.corda.confidential.identities.SyncKeyMappingInitiator, flowInfo=FlowInfo(flowVersion=1, appName=<unknown>), subFlowVersion=CoreFlow(platformVersion=5), isEnabledTimedFlow=false)]
    [Initiating(flowClass=class net.corda.confidential.identities.SyncKeyMappingInitiator, classToInitiateWith=class net.corda.confidential.identities.SyncKeyMappingInitiator, flowInfo=FlowInfo(flowVersion=1, appName=<unknown>), subFlowVersion=CoreFlow(platformVersion=5), isEnabledTimedFlow=false), Inlined(flowClass=class net.corda.confidential.identities.SyncKeyMappingFlow, subFlowVersion=CoreFlow(platformVersion=5), isEnabledTimedFlow=false)]


 --- Transition of flow [684d513c-8f6f-4946-8d37-10ee00ec3ddf] ---
  Timestamp: 2019-06-19T10:05:21.767Z
  Event: Suspend(ioRequest=SendAndReceive({FlowSessionImpl(counterparty=O=Bob Plc, L=Rome, C=IT, sourceSessionId=SessionId(toLong=-4873336252316108106))=FlowSessionImpl(counterparty=O=Bob Plc, L=Rome, C=IT, sourceSessionId=SessionId(toLong=-4873336252316108106))=06DE86D1B3191A590289DE6C91A688714E71C6D62439CFAED168D2324D6085B9}, shouldRetrySend=false), maySkipCheckpoint=false, fiber=359C932AE17849D31F219C5D88BC29DF218ED8B661335B4E84CE358B263523C2, )
  Actions: 
    PersistCheckpoint(id=[684d513c-8f6f-4946-8d37-10ee00ec3ddf], checkpoint=Checkpoint(invocationContext=InvocationContext(origin=RPC(actor=Actor(id=Id(value=Only For Testing), serviceId=AuthServiceId(value=TEST), owningLegalIdentity=O=Alice Corp, L=Madrid, C=ES)), trace=Trace(invocationId=cab16cd2-2837-4939-a8b3-4b51fe06b46b, timestamp: 2019-06-19T10:05:08.476Z, entityType: Invocation, sessionId=cab16cd2-2837-4939-a8b3-4b51fe06b46b, timestamp: 2019-06-19T10:05:08.476Z, entityType: Session), actor=Actor(id=Id(value=Only For Testing), serviceId=AuthServiceId(value=TEST), owningLegalIdentity=O=Alice Corp, L=Madrid, C=ES), externalTrace=null, impersonatedActor=null), ourIdentity=O=Alice Corp, L=Madrid, C=ES, sessions={SessionId(toLong=-4873336252316108106)=Uninitiated(party=O=Bob Plc, L=Rome, C=IT, initiatingSubFlow=Initiating(flowClass=class net.corda.confidential.identities.SyncKeyMappingInitiator, classToInitiateWith=class net.corda.confidential.identities.SyncKeyMappingInitiator, flowInfo=FlowInfo(flowVersion=1, appName=<unknown>), subFlowVersion=CoreFlow(platformVersion=5), isEnabledTimedFlow=false), sourceSessionId=SessionId(toLong=-4873336252316108106), additionalEntropy=4866209298269395493)}, subFlowStack=[Initiating(flowClass=class net.corda.confidential.identities.SyncKeyMappingInitiator, classToInitiateWith=class net.corda.confidential.identities.SyncKeyMappingInitiator, flowInfo=FlowInfo(flowVersion=1, appName=<unknown>), subFlowVersion=CoreFlow(platformVersion=5), isEnabledTimedFlow=false), Inlined(flowClass=class net.corda.confidential.identities.SyncKeyMappingFlow, subFlowVersion=CoreFlow(platformVersion=5), isEnabledTimedFlow=false)], flowState=Started(flowIORequest=SendAndReceive({FlowSessionImpl(counterparty=O=Bob Plc, L=Rome, C=IT, sourceSessionId=SessionId(toLong=-4873336252316108106))=FlowSessionImpl(counterparty=O=Bob Plc, L=Rome, C=IT, sourceSessionId=SessionId(toLong=-4873336252316108106))=06DE86D1B3191A590289DE6C91A688714E71C6D62439CFAED168D2324D6085B9}, shouldRetrySend=false), frozenFiber=359C932AE17849D31F219C5D88BC29DF218ED8B661335B4E84CE358B263523C2), errorState=Clean, numberOfSuspends=1), isCheckpointUpdate=true)
    PersistDeduplicationFacts(deduplicationHandlers=[])
    CommitTransaction
    AcknowledgeMessages(deduplicationHandlers=[])
    ScheduleEvent(event=DoRemainingWork)
  Continuation: ProcessEvents
  Diff between previous and next state:
isFlowResumed: 
    true
    false
checkpoint.flowState: 
    Unstarted(flowStart=Explicit, frozenFlowLogic=97C558DA11EABDEB5CE4AF5C8B6234DF7A8E2905FFB58458311E998776DAB040)
    Started(flowIORequest=SendAndReceive({FlowSessionImpl(counterparty=O=Bob Plc, L=Rome, C=IT, sourceSessionId=SessionId(toLong=-4873336252316108106))=FlowSessionImpl(counterparty=O=Bob Plc, L=Rome, C=IT, sourceSessionId=SessionId(toLong=-4873336252316108106))=06DE86D1B3191A590289DE6C91A688714E71C6D62439CFAED168D2324D6085B9}, shouldRetrySend=false), frozenFiber=359C932AE17849D31F219C5D88BC29DF218ED8B661335B4E84CE358B263523C2)
checkpoint.numberOfSuspends: 
    0
    1


 --- Transition of flow [684d513c-8f6f-4946-8d37-10ee00ec3ddf] ---
  Timestamp: 2019-06-19T10:05:21.770Z
  Event: DoRemainingWork
  Actions: 
    SendInitial(party=O=Bob Plc, L=Rome, C=IT, initialise=InitialSessionMessage(initiatorSessionId=SessionId(toLong=-4873336252316108106), initiationEntropy=4866209298269395493, initiatorFlowClassName=net.corda.confidential.identities.SyncKeyMappingInitiator, appName=<unknown>, firstPayload=class net.corda.core.serialization.SerializedBytes), deduplicationId=SenderDeduplicationId(deduplicationId=DeduplicationId(toString=N-R--4873336252316108106-4866209298269395493-1-0), senderUUID=8152e7c8-6540-4430-ba67-f1cbc5e382d7))
  Continuation: ProcessEvents
  Diff between previous and next state:
checkpoint.flowState.flowIORequest: 
    SendAndReceive({FlowSessionImpl(counterparty=O=Bob Plc, L=Rome, C=IT, sourceSessionId=SessionId(toLong=-4873336252316108106))=FlowSessionImpl(counterparty=O=Bob Plc, L=Rome, C=IT, sourceSessionId=SessionId(toLong=-4873336252316108106))=06DE86D1B3191A590289DE6C91A688714E71C6D62439CFAED168D2324D6085B9}, shouldRetrySend=false)
    Receive(sessions=[FlowSessionImpl(counterparty=O=Bob Plc, L=Rome, C=IT, sourceSessionId=SessionId(toLong=-4873336252316108106))])
checkpoint.sessions.SessionId(toLong=-4873336252316108106): 
    Uninitiated(party=O=Bob Plc, L=Rome, C=IT, initiatingSubFlow=Initiating(flowClass=class net.corda.confidential.identities.SyncKeyMappingInitiator, classToInitiateWith=class net.corda.confidential.identities.SyncKeyMappingInitiator, flowInfo=FlowInfo(flowVersion=1, appName=<unknown>), subFlowVersion=CoreFlow(platformVersion=5), isEnabledTimedFlow=false), sourceSessionId=SessionId(toLong=-4873336252316108106), additionalEntropy=4866209298269395493)
    Initiating(bufferedMessages=[], rejectionError=null, deduplicationSeed=R--4873336252316108106-4866209298269395493)


 --- Transition of flow [684d513c-8f6f-4946-8d37-10ee00ec3ddf] ---
  Timestamp: 2019-06-19T10:05:21.783Z
  Event: DeliverSessionMessage(sessionMessage=ExistingSessionMessage(recipientSessionId=SessionId(toLong=-4873336252316108106), payload=ConfirmSessionMessage(initiatedSessionId=SessionId(toLong=-4545441079345385607), initiatedFlowInfo=FlowInfo(flowVersion=1, appName=<unknown>))), deduplicationHandler=net.corda.testing.node.internal.MockNodeMessagingService$InMemoryDeduplicationHandler@7c621421, sender=O=Bob Plc, L=Rome, C=IT)
  Actions: 
    ScheduleEvent(event=DoRemainingWork)
  Continuation: ProcessEvents
  Diff between previous and next state:
checkpoint.sessions.SessionId(toLong=-4873336252316108106): 
    Initiating(bufferedMessages=[], rejectionError=null, deduplicationSeed=R--4873336252316108106-4866209298269395493)
    Initiated(peerParty=O=Bob Plc, L=Rome, C=IT, peerFlowInfo=FlowInfo(flowVersion=1, appName=<unknown>), receivedMessages=[], initiatedState=Live(peerSinkSessionId=SessionId(toLong=-4545441079345385607)), errors=[], deduplicationSeed=R--4873336252316108106-4866209298269395493)
pendingDeduplicationHandlers: 
    []
    [net.corda.testing.node.internal.MockNodeMessagingService$InMemoryDeduplicationHandler@7c621421]


 --- Transition of flow [684d513c-8f6f-4946-8d37-10ee00ec3ddf] ---
  Timestamp: 2019-06-19T10:05:21.783Z
  Event: DoRemainingWork
  Actions: 
    
  Continuation: ProcessEvents
  Diff between previous and next state:
null

 --- Transition of flow [684d513c-8f6f-4946-8d37-10ee00ec3ddf] ---
  Timestamp: 2019-06-19T10:05:45.696Z
  Event: DeliverSessionMessage(sessionMessage=ExistingSessionMessage(recipientSessionId=SessionId(toLong=-4873336252316108106), payload=DataSessionMessage(payload=class net.corda.core.serialization.SerializedBytes)), deduplicationHandler=net.corda.testing.node.internal.MockNodeMessagingService$InMemoryDeduplicationHandler@6999c53, sender=O=Bob Plc, L=Rome, C=IT)
  Actions: 
    ScheduleEvent(event=DoRemainingWork)
  Continuation: ProcessEvents
  Diff between previous and next state:
checkpoint.sessions.SessionId(toLong=-4873336252316108106).receivedMessages: 
    []
    [DataSessionMessage(payload=class net.corda.core.serialization.SerializedBytes)]
pendingDeduplicationHandlers: 
    [net.corda.testing.node.internal.MockNodeMessagingService$InMemoryDeduplicationHandler@7c621421]
    [net.corda.testing.node.internal.MockNodeMessagingService$InMemoryDeduplicationHandler@7c621421, net.corda.testing.node.internal.MockNodeMessagingService$InMemoryDeduplicationHandler@6999c53]


 --- Transition of flow [684d513c-8f6f-4946-8d37-10ee00ec3ddf] ---
  Timestamp: 2019-06-19T10:05:45.696Z
  Event: DoRemainingWork
  Actions: 
    CreateTransaction
  Continuation: Resume(result=class java.util.LinkedHashMap)
  Diff between previous and next state:
isFlowResumed: 
    false
    true
checkpoint.sessions.SessionId(toLong=-4873336252316108106).receivedMessages: 
    [DataSessionMessage(payload=class net.corda.core.serialization.SerializedBytes)]
    []


 --- Transition of flow [684d513c-8f6f-4946-8d37-10ee00ec3ddf] ---
  Timestamp: 2019-06-19T10:05:45.702Z
  Event: Suspend(ioRequest=Send(sessionToMessage={FlowSessionImpl(counterparty=O=Bob Plc, L=Rome, C=IT, sourceSessionId=SessionId(toLong=-4873336252316108106))=A0A4F00FF9B0293F9853347C24C68F28A447F979F670260DBD0A7E6E4C2EA9ED}), maySkipCheckpoint=false, fiber=16ACCB4BD7A87EF541775DA3E36E4950290A49F66B638C8223BFF96C81EB1859, )
  Actions: 
    PersistCheckpoint(id=[684d513c-8f6f-4946-8d37-10ee00ec3ddf], checkpoint=Checkpoint(invocationContext=InvocationContext(origin=RPC(actor=Actor(id=Id(value=Only For Testing), serviceId=AuthServiceId(value=TEST), owningLegalIdentity=O=Alice Corp, L=Madrid, C=ES)), trace=Trace(invocationId=cab16cd2-2837-4939-a8b3-4b51fe06b46b, timestamp: 2019-06-19T10:05:08.476Z, entityType: Invocation, sessionId=cab16cd2-2837-4939-a8b3-4b51fe06b46b, timestamp: 2019-06-19T10:05:08.476Z, entityType: Session), actor=Actor(id=Id(value=Only For Testing), serviceId=AuthServiceId(value=TEST), owningLegalIdentity=O=Alice Corp, L=Madrid, C=ES), externalTrace=null, impersonatedActor=null), ourIdentity=O=Alice Corp, L=Madrid, C=ES, sessions={SessionId(toLong=-4873336252316108106)=Initiated(peerParty=O=Bob Plc, L=Rome, C=IT, peerFlowInfo=FlowInfo(flowVersion=1, appName=<unknown>), receivedMessages=[], initiatedState=Live(peerSinkSessionId=SessionId(toLong=-4545441079345385607)), errors=[], deduplicationSeed=R--4873336252316108106-4866209298269395493)}, subFlowStack=[Initiating(flowClass=class net.corda.confidential.identities.SyncKeyMappingInitiator, classToInitiateWith=class net.corda.confidential.identities.SyncKeyMappingInitiator, flowInfo=FlowInfo(flowVersion=1, appName=<unknown>), subFlowVersion=CoreFlow(platformVersion=5), isEnabledTimedFlow=false), Inlined(flowClass=class net.corda.confidential.identities.SyncKeyMappingFlow, subFlowVersion=CoreFlow(platformVersion=5), isEnabledTimedFlow=false)], flowState=Started(flowIORequest=Send(sessionToMessage={FlowSessionImpl(counterparty=O=Bob Plc, L=Rome, C=IT, sourceSessionId=SessionId(toLong=-4873336252316108106))=A0A4F00FF9B0293F9853347C24C68F28A447F979F670260DBD0A7E6E4C2EA9ED}), frozenFiber=16ACCB4BD7A87EF541775DA3E36E4950290A49F66B638C8223BFF96C81EB1859), errorState=Clean, numberOfSuspends=2), isCheckpointUpdate=true)
    PersistDeduplicationFacts(deduplicationHandlers=[net.corda.testing.node.internal.MockNodeMessagingService$InMemoryDeduplicationHandler@7c621421, net.corda.testing.node.internal.MockNodeMessagingService$InMemoryDeduplicationHandler@6999c53])
    CommitTransaction
    AcknowledgeMessages(deduplicationHandlers=[net.corda.testing.node.internal.MockNodeMessagingService$InMemoryDeduplicationHandler@7c621421, net.corda.testing.node.internal.MockNodeMessagingService$InMemoryDeduplicationHandler@6999c53])
    ScheduleEvent(event=DoRemainingWork)
  Continuation: ProcessEvents
  Diff between previous and next state:
isFlowResumed: 
    true
    false
checkpoint.flowState.flowIORequest: 
    Receive(sessions=[FlowSessionImpl(counterparty=O=Bob Plc, L=Rome, C=IT, sourceSessionId=SessionId(toLong=-4873336252316108106))])
    Send(sessionToMessage={FlowSessionImpl(counterparty=O=Bob Plc, L=Rome, C=IT, sourceSessionId=SessionId(toLong=-4873336252316108106))=A0A4F00FF9B0293F9853347C24C68F28A447F979F670260DBD0A7E6E4C2EA9ED})
checkpoint.flowState.frozenFiber.hash: 
    359C932AE17849D31F219C5D88BC29DF218ED8B661335B4E84CE358B263523C2
    16ACCB4BD7A87EF541775DA3E36E4950290A49F66B638C8223BFF96C81EB1859
checkpoint.numberOfSuspends: 
    1
    2
pendingDeduplicationHandlers: 
    [net.corda.testing.node.internal.MockNodeMessagingService$InMemoryDeduplicationHandler@7c621421, net.corda.testing.node.internal.MockNodeMessagingService$InMemoryDeduplicationHandler@6999c53]
    []


 --- Transition of flow [684d513c-8f6f-4946-8d37-10ee00ec3ddf] ---
  Timestamp: 2019-06-19T10:05:45.702Z
  Event: DoRemainingWork
  Actions: 
    SendExisting(peerParty=O=Bob Plc, L=Rome, C=IT, message=ExistingSessionMessage(recipientSessionId=SessionId(toLong=-4545441079345385607), payload=DataSessionMessage(payload=class net.corda.core.serialization.SerializedBytes)), deduplicationId=SenderDeduplicationId(deduplicationId=DeduplicationId(toString=N-R--4873336252316108106-4866209298269395493-2-0), senderUUID=8152e7c8-6540-4430-ba67-f1cbc5e382d7))
    CreateTransaction
  Continuation: Resume(result=class kotlin.Unit)
  Diff between previous and next state:
isFlowResumed: 
    false
    true


 --- Transition of flow [684d513c-8f6f-4946-8d37-10ee00ec3ddf] ---
  Timestamp: 2019-06-19T10:05:45.702Z
  Event: LeaveSubFlow
  Actions: 
    
  Continuation: ProcessEvents
  Diff between previous and next state:
checkpoint.subFlowStack: 
    [Initiating(flowClass=class net.corda.confidential.identities.SyncKeyMappingInitiator, classToInitiateWith=class net.corda.confidential.identities.SyncKeyMappingInitiator, flowInfo=FlowInfo(flowVersion=1, appName=<unknown>), subFlowVersion=CoreFlow(platformVersion=5), isEnabledTimedFlow=false), Inlined(flowClass=class net.corda.confidential.identities.SyncKeyMappingFlow, subFlowVersion=CoreFlow(platformVersion=5), isEnabledTimedFlow=false)]
    [Initiating(flowClass=class net.corda.confidential.identities.SyncKeyMappingInitiator, classToInitiateWith=class net.corda.confidential.identities.SyncKeyMappingInitiator, flowInfo=FlowInfo(flowVersion=1, appName=<unknown>), subFlowVersion=CoreFlow(platformVersion=5), isEnabledTimedFlow=false)]


 --- Transition of flow [684d513c-8f6f-4946-8d37-10ee00ec3ddf] ---
  Timestamp: 2019-06-19T10:05:45.706Z
  Event: Suspend(ioRequest=Receive(sessions=[FlowSessionImpl(counterparty=O=Bob Plc, L=Rome, C=IT, sourceSessionId=SessionId(toLong=-4873336252316108106))]), maySkipCheckpoint=false, fiber=430E59582FD6BD6B405529082E9E1EC814893597A169FA2997C3D94AC2BD3260, )
  Actions: 
    PersistCheckpoint(id=[684d513c-8f6f-4946-8d37-10ee00ec3ddf], checkpoint=Checkpoint(invocationContext=InvocationContext(origin=RPC(actor=Actor(id=Id(value=Only For Testing), serviceId=AuthServiceId(value=TEST), owningLegalIdentity=O=Alice Corp, L=Madrid, C=ES)), trace=Trace(invocationId=cab16cd2-2837-4939-a8b3-4b51fe06b46b, timestamp: 2019-06-19T10:05:08.476Z, entityType: Invocation, sessionId=cab16cd2-2837-4939-a8b3-4b51fe06b46b, timestamp: 2019-06-19T10:05:08.476Z, entityType: Session), actor=Actor(id=Id(value=Only For Testing), serviceId=AuthServiceId(value=TEST), owningLegalIdentity=O=Alice Corp, L=Madrid, C=ES), externalTrace=null, impersonatedActor=null), ourIdentity=O=Alice Corp, L=Madrid, C=ES, sessions={SessionId(toLong=-4873336252316108106)=Initiated(peerParty=O=Bob Plc, L=Rome, C=IT, peerFlowInfo=FlowInfo(flowVersion=1, appName=<unknown>), receivedMessages=[], initiatedState=Live(peerSinkSessionId=SessionId(toLong=-4545441079345385607)), errors=[], deduplicationSeed=R--4873336252316108106-4866209298269395493)}, subFlowStack=[Initiating(flowClass=class net.corda.confidential.identities.SyncKeyMappingInitiator, classToInitiateWith=class net.corda.confidential.identities.SyncKeyMappingInitiator, flowInfo=FlowInfo(flowVersion=1, appName=<unknown>), subFlowVersion=CoreFlow(platformVersion=5), isEnabledTimedFlow=false)], flowState=Started(flowIORequest=Receive(sessions=[FlowSessionImpl(counterparty=O=Bob Plc, L=Rome, C=IT, sourceSessionId=SessionId(toLong=-4873336252316108106))]), frozenFiber=430E59582FD6BD6B405529082E9E1EC814893597A169FA2997C3D94AC2BD3260), errorState=Clean, numberOfSuspends=3), isCheckpointUpdate=true)
    PersistDeduplicationFacts(deduplicationHandlers=[])
    CommitTransaction
    AcknowledgeMessages(deduplicationHandlers=[])
    ScheduleEvent(event=DoRemainingWork)
  Continuation: ProcessEvents
  Diff between previous and next state:
isFlowResumed: 
    true
    false
checkpoint.flowState.flowIORequest: 
    Send(sessionToMessage={FlowSessionImpl(counterparty=O=Bob Plc, L=Rome, C=IT, sourceSessionId=SessionId(toLong=-4873336252316108106))=A0A4F00FF9B0293F9853347C24C68F28A447F979F670260DBD0A7E6E4C2EA9ED})
    Receive(sessions=[FlowSessionImpl(counterparty=O=Bob Plc, L=Rome, C=IT, sourceSessionId=SessionId(toLong=-4873336252316108106))])
checkpoint.flowState.frozenFiber.hash: 
    16ACCB4BD7A87EF541775DA3E36E4950290A49F66B638C8223BFF96C81EB1859
    430E59582FD6BD6B405529082E9E1EC814893597A169FA2997C3D94AC2BD3260
checkpoint.numberOfSuspends: 
    2
    3


 --- Transition of flow [684d513c-8f6f-4946-8d37-10ee00ec3ddf] ---
  Timestamp: 2019-06-19T10:05:45.707Z
  Event: DoRemainingWork
  Actions: 
    
  Continuation: ProcessEvents
  Diff between previous and next state:
null

 --- Transition of flow [684d513c-8f6f-4946-8d37-10ee00ec3ddf] ---
  Timestamp: 2019-06-19T10:05:45.817Z
  Event: DeliverSessionMessage(sessionMessage=ExistingSessionMessage(recipientSessionId=SessionId(toLong=-4873336252316108106), payload=ErrorSessionMessage(flowException=null, errorId=4826110934388457881)), deduplicationHandler=net.corda.testing.node.internal.MockNodeMessagingService$InMemoryDeduplicationHandler@2683d08b, sender=O=Bob Plc, L=Rome, C=IT)
  Actions: 
    ScheduleEvent(event=DoRemainingWork)
  Continuation: ProcessEvents
  Diff between previous and next state:
checkpoint.sessions.SessionId(toLong=-4873336252316108106).errors: 
    []
    [FlowError(errorId=4826110934388457881, exception=net.corda.core.flows.UnexpectedFlowEndException: Counter-flow errored)]
pendingDeduplicationHandlers: 
    []
    [net.corda.testing.node.internal.MockNodeMessagingService$InMemoryDeduplicationHandler@2683d08b]


 --- Transition of flow [684d513c-8f6f-4946-8d37-10ee00ec3ddf] ---
  Timestamp: 2019-06-19T10:05:45.817Z
  Event: DoRemainingWork
  Actions: 
    CreateTransaction
  Continuation: Throw(throwable=net.corda.core.flows.UnexpectedFlowEndException: Counter-flow errored)
  Diff between previous and next state:
isFlowResumed: 
    false
    true


 --- Transition of flow [684d513c-8f6f-4946-8d37-10ee00ec3ddf] ---
  Timestamp: 2019-06-19T10:05:45.819Z
  Event: Error(exception=net.corda.core.flows.UnexpectedFlowEndException: Counter-flow errored)
  Actions: 
    RollbackTransaction
    ScheduleEvent(event=DoRemainingWork)
  Continuation: ProcessEvents
  Diff between previous and next state:
isFlowResumed: 
    true
    false
checkpoint.errorState: 
    Clean
    Errored(errors=[FlowError(errorId=4826110934388457881, exception=net.corda.core.flows.UnexpectedFlowEndException: Counter-flow errored)], propagatedIndex=0, propagating=false)


 --- Transition of flow [684d513c-8f6f-4946-8d37-10ee00ec3ddf] ---
  Timestamp: 2019-06-19T10:05:45.819Z
  Event: DoRemainingWork
  Actions: 
    
  Continuation: ProcessEvents
  Diff between previous and next state:
null

 --- Transition of flow [684d513c-8f6f-4946-8d37-10ee00ec3ddf] ---
  Timestamp: 2019-06-19T10:05:45.819Z
  Event: StartErrorPropagation
  Actions: 
    ScheduleEvent(event=DoRemainingWork)
  Continuation: ProcessEvents
  Diff between previous and next state:
checkpoint.errorState.propagating: 
    false
    true
 {actor_id=Only For Testing, actor_owning_identity=O=Alice Corp, L=Madrid, C=ES, actor_store_id=TEST, fiber-id=10000008, flow-id=684d513c-8f6f-4946-8d37-10ee00ec3ddf, invocation_id=cab16cd2-2837-4939-a8b3-4b51fe06b46b, invocation_timestamp=2019-06-19T10:05:08.476Z, origin=Only For Testing, session_id=cab16cd2-2837-4939-a8b3-4b51fe06b46b, session_timestamp=2019-06-19T10:05:08.476Z, thread-id=355}
?[m?[31m[WARN] 11:05:46,134 [Mock node 1 thread] interceptors.DumpHistoryOnErrorInterceptor.executeTransition - Flow [684d513c-8f6f-4946-8d37-10ee00ec3ddf] error [errorCode=112u0jo, moreInformationAt=https://errors.corda.net/OS/5.0-SNAPSHOT-WILLH/112u0jo] {actor_id=Only For Testing, actor_owning_identity=O=Alice Corp, L=Madrid, C=ES, actor_store_id=TEST, fiber-id=10000008, flow-id=684d513c-8f6f-4946-8d37-10ee00ec3ddf, invocation_id=cab16cd2-2837-4939-a8b3-4b51fe06b46b, invocation_timestamp=2019-06-19T10:05:08.476Z, origin=Only For Testing, session_id=cab16cd2-2837-4939-a8b3-4b51fe06b46b, session_timestamp=2019-06-19T10:05:08.476Z, thread-id=355}
?[m net.corda.core.flows.UnexpectedFlowEndException: Counter-flow errored
	at Received unexpected counter-flow exception from peer O=Bob Plc, L=Rome, C=IT.() ~[?:?]
	at net.corda.node.services.statemachine.FlowStateMachineImpl.fillInLocalStackTrace(FlowStateMachineImpl.kt:175) ~[corda-node-5.0-SNAPSHOT-WILLH.jar:?]
	at net.corda.node.services.statemachine.FlowStateMachineImpl.processEventsUntilFlowIsResumed(FlowStateMachineImpl.kt:163) ~[corda-node-5.0-SNAPSHOT-WILLH.jar:?]
	at net.corda.node.services.statemachine.FlowStateMachineImpl.suspend(FlowStateMachineImpl.kt:447) ~[corda-node-5.0-SNAPSHOT-WILLH.jar:?]
	at net.corda.node.services.statemachine.FlowSessionImpl.receive(FlowSessionImpl.kt:69) ~[corda-node-5.0-SNAPSHOT-WILLH.jar:?]
	at net.corda.node.services.statemachine.FlowSessionImpl.receive(FlowSessionImpl.kt:73) ~[corda-node-5.0-SNAPSHOT-WILLH.jar:?]
	at net.corda.confidential.identities.SyncKeyMappingInitiator.call(SyncKeyMappingFlowTests.kt:149) ~[test/:?]
	at net.corda.confidential.identities.SyncKeyMappingInitiator.call(SyncKeyMappingFlowTests.kt:117) ~[test/:?]
	at net.corda.node.services.statemachine.FlowStateMachineImpl.run(FlowStateMachineImpl.kt:270) ~[corda-node-5.0-SNAPSHOT-WILLH.jar:?]
	at net.corda.node.services.statemachine.FlowStateMachineImpl.run(FlowStateMachineImpl.kt:46) ~[corda-node-5.0-SNAPSHOT-WILLH.jar:?]
	at co.paralleluniverse.fibers.Fiber.run1(Fiber.java:1092) ~[quasar-core-0.7.10-jdk8.jar:0.7.10]
	at co.paralleluniverse.fibers.Fiber.exec(Fiber.java:788) ~[quasar-core-0.7.10-jdk8.jar:0.7.10]
	at co.paralleluniverse.fibers.RunnableFiberTask.doExec(RunnableFiberTask.java:100) ~[quasar-core-0.7.10-jdk8.jar:0.7.10]
	at co.paralleluniverse.fibers.RunnableFiberTask.run(RunnableFiberTask.java:91) ~[quasar-core-0.7.10-jdk8.jar:0.7.10]
	at java.util.concurrent.Executors$RunnableAdapter.call(Executors.java:511) ~[?:1.8.0_201]
	at java.util.concurrent.FutureTask.run(FutureTask.java:266) ~[?:1.8.0_201]
	at java.util.concurrent.ScheduledThreadPoolExecutor$ScheduledFutureTask.access$201(ScheduledThreadPoolExecutor.java:180) ~[?:1.8.0_201]
	at java.util.concurrent.ScheduledThreadPoolExecutor$ScheduledFutureTask.run(ScheduledThreadPoolExecutor.java:293) ~[?:1.8.0_201]
	at java.util.concurrent.ThreadPoolExecutor.runWorker(ThreadPoolExecutor.java:1149) ~[?:1.8.0_201]
	at java.util.concurrent.ThreadPoolExecutor$Worker.run(ThreadPoolExecutor.java:624) ~[?:1.8.0_201]
	at net.corda.node.utilities.AffinityExecutor$ServiceAffinityExecutor$1$thread$1.run(AffinityExecutor.kt:63) ~[corda-node-5.0-SNAPSHOT-WILLH.jar:?]
?[31m[WARN] 11:05:46,134 [Mock node 1 thread] statemachine.ActionExecutorImpl.executePropagateErrors - Propagating error {actor_id=Only For Testing, actor_owning_identity=O=Alice Corp, L=Madrid, C=ES, actor_store_id=TEST, fiber-id=10000008, flow-id=684d513c-8f6f-4946-8d37-10ee00ec3ddf, invocation_id=cab16cd2-2837-4939-a8b3-4b51fe06b46b, invocation_timestamp=2019-06-19T10:05:08.476Z, origin=Only For Testing, session_id=cab16cd2-2837-4939-a8b3-4b51fe06b46b, session_timestamp=2019-06-19T10:05:08.476Z, thread-id=355}
?[m?[31m[WARN] 11:05:46,137 [Mock node 2 thread] interceptors.DumpHistoryOnErrorInterceptor.executeTransition - Flow [13718ee8-e59e-4836-b456-e8611e163e6a] errored, dumping all transitions:

 --- Transition of flow [13718ee8-e59e-4836-b456-e8611e163e6a] ---
  Timestamp: 2019-06-19T10:05:21.781Z
  Event: DoRemainingWork
  Actions: 
    CreateTransaction
    PersistCheckpoint(id=[13718ee8-e59e-4836-b456-e8611e163e6a], checkpoint=Checkpoint(invocationContext=InvocationContext(origin=Peer(party=O=Alice Corp, L=Madrid, C=ES), trace=Trace(invocationId=4d7e7d69-675d-456c-8dd2-689d26da6c5c, timestamp: 2019-06-19T10:05:21.774Z, entityType: Invocation, sessionId=4d7e7d69-675d-456c-8dd2-689d26da6c5c, timestamp: 2019-06-19T10:05:21.774Z, entityType: Session), actor=null, externalTrace=null, impersonatedActor=null), ourIdentity=O=Bob Plc, L=Rome, C=IT, sessions={}, subFlowStack=[Inlined(flowClass=class net.corda.confidential.identities.SyncKeyMappingResponse, subFlowVersion=CoreFlow(platformVersion=5), isEnabledTimedFlow=false)], flowState=Unstarted(flowStart=Initiated, frozenFlowLogic=E7DA57565D73F2C55153FD3654B692C94A2BE7FC5C09D3900C8CF3D799994B63), errorState=Clean, numberOfSuspends=0), isCheckpointUpdate=false)
    PersistDeduplicationFacts(deduplicationHandlers=[net.corda.testing.node.internal.MockNodeMessagingService$InMemoryDeduplicationHandler@48005388])
    CommitTransaction
    AcknowledgeMessages(deduplicationHandlers=[net.corda.testing.node.internal.MockNodeMessagingService$InMemoryDeduplicationHandler@48005388])
    SignalFlowHasStarted(flowId=[13718ee8-e59e-4836-b456-e8611e163e6a])
    SendExisting(peerParty=O=Alice Corp, L=Madrid, C=ES, message=ExistingSessionMessage(recipientSessionId=SessionId(toLong=-4873336252316108106), payload=ConfirmSessionMessage(initiatedSessionId=SessionId(toLong=-4545441079345385607), initiatedFlowInfo=FlowInfo(flowVersion=1, appName=<unknown>))), deduplicationId=SenderDeduplicationId(deduplicationId=DeduplicationId(toString=N-D--4873336252316108106-4866209298269395493-0-0), senderUUID=83b95632-9e41-4602-9840-44a6f4610c38))
    CreateTransaction
  Continuation: Resume(result=null)
  Diff between previous and next state:
isFlowResumed: 
    false
    true
checkpoint.sessions.SessionId(toLong=-4545441079345385607): 
    null
    Initiated(peerParty=O=Alice Corp, L=Madrid, C=ES, peerFlowInfo=FlowInfo(flowVersion=1, appName=<unknown>), receivedMessages=[DataSessionMessage(payload=class net.corda.core.serialization.SerializedBytes)], initiatedState=Live(peerSinkSessionId=SessionId(toLong=-4873336252316108106)), errors=[], deduplicationSeed=D--4873336252316108106-4866209298269395493)
isAnyCheckpointPersisted: 
    false
    true
pendingDeduplicationHandlers: 
    [net.corda.testing.node.internal.MockNodeMessagingService$InMemoryDeduplicationHandler@48005388]
    []


 --- Transition of flow [13718ee8-e59e-4836-b456-e8611e163e6a] ---
  Timestamp: 2019-06-19T10:05:21.841Z
  Event: EnterSubFlow(subFlowClass=class net.corda.confidential.identities.SyncKeyMappingFlowHandler, subFlowVersion=CoreFlow(platformVersion=5), isEnabledTimedFlow=false)
  Actions: 
    
  Continuation: ProcessEvents
  Diff between previous and next state:
checkpoint.subFlowStack: 
    [Inlined(flowClass=class net.corda.confidential.identities.SyncKeyMappingResponse, subFlowVersion=CoreFlow(platformVersion=5), isEnabledTimedFlow=false)]
    [Inlined(flowClass=class net.corda.confidential.identities.SyncKeyMappingResponse, subFlowVersion=CoreFlow(platformVersion=5), isEnabledTimedFlow=false), Inlined(flowClass=class net.corda.confidential.identities.SyncKeyMappingFlowHandler, subFlowVersion=CoreFlow(platformVersion=5), isEnabledTimedFlow=false)]


 --- Transition of flow [13718ee8-e59e-4836-b456-e8611e163e6a] ---
  Timestamp: 2019-06-19T10:05:38.183Z
  Event: Suspend(ioRequest=Receive(sessions=[FlowSessionImpl(counterparty=O=Alice Corp, L=Madrid, C=ES, sourceSessionId=SessionId(toLong=-4545441079345385607))]), maySkipCheckpoint=false, fiber=AF848811BC209703B83F02F7D073467CC487EC4BD58FD487E089A14F91E18BE9, )
  Actions: 
    PersistCheckpoint(id=[13718ee8-e59e-4836-b456-e8611e163e6a], checkpoint=Checkpoint(invocationContext=InvocationContext(origin=Peer(party=O=Alice Corp, L=Madrid, C=ES), trace=Trace(invocationId=4d7e7d69-675d-456c-8dd2-689d26da6c5c, timestamp: 2019-06-19T10:05:21.774Z, entityType: Invocation, sessionId=4d7e7d69-675d-456c-8dd2-689d26da6c5c, timestamp: 2019-06-19T10:05:21.774Z, entityType: Session), actor=null, externalTrace=null, impersonatedActor=null), ourIdentity=O=Bob Plc, L=Rome, C=IT, sessions={SessionId(toLong=-4545441079345385607)=Initiated(peerParty=O=Alice Corp, L=Madrid, C=ES, peerFlowInfo=FlowInfo(flowVersion=1, appName=<unknown>), receivedMessages=[DataSessionMessage(payload=class net.corda.core.serialization.SerializedBytes)], initiatedState=Live(peerSinkSessionId=SessionId(toLong=-4873336252316108106)), errors=[], deduplicationSeed=D--4873336252316108106-4866209298269395493)}, subFlowStack=[Inlined(flowClass=class net.corda.confidential.identities.SyncKeyMappingResponse, subFlowVersion=CoreFlow(platformVersion=5), isEnabledTimedFlow=false), Inlined(flowClass=class net.corda.confidential.identities.SyncKeyMappingFlowHandler, subFlowVersion=CoreFlow(platformVersion=5), isEnabledTimedFlow=false)], flowState=Started(flowIORequest=Receive(sessions=[FlowSessionImpl(counterparty=O=Alice Corp, L=Madrid, C=ES, sourceSessionId=SessionId(toLong=-4545441079345385607))]), frozenFiber=AF848811BC209703B83F02F7D073467CC487EC4BD58FD487E089A14F91E18BE9), errorState=Clean, numberOfSuspends=1), isCheckpointUpdate=true)
    PersistDeduplicationFacts(deduplicationHandlers=[])
    CommitTransaction
    AcknowledgeMessages(deduplicationHandlers=[])
    ScheduleEvent(event=DoRemainingWork)
  Continuation: ProcessEvents
  Diff between previous and next state:
isFlowResumed: 
    true
    false
checkpoint.flowState: 
    Unstarted(flowStart=Initiated, frozenFlowLogic=E7DA57565D73F2C55153FD3654B692C94A2BE7FC5C09D3900C8CF3D799994B63)
    Started(flowIORequest=Receive(sessions=[FlowSessionImpl(counterparty=O=Alice Corp, L=Madrid, C=ES, sourceSessionId=SessionId(toLong=-4545441079345385607))]), frozenFiber=AF848811BC209703B83F02F7D073467CC487EC4BD58FD487E089A14F91E18BE9)
checkpoint.numberOfSuspends: 
    0
    1


 --- Transition of flow [13718ee8-e59e-4836-b456-e8611e163e6a] ---
  Timestamp: 2019-06-19T10:05:38.184Z
  Event: DoRemainingWork
  Actions: 
    CreateTransaction
  Continuation: Resume(result=class java.util.LinkedHashMap)
  Diff between previous and next state:
isFlowResumed: 
    false
    true
checkpoint.sessions.SessionId(toLong=-4545441079345385607).receivedMessages: 
    [DataSessionMessage(payload=class net.corda.core.serialization.SerializedBytes)]
    []


 --- Transition of flow [13718ee8-e59e-4836-b456-e8611e163e6a] ---
  Timestamp: 2019-06-19T10:05:45.695Z
  Event: Suspend(ioRequest=Send(sessionToMessage={FlowSessionImpl(counterparty=O=Alice Corp, L=Madrid, C=ES, sourceSessionId=SessionId(toLong=-4545441079345385607))=06DE86D1B3191A590289DE6C91A688714E71C6D62439CFAED168D2324D6085B9}), maySkipCheckpoint=false, fiber=AD7085EB3E4016C8B3AAC72E320D642320DFBDF77082479BDFD633ADDFC67482, )
  Actions: 
    PersistCheckpoint(id=[13718ee8-e59e-4836-b456-e8611e163e6a], checkpoint=Checkpoint(invocationContext=InvocationContext(origin=Peer(party=O=Alice Corp, L=Madrid, C=ES), trace=Trace(invocationId=4d7e7d69-675d-456c-8dd2-689d26da6c5c, timestamp: 2019-06-19T10:05:21.774Z, entityType: Invocation, sessionId=4d7e7d69-675d-456c-8dd2-689d26da6c5c, timestamp: 2019-06-19T10:05:21.774Z, entityType: Session), actor=null, externalTrace=null, impersonatedActor=null), ourIdentity=O=Bob Plc, L=Rome, C=IT, sessions={SessionId(toLong=-4545441079345385607)=Initiated(peerParty=O=Alice Corp, L=Madrid, C=ES, peerFlowInfo=FlowInfo(flowVersion=1, appName=<unknown>), receivedMessages=[], initiatedState=Live(peerSinkSessionId=SessionId(toLong=-4873336252316108106)), errors=[], deduplicationSeed=D--4873336252316108106-4866209298269395493)}, subFlowStack=[Inlined(flowClass=class net.corda.confidential.identities.SyncKeyMappingResponse, subFlowVersion=CoreFlow(platformVersion=5), isEnabledTimedFlow=false), Inlined(flowClass=class net.corda.confidential.identities.SyncKeyMappingFlowHandler, subFlowVersion=CoreFlow(platformVersion=5), isEnabledTimedFlow=false)], flowState=Started(flowIORequest=Send(sessionToMessage={FlowSessionImpl(counterparty=O=Alice Corp, L=Madrid, C=ES, sourceSessionId=SessionId(toLong=-4545441079345385607))=06DE86D1B3191A590289DE6C91A688714E71C6D62439CFAED168D2324D6085B9}), frozenFiber=AD7085EB3E4016C8B3AAC72E320D642320DFBDF77082479BDFD633ADDFC67482), errorState=Clean, numberOfSuspends=2), isCheckpointUpdate=true)
    PersistDeduplicationFacts(deduplicationHandlers=[])
    CommitTransaction
    AcknowledgeMessages(deduplicationHandlers=[])
    ScheduleEvent(event=DoRemainingWork)
  Continuation: ProcessEvents
  Diff between previous and next state:
isFlowResumed: 
    true
    false
checkpoint.flowState.flowIORequest: 
    Receive(sessions=[FlowSessionImpl(counterparty=O=Alice Corp, L=Madrid, C=ES, sourceSessionId=SessionId(toLong=-4545441079345385607))])
    Send(sessionToMessage={FlowSessionImpl(counterparty=O=Alice Corp, L=Madrid, C=ES, sourceSessionId=SessionId(toLong=-4545441079345385607))=06DE86D1B3191A590289DE6C91A688714E71C6D62439CFAED168D2324D6085B9})
checkpoint.flowState.frozenFiber.hash: 
    AF848811BC209703B83F02F7D073467CC487EC4BD58FD487E089A14F91E18BE9
    AD7085EB3E4016C8B3AAC72E320D642320DFBDF77082479BDFD633ADDFC67482
checkpoint.numberOfSuspends: 
    1
    2


 --- Transition of flow [13718ee8-e59e-4836-b456-e8611e163e6a] ---
  Timestamp: 2019-06-19T10:05:45.695Z
  Event: DoRemainingWork
  Actions: 
    SendExisting(peerParty=O=Alice Corp, L=Madrid, C=ES, message=ExistingSessionMessage(recipientSessionId=SessionId(toLong=-4873336252316108106), payload=DataSessionMessage(payload=class net.corda.core.serialization.SerializedBytes)), deduplicationId=SenderDeduplicationId(deduplicationId=DeduplicationId(toString=N-D--4873336252316108106-4866209298269395493-2-0), senderUUID=83b95632-9e41-4602-9840-44a6f4610c38))
    CreateTransaction
  Continuation: Resume(result=class kotlin.Unit)
  Diff between previous and next state:
isFlowResumed: 
    false
    true


 --- Transition of flow [13718ee8-e59e-4836-b456-e8611e163e6a] ---
  Timestamp: 2019-06-19T10:05:45.700Z
  Event: Suspend(ioRequest=Receive(sessions=[FlowSessionImpl(counterparty=O=Alice Corp, L=Madrid, C=ES, sourceSessionId=SessionId(toLong=-4545441079345385607))]), maySkipCheckpoint=false, fiber=4B99BAE48C7C3F1CD79B84CC8BA1AC58931CB0588B7FC59578CD152AC4ACB664, )
  Actions: 
    PersistCheckpoint(id=[13718ee8-e59e-4836-b456-e8611e163e6a], checkpoint=Checkpoint(invocationContext=InvocationContext(origin=Peer(party=O=Alice Corp, L=Madrid, C=ES), trace=Trace(invocationId=4d7e7d69-675d-456c-8dd2-689d26da6c5c, timestamp: 2019-06-19T10:05:21.774Z, entityType: Invocation, sessionId=4d7e7d69-675d-456c-8dd2-689d26da6c5c, timestamp: 2019-06-19T10:05:21.774Z, entityType: Session), actor=null, externalTrace=null, impersonatedActor=null), ourIdentity=O=Bob Plc, L=Rome, C=IT, sessions={SessionId(toLong=-4545441079345385607)=Initiated(peerParty=O=Alice Corp, L=Madrid, C=ES, peerFlowInfo=FlowInfo(flowVersion=1, appName=<unknown>), receivedMessages=[], initiatedState=Live(peerSinkSessionId=SessionId(toLong=-4873336252316108106)), errors=[], deduplicationSeed=D--4873336252316108106-4866209298269395493)}, subFlowStack=[Inlined(flowClass=class net.corda.confidential.identities.SyncKeyMappingResponse, subFlowVersion=CoreFlow(platformVersion=5), isEnabledTimedFlow=false), Inlined(flowClass=class net.corda.confidential.identities.SyncKeyMappingFlowHandler, subFlowVersion=CoreFlow(platformVersion=5), isEnabledTimedFlow=false)], flowState=Started(flowIORequest=Receive(sessions=[FlowSessionImpl(counterparty=O=Alice Corp, L=Madrid, C=ES, sourceSessionId=SessionId(toLong=-4545441079345385607))]), frozenFiber=4B99BAE48C7C3F1CD79B84CC8BA1AC58931CB0588B7FC59578CD152AC4ACB664), errorState=Clean, numberOfSuspends=3), isCheckpointUpdate=true)
    PersistDeduplicationFacts(deduplicationHandlers=[])
    CommitTransaction
    AcknowledgeMessages(deduplicationHandlers=[])
    ScheduleEvent(event=DoRemainingWork)
  Continuation: ProcessEvents
  Diff between previous and next state:
isFlowResumed: 
    true
    false
checkpoint.flowState.flowIORequest: 
    Send(sessionToMessage={FlowSessionImpl(counterparty=O=Alice Corp, L=Madrid, C=ES, sourceSessionId=SessionId(toLong=-4545441079345385607))=06DE86D1B3191A590289DE6C91A688714E71C6D62439CFAED168D2324D6085B9})
    Receive(sessions=[FlowSessionImpl(counterparty=O=Alice Corp, L=Madrid, C=ES, sourceSessionId=SessionId(toLong=-4545441079345385607))])
checkpoint.flowState.frozenFiber.hash: 
    AD7085EB3E4016C8B3AAC72E320D642320DFBDF77082479BDFD633ADDFC67482
    4B99BAE48C7C3F1CD79B84CC8BA1AC58931CB0588B7FC59578CD152AC4ACB664
checkpoint.numberOfSuspends: 
    2
    3


 --- Transition of flow [13718ee8-e59e-4836-b456-e8611e163e6a] ---
  Timestamp: 2019-06-19T10:05:45.700Z
  Event: DoRemainingWork
  Actions: 
    
  Continuation: ProcessEvents
  Diff between previous and next state:
null

 --- Transition of flow [13718ee8-e59e-4836-b456-e8611e163e6a] ---
  Timestamp: 2019-06-19T10:05:45.703Z
  Event: DeliverSessionMessage(sessionMessage=ExistingSessionMessage(recipientSessionId=SessionId(toLong=-4545441079345385607), payload=DataSessionMessage(payload=class net.corda.core.serialization.SerializedBytes)), deduplicationHandler=net.corda.testing.node.internal.MockNodeMessagingService$InMemoryDeduplicationHandler@5bd8363, sender=O=Alice Corp, L=Madrid, C=ES)
  Actions: 
    ScheduleEvent(event=DoRemainingWork)
  Continuation: ProcessEvents
  Diff between previous and next state:
checkpoint.sessions.SessionId(toLong=-4545441079345385607).receivedMessages: 
    []
    [DataSessionMessage(payload=class net.corda.core.serialization.SerializedBytes)]
pendingDeduplicationHandlers: 
    []
    [net.corda.testing.node.internal.MockNodeMessagingService$InMemoryDeduplicationHandler@5bd8363]


 --- Transition of flow [13718ee8-e59e-4836-b456-e8611e163e6a] ---
  Timestamp: 2019-06-19T10:05:45.703Z
  Event: DoRemainingWork
  Actions: 
    CreateTransaction
  Continuation: Resume(result=class java.util.LinkedHashMap)
  Diff between previous and next state:
isFlowResumed: 
    false
    true
checkpoint.sessions.SessionId(toLong=-4545441079345385607).receivedMessages: 
    [DataSessionMessage(payload=class net.corda.core.serialization.SerializedBytes)]
    []


 --- Transition of flow [13718ee8-e59e-4836-b456-e8611e163e6a] ---
  Timestamp: 2019-06-19T10:05:45.704Z
  Event: EnterSubFlow(subFlowClass=class net.corda.confidential.identities.RequestKeyFlowWrapper, subFlowVersion=CoreFlow(platformVersion=5), isEnabledTimedFlow=false)
  Actions: 
    
  Continuation: ProcessEvents
  Diff between previous and next state:
checkpoint.subFlowStack: 
    [Inlined(flowClass=class net.corda.confidential.identities.SyncKeyMappingResponse, subFlowVersion=CoreFlow(platformVersion=5), isEnabledTimedFlow=false), Inlined(flowClass=class net.corda.confidential.identities.SyncKeyMappingFlowHandler, subFlowVersion=CoreFlow(platformVersion=5), isEnabledTimedFlow=false)]
    [Inlined(flowClass=class net.corda.confidential.identities.SyncKeyMappingResponse, subFlowVersion=CoreFlow(platformVersion=5), isEnabledTimedFlow=false), Inlined(flowClass=class net.corda.confidential.identities.SyncKeyMappingFlowHandler, subFlowVersion=CoreFlow(platformVersion=5), isEnabledTimedFlow=false), Initiating(flowClass=class net.corda.confidential.identities.RequestKeyFlowWrapper, classToInitiateWith=class net.corda.confidential.identities.RequestKeyFlowWrapper, flowInfo=FlowInfo(flowVersion=1, appName=<unknown>), subFlowVersion=CoreFlow(platformVersion=5), isEnabledTimedFlow=false)]


 --- Transition of flow [13718ee8-e59e-4836-b456-e8611e163e6a] ---
  Timestamp: 2019-06-19T10:05:45.705Z
  Event: InitiateFlow(wellKnownParty=O=Charlie Ltd, L=Athens, C=GR, requestedParty=null)
  Actions: 
    AddSessionBinding(flowId=[13718ee8-e59e-4836-b456-e8611e163e6a], sessionId=SessionId(toLong=8413297254922800325))
  Continuation: Resume(result=class net.corda.node.services.statemachine.FlowSessionImpl)
  Diff between previous and next state:
checkpoint.sessions.SessionId(toLong=8413297254922800325): 
    null
    Uninitiated(party=O=Charlie Ltd, L=Athens, C=GR, initiatingSubFlow=Initiating(flowClass=class net.corda.confidential.identities.RequestKeyFlowWrapper, classToInitiateWith=class net.corda.confidential.identities.RequestKeyFlowWrapper, flowInfo=FlowInfo(flowVersion=1, appName=<unknown>), subFlowVersion=CoreFlow(platformVersion=5), isEnabledTimedFlow=false), sourceSessionId=SessionId(toLong=8413297254922800325), additionalEntropy=-6675878778841246879)


 --- Transition of flow [13718ee8-e59e-4836-b456-e8611e163e6a] ---
  Timestamp: 2019-06-19T10:05:45.705Z
  Event: EnterSubFlow(subFlowClass=class net.corda.confidential.identities.RequestKeyFlow, subFlowVersion=CoreFlow(platformVersion=5), isEnabledTimedFlow=false)
  Actions: 
    
  Continuation: ProcessEvents
  Diff between previous and next state:
checkpoint.subFlowStack: 
    [Inlined(flowClass=class net.corda.confidential.identities.SyncKeyMappingResponse, subFlowVersion=CoreFlow(platformVersion=5), isEnabledTimedFlow=false), Inlined(flowClass=class net.corda.confidential.identities.SyncKeyMappingFlowHandler, subFlowVersion=CoreFlow(platformVersion=5), isEnabledTimedFlow=false), Initiating(flowClass=class net.corda.confidential.identities.RequestKeyFlowWrapper, classToInitiateWith=class net.corda.confidential.identities.RequestKeyFlowWrapper, flowInfo=FlowInfo(flowVersion=1, appName=<unknown>), subFlowVersion=CoreFlow(platformVersion=5), isEnabledTimedFlow=false)]
    [Inlined(flowClass=class net.corda.confidential.identities.SyncKeyMappingResponse, subFlowVersion=CoreFlow(platformVersion=5), isEnabledTimedFlow=false), Inlined(flowClass=class net.corda.confidential.identities.SyncKeyMappingFlowHandler, subFlowVersion=CoreFlow(platformVersion=5), isEnabledTimedFlow=false), Initiating(flowClass=class net.corda.confidential.identities.RequestKeyFlowWrapper, classToInitiateWith=class net.corda.confidential.identities.RequestKeyFlowWrapper, flowInfo=FlowInfo(flowVersion=1, appName=<unknown>), subFlowVersion=CoreFlow(platformVersion=5), isEnabledTimedFlow=false), Inlined(flowClass=class net.corda.confidential.identities.RequestKeyFlow, subFlowVersion=CoreFlow(platformVersion=5), isEnabledTimedFlow=false)]


 --- Transition of flow [13718ee8-e59e-4836-b456-e8611e163e6a] ---
  Timestamp: 2019-06-19T10:05:45.711Z
  Event: Suspend(ioRequest=SendAndReceive({FlowSessionImpl(counterparty=O=Charlie Ltd, L=Athens, C=GR, sourceSessionId=SessionId(toLong=8413297254922800325))=FlowSessionImpl(counterparty=O=Charlie Ltd, L=Athens, C=GR, sourceSessionId=SessionId(toLong=8413297254922800325))=558BC32BD55D0AAE23F8A8521BBA4C39B615D43CD24D2619AA823E73CF7F72CB}, shouldRetrySend=false), maySkipCheckpoint=false, fiber=7E5E48263A14F415E6CD030C862CBD2BF36EFAA253EBCED74CBF665DE38EECD1, )
  Actions: 
    PersistCheckpoint(id=[13718ee8-e59e-4836-b456-e8611e163e6a], checkpoint=Checkpoint(invocationContext=InvocationContext(origin=Peer(party=O=Alice Corp, L=Madrid, C=ES), trace=Trace(invocationId=4d7e7d69-675d-456c-8dd2-689d26da6c5c, timestamp: 2019-06-19T10:05:21.774Z, entityType: Invocation, sessionId=4d7e7d69-675d-456c-8dd2-689d26da6c5c, timestamp: 2019-06-19T10:05:21.774Z, entityType: Session), actor=null, externalTrace=null, impersonatedActor=null), ourIdentity=O=Bob Plc, L=Rome, C=IT, sessions={SessionId(toLong=-4545441079345385607)=Initiated(peerParty=O=Alice Corp, L=Madrid, C=ES, peerFlowInfo=FlowInfo(flowVersion=1, appName=<unknown>), receivedMessages=[], initiatedState=Live(peerSinkSessionId=SessionId(toLong=-4873336252316108106)), errors=[], deduplicationSeed=D--4873336252316108106-4866209298269395493), SessionId(toLong=8413297254922800325)=Uninitiated(party=O=Charlie Ltd, L=Athens, C=GR, initiatingSubFlow=Initiating(flowClass=class net.corda.confidential.identities.RequestKeyFlowWrapper, classToInitiateWith=class net.corda.confidential.identities.RequestKeyFlowWrapper, flowInfo=FlowInfo(flowVersion=1, appName=<unknown>), subFlowVersion=CoreFlow(platformVersion=5), isEnabledTimedFlow=false), sourceSessionId=SessionId(toLong=8413297254922800325), additionalEntropy=-6675878778841246879)}, subFlowStack=[Inlined(flowClass=class net.corda.confidential.identities.SyncKeyMappingResponse, subFlowVersion=CoreFlow(platformVersion=5), isEnabledTimedFlow=false), Inlined(flowClass=class net.corda.confidential.identities.SyncKeyMappingFlowHandler, subFlowVersion=CoreFlow(platformVersion=5), isEnabledTimedFlow=false), Initiating(flowClass=class net.corda.confidential.identities.RequestKeyFlowWrapper, classToInitiateWith=class net.corda.confidential.identities.RequestKeyFlowWrapper, flowInfo=FlowInfo(flowVersion=1, appName=<unknown>), subFlowVersion=CoreFlow(platformVersion=5), isEnabledTimedFlow=false), Inlined(flowClass=class net.corda.confidential.identities.RequestKeyFlow, subFlowVersion=CoreFlow(platformVersion=5), isEnabledTimedFlow=false)], flowState=Started(flowIORequest=SendAndReceive({FlowSessionImpl(counterparty=O=Charlie Ltd, L=Athens, C=GR, sourceSessionId=SessionId(toLong=8413297254922800325))=FlowSessionImpl(counterparty=O=Charlie Ltd, L=Athens, C=GR, sourceSessionId=SessionId(toLong=8413297254922800325))=558BC32BD55D0AAE23F8A8521BBA4C39B615D43CD24D2619AA823E73CF7F72CB}, shouldRetrySend=false), frozenFiber=7E5E48263A14F415E6CD030C862CBD2BF36EFAA253EBCED74CBF665DE38EECD1), errorState=Clean, numberOfSuspends=4), isCheckpointUpdate=true)
    PersistDeduplicationFacts(deduplicationHandlers=[net.corda.testing.node.internal.MockNodeMessagingService$InMemoryDeduplicationHandler@5bd8363])
    CommitTransaction
    AcknowledgeMessages(deduplicationHandlers=[net.corda.testing.node.internal.MockNodeMessagingService$InMemoryDeduplicationHandler@5bd8363])
    ScheduleEvent(event=DoRemainingWork)
  Continuation: ProcessEvents
  Diff between previous and next state:
isFlowResumed: 
    true
    false
checkpoint.flowState.flowIORequest: 
    Receive(sessions=[FlowSessionImpl(counterparty=O=Alice Corp, L=Madrid, C=ES, sourceSessionId=SessionId(toLong=-4545441079345385607))])
    SendAndReceive({FlowSessionImpl(counterparty=O=Charlie Ltd, L=Athens, C=GR, sourceSessionId=SessionId(toLong=8413297254922800325))=FlowSessionImpl(counterparty=O=Charlie Ltd, L=Athens, C=GR, sourceSessionId=SessionId(toLong=8413297254922800325))=558BC32BD55D0AAE23F8A8521BBA4C39B615D43CD24D2619AA823E73CF7F72CB}, shouldRetrySend=false)
checkpoint.flowState.frozenFiber.hash: 
    4B99BAE48C7C3F1CD79B84CC8BA1AC58931CB0588B7FC59578CD152AC4ACB664
    7E5E48263A14F415E6CD030C862CBD2BF36EFAA253EBCED74CBF665DE38EECD1
checkpoint.numberOfSuspends: 
    3
    4
pendingDeduplicationHandlers: 
    [net.corda.testing.node.internal.MockNodeMessagingService$InMemoryDeduplicationHandler@5bd8363]
    []


 --- Transition of flow [13718ee8-e59e-4836-b456-e8611e163e6a] ---
  Timestamp: 2019-06-19T10:05:45.714Z
  Event: DoRemainingWork
  Actions: 
    SendInitial(party=O=Charlie Ltd, L=Athens, C=GR, initialise=InitialSessionMessage(initiatorSessionId=SessionId(toLong=8413297254922800325), initiationEntropy=-6675878778841246879, initiatorFlowClassName=net.corda.confidential.identities.RequestKeyFlowWrapper, appName=<unknown>, firstPayload=class net.corda.core.serialization.SerializedBytes), deduplicationId=SenderDeduplicationId(deduplicationId=DeduplicationId(toString=N-R-8413297254922800325--6675878778841246879-4-0), senderUUID=83b95632-9e41-4602-9840-44a6f4610c38))
  Continuation: ProcessEvents
  Diff between previous and next state:
checkpoint.flowState.flowIORequest: 
    SendAndReceive({FlowSessionImpl(counterparty=O=Charlie Ltd, L=Athens, C=GR, sourceSessionId=SessionId(toLong=8413297254922800325))=FlowSessionImpl(counterparty=O=Charlie Ltd, L=Athens, C=GR, sourceSessionId=SessionId(toLong=8413297254922800325))=558BC32BD55D0AAE23F8A8521BBA4C39B615D43CD24D2619AA823E73CF7F72CB}, shouldRetrySend=false)
    Receive(sessions=[FlowSessionImpl(counterparty=O=Charlie Ltd, L=Athens, C=GR, sourceSessionId=SessionId(toLong=8413297254922800325))])
checkpoint.sessions.SessionId(toLong=8413297254922800325): 
    Uninitiated(party=O=Charlie Ltd, L=Athens, C=GR, initiatingSubFlow=Initiating(flowClass=class net.corda.confidential.identities.RequestKeyFlowWrapper, classToInitiateWith=class net.corda.confidential.identities.RequestKeyFlowWrapper, flowInfo=FlowInfo(flowVersion=1, appName=<unknown>), subFlowVersion=CoreFlow(platformVersion=5), isEnabledTimedFlow=false), sourceSessionId=SessionId(toLong=8413297254922800325), additionalEntropy=-6675878778841246879)
    Initiating(bufferedMessages=[], rejectionError=null, deduplicationSeed=R-8413297254922800325--6675878778841246879)


 --- Transition of flow [13718ee8-e59e-4836-b456-e8611e163e6a] ---
  Timestamp: 2019-06-19T10:05:45.729Z
  Event: DeliverSessionMessage(sessionMessage=ExistingSessionMessage(recipientSessionId=SessionId(toLong=8413297254922800325), payload=RejectSessionMessage(message=net.corda.confidential.identities.RequestKeyFlowWrapper is not registered, errorId=4826110934388457881)), deduplicationHandler=net.corda.testing.node.internal.MockNodeMessagingService$InMemoryDeduplicationHandler@3f914f3a, sender=O=Charlie Ltd, L=Athens, C=GR)
  Actions: 
    ScheduleEvent(event=DoRemainingWork)
  Continuation: ProcessEvents
  Diff between previous and next state:
checkpoint.sessions.SessionId(toLong=8413297254922800325).rejectionError: 
    null
    FlowError(errorId=4826110934388457881, exception=net.corda.core.flows.UnexpectedFlowEndException: net.corda.confidential.identities.RequestKeyFlowWrapper is not registered)
pendingDeduplicationHandlers: 
    []
    [net.corda.testing.node.internal.MockNodeMessagingService$InMemoryDeduplicationHandler@3f914f3a]


 --- Transition of flow [13718ee8-e59e-4836-b456-e8611e163e6a] ---
  Timestamp: 2019-06-19T10:05:45.730Z
  Event: DoRemainingWork
  Actions: 
    CreateTransaction
  Continuation: Throw(throwable=net.corda.core.flows.UnexpectedFlowEndException: net.corda.confidential.identities.RequestKeyFlowWrapper is not registered)
  Diff between previous and next state:
isFlowResumed: 
    false
    true


 --- Transition of flow [13718ee8-e59e-4836-b456-e8611e163e6a] ---
  Timestamp: 2019-06-19T10:05:45.730Z
  Event: LeaveSubFlow
  Actions: 
    
  Continuation: ProcessEvents
  Diff between previous and next state:
checkpoint.subFlowStack: 
    [Inlined(flowClass=class net.corda.confidential.identities.SyncKeyMappingResponse, subFlowVersion=CoreFlow(platformVersion=5), isEnabledTimedFlow=false), Inlined(flowClass=class net.corda.confidential.identities.SyncKeyMappingFlowHandler, subFlowVersion=CoreFlow(platformVersion=5), isEnabledTimedFlow=false), Initiating(flowClass=class net.corda.confidential.identities.RequestKeyFlowWrapper, classToInitiateWith=class net.corda.confidential.identities.RequestKeyFlowWrapper, flowInfo=FlowInfo(flowVersion=1, appName=<unknown>), subFlowVersion=CoreFlow(platformVersion=5), isEnabledTimedFlow=false), Inlined(flowClass=class net.corda.confidential.identities.RequestKeyFlow, subFlowVersion=CoreFlow(platformVersion=5), isEnabledTimedFlow=false)]
    [Inlined(flowClass=class net.corda.confidential.identities.SyncKeyMappingResponse, subFlowVersion=CoreFlow(platformVersion=5), isEnabledTimedFlow=false), Inlined(flowClass=class net.corda.confidential.identities.SyncKeyMappingFlowHandler, subFlowVersion=CoreFlow(platformVersion=5), isEnabledTimedFlow=false), Initiating(flowClass=class net.corda.confidential.identities.RequestKeyFlowWrapper, classToInitiateWith=class net.corda.confidential.identities.RequestKeyFlowWrapper, flowInfo=FlowInfo(flowVersion=1, appName=<unknown>), subFlowVersion=CoreFlow(platformVersion=5), isEnabledTimedFlow=false)]


 --- Transition of flow [13718ee8-e59e-4836-b456-e8611e163e6a] ---
  Timestamp: 2019-06-19T10:05:45.730Z
  Event: LeaveSubFlow
  Actions: 
    
  Continuation: ProcessEvents
  Diff between previous and next state:
checkpoint.subFlowStack: 
    [Inlined(flowClass=class net.corda.confidential.identities.SyncKeyMappingResponse, subFlowVersion=CoreFlow(platformVersion=5), isEnabledTimedFlow=false), Inlined(flowClass=class net.corda.confidential.identities.SyncKeyMappingFlowHandler, subFlowVersion=CoreFlow(platformVersion=5), isEnabledTimedFlow=false), Initiating(flowClass=class net.corda.confidential.identities.RequestKeyFlowWrapper, classToInitiateWith=class net.corda.confidential.identities.RequestKeyFlowWrapper, flowInfo=FlowInfo(flowVersion=1, appName=<unknown>), subFlowVersion=CoreFlow(platformVersion=5), isEnabledTimedFlow=false)]
    [Inlined(flowClass=class net.corda.confidential.identities.SyncKeyMappingResponse, subFlowVersion=CoreFlow(platformVersion=5), isEnabledTimedFlow=false), Inlined(flowClass=class net.corda.confidential.identities.SyncKeyMappingFlowHandler, subFlowVersion=CoreFlow(platformVersion=5), isEnabledTimedFlow=false)]


 --- Transition of flow [13718ee8-e59e-4836-b456-e8611e163e6a] ---
  Timestamp: 2019-06-19T10:05:45.730Z
  Event: LeaveSubFlow
  Actions: 
    
  Continuation: ProcessEvents
  Diff between previous and next state:
checkpoint.subFlowStack: 
    [Inlined(flowClass=class net.corda.confidential.identities.SyncKeyMappingResponse, subFlowVersion=CoreFlow(platformVersion=5), isEnabledTimedFlow=false), Inlined(flowClass=class net.corda.confidential.identities.SyncKeyMappingFlowHandler, subFlowVersion=CoreFlow(platformVersion=5), isEnabledTimedFlow=false)]
    [Inlined(flowClass=class net.corda.confidential.identities.SyncKeyMappingResponse, subFlowVersion=CoreFlow(platformVersion=5), isEnabledTimedFlow=false)]


 --- Transition of flow [13718ee8-e59e-4836-b456-e8611e163e6a] ---
  Timestamp: 2019-06-19T10:05:45.740Z
  Event: Error(exception=net.corda.core.flows.UnexpectedFlowEndException: net.corda.confidential.identities.RequestKeyFlowWrapper is not registered)
  Actions: 
    RollbackTransaction
    ScheduleEvent(event=DoRemainingWork)
  Continuation: ProcessEvents
  Diff between previous and next state:
isFlowResumed: 
    true
    false
checkpoint.errorState: 
    Clean
    Errored(errors=[FlowError(errorId=4826110934388457881, exception=net.corda.core.flows.UnexpectedFlowEndException: net.corda.confidential.identities.RequestKeyFlowWrapper is not registered)], propagatedIndex=0, propagating=false)


 --- Transition of flow [13718ee8-e59e-4836-b456-e8611e163e6a] ---
  Timestamp: 2019-06-19T10:05:45.744Z
  Event: DoRemainingWork
  Actions: 
    
  Continuation: ProcessEvents
  Diff between previous and next state:
null

 --- Transition of flow [13718ee8-e59e-4836-b456-e8611e163e6a] ---
  Timestamp: 2019-06-19T10:05:45.746Z
  Event: StartErrorPropagation
  Actions: 
    ScheduleEvent(event=DoRemainingWork)
  Continuation: ProcessEvents
  Diff between previous and next state:
checkpoint.errorState.propagating: 
    false
    true


 --- Transition of flow [13718ee8-e59e-4836-b456-e8611e163e6a] ---
  Timestamp: 2019-06-19T10:05:45.823Z
  Event: DoRemainingWork
  Actions: 
    PropagateErrors(errorMessages=[ErrorSessionMessage(flowException=null, errorId=4826110934388457881)], sessions=[Initiated(peerParty=O=Alice Corp, L=Madrid, C=ES, peerFlowInfo=FlowInfo(flowVersion=1, appName=<unknown>), receivedMessages=[], initiatedState=Live(peerSinkSessionId=SessionId(toLong=-4873336252316108106)), errors=[], deduplicationSeed=D--4873336252316108106-4866209298269395493)], senderUUID=83b95632-9e41-4602-9840-44a6f4610c38)
    CreateTransaction
    RemoveCheckpoint(id=[13718ee8-e59e-4836-b456-e8611e163e6a])
    PersistDeduplicationFacts(deduplicationHandlers=[net.corda.testing.node.internal.MockNodeMessagingService$InMemoryDeduplicationHandler@3f914f3a])
    ReleaseSoftLocks(uuid=13718ee8-e59e-4836-b456-e8611e163e6a)
    CommitTransaction
    AcknowledgeMessages(deduplicationHandlers=[net.corda.testing.node.internal.MockNodeMessagingService$InMemoryDeduplicationHandler@3f914f3a])
    RemoveSessionBindings(sessionIds=[SessionId(toLong=-4545441079345385607), SessionId(toLong=8413297254922800325)])
    RemoveFlow(flowId=[13718ee8-e59e-4836-b456-e8611e163e6a], removalReason=ErrorFinish(flowErrors=[FlowError(errorId=4826110934388457881, exception=net.corda.core.flows.UnexpectedFlowEndException: net.corda.confidential.identities.RequestKeyFlowWrapper is not registered)]), lastState=StateMachineState(checkpoint=Checkpoint(invocationContext=InvocationContext(origin=Peer(party=O=Alice Corp, L=Madrid, C=ES), trace=Trace(invocationId=4d7e7d69-675d-456c-8dd2-689d26da6c5c, timestamp: 2019-06-19T10:05:21.774Z, entityType: Invocation, sessionId=4d7e7d69-675d-456c-8dd2-689d26da6c5c, timestamp: 2019-06-19T10:05:21.774Z, entityType: Session), actor=null, externalTrace=null, impersonatedActor=null), ourIdentity=O=Bob Plc, L=Rome, C=IT, sessions={SessionId(toLong=-4545441079345385607)=Initiated(peerParty=O=Alice Corp, L=Madrid, C=ES, peerFlowInfo=FlowInfo(flowVersion=1, appName=<unknown>), receivedMessages=[], initiatedState=Live(peerSinkSessionId=SessionId(toLong=-4873336252316108106)), errors=[], deduplicationSeed=D--4873336252316108106-4866209298269395493), SessionId(toLong=8413297254922800325)=Initiating(bufferedMessages=[], rejectionError=FlowError(errorId=4826110934388457881, exception=net.corda.core.flows.UnexpectedFlowEndException: net.corda.confidential.identities.RequestKeyFlowWrapper is not registered), deduplicationSeed=R-8413297254922800325--6675878778841246879)}, subFlowStack=[Inlined(flowClass=class net.corda.confidential.identities.SyncKeyMappingResponse, subFlowVersion=CoreFlow(platformVersion=5), isEnabledTimedFlow=false)], flowState=Started(flowIORequest=Receive(sessions=[FlowSessionImpl(counterparty=O=Charlie Ltd, L=Athens, C=GR, sourceSessionId=SessionId(toLong=8413297254922800325))]), frozenFiber=7E5E48263A14F415E6CD030C862CBD2BF36EFAA253EBCED74CBF665DE38EECD1), errorState=Errored(errors=[FlowError(errorId=4826110934388457881, exception=net.corda.core.flows.UnexpectedFlowEndException: net.corda.confidential.identities.RequestKeyFlowWrapper is not registered)], propagatedIndex=1, propagating=true), numberOfSuspends=4), flowLogic=net.corda.confidential.identities.SyncKeyMappingResponse@29c5b384, pendingDeduplicationHandlers=[], isFlowResumed=false, isTransactionTracked=false, isAnyCheckpointPersisted=true, isStartIdempotent=false, isRemoved=true, senderUUID=83b95632-9e41-4602-9840-44a6f4610c38))
  Continuation: Abort
  Diff between previous and next state:
checkpoint.errorState.propagatedIndex: 
    0
    1
pendingDeduplicationHandlers: 
    [net.corda.testing.node.internal.MockNodeMessagingService$InMemoryDeduplicationHandler@3f914f3a]
    []
isRemoved: 
    false
    true
 {fiber-id=10000009, flow-id=13718ee8-e59e-4836-b456-e8611e163e6a, invocation_id=4d7e7d69-675d-456c-8dd2-689d26da6c5c, invocation_timestamp=2019-06-19T10:05:21.774Z, origin=O=Alice Corp, L=Madrid, C=ES, session_id=4d7e7d69-675d-456c-8dd2-689d26da6c5c, session_timestamp=2019-06-19T10:05:21.774Z, thread-id=356}
?[m?[31m[WARN] 11:05:46,137 [Mock node 2 thread] interceptors.DumpHistoryOnErrorInterceptor.executeTransition - Flow [13718ee8-e59e-4836-b456-e8611e163e6a] error [errorCode=1ggjwsp, moreInformationAt=https://errors.corda.net/OS/5.0-SNAPSHOT-WILLH/1ggjwsp] {fiber-id=10000009, flow-id=13718ee8-e59e-4836-b456-e8611e163e6a, invocation_id=4d7e7d69-675d-456c-8dd2-689d26da6c5c, invocation_timestamp=2019-06-19T10:05:21.774Z, origin=O=Alice Corp, L=Madrid, C=ES, session_id=4d7e7d69-675d-456c-8dd2-689d26da6c5c, session_timestamp=2019-06-19T10:05:21.774Z, thread-id=356}
?[m net.corda.core.flows.UnexpectedFlowEndException: net.corda.confidential.identities.RequestKeyFlowWrapper is not registered
	at net.corda.node.services.statemachine.FlowStateMachineImpl.fillInLocalStackTrace(FlowStateMachineImpl.kt:175) ~[corda-node-5.0-SNAPSHOT-WILLH.jar:?]
	at net.corda.node.services.statemachine.FlowStateMachineImpl.processEventsUntilFlowIsResumed(FlowStateMachineImpl.kt:163) ~[corda-node-5.0-SNAPSHOT-WILLH.jar:?]
	at net.corda.node.services.statemachine.FlowStateMachineImpl.suspend(FlowStateMachineImpl.kt:447) ~[corda-node-5.0-SNAPSHOT-WILLH.jar:?]
	at net.corda.node.services.statemachine.FlowSessionImpl.sendAndReceive(FlowSessionImpl.kt:56) ~[corda-node-5.0-SNAPSHOT-WILLH.jar:?]
	at net.corda.node.services.statemachine.FlowSessionImpl.sendAndReceive(FlowSessionImpl.kt:63) ~[corda-node-5.0-SNAPSHOT-WILLH.jar:?]
	at net.corda.confidential.identities.RequestKeyFlow.call(RequestKeyFlow.kt:88) ~[main/:?]
	at net.corda.confidential.identities.RequestKeyFlow.call(RequestKeyFlow.kt:15) ~[main/:?]
	at net.corda.node.services.statemachine.FlowStateMachineImpl.subFlow(FlowStateMachineImpl.kt:330) ~[corda-node-5.0-SNAPSHOT-WILLH.jar:?]
	at net.corda.core.flows.FlowLogic.subFlow(FlowLogic.kt:327) ~[corda-core-5.0-SNAPSHOT-WILLH.jar:?]
	at net.corda.confidential.identities.RequestKeyFlowWrapper.call(RequestKeyFlow.kt:76) ~[main/:?]
	at net.corda.confidential.identities.RequestKeyFlowWrapper.call(RequestKeyFlow.kt:73) ~[main/:?]
	at net.corda.node.services.statemachine.FlowStateMachineImpl.subFlow(FlowStateMachineImpl.kt:330) ~[corda-node-5.0-SNAPSHOT-WILLH.jar:?]
	at net.corda.core.flows.FlowLogic.subFlow(FlowLogic.kt:327) ~[corda-core-5.0-SNAPSHOT-WILLH.jar:?]
	at net.corda.confidential.identities.SyncKeyMappingFlowHandler.call(SyncKeyMappingFlow.kt:91) ~[main/:?]
	at net.corda.confidential.identities.SyncKeyMappingFlowHandler.call(SyncKeyMappingFlow.kt:58) ~[main/:?]
	at net.corda.node.services.statemachine.FlowStateMachineImpl.subFlow(FlowStateMachineImpl.kt:330) ~[corda-node-5.0-SNAPSHOT-WILLH.jar:?]
	at net.corda.core.flows.FlowLogic.subFlow(FlowLogic.kt:327) ~[corda-core-5.0-SNAPSHOT-WILLH.jar:?]
	at net.corda.confidential.identities.SyncKeyMappingResponse.call(SyncKeyMappingFlowTests.kt:130) ~[test/:?]
	at net.corda.confidential.identities.SyncKeyMappingResponse.call(SyncKeyMappingFlowTests.kt:127) ~[test/:?]
	at net.corda.node.services.statemachine.FlowStateMachineImpl.run(FlowStateMachineImpl.kt:270) ~[corda-node-5.0-SNAPSHOT-WILLH.jar:?]
	at net.corda.node.services.statemachine.FlowStateMachineImpl.run(FlowStateMachineImpl.kt:46) ~[corda-node-5.0-SNAPSHOT-WILLH.jar:?]
	at co.paralleluniverse.fibers.Fiber.run1(Fiber.java:1092) ~[quasar-core-0.7.10-jdk8.jar:0.7.10]
	at co.paralleluniverse.fibers.Fiber.exec(Fiber.java:788) ~[quasar-core-0.7.10-jdk8.jar:0.7.10]
	at co.paralleluniverse.fibers.RunnableFiberTask.doExec(RunnableFiberTask.java:100) ~[quasar-core-0.7.10-jdk8.jar:0.7.10]
	at co.paralleluniverse.fibers.RunnableFiberTask.run(RunnableFiberTask.java:91) ~[quasar-core-0.7.10-jdk8.jar:0.7.10]
	at java.util.concurrent.Executors$RunnableAdapter.call(Executors.java:511) ~[?:1.8.0_201]
	at java.util.concurrent.FutureTask.run(FutureTask.java:266) ~[?:1.8.0_201]
	at java.util.concurrent.ScheduledThreadPoolExecutor$ScheduledFutureTask.access$201(ScheduledThreadPoolExecutor.java:180) ~[?:1.8.0_201]
	at java.util.concurrent.ScheduledThreadPoolExecutor$ScheduledFutureTask.run(ScheduledThreadPoolExecutor.java:293) ~[?:1.8.0_201]
	at java.util.concurrent.ThreadPoolExecutor.runWorker(ThreadPoolExecutor.java:1149) ~[?:1.8.0_201]
	at java.util.concurrent.ThreadPoolExecutor$Worker.run(ThreadPoolExecutor.java:624) ~[?:1.8.0_201]
	at net.corda.node.utilities.AffinityExecutor$ServiceAffinityExecutor$1$thread$1.run(AffinityExecutor.kt:63) ~[corda-node-5.0-SNAPSHOT-WILLH.jar:?]
?[37m[INFO] 11:05:46,140 [Test worker] pool.HikariPool.shutdown - HikariPool-1 - Close initiated...
?[m?[31m[WARN] 11:05:46,144 [Mock node 1 thread] interceptors.DumpHistoryOnErrorInterceptor.executeTransition - Flow [684d513c-8f6f-4946-8d37-10ee00ec3ddf] errored, dumping all transitions:

 --- Transition of flow [684d513c-8f6f-4946-8d37-10ee00ec3ddf] ---
  Timestamp: 2019-06-19T10:05:08.479Z
  Event: DoRemainingWork
  Actions: 
    CreateTransaction
    PersistCheckpoint(id=[684d513c-8f6f-4946-8d37-10ee00ec3ddf], checkpoint=Checkpoint(invocationContext=InvocationContext(origin=RPC(actor=Actor(id=Id(value=Only For Testing), serviceId=AuthServiceId(value=TEST), owningLegalIdentity=O=Alice Corp, L=Madrid, C=ES)), trace=Trace(invocationId=cab16cd2-2837-4939-a8b3-4b51fe06b46b, timestamp: 2019-06-19T10:05:08.476Z, entityType: Invocation, sessionId=cab16cd2-2837-4939-a8b3-4b51fe06b46b, timestamp: 2019-06-19T10:05:08.476Z, entityType: Session), actor=Actor(id=Id(value=Only For Testing), serviceId=AuthServiceId(value=TEST), owningLegalIdentity=O=Alice Corp, L=Madrid, C=ES), externalTrace=null, impersonatedActor=null), ourIdentity=O=Alice Corp, L=Madrid, C=ES, sessions={}, subFlowStack=[Initiating(flowClass=class net.corda.confidential.identities.SyncKeyMappingInitiator, classToInitiateWith=class net.corda.confidential.identities.SyncKeyMappingInitiator, flowInfo=FlowInfo(flowVersion=1, appName=<unknown>), subFlowVersion=CoreFlow(platformVersion=5), isEnabledTimedFlow=false)], flowState=Unstarted(flowStart=Explicit, frozenFlowLogic=97C558DA11EABDEB5CE4AF5C8B6234DF7A8E2905FFB58458311E998776DAB040), errorState=Clean, numberOfSuspends=0), isCheckpointUpdate=false)
    PersistDeduplicationFacts(deduplicationHandlers=[net.corda.node.internal.FlowStarterImpl$startFlow$startFlowEvent$1@57d7717c])
    CommitTransaction
    AcknowledgeMessages(deduplicationHandlers=[net.corda.node.internal.FlowStarterImpl$startFlow$startFlowEvent$1@57d7717c])
    SignalFlowHasStarted(flowId=[684d513c-8f6f-4946-8d37-10ee00ec3ddf])
    CreateTransaction
  Continuation: Resume(result=null)
  Diff between previous and next state:
isFlowResumed: 
    false
    true
isAnyCheckpointPersisted: 
    false
    true
pendingDeduplicationHandlers: 
    [net.corda.node.internal.FlowStarterImpl$startFlow$startFlowEvent$1@57d7717c]
    []


 --- Transition of flow [684d513c-8f6f-4946-8d37-10ee00ec3ddf] ---
  Timestamp: 2019-06-19T10:05:13.057Z
  Event: InitiateFlow(wellKnownParty=O=Bob Plc, L=Rome, C=IT, requestedParty=null)
  Actions: 
    AddSessionBinding(flowId=[684d513c-8f6f-4946-8d37-10ee00ec3ddf], sessionId=SessionId(toLong=-4873336252316108106))
  Continuation: Resume(result=class net.corda.node.services.statemachine.FlowSessionImpl)
  Diff between previous and next state:
checkpoint.sessions.SessionId(toLong=-4873336252316108106): 
    null
    Uninitiated(party=O=Bob Plc, L=Rome, C=IT, initiatingSubFlow=Initiating(flowClass=class net.corda.confidential.identities.SyncKeyMappingInitiator, classToInitiateWith=class net.corda.confidential.identities.SyncKeyMappingInitiator, flowInfo=FlowInfo(flowVersion=1, appName=<unknown>), subFlowVersion=CoreFlow(platformVersion=5), isEnabledTimedFlow=false), sourceSessionId=SessionId(toLong=-4873336252316108106), additionalEntropy=4866209298269395493)


 --- Transition of flow [684d513c-8f6f-4946-8d37-10ee00ec3ddf] ---
  Timestamp: 2019-06-19T10:05:13.104Z
  Event: EnterSubFlow(subFlowClass=class net.corda.confidential.identities.SyncKeyMappingFlow, subFlowVersion=CoreFlow(platformVersion=5), isEnabledTimedFlow=false)
  Actions: 
    
  Continuation: ProcessEvents
  Diff between previous and next state:
checkpoint.subFlowStack: 
    [Initiating(flowClass=class net.corda.confidential.identities.SyncKeyMappingInitiator, classToInitiateWith=class net.corda.confidential.identities.SyncKeyMappingInitiator, flowInfo=FlowInfo(flowVersion=1, appName=<unknown>), subFlowVersion=CoreFlow(platformVersion=5), isEnabledTimedFlow=false)]
    [Initiating(flowClass=class net.corda.confidential.identities.SyncKeyMappingInitiator, classToInitiateWith=class net.corda.confidential.identities.SyncKeyMappingInitiator, flowInfo=FlowInfo(flowVersion=1, appName=<unknown>), subFlowVersion=CoreFlow(platformVersion=5), isEnabledTimedFlow=false), Inlined(flowClass=class net.corda.confidential.identities.SyncKeyMappingFlow, subFlowVersion=CoreFlow(platformVersion=5), isEnabledTimedFlow=false)]


 --- Transition of flow [684d513c-8f6f-4946-8d37-10ee00ec3ddf] ---
  Timestamp: 2019-06-19T10:05:21.767Z
  Event: Suspend(ioRequest=SendAndReceive({FlowSessionImpl(counterparty=O=Bob Plc, L=Rome, C=IT, sourceSessionId=SessionId(toLong=-4873336252316108106))=FlowSessionImpl(counterparty=O=Bob Plc, L=Rome, C=IT, sourceSessionId=SessionId(toLong=-4873336252316108106))=06DE86D1B3191A590289DE6C91A688714E71C6D62439CFAED168D2324D6085B9}, shouldRetrySend=false), maySkipCheckpoint=false, fiber=359C932AE17849D31F219C5D88BC29DF218ED8B661335B4E84CE358B263523C2, )
  Actions: 
    PersistCheckpoint(id=[684d513c-8f6f-4946-8d37-10ee00ec3ddf], checkpoint=Checkpoint(invocationContext=InvocationContext(origin=RPC(actor=Actor(id=Id(value=Only For Testing), serviceId=AuthServiceId(value=TEST), owningLegalIdentity=O=Alice Corp, L=Madrid, C=ES)), trace=Trace(invocationId=cab16cd2-2837-4939-a8b3-4b51fe06b46b, timestamp: 2019-06-19T10:05:08.476Z, entityType: Invocation, sessionId=cab16cd2-2837-4939-a8b3-4b51fe06b46b, timestamp: 2019-06-19T10:05:08.476Z, entityType: Session), actor=Actor(id=Id(value=Only For Testing), serviceId=AuthServiceId(value=TEST), owningLegalIdentity=O=Alice Corp, L=Madrid, C=ES), externalTrace=null, impersonatedActor=null), ourIdentity=O=Alice Corp, L=Madrid, C=ES, sessions={SessionId(toLong=-4873336252316108106)=Uninitiated(party=O=Bob Plc, L=Rome, C=IT, initiatingSubFlow=Initiating(flowClass=class net.corda.confidential.identities.SyncKeyMappingInitiator, classToInitiateWith=class net.corda.confidential.identities.SyncKeyMappingInitiator, flowInfo=FlowInfo(flowVersion=1, appName=<unknown>), subFlowVersion=CoreFlow(platformVersion=5), isEnabledTimedFlow=false), sourceSessionId=SessionId(toLong=-4873336252316108106), additionalEntropy=4866209298269395493)}, subFlowStack=[Initiating(flowClass=class net.corda.confidential.identities.SyncKeyMappingInitiator, classToInitiateWith=class net.corda.confidential.identities.SyncKeyMappingInitiator, flowInfo=FlowInfo(flowVersion=1, appName=<unknown>), subFlowVersion=CoreFlow(platformVersion=5), isEnabledTimedFlow=false), Inlined(flowClass=class net.corda.confidential.identities.SyncKeyMappingFlow, subFlowVersion=CoreFlow(platformVersion=5), isEnabledTimedFlow=false)], flowState=Started(flowIORequest=SendAndReceive({FlowSessionImpl(counterparty=O=Bob Plc, L=Rome, C=IT, sourceSessionId=SessionId(toLong=-4873336252316108106))=FlowSessionImpl(counterparty=O=Bob Plc, L=Rome, C=IT, sourceSessionId=SessionId(toLong=-4873336252316108106))=06DE86D1B3191A590289DE6C91A688714E71C6D62439CFAED168D2324D6085B9}, shouldRetrySend=false), frozenFiber=359C932AE17849D31F219C5D88BC29DF218ED8B661335B4E84CE358B263523C2), errorState=Clean, numberOfSuspends=1), isCheckpointUpdate=true)
    PersistDeduplicationFacts(deduplicationHandlers=[])
    CommitTransaction
    AcknowledgeMessages(deduplicationHandlers=[])
    ScheduleEvent(event=DoRemainingWork)
  Continuation: ProcessEvents
  Diff between previous and next state:
isFlowResumed: 
    true
    false
checkpoint.flowState: 
    Unstarted(flowStart=Explicit, frozenFlowLogic=97C558DA11EABDEB5CE4AF5C8B6234DF7A8E2905FFB58458311E998776DAB040)
    Started(flowIORequest=SendAndReceive({FlowSessionImpl(counterparty=O=Bob Plc, L=Rome, C=IT, sourceSessionId=SessionId(toLong=-4873336252316108106))=FlowSessionImpl(counterparty=O=Bob Plc, L=Rome, C=IT, sourceSessionId=SessionId(toLong=-4873336252316108106))=06DE86D1B3191A590289DE6C91A688714E71C6D62439CFAED168D2324D6085B9}, shouldRetrySend=false), frozenFiber=359C932AE17849D31F219C5D88BC29DF218ED8B661335B4E84CE358B263523C2)
checkpoint.numberOfSuspends: 
    0
    1


 --- Transition of flow [684d513c-8f6f-4946-8d37-10ee00ec3ddf] ---
  Timestamp: 2019-06-19T10:05:21.770Z
  Event: DoRemainingWork
  Actions: 
    SendInitial(party=O=Bob Plc, L=Rome, C=IT, initialise=InitialSessionMessage(initiatorSessionId=SessionId(toLong=-4873336252316108106), initiationEntropy=4866209298269395493, initiatorFlowClassName=net.corda.confidential.identities.SyncKeyMappingInitiator, appName=<unknown>, firstPayload=class net.corda.core.serialization.SerializedBytes), deduplicationId=SenderDeduplicationId(deduplicationId=DeduplicationId(toString=N-R--4873336252316108106-4866209298269395493-1-0), senderUUID=8152e7c8-6540-4430-ba67-f1cbc5e382d7))
  Continuation: ProcessEvents
  Diff between previous and next state:
checkpoint.flowState.flowIORequest: 
    SendAndReceive({FlowSessionImpl(counterparty=O=Bob Plc, L=Rome, C=IT, sourceSessionId=SessionId(toLong=-4873336252316108106))=FlowSessionImpl(counterparty=O=Bob Plc, L=Rome, C=IT, sourceSessionId=SessionId(toLong=-4873336252316108106))=06DE86D1B3191A590289DE6C91A688714E71C6D62439CFAED168D2324D6085B9}, shouldRetrySend=false)
    Receive(sessions=[FlowSessionImpl(counterparty=O=Bob Plc, L=Rome, C=IT, sourceSessionId=SessionId(toLong=-4873336252316108106))])
checkpoint.sessions.SessionId(toLong=-4873336252316108106): 
    Uninitiated(party=O=Bob Plc, L=Rome, C=IT, initiatingSubFlow=Initiating(flowClass=class net.corda.confidential.identities.SyncKeyMappingInitiator, classToInitiateWith=class net.corda.confidential.identities.SyncKeyMappingInitiator, flowInfo=FlowInfo(flowVersion=1, appName=<unknown>), subFlowVersion=CoreFlow(platformVersion=5), isEnabledTimedFlow=false), sourceSessionId=SessionId(toLong=-4873336252316108106), additionalEntropy=4866209298269395493)
    Initiating(bufferedMessages=[], rejectionError=null, deduplicationSeed=R--4873336252316108106-4866209298269395493)


 --- Transition of flow [684d513c-8f6f-4946-8d37-10ee00ec3ddf] ---
  Timestamp: 2019-06-19T10:05:21.783Z
  Event: DeliverSessionMessage(sessionMessage=ExistingSessionMessage(recipientSessionId=SessionId(toLong=-4873336252316108106), payload=ConfirmSessionMessage(initiatedSessionId=SessionId(toLong=-4545441079345385607), initiatedFlowInfo=FlowInfo(flowVersion=1, appName=<unknown>))), deduplicationHandler=net.corda.testing.node.internal.MockNodeMessagingService$InMemoryDeduplicationHandler@7c621421, sender=O=Bob Plc, L=Rome, C=IT)
  Actions: 
    ScheduleEvent(event=DoRemainingWork)
  Continuation: ProcessEvents
  Diff between previous and next state:
checkpoint.sessions.SessionId(toLong=-4873336252316108106): 
    Initiating(bufferedMessages=[], rejectionError=null, deduplicationSeed=R--4873336252316108106-4866209298269395493)
    Initiated(peerParty=O=Bob Plc, L=Rome, C=IT, peerFlowInfo=FlowInfo(flowVersion=1, appName=<unknown>), receivedMessages=[], initiatedState=Live(peerSinkSessionId=SessionId(toLong=-4545441079345385607)), errors=[], deduplicationSeed=R--4873336252316108106-4866209298269395493)
pendingDeduplicationHandlers: 
    []
    [net.corda.testing.node.internal.MockNodeMessagingService$InMemoryDeduplicationHandler@7c621421]


 --- Transition of flow [684d513c-8f6f-4946-8d37-10ee00ec3ddf] ---
  Timestamp: 2019-06-19T10:05:21.783Z
  Event: DoRemainingWork
  Actions: 
    
  Continuation: ProcessEvents
  Diff between previous and next state:
null

 --- Transition of flow [684d513c-8f6f-4946-8d37-10ee00ec3ddf] ---
  Timestamp: 2019-06-19T10:05:45.696Z
  Event: DeliverSessionMessage(sessionMessage=ExistingSessionMessage(recipientSessionId=SessionId(toLong=-4873336252316108106), payload=DataSessionMessage(payload=class net.corda.core.serialization.SerializedBytes)), deduplicationHandler=net.corda.testing.node.internal.MockNodeMessagingService$InMemoryDeduplicationHandler@6999c53, sender=O=Bob Plc, L=Rome, C=IT)
  Actions: 
    ScheduleEvent(event=DoRemainingWork)
  Continuation: ProcessEvents
  Diff between previous and next state:
checkpoint.sessions.SessionId(toLong=-4873336252316108106).receivedMessages: 
    []
    [DataSessionMessage(payload=class net.corda.core.serialization.SerializedBytes)]
pendingDeduplicationHandlers: 
    [net.corda.testing.node.internal.MockNodeMessagingService$InMemoryDeduplicationHandler@7c621421]
    [net.corda.testing.node.internal.MockNodeMessagingService$InMemoryDeduplicationHandler@7c621421, net.corda.testing.node.internal.MockNodeMessagingService$InMemoryDeduplicationHandler@6999c53]


 --- Transition of flow [684d513c-8f6f-4946-8d37-10ee00ec3ddf] ---
  Timestamp: 2019-06-19T10:05:45.696Z
  Event: DoRemainingWork
  Actions: 
    CreateTransaction
  Continuation: Resume(result=class java.util.LinkedHashMap)
  Diff between previous and next state:
isFlowResumed: 
    false
    true
checkpoint.sessions.SessionId(toLong=-4873336252316108106).receivedMessages: 
    [DataSessionMessage(payload=class net.corda.core.serialization.SerializedBytes)]
    []


 --- Transition of flow [684d513c-8f6f-4946-8d37-10ee00ec3ddf] ---
  Timestamp: 2019-06-19T10:05:45.702Z
  Event: Suspend(ioRequest=Send(sessionToMessage={FlowSessionImpl(counterparty=O=Bob Plc, L=Rome, C=IT, sourceSessionId=SessionId(toLong=-4873336252316108106))=A0A4F00FF9B0293F9853347C24C68F28A447F979F670260DBD0A7E6E4C2EA9ED}), maySkipCheckpoint=false, fiber=16ACCB4BD7A87EF541775DA3E36E4950290A49F66B638C8223BFF96C81EB1859, )
  Actions: 
    PersistCheckpoint(id=[684d513c-8f6f-4946-8d37-10ee00ec3ddf], checkpoint=Checkpoint(invocationContext=InvocationContext(origin=RPC(actor=Actor(id=Id(value=Only For Testing), serviceId=AuthServiceId(value=TEST), owningLegalIdentity=O=Alice Corp, L=Madrid, C=ES)), trace=Trace(invocationId=cab16cd2-2837-4939-a8b3-4b51fe06b46b, timestamp: 2019-06-19T10:05:08.476Z, entityType: Invocation, sessionId=cab16cd2-2837-4939-a8b3-4b51fe06b46b, timestamp: 2019-06-19T10:05:08.476Z, entityType: Session), actor=Actor(id=Id(value=Only For Testing), serviceId=AuthServiceId(value=TEST), owningLegalIdentity=O=Alice Corp, L=Madrid, C=ES), externalTrace=null, impersonatedActor=null), ourIdentity=O=Alice Corp, L=Madrid, C=ES, sessions={SessionId(toLong=-4873336252316108106)=Initiated(peerParty=O=Bob Plc, L=Rome, C=IT, peerFlowInfo=FlowInfo(flowVersion=1, appName=<unknown>), receivedMessages=[], initiatedState=Live(peerSinkSessionId=SessionId(toLong=-4545441079345385607)), errors=[], deduplicationSeed=R--4873336252316108106-4866209298269395493)}, subFlowStack=[Initiating(flowClass=class net.corda.confidential.identities.SyncKeyMappingInitiator, classToInitiateWith=class net.corda.confidential.identities.SyncKeyMappingInitiator, flowInfo=FlowInfo(flowVersion=1, appName=<unknown>), subFlowVersion=CoreFlow(platformVersion=5), isEnabledTimedFlow=false), Inlined(flowClass=class net.corda.confidential.identities.SyncKeyMappingFlow, subFlowVersion=CoreFlow(platformVersion=5), isEnabledTimedFlow=false)], flowState=Started(flowIORequest=Send(sessionToMessage={FlowSessionImpl(counterparty=O=Bob Plc, L=Rome, C=IT, sourceSessionId=SessionId(toLong=-4873336252316108106))=A0A4F00FF9B0293F9853347C24C68F28A447F979F670260DBD0A7E6E4C2EA9ED}), frozenFiber=16ACCB4BD7A87EF541775DA3E36E4950290A49F66B638C8223BFF96C81EB1859), errorState=Clean, numberOfSuspends=2), isCheckpointUpdate=true)
    PersistDeduplicationFacts(deduplicationHandlers=[net.corda.testing.node.internal.MockNodeMessagingService$InMemoryDeduplicationHandler@7c621421, net.corda.testing.node.internal.MockNodeMessagingService$InMemoryDeduplicationHandler@6999c53])
    CommitTransaction
    AcknowledgeMessages(deduplicationHandlers=[net.corda.testing.node.internal.MockNodeMessagingService$InMemoryDeduplicationHandler@7c621421, net.corda.testing.node.internal.MockNodeMessagingService$InMemoryDeduplicationHandler@6999c53])
    ScheduleEvent(event=DoRemainingWork)
  Continuation: ProcessEvents
  Diff between previous and next state:
isFlowResumed: 
    true
    false
checkpoint.flowState.flowIORequest: 
    Receive(sessions=[FlowSessionImpl(counterparty=O=Bob Plc, L=Rome, C=IT, sourceSessionId=SessionId(toLong=-4873336252316108106))])
    Send(sessionToMessage={FlowSessionImpl(counterparty=O=Bob Plc, L=Rome, C=IT, sourceSessionId=SessionId(toLong=-4873336252316108106))=A0A4F00FF9B0293F9853347C24C68F28A447F979F670260DBD0A7E6E4C2EA9ED})
checkpoint.flowState.frozenFiber.hash: 
    359C932AE17849D31F219C5D88BC29DF218ED8B661335B4E84CE358B263523C2
    16ACCB4BD7A87EF541775DA3E36E4950290A49F66B638C8223BFF96C81EB1859
checkpoint.numberOfSuspends: 
    1
    2
pendingDeduplicationHandlers: 
    [net.corda.testing.node.internal.MockNodeMessagingService$InMemoryDeduplicationHandler@7c621421, net.corda.testing.node.internal.MockNodeMessagingService$InMemoryDeduplicationHandler@6999c53]
    []


 --- Transition of flow [684d513c-8f6f-4946-8d37-10ee00ec3ddf] ---
  Timestamp: 2019-06-19T10:05:45.702Z
  Event: DoRemainingWork
  Actions: 
    SendExisting(peerParty=O=Bob Plc, L=Rome, C=IT, message=ExistingSessionMessage(recipientSessionId=SessionId(toLong=-4545441079345385607), payload=DataSessionMessage(payload=class net.corda.core.serialization.SerializedBytes)), deduplicationId=SenderDeduplicationId(deduplicationId=DeduplicationId(toString=N-R--4873336252316108106-4866209298269395493-2-0), senderUUID=8152e7c8-6540-4430-ba67-f1cbc5e382d7))
    CreateTransaction
  Continuation: Resume(result=class kotlin.Unit)
  Diff between previous and next state:
isFlowResumed: 
    false
    true


 --- Transition of flow [684d513c-8f6f-4946-8d37-10ee00ec3ddf] ---
  Timestamp: 2019-06-19T10:05:45.702Z
  Event: LeaveSubFlow
  Actions: 
    
  Continuation: ProcessEvents
  Diff between previous and next state:
checkpoint.subFlowStack: 
    [Initiating(flowClass=class net.corda.confidential.identities.SyncKeyMappingInitiator, classToInitiateWith=class net.corda.confidential.identities.SyncKeyMappingInitiator, flowInfo=FlowInfo(flowVersion=1, appName=<unknown>), subFlowVersion=CoreFlow(platformVersion=5), isEnabledTimedFlow=false), Inlined(flowClass=class net.corda.confidential.identities.SyncKeyMappingFlow, subFlowVersion=CoreFlow(platformVersion=5), isEnabledTimedFlow=false)]
    [Initiating(flowClass=class net.corda.confidential.identities.SyncKeyMappingInitiator, classToInitiateWith=class net.corda.confidential.identities.SyncKeyMappingInitiator, flowInfo=FlowInfo(flowVersion=1, appName=<unknown>), subFlowVersion=CoreFlow(platformVersion=5), isEnabledTimedFlow=false)]


 --- Transition of flow [684d513c-8f6f-4946-8d37-10ee00ec3ddf] ---
  Timestamp: 2019-06-19T10:05:45.706Z
  Event: Suspend(ioRequest=Receive(sessions=[FlowSessionImpl(counterparty=O=Bob Plc, L=Rome, C=IT, sourceSessionId=SessionId(toLong=-4873336252316108106))]), maySkipCheckpoint=false, fiber=430E59582FD6BD6B405529082E9E1EC814893597A169FA2997C3D94AC2BD3260, )
  Actions: 
    PersistCheckpoint(id=[684d513c-8f6f-4946-8d37-10ee00ec3ddf], checkpoint=Checkpoint(invocationContext=InvocationContext(origin=RPC(actor=Actor(id=Id(value=Only For Testing), serviceId=AuthServiceId(value=TEST), owningLegalIdentity=O=Alice Corp, L=Madrid, C=ES)), trace=Trace(invocationId=cab16cd2-2837-4939-a8b3-4b51fe06b46b, timestamp: 2019-06-19T10:05:08.476Z, entityType: Invocation, sessionId=cab16cd2-2837-4939-a8b3-4b51fe06b46b, timestamp: 2019-06-19T10:05:08.476Z, entityType: Session), actor=Actor(id=Id(value=Only For Testing), serviceId=AuthServiceId(value=TEST), owningLegalIdentity=O=Alice Corp, L=Madrid, C=ES), externalTrace=null, impersonatedActor=null), ourIdentity=O=Alice Corp, L=Madrid, C=ES, sessions={SessionId(toLong=-4873336252316108106)=Initiated(peerParty=O=Bob Plc, L=Rome, C=IT, peerFlowInfo=FlowInfo(flowVersion=1, appName=<unknown>), receivedMessages=[], initiatedState=Live(peerSinkSessionId=SessionId(toLong=-4545441079345385607)), errors=[], deduplicationSeed=R--4873336252316108106-4866209298269395493)}, subFlowStack=[Initiating(flowClass=class net.corda.confidential.identities.SyncKeyMappingInitiator, classToInitiateWith=class net.corda.confidential.identities.SyncKeyMappingInitiator, flowInfo=FlowInfo(flowVersion=1, appName=<unknown>), subFlowVersion=CoreFlow(platformVersion=5), isEnabledTimedFlow=false)], flowState=Started(flowIORequest=Receive(sessions=[FlowSessionImpl(counterparty=O=Bob Plc, L=Rome, C=IT, sourceSessionId=SessionId(toLong=-4873336252316108106))]), frozenFiber=430E59582FD6BD6B405529082E9E1EC814893597A169FA2997C3D94AC2BD3260), errorState=Clean, numberOfSuspends=3), isCheckpointUpdate=true)
    PersistDeduplicationFacts(deduplicationHandlers=[])
    CommitTransaction
    AcknowledgeMessages(deduplicationHandlers=[])
    ScheduleEvent(event=DoRemainingWork)
  Continuation: ProcessEvents
  Diff between previous and next state:
isFlowResumed: 
    true
    false
checkpoint.flowState.flowIORequest: 
    Send(sessionToMessage={FlowSessionImpl(counterparty=O=Bob Plc, L=Rome, C=IT, sourceSessionId=SessionId(toLong=-4873336252316108106))=A0A4F00FF9B0293F9853347C24C68F28A447F979F670260DBD0A7E6E4C2EA9ED})
    Receive(sessions=[FlowSessionImpl(counterparty=O=Bob Plc, L=Rome, C=IT, sourceSessionId=SessionId(toLong=-4873336252316108106))])
checkpoint.flowState.frozenFiber.hash: 
    16ACCB4BD7A87EF541775DA3E36E4950290A49F66B638C8223BFF96C81EB1859
    430E59582FD6BD6B405529082E9E1EC814893597A169FA2997C3D94AC2BD3260
checkpoint.numberOfSuspends: 
    2
    3


 --- Transition of flow [684d513c-8f6f-4946-8d37-10ee00ec3ddf] ---
  Timestamp: 2019-06-19T10:05:45.707Z
  Event: DoRemainingWork
  Actions: 
    
  Continuation: ProcessEvents
  Diff between previous and next state:
null

 --- Transition of flow [684d513c-8f6f-4946-8d37-10ee00ec3ddf] ---
  Timestamp: 2019-06-19T10:05:45.817Z
  Event: DeliverSessionMessage(sessionMessage=ExistingSessionMessage(recipientSessionId=SessionId(toLong=-4873336252316108106), payload=ErrorSessionMessage(flowException=null, errorId=4826110934388457881)), deduplicationHandler=net.corda.testing.node.internal.MockNodeMessagingService$InMemoryDeduplicationHandler@2683d08b, sender=O=Bob Plc, L=Rome, C=IT)
  Actions: 
    ScheduleEvent(event=DoRemainingWork)
  Continuation: ProcessEvents
  Diff between previous and next state:
checkpoint.sessions.SessionId(toLong=-4873336252316108106).errors: 
    []
    [FlowError(errorId=4826110934388457881, exception=net.corda.core.flows.UnexpectedFlowEndException: Counter-flow errored)]
pendingDeduplicationHandlers: 
    []
    [net.corda.testing.node.internal.MockNodeMessagingService$InMemoryDeduplicationHandler@2683d08b]


 --- Transition of flow [684d513c-8f6f-4946-8d37-10ee00ec3ddf] ---
  Timestamp: 2019-06-19T10:05:45.817Z
  Event: DoRemainingWork
  Actions: 
    CreateTransaction
  Continuation: Throw(throwable=net.corda.core.flows.UnexpectedFlowEndException: Counter-flow errored)
  Diff between previous and next state:
isFlowResumed: 
    false
    true


 --- Transition of flow [684d513c-8f6f-4946-8d37-10ee00ec3ddf] ---
  Timestamp: 2019-06-19T10:05:45.819Z
  Event: Error(exception=net.corda.core.flows.UnexpectedFlowEndException: Counter-flow errored)
  Actions: 
    RollbackTransaction
    ScheduleEvent(event=DoRemainingWork)
  Continuation: ProcessEvents
  Diff between previous and next state:
isFlowResumed: 
    true
    false
checkpoint.errorState: 
    Clean
    Errored(errors=[FlowError(errorId=4826110934388457881, exception=net.corda.core.flows.UnexpectedFlowEndException: Counter-flow errored)], propagatedIndex=0, propagating=false)


 --- Transition of flow [684d513c-8f6f-4946-8d37-10ee00ec3ddf] ---
  Timestamp: 2019-06-19T10:05:45.819Z
  Event: DoRemainingWork
  Actions: 
    
  Continuation: ProcessEvents
  Diff between previous and next state:
null

 --- Transition of flow [684d513c-8f6f-4946-8d37-10ee00ec3ddf] ---
  Timestamp: 2019-06-19T10:05:45.819Z
  Event: StartErrorPropagation
  Actions: 
    ScheduleEvent(event=DoRemainingWork)
  Continuation: ProcessEvents
  Diff between previous and next state:
checkpoint.errorState.propagating: 
    false
    true


 --- Transition of flow [684d513c-8f6f-4946-8d37-10ee00ec3ddf] ---
  Timestamp: 2019-06-19T10:05:46.137Z
  Event: DoRemainingWork
  Actions: 
    PropagateErrors(errorMessages=[ErrorSessionMessage(flowException=null, errorId=4826110934388457881)], sessions=[], senderUUID=8152e7c8-6540-4430-ba67-f1cbc5e382d7)
    CreateTransaction
    RemoveCheckpoint(id=[684d513c-8f6f-4946-8d37-10ee00ec3ddf])
    PersistDeduplicationFacts(deduplicationHandlers=[net.corda.testing.node.internal.MockNodeMessagingService$InMemoryDeduplicationHandler@2683d08b])
    ReleaseSoftLocks(uuid=684d513c-8f6f-4946-8d37-10ee00ec3ddf)
    CommitTransaction
    AcknowledgeMessages(deduplicationHandlers=[net.corda.testing.node.internal.MockNodeMessagingService$InMemoryDeduplicationHandler@2683d08b])
    RemoveSessionBindings(sessionIds=[SessionId(toLong=-4873336252316108106)])
    RemoveFlow(flowId=[684d513c-8f6f-4946-8d37-10ee00ec3ddf], removalReason=ErrorFinish(flowErrors=[FlowError(errorId=4826110934388457881, exception=net.corda.core.flows.UnexpectedFlowEndException: Counter-flow errored)]), lastState=StateMachineState(checkpoint=Checkpoint(invocationContext=InvocationContext(origin=RPC(actor=Actor(id=Id(value=Only For Testing), serviceId=AuthServiceId(value=TEST), owningLegalIdentity=O=Alice Corp, L=Madrid, C=ES)), trace=Trace(invocationId=cab16cd2-2837-4939-a8b3-4b51fe06b46b, timestamp: 2019-06-19T10:05:08.476Z, entityType: Invocation, sessionId=cab16cd2-2837-4939-a8b3-4b51fe06b46b, timestamp: 2019-06-19T10:05:08.476Z, entityType: Session), actor=Actor(id=Id(value=Only For Testing), serviceId=AuthServiceId(value=TEST), owningLegalIdentity=O=Alice Corp, L=Madrid, C=ES), externalTrace=null, impersonatedActor=null), ourIdentity=O=Alice Corp, L=Madrid, C=ES, sessions={SessionId(toLong=-4873336252316108106)=Initiated(peerParty=O=Bob Plc, L=Rome, C=IT, peerFlowInfo=FlowInfo(flowVersion=1, appName=<unknown>), receivedMessages=[], initiatedState=Live(peerSinkSessionId=SessionId(toLong=-4545441079345385607)), errors=[FlowError(errorId=4826110934388457881, exception=net.corda.core.flows.UnexpectedFlowEndException: Counter-flow errored)], deduplicationSeed=R--4873336252316108106-4866209298269395493)}, subFlowStack=[Initiating(flowClass=class net.corda.confidential.identities.SyncKeyMappingInitiator, classToInitiateWith=class net.corda.confidential.identities.SyncKeyMappingInitiator, flowInfo=FlowInfo(flowVersion=1, appName=<unknown>), subFlowVersion=CoreFlow(platformVersion=5), isEnabledTimedFlow=false)], flowState=Started(flowIORequest=Receive(sessions=[FlowSessionImpl(counterparty=O=Bob Plc, L=Rome, C=IT, sourceSessionId=SessionId(toLong=-4873336252316108106))]), frozenFiber=430E59582FD6BD6B405529082E9E1EC814893597A169FA2997C3D94AC2BD3260), errorState=Errored(errors=[FlowError(errorId=4826110934388457881, exception=net.corda.core.flows.UnexpectedFlowEndException: Counter-flow errored)], propagatedIndex=1, propagating=true), numberOfSuspends=3), flowLogic=net.corda.confidential.identities.SyncKeyMappingInitiator@418fcada, pendingDeduplicationHandlers=[], isFlowResumed=false, isTransactionTracked=false, isAnyCheckpointPersisted=true, isStartIdempotent=false, isRemoved=true, senderUUID=8152e7c8-6540-4430-ba67-f1cbc5e382d7))
  Continuation: Abort
  Diff between previous and next state:
checkpoint.errorState.propagatedIndex: 
    0
    1
pendingDeduplicationHandlers: 
    [net.corda.testing.node.internal.MockNodeMessagingService$InMemoryDeduplicationHandler@2683d08b]
    []
isRemoved: 
    false
    true
 {actor_id=Only For Testing, actor_owning_identity=O=Alice Corp, L=Madrid, C=ES, actor_store_id=TEST, fiber-id=10000008, flow-id=684d513c-8f6f-4946-8d37-10ee00ec3ddf, invocation_id=cab16cd2-2837-4939-a8b3-4b51fe06b46b, invocation_timestamp=2019-06-19T10:05:08.476Z, origin=Only For Testing, session_id=cab16cd2-2837-4939-a8b3-4b51fe06b46b, session_timestamp=2019-06-19T10:05:08.476Z, thread-id=355}
?[m?[31m[WARN] 11:05:46,145 [Mock node 1 thread] interceptors.DumpHistoryOnErrorInterceptor.executeTransition - Flow [684d513c-8f6f-4946-8d37-10ee00ec3ddf] error [errorCode=112u0jo, moreInformationAt=https://errors.corda.net/OS/5.0-SNAPSHOT-WILLH/112u0jo] {actor_id=Only For Testing, actor_owning_identity=O=Alice Corp, L=Madrid, C=ES, actor_store_id=TEST, fiber-id=10000008, flow-id=684d513c-8f6f-4946-8d37-10ee00ec3ddf, invocation_id=cab16cd2-2837-4939-a8b3-4b51fe06b46b, invocation_timestamp=2019-06-19T10:05:08.476Z, origin=Only For Testing, session_id=cab16cd2-2837-4939-a8b3-4b51fe06b46b, session_timestamp=2019-06-19T10:05:08.476Z, thread-id=355}
?[m net.corda.core.flows.UnexpectedFlowEndException: Counter-flow errored
	at Received unexpected counter-flow exception from peer O=Bob Plc, L=Rome, C=IT.() ~[?:?]
	at net.corda.node.services.statemachine.FlowStateMachineImpl.fillInLocalStackTrace(FlowStateMachineImpl.kt:175) ~[corda-node-5.0-SNAPSHOT-WILLH.jar:?]
	at net.corda.node.services.statemachine.FlowStateMachineImpl.processEventsUntilFlowIsResumed(FlowStateMachineImpl.kt:163) ~[corda-node-5.0-SNAPSHOT-WILLH.jar:?]
	at net.corda.node.services.statemachine.FlowStateMachineImpl.suspend(FlowStateMachineImpl.kt:447) ~[corda-node-5.0-SNAPSHOT-WILLH.jar:?]
	at net.corda.node.services.statemachine.FlowSessionImpl.receive(FlowSessionImpl.kt:69) ~[corda-node-5.0-SNAPSHOT-WILLH.jar:?]
	at net.corda.node.services.statemachine.FlowSessionImpl.receive(FlowSessionImpl.kt:73) ~[corda-node-5.0-SNAPSHOT-WILLH.jar:?]
	at net.corda.confidential.identities.SyncKeyMappingInitiator.call(SyncKeyMappingFlowTests.kt:149) ~[test/:?]
	at net.corda.confidential.identities.SyncKeyMappingInitiator.call(SyncKeyMappingFlowTests.kt:117) ~[test/:?]
	at net.corda.node.services.statemachine.FlowStateMachineImpl.run(FlowStateMachineImpl.kt:270) ~[corda-node-5.0-SNAPSHOT-WILLH.jar:?]
	at net.corda.node.services.statemachine.FlowStateMachineImpl.run(FlowStateMachineImpl.kt:46) ~[corda-node-5.0-SNAPSHOT-WILLH.jar:?]
	at co.paralleluniverse.fibers.Fiber.run1(Fiber.java:1092) ~[quasar-core-0.7.10-jdk8.jar:0.7.10]
	at co.paralleluniverse.fibers.Fiber.exec(Fiber.java:788) ~[quasar-core-0.7.10-jdk8.jar:0.7.10]
	at co.paralleluniverse.fibers.RunnableFiberTask.doExec(RunnableFiberTask.java:100) ~[quasar-core-0.7.10-jdk8.jar:0.7.10]
	at co.paralleluniverse.fibers.RunnableFiberTask.run(RunnableFiberTask.java:91) ~[quasar-core-0.7.10-jdk8.jar:0.7.10]
	at java.util.concurrent.Executors$RunnableAdapter.call(Executors.java:511) ~[?:1.8.0_201]
	at java.util.concurrent.FutureTask.run(FutureTask.java:266) ~[?:1.8.0_201]
	at java.util.concurrent.ScheduledThreadPoolExecutor$ScheduledFutureTask.access$201(ScheduledThreadPoolExecutor.java:180) ~[?:1.8.0_201]
	at java.util.concurrent.ScheduledThreadPoolExecutor$ScheduledFutureTask.run(ScheduledThreadPoolExecutor.java:293) ~[?:1.8.0_201]
	at java.util.concurrent.ThreadPoolExecutor.runWorker(ThreadPoolExecutor.java:1149) ~[?:1.8.0_201]
	at java.util.concurrent.ThreadPoolExecutor$Worker.run(ThreadPoolExecutor.java:624) ~[?:1.8.0_201]
	at net.corda.node.utilities.AffinityExecutor$ServiceAffinityExecutor$1$thread$1.run(AffinityExecutor.kt:63) ~[corda-node-5.0-SNAPSHOT-WILLH.jar:?]
?[37m[INFO] 11:05:46,146 [Test worker] pool.HikariPool.shutdown - HikariPool-1 - Closed.
?[m?[37m[INFO] 11:05:46,164 [Test worker] pool.HikariPool.shutdown - HikariPool-2 - Close initiated...
?[m?[37m[INFO] 11:05:46,167 [Test worker] pool.HikariPool.shutdown - HikariPool-2 - Closed.
?[m?[37m[INFO] 11:05:46,169 [Test worker] pool.HikariPool.shutdown - HikariPool-3 - Close initiated...
?[m?[37m[INFO] 11:05:46,171 [Test worker] pool.HikariPool.shutdown - HikariPool-3 - Closed.
?[m?[37m[INFO] 11:05:46,172 [Test worker] pool.HikariPool.shutdown - HikariPool-4 - Close initiated...
?[m?[37m[INFO] 11:05:46,174 [Test worker] pool.HikariPool.shutdown - HikariPool-4 - Closed.
?[m]]></system-out>
  <system-err><![CDATA[QUASAR WARNING: Assertions enabled. This may harm performance.
QUASAR WARNING: Fibers are set to verify instrumentation. This may *severely* harm performance.
]]></system-err>
</testsuite>
