<?xml version="1.0" encoding="UTF-8"?>
<testsuite name="net.corda.confidential.identities.RequestKeyFlowTests" tests="2" skipped="0" failures="0" errors="0" timestamp="2019-06-19T09:34:03" hostname="19LDN-MAC107-1.local" time="6.657">
  <properties/>
  <testcase name="request new key from another party" classname="net.corda.confidential.identities.RequestKeyFlowTests" time="3.052"/>
  <testcase name="verify a known key with another party" classname="net.corda.confidential.identities.RequestKeyFlowTests" time="3.605"/>
  <system-out><![CDATA[?[37m[INFO] 10:34:03,649 [Test worker] pool.HikariPool.shutdown - HikariPool-9 - Close initiated...
?[m?[31m[WARN] 10:34:03,649 [Mock node 2 thread] interceptors.DumpHistoryOnErrorInterceptor.executeTransition - Flow [4f15496f-7e76-4772-9ac5-a27d281c5452] errored, dumping all transitions:

 --- Transition of flow [4f15496f-7e76-4772-9ac5-a27d281c5452] ---
  Timestamp: 2019-06-19T09:34:03.533Z
  Event: DoRemainingWork
  Actions: 
    CreateTransaction
    PersistCheckpoint(id=[4f15496f-7e76-4772-9ac5-a27d281c5452], checkpoint=Checkpoint(invocationContext=InvocationContext(origin=Peer(party=O=Alice Corp, L=Madrid, C=ES), trace=Trace(invocationId=080d3261-edc5-4963-a043-0d795290217c, timestamp: 2019-06-19T09:34:03.528Z, entityType: Invocation, sessionId=080d3261-edc5-4963-a043-0d795290217c, timestamp: 2019-06-19T09:34:03.528Z, entityType: Session), actor=null, externalTrace=null, impersonatedActor=null), ourIdentity=O=Bob Plc, L=Rome, C=IT, sessions={}, subFlowStack=[Inlined(flowClass=class net.corda.confidential.identities.SyncKeyMappingResponse, subFlowVersion=CoreFlow(platformVersion=5), isEnabledTimedFlow=false)], flowState=Unstarted(flowStart=Initiated, frozenFlowLogic=9BB5A35B349A606FA2F08D82F8730BD4A337734A4CD1193023FEF9B02F77A712), errorState=Clean, numberOfSuspends=0), isCheckpointUpdate=false)
    PersistDeduplicationFacts(deduplicationHandlers=[net.corda.testing.node.internal.MockNodeMessagingService$InMemoryDeduplicationHandler@7d6a25cb])
    CommitTransaction
    AcknowledgeMessages(deduplicationHandlers=[net.corda.testing.node.internal.MockNodeMessagingService$InMemoryDeduplicationHandler@7d6a25cb])
    SignalFlowHasStarted(flowId=[4f15496f-7e76-4772-9ac5-a27d281c5452])
    SendExisting(peerParty=O=Alice Corp, L=Madrid, C=ES, message=ExistingSessionMessage(recipientSessionId=SessionId(toLong=1953014859611848863), payload=ConfirmSessionMessage(initiatedSessionId=SessionId(toLong=638980050707302791), initiatedFlowInfo=FlowInfo(flowVersion=1, appName=<unknown>))), deduplicationId=SenderDeduplicationId(deduplicationId=DeduplicationId(toString=N-D-1953014859611848863--6406797140790486523-0-0), senderUUID=7aef62f0-2180-439d-bd97-b5c8b49a6c38))
    CreateTransaction
  Continuation: Resume(result=null)
  Diff between previous and next state:
checkpoint.sessions.SessionId(toLong=638980050707302791): 
    null
    Initiated(peerParty=O=Alice Corp, L=Madrid, C=ES, peerFlowInfo=FlowInfo(flowVersion=1, appName=<unknown>), receivedMessages=[DataSessionMessage(payload=class net.corda.core.serialization.SerializedBytes)], initiatedState=Live(peerSinkSessionId=SessionId(toLong=1953014859611848863)), errors=[], deduplicationSeed=D-1953014859611848863--6406797140790486523)
isAnyCheckpointPersisted: 
    false
    true
pendingDeduplicationHandlers: 
    [net.corda.testing.node.internal.MockNodeMessagingService$InMemoryDeduplicationHandler@7d6a25cb]
    []
isFlowResumed: 
    false
    true


 --- Transition of flow [4f15496f-7e76-4772-9ac5-a27d281c5452] ---
  Timestamp: 2019-06-19T09:34:03.533Z
  Event: EnterSubFlow(subFlowClass=class net.corda.confidential.identities.SyncKeyMappingFlowHandler, subFlowVersion=CoreFlow(platformVersion=5), isEnabledTimedFlow=false)
  Actions: 
    
  Continuation: ProcessEvents
  Diff between previous and next state:
checkpoint.subFlowStack: 
    [Inlined(flowClass=class net.corda.confidential.identities.SyncKeyMappingResponse, subFlowVersion=CoreFlow(platformVersion=5), isEnabledTimedFlow=false)]
    [Inlined(flowClass=class net.corda.confidential.identities.SyncKeyMappingResponse, subFlowVersion=CoreFlow(platformVersion=5), isEnabledTimedFlow=false), Inlined(flowClass=class net.corda.confidential.identities.SyncKeyMappingFlowHandler, subFlowVersion=CoreFlow(platformVersion=5), isEnabledTimedFlow=false)]


 --- Transition of flow [4f15496f-7e76-4772-9ac5-a27d281c5452] ---
  Timestamp: 2019-06-19T09:34:03.535Z
  Event: Suspend(ioRequest=Receive(sessions=[FlowSessionImpl(counterparty=O=Alice Corp, L=Madrid, C=ES, sourceSessionId=SessionId(toLong=638980050707302791))]), maySkipCheckpoint=false, fiber=0BC2D0F1D3D8B1EE66418D7D52FA27548FCC9149D24DDF1047437A02044530FB, )
  Actions: 
    PersistCheckpoint(id=[4f15496f-7e76-4772-9ac5-a27d281c5452], checkpoint=Checkpoint(invocationContext=InvocationContext(origin=Peer(party=O=Alice Corp, L=Madrid, C=ES), trace=Trace(invocationId=080d3261-edc5-4963-a043-0d795290217c, timestamp: 2019-06-19T09:34:03.528Z, entityType: Invocation, sessionId=080d3261-edc5-4963-a043-0d795290217c, timestamp: 2019-06-19T09:34:03.528Z, entityType: Session), actor=null, externalTrace=null, impersonatedActor=null), ourIdentity=O=Bob Plc, L=Rome, C=IT, sessions={SessionId(toLong=638980050707302791)=Initiated(peerParty=O=Alice Corp, L=Madrid, C=ES, peerFlowInfo=FlowInfo(flowVersion=1, appName=<unknown>), receivedMessages=[DataSessionMessage(payload=class net.corda.core.serialization.SerializedBytes)], initiatedState=Live(peerSinkSessionId=SessionId(toLong=1953014859611848863)), errors=[], deduplicationSeed=D-1953014859611848863--6406797140790486523)}, subFlowStack=[Inlined(flowClass=class net.corda.confidential.identities.SyncKeyMappingResponse, subFlowVersion=CoreFlow(platformVersion=5), isEnabledTimedFlow=false), Inlined(flowClass=class net.corda.confidential.identities.SyncKeyMappingFlowHandler, subFlowVersion=CoreFlow(platformVersion=5), isEnabledTimedFlow=false)], flowState=Started(flowIORequest=Receive(sessions=[FlowSessionImpl(counterparty=O=Alice Corp, L=Madrid, C=ES, sourceSessionId=SessionId(toLong=638980050707302791))]), frozenFiber=0BC2D0F1D3D8B1EE66418D7D52FA27548FCC9149D24DDF1047437A02044530FB), errorState=Clean, numberOfSuspends=1), isCheckpointUpdate=true)
    PersistDeduplicationFacts(deduplicationHandlers=[])
    CommitTransaction
    AcknowledgeMessages(deduplicationHandlers=[])
    ScheduleEvent(event=DoRemainingWork)
  Continuation: ProcessEvents
  Diff between previous and next state:
checkpoint.flowState: 
    Unstarted(flowStart=Initiated, frozenFlowLogic=9BB5A35B349A606FA2F08D82F8730BD4A337734A4CD1193023FEF9B02F77A712)
    Started(flowIORequest=Receive(sessions=[FlowSessionImpl(counterparty=O=Alice Corp, L=Madrid, C=ES, sourceSessionId=SessionId(toLong=638980050707302791))]), frozenFiber=0BC2D0F1D3D8B1EE66418D7D52FA27548FCC9149D24DDF1047437A02044530FB)
checkpoint.numberOfSuspends: 
    0
    1
isFlowResumed: 
    true
    false


 --- Transition of flow [4f15496f-7e76-4772-9ac5-a27d281c5452] ---
  Timestamp: 2019-06-19T09:34:03.535Z
  Event: DoRemainingWork
  Actions: 
    CreateTransaction
  Continuation: Resume(result=class java.util.LinkedHashMap)
  Diff between previous and next state:
checkpoint.sessions.SessionId(toLong=638980050707302791).receivedMessages: 
    [DataSessionMessage(payload=class net.corda.core.serialization.SerializedBytes)]
    []
isFlowResumed: 
    false
    true


 --- Transition of flow [4f15496f-7e76-4772-9ac5-a27d281c5452] ---
  Timestamp: 2019-06-19T09:34:03.540Z
  Event: Suspend(ioRequest=Send(sessionToMessage={FlowSessionImpl(counterparty=O=Alice Corp, L=Madrid, C=ES, sourceSessionId=SessionId(toLong=638980050707302791))=DA4E8759BE72809E90CDC898880639C04C78EB2B35BC3D20BC7C5B60B26330B9}), maySkipCheckpoint=false, fiber=9691B91B41B323FA6F9A47BFDADDAE04C7E982FC0AE7AA1D5BBA2AF43198A956, )
  Actions: 
    PersistCheckpoint(id=[4f15496f-7e76-4772-9ac5-a27d281c5452], checkpoint=Checkpoint(invocationContext=InvocationContext(origin=Peer(party=O=Alice Corp, L=Madrid, C=ES), trace=Trace(invocationId=080d3261-edc5-4963-a043-0d795290217c, timestamp: 2019-06-19T09:34:03.528Z, entityType: Invocation, sessionId=080d3261-edc5-4963-a043-0d795290217c, timestamp: 2019-06-19T09:34:03.528Z, entityType: Session), actor=null, externalTrace=null, impersonatedActor=null), ourIdentity=O=Bob Plc, L=Rome, C=IT, sessions={SessionId(toLong=638980050707302791)=Initiated(peerParty=O=Alice Corp, L=Madrid, C=ES, peerFlowInfo=FlowInfo(flowVersion=1, appName=<unknown>), receivedMessages=[], initiatedState=Live(peerSinkSessionId=SessionId(toLong=1953014859611848863)), errors=[], deduplicationSeed=D-1953014859611848863--6406797140790486523)}, subFlowStack=[Inlined(flowClass=class net.corda.confidential.identities.SyncKeyMappingResponse, subFlowVersion=CoreFlow(platformVersion=5), isEnabledTimedFlow=false), Inlined(flowClass=class net.corda.confidential.identities.SyncKeyMappingFlowHandler, subFlowVersion=CoreFlow(platformVersion=5), isEnabledTimedFlow=false)], flowState=Started(flowIORequest=Send(sessionToMessage={FlowSessionImpl(counterparty=O=Alice Corp, L=Madrid, C=ES, sourceSessionId=SessionId(toLong=638980050707302791))=DA4E8759BE72809E90CDC898880639C04C78EB2B35BC3D20BC7C5B60B26330B9}), frozenFiber=9691B91B41B323FA6F9A47BFDADDAE04C7E982FC0AE7AA1D5BBA2AF43198A956), errorState=Clean, numberOfSuspends=2), isCheckpointUpdate=true)
    PersistDeduplicationFacts(deduplicationHandlers=[])
    CommitTransaction
    AcknowledgeMessages(deduplicationHandlers=[])
    ScheduleEvent(event=DoRemainingWork)
  Continuation: ProcessEvents
  Diff between previous and next state:
checkpoint.flowState.flowIORequest: 
    Receive(sessions=[FlowSessionImpl(counterparty=O=Alice Corp, L=Madrid, C=ES, sourceSessionId=SessionId(toLong=638980050707302791))])
    Send(sessionToMessage={FlowSessionImpl(counterparty=O=Alice Corp, L=Madrid, C=ES, sourceSessionId=SessionId(toLong=638980050707302791))=DA4E8759BE72809E90CDC898880639C04C78EB2B35BC3D20BC7C5B60B26330B9})
checkpoint.flowState.frozenFiber.hash: 
    0BC2D0F1D3D8B1EE66418D7D52FA27548FCC9149D24DDF1047437A02044530FB
    9691B91B41B323FA6F9A47BFDADDAE04C7E982FC0AE7AA1D5BBA2AF43198A956
checkpoint.numberOfSuspends: 
    1
    2
isFlowResumed: 
    true
    false


 --- Transition of flow [4f15496f-7e76-4772-9ac5-a27d281c5452] ---
  Timestamp: 2019-06-19T09:34:03.540Z
  Event: DoRemainingWork
  Actions: 
    SendExisting(peerParty=O=Alice Corp, L=Madrid, C=ES, message=ExistingSessionMessage(recipientSessionId=SessionId(toLong=1953014859611848863), payload=DataSessionMessage(payload=class net.corda.core.serialization.SerializedBytes)), deduplicationId=SenderDeduplicationId(deduplicationId=DeduplicationId(toString=N-D-1953014859611848863--6406797140790486523-2-0), senderUUID=7aef62f0-2180-439d-bd97-b5c8b49a6c38))
    CreateTransaction
  Continuation: Resume(result=class kotlin.Unit)
  Diff between previous and next state:
isFlowResumed: 
    false
    true


 --- Transition of flow [4f15496f-7e76-4772-9ac5-a27d281c5452] ---
  Timestamp: 2019-06-19T09:34:03.542Z
  Event: Suspend(ioRequest=Receive(sessions=[FlowSessionImpl(counterparty=O=Alice Corp, L=Madrid, C=ES, sourceSessionId=SessionId(toLong=638980050707302791))]), maySkipCheckpoint=false, fiber=3C7B266154C1450412F78E4C459815AC37181F6EE342F808354322273C549705, )
  Actions: 
    PersistCheckpoint(id=[4f15496f-7e76-4772-9ac5-a27d281c5452], checkpoint=Checkpoint(invocationContext=InvocationContext(origin=Peer(party=O=Alice Corp, L=Madrid, C=ES), trace=Trace(invocationId=080d3261-edc5-4963-a043-0d795290217c, timestamp: 2019-06-19T09:34:03.528Z, entityType: Invocation, sessionId=080d3261-edc5-4963-a043-0d795290217c, timestamp: 2019-06-19T09:34:03.528Z, entityType: Session), actor=null, externalTrace=null, impersonatedActor=null), ourIdentity=O=Bob Plc, L=Rome, C=IT, sessions={SessionId(toLong=638980050707302791)=Initiated(peerParty=O=Alice Corp, L=Madrid, C=ES, peerFlowInfo=FlowInfo(flowVersion=1, appName=<unknown>), receivedMessages=[], initiatedState=Live(peerSinkSessionId=SessionId(toLong=1953014859611848863)), errors=[], deduplicationSeed=D-1953014859611848863--6406797140790486523)}, subFlowStack=[Inlined(flowClass=class net.corda.confidential.identities.SyncKeyMappingResponse, subFlowVersion=CoreFlow(platformVersion=5), isEnabledTimedFlow=false), Inlined(flowClass=class net.corda.confidential.identities.SyncKeyMappingFlowHandler, subFlowVersion=CoreFlow(platformVersion=5), isEnabledTimedFlow=false)], flowState=Started(flowIORequest=Receive(sessions=[FlowSessionImpl(counterparty=O=Alice Corp, L=Madrid, C=ES, sourceSessionId=SessionId(toLong=638980050707302791))]), frozenFiber=3C7B266154C1450412F78E4C459815AC37181F6EE342F808354322273C549705), errorState=Clean, numberOfSuspends=3), isCheckpointUpdate=true)
    PersistDeduplicationFacts(deduplicationHandlers=[])
    CommitTransaction
    AcknowledgeMessages(deduplicationHandlers=[])
    ScheduleEvent(event=DoRemainingWork)
  Continuation: ProcessEvents
  Diff between previous and next state:
checkpoint.flowState.flowIORequest: 
    Send(sessionToMessage={FlowSessionImpl(counterparty=O=Alice Corp, L=Madrid, C=ES, sourceSessionId=SessionId(toLong=638980050707302791))=DA4E8759BE72809E90CDC898880639C04C78EB2B35BC3D20BC7C5B60B26330B9})
    Receive(sessions=[FlowSessionImpl(counterparty=O=Alice Corp, L=Madrid, C=ES, sourceSessionId=SessionId(toLong=638980050707302791))])
checkpoint.flowState.frozenFiber.hash: 
    9691B91B41B323FA6F9A47BFDADDAE04C7E982FC0AE7AA1D5BBA2AF43198A956
    3C7B266154C1450412F78E4C459815AC37181F6EE342F808354322273C549705
checkpoint.numberOfSuspends: 
    2
    3
isFlowResumed: 
    true
    false


 --- Transition of flow [4f15496f-7e76-4772-9ac5-a27d281c5452] ---
  Timestamp: 2019-06-19T09:34:03.542Z
  Event: DoRemainingWork
  Actions: 
    
  Continuation: ProcessEvents
  Diff between previous and next state:
null

 --- Transition of flow [4f15496f-7e76-4772-9ac5-a27d281c5452] ---
  Timestamp: 2019-06-19T09:34:03.545Z
  Event: DeliverSessionMessage(sessionMessage=ExistingSessionMessage(recipientSessionId=SessionId(toLong=638980050707302791), payload=DataSessionMessage(payload=class net.corda.core.serialization.SerializedBytes)), deduplicationHandler=net.corda.testing.node.internal.MockNodeMessagingService$InMemoryDeduplicationHandler@55672de6, sender=O=Alice Corp, L=Madrid, C=ES)
  Actions: 
    ScheduleEvent(event=DoRemainingWork)
  Continuation: ProcessEvents
  Diff between previous and next state:
checkpoint.sessions.SessionId(toLong=638980050707302791).receivedMessages: 
    []
    [DataSessionMessage(payload=class net.corda.core.serialization.SerializedBytes)]
pendingDeduplicationHandlers: 
    []
    [net.corda.testing.node.internal.MockNodeMessagingService$InMemoryDeduplicationHandler@55672de6]


 --- Transition of flow [4f15496f-7e76-4772-9ac5-a27d281c5452] ---
  Timestamp: 2019-06-19T09:34:03.545Z
  Event: DoRemainingWork
  Actions: 
    CreateTransaction
  Continuation: Resume(result=class java.util.LinkedHashMap)
  Diff between previous and next state:
checkpoint.sessions.SessionId(toLong=638980050707302791).receivedMessages: 
    [DataSessionMessage(payload=class net.corda.core.serialization.SerializedBytes)]
    []
isFlowResumed: 
    false
    true


 --- Transition of flow [4f15496f-7e76-4772-9ac5-a27d281c5452] ---
  Timestamp: 2019-06-19T09:34:03.546Z
  Event: EnterSubFlow(subFlowClass=class net.corda.confidential.identities.RequestKeyFlowWrapper, subFlowVersion=CoreFlow(platformVersion=5), isEnabledTimedFlow=false)
  Actions: 
    
  Continuation: ProcessEvents
  Diff between previous and next state:
checkpoint.subFlowStack: 
    [Inlined(flowClass=class net.corda.confidential.identities.SyncKeyMappingResponse, subFlowVersion=CoreFlow(platformVersion=5), isEnabledTimedFlow=false), Inlined(flowClass=class net.corda.confidential.identities.SyncKeyMappingFlowHandler, subFlowVersion=CoreFlow(platformVersion=5), isEnabledTimedFlow=false)]
    [Inlined(flowClass=class net.corda.confidential.identities.SyncKeyMappingResponse, subFlowVersion=CoreFlow(platformVersion=5), isEnabledTimedFlow=false), Inlined(flowClass=class net.corda.confidential.identities.SyncKeyMappingFlowHandler, subFlowVersion=CoreFlow(platformVersion=5), isEnabledTimedFlow=false), Initiating(flowClass=class net.corda.confidential.identities.RequestKeyFlowWrapper, classToInitiateWith=class net.corda.confidential.identities.RequestKeyFlowWrapper, flowInfo=FlowInfo(flowVersion=1, appName=<unknown>), subFlowVersion=CoreFlow(platformVersion=5), isEnabledTimedFlow=false)]


 --- Transition of flow [4f15496f-7e76-4772-9ac5-a27d281c5452] ---
  Timestamp: 2019-06-19T09:34:03.546Z
  Event: InitiateFlow(wellKnownParty=O=Charlie Ltd, L=Athens, C=GR, requestedParty=null)
  Actions: 
    AddSessionBinding(flowId=[4f15496f-7e76-4772-9ac5-a27d281c5452], sessionId=SessionId(toLong=9124130210210132774))
  Continuation: Resume(result=class net.corda.node.services.statemachine.FlowSessionImpl)
  Diff between previous and next state:
checkpoint.sessions.SessionId(toLong=9124130210210132774): 
    null
    Uninitiated(party=O=Charlie Ltd, L=Athens, C=GR, initiatingSubFlow=Initiating(flowClass=class net.corda.confidential.identities.RequestKeyFlowWrapper, classToInitiateWith=class net.corda.confidential.identities.RequestKeyFlowWrapper, flowInfo=FlowInfo(flowVersion=1, appName=<unknown>), subFlowVersion=CoreFlow(platformVersion=5), isEnabledTimedFlow=false), sourceSessionId=SessionId(toLong=9124130210210132774), additionalEntropy=-4566457154872016394)


 --- Transition of flow [4f15496f-7e76-4772-9ac5-a27d281c5452] ---
  Timestamp: 2019-06-19T09:34:03.546Z
  Event: EnterSubFlow(subFlowClass=class net.corda.confidential.identities.RequestKeyFlow, subFlowVersion=CoreFlow(platformVersion=5), isEnabledTimedFlow=false)
  Actions: 
    
  Continuation: ProcessEvents
  Diff between previous and next state:
checkpoint.subFlowStack: 
    [Inlined(flowClass=class net.corda.confidential.identities.SyncKeyMappingResponse, subFlowVersion=CoreFlow(platformVersion=5), isEnabledTimedFlow=false), Inlined(flowClass=class net.corda.confidential.identities.SyncKeyMappingFlowHandler, subFlowVersion=CoreFlow(platformVersion=5), isEnabledTimedFlow=false), Initiating(flowClass=class net.corda.confidential.identities.RequestKeyFlowWrapper, classToInitiateWith=class net.corda.confidential.identities.RequestKeyFlowWrapper, flowInfo=FlowInfo(flowVersion=1, appName=<unknown>), subFlowVersion=CoreFlow(platformVersion=5), isEnabledTimedFlow=false)]
    [Inlined(flowClass=class net.corda.confidential.identities.SyncKeyMappingResponse, subFlowVersion=CoreFlow(platformVersion=5), isEnabledTimedFlow=false), Inlined(flowClass=class net.corda.confidential.identities.SyncKeyMappingFlowHandler, subFlowVersion=CoreFlow(platformVersion=5), isEnabledTimedFlow=false), Initiating(flowClass=class net.corda.confidential.identities.RequestKeyFlowWrapper, classToInitiateWith=class net.corda.confidential.identities.RequestKeyFlowWrapper, flowInfo=FlowInfo(flowVersion=1, appName=<unknown>), subFlowVersion=CoreFlow(platformVersion=5), isEnabledTimedFlow=false), Inlined(flowClass=class net.corda.confidential.identities.RequestKeyFlow, subFlowVersion=CoreFlow(platformVersion=5), isEnabledTimedFlow=false)]


 --- Transition of flow [4f15496f-7e76-4772-9ac5-a27d281c5452] ---
  Timestamp: 2019-06-19T09:34:03.549Z
  Event: Suspend(ioRequest=SendAndReceive({FlowSessionImpl(counterparty=O=Charlie Ltd, L=Athens, C=GR, sourceSessionId=SessionId(toLong=9124130210210132774))=FlowSessionImpl(counterparty=O=Charlie Ltd, L=Athens, C=GR, sourceSessionId=SessionId(toLong=9124130210210132774))=7B83DA3A44E9EE12DDFE6170D7D17590BACD9456268D9B97CD2BC5E41DBA9012}, shouldRetrySend=false), maySkipCheckpoint=false, fiber=81A20D01EB134EF0D45682A40CBE02BBF2C3682BC3E4B4B88DF01F5DA1495E63, )
  Actions: 
    PersistCheckpoint(id=[4f15496f-7e76-4772-9ac5-a27d281c5452], checkpoint=Checkpoint(invocationContext=InvocationContext(origin=Peer(party=O=Alice Corp, L=Madrid, C=ES), trace=Trace(invocationId=080d3261-edc5-4963-a043-0d795290217c, timestamp: 2019-06-19T09:34:03.528Z, entityType: Invocation, sessionId=080d3261-edc5-4963-a043-0d795290217c, timestamp: 2019-06-19T09:34:03.528Z, entityType: Session), actor=null, externalTrace=null, impersonatedActor=null), ourIdentity=O=Bob Plc, L=Rome, C=IT, sessions={SessionId(toLong=638980050707302791)=Initiated(peerParty=O=Alice Corp, L=Madrid, C=ES, peerFlowInfo=FlowInfo(flowVersion=1, appName=<unknown>), receivedMessages=[], initiatedState=Live(peerSinkSessionId=SessionId(toLong=1953014859611848863)), errors=[], deduplicationSeed=D-1953014859611848863--6406797140790486523), SessionId(toLong=9124130210210132774)=Uninitiated(party=O=Charlie Ltd, L=Athens, C=GR, initiatingSubFlow=Initiating(flowClass=class net.corda.confidential.identities.RequestKeyFlowWrapper, classToInitiateWith=class net.corda.confidential.identities.RequestKeyFlowWrapper, flowInfo=FlowInfo(flowVersion=1, appName=<unknown>), subFlowVersion=CoreFlow(platformVersion=5), isEnabledTimedFlow=false), sourceSessionId=SessionId(toLong=9124130210210132774), additionalEntropy=-4566457154872016394)}, subFlowStack=[Inlined(flowClass=class net.corda.confidential.identities.SyncKeyMappingResponse, subFlowVersion=CoreFlow(platformVersion=5), isEnabledTimedFlow=false), Inlined(flowClass=class net.corda.confidential.identities.SyncKeyMappingFlowHandler, subFlowVersion=CoreFlow(platformVersion=5), isEnabledTimedFlow=false), Initiating(flowClass=class net.corda.confidential.identities.RequestKeyFlowWrapper, classToInitiateWith=class net.corda.confidential.identities.RequestKeyFlowWrapper, flowInfo=FlowInfo(flowVersion=1, appName=<unknown>), subFlowVersion=CoreFlow(platformVersion=5), isEnabledTimedFlow=false), Inlined(flowClass=class net.corda.confidential.identities.RequestKeyFlow, subFlowVersion=CoreFlow(platformVersion=5), isEnabledTimedFlow=false)], flowState=Started(flowIORequest=SendAndReceive({FlowSessionImpl(counterparty=O=Charlie Ltd, L=Athens, C=GR, sourceSessionId=SessionId(toLong=9124130210210132774))=FlowSessionImpl(counterparty=O=Charlie Ltd, L=Athens, C=GR, sourceSessionId=SessionId(toLong=9124130210210132774))=7B83DA3A44E9EE12DDFE6170D7D17590BACD9456268D9B97CD2BC5E41DBA9012}, shouldRetrySend=false), frozenFiber=81A20D01EB134EF0D45682A40CBE02BBF2C3682BC3E4B4B88DF01F5DA1495E63), errorState=Clean, numberOfSuspends=4), isCheckpointUpdate=true)
    PersistDeduplicationFacts(deduplicationHandlers=[net.corda.testing.node.internal.MockNodeMessagingService$InMemoryDeduplicationHandler@55672de6])
    CommitTransaction
    AcknowledgeMessages(deduplicationHandlers=[net.corda.testing.node.internal.MockNodeMessagingService$InMemoryDeduplicationHandler@55672de6])
    ScheduleEvent(event=DoRemainingWork)
  Continuation: ProcessEvents
  Diff between previous and next state:
checkpoint.flowState.flowIORequest: 
    Receive(sessions=[FlowSessionImpl(counterparty=O=Alice Corp, L=Madrid, C=ES, sourceSessionId=SessionId(toLong=638980050707302791))])
    SendAndReceive({FlowSessionImpl(counterparty=O=Charlie Ltd, L=Athens, C=GR, sourceSessionId=SessionId(toLong=9124130210210132774))=FlowSessionImpl(counterparty=O=Charlie Ltd, L=Athens, C=GR, sourceSessionId=SessionId(toLong=9124130210210132774))=7B83DA3A44E9EE12DDFE6170D7D17590BACD9456268D9B97CD2BC5E41DBA9012}, shouldRetrySend=false)
checkpoint.flowState.frozenFiber.hash: 
    3C7B266154C1450412F78E4C459815AC37181F6EE342F808354322273C549705
    81A20D01EB134EF0D45682A40CBE02BBF2C3682BC3E4B4B88DF01F5DA1495E63
checkpoint.numberOfSuspends: 
    3
    4
pendingDeduplicationHandlers: 
    [net.corda.testing.node.internal.MockNodeMessagingService$InMemoryDeduplicationHandler@55672de6]
    []
isFlowResumed: 
    true
    false


 --- Transition of flow [4f15496f-7e76-4772-9ac5-a27d281c5452] ---
  Timestamp: 2019-06-19T09:34:03.552Z
  Event: DoRemainingWork
  Actions: 
    SendInitial(party=O=Charlie Ltd, L=Athens, C=GR, initialise=InitialSessionMessage(initiatorSessionId=SessionId(toLong=9124130210210132774), initiationEntropy=-4566457154872016394, initiatorFlowClassName=net.corda.confidential.identities.RequestKeyFlowWrapper, appName=<unknown>, firstPayload=class net.corda.core.serialization.SerializedBytes), deduplicationId=SenderDeduplicationId(deduplicationId=DeduplicationId(toString=N-R-9124130210210132774--4566457154872016394-4-0), senderUUID=7aef62f0-2180-439d-bd97-b5c8b49a6c38))
  Continuation: ProcessEvents
  Diff between previous and next state:
checkpoint.flowState.flowIORequest: 
    SendAndReceive({FlowSessionImpl(counterparty=O=Charlie Ltd, L=Athens, C=GR, sourceSessionId=SessionId(toLong=9124130210210132774))=FlowSessionImpl(counterparty=O=Charlie Ltd, L=Athens, C=GR, sourceSessionId=SessionId(toLong=9124130210210132774))=7B83DA3A44E9EE12DDFE6170D7D17590BACD9456268D9B97CD2BC5E41DBA9012}, shouldRetrySend=false)
    Receive(sessions=[FlowSessionImpl(counterparty=O=Charlie Ltd, L=Athens, C=GR, sourceSessionId=SessionId(toLong=9124130210210132774))])
checkpoint.sessions.SessionId(toLong=9124130210210132774): 
    Uninitiated(party=O=Charlie Ltd, L=Athens, C=GR, initiatingSubFlow=Initiating(flowClass=class net.corda.confidential.identities.RequestKeyFlowWrapper, classToInitiateWith=class net.corda.confidential.identities.RequestKeyFlowWrapper, flowInfo=FlowInfo(flowVersion=1, appName=<unknown>), subFlowVersion=CoreFlow(platformVersion=5), isEnabledTimedFlow=false), sourceSessionId=SessionId(toLong=9124130210210132774), additionalEntropy=-4566457154872016394)
    Initiating(bufferedMessages=[], rejectionError=null, deduplicationSeed=R-9124130210210132774--4566457154872016394)


 --- Transition of flow [4f15496f-7e76-4772-9ac5-a27d281c5452] ---
  Timestamp: 2019-06-19T09:34:03.564Z
  Event: DeliverSessionMessage(sessionMessage=ExistingSessionMessage(recipientSessionId=SessionId(toLong=9124130210210132774), payload=RejectSessionMessage(message=net.corda.confidential.identities.RequestKeyFlowWrapper is not registered, errorId=8846550760029296164)), deduplicationHandler=net.corda.testing.node.internal.MockNodeMessagingService$InMemoryDeduplicationHandler@5e0adbbf, sender=O=Charlie Ltd, L=Athens, C=GR)
  Actions: 
    ScheduleEvent(event=DoRemainingWork)
  Continuation: ProcessEvents
  Diff between previous and next state:
checkpoint.sessions.SessionId(toLong=9124130210210132774).rejectionError: 
    null
    FlowError(errorId=8846550760029296164, exception=net.corda.core.flows.UnexpectedFlowEndException: net.corda.confidential.identities.RequestKeyFlowWrapper is not registered)
pendingDeduplicationHandlers: 
    []
    [net.corda.testing.node.internal.MockNodeMessagingService$InMemoryDeduplicationHandler@5e0adbbf]


 --- Transition of flow [4f15496f-7e76-4772-9ac5-a27d281c5452] ---
  Timestamp: 2019-06-19T09:34:03.564Z
  Event: DoRemainingWork
  Actions: 
    CreateTransaction
  Continuation: Throw(throwable=net.corda.core.flows.UnexpectedFlowEndException: net.corda.confidential.identities.RequestKeyFlowWrapper is not registered)
  Diff between previous and next state:
isFlowResumed: 
    false
    true


 --- Transition of flow [4f15496f-7e76-4772-9ac5-a27d281c5452] ---
  Timestamp: 2019-06-19T09:34:03.565Z
  Event: LeaveSubFlow
  Actions: 
    
  Continuation: ProcessEvents
  Diff between previous and next state:
checkpoint.subFlowStack: 
    [Inlined(flowClass=class net.corda.confidential.identities.SyncKeyMappingResponse, subFlowVersion=CoreFlow(platformVersion=5), isEnabledTimedFlow=false), Inlined(flowClass=class net.corda.confidential.identities.SyncKeyMappingFlowHandler, subFlowVersion=CoreFlow(platformVersion=5), isEnabledTimedFlow=false), Initiating(flowClass=class net.corda.confidential.identities.RequestKeyFlowWrapper, classToInitiateWith=class net.corda.confidential.identities.RequestKeyFlowWrapper, flowInfo=FlowInfo(flowVersion=1, appName=<unknown>), subFlowVersion=CoreFlow(platformVersion=5), isEnabledTimedFlow=false), Inlined(flowClass=class net.corda.confidential.identities.RequestKeyFlow, subFlowVersion=CoreFlow(platformVersion=5), isEnabledTimedFlow=false)]
    [Inlined(flowClass=class net.corda.confidential.identities.SyncKeyMappingResponse, subFlowVersion=CoreFlow(platformVersion=5), isEnabledTimedFlow=false), Inlined(flowClass=class net.corda.confidential.identities.SyncKeyMappingFlowHandler, subFlowVersion=CoreFlow(platformVersion=5), isEnabledTimedFlow=false), Initiating(flowClass=class net.corda.confidential.identities.RequestKeyFlowWrapper, classToInitiateWith=class net.corda.confidential.identities.RequestKeyFlowWrapper, flowInfo=FlowInfo(flowVersion=1, appName=<unknown>), subFlowVersion=CoreFlow(platformVersion=5), isEnabledTimedFlow=false)]


 --- Transition of flow [4f15496f-7e76-4772-9ac5-a27d281c5452] ---
  Timestamp: 2019-06-19T09:34:03.565Z
  Event: LeaveSubFlow
  Actions: 
    
  Continuation: ProcessEvents
  Diff between previous and next state:
checkpoint.subFlowStack: 
    [Inlined(flowClass=class net.corda.confidential.identities.SyncKeyMappingResponse, subFlowVersion=CoreFlow(platformVersion=5), isEnabledTimedFlow=false), Inlined(flowClass=class net.corda.confidential.identities.SyncKeyMappingFlowHandler, subFlowVersion=CoreFlow(platformVersion=5), isEnabledTimedFlow=false), Initiating(flowClass=class net.corda.confidential.identities.RequestKeyFlowWrapper, classToInitiateWith=class net.corda.confidential.identities.RequestKeyFlowWrapper, flowInfo=FlowInfo(flowVersion=1, appName=<unknown>), subFlowVersion=CoreFlow(platformVersion=5), isEnabledTimedFlow=false)]
    [Inlined(flowClass=class net.corda.confidential.identities.SyncKeyMappingResponse, subFlowVersion=CoreFlow(platformVersion=5), isEnabledTimedFlow=false), Inlined(flowClass=class net.corda.confidential.identities.SyncKeyMappingFlowHandler, subFlowVersion=CoreFlow(platformVersion=5), isEnabledTimedFlow=false)]


 --- Transition of flow [4f15496f-7e76-4772-9ac5-a27d281c5452] ---
  Timestamp: 2019-06-19T09:34:03.565Z
  Event: LeaveSubFlow
  Actions: 
    
  Continuation: ProcessEvents
  Diff between previous and next state:
checkpoint.subFlowStack: 
    [Inlined(flowClass=class net.corda.confidential.identities.SyncKeyMappingResponse, subFlowVersion=CoreFlow(platformVersion=5), isEnabledTimedFlow=false), Inlined(flowClass=class net.corda.confidential.identities.SyncKeyMappingFlowHandler, subFlowVersion=CoreFlow(platformVersion=5), isEnabledTimedFlow=false)]
    [Inlined(flowClass=class net.corda.confidential.identities.SyncKeyMappingResponse, subFlowVersion=CoreFlow(platformVersion=5), isEnabledTimedFlow=false)]


 --- Transition of flow [4f15496f-7e76-4772-9ac5-a27d281c5452] ---
  Timestamp: 2019-06-19T09:34:03.572Z
  Event: Error(exception=net.corda.core.flows.UnexpectedFlowEndException: net.corda.confidential.identities.RequestKeyFlowWrapper is not registered)
  Actions: 
    RollbackTransaction
    ScheduleEvent(event=DoRemainingWork)
  Continuation: ProcessEvents
  Diff between previous and next state:
checkpoint.errorState: 
    Clean
    Errored(errors=[FlowError(errorId=8846550760029296164, exception=net.corda.core.flows.UnexpectedFlowEndException: net.corda.confidential.identities.RequestKeyFlowWrapper is not registered)], propagatedIndex=0, propagating=false)
isFlowResumed: 
    true
    false


 --- Transition of flow [4f15496f-7e76-4772-9ac5-a27d281c5452] ---
  Timestamp: 2019-06-19T09:34:03.575Z
  Event: DoRemainingWork
  Actions: 
    
  Continuation: ProcessEvents
  Diff between previous and next state:
null

 --- Transition of flow [4f15496f-7e76-4772-9ac5-a27d281c5452] ---
  Timestamp: 2019-06-19T09:34:03.576Z
  Event: StartErrorPropagation
  Actions: 
    ScheduleEvent(event=DoRemainingWork)
  Continuation: ProcessEvents
  Diff between previous and next state:
checkpoint.errorState.propagating: 
    false
    true


 --- Transition of flow [4f15496f-7e76-4772-9ac5-a27d281c5452] ---
  Timestamp: 2019-06-19T09:34:03.643Z
  Event: DoRemainingWork
  Actions: 
    PropagateErrors(errorMessages=[ErrorSessionMessage(flowException=null, errorId=8846550760029296164)], sessions=[Initiated(peerParty=O=Alice Corp, L=Madrid, C=ES, peerFlowInfo=FlowInfo(flowVersion=1, appName=<unknown>), receivedMessages=[], initiatedState=Live(peerSinkSessionId=SessionId(toLong=1953014859611848863)), errors=[], deduplicationSeed=D-1953014859611848863--6406797140790486523)], senderUUID=7aef62f0-2180-439d-bd97-b5c8b49a6c38)
    CreateTransaction
    RemoveCheckpoint(id=[4f15496f-7e76-4772-9ac5-a27d281c5452])
    PersistDeduplicationFacts(deduplicationHandlers=[net.corda.testing.node.internal.MockNodeMessagingService$InMemoryDeduplicationHandler@5e0adbbf])
    ReleaseSoftLocks(uuid=4f15496f-7e76-4772-9ac5-a27d281c5452)
    CommitTransaction
    AcknowledgeMessages(deduplicationHandlers=[net.corda.testing.node.internal.MockNodeMessagingService$InMemoryDeduplicationHandler@5e0adbbf])
    RemoveSessionBindings(sessionIds=[SessionId(toLong=638980050707302791), SessionId(toLong=9124130210210132774)])
    RemoveFlow(flowId=[4f15496f-7e76-4772-9ac5-a27d281c5452], removalReason=ErrorFinish(flowErrors=[FlowError(errorId=8846550760029296164, exception=net.corda.core.flows.UnexpectedFlowEndException: net.corda.confidential.identities.RequestKeyFlowWrapper is not registered)]), lastState=StateMachineState(checkpoint=Checkpoint(invocationContext=InvocationContext(origin=Peer(party=O=Alice Corp, L=Madrid, C=ES), trace=Trace(invocationId=080d3261-edc5-4963-a043-0d795290217c, timestamp: 2019-06-19T09:34:03.528Z, entityType: Invocation, sessionId=080d3261-edc5-4963-a043-0d795290217c, timestamp: 2019-06-19T09:34:03.528Z, entityType: Session), actor=null, externalTrace=null, impersonatedActor=null), ourIdentity=O=Bob Plc, L=Rome, C=IT, sessions={SessionId(toLong=638980050707302791)=Initiated(peerParty=O=Alice Corp, L=Madrid, C=ES, peerFlowInfo=FlowInfo(flowVersion=1, appName=<unknown>), receivedMessages=[], initiatedState=Live(peerSinkSessionId=SessionId(toLong=1953014859611848863)), errors=[], deduplicationSeed=D-1953014859611848863--6406797140790486523), SessionId(toLong=9124130210210132774)=Initiating(bufferedMessages=[], rejectionError=FlowError(errorId=8846550760029296164, exception=net.corda.core.flows.UnexpectedFlowEndException: net.corda.confidential.identities.RequestKeyFlowWrapper is not registered), deduplicationSeed=R-9124130210210132774--4566457154872016394)}, subFlowStack=[Inlined(flowClass=class net.corda.confidential.identities.SyncKeyMappingResponse, subFlowVersion=CoreFlow(platformVersion=5), isEnabledTimedFlow=false)], flowState=Started(flowIORequest=Receive(sessions=[FlowSessionImpl(counterparty=O=Charlie Ltd, L=Athens, C=GR, sourceSessionId=SessionId(toLong=9124130210210132774))]), frozenFiber=81A20D01EB134EF0D45682A40CBE02BBF2C3682BC3E4B4B88DF01F5DA1495E63), errorState=Errored(errors=[FlowError(errorId=8846550760029296164, exception=net.corda.core.flows.UnexpectedFlowEndException: net.corda.confidential.identities.RequestKeyFlowWrapper is not registered)], propagatedIndex=1, propagating=true), numberOfSuspends=4), flowLogic=net.corda.confidential.identities.SyncKeyMappingResponse@2c6c5e46, pendingDeduplicationHandlers=[], isFlowResumed=false, isTransactionTracked=false, isAnyCheckpointPersisted=true, isStartIdempotent=false, isRemoved=true, senderUUID=7aef62f0-2180-439d-bd97-b5c8b49a6c38))
  Continuation: Abort
  Diff between previous and next state:
checkpoint.errorState.propagatedIndex: 
    0
    1
pendingDeduplicationHandlers: 
    [net.corda.testing.node.internal.MockNodeMessagingService$InMemoryDeduplicationHandler@5e0adbbf]
    []
isRemoved: 
    false
    true
 {fiber-id=10000017, flow-id=4f15496f-7e76-4772-9ac5-a27d281c5452, invocation_id=080d3261-edc5-4963-a043-0d795290217c, invocation_timestamp=2019-06-19T09:34:03.528Z, origin=O=Alice Corp, L=Madrid, C=ES, session_id=080d3261-edc5-4963-a043-0d795290217c, session_timestamp=2019-06-19T09:34:03.528Z, thread-id=926}
?[m?[31m[WARN] 10:34:03,649 [Mock node 2 thread] interceptors.DumpHistoryOnErrorInterceptor.executeTransition - Flow [4f15496f-7e76-4772-9ac5-a27d281c5452] error [errorCode=1ggjwsp, moreInformationAt=https://errors.corda.net/OS/5.0-SNAPSHOT-WILLH/1ggjwsp] {fiber-id=10000017, flow-id=4f15496f-7e76-4772-9ac5-a27d281c5452, invocation_id=080d3261-edc5-4963-a043-0d795290217c, invocation_timestamp=2019-06-19T09:34:03.528Z, origin=O=Alice Corp, L=Madrid, C=ES, session_id=080d3261-edc5-4963-a043-0d795290217c, session_timestamp=2019-06-19T09:34:03.528Z, thread-id=926}
?[m net.corda.core.flows.UnexpectedFlowEndException: net.corda.confidential.identities.RequestKeyFlowWrapper is not registered
	at net.corda.node.services.statemachine.FlowStateMachineImpl.fillInLocalStackTrace(FlowStateMachineImpl.kt:175) ~[corda-node-5.0-SNAPSHOT-WILLH.jar:?]
	at net.corda.node.services.statemachine.FlowStateMachineImpl.processEventsUntilFlowIsResumed(FlowStateMachineImpl.kt:163) ~[corda-node-5.0-SNAPSHOT-WILLH.jar:?]
	at net.corda.node.services.statemachine.FlowStateMachineImpl.suspend(FlowStateMachineImpl.kt:447) ~[corda-node-5.0-SNAPSHOT-WILLH.jar:?]
	at net.corda.node.services.statemachine.FlowSessionImpl.sendAndReceive(FlowSessionImpl.kt:56) ~[corda-node-5.0-SNAPSHOT-WILLH.jar:?]
	at net.corda.node.services.statemachine.FlowSessionImpl.sendAndReceive(FlowSessionImpl.kt:63) ~[corda-node-5.0-SNAPSHOT-WILLH.jar:?]
	at net.corda.confidential.identities.RequestKeyFlow.call(RequestKeyFlow.kt:88) ~[main/:?]
	at net.corda.confidential.identities.RequestKeyFlow.call(RequestKeyFlow.kt:15) ~[main/:?]
	at net.corda.node.services.statemachine.FlowStateMachineImpl.subFlow(FlowStateMachineImpl.kt:330) ~[corda-node-5.0-SNAPSHOT-WILLH.jar:?]
	at net.corda.core.flows.FlowLogic.subFlow(FlowLogic.kt:327) ~[corda-core-5.0-SNAPSHOT-WILLH.jar:?]
	at net.corda.confidential.identities.RequestKeyFlowWrapper.call(RequestKeyFlow.kt:76) ~[main/:?]
	at net.corda.confidential.identities.RequestKeyFlowWrapper.call(RequestKeyFlow.kt:73) ~[main/:?]
	at net.corda.node.services.statemachine.FlowStateMachineImpl.subFlow(FlowStateMachineImpl.kt:330) ~[corda-node-5.0-SNAPSHOT-WILLH.jar:?]
	at net.corda.core.flows.FlowLogic.subFlow(FlowLogic.kt:327) ~[corda-core-5.0-SNAPSHOT-WILLH.jar:?]
	at net.corda.confidential.identities.SyncKeyMappingFlowHandler.call(SyncKeyMappingFlow.kt:91) ~[main/:?]
	at net.corda.confidential.identities.SyncKeyMappingFlowHandler.call(SyncKeyMappingFlow.kt:58) ~[main/:?]
	at net.corda.node.services.statemachine.FlowStateMachineImpl.subFlow(FlowStateMachineImpl.kt:330) ~[corda-node-5.0-SNAPSHOT-WILLH.jar:?]
	at net.corda.core.flows.FlowLogic.subFlow(FlowLogic.kt:327) ~[corda-core-5.0-SNAPSHOT-WILLH.jar:?]
	at net.corda.confidential.identities.SyncKeyMappingResponse.call(SyncKeyMappingFlowTests.kt:130) ~[test/:?]
	at net.corda.confidential.identities.SyncKeyMappingResponse.call(SyncKeyMappingFlowTests.kt:127) ~[test/:?]
	at net.corda.node.services.statemachine.FlowStateMachineImpl.run(FlowStateMachineImpl.kt:270) ~[corda-node-5.0-SNAPSHOT-WILLH.jar:?]
	at net.corda.node.services.statemachine.FlowStateMachineImpl.run(FlowStateMachineImpl.kt:46) ~[corda-node-5.0-SNAPSHOT-WILLH.jar:?]
	at co.paralleluniverse.fibers.Fiber.run1(Fiber.java:1092) ~[quasar-core-0.7.10-jdk8.jar:0.7.10]
	at co.paralleluniverse.fibers.Fiber.exec(Fiber.java:788) ~[quasar-core-0.7.10-jdk8.jar:0.7.10]
	at co.paralleluniverse.fibers.RunnableFiberTask.doExec(RunnableFiberTask.java:100) ~[quasar-core-0.7.10-jdk8.jar:0.7.10]
	at co.paralleluniverse.fibers.RunnableFiberTask.run(RunnableFiberTask.java:91) ~[quasar-core-0.7.10-jdk8.jar:0.7.10]
	at java.util.concurrent.Executors$RunnableAdapter.call(Executors.java:511) ~[?:1.8.0_201]
	at java.util.concurrent.FutureTask.run(FutureTask.java:266) ~[?:1.8.0_201]
	at java.util.concurrent.ScheduledThreadPoolExecutor$ScheduledFutureTask.access$201(ScheduledThreadPoolExecutor.java:180) ~[?:1.8.0_201]
	at java.util.concurrent.ScheduledThreadPoolExecutor$ScheduledFutureTask.run(ScheduledThreadPoolExecutor.java:293) ~[?:1.8.0_201]
	at java.util.concurrent.ThreadPoolExecutor.runWorker(ThreadPoolExecutor.java:1149) ~[?:1.8.0_201]
	at java.util.concurrent.ThreadPoolExecutor$Worker.run(ThreadPoolExecutor.java:624) ~[?:1.8.0_201]
	at net.corda.node.utilities.AffinityExecutor$ServiceAffinityExecutor$1$thread$1.run(AffinityExecutor.kt:63) ~[corda-node-5.0-SNAPSHOT-WILLH.jar:?]
?[37m[INFO] 10:34:03,650 [Test worker] pool.HikariPool.shutdown - HikariPool-9 - Closed.
?[m?[37m[INFO] 10:34:03,651 [Test worker] pool.HikariPool.shutdown - HikariPool-10 - Close initiated...
?[m?[37m[INFO] 10:34:03,652 [Test worker] pool.HikariPool.shutdown - HikariPool-10 - Closed.
?[m?[31m[WARN] 10:34:03,654 [Mock node 1 thread] interceptors.DumpHistoryOnErrorInterceptor.executeTransition - Flow [1b33f154-c5f1-431a-9dad-9805af157ad1] errored, dumping all transitions:

 --- Transition of flow [1b33f154-c5f1-431a-9dad-9805af157ad1] ---
  Timestamp: 2019-06-19T09:34:03.514Z
  Event: DoRemainingWork
  Actions: 
    CreateTransaction
    PersistCheckpoint(id=[1b33f154-c5f1-431a-9dad-9805af157ad1], checkpoint=Checkpoint(invocationContext=InvocationContext(origin=RPC(actor=Actor(id=Id(value=Only For Testing), serviceId=AuthServiceId(value=TEST), owningLegalIdentity=O=Alice Corp, L=Madrid, C=ES)), trace=Trace(invocationId=80c8904a-69ab-4881-ae2f-97108d6a5293, timestamp: 2019-06-19T09:34:03.478Z, entityType: Invocation, sessionId=80c8904a-69ab-4881-ae2f-97108d6a5293, timestamp: 2019-06-19T09:34:03.478Z, entityType: Session), actor=Actor(id=Id(value=Only For Testing), serviceId=AuthServiceId(value=TEST), owningLegalIdentity=O=Alice Corp, L=Madrid, C=ES), externalTrace=null, impersonatedActor=null), ourIdentity=O=Alice Corp, L=Madrid, C=ES, sessions={}, subFlowStack=[Initiating(flowClass=class net.corda.confidential.identities.SyncKeyMappingInitiator, classToInitiateWith=class net.corda.confidential.identities.SyncKeyMappingInitiator, flowInfo=FlowInfo(flowVersion=1, appName=<unknown>), subFlowVersion=CoreFlow(platformVersion=5), isEnabledTimedFlow=false)], flowState=Unstarted(flowStart=Explicit, frozenFlowLogic=A9483F821619723BD4509263FE441566D2B9B6905D03D770BECDE4FD49D22F00), errorState=Clean, numberOfSuspends=0), isCheckpointUpdate=false)
    PersistDeduplicationFacts(deduplicationHandlers=[net.corda.node.internal.FlowStarterImpl$startFlow$startFlowEvent$1@1e7e0a59])
    CommitTransaction
    AcknowledgeMessages(deduplicationHandlers=[net.corda.node.internal.FlowStarterImpl$startFlow$startFlowEvent$1@1e7e0a59])
    SignalFlowHasStarted(flowId=[1b33f154-c5f1-431a-9dad-9805af157ad1])
    CreateTransaction
  Continuation: Resume(result=null)
  Diff between previous and next state:
isAnyCheckpointPersisted: 
    false
    true
pendingDeduplicationHandlers: 
    [net.corda.node.internal.FlowStarterImpl$startFlow$startFlowEvent$1@1e7e0a59]
    []
isFlowResumed: 
    false
    true


 --- Transition of flow [1b33f154-c5f1-431a-9dad-9805af157ad1] ---
  Timestamp: 2019-06-19T09:34:03.514Z
  Event: InitiateFlow(wellKnownParty=O=Bob Plc, L=Rome, C=IT, requestedParty=null)
  Actions: 
    AddSessionBinding(flowId=[1b33f154-c5f1-431a-9dad-9805af157ad1], sessionId=SessionId(toLong=1953014859611848863))
  Continuation: Resume(result=class net.corda.node.services.statemachine.FlowSessionImpl)
  Diff between previous and next state:
checkpoint.sessions.SessionId(toLong=1953014859611848863): 
    null
    Uninitiated(party=O=Bob Plc, L=Rome, C=IT, initiatingSubFlow=Initiating(flowClass=class net.corda.confidential.identities.SyncKeyMappingInitiator, classToInitiateWith=class net.corda.confidential.identities.SyncKeyMappingInitiator, flowInfo=FlowInfo(flowVersion=1, appName=<unknown>), subFlowVersion=CoreFlow(platformVersion=5), isEnabledTimedFlow=false), sourceSessionId=SessionId(toLong=1953014859611848863), additionalEntropy=-6406797140790486523)


 --- Transition of flow [1b33f154-c5f1-431a-9dad-9805af157ad1] ---
  Timestamp: 2019-06-19T09:34:03.514Z
  Event: EnterSubFlow(subFlowClass=class net.corda.confidential.identities.SyncKeyMappingFlow, subFlowVersion=CoreFlow(platformVersion=5), isEnabledTimedFlow=false)
  Actions: 
    
  Continuation: ProcessEvents
  Diff between previous and next state:
checkpoint.subFlowStack: 
    [Initiating(flowClass=class net.corda.confidential.identities.SyncKeyMappingInitiator, classToInitiateWith=class net.corda.confidential.identities.SyncKeyMappingInitiator, flowInfo=FlowInfo(flowVersion=1, appName=<unknown>), subFlowVersion=CoreFlow(platformVersion=5), isEnabledTimedFlow=false)]
    [Initiating(flowClass=class net.corda.confidential.identities.SyncKeyMappingInitiator, classToInitiateWith=class net.corda.confidential.identities.SyncKeyMappingInitiator, flowInfo=FlowInfo(flowVersion=1, appName=<unknown>), subFlowVersion=CoreFlow(platformVersion=5), isEnabledTimedFlow=false), Inlined(flowClass=class net.corda.confidential.identities.SyncKeyMappingFlow, subFlowVersion=CoreFlow(platformVersion=5), isEnabledTimedFlow=false)]


 --- Transition of flow [1b33f154-c5f1-431a-9dad-9805af157ad1] ---
  Timestamp: 2019-06-19T09:34:03.519Z
  Event: Suspend(ioRequest=SendAndReceive({FlowSessionImpl(counterparty=O=Bob Plc, L=Rome, C=IT, sourceSessionId=SessionId(toLong=1953014859611848863))=FlowSessionImpl(counterparty=O=Bob Plc, L=Rome, C=IT, sourceSessionId=SessionId(toLong=1953014859611848863))=DA4E8759BE72809E90CDC898880639C04C78EB2B35BC3D20BC7C5B60B26330B9}, shouldRetrySend=false), maySkipCheckpoint=false, fiber=0A4C6D313C6623876348A99C7A5890E50DA41C5D2337B4B82565B03AF15E1622, )
  Actions: 
    PersistCheckpoint(id=[1b33f154-c5f1-431a-9dad-9805af157ad1], checkpoint=Checkpoint(invocationContext=InvocationContext(origin=RPC(actor=Actor(id=Id(value=Only For Testing), serviceId=AuthServiceId(value=TEST), owningLegalIdentity=O=Alice Corp, L=Madrid, C=ES)), trace=Trace(invocationId=80c8904a-69ab-4881-ae2f-97108d6a5293, timestamp: 2019-06-19T09:34:03.478Z, entityType: Invocation, sessionId=80c8904a-69ab-4881-ae2f-97108d6a5293, timestamp: 2019-06-19T09:34:03.478Z, entityType: Session), actor=Actor(id=Id(value=Only For Testing), serviceId=AuthServiceId(value=TEST), owningLegalIdentity=O=Alice Corp, L=Madrid, C=ES), externalTrace=null, impersonatedActor=null), ourIdentity=O=Alice Corp, L=Madrid, C=ES, sessions={SessionId(toLong=1953014859611848863)=Uninitiated(party=O=Bob Plc, L=Rome, C=IT, initiatingSubFlow=Initiating(flowClass=class net.corda.confidential.identities.SyncKeyMappingInitiator, classToInitiateWith=class net.corda.confidential.identities.SyncKeyMappingInitiator, flowInfo=FlowInfo(flowVersion=1, appName=<unknown>), subFlowVersion=CoreFlow(platformVersion=5), isEnabledTimedFlow=false), sourceSessionId=SessionId(toLong=1953014859611848863), additionalEntropy=-6406797140790486523)}, subFlowStack=[Initiating(flowClass=class net.corda.confidential.identities.SyncKeyMappingInitiator, classToInitiateWith=class net.corda.confidential.identities.SyncKeyMappingInitiator, flowInfo=FlowInfo(flowVersion=1, appName=<unknown>), subFlowVersion=CoreFlow(platformVersion=5), isEnabledTimedFlow=false), Inlined(flowClass=class net.corda.confidential.identities.SyncKeyMappingFlow, subFlowVersion=CoreFlow(platformVersion=5), isEnabledTimedFlow=false)], flowState=Started(flowIORequest=SendAndReceive({FlowSessionImpl(counterparty=O=Bob Plc, L=Rome, C=IT, sourceSessionId=SessionId(toLong=1953014859611848863))=FlowSessionImpl(counterparty=O=Bob Plc, L=Rome, C=IT, sourceSessionId=SessionId(toLong=1953014859611848863))=DA4E8759BE72809E90CDC898880639C04C78EB2B35BC3D20BC7C5B60B26330B9}, shouldRetrySend=false), frozenFiber=0A4C6D313C6623876348A99C7A5890E50DA41C5D2337B4B82565B03AF15E1622), errorState=Clean, numberOfSuspends=1), isCheckpointUpdate=true)
    PersistDeduplicationFacts(deduplicationHandlers=[])
    CommitTransaction
    AcknowledgeMessages(deduplicationHandlers=[])
    ScheduleEvent(event=DoRemainingWork)
  Continuation: ProcessEvents
  Diff between previous and next state:
checkpoint.flowState: 
    Unstarted(flowStart=Explicit, frozenFlowLogic=A9483F821619723BD4509263FE441566D2B9B6905D03D770BECDE4FD49D22F00)
    Started(flowIORequest=SendAndReceive({FlowSessionImpl(counterparty=O=Bob Plc, L=Rome, C=IT, sourceSessionId=SessionId(toLong=1953014859611848863))=FlowSessionImpl(counterparty=O=Bob Plc, L=Rome, C=IT, sourceSessionId=SessionId(toLong=1953014859611848863))=DA4E8759BE72809E90CDC898880639C04C78EB2B35BC3D20BC7C5B60B26330B9}, shouldRetrySend=false), frozenFiber=0A4C6D313C6623876348A99C7A5890E50DA41C5D2337B4B82565B03AF15E1622)
checkpoint.numberOfSuspends: 
    0
    1
isFlowResumed: 
    true
    false


 --- Transition of flow [1b33f154-c5f1-431a-9dad-9805af157ad1] ---
  Timestamp: 2019-06-19T09:34:03.525Z
  Event: DoRemainingWork
  Actions: 
    SendInitial(party=O=Bob Plc, L=Rome, C=IT, initialise=InitialSessionMessage(initiatorSessionId=SessionId(toLong=1953014859611848863), initiationEntropy=-6406797140790486523, initiatorFlowClassName=net.corda.confidential.identities.SyncKeyMappingInitiator, appName=<unknown>, firstPayload=class net.corda.core.serialization.SerializedBytes), deduplicationId=SenderDeduplicationId(deduplicationId=DeduplicationId(toString=N-R-1953014859611848863--6406797140790486523-1-0), senderUUID=0da360ce-10c1-4625-96b6-17789a6267fc))
  Continuation: ProcessEvents
  Diff between previous and next state:
checkpoint.flowState.flowIORequest: 
    SendAndReceive({FlowSessionImpl(counterparty=O=Bob Plc, L=Rome, C=IT, sourceSessionId=SessionId(toLong=1953014859611848863))=FlowSessionImpl(counterparty=O=Bob Plc, L=Rome, C=IT, sourceSessionId=SessionId(toLong=1953014859611848863))=DA4E8759BE72809E90CDC898880639C04C78EB2B35BC3D20BC7C5B60B26330B9}, shouldRetrySend=false)
    Receive(sessions=[FlowSessionImpl(counterparty=O=Bob Plc, L=Rome, C=IT, sourceSessionId=SessionId(toLong=1953014859611848863))])
checkpoint.sessions.SessionId(toLong=1953014859611848863): 
    Uninitiated(party=O=Bob Plc, L=Rome, C=IT, initiatingSubFlow=Initiating(flowClass=class net.corda.confidential.identities.SyncKeyMappingInitiator, classToInitiateWith=class net.corda.confidential.identities.SyncKeyMappingInitiator, flowInfo=FlowInfo(flowVersion=1, appName=<unknown>), subFlowVersion=CoreFlow(platformVersion=5), isEnabledTimedFlow=false), sourceSessionId=SessionId(toLong=1953014859611848863), additionalEntropy=-6406797140790486523)
    Initiating(bufferedMessages=[], rejectionError=null, deduplicationSeed=R-1953014859611848863--6406797140790486523)


 --- Transition of flow [1b33f154-c5f1-431a-9dad-9805af157ad1] ---
  Timestamp: 2019-06-19T09:34:03.535Z
  Event: DeliverSessionMessage(sessionMessage=ExistingSessionMessage(recipientSessionId=SessionId(toLong=1953014859611848863), payload=ConfirmSessionMessage(initiatedSessionId=SessionId(toLong=638980050707302791), initiatedFlowInfo=FlowInfo(flowVersion=1, appName=<unknown>))), deduplicationHandler=net.corda.testing.node.internal.MockNodeMessagingService$InMemoryDeduplicationHandler@621951c8, sender=O=Bob Plc, L=Rome, C=IT)
  Actions: 
    ScheduleEvent(event=DoRemainingWork)
  Continuation: ProcessEvents
  Diff between previous and next state:
checkpoint.sessions.SessionId(toLong=1953014859611848863): 
    Initiating(bufferedMessages=[], rejectionError=null, deduplicationSeed=R-1953014859611848863--6406797140790486523)
    Initiated(peerParty=O=Bob Plc, L=Rome, C=IT, peerFlowInfo=FlowInfo(flowVersion=1, appName=<unknown>), receivedMessages=[], initiatedState=Live(peerSinkSessionId=SessionId(toLong=638980050707302791)), errors=[], deduplicationSeed=R-1953014859611848863--6406797140790486523)
pendingDeduplicationHandlers: 
    []
    [net.corda.testing.node.internal.MockNodeMessagingService$InMemoryDeduplicationHandler@621951c8]


 --- Transition of flow [1b33f154-c5f1-431a-9dad-9805af157ad1] ---
  Timestamp: 2019-06-19T09:34:03.535Z
  Event: DoRemainingWork
  Actions: 
    
  Continuation: ProcessEvents
  Diff between previous and next state:
null

 --- Transition of flow [1b33f154-c5f1-431a-9dad-9805af157ad1] ---
  Timestamp: 2019-06-19T09:34:03.541Z
  Event: DeliverSessionMessage(sessionMessage=ExistingSessionMessage(recipientSessionId=SessionId(toLong=1953014859611848863), payload=DataSessionMessage(payload=class net.corda.core.serialization.SerializedBytes)), deduplicationHandler=net.corda.testing.node.internal.MockNodeMessagingService$InMemoryDeduplicationHandler@70a094e9, sender=O=Bob Plc, L=Rome, C=IT)
  Actions: 
    ScheduleEvent(event=DoRemainingWork)
  Continuation: ProcessEvents
  Diff between previous and next state:
checkpoint.sessions.SessionId(toLong=1953014859611848863).receivedMessages: 
    []
    [DataSessionMessage(payload=class net.corda.core.serialization.SerializedBytes)]
pendingDeduplicationHandlers: 
    [net.corda.testing.node.internal.MockNodeMessagingService$InMemoryDeduplicationHandler@621951c8]
    [net.corda.testing.node.internal.MockNodeMessagingService$InMemoryDeduplicationHandler@621951c8, net.corda.testing.node.internal.MockNodeMessagingService$InMemoryDeduplicationHandler@70a094e9]


 --- Transition of flow [1b33f154-c5f1-431a-9dad-9805af157ad1] ---
  Timestamp: 2019-06-19T09:34:03.541Z
  Event: DoRemainingWork
  Actions: 
    CreateTransaction
  Continuation: Resume(result=class java.util.LinkedHashMap)
  Diff between previous and next state:
checkpoint.sessions.SessionId(toLong=1953014859611848863).receivedMessages: 
    [DataSessionMessage(payload=class net.corda.core.serialization.SerializedBytes)]
    []
isFlowResumed: 
    false
    true


 --- Transition of flow [1b33f154-c5f1-431a-9dad-9805af157ad1] ---
  Timestamp: 2019-06-19T09:34:03.544Z
  Event: Suspend(ioRequest=Send(sessionToMessage={FlowSessionImpl(counterparty=O=Bob Plc, L=Rome, C=IT, sourceSessionId=SessionId(toLong=1953014859611848863))=75337E0C793C29E748508A41718550C74415517AC214C8859C1A446DA124A134}), maySkipCheckpoint=false, fiber=17C1D9DC41E46F27050E98CB2E3C9A0B9BEFD466F240BAF119B145A9C55F4F19, )
  Actions: 
    PersistCheckpoint(id=[1b33f154-c5f1-431a-9dad-9805af157ad1], checkpoint=Checkpoint(invocationContext=InvocationContext(origin=RPC(actor=Actor(id=Id(value=Only For Testing), serviceId=AuthServiceId(value=TEST), owningLegalIdentity=O=Alice Corp, L=Madrid, C=ES)), trace=Trace(invocationId=80c8904a-69ab-4881-ae2f-97108d6a5293, timestamp: 2019-06-19T09:34:03.478Z, entityType: Invocation, sessionId=80c8904a-69ab-4881-ae2f-97108d6a5293, timestamp: 2019-06-19T09:34:03.478Z, entityType: Session), actor=Actor(id=Id(value=Only For Testing), serviceId=AuthServiceId(value=TEST), owningLegalIdentity=O=Alice Corp, L=Madrid, C=ES), externalTrace=null, impersonatedActor=null), ourIdentity=O=Alice Corp, L=Madrid, C=ES, sessions={SessionId(toLong=1953014859611848863)=Initiated(peerParty=O=Bob Plc, L=Rome, C=IT, peerFlowInfo=FlowInfo(flowVersion=1, appName=<unknown>), receivedMessages=[], initiatedState=Live(peerSinkSessionId=SessionId(toLong=638980050707302791)), errors=[], deduplicationSeed=R-1953014859611848863--6406797140790486523)}, subFlowStack=[Initiating(flowClass=class net.corda.confidential.identities.SyncKeyMappingInitiator, classToInitiateWith=class net.corda.confidential.identities.SyncKeyMappingInitiator, flowInfo=FlowInfo(flowVersion=1, appName=<unknown>), subFlowVersion=CoreFlow(platformVersion=5), isEnabledTimedFlow=false), Inlined(flowClass=class net.corda.confidential.identities.SyncKeyMappingFlow, subFlowVersion=CoreFlow(platformVersion=5), isEnabledTimedFlow=false)], flowState=Started(flowIORequest=Send(sessionToMessage={FlowSessionImpl(counterparty=O=Bob Plc, L=Rome, C=IT, sourceSessionId=SessionId(toLong=1953014859611848863))=75337E0C793C29E748508A41718550C74415517AC214C8859C1A446DA124A134}), frozenFiber=17C1D9DC41E46F27050E98CB2E3C9A0B9BEFD466F240BAF119B145A9C55F4F19), errorState=Clean, numberOfSuspends=2), isCheckpointUpdate=true)
    PersistDeduplicationFacts(deduplicationHandlers=[net.corda.testing.node.internal.MockNodeMessagingService$InMemoryDeduplicationHandler@621951c8, net.corda.testing.node.internal.MockNodeMessagingService$InMemoryDeduplicationHandler@70a094e9])
    CommitTransaction
    AcknowledgeMessages(deduplicationHandlers=[net.corda.testing.node.internal.MockNodeMessagingService$InMemoryDeduplicationHandler@621951c8, net.corda.testing.node.internal.MockNodeMessagingService$InMemoryDeduplicationHandler@70a094e9])
    ScheduleEvent(event=DoRemainingWork)
  Continuation: ProcessEvents
  Diff between previous and next state:
checkpoint.flowState.flowIORequest: 
    Receive(sessions=[FlowSessionImpl(counterparty=O=Bob Plc, L=Rome, C=IT, sourceSessionId=SessionId(toLong=1953014859611848863))])
    Send(sessionToMessage={FlowSessionImpl(counterparty=O=Bob Plc, L=Rome, C=IT, sourceSessionId=SessionId(toLong=1953014859611848863))=75337E0C793C29E748508A41718550C74415517AC214C8859C1A446DA124A134})
checkpoint.flowState.frozenFiber.hash: 
    0A4C6D313C6623876348A99C7A5890E50DA41C5D2337B4B82565B03AF15E1622
    17C1D9DC41E46F27050E98CB2E3C9A0B9BEFD466F240BAF119B145A9C55F4F19
checkpoint.numberOfSuspends: 
    1
    2
pendingDeduplicationHandlers: 
    [net.corda.testing.node.internal.MockNodeMessagingService$InMemoryDeduplicationHandler@621951c8, net.corda.testing.node.internal.MockNodeMessagingService$InMemoryDeduplicationHandler@70a094e9]
    []
isFlowResumed: 
    true
    false


 --- Transition of flow [1b33f154-c5f1-431a-9dad-9805af157ad1] ---
  Timestamp: 2019-06-19T09:34:03.544Z
  Event: DoRemainingWork
  Actions: 
    SendExisting(peerParty=O=Bob Plc, L=Rome, C=IT, message=ExistingSessionMessage(recipientSessionId=SessionId(toLong=638980050707302791), payload=DataSessionMessage(payload=class net.corda.core.serialization.SerializedBytes)), deduplicationId=SenderDeduplicationId(deduplicationId=DeduplicationId(toString=N-R-1953014859611848863--6406797140790486523-2-0), senderUUID=0da360ce-10c1-4625-96b6-17789a6267fc))
    CreateTransaction
  Continuation: Resume(result=class kotlin.Unit)
  Diff between previous and next state:
isFlowResumed: 
    false
    true


 --- Transition of flow [1b33f154-c5f1-431a-9dad-9805af157ad1] ---
  Timestamp: 2019-06-19T09:34:03.544Z
  Event: LeaveSubFlow
  Actions: 
    
  Continuation: ProcessEvents
  Diff between previous and next state:
checkpoint.subFlowStack: 
    [Initiating(flowClass=class net.corda.confidential.identities.SyncKeyMappingInitiator, classToInitiateWith=class net.corda.confidential.identities.SyncKeyMappingInitiator, flowInfo=FlowInfo(flowVersion=1, appName=<unknown>), subFlowVersion=CoreFlow(platformVersion=5), isEnabledTimedFlow=false), Inlined(flowClass=class net.corda.confidential.identities.SyncKeyMappingFlow, subFlowVersion=CoreFlow(platformVersion=5), isEnabledTimedFlow=false)]
    [Initiating(flowClass=class net.corda.confidential.identities.SyncKeyMappingInitiator, classToInitiateWith=class net.corda.confidential.identities.SyncKeyMappingInitiator, flowInfo=FlowInfo(flowVersion=1, appName=<unknown>), subFlowVersion=CoreFlow(platformVersion=5), isEnabledTimedFlow=false)]


 --- Transition of flow [1b33f154-c5f1-431a-9dad-9805af157ad1] ---
  Timestamp: 2019-06-19T09:34:03.547Z
  Event: Suspend(ioRequest=Receive(sessions=[FlowSessionImpl(counterparty=O=Bob Plc, L=Rome, C=IT, sourceSessionId=SessionId(toLong=1953014859611848863))]), maySkipCheckpoint=false, fiber=9850E45B698538145DDFF05CFBA26019AC9D89719E82A133A6EF3153CC6DCB83, )
  Actions: 
    PersistCheckpoint(id=[1b33f154-c5f1-431a-9dad-9805af157ad1], checkpoint=Checkpoint(invocationContext=InvocationContext(origin=RPC(actor=Actor(id=Id(value=Only For Testing), serviceId=AuthServiceId(value=TEST), owningLegalIdentity=O=Alice Corp, L=Madrid, C=ES)), trace=Trace(invocationId=80c8904a-69ab-4881-ae2f-97108d6a5293, timestamp: 2019-06-19T09:34:03.478Z, entityType: Invocation, sessionId=80c8904a-69ab-4881-ae2f-97108d6a5293, timestamp: 2019-06-19T09:34:03.478Z, entityType: Session), actor=Actor(id=Id(value=Only For Testing), serviceId=AuthServiceId(value=TEST), owningLegalIdentity=O=Alice Corp, L=Madrid, C=ES), externalTrace=null, impersonatedActor=null), ourIdentity=O=Alice Corp, L=Madrid, C=ES, sessions={SessionId(toLong=1953014859611848863)=Initiated(peerParty=O=Bob Plc, L=Rome, C=IT, peerFlowInfo=FlowInfo(flowVersion=1, appName=<unknown>), receivedMessages=[], initiatedState=Live(peerSinkSessionId=SessionId(toLong=638980050707302791)), errors=[], deduplicationSeed=R-1953014859611848863--6406797140790486523)}, subFlowStack=[Initiating(flowClass=class net.corda.confidential.identities.SyncKeyMappingInitiator, classToInitiateWith=class net.corda.confidential.identities.SyncKeyMappingInitiator, flowInfo=FlowInfo(flowVersion=1, appName=<unknown>), subFlowVersion=CoreFlow(platformVersion=5), isEnabledTimedFlow=false)], flowState=Started(flowIORequest=Receive(sessions=[FlowSessionImpl(counterparty=O=Bob Plc, L=Rome, C=IT, sourceSessionId=SessionId(toLong=1953014859611848863))]), frozenFiber=9850E45B698538145DDFF05CFBA26019AC9D89719E82A133A6EF3153CC6DCB83), errorState=Clean, numberOfSuspends=3), isCheckpointUpdate=true)
    PersistDeduplicationFacts(deduplicationHandlers=[])
    CommitTransaction
    AcknowledgeMessages(deduplicationHandlers=[])
    ScheduleEvent(event=DoRemainingWork)
  Continuation: ProcessEvents
  Diff between previous and next state:
checkpoint.flowState.flowIORequest: 
    Send(sessionToMessage={FlowSessionImpl(counterparty=O=Bob Plc, L=Rome, C=IT, sourceSessionId=SessionId(toLong=1953014859611848863))=75337E0C793C29E748508A41718550C74415517AC214C8859C1A446DA124A134})
    Receive(sessions=[FlowSessionImpl(counterparty=O=Bob Plc, L=Rome, C=IT, sourceSessionId=SessionId(toLong=1953014859611848863))])
checkpoint.flowState.frozenFiber.hash: 
    17C1D9DC41E46F27050E98CB2E3C9A0B9BEFD466F240BAF119B145A9C55F4F19
    9850E45B698538145DDFF05CFBA26019AC9D89719E82A133A6EF3153CC6DCB83
checkpoint.numberOfSuspends: 
    2
    3
isFlowResumed: 
    true
    false


 --- Transition of flow [1b33f154-c5f1-431a-9dad-9805af157ad1] ---
  Timestamp: 2019-06-19T09:34:03.547Z
  Event: DoRemainingWork
  Actions: 
    
  Continuation: ProcessEvents
  Diff between previous and next state:
null

 --- Transition of flow [1b33f154-c5f1-431a-9dad-9805af157ad1] ---
  Timestamp: 2019-06-19T09:34:03.639Z
  Event: DeliverSessionMessage(sessionMessage=ExistingSessionMessage(recipientSessionId=SessionId(toLong=1953014859611848863), payload=ErrorSessionMessage(flowException=null, errorId=8846550760029296164)), deduplicationHandler=net.corda.testing.node.internal.MockNodeMessagingService$InMemoryDeduplicationHandler@6c433fd, sender=O=Bob Plc, L=Rome, C=IT)
  Actions: 
    ScheduleEvent(event=DoRemainingWork)
  Continuation: ProcessEvents
  Diff between previous and next state:
checkpoint.sessions.SessionId(toLong=1953014859611848863).errors: 
    []
    [FlowError(errorId=8846550760029296164, exception=net.corda.core.flows.UnexpectedFlowEndException: Counter-flow errored)]
pendingDeduplicationHandlers: 
    []
    [net.corda.testing.node.internal.MockNodeMessagingService$InMemoryDeduplicationHandler@6c433fd]


 --- Transition of flow [1b33f154-c5f1-431a-9dad-9805af157ad1] ---
  Timestamp: 2019-06-19T09:34:03.639Z
  Event: DoRemainingWork
  Actions: 
    CreateTransaction
  Continuation: Throw(throwable=net.corda.core.flows.UnexpectedFlowEndException: Counter-flow errored)
  Diff between previous and next state:
isFlowResumed: 
    false
    true


 --- Transition of flow [1b33f154-c5f1-431a-9dad-9805af157ad1] ---
  Timestamp: 2019-06-19T09:34:03.641Z
  Event: Error(exception=net.corda.core.flows.UnexpectedFlowEndException: Counter-flow errored)
  Actions: 
    RollbackTransaction
    ScheduleEvent(event=DoRemainingWork)
  Continuation: ProcessEvents
  Diff between previous and next state:
checkpoint.errorState: 
    Clean
    Errored(errors=[FlowError(errorId=8846550760029296164, exception=net.corda.core.flows.UnexpectedFlowEndException: Counter-flow errored)], propagatedIndex=0, propagating=false)
isFlowResumed: 
    true
    false


 --- Transition of flow [1b33f154-c5f1-431a-9dad-9805af157ad1] ---
  Timestamp: 2019-06-19T09:34:03.641Z
  Event: DoRemainingWork
  Actions: 
    
  Continuation: ProcessEvents
  Diff between previous and next state:
null

 --- Transition of flow [1b33f154-c5f1-431a-9dad-9805af157ad1] ---
  Timestamp: 2019-06-19T09:34:03.641Z
  Event: StartErrorPropagation
  Actions: 
    ScheduleEvent(event=DoRemainingWork)
  Continuation: ProcessEvents
  Diff between previous and next state:
checkpoint.errorState.propagating: 
    false
    true


 --- Transition of flow [1b33f154-c5f1-431a-9dad-9805af157ad1] ---
  Timestamp: 2019-06-19T09:34:03.648Z
  Event: DoRemainingWork
  Actions: 
    PropagateErrors(errorMessages=[ErrorSessionMessage(flowException=null, errorId=8846550760029296164)], sessions=[], senderUUID=0da360ce-10c1-4625-96b6-17789a6267fc)
    CreateTransaction
    RemoveCheckpoint(id=[1b33f154-c5f1-431a-9dad-9805af157ad1])
    PersistDeduplicationFacts(deduplicationHandlers=[net.corda.testing.node.internal.MockNodeMessagingService$InMemoryDeduplicationHandler@6c433fd])
    ReleaseSoftLocks(uuid=1b33f154-c5f1-431a-9dad-9805af157ad1)
    CommitTransaction
    AcknowledgeMessages(deduplicationHandlers=[net.corda.testing.node.internal.MockNodeMessagingService$InMemoryDeduplicationHandler@6c433fd])
    RemoveSessionBindings(sessionIds=[SessionId(toLong=1953014859611848863)])
    RemoveFlow(flowId=[1b33f154-c5f1-431a-9dad-9805af157ad1], removalReason=ErrorFinish(flowErrors=[FlowError(errorId=8846550760029296164, exception=net.corda.core.flows.UnexpectedFlowEndException: Counter-flow errored)]), lastState=StateMachineState(checkpoint=Checkpoint(invocationContext=InvocationContext(origin=RPC(actor=Actor(id=Id(value=Only For Testing), serviceId=AuthServiceId(value=TEST), owningLegalIdentity=O=Alice Corp, L=Madrid, C=ES)), trace=Trace(invocationId=80c8904a-69ab-4881-ae2f-97108d6a5293, timestamp: 2019-06-19T09:34:03.478Z, entityType: Invocation, sessionId=80c8904a-69ab-4881-ae2f-97108d6a5293, timestamp: 2019-06-19T09:34:03.478Z, entityType: Session), actor=Actor(id=Id(value=Only For Testing), serviceId=AuthServiceId(value=TEST), owningLegalIdentity=O=Alice Corp, L=Madrid, C=ES), externalTrace=null, impersonatedActor=null), ourIdentity=O=Alice Corp, L=Madrid, C=ES, sessions={SessionId(toLong=1953014859611848863)=Initiated(peerParty=O=Bob Plc, L=Rome, C=IT, peerFlowInfo=FlowInfo(flowVersion=1, appName=<unknown>), receivedMessages=[], initiatedState=Live(peerSinkSessionId=SessionId(toLong=638980050707302791)), errors=[FlowError(errorId=8846550760029296164, exception=net.corda.core.flows.UnexpectedFlowEndException: Counter-flow errored)], deduplicationSeed=R-1953014859611848863--6406797140790486523)}, subFlowStack=[Initiating(flowClass=class net.corda.confidential.identities.SyncKeyMappingInitiator, classToInitiateWith=class net.corda.confidential.identities.SyncKeyMappingInitiator, flowInfo=FlowInfo(flowVersion=1, appName=<unknown>), subFlowVersion=CoreFlow(platformVersion=5), isEnabledTimedFlow=false)], flowState=Started(flowIORequest=Receive(sessions=[FlowSessionImpl(counterparty=O=Bob Plc, L=Rome, C=IT, sourceSessionId=SessionId(toLong=1953014859611848863))]), frozenFiber=9850E45B698538145DDFF05CFBA26019AC9D89719E82A133A6EF3153CC6DCB83), errorState=Errored(errors=[FlowError(errorId=8846550760029296164, exception=net.corda.core.flows.UnexpectedFlowEndException: Counter-flow errored)], propagatedIndex=1, propagating=true), numberOfSuspends=3), flowLogic=net.corda.confidential.identities.SyncKeyMappingInitiator@d62cd26, pendingDeduplicationHandlers=[], isFlowResumed=false, isTransactionTracked=false, isAnyCheckpointPersisted=true, isStartIdempotent=false, isRemoved=true, senderUUID=0da360ce-10c1-4625-96b6-17789a6267fc))
  Continuation: Abort
  Diff between previous and next state:
checkpoint.errorState.propagatedIndex: 
    0
    1
pendingDeduplicationHandlers: 
    [net.corda.testing.node.internal.MockNodeMessagingService$InMemoryDeduplicationHandler@6c433fd]
    []
isRemoved: 
    false
    true
 {actor_id=Only For Testing, actor_owning_identity=O=Alice Corp, L=Madrid, C=ES, actor_store_id=TEST, fiber-id=10000016, flow-id=1b33f154-c5f1-431a-9dad-9805af157ad1, invocation_id=80c8904a-69ab-4881-ae2f-97108d6a5293, invocation_timestamp=2019-06-19T09:34:03.478Z, origin=Only For Testing, session_id=80c8904a-69ab-4881-ae2f-97108d6a5293, session_timestamp=2019-06-19T09:34:03.478Z, thread-id=925}
?[m?[31m[WARN] 10:34:03,654 [Mock node 1 thread] interceptors.DumpHistoryOnErrorInterceptor.executeTransition - Flow [1b33f154-c5f1-431a-9dad-9805af157ad1] error [errorCode=112u0jo, moreInformationAt=https://errors.corda.net/OS/5.0-SNAPSHOT-WILLH/112u0jo] {actor_id=Only For Testing, actor_owning_identity=O=Alice Corp, L=Madrid, C=ES, actor_store_id=TEST, fiber-id=10000016, flow-id=1b33f154-c5f1-431a-9dad-9805af157ad1, invocation_id=80c8904a-69ab-4881-ae2f-97108d6a5293, invocation_timestamp=2019-06-19T09:34:03.478Z, origin=Only For Testing, session_id=80c8904a-69ab-4881-ae2f-97108d6a5293, session_timestamp=2019-06-19T09:34:03.478Z, thread-id=925}
?[m net.corda.core.flows.UnexpectedFlowEndException: Counter-flow errored
	at Received unexpected counter-flow exception from peer O=Bob Plc, L=Rome, C=IT.() ~[?:?]
	at net.corda.node.services.statemachine.FlowStateMachineImpl.fillInLocalStackTrace(FlowStateMachineImpl.kt:175) ~[corda-node-5.0-SNAPSHOT-WILLH.jar:?]
	at net.corda.node.services.statemachine.FlowStateMachineImpl.processEventsUntilFlowIsResumed(FlowStateMachineImpl.kt:163) ~[corda-node-5.0-SNAPSHOT-WILLH.jar:?]
	at net.corda.node.services.statemachine.FlowStateMachineImpl.suspend(FlowStateMachineImpl.kt:447) ~[corda-node-5.0-SNAPSHOT-WILLH.jar:?]
	at net.corda.node.services.statemachine.FlowSessionImpl.receive(FlowSessionImpl.kt:69) ~[corda-node-5.0-SNAPSHOT-WILLH.jar:?]
	at net.corda.node.services.statemachine.FlowSessionImpl.receive(FlowSessionImpl.kt:73) ~[corda-node-5.0-SNAPSHOT-WILLH.jar:?]
	at net.corda.confidential.identities.SyncKeyMappingInitiator.call(SyncKeyMappingFlowTests.kt:149) ~[test/:?]
	at net.corda.confidential.identities.SyncKeyMappingInitiator.call(SyncKeyMappingFlowTests.kt:117) ~[test/:?]
	at net.corda.node.services.statemachine.FlowStateMachineImpl.run(FlowStateMachineImpl.kt:270) ~[corda-node-5.0-SNAPSHOT-WILLH.jar:?]
	at net.corda.node.services.statemachine.FlowStateMachineImpl.run(FlowStateMachineImpl.kt:46) ~[corda-node-5.0-SNAPSHOT-WILLH.jar:?]
	at co.paralleluniverse.fibers.Fiber.run1(Fiber.java:1092) ~[quasar-core-0.7.10-jdk8.jar:0.7.10]
	at co.paralleluniverse.fibers.Fiber.exec(Fiber.java:788) ~[quasar-core-0.7.10-jdk8.jar:0.7.10]
	at co.paralleluniverse.fibers.RunnableFiberTask.doExec(RunnableFiberTask.java:100) ~[quasar-core-0.7.10-jdk8.jar:0.7.10]
	at co.paralleluniverse.fibers.RunnableFiberTask.run(RunnableFiberTask.java:91) ~[quasar-core-0.7.10-jdk8.jar:0.7.10]
	at java.util.concurrent.Executors$RunnableAdapter.call(Executors.java:511) ~[?:1.8.0_201]
	at java.util.concurrent.FutureTask.run(FutureTask.java:266) ~[?:1.8.0_201]
	at java.util.concurrent.ScheduledThreadPoolExecutor$ScheduledFutureTask.access$201(ScheduledThreadPoolExecutor.java:180) ~[?:1.8.0_201]
	at java.util.concurrent.ScheduledThreadPoolExecutor$ScheduledFutureTask.run(ScheduledThreadPoolExecutor.java:293) ~[?:1.8.0_201]
	at java.util.concurrent.ThreadPoolExecutor.runWorker(ThreadPoolExecutor.java:1149) ~[?:1.8.0_201]
	at java.util.concurrent.ThreadPoolExecutor$Worker.run(ThreadPoolExecutor.java:624) ~[?:1.8.0_201]
	at net.corda.node.utilities.AffinityExecutor$ServiceAffinityExecutor$1$thread$1.run(AffinityExecutor.kt:63) ~[corda-node-5.0-SNAPSHOT-WILLH.jar:?]
?[37m[INFO] 10:34:03,655 [Test worker] pool.HikariPool.shutdown - HikariPool-11 - Close initiated...
?[m?[37m[INFO] 10:34:03,656 [Test worker] pool.HikariPool.shutdown - HikariPool-11 - Closed.
?[m?[37m[INFO] 10:34:03,657 [Test worker] pool.HikariPool.shutdown - HikariPool-12 - Close initiated...
?[m?[37m[INFO] 10:34:03,658 [Test worker] pool.HikariPool.shutdown - HikariPool-12 - Closed.
?[m?[37m[INFO] 10:34:03,718 [Test worker] cordapp.JarScanningCordappLoader.fromDirectories - Looking for CorDapps in [build/mock-network/20190619-093403.663/nodes/0/cordapps]
?[m?[37m[INFO] 10:34:03,718 [Test worker] cordapp.JarScanningCordappLoader.<init> - Loading CorDapps from RestrictedURL(url=file:/Users/williamhester/Desktop/Applications/confidential-identities/workflows/build/mock-network/20190619-093403.663/nodes/0/cordapps/corda-finance-contracts-5.0-SNAPSHOT-WILLH.jar, rootPackageName=null), RestrictedURL(url=file:/Users/williamhester/Desktop/Applications/confidential-identities/workflows/build/mock-network/20190619-093403.663/nodes/0/cordapps/corda-finance-workflows-5.0-SNAPSHOT-WILLH.jar, rootPackageName=null)
?[m?[37m[INFO] 10:34:03,719 [Test worker] cordapp.JarScanningCordappLoader.scanCordapp - Scanning CorDapp in file:/Users/williamhester/Desktop/Applications/confidential-identities/workflows/build/mock-network/20190619-093403.663/nodes/0/cordapps/corda-finance-contracts-5.0-SNAPSHOT-WILLH.jar
?[m?[37m[INFO] 10:34:03,748 [Test worker] cordapp.JarScanningCordappLoader.scanCordapp - Scanning CorDapp in file:/Users/williamhester/Desktop/Applications/confidential-identities/workflows/build/mock-network/20190619-093403.663/nodes/0/cordapps/corda-finance-workflows-5.0-SNAPSHOT-WILLH.jar
?[m?[37m[INFO] 10:34:03,780 [Test worker] internal.InternalMockNetwork$MockNode.start - Node starting up ...
?[m?[37m[INFO] 10:34:03,785 [Test worker] internal.NodeFlowManager.registerInitiatedFlow - Registered net.corda.finance.flows.CashExitFlow to initiate net.corda.finance.flows.CashExitResponderFlow (version 1)
?[m?[37m[INFO] 10:34:03,785 [Test worker] internal.NodeFlowManager.registerInitiatedFlow - Registered net.corda.finance.flows.CashPaymentFlow to initiate net.corda.finance.flows.CashPaymentReceiverFlow (version 1)
?[m?[37m[INFO] 10:34:03,791 [Test worker] internal.InternalMockNetwork$MockNode.start - Loaded network parameters: NetworkParameters {
      minimumPlatformVersion=1
      notaries=[NotaryInfo(identity=O=Notary Service, L=Zurich, C=CH, validating=true)]
      maxMessageSize=10485760
      maxTransactionSize=524288000
      whitelistedContractImplementations {
        
      }
      eventHorizon=PT720H
      packageOwnership {
        
      }
      modifiedTime=2019-06-19T09:34:03.663Z
      epoch=1
  }
?[m?[37m[INFO] 10:34:03,791 [Test worker] hikari.HikariDataSource.<init> - HikariPool-13 - Started.
?[m?[37m[INFO] 10:34:03,995 [Test worker] liquibase.info - Creating database history table with name: PUBLIC.DATABASECHANGELOG
?[m?[37m[INFO] 10:34:03,997 [Test worker] liquibase.info - Reading from PUBLIC.DATABASECHANGELOG
?[m?[37m[INFO] 10:34:04,003 [Test worker] liquibase.info - master.changelog.json: migration/vault-schema.changelog-pkey.xml::non-clustered_pk-11::R3.Corda: Skipping changeSet migration/vault-schema.changelog-pkey.xml::non-clustered_pk-11::R3.Corda due to validation error(s): clustered is not allowed on h2
?[m?[37m[INFO] 10:34:04,003 [Test worker] liquibase.info - master.changelog.json: migration/vault-schema.changelog-pkey.xml::non-clustered_pk-12::R3.Corda: Skipping changeSet migration/vault-schema.changelog-pkey.xml::non-clustered_pk-12::R3.Corda due to validation error(s): clustered is not allowed on h2
?[m?[37m[INFO] 10:34:04,004 [Test worker] liquibase.info - master.changelog.json: migration/vault-schema.changelog-pkey.xml::non-clustered_pk-13::R3.Corda: Skipping changeSet migration/vault-schema.changelog-pkey.xml::non-clustered_pk-13::R3.Corda due to validation error(s): clustered is not allowed on h2
?[m?[37m[INFO] 10:34:04,011 [Test worker] liquibase.info - master.changelog.json: migration/node-core.changelog-pkey.xml::non-clustered_pk-1::R3.Corda: Skipping changeSet migration/node-core.changelog-pkey.xml::non-clustered_pk-1::R3.Corda due to validation error(s): clustered is not allowed on h2
?[m?[37m[INFO] 10:34:04,012 [Test worker] liquibase.info - master.changelog.json: migration/node-core.changelog-pkey.xml::non-clustered_pk-2::R3.Corda: Skipping changeSet migration/node-core.changelog-pkey.xml::non-clustered_pk-2::R3.Corda due to validation error(s): clustered is not allowed on h2
?[m?[37m[INFO] 10:34:04,012 [Test worker] liquibase.info - master.changelog.json: migration/node-core.changelog-pkey.xml::non-clustered_pk-3::R3.Corda: Skipping changeSet migration/node-core.changelog-pkey.xml::non-clustered_pk-3::R3.Corda due to validation error(s): clustered is not allowed on h2
?[m?[37m[INFO] 10:34:04,012 [Test worker] liquibase.info - master.changelog.json: migration/node-core.changelog-pkey.xml::non-clustered_pk-4::R3.Corda: Skipping changeSet migration/node-core.changelog-pkey.xml::non-clustered_pk-4::R3.Corda due to validation error(s): clustered is not allowed on h2
?[m?[37m[INFO] 10:34:04,012 [Test worker] liquibase.info - master.changelog.json: migration/node-core.changelog-pkey.xml::non-clustered_pk-5::R3.Corda: Skipping changeSet migration/node-core.changelog-pkey.xml::non-clustered_pk-5::R3.Corda due to validation error(s): clustered is not allowed on h2
?[m?[37m[INFO] 10:34:04,012 [Test worker] liquibase.info - master.changelog.json: migration/node-core.changelog-pkey.xml::non-clustered_pk-6::R3.Corda: Skipping changeSet migration/node-core.changelog-pkey.xml::non-clustered_pk-6::R3.Corda due to validation error(s): clustered is not allowed on h2
?[m?[37m[INFO] 10:34:04,013 [Test worker] liquibase.info - master.changelog.json: migration/node-core.changelog-pkey.xml::non-clustered_pk-7::R3.Corda: Skipping changeSet migration/node-core.changelog-pkey.xml::non-clustered_pk-7::R3.Corda due to validation error(s): clustered is not allowed on h2
?[m?[37m[INFO] 10:34:04,015 [Test worker] liquibase.info - master.changelog.json: migration/cash.changelog-init.xml::non-clustered_pk-cash::R3.Corda: Skipping changeSet migration/cash.changelog-init.xml::non-clustered_pk-cash::R3.Corda due to validation error(s): clustered is not allowed on h2
?[m?[37m[INFO] 10:34:04,017 [Test worker] liquibase.info - master.changelog.json: migration/commercial-paper.changelog-init.xml::non-clustered_pk-commercial-paper::R3.Corda: Skipping changeSet migration/commercial-paper.changelog-init.xml::non-clustered_pk-commercial-paper::R3.Corda due to validation error(s): clustered is not allowed on h2
?[m?[37m[INFO] 10:34:04,019 [Test worker] liquibase.info - master.changelog.json: migration/node-notary.changelog-pkey.xml::non-clustered_pk-notary_state::R3.Corda: Skipping changeSet migration/node-notary.changelog-pkey.xml::non-clustered_pk-notary_state::R3.Corda due to validation error(s): clustered is not allowed on h2
?[m?[37m[INFO] 10:34:04,021 [Test worker] liquibase.info - Successfully acquired change log lock
?[m?[37m[INFO] 10:34:04,022 [Test worker] liquibase.info - master.changelog.json: migration/vault-schema.changelog-pkey.xml::non-clustered_pk-11::R3.Corda: Skipping changeSet migration/vault-schema.changelog-pkey.xml::non-clustered_pk-11::R3.Corda due to validation error(s): clustered is not allowed on h2
?[m?[37m[INFO] 10:34:04,022 [Test worker] liquibase.info - master.changelog.json: migration/vault-schema.changelog-pkey.xml::non-clustered_pk-12::R3.Corda: Skipping changeSet migration/vault-schema.changelog-pkey.xml::non-clustered_pk-12::R3.Corda due to validation error(s): clustered is not allowed on h2
?[m?[37m[INFO] 10:34:04,023 [Test worker] liquibase.info - master.changelog.json: migration/vault-schema.changelog-pkey.xml::non-clustered_pk-13::R3.Corda: Skipping changeSet migration/vault-schema.changelog-pkey.xml::non-clustered_pk-13::R3.Corda due to validation error(s): clustered is not allowed on h2
?[m?[37m[INFO] 10:34:04,025 [Test worker] liquibase.info - master.changelog.json: migration/node-core.changelog-pkey.xml::non-clustered_pk-1::R3.Corda: Skipping changeSet migration/node-core.changelog-pkey.xml::non-clustered_pk-1::R3.Corda due to validation error(s): clustered is not allowed on h2
?[m?[37m[INFO] 10:34:04,025 [Test worker] liquibase.info - master.changelog.json: migration/node-core.changelog-pkey.xml::non-clustered_pk-2::R3.Corda: Skipping changeSet migration/node-core.changelog-pkey.xml::non-clustered_pk-2::R3.Corda due to validation error(s): clustered is not allowed on h2
?[m?[37m[INFO] 10:34:04,026 [Test worker] liquibase.info - master.changelog.json: migration/node-core.changelog-pkey.xml::non-clustered_pk-3::R3.Corda: Skipping changeSet migration/node-core.changelog-pkey.xml::non-clustered_pk-3::R3.Corda due to validation error(s): clustered is not allowed on h2
?[m?[37m[INFO] 10:34:04,026 [Test worker] liquibase.info - master.changelog.json: migration/node-core.changelog-pkey.xml::non-clustered_pk-4::R3.Corda: Skipping changeSet migration/node-core.changelog-pkey.xml::non-clustered_pk-4::R3.Corda due to validation error(s): clustered is not allowed on h2
?[m?[37m[INFO] 10:34:04,026 [Test worker] liquibase.info - master.changelog.json: migration/node-core.changelog-pkey.xml::non-clustered_pk-5::R3.Corda: Skipping changeSet migration/node-core.changelog-pkey.xml::non-clustered_pk-5::R3.Corda due to validation error(s): clustered is not allowed on h2
?[m?[37m[INFO] 10:34:04,026 [Test worker] liquibase.info - master.changelog.json: migration/node-core.changelog-pkey.xml::non-clustered_pk-6::R3.Corda: Skipping changeSet migration/node-core.changelog-pkey.xml::non-clustered_pk-6::R3.Corda due to validation error(s): clustered is not allowed on h2
?[m?[37m[INFO] 10:34:04,026 [Test worker] liquibase.info - master.changelog.json: migration/node-core.changelog-pkey.xml::non-clustered_pk-7::R3.Corda: Skipping changeSet migration/node-core.changelog-pkey.xml::non-clustered_pk-7::R3.Corda due to validation error(s): clustered is not allowed on h2
?[m?[37m[INFO] 10:34:04,027 [Test worker] liquibase.info - master.changelog.json: migration/cash.changelog-init.xml::non-clustered_pk-cash::R3.Corda: Skipping changeSet migration/cash.changelog-init.xml::non-clustered_pk-cash::R3.Corda due to validation error(s): clustered is not allowed on h2
?[m?[37m[INFO] 10:34:04,028 [Test worker] liquibase.info - master.changelog.json: migration/commercial-paper.changelog-init.xml::non-clustered_pk-commercial-paper::R3.Corda: Skipping changeSet migration/commercial-paper.changelog-init.xml::non-clustered_pk-commercial-paper::R3.Corda due to validation error(s): clustered is not allowed on h2
?[m?[37m[INFO] 10:34:04,028 [Test worker] liquibase.info - master.changelog.json: migration/node-notary.changelog-pkey.xml::non-clustered_pk-notary_state::R3.Corda: Skipping changeSet migration/node-notary.changelog-pkey.xml::non-clustered_pk-notary_state::R3.Corda due to validation error(s): clustered is not allowed on h2
?[m?[37m[INFO] 10:34:04,030 [Test worker] liquibase.info - master.changelog.json: migration/common.changelog-init.xml::1511451595465-1.1::R3.Corda: Sequence hibernate_sequence created
?[m?[37m[INFO] 10:34:04,030 [Test worker] liquibase.info - master.changelog.json: migration/common.changelog-init.xml::1511451595465-1.1::R3.Corda: ChangeSet migration/common.changelog-init.xml::1511451595465-1.1::R3.Corda ran successfully in 1ms
?[m?[37m[INFO] 10:34:04,031 [Test worker] liquibase.info - master.changelog.json: migration/vault-schema.changelog-init.xml::1511451595465-22::R3.Corda: Table vault_fungible_states created
?[m?[37m[INFO] 10:34:04,031 [Test worker] liquibase.info - master.changelog.json: migration/vault-schema.changelog-init.xml::1511451595465-22::R3.Corda: ChangeSet migration/vault-schema.changelog-init.xml::1511451595465-22::R3.Corda ran successfully in 0ms
?[m?[37m[INFO] 10:34:04,032 [Test worker] liquibase.info - master.changelog.json: migration/vault-schema.changelog-init.xml::1511451595465-23::R3.Corda: Table vault_fungible_states_parts created
?[m?[37m[INFO] 10:34:04,032 [Test worker] liquibase.info - master.changelog.json: migration/vault-schema.changelog-init.xml::1511451595465-23::R3.Corda: ChangeSet migration/vault-schema.changelog-init.xml::1511451595465-23::R3.Corda ran successfully in 0ms
?[m?[37m[INFO] 10:34:04,033 [Test worker] liquibase.info - master.changelog.json: migration/vault-schema.changelog-init.xml::1511451595465-24::R3.Corda: Table vault_linear_states created
?[m?[37m[INFO] 10:34:04,033 [Test worker] liquibase.info - master.changelog.json: migration/vault-schema.changelog-init.xml::1511451595465-24::R3.Corda: ChangeSet migration/vault-schema.changelog-init.xml::1511451595465-24::R3.Corda ran successfully in 0ms
?[m?[37m[INFO] 10:34:04,034 [Test worker] liquibase.info - master.changelog.json: migration/vault-schema.changelog-init.xml::1511451595465-25::R3.Corda: Table vault_linear_states_parts created
?[m?[37m[INFO] 10:34:04,035 [Test worker] liquibase.info - master.changelog.json: migration/vault-schema.changelog-init.xml::1511451595465-25::R3.Corda: ChangeSet migration/vault-schema.changelog-init.xml::1511451595465-25::R3.Corda ran successfully in 0ms
?[m?[37m[INFO] 10:34:04,036 [Test worker] liquibase.info - master.changelog.json: migration/vault-schema.changelog-init.xml::1511451595465-26::R3.Corda: Table vault_states created
?[m?[37m[INFO] 10:34:04,036 [Test worker] liquibase.info - master.changelog.json: migration/vault-schema.changelog-init.xml::1511451595465-26::R3.Corda: ChangeSet migration/vault-schema.changelog-init.xml::1511451595465-26::R3.Corda ran successfully in 1ms
?[m?[37m[INFO] 10:34:04,037 [Test worker] liquibase.info - master.changelog.json: migration/vault-schema.changelog-init.xml::1511451595465-27::R3.Corda: Table vault_transaction_notes created
?[m?[37m[INFO] 10:34:04,037 [Test worker] liquibase.info - master.changelog.json: migration/vault-schema.changelog-init.xml::1511451595465-27::R3.Corda: ChangeSet migration/vault-schema.changelog-init.xml::1511451595465-27::R3.Corda ran successfully in 1ms
?[m?[37m[INFO] 10:34:04,038 [Test worker] liquibase.info - master.changelog.json: migration/vault-schema.changelog-init.xml::1511451595465-47::R3.Corda: Primary key added to vault_fungible_states (output_index, transaction_id)
?[m?[37m[INFO] 10:34:04,038 [Test worker] liquibase.info - master.changelog.json: migration/vault-schema.changelog-init.xml::1511451595465-47::R3.Corda: ChangeSet migration/vault-schema.changelog-init.xml::1511451595465-47::R3.Corda ran successfully in 1ms
?[m?[37m[INFO] 10:34:04,039 [Test worker] liquibase.info - master.changelog.json: migration/vault-schema.changelog-init.xml::1511451595465-48::R3.Corda: Primary key added to vault_linear_states (output_index, transaction_id)
?[m?[37m[INFO] 10:34:04,039 [Test worker] liquibase.info - master.changelog.json: migration/vault-schema.changelog-init.xml::1511451595465-48::R3.Corda: ChangeSet migration/vault-schema.changelog-init.xml::1511451595465-48::R3.Corda ran successfully in 1ms
?[m?[37m[INFO] 10:34:04,040 [Test worker] liquibase.info - master.changelog.json: migration/vault-schema.changelog-init.xml::1511451595465-49::R3.Corda: Primary key added to vault_states (output_index, transaction_id)
?[m?[37m[INFO] 10:34:04,040 [Test worker] liquibase.info - master.changelog.json: migration/vault-schema.changelog-init.xml::1511451595465-49::R3.Corda: ChangeSet migration/vault-schema.changelog-init.xml::1511451595465-49::R3.Corda ran successfully in 0ms
?[m?[37m[INFO] 10:34:04,041 [Test worker] liquibase.info - master.changelog.json: migration/vault-schema.changelog-init.xml::1511451595465-50::R3.Corda: Primary key added to vault_transaction_notes (seq_no)
?[m?[37m[INFO] 10:34:04,041 [Test worker] liquibase.info - master.changelog.json: migration/vault-schema.changelog-init.xml::1511451595465-50::R3.Corda: ChangeSet migration/vault-schema.changelog-init.xml::1511451595465-50::R3.Corda ran successfully in 0ms
?[m?[37m[INFO] 10:34:04,042 [Test worker] liquibase.info - master.changelog.json: migration/vault-schema.changelog-init.xml::1511451595465-53::R3.Corda: Index external_id_index created
?[m?[37m[INFO] 10:34:04,042 [Test worker] liquibase.info - master.changelog.json: migration/vault-schema.changelog-init.xml::1511451595465-53::R3.Corda: ChangeSet migration/vault-schema.changelog-init.xml::1511451595465-53::R3.Corda ran successfully in 0ms
?[m?[37m[INFO] 10:34:04,043 [Test worker] liquibase.info - master.changelog.json: migration/vault-schema.changelog-init.xml::1511451595465-55::R3.Corda: Index lock_id_idx created
?[m?[37m[INFO] 10:34:04,044 [Test worker] liquibase.info - master.changelog.json: migration/vault-schema.changelog-init.xml::1511451595465-55::R3.Corda: ChangeSet migration/vault-schema.changelog-init.xml::1511451595465-55::R3.Corda ran successfully in 0ms
?[m?[37m[INFO] 10:34:04,045 [Test worker] liquibase.info - master.changelog.json: migration/vault-schema.changelog-init.xml::1511451595465-58::R3.Corda: Index state_status_idx created
?[m?[37m[INFO] 10:34:04,045 [Test worker] liquibase.info - master.changelog.json: migration/vault-schema.changelog-init.xml::1511451595465-58::R3.Corda: ChangeSet migration/vault-schema.changelog-init.xml::1511451595465-58::R3.Corda ran successfully in 1ms
?[m?[37m[INFO] 10:34:04,046 [Test worker] liquibase.info - master.changelog.json: migration/vault-schema.changelog-init.xml::1511451595465-59::R3.Corda: Index transaction_id_index created
?[m?[37m[INFO] 10:34:04,046 [Test worker] liquibase.info - master.changelog.json: migration/vault-schema.changelog-init.xml::1511451595465-59::R3.Corda: ChangeSet migration/vault-schema.changelog-init.xml::1511451595465-59::R3.Corda ran successfully in 0ms
?[m?[37m[INFO] 10:34:04,047 [Test worker] liquibase.info - master.changelog.json: migration/vault-schema.changelog-init.xml::1511451595465-60::R3.Corda: Index uuid_index created
?[m?[37m[INFO] 10:34:04,047 [Test worker] liquibase.info - master.changelog.json: migration/vault-schema.changelog-init.xml::1511451595465-60::R3.Corda: ChangeSet migration/vault-schema.changelog-init.xml::1511451595465-60::R3.Corda ran successfully in 0ms
?[m?[37m[INFO] 10:34:04,049 [Test worker] liquibase.info - master.changelog.json: migration/vault-schema.changelog-init.xml::1511451595465-64::R3.Corda: Foreign key constraint added to vault_fungible_states_parts (output_index,transaction_id)
?[m?[37m[INFO] 10:34:04,049 [Test worker] liquibase.info - master.changelog.json: migration/vault-schema.changelog-init.xml::1511451595465-64::R3.Corda: ChangeSet migration/vault-schema.changelog-init.xml::1511451595465-64::R3.Corda ran successfully in 1ms
?[m?[37m[INFO] 10:34:04,051 [Test worker] liquibase.info - master.changelog.json: migration/vault-schema.changelog-init.xml::1511451595465-65::R3.Corda: Foreign key constraint added to vault_linear_states_parts (output_index,transaction_id)
?[m?[37m[INFO] 10:34:04,051 [Test worker] liquibase.info - master.changelog.json: migration/vault-schema.changelog-init.xml::1511451595465-65::R3.Corda: ChangeSet migration/vault-schema.changelog-init.xml::1511451595465-65::R3.Corda ran successfully in 1ms
?[m?[37m[INFO] 10:34:04,052 [Test worker] liquibase.info - master.changelog.json: migration/vault-schema.changelog-v3.xml::clean_vault::R3.Corda: Data deleted from vault_fungible_states_parts
?[m?[37m[INFO] 10:34:04,052 [Test worker] liquibase.info - master.changelog.json: migration/vault-schema.changelog-v3.xml::clean_vault::R3.Corda: Data deleted from vault_fungible_states
?[m?[37m[INFO] 10:34:04,052 [Test worker] liquibase.info - master.changelog.json: migration/vault-schema.changelog-v3.xml::clean_vault::R3.Corda: Data deleted from vault_linear_states_parts
?[m?[37m[INFO] 10:34:04,052 [Test worker] liquibase.info - master.changelog.json: migration/vault-schema.changelog-v3.xml::clean_vault::R3.Corda: Data deleted from vault_linear_states
?[m?[37m[INFO] 10:34:04,052 [Test worker] liquibase.info - master.changelog.json: migration/vault-schema.changelog-v3.xml::clean_vault::R3.Corda: Data deleted from vault_states
?[m?[37m[INFO] 10:34:04,053 [Test worker] liquibase.info - master.changelog.json: migration/vault-schema.changelog-v3.xml::clean_vault::R3.Corda: Data deleted from vault_transaction_notes
?[m?[37m[INFO] 10:34:04,053 [Test worker] liquibase.info - master.changelog.json: migration/vault-schema.changelog-v3.xml::clean_vault::R3.Corda: ChangeSet migration/vault-schema.changelog-v3.xml::clean_vault::R3.Corda ran successfully in 2ms
?[m?[37m[INFO] 10:34:04,054 [Test worker] liquibase.info - master.changelog.json: migration/vault-schema.changelog-v4.xml::nullability::R3.Corda: Null constraint has been added to vault_fungible_states.quantity
?[m?[37m[INFO] 10:34:04,054 [Test worker] liquibase.info - master.changelog.json: migration/vault-schema.changelog-v4.xml::nullability::R3.Corda: Null constraint has been added to vault_states.contract_state_class_name
?[m?[37m[INFO] 10:34:04,055 [Test worker] liquibase.info - master.changelog.json: migration/vault-schema.changelog-v4.xml::nullability::R3.Corda: Null constraint has been added to vault_states.notary_name
?[m?[37m[INFO] 10:34:04,055 [Test worker] liquibase.info - master.changelog.json: migration/vault-schema.changelog-v4.xml::nullability::R3.Corda: Null constraint has been added to vault_states.recorded_timestamp
?[m?[37m[INFO] 10:34:04,055 [Test worker] liquibase.info - master.changelog.json: migration/vault-schema.changelog-v4.xml::nullability::R3.Corda: Index state_status_idx dropped from table vault_states
?[m?[37m[INFO] 10:34:04,056 [Test worker] liquibase.info - master.changelog.json: migration/vault-schema.changelog-v4.xml::nullability::R3.Corda: Index lock_id_idx dropped from table vault_states
?[m?[37m[INFO] 10:34:04,056 [Test worker] liquibase.info - master.changelog.json: migration/vault-schema.changelog-v4.xml::nullability::R3.Corda: Null constraint has been added to vault_states.state_status
?[m?[37m[INFO] 10:34:04,056 [Test worker] liquibase.info - master.changelog.json: migration/vault-schema.changelog-v4.xml::nullability::R3.Corda: Index state_status_idx created
?[m?[37m[INFO] 10:34:04,057 [Test worker] liquibase.info - master.changelog.json: migration/vault-schema.changelog-v4.xml::nullability::R3.Corda: Index lock_id_idx created
?[m?[37m[INFO] 10:34:04,057 [Test worker] liquibase.info - master.changelog.json: migration/vault-schema.changelog-v4.xml::nullability::R3.Corda: Index transaction_id_index dropped from table vault_transaction_notes
?[m?[37m[INFO] 10:34:04,057 [Test worker] liquibase.info - master.changelog.json: migration/vault-schema.changelog-v4.xml::nullability::R3.Corda: Null constraint has been added to vault_transaction_notes.note
?[m?[37m[INFO] 10:34:04,057 [Test worker] liquibase.info - master.changelog.json: migration/vault-schema.changelog-v4.xml::nullability::R3.Corda: Null constraint has been added to vault_transaction_notes.transaction_id
?[m?[37m[INFO] 10:34:04,058 [Test worker] liquibase.info - master.changelog.json: migration/vault-schema.changelog-v4.xml::nullability::R3.Corda: Index transaction_id_index created
?[m?[37m[INFO] 10:34:04,058 [Test worker] liquibase.info - master.changelog.json: migration/vault-schema.changelog-v4.xml::nullability::R3.Corda: ChangeSet migration/vault-schema.changelog-v4.xml::nullability::R3.Corda ran successfully in 5ms
?[m?[37m[INFO] 10:34:04,063 [Test worker] liquibase.info - master.changelog.json: migration/vault-schema.changelog-v5.xml::add_relevancy_status_column::R3.Corda: Columns relevancy_status(INT) added to vault_states
?[m?[37m[INFO] 10:34:04,063 [Test worker] liquibase.info - master.changelog.json: migration/vault-schema.changelog-v5.xml::add_relevancy_status_column::R3.Corda: Data updated in vault_states
?[m?[37m[INFO] 10:34:04,063 [Test worker] liquibase.info - master.changelog.json: migration/vault-schema.changelog-v5.xml::add_relevancy_status_column::R3.Corda: Null constraint has been added to vault_states.relevancy_status
?[m?[37m[INFO] 10:34:04,063 [Test worker] liquibase.info - master.changelog.json: migration/vault-schema.changelog-v5.xml::add_relevancy_status_column::R3.Corda: ChangeSet migration/vault-schema.changelog-v5.xml::add_relevancy_status_column::R3.Corda ran successfully in 2ms
?[m?[37m[INFO] 10:34:04,065 [Test worker] liquibase.info - master.changelog.json: migration/vault-schema.changelog-v6.xml::add_is_constraint_information_columns::R3.Corda: Columns constraint_type(INT) added to vault_states
?[m?[37m[INFO] 10:34:04,066 [Test worker] liquibase.info - master.changelog.json: migration/vault-schema.changelog-v6.xml::add_is_constraint_information_columns::R3.Corda: Columns constraint_data(varbinary(563)) added to vault_states
?[m?[37m[INFO] 10:34:04,066 [Test worker] liquibase.info - master.changelog.json: migration/vault-schema.changelog-v6.xml::add_is_constraint_information_columns::R3.Corda: ChangeSet migration/vault-schema.changelog-v6.xml::add_is_constraint_information_columns::R3.Corda ran successfully in 2ms
?[m?[37m[INFO] 10:34:04,067 [Test worker] liquibase.info - master.changelog.json: migration/vault-schema.changelog-v7.xml::make_issuer_ref_nullable::R3.Corda: Null constraint dropped from vault_fungible_states.issuer_ref
?[m?[37m[INFO] 10:34:04,067 [Test worker] liquibase.info - master.changelog.json: migration/vault-schema.changelog-v7.xml::make_issuer_ref_nullable::R3.Corda: ChangeSet migration/vault-schema.changelog-v7.xml::make_issuer_ref_nullable::R3.Corda ran successfully in 0ms
?[m?[37m[INFO] 10:34:04,068 [Test worker] liquibase.info - master.changelog.json: migration/vault-schema.changelog-v8.xml::create-external-id-to-state-party-view::R3.Corda: Table state_party created
?[m?[37m[INFO] 10:34:04,069 [Test worker] liquibase.info - master.changelog.json: migration/vault-schema.changelog-v8.xml::create-external-id-to-state-party-view::R3.Corda: Index state_pk_hash_idx created
?[m?[37m[INFO] 10:34:04,069 [Test worker] liquibase.info - master.changelog.json: migration/vault-schema.changelog-v8.xml::create-external-id-to-state-party-view::R3.Corda: Table pk_hash_to_ext_id_map created
?[m?[37m[INFO] 10:34:04,069 [Test worker] liquibase.info - master.changelog.json: migration/vault-schema.changelog-v8.xml::create-external-id-to-state-party-view::R3.Corda: Index pk_hash_to_xid_idx created
?[m?[37m[INFO] 10:34:04,070 [Test worker] liquibase.info - master.changelog.json: migration/vault-schema.changelog-v8.xml::create-external-id-to-state-party-view::R3.Corda: View v_pkey_hash_ex_id_map created
?[m?[37m[INFO] 10:34:04,070 [Test worker] liquibase.info - master.changelog.json: migration/vault-schema.changelog-v8.xml::create-external-id-to-state-party-view::R3.Corda: ChangeSet migration/vault-schema.changelog-v8.xml::create-external-id-to-state-party-view::R3.Corda ran successfully in 2ms
?[m?[37m[INFO] 10:34:04,071 [Test worker] liquibase.info - master.changelog.json: migration/node-info.changelog-init.xml::1511451595465-4::R3.Corda: Table node_link_nodeinfo_party created
?[m?[37m[INFO] 10:34:04,071 [Test worker] liquibase.info - master.changelog.json: migration/node-info.changelog-init.xml::1511451595465-4::R3.Corda: ChangeSet migration/node-info.changelog-init.xml::1511451595465-4::R3.Corda ran successfully in 0ms
?[m?[37m[INFO] 10:34:04,072 [Test worker] liquibase.info - master.changelog.json: migration/node-info.changelog-init.xml::1511451595465-10::R3.Corda: Table node_info_hosts created
?[m?[37m[INFO] 10:34:04,072 [Test worker] liquibase.info - master.changelog.json: migration/node-info.changelog-init.xml::1511451595465-10::R3.Corda: ChangeSet migration/node-info.changelog-init.xml::1511451595465-10::R3.Corda ran successfully in 0ms
?[m?[37m[INFO] 10:34:04,073 [Test worker] liquibase.info - master.changelog.json: migration/node-info.changelog-init.xml::1511451595465-11::R3.Corda: Table node_info_party_cert created
?[m?[37m[INFO] 10:34:04,073 [Test worker] liquibase.info - master.changelog.json: migration/node-info.changelog-init.xml::1511451595465-11::R3.Corda: ChangeSet migration/node-info.changelog-init.xml::1511451595465-11::R3.Corda ran successfully in 0ms
?[m?[37m[INFO] 10:34:04,074 [Test worker] liquibase.info - master.changelog.json: migration/node-info.changelog-init.xml::1511451595465-12::R3.Corda: Table node_infos created
?[m?[37m[INFO] 10:34:04,074 [Test worker] liquibase.info - master.changelog.json: migration/node-info.changelog-init.xml::1511451595465-12::R3.Corda: ChangeSet migration/node-info.changelog-init.xml::1511451595465-12::R3.Corda ran successfully in 0ms
?[m?[37m[INFO] 10:34:04,076 [Test worker] liquibase.info - master.changelog.json: migration/node-info.changelog-init.xml::1511451595465-35::R3.Corda: Primary key added to node_info_hosts (host, port)
?[m?[37m[INFO] 10:34:04,076 [Test worker] liquibase.info - master.changelog.json: migration/node-info.changelog-init.xml::1511451595465-35::R3.Corda: ChangeSet migration/node-info.changelog-init.xml::1511451595465-35::R3.Corda ran successfully in 1ms
?[m?[37m[INFO] 10:34:04,077 [Test worker] liquibase.info - master.changelog.json: migration/node-info.changelog-init.xml::1511451595465-36::R3.Corda: Primary key added to node_info_party_cert (party_name)
?[m?[37m[INFO] 10:34:04,077 [Test worker] liquibase.info - master.changelog.json: migration/node-info.changelog-init.xml::1511451595465-36::R3.Corda: ChangeSet migration/node-info.changelog-init.xml::1511451595465-36::R3.Corda ran successfully in 0ms
?[m?[37m[INFO] 10:34:04,078 [Test worker] liquibase.info - master.changelog.json: migration/node-info.changelog-init.xml::1511451595465-37::R3.Corda: Primary key added to node_infos (node_info_id)
?[m?[37m[INFO] 10:34:04,078 [Test worker] liquibase.info - master.changelog.json: migration/node-info.changelog-init.xml::1511451595465-37::R3.Corda: ChangeSet migration/node-info.changelog-init.xml::1511451595465-37::R3.Corda ran successfully in 0ms
?[m?[37m[INFO] 10:34:04,080 [Test worker] liquibase.info - master.changelog.json: migration/node-info.changelog-init.xml::1511451595465-62::R3.Corda: Foreign key constraint added to node_link_nodeinfo_party (node_info_id)
?[m?[37m[INFO] 10:34:04,080 [Test worker] liquibase.info - master.changelog.json: migration/node-info.changelog-init.xml::1511451595465-62::R3.Corda: ChangeSet migration/node-info.changelog-init.xml::1511451595465-62::R3.Corda ran successfully in 1ms
?[m?[37m[INFO] 10:34:04,082 [Test worker] liquibase.info - master.changelog.json: migration/node-info.changelog-init.xml::1511451595465-63::R3.Corda: Foreign key constraint added to node_info_hosts (node_info_id)
?[m?[37m[INFO] 10:34:04,082 [Test worker] liquibase.info - master.changelog.json: migration/node-info.changelog-init.xml::1511451595465-63::R3.Corda: ChangeSet migration/node-info.changelog-init.xml::1511451595465-63::R3.Corda ran successfully in 1ms
?[m?[37m[INFO] 10:34:04,083 [Test worker] liquibase.info - master.changelog.json: migration/node-info.changelog-init.xml::remove_host_port_pk::R3.Corda: Data deleted from node_infos
?[m?[37m[INFO] 10:34:04,083 [Test worker] liquibase.info - master.changelog.json: migration/node-info.changelog-init.xml::remove_host_port_pk::R3.Corda: Data deleted from node_link_nodeinfo_party
?[m?[37m[INFO] 10:34:04,083 [Test worker] liquibase.info - master.changelog.json: migration/node-info.changelog-init.xml::remove_host_port_pk::R3.Corda: Data deleted from node_info_hosts
?[m?[37m[INFO] 10:34:04,084 [Test worker] liquibase.info - master.changelog.json: migration/node-info.changelog-init.xml::remove_host_port_pk::R3.Corda: Data deleted from node_info_party_cert
?[m?[37m[INFO] 10:34:04,084 [Test worker] liquibase.info - master.changelog.json: migration/node-info.changelog-init.xml::remove_host_port_pk::R3.Corda: Primary key dropped from node_info_hosts
?[m?[37m[INFO] 10:34:04,085 [Test worker] liquibase.info - master.changelog.json: migration/node-info.changelog-init.xml::remove_host_port_pk::R3.Corda: Columns hosts_id(INT) added to node_info_hosts
?[m?[37m[INFO] 10:34:04,085 [Test worker] liquibase.info - master.changelog.json: migration/node-info.changelog-init.xml::remove_host_port_pk::R3.Corda: Primary key added to node_info_hosts (hosts_id)
?[m?[37m[INFO] 10:34:04,085 [Test worker] liquibase.info - master.changelog.json: migration/node-info.changelog-init.xml::remove_host_port_pk::R3.Corda: ChangeSet migration/node-info.changelog-init.xml::remove_host_port_pk::R3.Corda ran successfully in 2ms
?[m?[37m[INFO] 10:34:04,087 [Test worker] liquibase.info - master.changelog.json: migration/node-info.changelog-v1.xml::key/value node properties table::R3.Corda: Table node_properties created
?[m?[37m[INFO] 10:34:04,087 [Test worker] liquibase.info - master.changelog.json: migration/node-info.changelog-v1.xml::key/value node properties table::R3.Corda: ChangeSet migration/node-info.changelog-v1.xml::key/value node properties table::R3.Corda ran successfully in 1ms
?[m?[37m[INFO] 10:34:04,088 [Test worker] liquibase.info - master.changelog.json: migration/node-info.changelog-v2.xml::1525962920::R3.Corda: Null constraint has been added to node_infos.node_info_hash
?[m?[37m[INFO] 10:34:04,089 [Test worker] liquibase.info - master.changelog.json: migration/node-info.changelog-v2.xml::1525962920::R3.Corda: Null constraint has been added to node_infos.platform_version
?[m?[37m[INFO] 10:34:04,089 [Test worker] liquibase.info - master.changelog.json: migration/node-info.changelog-v2.xml::1525962920::R3.Corda: Null constraint has been added to node_infos.serial
?[m?[37m[INFO] 10:34:04,089 [Test worker] liquibase.info - master.changelog.json: migration/node-info.changelog-v2.xml::1525962920::R3.Corda: Null constraint dropped from node_info_hosts.host
?[m?[37m[INFO] 10:34:04,090 [Test worker] liquibase.info - master.changelog.json: migration/node-info.changelog-v2.xml::1525962920::R3.Corda: Null constraint dropped from node_info_hosts.port
?[m?[37m[INFO] 10:34:04,090 [Test worker] liquibase.info - master.changelog.json: migration/node-info.changelog-v2.xml::1525962920::R3.Corda: Null constraint has been added to node_info_party_cert.owning_key_hash
?[m?[37m[INFO] 10:34:04,090 [Test worker] liquibase.info - master.changelog.json: migration/node-info.changelog-v2.xml::1525962920::R3.Corda: Null constraint has been added to node_info_party_cert.party_cert_binary
?[m?[37m[INFO] 10:34:04,090 [Test worker] liquibase.info - master.changelog.json: migration/node-info.changelog-v2.xml::1525962920::R3.Corda: ChangeSet migration/node-info.changelog-v2.xml::1525962920::R3.Corda ran successfully in 2ms
?[m?[37m[INFO] 10:34:04,092 [Test worker] liquibase.info - master.changelog.json: migration/node-info.changelog-v3.xml::column_host_name::R3.Corda: Column node_info_hosts.host renamed to host_name
?[m?[37m[INFO] 10:34:04,092 [Test worker] liquibase.info - master.changelog.json: migration/node-info.changelog-v3.xml::column_host_name::R3.Corda: ChangeSet migration/node-info.changelog-v3.xml::column_host_name::R3.Corda ran successfully in 1ms
?[m?[37m[INFO] 10:34:04,093 [Test worker] liquibase.info - master.changelog.json: migration/node-services.changelog-init.xml::1511451595465-5::R3.Corda: Table node_attachments created
?[m?[37m[INFO] 10:34:04,094 [Test worker] liquibase.info - master.changelog.json: migration/node-services.changelog-init.xml::1511451595465-5::R3.Corda: ChangeSet migration/node-services.changelog-init.xml::1511451595465-5::R3.Corda ran successfully in 0ms
?[m?[37m[INFO] 10:34:04,095 [Test worker] liquibase.info - master.changelog.json: migration/node-services.changelog-init.xml::1511451595465-7::R3.Corda: Table node_checkpoints created
?[m?[37m[INFO] 10:34:04,095 [Test worker] liquibase.info - master.changelog.json: migration/node-services.changelog-init.xml::1511451595465-7::R3.Corda: ChangeSet migration/node-services.changelog-init.xml::1511451595465-7::R3.Corda ran successfully in 1ms
?[m?[37m[INFO] 10:34:04,097 [Test worker] liquibase.info - master.changelog.json: migration/node-services.changelog-init.xml::1511451595465-8::R3.Corda: Table node_contract_upgrades created
?[m?[37m[INFO] 10:34:04,097 [Test worker] liquibase.info - master.changelog.json: migration/node-services.changelog-init.xml::1511451595465-8::R3.Corda: ChangeSet migration/node-services.changelog-init.xml::1511451595465-8::R3.Corda ran successfully in 1ms
?[m?[37m[INFO] 10:34:04,098 [Test worker] liquibase.info - master.changelog.json: migration/node-services.changelog-init.xml::1511451595465-9::R3.Corda: Table node_identities created
?[m?[37m[INFO] 10:34:04,098 [Test worker] liquibase.info - master.changelog.json: migration/node-services.changelog-init.xml::1511451595465-9::R3.Corda: ChangeSet migration/node-services.changelog-init.xml::1511451595465-9::R3.Corda ran successfully in 0ms
?[m?[37m[INFO] 10:34:04,099 [Test worker] liquibase.info - master.changelog.json: migration/node-services.changelog-init.xml::1511451595465-13::R3.Corda: Table node_message_ids created
?[m?[37m[INFO] 10:34:04,099 [Test worker] liquibase.info - master.changelog.json: migration/node-services.changelog-init.xml::1511451595465-13::R3.Corda: ChangeSet migration/node-services.changelog-init.xml::1511451595465-13::R3.Corda ran successfully in 0ms
?[m?[37m[INFO] 10:34:04,101 [Test worker] liquibase.info - master.changelog.json: migration/node-services.changelog-init.xml::1511451595465-14::R3.Corda: Table node_message_retry created
?[m?[37m[INFO] 10:34:04,101 [Test worker] liquibase.info - master.changelog.json: migration/node-services.changelog-init.xml::1511451595465-14::R3.Corda: ChangeSet migration/node-services.changelog-init.xml::1511451595465-14::R3.Corda ran successfully in 1ms
?[m?[37m[INFO] 10:34:04,102 [Test worker] liquibase.info - master.changelog.json: migration/node-services.changelog-init.xml::1511451595465-15::R3.Corda: Table node_named_identities created
?[m?[37m[INFO] 10:34:04,102 [Test worker] liquibase.info - master.changelog.json: migration/node-services.changelog-init.xml::1511451595465-15::R3.Corda: ChangeSet migration/node-services.changelog-init.xml::1511451595465-15::R3.Corda ran successfully in 0ms
?[m?[37m[INFO] 10:34:04,103 [Test worker] liquibase.info - master.changelog.json: migration/node-services.changelog-init.xml::1511451595465-17::R3.Corda: Table node_our_key_pairs created
?[m?[37m[INFO] 10:34:04,104 [Test worker] liquibase.info - master.changelog.json: migration/node-services.changelog-init.xml::1511451595465-17::R3.Corda: ChangeSet migration/node-services.changelog-init.xml::1511451595465-17::R3.Corda ran successfully in 0ms
?[m?[37m[INFO] 10:34:04,105 [Test worker] liquibase.info - master.changelog.json: migration/node-services.changelog-init.xml::1511451595465-19::R3.Corda: Table node_scheduled_states created
?[m?[37m[INFO] 10:34:04,105 [Test worker] liquibase.info - master.changelog.json: migration/node-services.changelog-init.xml::1511451595465-19::R3.Corda: ChangeSet migration/node-services.changelog-init.xml::1511451595465-19::R3.Corda ran successfully in 1ms
?[m?[37m[INFO] 10:34:04,106 [Test worker] liquibase.info - master.changelog.json: migration/node-services.changelog-init.xml::1511451595465-20::R3.Corda: Table node_transaction_mappings created
?[m?[37m[INFO] 10:34:04,106 [Test worker] liquibase.info - master.changelog.json: migration/node-services.changelog-init.xml::1511451595465-20::R3.Corda: ChangeSet migration/node-services.changelog-init.xml::1511451595465-20::R3.Corda ran successfully in 0ms
?[m?[37m[INFO] 10:34:04,107 [Test worker] liquibase.info - master.changelog.json: migration/node-services.changelog-init.xml::1511451595465-21::R3.Corda: Table node_transactions created
?[m?[37m[INFO] 10:34:04,107 [Test worker] liquibase.info - master.changelog.json: migration/node-services.changelog-init.xml::1511451595465-21::R3.Corda: ChangeSet migration/node-services.changelog-init.xml::1511451595465-21::R3.Corda ran successfully in 0ms
?[m?[37m[INFO] 10:34:04,109 [Test worker] liquibase.info - master.changelog.json: migration/node-services.changelog-init.xml::1511451595465-30::R3.Corda: Primary key added to node_attachments (att_id)
?[m?[37m[INFO] 10:34:04,109 [Test worker] liquibase.info - master.changelog.json: migration/node-services.changelog-init.xml::1511451595465-30::R3.Corda: ChangeSet migration/node-services.changelog-init.xml::1511451595465-30::R3.Corda ran successfully in 1ms
?[m?[37m[INFO] 10:34:04,110 [Test worker] liquibase.info - master.changelog.json: migration/node-services.changelog-init.xml::1511451595465-32::R3.Corda: Primary key added to node_checkpoints (checkpoint_id)
?[m?[37m[INFO] 10:34:04,110 [Test worker] liquibase.info - master.changelog.json: migration/node-services.changelog-init.xml::1511451595465-32::R3.Corda: ChangeSet migration/node-services.changelog-init.xml::1511451595465-32::R3.Corda ran successfully in 0ms
?[m?[37m[INFO] 10:34:04,111 [Test worker] liquibase.info - master.changelog.json: migration/node-services.changelog-init.xml::1511451595465-33::R3.Corda: Primary key added to node_contract_upgrades (state_ref)
?[m?[37m[INFO] 10:34:04,111 [Test worker] liquibase.info - master.changelog.json: migration/node-services.changelog-init.xml::1511451595465-33::R3.Corda: ChangeSet migration/node-services.changelog-init.xml::1511451595465-33::R3.Corda ran successfully in 0ms
?[m?[37m[INFO] 10:34:04,112 [Test worker] liquibase.info - master.changelog.json: migration/node-services.changelog-init.xml::1511451595465-34::R3.Corda: Primary key added to node_identities (pk_hash)
?[m?[37m[INFO] 10:34:04,113 [Test worker] liquibase.info - master.changelog.json: migration/node-services.changelog-init.xml::1511451595465-34::R3.Corda: ChangeSet migration/node-services.changelog-init.xml::1511451595465-34::R3.Corda ran successfully in 0ms
?[m?[37m[INFO] 10:34:04,114 [Test worker] liquibase.info - master.changelog.json: migration/node-services.changelog-init.xml::1511451595465-38::R3.Corda: Primary key added to node_message_ids (message_id)
?[m?[37m[INFO] 10:34:04,114 [Test worker] liquibase.info - master.changelog.json: migration/node-services.changelog-init.xml::1511451595465-38::R3.Corda: ChangeSet migration/node-services.changelog-init.xml::1511451595465-38::R3.Corda ran successfully in 1ms
?[m?[37m[INFO] 10:34:04,115 [Test worker] liquibase.info - master.changelog.json: migration/node-services.changelog-init.xml::1511451595465-39::R3.Corda: Primary key added to node_message_retry (message_id)
?[m?[37m[INFO] 10:34:04,115 [Test worker] liquibase.info - master.changelog.json: migration/node-services.changelog-init.xml::1511451595465-39::R3.Corda: ChangeSet migration/node-services.changelog-init.xml::1511451595465-39::R3.Corda ran successfully in 0ms
?[m?[37m[INFO] 10:34:04,116 [Test worker] liquibase.info - master.changelog.json: migration/node-services.changelog-init.xml::1511451595465-40::R3.Corda: Primary key added to node_named_identities (name)
?[m?[37m[INFO] 10:34:04,116 [Test worker] liquibase.info - master.changelog.json: migration/node-services.changelog-init.xml::1511451595465-40::R3.Corda: ChangeSet migration/node-services.changelog-init.xml::1511451595465-40::R3.Corda ran successfully in 0ms
?[m?[37m[INFO] 10:34:04,117 [Test worker] liquibase.info - master.changelog.json: migration/node-services.changelog-init.xml::1511451595465-42::R3.Corda: Primary key added to node_our_key_pairs (public_key_hash)
?[m?[37m[INFO] 10:34:04,118 [Test worker] liquibase.info - master.changelog.json: migration/node-services.changelog-init.xml::1511451595465-42::R3.Corda: ChangeSet migration/node-services.changelog-init.xml::1511451595465-42::R3.Corda ran successfully in 0ms
?[m?[37m[INFO] 10:34:04,119 [Test worker] liquibase.info - master.changelog.json: migration/node-services.changelog-init.xml::1511451595465-44::R3.Corda: Primary key added to node_scheduled_states (output_index, transaction_id)
?[m?[37m[INFO] 10:34:04,119 [Test worker] liquibase.info - master.changelog.json: migration/node-services.changelog-init.xml::1511451595465-44::R3.Corda: ChangeSet migration/node-services.changelog-init.xml::1511451595465-44::R3.Corda ran successfully in 1ms
?[m?[37m[INFO] 10:34:04,120 [Test worker] liquibase.info - master.changelog.json: migration/node-services.changelog-init.xml::1511451595465-45::R3.Corda: Primary key added to node_transaction_mappings (tx_id)
?[m?[37m[INFO] 10:34:04,121 [Test worker] liquibase.info - master.changelog.json: migration/node-services.changelog-init.xml::1511451595465-45::R3.Corda: ChangeSet migration/node-services.changelog-init.xml::1511451595465-45::R3.Corda ran successfully in 0ms
?[m?[37m[INFO] 10:34:04,122 [Test worker] liquibase.info - master.changelog.json: migration/node-services.changelog-init.xml::1511451595465-46::R3.Corda: Primary key added to node_transactions (tx_id)
?[m?[37m[INFO] 10:34:04,122 [Test worker] liquibase.info - master.changelog.json: migration/node-services.changelog-init.xml::1511451595465-46::R3.Corda: ChangeSet migration/node-services.changelog-init.xml::1511451595465-46::R3.Corda ran successfully in 0ms
?[m?[37m[INFO] 10:34:04,124 [Test worker] liquibase.info - master.changelog.json: migration/node-services.changelog-init.xml::1511451595465-61::R3.Corda: Foreign key constraint added to node_link_nodeinfo_party (party_name)
?[m?[37m[INFO] 10:34:04,124 [Test worker] liquibase.info - master.changelog.json: migration/node-services.changelog-init.xml::1511451595465-61::R3.Corda: ChangeSet migration/node-services.changelog-init.xml::1511451595465-61::R3.Corda ran successfully in 1ms
?[m?[37m[INFO] 10:34:04,126 [Test worker] liquibase.info - master.changelog.json: migration/node-services.changelog-init.xml::add index att_id::R3.Corda: Index att_id_idx created
?[m?[37m[INFO] 10:34:04,126 [Test worker] liquibase.info - master.changelog.json: migration/node-services.changelog-init.xml::add index att_id::R3.Corda: ChangeSet migration/node-services.changelog-init.xml::add index att_id::R3.Corda ran successfully in 1ms
?[m?[37m[INFO] 10:34:04,127 [Test worker] liquibase.info - master.changelog.json: migration/node-services.changelog-init.xml::add_contract_attachment::R3.Corda: Table node_attchments_contracts created
?[m?[37m[INFO] 10:34:04,128 [Test worker] liquibase.info - master.changelog.json: migration/node-services.changelog-init.xml::add_contract_attachment::R3.Corda: Foreign key constraint added to node_attchments_contracts (att_id)
?[m?[37m[INFO] 10:34:04,128 [Test worker] liquibase.info - master.changelog.json: migration/node-services.changelog-init.xml::add_contract_attachment::R3.Corda: Data deleted from node_attachments
?[m?[37m[INFO] 10:34:04,128 [Test worker] liquibase.info - master.changelog.json: migration/node-services.changelog-init.xml::add_contract_attachment::R3.Corda: ChangeSet migration/node-services.changelog-init.xml::add_contract_attachment::R3.Corda ran successfully in 1ms
?[m?[37m[INFO] 10:34:04,130 [Test worker] liquibase.info - master.changelog.json: migration/node-services.changelog-init.xml::add_dedup_columns::R3.Corda: Columns sender(NVARCHAR(64)),sequence_number(BIGINT) added to node_message_ids
?[m?[37m[INFO] 10:34:04,130 [Test worker] liquibase.info - master.changelog.json: migration/node-services.changelog-init.xml::add_dedup_columns::R3.Corda: ChangeSet migration/node-services.changelog-init.xml::add_dedup_columns::R3.Corda ran successfully in 1ms
?[m?[37m[INFO] 10:34:04,131 [Test worker] liquibase.info - master.changelog.json: migration/node-core.changelog-v4.xml::attchments_rename::R3.Corda: Table node_attchments_contracts renamed to node_attachments_contracts
?[m?[37m[INFO] 10:34:04,132 [Test worker] liquibase.info - master.changelog.json: migration/node-core.changelog-v4.xml::attchments_rename::R3.Corda: ChangeSet migration/node-core.changelog-v4.xml::attchments_rename::R3.Corda ran successfully in 0ms
?[m?[37m[INFO] 10:34:04,133 [Test worker] liquibase.info - master.changelog.json: migration/node-core.changelog-v4.xml::nullability::R3.Corda: Null constraint has been added to node_identities.identity_value
?[m?[37m[INFO] 10:34:04,133 [Test worker] liquibase.info - master.changelog.json: migration/node-core.changelog-v4.xml::nullability::R3.Corda: Null constraint has been added to node_attachments.content
?[m?[37m[INFO] 10:34:04,133 [Test worker] liquibase.info - master.changelog.json: migration/node-core.changelog-v4.xml::nullability::R3.Corda: Null constraint has been added to node_attachments_contracts.contract_class_name
?[m?[37m[INFO] 10:34:04,133 [Test worker] liquibase.info - master.changelog.json: migration/node-core.changelog-v4.xml::nullability::R3.Corda: Null constraint has been added to node_checkpoints.checkpoint_value
?[m?[37m[INFO] 10:34:04,133 [Test worker] liquibase.info - master.changelog.json: migration/node-core.changelog-v4.xml::nullability::R3.Corda: Null constraint has been added to node_contract_upgrades.contract_class_name
?[m?[37m[INFO] 10:34:04,134 [Test worker] liquibase.info - master.changelog.json: migration/node-core.changelog-v4.xml::nullability::R3.Corda: Null constraint has been added to node_message_ids.insertion_time
?[m?[37m[INFO] 10:34:04,134 [Test worker] liquibase.info - master.changelog.json: migration/node-core.changelog-v4.xml::nullability::R3.Corda: Null constraint has been added to node_message_retry.message
?[m?[37m[INFO] 10:34:04,134 [Test worker] liquibase.info - master.changelog.json: migration/node-core.changelog-v4.xml::nullability::R3.Corda: Null constraint has been added to node_message_retry.recipients
?[m?[37m[INFO] 10:34:04,134 [Test worker] liquibase.info - master.changelog.json: migration/node-core.changelog-v4.xml::nullability::R3.Corda: Null constraint has been added to node_named_identities.pk_hash
?[m?[37m[INFO] 10:34:04,134 [Test worker] liquibase.info - master.changelog.json: migration/node-core.changelog-v4.xml::nullability::R3.Corda: Null constraint has been added to node_our_key_pairs.private_key
?[m?[37m[INFO] 10:34:04,134 [Test worker] liquibase.info - master.changelog.json: migration/node-core.changelog-v4.xml::nullability::R3.Corda: Null constraint has been added to node_our_key_pairs.public_key
?[m?[37m[INFO] 10:34:04,135 [Test worker] liquibase.info - master.changelog.json: migration/node-core.changelog-v4.xml::nullability::R3.Corda: Null constraint has been added to node_transaction_mappings.state_machine_run_id
?[m?[37m[INFO] 10:34:04,135 [Test worker] liquibase.info - master.changelog.json: migration/node-core.changelog-v4.xml::nullability::R3.Corda: Null constraint has been added to node_transactions.transaction_value
?[m?[37m[INFO] 10:34:04,135 [Test worker] liquibase.info - master.changelog.json: migration/node-core.changelog-v4.xml::nullability::R3.Corda: ChangeSet migration/node-core.changelog-v4.xml::nullability::R3.Corda ran successfully in 3ms
?[m?[37m[INFO] 10:34:04,136 [Test worker] liquibase.info - master.changelog.json: migration/node-core.changelog-v5.xml::remove_unused_node_message_retry::R3.Corda: Table node_message_retry dropped
?[m?[37m[INFO] 10:34:04,137 [Test worker] liquibase.info - master.changelog.json: migration/node-core.changelog-v5.xml::remove_unused_node_message_retry::R3.Corda: ChangeSet migration/node-core.changelog-v5.xml::remove_unused_node_message_retry::R3.Corda ran successfully in 0ms
?[m?[37m[INFO] 10:34:04,147 [Test worker] liquibase.info - master.changelog.json: migration/node-core.changelog-v8.xml::conditional_attchments_rename::R3.Corda: Marking ChangeSet: migration/node-core.changelog-v8.xml::conditional_attchments_rename::R3.Corda ran despite precondition failure due to onFail='MARK_RAN': 
          master.changelog.json : Table PUBLIC.NODE_ATTCHMENTS_CONTRACTS does not exist

?[m?[37m[INFO] 10:34:04,152 [Test worker] liquibase.info - master.changelog.json: migration/node-core.changelog-v8.xml::conditional_attchments_contracts::R3.Corda: Marking ChangeSet: migration/node-core.changelog-v8.xml::conditional_attchments_contracts::R3.Corda ran despite precondition failure due to onFail='MARK_RAN': 
          master.changelog.json : Table PUBLIC.NODE_ATTACHMENTS_CONTRACT_CLASS_NAME does not exist

?[m?[37m[INFO] 10:34:04,153 [Test worker] liquibase.info - master.changelog.json: migration/node-core.changelog-v8.xml::add_signers::R3.Corda: Table node_attachments_signers created
?[m?[37m[INFO] 10:34:04,154 [Test worker] liquibase.info - master.changelog.json: migration/node-core.changelog-v8.xml::add_signers::R3.Corda: Foreign key constraint added to node_attachments_signers (att_id)
?[m?[37m[INFO] 10:34:04,154 [Test worker] liquibase.info - master.changelog.json: migration/node-core.changelog-v8.xml::add_signers::R3.Corda: ChangeSet migration/node-core.changelog-v8.xml::add_signers::R3.Corda ran successfully in 1ms
?[m?[37m[INFO] 10:34:04,156 [Test worker] liquibase.info - master.changelog.json: migration/node-core.changelog-tx-mapping.xml::add_tx_mapping_column::R3.Corda: Columns state_machine_run_id(NVARCHAR(36)) added to node_transactions
?[m?[37m[INFO] 10:34:04,157 [Test worker] liquibase.info - master.changelog.json: migration/node-core.changelog-tx-mapping.xml::add_tx_mapping_column::R3.Corda: Custom SQL executed
?[m?[37m[INFO] 10:34:04,157 [Test worker] liquibase.info - master.changelog.json: migration/node-core.changelog-tx-mapping.xml::add_tx_mapping_column::R3.Corda: Table node_transaction_mappings dropped
?[m?[37m[INFO] 10:34:04,157 [Test worker] liquibase.info - master.changelog.json: migration/node-core.changelog-tx-mapping.xml::add_tx_mapping_column::R3.Corda: ChangeSet migration/node-core.changelog-tx-mapping.xml::add_tx_mapping_column::R3.Corda ran successfully in 2ms
?[m?[37m[INFO] 10:34:04,159 [Test worker] liquibase.info - master.changelog.json: migration/node-services.changelog-init.xml::add_network_parameters_storage::R3.Corda: Table node_network_parameters created
?[m?[37m[INFO] 10:34:04,159 [Test worker] liquibase.info - master.changelog.json: migration/node-services.changelog-init.xml::add_network_parameters_storage::R3.Corda: ChangeSet migration/node-services.changelog-init.xml::add_network_parameters_storage::R3.Corda ran successfully in 1ms
?[m?[37m[INFO] 10:34:04,160 [Test worker] liquibase.info - master.changelog.json: migration/node-services.changelog-init.xml::network_parameters_pk::R3.Corda: Primary key added to node_network_parameters (hash)
?[m?[37m[INFO] 10:34:04,160 [Test worker] liquibase.info - master.changelog.json: migration/node-services.changelog-init.xml::network_parameters_pk::R3.Corda: ChangeSet migration/node-services.changelog-init.xml::network_parameters_pk::R3.Corda ran successfully in 0ms
?[m?[37m[INFO] 10:34:04,163 [Test worker] liquibase.info - master.changelog.json: migration/node-services.changelog-init.xml::add_version_column::R3.Corda: Columns version(INT) added to node_attachments
?[m?[37m[INFO] 10:34:04,163 [Test worker] liquibase.info - master.changelog.json: migration/node-services.changelog-init.xml::add_version_column::R3.Corda: Custom SQL executed
?[m?[37m[INFO] 10:34:04,163 [Test worker] liquibase.info - master.changelog.json: migration/node-services.changelog-init.xml::add_version_column::R3.Corda: Null constraint has been added to node_attachments.version
?[m?[37m[INFO] 10:34:04,163 [Test worker] liquibase.info - master.changelog.json: migration/node-services.changelog-init.xml::add_version_column::R3.Corda: ChangeSet migration/node-services.changelog-init.xml::add_version_column::R3.Corda ran successfully in 2ms
?[m?[37m[INFO] 10:34:04,165 [Test worker] persistence.AttachmentVersionNumberMigration.execute - Start executing...
?[m?[37m[INFO] 10:34:04,166 [Test worker] persistence.AttachmentVersionNumberMigration.execute - Attachment version creation from whitelisted JARs using network parameters from build/mock-network/20190619-093403.663/nodes/0/network-parameters, whitelistedContractImplementations: {}.
?[m?[37m[INFO] 10:34:04,167 [Test worker] persistence.AttachmentVersionNumberMigration.execute - Attachment version creation from whitelisted JARs skipped, no attachments not found.
?[m?[37m[INFO] 10:34:04,167 [Test worker] liquibase.info - master.changelog.json: migration/node-services.changelog-init.xml::update-version-of-whitelisted-jars::R3.Corda: null
?[m?[37m[INFO] 10:34:04,167 [Test worker] liquibase.info - master.changelog.json: migration/node-services.changelog-init.xml::update-version-of-whitelisted-jars::R3.Corda: ChangeSet migration/node-services.changelog-init.xml::update-version-of-whitelisted-jars::R3.Corda ran successfully in 3ms
?[m?[37m[INFO] 10:34:04,169 [Test worker] liquibase.info - master.changelog.json: migration/node-services.changelog-init.xml::add-new-persitence-table::R3.Corda: Table identities_no_cert created
?[m?[37m[INFO] 10:34:04,169 [Test worker] liquibase.info - master.changelog.json: migration/node-services.changelog-init.xml::add-new-persitence-table::R3.Corda: ChangeSet migration/node-services.changelog-init.xml::add-new-persitence-table::R3.Corda ran successfully in 1ms
?[m?[37m[INFO] 10:34:04,170 [Test worker] migration.PersistentIdentitiesMigration.execute - Migrating persistent identities with certificates table into persistent table with no certificate data.
?[m?[37m[INFO] 10:34:04,172 [Test worker] persistence.HibernateConfiguration.<init> - Init HibernateConfiguration for schemas: [PersistentIdentitiesMigrationSchemaV1(name=net.corda.node.migration.PersistentIdentitiesMigrationSchema, version=1)]
?[m?[37m[INFO] 10:34:04,172 [Test worker] persistence.HibernateConfiguration.makeSessionFactoryForSchemas - Creating session factory for schemas: [PersistentIdentitiesMigrationSchemaV1(name=net.corda.node.migration.PersistentIdentitiesMigrationSchema, version=1)]
?[m?[37m[INFO] 10:34:04,179 [Test worker] internal.ConnectionProviderInitiator.initiateService - HHH000130: Instantiating explicit connection provider: net.corda.nodeapi.internal.persistence.HibernateConfiguration$NodeDatabaseConnectionProvider
?[m?[37m[INFO] 10:34:04,180 [Test worker] dialect.Dialect.<init> - HHH000400: Using dialect: org.hibernate.dialect.H2Dialect
?[m?[37m[INFO] 10:34:04,182 [Test worker] type.BasicTypeRegistry.register - HHH000270: Type registration [materialized_blob] overrides previous : org.hibernate.type.MaterializedBlobType@7a31aa45
?[m?[37m[INFO] 10:34:04,197 [Test worker] connections.access.getIsolatedConnection - HHH10001501: Connection obtained from JdbcConnectionAccess [org.hibernate.engine.jdbc.env.internal.JdbcEnvironmentInitiator$ConnectionProviderJdbcConnectionAccess@7315da80] for (non-JTA) DDL execution was not in auto-commit mode; the Connection 'local transaction' will be committed and the Connection will be set into auto-commit mode.
?[m?[37m[INFO] 10:34:04,219 [Test worker] persistence.HibernateConfiguration.makeSessionFactoryForSchemas - Created session factory for schemas: [PersistentIdentitiesMigrationSchemaV1(name=net.corda.node.migration.PersistentIdentitiesMigrationSchema, version=1)]
?[m?[37m[INFO] 10:34:04,220 [Test worker] internal.QueryTranslatorFactoryInitiator.initiateService - HHH000397: Using ASTQueryTranslatorFactory
?[m?[37m[INFO] 10:34:04,230 [Test worker] liquibase.info - master.changelog.json: migration/node-services.changelog-init.xml::transfer-to-new-persistence-table::R3.Corda: null
?[m?[37m[INFO] 10:34:04,230 [Test worker] liquibase.info - master.changelog.json: migration/node-services.changelog-init.xml::transfer-to-new-persistence-table::R3.Corda: ChangeSet migration/node-services.changelog-init.xml::transfer-to-new-persistence-table::R3.Corda ran successfully in 60ms
?[m?[37m[INFO] 10:34:04,231 [Test worker] migration.VaultStateMigration.execute - Migrating vault state data to V4 tables
?[m?[37m[INFO] 10:34:04,233 [Test worker] persistence.HibernateConfiguration.<init> - Init HibernateConfiguration for schemas: [VaultMigrationSchemaV1(name=net.corda.node.migration.VaultMigrationSchema, version=1), VaultSchemaV1(name=net.corda.node.services.vault.VaultSchema, version=1)]
?[m?[37m[INFO] 10:34:04,233 [Test worker] persistence.HibernateConfiguration.makeSessionFactoryForSchemas - Creating session factory for schemas: [VaultMigrationSchemaV1(name=net.corda.node.migration.VaultMigrationSchema, version=1), VaultSchemaV1(name=net.corda.node.services.vault.VaultSchema, version=1)]
?[m?[37m[INFO] 10:34:04,237 [Test worker] internal.ConnectionProviderInitiator.initiateService - HHH000130: Instantiating explicit connection provider: net.corda.nodeapi.internal.persistence.HibernateConfiguration$NodeDatabaseConnectionProvider
?[m?[37m[INFO] 10:34:04,238 [Test worker] dialect.Dialect.<init> - HHH000400: Using dialect: org.hibernate.dialect.H2Dialect
?[m?[37m[INFO] 10:34:04,239 [Test worker] type.BasicTypeRegistry.register - HHH000270: Type registration [materialized_blob] overrides previous : org.hibernate.type.MaterializedBlobType@7a31aa45
?[m?[37m[INFO] 10:34:04,260 [Test worker] connections.access.getIsolatedConnection - HHH10001501: Connection obtained from JdbcConnectionAccess [org.hibernate.engine.jdbc.env.internal.JdbcEnvironmentInitiator$ConnectionProviderJdbcConnectionAccess@3be6fa31] for (non-JTA) DDL execution was not in auto-commit mode; the Connection 'local transaction' will be committed and the Connection will be set into auto-commit mode.
?[m?[37m[INFO] 10:34:04,291 [Test worker] persistence.HibernateConfiguration.makeSessionFactoryForSchemas - Created session factory for schemas: [VaultMigrationSchemaV1(name=net.corda.node.migration.VaultMigrationSchema, version=1), VaultSchemaV1(name=net.corda.node.services.vault.VaultSchema, version=1)]
?[m?[37m[INFO] 10:34:04,292 [Test worker] internal.QueryTranslatorFactoryInitiator.initiateService - HHH000397: Using ASTQueryTranslatorFactory
?[m?[37m[INFO] 10:34:04,298 [Test worker] migration.VaultStateMigration.execute - Finished performing vault state data migration for 0 states
?[m?[37m[INFO] 10:34:04,298 [Test worker] liquibase.info - master.changelog.json: migration/vault-schema.changelog-v9.xml::update-vault-states::R3.Corda: null
?[m?[37m[INFO] 10:34:04,298 [Test worker] liquibase.info - master.changelog.json: migration/vault-schema.changelog-v9.xml::update-vault-states::R3.Corda: ChangeSet migration/vault-schema.changelog-v9.xml::update-vault-states::R3.Corda ran successfully in 67ms
?[m?[37m[INFO] 10:34:04,300 [Test worker] liquibase.info - master.changelog.json: migration/cash.changelog-init.xml::1511451595465-2::R3.Corda: Table contract_cash_states created
?[m?[37m[INFO] 10:34:04,300 [Test worker] liquibase.info - master.changelog.json: migration/cash.changelog-init.xml::1511451595465-2::R3.Corda: ChangeSet migration/cash.changelog-init.xml::1511451595465-2::R3.Corda ran successfully in 1ms
?[m?[37m[INFO] 10:34:04,301 [Test worker] liquibase.info - master.changelog.json: migration/cash.changelog-init.xml::1511451595465-28::R3.Corda: Primary key added to contract_cash_states (output_index, transaction_id)
?[m?[37m[INFO] 10:34:04,301 [Test worker] liquibase.info - master.changelog.json: migration/cash.changelog-init.xml::1511451595465-28::R3.Corda: ChangeSet migration/cash.changelog-init.xml::1511451595465-28::R3.Corda ran successfully in 0ms
?[m?[37m[INFO] 10:34:04,302 [Test worker] liquibase.info - master.changelog.json: migration/cash.changelog-init.xml::1511451595465-51::R3.Corda: Index ccy_code_idx created
?[m?[37m[INFO] 10:34:04,302 [Test worker] liquibase.info - master.changelog.json: migration/cash.changelog-init.xml::1511451595465-51::R3.Corda: ChangeSet migration/cash.changelog-init.xml::1511451595465-51::R3.Corda ran successfully in 0ms
?[m?[37m[INFO] 10:34:04,304 [Test worker] liquibase.info - master.changelog.json: migration/cash.changelog-init.xml::1511451595465-57::R3.Corda: Index pennies_idx created
?[m?[37m[INFO] 10:34:04,304 [Test worker] liquibase.info - master.changelog.json: migration/cash.changelog-init.xml::1511451595465-57::R3.Corda: ChangeSet migration/cash.changelog-init.xml::1511451595465-57::R3.Corda ran successfully in 1ms
?[m?[37m[INFO] 10:34:04,307 [Test worker] liquibase.info - master.changelog.json: migration/node-services.changelog-init.xml::1525793504::R3.Corda: Index ccy_code_idx dropped from table contract_cash_states
?[m?[37m[INFO] 10:34:04,307 [Test worker] liquibase.info - master.changelog.json: migration/node-services.changelog-init.xml::1525793504::R3.Corda: Null constraint has been added to contract_cash_states.ccy_code
?[m?[37m[INFO] 10:34:04,308 [Test worker] liquibase.info - master.changelog.json: migration/node-services.changelog-init.xml::1525793504::R3.Corda: Index ccy_code_idx created
?[m?[37m[INFO] 10:34:04,308 [Test worker] liquibase.info - master.changelog.json: migration/node-services.changelog-init.xml::1525793504::R3.Corda: Null constraint has been added to contract_cash_states.issuer_key_hash
?[m?[37m[INFO] 10:34:04,308 [Test worker] liquibase.info - master.changelog.json: migration/node-services.changelog-init.xml::1525793504::R3.Corda: Null constraint has been added to contract_cash_states.issuer_ref
?[m?[37m[INFO] 10:34:04,309 [Test worker] liquibase.info - master.changelog.json: migration/node-services.changelog-init.xml::1525793504::R3.Corda: Index pennies_idx dropped from table contract_cash_states
?[m?[37m[INFO] 10:34:04,309 [Test worker] liquibase.info - master.changelog.json: migration/node-services.changelog-init.xml::1525793504::R3.Corda: Null constraint has been added to contract_cash_states.pennies
?[m?[37m[INFO] 10:34:04,309 [Test worker] liquibase.info - master.changelog.json: migration/node-services.changelog-init.xml::1525793504::R3.Corda: Index pennies_idx created
?[m?[37m[INFO] 10:34:04,309 [Test worker] liquibase.info - master.changelog.json: migration/node-services.changelog-init.xml::1525793504::R3.Corda: ChangeSet migration/node-services.changelog-init.xml::1525793504::R3.Corda ran successfully in 3ms
?[m?[37m[INFO] 10:34:04,311 [Test worker] liquibase.info - master.changelog.json: migration/commercial-paper.changelog-init.xml::1511451595465-3::R3.Corda: Table cp_states created
?[m?[37m[INFO] 10:34:04,312 [Test worker] liquibase.info - master.changelog.json: migration/commercial-paper.changelog-init.xml::1511451595465-3::R3.Corda: ChangeSet migration/commercial-paper.changelog-init.xml::1511451595465-3::R3.Corda ran successfully in 0ms
?[m?[37m[INFO] 10:34:04,313 [Test worker] liquibase.info - master.changelog.json: migration/commercial-paper.changelog-init.xml::1511451595465-29::R3.Corda: Primary key added to cp_states (output_index, transaction_id)
?[m?[37m[INFO] 10:34:04,313 [Test worker] liquibase.info - master.changelog.json: migration/commercial-paper.changelog-init.xml::1511451595465-29::R3.Corda: ChangeSet migration/commercial-paper.changelog-init.xml::1511451595465-29::R3.Corda ran successfully in 0ms
?[m?[37m[INFO] 10:34:04,315 [Test worker] liquibase.info - master.changelog.json: migration/commercial-paper.changelog-init.xml::1511451595465-52::R3.Corda: Index ccy_code_index created
?[m?[37m[INFO] 10:34:04,315 [Test worker] liquibase.info - master.changelog.json: migration/commercial-paper.changelog-init.xml::1511451595465-52::R3.Corda: ChangeSet migration/commercial-paper.changelog-init.xml::1511451595465-52::R3.Corda ran successfully in 1ms
?[m?[37m[INFO] 10:34:04,316 [Test worker] liquibase.info - master.changelog.json: migration/commercial-paper.changelog-init.xml::1511451595465-54::R3.Corda: Index face_value_index created
?[m?[37m[INFO] 10:34:04,316 [Test worker] liquibase.info - master.changelog.json: migration/commercial-paper.changelog-init.xml::1511451595465-54::R3.Corda: ChangeSet migration/commercial-paper.changelog-init.xml::1511451595465-54::R3.Corda ran successfully in 1ms
?[m?[37m[INFO] 10:34:04,317 [Test worker] liquibase.info - master.changelog.json: migration/commercial-paper.changelog-init.xml::1511451595465-56::R3.Corda: Index maturity_index created
?[m?[37m[INFO] 10:34:04,317 [Test worker] liquibase.info - master.changelog.json: migration/commercial-paper.changelog-init.xml::1511451595465-56::R3.Corda: ChangeSet migration/commercial-paper.changelog-init.xml::1511451595465-56::R3.Corda ran successfully in 0ms
?[m?[37m[INFO] 10:34:04,319 [Test worker] liquibase.info - master.changelog.json: migration/commercial-paper.changelog-v1.xml::1525962920::R3.Corda: Index ccy_code_index dropped from table cp_states
?[m?[37m[INFO] 10:34:04,320 [Test worker] liquibase.info - master.changelog.json: migration/commercial-paper.changelog-v1.xml::1525962920::R3.Corda: Null constraint has been added to cp_states.ccy_code
?[m?[37m[INFO] 10:34:04,320 [Test worker] liquibase.info - master.changelog.json: migration/commercial-paper.changelog-v1.xml::1525962920::R3.Corda: Index ccy_code_index created
?[m?[37m[INFO] 10:34:04,321 [Test worker] liquibase.info - master.changelog.json: migration/commercial-paper.changelog-v1.xml::1525962920::R3.Corda: Index face_value_index dropped from table cp_states
?[m?[37m[INFO] 10:34:04,321 [Test worker] liquibase.info - master.changelog.json: migration/commercial-paper.changelog-v1.xml::1525962920::R3.Corda: Null constraint has been added to cp_states.face_value
?[m?[37m[INFO] 10:34:04,321 [Test worker] liquibase.info - master.changelog.json: migration/commercial-paper.changelog-v1.xml::1525962920::R3.Corda: Index face_value_index created
?[m?[37m[INFO] 10:34:04,322 [Test worker] liquibase.info - master.changelog.json: migration/commercial-paper.changelog-v1.xml::1525962920::R3.Corda: Null constraint has been added to cp_states.face_value_issuer_key_hash
?[m?[37m[INFO] 10:34:04,322 [Test worker] liquibase.info - master.changelog.json: migration/commercial-paper.changelog-v1.xml::1525962920::R3.Corda: Null constraint has been added to cp_states.face_value_issuer_ref
?[m?[37m[INFO] 10:34:04,322 [Test worker] liquibase.info - master.changelog.json: migration/commercial-paper.changelog-v1.xml::1525962920::R3.Corda: Null constraint has been added to cp_states.issuance_key_hash
?[m?[37m[INFO] 10:34:04,323 [Test worker] liquibase.info - master.changelog.json: migration/commercial-paper.changelog-v1.xml::1525962920::R3.Corda: Null constraint has been added to cp_states.issuance_ref
?[m?[37m[INFO] 10:34:04,323 [Test worker] liquibase.info - master.changelog.json: migration/commercial-paper.changelog-v1.xml::1525962920::R3.Corda: Index maturity_index dropped from table cp_states
?[m?[37m[INFO] 10:34:04,323 [Test worker] liquibase.info - master.changelog.json: migration/commercial-paper.changelog-v1.xml::1525962920::R3.Corda: Null constraint has been added to cp_states.maturity_instant
?[m?[37m[INFO] 10:34:04,324 [Test worker] liquibase.info - master.changelog.json: migration/commercial-paper.changelog-v1.xml::1525962920::R3.Corda: Index maturity_index created
?[m?[37m[INFO] 10:34:04,324 [Test worker] liquibase.info - master.changelog.json: migration/commercial-paper.changelog-v1.xml::1525962920::R3.Corda: Null constraint has been added to cp_states.owner_key_hash
?[m?[37m[INFO] 10:34:04,324 [Test worker] liquibase.info - master.changelog.json: migration/commercial-paper.changelog-v1.xml::1525962920::R3.Corda: ChangeSet migration/commercial-paper.changelog-v1.xml::1525962920::R3.Corda ran successfully in 5ms
?[m?[37m[INFO] 10:34:04,326 [Test worker] liquibase.info - master.changelog.json: migration/node-services.changelog-init.xml::1511451595465-16::R3.Corda: Table node_notary_committed_states created
?[m?[37m[INFO] 10:34:04,326 [Test worker] liquibase.info - master.changelog.json: migration/node-services.changelog-init.xml::1511451595465-16::R3.Corda: ChangeSet migration/node-services.changelog-init.xml::1511451595465-16::R3.Corda ran successfully in 0ms
?[m?[37m[INFO] 10:34:04,328 [Test worker] liquibase.info - master.changelog.json: migration/node-services.changelog-init.xml::1521131680317-17::R3.Corda: Table node_notary_request_log created
?[m?[37m[INFO] 10:34:04,328 [Test worker] liquibase.info - master.changelog.json: migration/node-services.changelog-init.xml::1521131680317-17::R3.Corda: ChangeSet migration/node-services.changelog-init.xml::1521131680317-17::R3.Corda ran successfully in 1ms
?[m?[37m[INFO] 10:34:04,330 [Test worker] liquibase.info - master.changelog.json: migration/node-services.changelog-init.xml::1511451595465-41::R3.Corda: Primary key added to node_notary_committed_states (output_index, transaction_id)
?[m?[37m[INFO] 10:34:04,330 [Test worker] liquibase.info - master.changelog.json: migration/node-services.changelog-init.xml::1511451595465-41::R3.Corda: ChangeSet migration/node-services.changelog-init.xml::1511451595465-41::R3.Corda ran successfully in 1ms
?[m?[37m[INFO] 10:34:04,331 [Test worker] liquibase.info - master.changelog.json: migration/node-services.changelog-init.xml::1521131680317-48::R3.Corda: Primary key added to node_notary_request_log (id)
?[m?[37m[INFO] 10:34:04,331 [Test worker] liquibase.info - master.changelog.json: migration/node-services.changelog-init.xml::1521131680317-48::R3.Corda: ChangeSet migration/node-services.changelog-init.xml::1521131680317-48::R3.Corda ran successfully in 0ms
?[m?[37m[INFO] 10:34:04,332 [Test worker] liquibase.info - master.changelog.json: migration/node-services.changelog-init.xml::nullability::R3.Corda: Null constraint has been added to node_notary_committed_states.consuming_transaction_id
?[m?[37m[INFO] 10:34:04,333 [Test worker] liquibase.info - master.changelog.json: migration/node-services.changelog-init.xml::nullability::R3.Corda: ChangeSet migration/node-services.changelog-init.xml::nullability::R3.Corda ran successfully in 0ms
?[m?[37m[INFO] 10:34:04,343 [Test worker] liquibase.info - master.changelog.json: migration/node-notary.changelog-v2.xml::rename-table-notary-commit-log::R3.Corda: Marking ChangeSet: migration/node-notary.changelog-v2.xml::rename-table-notary-commit-log::R3.Corda ran despite precondition failure due to onFail='MARK_RAN': 
          master.changelog.json : Table PUBLIC.node_notary_commit_log does not exist

?[m?[37m[INFO] 10:34:04,346 [Test worker] liquibase.info - master.changelog.json: migration/node-notary.changelog-v2.xml::create-notary-request-log-table::R3.Corda: Marking ChangeSet: migration/node-notary.changelog-v2.xml::create-notary-request-log-table::R3.Corda ran despite precondition failure due to onFail='MARK_RAN': 
          master.changelog.json : Not precondition failed

?[m?[37m[INFO] 10:34:04,349 [Test worker] liquibase.info - master.changelog.json: migration/node-notary.changelog-committed-transactions-table.xml::create-notary-committed-transactions-table::R3.Corda: Table node_notary_committed_txs created
?[m?[37m[INFO] 10:34:04,350 [Test worker] liquibase.info - master.changelog.json: migration/node-notary.changelog-committed-transactions-table.xml::create-notary-committed-transactions-table::R3.Corda: Primary key added to node_notary_committed_txs (transaction_id)
?[m?[37m[INFO] 10:34:04,350 [Test worker] liquibase.info - master.changelog.json: migration/node-notary.changelog-committed-transactions-table.xml::create-notary-committed-transactions-table::R3.Corda: ChangeSet migration/node-notary.changelog-committed-transactions-table.xml::create-notary-committed-transactions-table::R3.Corda ran successfully in 2ms
?[m?[37m[INFO] 10:34:04,352 [Test worker] liquibase.info - Successfully released change log lock
?[m?[37m[INFO] 10:34:04,352 [Test worker] internal.InternalMockNetwork$MockNode.invoke - Connected to H2 database.
?[m?[37m[INFO] 10:34:04,363 [Test worker] persistence.HibernateConfiguration.<init> - Init HibernateConfiguration for schemas: [CommonSchemaV1(name=net.corda.core.schemas.CommonSchema, version=1), VaultSchemaV1(name=net.corda.node.services.vault.VaultSchema, version=1), NodeInfoSchemaV1(name=net.corda.node.internal.schemas.NodeInfoSchema, version=1), NodeCoreV1(name=net.corda.node.services.schema.NodeSchemaService$NodeCore, version=1), CashSchemaV1(name=net.corda.finance.schemas.CashSchema, version=1), CommercialPaperSchemaV1(name=net.corda.finance.schemas.CommercialPaperSchema, version=1), NodeNotarySchemaV1(name=net.corda.node.services.transactions.NodeNotarySchema, version=1)]
?[m?[37m[INFO] 10:34:04,364 [Test worker] persistence.HibernateConfiguration.makeSessionFactoryForSchemas - Creating session factory for schemas: [CommonSchemaV1(name=net.corda.core.schemas.CommonSchema, version=1), VaultSchemaV1(name=net.corda.node.services.vault.VaultSchema, version=1), NodeInfoSchemaV1(name=net.corda.node.internal.schemas.NodeInfoSchema, version=1), NodeCoreV1(name=net.corda.node.services.schema.NodeSchemaService$NodeCore, version=1), CashSchemaV1(name=net.corda.finance.schemas.CashSchema, version=1), CommercialPaperSchemaV1(name=net.corda.finance.schemas.CommercialPaperSchema, version=1), NodeNotarySchemaV1(name=net.corda.node.services.transactions.NodeNotarySchema, version=1)]
?[m?[37m[INFO] 10:34:04,372 [Test worker] internal.ConnectionProviderInitiator.initiateService - HHH000130: Instantiating explicit connection provider: net.corda.nodeapi.internal.persistence.HibernateConfiguration$NodeDatabaseConnectionProvider
?[m?[37m[INFO] 10:34:04,372 [Test worker] dialect.Dialect.<init> - HHH000400: Using dialect: org.hibernate.dialect.H2Dialect
?[m?[37m[INFO] 10:34:04,376 [Test worker] type.BasicTypeRegistry.register - HHH000270: Type registration [materialized_blob] overrides previous : org.hibernate.type.MaterializedBlobType@7a31aa45
?[m?[37m[INFO] 10:34:04,431 [Test worker] connections.access.getIsolatedConnection - HHH10001501: Connection obtained from JdbcConnectionAccess [org.hibernate.engine.jdbc.env.internal.JdbcEnvironmentInitiator$ConnectionProviderJdbcConnectionAccess@4528fdd7] for (non-JTA) DDL execution was not in auto-commit mode; the Connection 'local transaction' will be committed and the Connection will be set into auto-commit mode.
?[m?[37m[INFO] 10:34:04,473 [Test worker] persistence.HibernateConfiguration.makeSessionFactoryForSchemas - Created session factory for schemas: [CommonSchemaV1(name=net.corda.core.schemas.CommonSchema, version=1), VaultSchemaV1(name=net.corda.node.services.vault.VaultSchema, version=1), NodeInfoSchemaV1(name=net.corda.node.internal.schemas.NodeInfoSchema, version=1), NodeCoreV1(name=net.corda.node.services.schema.NodeSchemaService$NodeCore, version=1), CashSchemaV1(name=net.corda.finance.schemas.CashSchema, version=1), CommercialPaperSchemaV1(name=net.corda.finance.schemas.CommercialPaperSchema, version=1), NodeNotarySchemaV1(name=net.corda.node.services.transactions.NodeNotarySchema, version=1)]
?[m?[37m[INFO] 10:34:04,474 [Test worker] internal.QueryTranslatorFactoryInitiator.initiateService - HHH000397: Using ASTQueryTranslatorFactory
?[m?[37m[INFO] 10:34:04,477 [Test worker] internal.InternalMockNetwork$MockNode.updateNodeInfo - Node-info has changed so submitting update. Old node-info was null
?[m?[37m[INFO] 10:34:04,477 [Test worker] network.PersistentNetworkMapCache.addNode - Adding node with info: NodeInfo(addresses=[mock.node:1000], legalIdentitiesAndCerts=[O=Notary Service, L=Zurich, C=CH], platformVersion=5, serial=1560936844477)
?[m?[37m[INFO] 10:34:04,479 [Test worker] network.PersistentNetworkMapCache.addNode - No previous node found
?[m?[37m[INFO] 10:34:04,490 [Test worker] internal.InternalMockNetwork$MockNode.updateNodeInfo - New node-info: NodeInfo(addresses=[mock.node:1000], legalIdentitiesAndCerts=[O=Notary Service, L=Zurich, C=CH], platformVersion=5, serial=1560936844477)
?[m?[37m[INFO] 10:34:04,497 [Test worker] network.NetworkMapUpdater.apply - Auto-accept enabled for network parameter changes which modify only: [epoch, modifiedTime, packageOwnership, whitelistedContractImplementations]
?[m?[37m[INFO] 10:34:04,499 [MockNode-13-2] network.PersistentNetworkMapCache.addNode - Adding node with info: NodeInfo(addresses=[mock.node:1000], legalIdentitiesAndCerts=[O=Notary Service, L=Zurich, C=CH], platformVersion=5, serial=1560936844477)
?[m?[31m[WARN] 10:34:04,501 [Test worker] utilities.AppendOnlyPersistentMapBase.set - Double insert in net.corda.node.utilities.AppendOnlyPersistentMap for entity class class net.corda.node.services.identity.PersistentIdentityService$PersistentIdentityNames key O=Notary Service, L=Zurich, C=CH, not inserting the second time
?[m?[37m[INFO] 10:34:04,502 [MockNode-13-2] network.PersistentNetworkMapCache.addNode - Previous node was identical to incoming one - doing nothing
?[m?[37m[INFO] 10:34:04,526 [Test worker] ClassloaderUtils.logElapsedTime - Contracts loading for '/var/folders/1r/w2pkkn4n22qdmrtblzd5t0200000gp/T/attachment3315516183560098751.jar' took 21 msec
?[m?[37m[INFO] 10:34:04,551 [Test worker] persistence.NodeAttachmentService.invoke - Stored new attachment: id=C2F26FA5BD1C5A3BAF4F109838BD28196CED189F51176C80FCD8858A5E55E45F uploader=app filename=null
?[m?[37m[INFO] 10:34:04,553 [Test worker] utilities.NotaryLoader.loadService - Starting notary service: class net.corda.node.services.transactions.SimpleNotaryService
?[m?[37m[INFO] 10:34:04,553 [Test worker] notary.SinglePartyNotaryService.<init> - Starting notary in validating mode
?[m?[37m[INFO] 10:34:04,554 [Test worker] cordapp.CordappConfigFileProvider.getConfigByName - Found config for cordapp corda-finance-workflows-5.0-SNAPSHOT-WILLH in build/mock-network/20190619-093403.663/nodes/0/cordapps/config/corda-finance-workflows-5.0-SNAPSHOT-WILLH.conf
?[m?[37m[INFO] 10:34:04,554 [Test worker] internal.InternalMockNetwork$MockNode.installCordaService - Installed net.corda.finance.internal.ConfigHolder Corda service
?[m?[37m[INFO] 10:34:04,558 [Test worker] statemachine.SingleThreadedStateMachineManager.invoke - Node ready, info: NodeInfo(addresses=[mock.node:1000], legalIdentitiesAndCerts=[O=Notary Service, L=Zurich, C=CH], platformVersion=5, serial=1560936844477)
?[m?[37m[INFO] 10:34:04,560 [Test worker] network.PersistentNetworkMapCache.addNode - Adding node with info: NodeInfo(addresses=[mock.node:1000], legalIdentitiesAndCerts=[O=Notary Service, L=Zurich, C=CH], platformVersion=5, serial=1560936844477)
?[m?[37m[INFO] 10:34:04,560 [Test worker] network.PersistentNetworkMapCache.addNode - Previous node was identical to incoming one - doing nothing
?[m?[37m[INFO] 10:34:04,560 [Test worker] network.PersistentNetworkMapCache.addNode - Adding node with info: NodeInfo(addresses=[mock.node:1000], legalIdentitiesAndCerts=[O=Notary Service, L=Zurich, C=CH], platformVersion=5, serial=1560936844477)
?[m?[37m[INFO] 10:34:04,560 [Test worker] network.PersistentNetworkMapCache.addNode - Previous node was identical to incoming one - doing nothing
?[m?[37m[INFO] 10:34:04,565 [Test worker] cordapp.JarScanningCordappLoader.fromDirectories - Looking for CorDapps in [build/mock-network/20190619-093403.663/nodes/1/cordapps]
?[m?[37m[INFO] 10:34:04,566 [Test worker] cordapp.JarScanningCordappLoader.<init> - Loading CorDapps from RestrictedURL(url=file:/Users/williamhester/Desktop/Applications/confidential-identities/workflows/build/mock-network/20190619-093403.663/nodes/1/cordapps/corda-finance-contracts-5.0-SNAPSHOT-WILLH.jar, rootPackageName=null), RestrictedURL(url=file:/Users/williamhester/Desktop/Applications/confidential-identities/workflows/build/mock-network/20190619-093403.663/nodes/1/cordapps/corda-finance-workflows-5.0-SNAPSHOT-WILLH.jar, rootPackageName=null)
?[m?[37m[INFO] 10:34:04,566 [Test worker] cordapp.JarScanningCordappLoader.scanCordapp - Scanning CorDapp in file:/Users/williamhester/Desktop/Applications/confidential-identities/workflows/build/mock-network/20190619-093403.663/nodes/1/cordapps/corda-finance-contracts-5.0-SNAPSHOT-WILLH.jar
?[m?[37m[INFO] 10:34:04,589 [Test worker] cordapp.JarScanningCordappLoader.scanCordapp - Scanning CorDapp in file:/Users/williamhester/Desktop/Applications/confidential-identities/workflows/build/mock-network/20190619-093403.663/nodes/1/cordapps/corda-finance-workflows-5.0-SNAPSHOT-WILLH.jar
?[m?[37m[INFO] 10:34:04,617 [Test worker] internal.InternalMockNetwork$MockNode.start - Node starting up ...
?[m?[37m[INFO] 10:34:04,630 [Test worker] internal.NodeFlowManager.registerInitiatedFlow - Registered net.corda.finance.flows.CashExitFlow to initiate net.corda.finance.flows.CashExitResponderFlow (version 1)
?[m?[37m[INFO] 10:34:04,631 [Test worker] internal.NodeFlowManager.registerInitiatedFlow - Registered net.corda.finance.flows.CashPaymentFlow to initiate net.corda.finance.flows.CashPaymentReceiverFlow (version 1)
?[m?[37m[INFO] 10:34:04,632 [Test worker] internal.InternalMockNetwork$MockNode.start - Loaded network parameters: NetworkParameters {
      minimumPlatformVersion=1
      notaries=[NotaryInfo(identity=O=Notary Service, L=Zurich, C=CH, validating=true)]
      maxMessageSize=10485760
      maxTransactionSize=524288000
      whitelistedContractImplementations {
        
      }
      eventHorizon=PT720H
      packageOwnership {
        
      }
      modifiedTime=2019-06-19T09:34:03.663Z
      epoch=1
  }
?[m?[37m[INFO] 10:34:04,633 [Test worker] hikari.HikariDataSource.<init> - HikariPool-14 - Started.
?[m?[37m[INFO] 10:34:04,804 [Test worker] liquibase.info - Creating database history table with name: PUBLIC.DATABASECHANGELOG
?[m?[37m[INFO] 10:34:04,805 [Test worker] liquibase.info - Reading from PUBLIC.DATABASECHANGELOG
?[m?[37m[INFO] 10:34:04,810 [Test worker] liquibase.info - master.changelog.json: migration/vault-schema.changelog-pkey.xml::non-clustered_pk-11::R3.Corda: Skipping changeSet migration/vault-schema.changelog-pkey.xml::non-clustered_pk-11::R3.Corda due to validation error(s): clustered is not allowed on h2
?[m?[37m[INFO] 10:34:04,810 [Test worker] liquibase.info - master.changelog.json: migration/vault-schema.changelog-pkey.xml::non-clustered_pk-12::R3.Corda: Skipping changeSet migration/vault-schema.changelog-pkey.xml::non-clustered_pk-12::R3.Corda due to validation error(s): clustered is not allowed on h2
?[m?[37m[INFO] 10:34:04,811 [Test worker] liquibase.info - master.changelog.json: migration/vault-schema.changelog-pkey.xml::non-clustered_pk-13::R3.Corda: Skipping changeSet migration/vault-schema.changelog-pkey.xml::non-clustered_pk-13::R3.Corda due to validation error(s): clustered is not allowed on h2
?[m?[37m[INFO] 10:34:04,818 [Test worker] liquibase.info - master.changelog.json: migration/node-core.changelog-pkey.xml::non-clustered_pk-1::R3.Corda: Skipping changeSet migration/node-core.changelog-pkey.xml::non-clustered_pk-1::R3.Corda due to validation error(s): clustered is not allowed on h2
?[m?[37m[INFO] 10:34:04,818 [Test worker] liquibase.info - master.changelog.json: migration/node-core.changelog-pkey.xml::non-clustered_pk-2::R3.Corda: Skipping changeSet migration/node-core.changelog-pkey.xml::non-clustered_pk-2::R3.Corda due to validation error(s): clustered is not allowed on h2
?[m?[37m[INFO] 10:34:04,818 [Test worker] liquibase.info - master.changelog.json: migration/node-core.changelog-pkey.xml::non-clustered_pk-3::R3.Corda: Skipping changeSet migration/node-core.changelog-pkey.xml::non-clustered_pk-3::R3.Corda due to validation error(s): clustered is not allowed on h2
?[m?[37m[INFO] 10:34:04,819 [Test worker] liquibase.info - master.changelog.json: migration/node-core.changelog-pkey.xml::non-clustered_pk-4::R3.Corda: Skipping changeSet migration/node-core.changelog-pkey.xml::non-clustered_pk-4::R3.Corda due to validation error(s): clustered is not allowed on h2
?[m?[37m[INFO] 10:34:04,819 [Test worker] liquibase.info - master.changelog.json: migration/node-core.changelog-pkey.xml::non-clustered_pk-5::R3.Corda: Skipping changeSet migration/node-core.changelog-pkey.xml::non-clustered_pk-5::R3.Corda due to validation error(s): clustered is not allowed on h2
?[m?[37m[INFO] 10:34:04,819 [Test worker] liquibase.info - master.changelog.json: migration/node-core.changelog-pkey.xml::non-clustered_pk-6::R3.Corda: Skipping changeSet migration/node-core.changelog-pkey.xml::non-clustered_pk-6::R3.Corda due to validation error(s): clustered is not allowed on h2
?[m?[37m[INFO] 10:34:04,819 [Test worker] liquibase.info - master.changelog.json: migration/node-core.changelog-pkey.xml::non-clustered_pk-7::R3.Corda: Skipping changeSet migration/node-core.changelog-pkey.xml::non-clustered_pk-7::R3.Corda due to validation error(s): clustered is not allowed on h2
?[m?[37m[INFO] 10:34:04,822 [Test worker] liquibase.info - master.changelog.json: migration/cash.changelog-init.xml::non-clustered_pk-cash::R3.Corda: Skipping changeSet migration/cash.changelog-init.xml::non-clustered_pk-cash::R3.Corda due to validation error(s): clustered is not allowed on h2
?[m?[37m[INFO] 10:34:04,823 [Test worker] liquibase.info - master.changelog.json: migration/commercial-paper.changelog-init.xml::non-clustered_pk-commercial-paper::R3.Corda: Skipping changeSet migration/commercial-paper.changelog-init.xml::non-clustered_pk-commercial-paper::R3.Corda due to validation error(s): clustered is not allowed on h2
?[m?[37m[INFO] 10:34:04,825 [Test worker] liquibase.info - Successfully acquired change log lock
?[m?[37m[INFO] 10:34:04,827 [Test worker] liquibase.info - master.changelog.json: migration/vault-schema.changelog-pkey.xml::non-clustered_pk-11::R3.Corda: Skipping changeSet migration/vault-schema.changelog-pkey.xml::non-clustered_pk-11::R3.Corda due to validation error(s): clustered is not allowed on h2
?[m?[37m[INFO] 10:34:04,827 [Test worker] liquibase.info - master.changelog.json: migration/vault-schema.changelog-pkey.xml::non-clustered_pk-12::R3.Corda: Skipping changeSet migration/vault-schema.changelog-pkey.xml::non-clustered_pk-12::R3.Corda due to validation error(s): clustered is not allowed on h2
?[m?[37m[INFO] 10:34:04,827 [Test worker] liquibase.info - master.changelog.json: migration/vault-schema.changelog-pkey.xml::non-clustered_pk-13::R3.Corda: Skipping changeSet migration/vault-schema.changelog-pkey.xml::non-clustered_pk-13::R3.Corda due to validation error(s): clustered is not allowed on h2
?[m?[37m[INFO] 10:34:04,830 [Test worker] liquibase.info - master.changelog.json: migration/node-core.changelog-pkey.xml::non-clustered_pk-1::R3.Corda: Skipping changeSet migration/node-core.changelog-pkey.xml::non-clustered_pk-1::R3.Corda due to validation error(s): clustered is not allowed on h2
?[m?[37m[INFO] 10:34:04,830 [Test worker] liquibase.info - master.changelog.json: migration/node-core.changelog-pkey.xml::non-clustered_pk-2::R3.Corda: Skipping changeSet migration/node-core.changelog-pkey.xml::non-clustered_pk-2::R3.Corda due to validation error(s): clustered is not allowed on h2
?[m?[37m[INFO] 10:34:04,830 [Test worker] liquibase.info - master.changelog.json: migration/node-core.changelog-pkey.xml::non-clustered_pk-3::R3.Corda: Skipping changeSet migration/node-core.changelog-pkey.xml::non-clustered_pk-3::R3.Corda due to validation error(s): clustered is not allowed on h2
?[m?[37m[INFO] 10:34:04,830 [Test worker] liquibase.info - master.changelog.json: migration/node-core.changelog-pkey.xml::non-clustered_pk-4::R3.Corda: Skipping changeSet migration/node-core.changelog-pkey.xml::non-clustered_pk-4::R3.Corda due to validation error(s): clustered is not allowed on h2
?[m?[37m[INFO] 10:34:04,830 [Test worker] liquibase.info - master.changelog.json: migration/node-core.changelog-pkey.xml::non-clustered_pk-5::R3.Corda: Skipping changeSet migration/node-core.changelog-pkey.xml::non-clustered_pk-5::R3.Corda due to validation error(s): clustered is not allowed on h2
?[m?[37m[INFO] 10:34:04,831 [Test worker] liquibase.info - master.changelog.json: migration/node-core.changelog-pkey.xml::non-clustered_pk-6::R3.Corda: Skipping changeSet migration/node-core.changelog-pkey.xml::non-clustered_pk-6::R3.Corda due to validation error(s): clustered is not allowed on h2
?[m?[37m[INFO] 10:34:04,831 [Test worker] liquibase.info - master.changelog.json: migration/node-core.changelog-pkey.xml::non-clustered_pk-7::R3.Corda: Skipping changeSet migration/node-core.changelog-pkey.xml::non-clustered_pk-7::R3.Corda due to validation error(s): clustered is not allowed on h2
?[m?[37m[INFO] 10:34:04,832 [Test worker] liquibase.info - master.changelog.json: migration/cash.changelog-init.xml::non-clustered_pk-cash::R3.Corda: Skipping changeSet migration/cash.changelog-init.xml::non-clustered_pk-cash::R3.Corda due to validation error(s): clustered is not allowed on h2
?[m?[37m[INFO] 10:34:04,832 [Test worker] liquibase.info - master.changelog.json: migration/commercial-paper.changelog-init.xml::non-clustered_pk-commercial-paper::R3.Corda: Skipping changeSet migration/commercial-paper.changelog-init.xml::non-clustered_pk-commercial-paper::R3.Corda due to validation error(s): clustered is not allowed on h2
?[m?[37m[INFO] 10:34:04,833 [Test worker] liquibase.info - master.changelog.json: migration/common.changelog-init.xml::1511451595465-1.1::R3.Corda: Sequence hibernate_sequence created
?[m?[37m[INFO] 10:34:04,833 [Test worker] liquibase.info - master.changelog.json: migration/common.changelog-init.xml::1511451595465-1.1::R3.Corda: ChangeSet migration/common.changelog-init.xml::1511451595465-1.1::R3.Corda ran successfully in 1ms
?[m?[37m[INFO] 10:34:04,835 [Test worker] liquibase.info - master.changelog.json: migration/vault-schema.changelog-init.xml::1511451595465-22::R3.Corda: Table vault_fungible_states created
?[m?[37m[INFO] 10:34:04,835 [Test worker] liquibase.info - master.changelog.json: migration/vault-schema.changelog-init.xml::1511451595465-22::R3.Corda: ChangeSet migration/vault-schema.changelog-init.xml::1511451595465-22::R3.Corda ran successfully in 1ms
?[m?[37m[INFO] 10:34:04,836 [Test worker] liquibase.info - master.changelog.json: migration/vault-schema.changelog-init.xml::1511451595465-23::R3.Corda: Table vault_fungible_states_parts created
?[m?[37m[INFO] 10:34:04,836 [Test worker] liquibase.info - master.changelog.json: migration/vault-schema.changelog-init.xml::1511451595465-23::R3.Corda: ChangeSet migration/vault-schema.changelog-init.xml::1511451595465-23::R3.Corda ran successfully in 1ms
?[m?[37m[INFO] 10:34:04,837 [Test worker] liquibase.info - master.changelog.json: migration/vault-schema.changelog-init.xml::1511451595465-24::R3.Corda: Table vault_linear_states created
?[m?[37m[INFO] 10:34:04,837 [Test worker] liquibase.info - master.changelog.json: migration/vault-schema.changelog-init.xml::1511451595465-24::R3.Corda: ChangeSet migration/vault-schema.changelog-init.xml::1511451595465-24::R3.Corda ran successfully in 1ms
?[m?[37m[INFO] 10:34:04,838 [Test worker] liquibase.info - master.changelog.json: migration/vault-schema.changelog-init.xml::1511451595465-25::R3.Corda: Table vault_linear_states_parts created
?[m?[37m[INFO] 10:34:04,838 [Test worker] liquibase.info - master.changelog.json: migration/vault-schema.changelog-init.xml::1511451595465-25::R3.Corda: ChangeSet migration/vault-schema.changelog-init.xml::1511451595465-25::R3.Corda ran successfully in 1ms
?[m?[37m[INFO] 10:34:04,839 [Test worker] liquibase.info - master.changelog.json: migration/vault-schema.changelog-init.xml::1511451595465-26::R3.Corda: Table vault_states created
?[m?[37m[INFO] 10:34:04,839 [Test worker] liquibase.info - master.changelog.json: migration/vault-schema.changelog-init.xml::1511451595465-26::R3.Corda: ChangeSet migration/vault-schema.changelog-init.xml::1511451595465-26::R3.Corda ran successfully in 1ms
?[m?[37m[INFO] 10:34:04,840 [Test worker] liquibase.info - master.changelog.json: migration/vault-schema.changelog-init.xml::1511451595465-27::R3.Corda: Table vault_transaction_notes created
?[m?[37m[INFO] 10:34:04,840 [Test worker] liquibase.info - master.changelog.json: migration/vault-schema.changelog-init.xml::1511451595465-27::R3.Corda: ChangeSet migration/vault-schema.changelog-init.xml::1511451595465-27::R3.Corda ran successfully in 1ms
?[m?[37m[INFO] 10:34:04,841 [Test worker] liquibase.info - master.changelog.json: migration/vault-schema.changelog-init.xml::1511451595465-47::R3.Corda: Primary key added to vault_fungible_states (output_index, transaction_id)
?[m?[37m[INFO] 10:34:04,841 [Test worker] liquibase.info - master.changelog.json: migration/vault-schema.changelog-init.xml::1511451595465-47::R3.Corda: ChangeSet migration/vault-schema.changelog-init.xml::1511451595465-47::R3.Corda ran successfully in 1ms
?[m?[37m[INFO] 10:34:04,842 [Test worker] liquibase.info - master.changelog.json: migration/vault-schema.changelog-init.xml::1511451595465-48::R3.Corda: Primary key added to vault_linear_states (output_index, transaction_id)
?[m?[37m[INFO] 10:34:04,842 [Test worker] liquibase.info - master.changelog.json: migration/vault-schema.changelog-init.xml::1511451595465-48::R3.Corda: ChangeSet migration/vault-schema.changelog-init.xml::1511451595465-48::R3.Corda ran successfully in 1ms
?[m?[37m[INFO] 10:34:04,843 [Test worker] liquibase.info - master.changelog.json: migration/vault-schema.changelog-init.xml::1511451595465-49::R3.Corda: Primary key added to vault_states (output_index, transaction_id)
?[m?[37m[INFO] 10:34:04,843 [Test worker] liquibase.info - master.changelog.json: migration/vault-schema.changelog-init.xml::1511451595465-49::R3.Corda: ChangeSet migration/vault-schema.changelog-init.xml::1511451595465-49::R3.Corda ran successfully in 1ms
?[m?[37m[INFO] 10:34:04,844 [Test worker] liquibase.info - master.changelog.json: migration/vault-schema.changelog-init.xml::1511451595465-50::R3.Corda: Primary key added to vault_transaction_notes (seq_no)
?[m?[37m[INFO] 10:34:04,844 [Test worker] liquibase.info - master.changelog.json: migration/vault-schema.changelog-init.xml::1511451595465-50::R3.Corda: ChangeSet migration/vault-schema.changelog-init.xml::1511451595465-50::R3.Corda ran successfully in 0ms
?[m?[37m[INFO] 10:34:04,845 [Test worker] liquibase.info - master.changelog.json: migration/vault-schema.changelog-init.xml::1511451595465-53::R3.Corda: Index external_id_index created
?[m?[37m[INFO] 10:34:04,845 [Test worker] liquibase.info - master.changelog.json: migration/vault-schema.changelog-init.xml::1511451595465-53::R3.Corda: ChangeSet migration/vault-schema.changelog-init.xml::1511451595465-53::R3.Corda ran successfully in 0ms
?[m?[37m[INFO] 10:34:04,846 [Test worker] liquibase.info - master.changelog.json: migration/vault-schema.changelog-init.xml::1511451595465-55::R3.Corda: Index lock_id_idx created
?[m?[37m[INFO] 10:34:04,846 [Test worker] liquibase.info - master.changelog.json: migration/vault-schema.changelog-init.xml::1511451595465-55::R3.Corda: ChangeSet migration/vault-schema.changelog-init.xml::1511451595465-55::R3.Corda ran successfully in 0ms
?[m?[37m[INFO] 10:34:04,847 [Test worker] liquibase.info - master.changelog.json: migration/vault-schema.changelog-init.xml::1511451595465-58::R3.Corda: Index state_status_idx created
?[m?[37m[INFO] 10:34:04,847 [Test worker] liquibase.info - master.changelog.json: migration/vault-schema.changelog-init.xml::1511451595465-58::R3.Corda: ChangeSet migration/vault-schema.changelog-init.xml::1511451595465-58::R3.Corda ran successfully in 0ms
?[m?[37m[INFO] 10:34:04,848 [Test worker] liquibase.info - master.changelog.json: migration/vault-schema.changelog-init.xml::1511451595465-59::R3.Corda: Index transaction_id_index created
?[m?[37m[INFO] 10:34:04,848 [Test worker] liquibase.info - master.changelog.json: migration/vault-schema.changelog-init.xml::1511451595465-59::R3.Corda: ChangeSet migration/vault-schema.changelog-init.xml::1511451595465-59::R3.Corda ran successfully in 0ms
?[m?[37m[INFO] 10:34:04,849 [Test worker] liquibase.info - master.changelog.json: migration/vault-schema.changelog-init.xml::1511451595465-60::R3.Corda: Index uuid_index created
?[m?[37m[INFO] 10:34:04,849 [Test worker] liquibase.info - master.changelog.json: migration/vault-schema.changelog-init.xml::1511451595465-60::R3.Corda: ChangeSet migration/vault-schema.changelog-init.xml::1511451595465-60::R3.Corda ran successfully in 0ms
?[m?[37m[INFO] 10:34:04,850 [Test worker] liquibase.info - master.changelog.json: migration/vault-schema.changelog-init.xml::1511451595465-64::R3.Corda: Foreign key constraint added to vault_fungible_states_parts (output_index,transaction_id)
?[m?[37m[INFO] 10:34:04,851 [Test worker] liquibase.info - master.changelog.json: migration/vault-schema.changelog-init.xml::1511451595465-64::R3.Corda: ChangeSet migration/vault-schema.changelog-init.xml::1511451595465-64::R3.Corda ran successfully in 0ms
?[m?[37m[INFO] 10:34:04,852 [Test worker] liquibase.info - master.changelog.json: migration/vault-schema.changelog-init.xml::1511451595465-65::R3.Corda: Foreign key constraint added to vault_linear_states_parts (output_index,transaction_id)
?[m?[37m[INFO] 10:34:04,852 [Test worker] liquibase.info - master.changelog.json: migration/vault-schema.changelog-init.xml::1511451595465-65::R3.Corda: ChangeSet migration/vault-schema.changelog-init.xml::1511451595465-65::R3.Corda ran successfully in 1ms
?[m?[37m[INFO] 10:34:04,853 [Test worker] liquibase.info - master.changelog.json: migration/vault-schema.changelog-v3.xml::clean_vault::R3.Corda: Data deleted from vault_fungible_states_parts
?[m?[37m[INFO] 10:34:04,853 [Test worker] liquibase.info - master.changelog.json: migration/vault-schema.changelog-v3.xml::clean_vault::R3.Corda: Data deleted from vault_fungible_states
?[m?[37m[INFO] 10:34:04,853 [Test worker] liquibase.info - master.changelog.json: migration/vault-schema.changelog-v3.xml::clean_vault::R3.Corda: Data deleted from vault_linear_states_parts
?[m?[37m[INFO] 10:34:04,853 [Test worker] liquibase.info - master.changelog.json: migration/vault-schema.changelog-v3.xml::clean_vault::R3.Corda: Data deleted from vault_linear_states
?[m?[37m[INFO] 10:34:04,853 [Test worker] liquibase.info - master.changelog.json: migration/vault-schema.changelog-v3.xml::clean_vault::R3.Corda: Data deleted from vault_states
?[m?[37m[INFO] 10:34:04,854 [Test worker] liquibase.info - master.changelog.json: migration/vault-schema.changelog-v3.xml::clean_vault::R3.Corda: Data deleted from vault_transaction_notes
?[m?[37m[INFO] 10:34:04,854 [Test worker] liquibase.info - master.changelog.json: migration/vault-schema.changelog-v3.xml::clean_vault::R3.Corda: ChangeSet migration/vault-schema.changelog-v3.xml::clean_vault::R3.Corda ran successfully in 1ms
?[m?[37m[INFO] 10:34:04,855 [Test worker] liquibase.info - master.changelog.json: migration/vault-schema.changelog-v4.xml::nullability::R3.Corda: Null constraint has been added to vault_fungible_states.quantity
?[m?[37m[INFO] 10:34:04,855 [Test worker] liquibase.info - master.changelog.json: migration/vault-schema.changelog-v4.xml::nullability::R3.Corda: Null constraint has been added to vault_states.contract_state_class_name
?[m?[37m[INFO] 10:34:04,855 [Test worker] liquibase.info - master.changelog.json: migration/vault-schema.changelog-v4.xml::nullability::R3.Corda: Null constraint has been added to vault_states.notary_name
?[m?[37m[INFO] 10:34:04,855 [Test worker] liquibase.info - master.changelog.json: migration/vault-schema.changelog-v4.xml::nullability::R3.Corda: Null constraint has been added to vault_states.recorded_timestamp
?[m?[37m[INFO] 10:34:04,856 [Test worker] liquibase.info - master.changelog.json: migration/vault-schema.changelog-v4.xml::nullability::R3.Corda: Index state_status_idx dropped from table vault_states
?[m?[37m[INFO] 10:34:04,856 [Test worker] liquibase.info - master.changelog.json: migration/vault-schema.changelog-v4.xml::nullability::R3.Corda: Index lock_id_idx dropped from table vault_states
?[m?[37m[INFO] 10:34:04,856 [Test worker] liquibase.info - master.changelog.json: migration/vault-schema.changelog-v4.xml::nullability::R3.Corda: Null constraint has been added to vault_states.state_status
?[m?[37m[INFO] 10:34:04,857 [Test worker] liquibase.info - master.changelog.json: migration/vault-schema.changelog-v4.xml::nullability::R3.Corda: Index state_status_idx created
?[m?[37m[INFO] 10:34:04,857 [Test worker] liquibase.info - master.changelog.json: migration/vault-schema.changelog-v4.xml::nullability::R3.Corda: Index lock_id_idx created
?[m?[37m[INFO] 10:34:04,857 [Test worker] liquibase.info - master.changelog.json: migration/vault-schema.changelog-v4.xml::nullability::R3.Corda: Index transaction_id_index dropped from table vault_transaction_notes
?[m?[37m[INFO] 10:34:04,857 [Test worker] liquibase.info - master.changelog.json: migration/vault-schema.changelog-v4.xml::nullability::R3.Corda: Null constraint has been added to vault_transaction_notes.note
?[m?[37m[INFO] 10:34:04,857 [Test worker] liquibase.info - master.changelog.json: migration/vault-schema.changelog-v4.xml::nullability::R3.Corda: Null constraint has been added to vault_transaction_notes.transaction_id
?[m?[37m[INFO] 10:34:04,858 [Test worker] liquibase.info - master.changelog.json: migration/vault-schema.changelog-v4.xml::nullability::R3.Corda: Index transaction_id_index created
?[m?[37m[INFO] 10:34:04,858 [Test worker] liquibase.info - master.changelog.json: migration/vault-schema.changelog-v4.xml::nullability::R3.Corda: ChangeSet migration/vault-schema.changelog-v4.xml::nullability::R3.Corda ran successfully in 4ms
?[m?[37m[INFO] 10:34:04,863 [Test worker] liquibase.info - master.changelog.json: migration/vault-schema.changelog-v5.xml::add_relevancy_status_column::R3.Corda: Columns relevancy_status(INT) added to vault_states
?[m?[37m[INFO] 10:34:04,863 [Test worker] liquibase.info - master.changelog.json: migration/vault-schema.changelog-v5.xml::add_relevancy_status_column::R3.Corda: Data updated in vault_states
?[m?[37m[INFO] 10:34:04,864 [Test worker] liquibase.info - master.changelog.json: migration/vault-schema.changelog-v5.xml::add_relevancy_status_column::R3.Corda: Null constraint has been added to vault_states.relevancy_status
?[m?[37m[INFO] 10:34:04,864 [Test worker] liquibase.info - master.changelog.json: migration/vault-schema.changelog-v5.xml::add_relevancy_status_column::R3.Corda: ChangeSet migration/vault-schema.changelog-v5.xml::add_relevancy_status_column::R3.Corda ran successfully in 3ms
?[m?[37m[INFO] 10:34:04,865 [Test worker] liquibase.info - master.changelog.json: migration/vault-schema.changelog-v6.xml::add_is_constraint_information_columns::R3.Corda: Columns constraint_type(INT) added to vault_states
?[m?[37m[INFO] 10:34:04,866 [Test worker] liquibase.info - master.changelog.json: migration/vault-schema.changelog-v6.xml::add_is_constraint_information_columns::R3.Corda: Columns constraint_data(varbinary(563)) added to vault_states
?[m?[37m[INFO] 10:34:04,867 [Test worker] liquibase.info - master.changelog.json: migration/vault-schema.changelog-v6.xml::add_is_constraint_information_columns::R3.Corda: ChangeSet migration/vault-schema.changelog-v6.xml::add_is_constraint_information_columns::R3.Corda ran successfully in 2ms
?[m?[37m[INFO] 10:34:04,867 [Test worker] liquibase.info - master.changelog.json: migration/vault-schema.changelog-v7.xml::make_issuer_ref_nullable::R3.Corda: Null constraint dropped from vault_fungible_states.issuer_ref
?[m?[37m[INFO] 10:34:04,867 [Test worker] liquibase.info - master.changelog.json: migration/vault-schema.changelog-v7.xml::make_issuer_ref_nullable::R3.Corda: ChangeSet migration/vault-schema.changelog-v7.xml::make_issuer_ref_nullable::R3.Corda ran successfully in 0ms
?[m?[37m[INFO] 10:34:04,868 [Test worker] liquibase.info - master.changelog.json: migration/vault-schema.changelog-v8.xml::create-external-id-to-state-party-view::R3.Corda: Table state_party created
?[m?[37m[INFO] 10:34:04,869 [Test worker] liquibase.info - master.changelog.json: migration/vault-schema.changelog-v8.xml::create-external-id-to-state-party-view::R3.Corda: Index state_pk_hash_idx created
?[m?[37m[INFO] 10:34:04,869 [Test worker] liquibase.info - master.changelog.json: migration/vault-schema.changelog-v8.xml::create-external-id-to-state-party-view::R3.Corda: Table pk_hash_to_ext_id_map created
?[m?[37m[INFO] 10:34:04,869 [Test worker] liquibase.info - master.changelog.json: migration/vault-schema.changelog-v8.xml::create-external-id-to-state-party-view::R3.Corda: Index pk_hash_to_xid_idx created
?[m?[37m[INFO] 10:34:04,870 [Test worker] liquibase.info - master.changelog.json: migration/vault-schema.changelog-v8.xml::create-external-id-to-state-party-view::R3.Corda: View v_pkey_hash_ex_id_map created
?[m?[37m[INFO] 10:34:04,870 [Test worker] liquibase.info - master.changelog.json: migration/vault-schema.changelog-v8.xml::create-external-id-to-state-party-view::R3.Corda: ChangeSet migration/vault-schema.changelog-v8.xml::create-external-id-to-state-party-view::R3.Corda ran successfully in 2ms
?[m?[37m[INFO] 10:34:04,871 [Test worker] liquibase.info - master.changelog.json: migration/node-info.changelog-init.xml::1511451595465-4::R3.Corda: Table node_link_nodeinfo_party created
?[m?[37m[INFO] 10:34:04,871 [Test worker] liquibase.info - master.changelog.json: migration/node-info.changelog-init.xml::1511451595465-4::R3.Corda: ChangeSet migration/node-info.changelog-init.xml::1511451595465-4::R3.Corda ran successfully in 0ms
?[m?[37m[INFO] 10:34:04,872 [Test worker] liquibase.info - master.changelog.json: migration/node-info.changelog-init.xml::1511451595465-10::R3.Corda: Table node_info_hosts created
?[m?[37m[INFO] 10:34:04,872 [Test worker] liquibase.info - master.changelog.json: migration/node-info.changelog-init.xml::1511451595465-10::R3.Corda: ChangeSet migration/node-info.changelog-init.xml::1511451595465-10::R3.Corda ran successfully in 0ms
?[m?[37m[INFO] 10:34:04,873 [Test worker] liquibase.info - master.changelog.json: migration/node-info.changelog-init.xml::1511451595465-11::R3.Corda: Table node_info_party_cert created
?[m?[37m[INFO] 10:34:04,873 [Test worker] liquibase.info - master.changelog.json: migration/node-info.changelog-init.xml::1511451595465-11::R3.Corda: ChangeSet migration/node-info.changelog-init.xml::1511451595465-11::R3.Corda ran successfully in 0ms
?[m?[37m[INFO] 10:34:04,874 [Test worker] liquibase.info - master.changelog.json: migration/node-info.changelog-init.xml::1511451595465-12::R3.Corda: Table node_infos created
?[m?[37m[INFO] 10:34:04,874 [Test worker] liquibase.info - master.changelog.json: migration/node-info.changelog-init.xml::1511451595465-12::R3.Corda: ChangeSet migration/node-info.changelog-init.xml::1511451595465-12::R3.Corda ran successfully in 0ms
?[m?[37m[INFO] 10:34:04,875 [Test worker] liquibase.info - master.changelog.json: migration/node-info.changelog-init.xml::1511451595465-35::R3.Corda: Primary key added to node_info_hosts (host, port)
?[m?[37m[INFO] 10:34:04,875 [Test worker] liquibase.info - master.changelog.json: migration/node-info.changelog-init.xml::1511451595465-35::R3.Corda: ChangeSet migration/node-info.changelog-init.xml::1511451595465-35::R3.Corda ran successfully in 0ms
?[m?[37m[INFO] 10:34:04,876 [Test worker] liquibase.info - master.changelog.json: migration/node-info.changelog-init.xml::1511451595465-36::R3.Corda: Primary key added to node_info_party_cert (party_name)
?[m?[37m[INFO] 10:34:04,876 [Test worker] liquibase.info - master.changelog.json: migration/node-info.changelog-init.xml::1511451595465-36::R3.Corda: ChangeSet migration/node-info.changelog-init.xml::1511451595465-36::R3.Corda ran successfully in 0ms
?[m?[37m[INFO] 10:34:04,877 [Test worker] liquibase.info - master.changelog.json: migration/node-info.changelog-init.xml::1511451595465-37::R3.Corda: Primary key added to node_infos (node_info_id)
?[m?[37m[INFO] 10:34:04,877 [Test worker] liquibase.info - master.changelog.json: migration/node-info.changelog-init.xml::1511451595465-37::R3.Corda: ChangeSet migration/node-info.changelog-init.xml::1511451595465-37::R3.Corda ran successfully in 0ms
?[m?[37m[INFO] 10:34:04,878 [Test worker] liquibase.info - master.changelog.json: migration/node-info.changelog-init.xml::1511451595465-62::R3.Corda: Foreign key constraint added to node_link_nodeinfo_party (node_info_id)
?[m?[37m[INFO] 10:34:04,879 [Test worker] liquibase.info - master.changelog.json: migration/node-info.changelog-init.xml::1511451595465-62::R3.Corda: ChangeSet migration/node-info.changelog-init.xml::1511451595465-62::R3.Corda ran successfully in 0ms
?[m?[37m[INFO] 10:34:04,880 [Test worker] liquibase.info - master.changelog.json: migration/node-info.changelog-init.xml::1511451595465-63::R3.Corda: Foreign key constraint added to node_info_hosts (node_info_id)
?[m?[37m[INFO] 10:34:04,880 [Test worker] liquibase.info - master.changelog.json: migration/node-info.changelog-init.xml::1511451595465-63::R3.Corda: ChangeSet migration/node-info.changelog-init.xml::1511451595465-63::R3.Corda ran successfully in 1ms
?[m?[37m[INFO] 10:34:04,881 [Test worker] liquibase.info - master.changelog.json: migration/node-info.changelog-init.xml::remove_host_port_pk::R3.Corda: Data deleted from node_infos
?[m?[37m[INFO] 10:34:04,881 [Test worker] liquibase.info - master.changelog.json: migration/node-info.changelog-init.xml::remove_host_port_pk::R3.Corda: Data deleted from node_link_nodeinfo_party
?[m?[37m[INFO] 10:34:04,881 [Test worker] liquibase.info - master.changelog.json: migration/node-info.changelog-init.xml::remove_host_port_pk::R3.Corda: Data deleted from node_info_hosts
?[m?[37m[INFO] 10:34:04,881 [Test worker] liquibase.info - master.changelog.json: migration/node-info.changelog-init.xml::remove_host_port_pk::R3.Corda: Data deleted from node_info_party_cert
?[m?[37m[INFO] 10:34:04,882 [Test worker] liquibase.info - master.changelog.json: migration/node-info.changelog-init.xml::remove_host_port_pk::R3.Corda: Primary key dropped from node_info_hosts
?[m?[37m[INFO] 10:34:04,882 [Test worker] liquibase.info - master.changelog.json: migration/node-info.changelog-init.xml::remove_host_port_pk::R3.Corda: Columns hosts_id(INT) added to node_info_hosts
?[m?[37m[INFO] 10:34:04,883 [Test worker] liquibase.info - master.changelog.json: migration/node-info.changelog-init.xml::remove_host_port_pk::R3.Corda: Primary key added to node_info_hosts (hosts_id)
?[m?[37m[INFO] 10:34:04,883 [Test worker] liquibase.info - master.changelog.json: migration/node-info.changelog-init.xml::remove_host_port_pk::R3.Corda: ChangeSet migration/node-info.changelog-init.xml::remove_host_port_pk::R3.Corda ran successfully in 2ms
?[m?[37m[INFO] 10:34:04,884 [Test worker] liquibase.info - master.changelog.json: migration/node-info.changelog-v1.xml::key/value node properties table::R3.Corda: Table node_properties created
?[m?[37m[INFO] 10:34:04,884 [Test worker] liquibase.info - master.changelog.json: migration/node-info.changelog-v1.xml::key/value node properties table::R3.Corda: ChangeSet migration/node-info.changelog-v1.xml::key/value node properties table::R3.Corda ran successfully in 1ms
?[m?[37m[INFO] 10:34:04,885 [Test worker] liquibase.info - master.changelog.json: migration/node-info.changelog-v2.xml::1525962920::R3.Corda: Null constraint has been added to node_infos.node_info_hash
?[m?[37m[INFO] 10:34:04,885 [Test worker] liquibase.info - master.changelog.json: migration/node-info.changelog-v2.xml::1525962920::R3.Corda: Null constraint has been added to node_infos.platform_version
?[m?[37m[INFO] 10:34:04,885 [Test worker] liquibase.info - master.changelog.json: migration/node-info.changelog-v2.xml::1525962920::R3.Corda: Null constraint has been added to node_infos.serial
?[m?[37m[INFO] 10:34:04,885 [Test worker] liquibase.info - master.changelog.json: migration/node-info.changelog-v2.xml::1525962920::R3.Corda: Null constraint dropped from node_info_hosts.host
?[m?[37m[INFO] 10:34:04,885 [Test worker] liquibase.info - master.changelog.json: migration/node-info.changelog-v2.xml::1525962920::R3.Corda: Null constraint dropped from node_info_hosts.port
?[m?[37m[INFO] 10:34:04,886 [Test worker] liquibase.info - master.changelog.json: migration/node-info.changelog-v2.xml::1525962920::R3.Corda: Null constraint has been added to node_info_party_cert.owning_key_hash
?[m?[37m[INFO] 10:34:04,886 [Test worker] liquibase.info - master.changelog.json: migration/node-info.changelog-v2.xml::1525962920::R3.Corda: Null constraint has been added to node_info_party_cert.party_cert_binary
?[m?[37m[INFO] 10:34:04,886 [Test worker] liquibase.info - master.changelog.json: migration/node-info.changelog-v2.xml::1525962920::R3.Corda: ChangeSet migration/node-info.changelog-v2.xml::1525962920::R3.Corda ran successfully in 2ms
?[m?[37m[INFO] 10:34:04,887 [Test worker] liquibase.info - master.changelog.json: migration/node-info.changelog-v3.xml::column_host_name::R3.Corda: Column node_info_hosts.host renamed to host_name
?[m?[37m[INFO] 10:34:04,887 [Test worker] liquibase.info - master.changelog.json: migration/node-info.changelog-v3.xml::column_host_name::R3.Corda: ChangeSet migration/node-info.changelog-v3.xml::column_host_name::R3.Corda ran successfully in 0ms
?[m?[37m[INFO] 10:34:04,889 [Test worker] liquibase.info - master.changelog.json: migration/node-services.changelog-init.xml::1511451595465-5::R3.Corda: Table node_attachments created
?[m?[37m[INFO] 10:34:04,889 [Test worker] liquibase.info - master.changelog.json: migration/node-services.changelog-init.xml::1511451595465-5::R3.Corda: ChangeSet migration/node-services.changelog-init.xml::1511451595465-5::R3.Corda ran successfully in 1ms
?[m?[37m[INFO] 10:34:04,890 [Test worker] liquibase.info - master.changelog.json: migration/node-services.changelog-init.xml::1511451595465-7::R3.Corda: Table node_checkpoints created
?[m?[37m[INFO] 10:34:04,890 [Test worker] liquibase.info - master.changelog.json: migration/node-services.changelog-init.xml::1511451595465-7::R3.Corda: ChangeSet migration/node-services.changelog-init.xml::1511451595465-7::R3.Corda ran successfully in 0ms
?[m?[37m[INFO] 10:34:04,891 [Test worker] liquibase.info - master.changelog.json: migration/node-services.changelog-init.xml::1511451595465-8::R3.Corda: Table node_contract_upgrades created
?[m?[37m[INFO] 10:34:04,891 [Test worker] liquibase.info - master.changelog.json: migration/node-services.changelog-init.xml::1511451595465-8::R3.Corda: ChangeSet migration/node-services.changelog-init.xml::1511451595465-8::R3.Corda ran successfully in 0ms
?[m?[37m[INFO] 10:34:04,892 [Test worker] liquibase.info - master.changelog.json: migration/node-services.changelog-init.xml::1511451595465-9::R3.Corda: Table node_identities created
?[m?[37m[INFO] 10:34:04,893 [Test worker] liquibase.info - master.changelog.json: migration/node-services.changelog-init.xml::1511451595465-9::R3.Corda: ChangeSet migration/node-services.changelog-init.xml::1511451595465-9::R3.Corda ran successfully in 0ms
?[m?[37m[INFO] 10:34:04,894 [Test worker] liquibase.info - master.changelog.json: migration/node-services.changelog-init.xml::1511451595465-13::R3.Corda: Table node_message_ids created
?[m?[37m[INFO] 10:34:04,894 [Test worker] liquibase.info - master.changelog.json: migration/node-services.changelog-init.xml::1511451595465-13::R3.Corda: ChangeSet migration/node-services.changelog-init.xml::1511451595465-13::R3.Corda ran successfully in 1ms
?[m?[37m[INFO] 10:34:04,895 [Test worker] liquibase.info - master.changelog.json: migration/node-services.changelog-init.xml::1511451595465-14::R3.Corda: Table node_message_retry created
?[m?[37m[INFO] 10:34:04,895 [Test worker] liquibase.info - master.changelog.json: migration/node-services.changelog-init.xml::1511451595465-14::R3.Corda: ChangeSet migration/node-services.changelog-init.xml::1511451595465-14::R3.Corda ran successfully in 1ms
?[m?[37m[INFO] 10:34:04,896 [Test worker] liquibase.info - master.changelog.json: migration/node-services.changelog-init.xml::1511451595465-15::R3.Corda: Table node_named_identities created
?[m?[37m[INFO] 10:34:04,896 [Test worker] liquibase.info - master.changelog.json: migration/node-services.changelog-init.xml::1511451595465-15::R3.Corda: ChangeSet migration/node-services.changelog-init.xml::1511451595465-15::R3.Corda ran successfully in 0ms
?[m?[37m[INFO] 10:34:04,898 [Test worker] liquibase.info - master.changelog.json: migration/node-services.changelog-init.xml::1511451595465-17::R3.Corda: Table node_our_key_pairs created
?[m?[37m[INFO] 10:34:04,898 [Test worker] liquibase.info - master.changelog.json: migration/node-services.changelog-init.xml::1511451595465-17::R3.Corda: ChangeSet migration/node-services.changelog-init.xml::1511451595465-17::R3.Corda ran successfully in 1ms
?[m?[37m[INFO] 10:34:04,899 [Test worker] liquibase.info - master.changelog.json: migration/node-services.changelog-init.xml::1511451595465-19::R3.Corda: Table node_scheduled_states created
?[m?[37m[INFO] 10:34:04,899 [Test worker] liquibase.info - master.changelog.json: migration/node-services.changelog-init.xml::1511451595465-19::R3.Corda: ChangeSet migration/node-services.changelog-init.xml::1511451595465-19::R3.Corda ran successfully in 0ms
?[m?[37m[INFO] 10:34:04,901 [Test worker] liquibase.info - master.changelog.json: migration/node-services.changelog-init.xml::1511451595465-20::R3.Corda: Table node_transaction_mappings created
?[m?[37m[INFO] 10:34:04,901 [Test worker] liquibase.info - master.changelog.json: migration/node-services.changelog-init.xml::1511451595465-20::R3.Corda: ChangeSet migration/node-services.changelog-init.xml::1511451595465-20::R3.Corda ran successfully in 1ms
?[m?[37m[INFO] 10:34:04,902 [Test worker] liquibase.info - master.changelog.json: migration/node-services.changelog-init.xml::1511451595465-21::R3.Corda: Table node_transactions created
?[m?[37m[INFO] 10:34:04,902 [Test worker] liquibase.info - master.changelog.json: migration/node-services.changelog-init.xml::1511451595465-21::R3.Corda: ChangeSet migration/node-services.changelog-init.xml::1511451595465-21::R3.Corda ran successfully in 1ms
?[m?[37m[INFO] 10:34:04,903 [Test worker] liquibase.info - master.changelog.json: migration/node-services.changelog-init.xml::1511451595465-30::R3.Corda: Primary key added to node_attachments (att_id)
?[m?[37m[INFO] 10:34:04,903 [Test worker] liquibase.info - master.changelog.json: migration/node-services.changelog-init.xml::1511451595465-30::R3.Corda: ChangeSet migration/node-services.changelog-init.xml::1511451595465-30::R3.Corda ran successfully in 0ms
?[m?[37m[INFO] 10:34:04,904 [Test worker] liquibase.info - master.changelog.json: migration/node-services.changelog-init.xml::1511451595465-32::R3.Corda: Primary key added to node_checkpoints (checkpoint_id)
?[m?[37m[INFO] 10:34:04,904 [Test worker] liquibase.info - master.changelog.json: migration/node-services.changelog-init.xml::1511451595465-32::R3.Corda: ChangeSet migration/node-services.changelog-init.xml::1511451595465-32::R3.Corda ran successfully in 0ms
?[m?[37m[INFO] 10:34:04,905 [Test worker] liquibase.info - master.changelog.json: migration/node-services.changelog-init.xml::1511451595465-33::R3.Corda: Primary key added to node_contract_upgrades (state_ref)
?[m?[37m[INFO] 10:34:04,905 [Test worker] liquibase.info - master.changelog.json: migration/node-services.changelog-init.xml::1511451595465-33::R3.Corda: ChangeSet migration/node-services.changelog-init.xml::1511451595465-33::R3.Corda ran successfully in 0ms
?[m?[37m[INFO] 10:34:04,907 [Test worker] liquibase.info - master.changelog.json: migration/node-services.changelog-init.xml::1511451595465-34::R3.Corda: Primary key added to node_identities (pk_hash)
?[m?[37m[INFO] 10:34:04,907 [Test worker] liquibase.info - master.changelog.json: migration/node-services.changelog-init.xml::1511451595465-34::R3.Corda: ChangeSet migration/node-services.changelog-init.xml::1511451595465-34::R3.Corda ran successfully in 1ms
?[m?[37m[INFO] 10:34:04,908 [Test worker] liquibase.info - master.changelog.json: migration/node-services.changelog-init.xml::1511451595465-38::R3.Corda: Primary key added to node_message_ids (message_id)
?[m?[37m[INFO] 10:34:04,908 [Test worker] liquibase.info - master.changelog.json: migration/node-services.changelog-init.xml::1511451595465-38::R3.Corda: ChangeSet migration/node-services.changelog-init.xml::1511451595465-38::R3.Corda ran successfully in 1ms
?[m?[37m[INFO] 10:34:04,909 [Test worker] liquibase.info - master.changelog.json: migration/node-services.changelog-init.xml::1511451595465-39::R3.Corda: Primary key added to node_message_retry (message_id)
?[m?[37m[INFO] 10:34:04,909 [Test worker] liquibase.info - master.changelog.json: migration/node-services.changelog-init.xml::1511451595465-39::R3.Corda: ChangeSet migration/node-services.changelog-init.xml::1511451595465-39::R3.Corda ran successfully in 1ms
?[m?[37m[INFO] 10:34:04,922 [Test worker] liquibase.info - master.changelog.json: migration/node-services.changelog-init.xml::1511451595465-40::R3.Corda: Primary key added to node_named_identities (name)
?[m?[37m[INFO] 10:34:04,922 [Test worker] liquibase.info - master.changelog.json: migration/node-services.changelog-init.xml::1511451595465-40::R3.Corda: ChangeSet migration/node-services.changelog-init.xml::1511451595465-40::R3.Corda ran successfully in 0ms
?[m?[37m[INFO] 10:34:04,923 [Test worker] liquibase.info - master.changelog.json: migration/node-services.changelog-init.xml::1511451595465-42::R3.Corda: Primary key added to node_our_key_pairs (public_key_hash)
?[m?[37m[INFO] 10:34:04,924 [Test worker] liquibase.info - master.changelog.json: migration/node-services.changelog-init.xml::1511451595465-42::R3.Corda: ChangeSet migration/node-services.changelog-init.xml::1511451595465-42::R3.Corda ran successfully in 0ms
?[m?[37m[INFO] 10:34:04,924 [Test worker] liquibase.info - master.changelog.json: migration/node-services.changelog-init.xml::1511451595465-44::R3.Corda: Primary key added to node_scheduled_states (output_index, transaction_id)
?[m?[37m[INFO] 10:34:04,925 [Test worker] liquibase.info - master.changelog.json: migration/node-services.changelog-init.xml::1511451595465-44::R3.Corda: ChangeSet migration/node-services.changelog-init.xml::1511451595465-44::R3.Corda ran successfully in 0ms
?[m?[37m[INFO] 10:34:04,925 [Test worker] liquibase.info - master.changelog.json: migration/node-services.changelog-init.xml::1511451595465-45::R3.Corda: Primary key added to node_transaction_mappings (tx_id)
?[m?[37m[INFO] 10:34:04,926 [Test worker] liquibase.info - master.changelog.json: migration/node-services.changelog-init.xml::1511451595465-45::R3.Corda: ChangeSet migration/node-services.changelog-init.xml::1511451595465-45::R3.Corda ran successfully in 0ms
?[m?[37m[INFO] 10:34:04,926 [Test worker] liquibase.info - master.changelog.json: migration/node-services.changelog-init.xml::1511451595465-46::R3.Corda: Primary key added to node_transactions (tx_id)
?[m?[37m[INFO] 10:34:04,926 [Test worker] liquibase.info - master.changelog.json: migration/node-services.changelog-init.xml::1511451595465-46::R3.Corda: ChangeSet migration/node-services.changelog-init.xml::1511451595465-46::R3.Corda ran successfully in 0ms
?[m?[37m[INFO] 10:34:04,928 [Test worker] liquibase.info - master.changelog.json: migration/node-services.changelog-init.xml::1511451595465-61::R3.Corda: Foreign key constraint added to node_link_nodeinfo_party (party_name)
?[m?[37m[INFO] 10:34:04,928 [Test worker] liquibase.info - master.changelog.json: migration/node-services.changelog-init.xml::1511451595465-61::R3.Corda: ChangeSet migration/node-services.changelog-init.xml::1511451595465-61::R3.Corda ran successfully in 1ms
?[m?[37m[INFO] 10:34:04,929 [Test worker] liquibase.info - master.changelog.json: migration/node-services.changelog-init.xml::add index att_id::R3.Corda: Index att_id_idx created
?[m?[37m[INFO] 10:34:04,929 [Test worker] liquibase.info - master.changelog.json: migration/node-services.changelog-init.xml::add index att_id::R3.Corda: ChangeSet migration/node-services.changelog-init.xml::add index att_id::R3.Corda ran successfully in 1ms
?[m?[37m[INFO] 10:34:04,930 [Test worker] liquibase.info - master.changelog.json: migration/node-services.changelog-init.xml::add_contract_attachment::R3.Corda: Table node_attchments_contracts created
?[m?[37m[INFO] 10:34:04,931 [Test worker] liquibase.info - master.changelog.json: migration/node-services.changelog-init.xml::add_contract_attachment::R3.Corda: Foreign key constraint added to node_attchments_contracts (att_id)
?[m?[37m[INFO] 10:34:04,931 [Test worker] liquibase.info - master.changelog.json: migration/node-services.changelog-init.xml::add_contract_attachment::R3.Corda: Data deleted from node_attachments
?[m?[37m[INFO] 10:34:04,931 [Test worker] liquibase.info - master.changelog.json: migration/node-services.changelog-init.xml::add_contract_attachment::R3.Corda: ChangeSet migration/node-services.changelog-init.xml::add_contract_attachment::R3.Corda ran successfully in 1ms
?[m?[37m[INFO] 10:34:04,933 [Test worker] liquibase.info - master.changelog.json: migration/node-services.changelog-init.xml::add_dedup_columns::R3.Corda: Columns sender(NVARCHAR(64)),sequence_number(BIGINT) added to node_message_ids
?[m?[37m[INFO] 10:34:04,933 [Test worker] liquibase.info - master.changelog.json: migration/node-services.changelog-init.xml::add_dedup_columns::R3.Corda: ChangeSet migration/node-services.changelog-init.xml::add_dedup_columns::R3.Corda ran successfully in 1ms
?[m?[37m[INFO] 10:34:04,934 [Test worker] liquibase.info - master.changelog.json: migration/node-core.changelog-v4.xml::attchments_rename::R3.Corda: Table node_attchments_contracts renamed to node_attachments_contracts
?[m?[37m[INFO] 10:34:04,934 [Test worker] liquibase.info - master.changelog.json: migration/node-core.changelog-v4.xml::attchments_rename::R3.Corda: ChangeSet migration/node-core.changelog-v4.xml::attchments_rename::R3.Corda ran successfully in 0ms
?[m?[37m[INFO] 10:34:04,935 [Test worker] liquibase.info - master.changelog.json: migration/node-core.changelog-v4.xml::nullability::R3.Corda: Null constraint has been added to node_identities.identity_value
?[m?[37m[INFO] 10:34:04,935 [Test worker] liquibase.info - master.changelog.json: migration/node-core.changelog-v4.xml::nullability::R3.Corda: Null constraint has been added to node_attachments.content
?[m?[37m[INFO] 10:34:04,936 [Test worker] liquibase.info - master.changelog.json: migration/node-core.changelog-v4.xml::nullability::R3.Corda: Null constraint has been added to node_attachments_contracts.contract_class_name
?[m?[37m[INFO] 10:34:04,936 [Test worker] liquibase.info - master.changelog.json: migration/node-core.changelog-v4.xml::nullability::R3.Corda: Null constraint has been added to node_checkpoints.checkpoint_value
?[m?[37m[INFO] 10:34:04,936 [Test worker] liquibase.info - master.changelog.json: migration/node-core.changelog-v4.xml::nullability::R3.Corda: Null constraint has been added to node_contract_upgrades.contract_class_name
?[m?[37m[INFO] 10:34:04,936 [Test worker] liquibase.info - master.changelog.json: migration/node-core.changelog-v4.xml::nullability::R3.Corda: Null constraint has been added to node_message_ids.insertion_time
?[m?[37m[INFO] 10:34:04,936 [Test worker] liquibase.info - master.changelog.json: migration/node-core.changelog-v4.xml::nullability::R3.Corda: Null constraint has been added to node_message_retry.message
?[m?[37m[INFO] 10:34:04,936 [Test worker] liquibase.info - master.changelog.json: migration/node-core.changelog-v4.xml::nullability::R3.Corda: Null constraint has been added to node_message_retry.recipients
?[m?[37m[INFO] 10:34:04,937 [Test worker] liquibase.info - master.changelog.json: migration/node-core.changelog-v4.xml::nullability::R3.Corda: Null constraint has been added to node_named_identities.pk_hash
?[m?[37m[INFO] 10:34:04,937 [Test worker] liquibase.info - master.changelog.json: migration/node-core.changelog-v4.xml::nullability::R3.Corda: Null constraint has been added to node_our_key_pairs.private_key
?[m?[37m[INFO] 10:34:04,937 [Test worker] liquibase.info - master.changelog.json: migration/node-core.changelog-v4.xml::nullability::R3.Corda: Null constraint has been added to node_our_key_pairs.public_key
?[m?[37m[INFO] 10:34:04,937 [Test worker] liquibase.info - master.changelog.json: migration/node-core.changelog-v4.xml::nullability::R3.Corda: Null constraint has been added to node_transaction_mappings.state_machine_run_id
?[m?[37m[INFO] 10:34:04,937 [Test worker] liquibase.info - master.changelog.json: migration/node-core.changelog-v4.xml::nullability::R3.Corda: Null constraint has been added to node_transactions.transaction_value
?[m?[37m[INFO] 10:34:04,937 [Test worker] liquibase.info - master.changelog.json: migration/node-core.changelog-v4.xml::nullability::R3.Corda: ChangeSet migration/node-core.changelog-v4.xml::nullability::R3.Corda ran successfully in 2ms
?[m?[37m[INFO] 10:34:04,939 [Test worker] liquibase.info - master.changelog.json: migration/node-core.changelog-v5.xml::remove_unused_node_message_retry::R3.Corda: Table node_message_retry dropped
?[m?[37m[INFO] 10:34:04,939 [Test worker] liquibase.info - master.changelog.json: migration/node-core.changelog-v5.xml::remove_unused_node_message_retry::R3.Corda: ChangeSet migration/node-core.changelog-v5.xml::remove_unused_node_message_retry::R3.Corda ran successfully in 1ms
?[m?[37m[INFO] 10:34:04,947 [Test worker] liquibase.info - master.changelog.json: migration/node-core.changelog-v8.xml::conditional_attchments_rename::R3.Corda: Marking ChangeSet: migration/node-core.changelog-v8.xml::conditional_attchments_rename::R3.Corda ran despite precondition failure due to onFail='MARK_RAN': 
          master.changelog.json : Table PUBLIC.NODE_ATTCHMENTS_CONTRACTS does not exist

?[m?[37m[INFO] 10:34:04,952 [Test worker] liquibase.info - master.changelog.json: migration/node-core.changelog-v8.xml::conditional_attchments_contracts::R3.Corda: Marking ChangeSet: migration/node-core.changelog-v8.xml::conditional_attchments_contracts::R3.Corda ran despite precondition failure due to onFail='MARK_RAN': 
          master.changelog.json : Table PUBLIC.NODE_ATTACHMENTS_CONTRACT_CLASS_NAME does not exist

?[m?[37m[INFO] 10:34:04,953 [Test worker] liquibase.info - master.changelog.json: migration/node-core.changelog-v8.xml::add_signers::R3.Corda: Table node_attachments_signers created
?[m?[37m[INFO] 10:34:04,953 [Test worker] liquibase.info - master.changelog.json: migration/node-core.changelog-v8.xml::add_signers::R3.Corda: Foreign key constraint added to node_attachments_signers (att_id)
?[m?[37m[INFO] 10:34:04,953 [Test worker] liquibase.info - master.changelog.json: migration/node-core.changelog-v8.xml::add_signers::R3.Corda: ChangeSet migration/node-core.changelog-v8.xml::add_signers::R3.Corda ran successfully in 1ms
?[m?[37m[INFO] 10:34:04,955 [Test worker] liquibase.info - master.changelog.json: migration/node-core.changelog-tx-mapping.xml::add_tx_mapping_column::R3.Corda: Columns state_machine_run_id(NVARCHAR(36)) added to node_transactions
?[m?[37m[INFO] 10:34:04,955 [Test worker] liquibase.info - master.changelog.json: migration/node-core.changelog-tx-mapping.xml::add_tx_mapping_column::R3.Corda: Custom SQL executed
?[m?[37m[INFO] 10:34:04,955 [Test worker] liquibase.info - master.changelog.json: migration/node-core.changelog-tx-mapping.xml::add_tx_mapping_column::R3.Corda: Table node_transaction_mappings dropped
?[m?[37m[INFO] 10:34:04,956 [Test worker] liquibase.info - master.changelog.json: migration/node-core.changelog-tx-mapping.xml::add_tx_mapping_column::R3.Corda: ChangeSet migration/node-core.changelog-tx-mapping.xml::add_tx_mapping_column::R3.Corda ran successfully in 1ms
?[m?[37m[INFO] 10:34:04,957 [Test worker] liquibase.info - master.changelog.json: migration/node-services.changelog-init.xml::add_network_parameters_storage::R3.Corda: Table node_network_parameters created
?[m?[37m[INFO] 10:34:04,957 [Test worker] liquibase.info - master.changelog.json: migration/node-services.changelog-init.xml::add_network_parameters_storage::R3.Corda: ChangeSet migration/node-services.changelog-init.xml::add_network_parameters_storage::R3.Corda ran successfully in 1ms
?[m?[37m[INFO] 10:34:04,958 [Test worker] liquibase.info - master.changelog.json: migration/node-services.changelog-init.xml::network_parameters_pk::R3.Corda: Primary key added to node_network_parameters (hash)
?[m?[37m[INFO] 10:34:04,958 [Test worker] liquibase.info - master.changelog.json: migration/node-services.changelog-init.xml::network_parameters_pk::R3.Corda: ChangeSet migration/node-services.changelog-init.xml::network_parameters_pk::R3.Corda ran successfully in 0ms
?[m?[37m[INFO] 10:34:04,960 [Test worker] liquibase.info - master.changelog.json: migration/node-services.changelog-init.xml::add_version_column::R3.Corda: Columns version(INT) added to node_attachments
?[m?[37m[INFO] 10:34:04,961 [Test worker] liquibase.info - master.changelog.json: migration/node-services.changelog-init.xml::add_version_column::R3.Corda: Custom SQL executed
?[m?[37m[INFO] 10:34:04,961 [Test worker] liquibase.info - master.changelog.json: migration/node-services.changelog-init.xml::add_version_column::R3.Corda: Null constraint has been added to node_attachments.version
?[m?[37m[INFO] 10:34:04,961 [Test worker] liquibase.info - master.changelog.json: migration/node-services.changelog-init.xml::add_version_column::R3.Corda: ChangeSet migration/node-services.changelog-init.xml::add_version_column::R3.Corda ran successfully in 2ms
?[m?[37m[INFO] 10:34:04,962 [Test worker] persistence.AttachmentVersionNumberMigration.execute - Start executing...
?[m?[37m[INFO] 10:34:04,964 [Test worker] persistence.AttachmentVersionNumberMigration.execute - Attachment version creation from whitelisted JARs using network parameters from build/mock-network/20190619-093403.663/nodes/1/network-parameters, whitelistedContractImplementations: {}.
?[m?[37m[INFO] 10:34:04,964 [Test worker] persistence.AttachmentVersionNumberMigration.execute - Attachment version creation from whitelisted JARs skipped, no attachments not found.
?[m?[37m[INFO] 10:34:04,964 [Test worker] liquibase.info - master.changelog.json: migration/node-services.changelog-init.xml::update-version-of-whitelisted-jars::R3.Corda: null
?[m?[37m[INFO] 10:34:04,964 [Test worker] liquibase.info - master.changelog.json: migration/node-services.changelog-init.xml::update-version-of-whitelisted-jars::R3.Corda: ChangeSet migration/node-services.changelog-init.xml::update-version-of-whitelisted-jars::R3.Corda ran successfully in 2ms
?[m?[37m[INFO] 10:34:04,965 [Test worker] liquibase.info - master.changelog.json: migration/node-services.changelog-init.xml::add-new-persitence-table::R3.Corda: Table identities_no_cert created
?[m?[37m[INFO] 10:34:04,965 [Test worker] liquibase.info - master.changelog.json: migration/node-services.changelog-init.xml::add-new-persitence-table::R3.Corda: ChangeSet migration/node-services.changelog-init.xml::add-new-persitence-table::R3.Corda ran successfully in 0ms
?[m?[37m[INFO] 10:34:04,966 [Test worker] migration.PersistentIdentitiesMigration.execute - Migrating persistent identities with certificates table into persistent table with no certificate data.
?[m?[37m[INFO] 10:34:04,968 [Test worker] persistence.HibernateConfiguration.<init> - Init HibernateConfiguration for schemas: [PersistentIdentitiesMigrationSchemaV1(name=net.corda.node.migration.PersistentIdentitiesMigrationSchema, version=1)]
?[m?[37m[INFO] 10:34:04,968 [Test worker] persistence.HibernateConfiguration.makeSessionFactoryForSchemas - Creating session factory for schemas: [PersistentIdentitiesMigrationSchemaV1(name=net.corda.node.migration.PersistentIdentitiesMigrationSchema, version=1)]
?[m?[37m[INFO] 10:34:04,973 [Test worker] internal.ConnectionProviderInitiator.initiateService - HHH000130: Instantiating explicit connection provider: net.corda.nodeapi.internal.persistence.HibernateConfiguration$NodeDatabaseConnectionProvider
?[m?[37m[INFO] 10:34:04,973 [Test worker] dialect.Dialect.<init> - HHH000400: Using dialect: org.hibernate.dialect.H2Dialect
?[m?[37m[INFO] 10:34:04,975 [Test worker] type.BasicTypeRegistry.register - HHH000270: Type registration [materialized_blob] overrides previous : org.hibernate.type.MaterializedBlobType@7a31aa45
?[m?[37m[INFO] 10:34:04,988 [Test worker] connections.access.getIsolatedConnection - HHH10001501: Connection obtained from JdbcConnectionAccess [org.hibernate.engine.jdbc.env.internal.JdbcEnvironmentInitiator$ConnectionProviderJdbcConnectionAccess@3a442dcf] for (non-JTA) DDL execution was not in auto-commit mode; the Connection 'local transaction' will be committed and the Connection will be set into auto-commit mode.
?[m?[37m[INFO] 10:34:05,008 [Test worker] persistence.HibernateConfiguration.makeSessionFactoryForSchemas - Created session factory for schemas: [PersistentIdentitiesMigrationSchemaV1(name=net.corda.node.migration.PersistentIdentitiesMigrationSchema, version=1)]
?[m?[37m[INFO] 10:34:05,008 [Test worker] internal.QueryTranslatorFactoryInitiator.initiateService - HHH000397: Using ASTQueryTranslatorFactory
?[m?[37m[INFO] 10:34:05,017 [Test worker] liquibase.info - master.changelog.json: migration/node-services.changelog-init.xml::transfer-to-new-persistence-table::R3.Corda: null
?[m?[37m[INFO] 10:34:05,017 [Test worker] liquibase.info - master.changelog.json: migration/node-services.changelog-init.xml::transfer-to-new-persistence-table::R3.Corda: ChangeSet migration/node-services.changelog-init.xml::transfer-to-new-persistence-table::R3.Corda ran successfully in 51ms
?[m?[37m[INFO] 10:34:05,018 [Test worker] migration.VaultStateMigration.execute - Migrating vault state data to V4 tables
?[m?[37m[INFO] 10:34:05,020 [Test worker] persistence.HibernateConfiguration.<init> - Init HibernateConfiguration for schemas: [VaultMigrationSchemaV1(name=net.corda.node.migration.VaultMigrationSchema, version=1), VaultSchemaV1(name=net.corda.node.services.vault.VaultSchema, version=1)]
?[m?[37m[INFO] 10:34:05,020 [Test worker] persistence.HibernateConfiguration.makeSessionFactoryForSchemas - Creating session factory for schemas: [VaultMigrationSchemaV1(name=net.corda.node.migration.VaultMigrationSchema, version=1), VaultSchemaV1(name=net.corda.node.services.vault.VaultSchema, version=1)]
?[m?[37m[INFO] 10:34:05,024 [Test worker] internal.ConnectionProviderInitiator.initiateService - HHH000130: Instantiating explicit connection provider: net.corda.nodeapi.internal.persistence.HibernateConfiguration$NodeDatabaseConnectionProvider
?[m?[37m[INFO] 10:34:05,024 [Test worker] dialect.Dialect.<init> - HHH000400: Using dialect: org.hibernate.dialect.H2Dialect
?[m?[37m[INFO] 10:34:05,026 [Test worker] type.BasicTypeRegistry.register - HHH000270: Type registration [materialized_blob] overrides previous : org.hibernate.type.MaterializedBlobType@7a31aa45
?[m?[37m[INFO] 10:34:05,046 [Test worker] connections.access.getIsolatedConnection - HHH10001501: Connection obtained from JdbcConnectionAccess [org.hibernate.engine.jdbc.env.internal.JdbcEnvironmentInitiator$ConnectionProviderJdbcConnectionAccess@65cb2f00] for (non-JTA) DDL execution was not in auto-commit mode; the Connection 'local transaction' will be committed and the Connection will be set into auto-commit mode.
?[m?[37m[INFO] 10:34:05,068 [Test worker] persistence.HibernateConfiguration.makeSessionFactoryForSchemas - Created session factory for schemas: [VaultMigrationSchemaV1(name=net.corda.node.migration.VaultMigrationSchema, version=1), VaultSchemaV1(name=net.corda.node.services.vault.VaultSchema, version=1)]
?[m?[37m[INFO] 10:34:05,069 [Test worker] internal.QueryTranslatorFactoryInitiator.initiateService - HHH000397: Using ASTQueryTranslatorFactory
?[m?[37m[INFO] 10:34:05,074 [Test worker] migration.VaultStateMigration.execute - Finished performing vault state data migration for 0 states
?[m?[37m[INFO] 10:34:05,074 [Test worker] liquibase.info - master.changelog.json: migration/vault-schema.changelog-v9.xml::update-vault-states::R3.Corda: null
?[m?[37m[INFO] 10:34:05,074 [Test worker] liquibase.info - master.changelog.json: migration/vault-schema.changelog-v9.xml::update-vault-states::R3.Corda: ChangeSet migration/vault-schema.changelog-v9.xml::update-vault-states::R3.Corda ran successfully in 56ms
?[m?[37m[INFO] 10:34:05,075 [Test worker] liquibase.info - master.changelog.json: migration/cash.changelog-init.xml::1511451595465-2::R3.Corda: Table contract_cash_states created
?[m?[37m[INFO] 10:34:05,075 [Test worker] liquibase.info - master.changelog.json: migration/cash.changelog-init.xml::1511451595465-2::R3.Corda: ChangeSet migration/cash.changelog-init.xml::1511451595465-2::R3.Corda ran successfully in 1ms
?[m?[37m[INFO] 10:34:05,076 [Test worker] liquibase.info - master.changelog.json: migration/cash.changelog-init.xml::1511451595465-28::R3.Corda: Primary key added to contract_cash_states (output_index, transaction_id)
?[m?[37m[INFO] 10:34:05,076 [Test worker] liquibase.info - master.changelog.json: migration/cash.changelog-init.xml::1511451595465-28::R3.Corda: ChangeSet migration/cash.changelog-init.xml::1511451595465-28::R3.Corda ran successfully in 0ms
?[m?[37m[INFO] 10:34:05,077 [Test worker] liquibase.info - master.changelog.json: migration/cash.changelog-init.xml::1511451595465-51::R3.Corda: Index ccy_code_idx created
?[m?[37m[INFO] 10:34:05,077 [Test worker] liquibase.info - master.changelog.json: migration/cash.changelog-init.xml::1511451595465-51::R3.Corda: ChangeSet migration/cash.changelog-init.xml::1511451595465-51::R3.Corda ran successfully in 0ms
?[m?[37m[INFO] 10:34:05,078 [Test worker] liquibase.info - master.changelog.json: migration/cash.changelog-init.xml::1511451595465-57::R3.Corda: Index pennies_idx created
?[m?[37m[INFO] 10:34:05,078 [Test worker] liquibase.info - master.changelog.json: migration/cash.changelog-init.xml::1511451595465-57::R3.Corda: ChangeSet migration/cash.changelog-init.xml::1511451595465-57::R3.Corda ran successfully in 0ms
?[m?[37m[INFO] 10:34:05,080 [Test worker] liquibase.info - master.changelog.json: migration/node-services.changelog-init.xml::1525793504::R3.Corda: Index ccy_code_idx dropped from table contract_cash_states
?[m?[37m[INFO] 10:34:05,080 [Test worker] liquibase.info - master.changelog.json: migration/node-services.changelog-init.xml::1525793504::R3.Corda: Null constraint has been added to contract_cash_states.ccy_code
?[m?[37m[INFO] 10:34:05,080 [Test worker] liquibase.info - master.changelog.json: migration/node-services.changelog-init.xml::1525793504::R3.Corda: Index ccy_code_idx created
?[m?[37m[INFO] 10:34:05,080 [Test worker] liquibase.info - master.changelog.json: migration/node-services.changelog-init.xml::1525793504::R3.Corda: Null constraint has been added to contract_cash_states.issuer_key_hash
?[m?[37m[INFO] 10:34:05,081 [Test worker] liquibase.info - master.changelog.json: migration/node-services.changelog-init.xml::1525793504::R3.Corda: Null constraint has been added to contract_cash_states.issuer_ref
?[m?[37m[INFO] 10:34:05,081 [Test worker] liquibase.info - master.changelog.json: migration/node-services.changelog-init.xml::1525793504::R3.Corda: Index pennies_idx dropped from table contract_cash_states
?[m?[37m[INFO] 10:34:05,081 [Test worker] liquibase.info - master.changelog.json: migration/node-services.changelog-init.xml::1525793504::R3.Corda: Null constraint has been added to contract_cash_states.pennies
?[m?[37m[INFO] 10:34:05,081 [Test worker] liquibase.info - master.changelog.json: migration/node-services.changelog-init.xml::1525793504::R3.Corda: Index pennies_idx created
?[m?[37m[INFO] 10:34:05,081 [Test worker] liquibase.info - master.changelog.json: migration/node-services.changelog-init.xml::1525793504::R3.Corda: ChangeSet migration/node-services.changelog-init.xml::1525793504::R3.Corda ran successfully in 1ms
?[m?[37m[INFO] 10:34:05,083 [Test worker] liquibase.info - master.changelog.json: migration/commercial-paper.changelog-init.xml::1511451595465-3::R3.Corda: Table cp_states created
?[m?[37m[INFO] 10:34:05,083 [Test worker] liquibase.info - master.changelog.json: migration/commercial-paper.changelog-init.xml::1511451595465-3::R3.Corda: ChangeSet migration/commercial-paper.changelog-init.xml::1511451595465-3::R3.Corda ran successfully in 1ms
?[m?[37m[INFO] 10:34:05,084 [Test worker] liquibase.info - master.changelog.json: migration/commercial-paper.changelog-init.xml::1511451595465-29::R3.Corda: Primary key added to cp_states (output_index, transaction_id)
?[m?[37m[INFO] 10:34:05,084 [Test worker] liquibase.info - master.changelog.json: migration/commercial-paper.changelog-init.xml::1511451595465-29::R3.Corda: ChangeSet migration/commercial-paper.changelog-init.xml::1511451595465-29::R3.Corda ran successfully in 1ms
?[m?[37m[INFO] 10:34:05,085 [Test worker] liquibase.info - master.changelog.json: migration/commercial-paper.changelog-init.xml::1511451595465-52::R3.Corda: Index ccy_code_index created
?[m?[37m[INFO] 10:34:05,085 [Test worker] liquibase.info - master.changelog.json: migration/commercial-paper.changelog-init.xml::1511451595465-52::R3.Corda: ChangeSet migration/commercial-paper.changelog-init.xml::1511451595465-52::R3.Corda ran successfully in 0ms
?[m?[37m[INFO] 10:34:05,086 [Test worker] liquibase.info - master.changelog.json: migration/commercial-paper.changelog-init.xml::1511451595465-54::R3.Corda: Index face_value_index created
?[m?[37m[INFO] 10:34:05,086 [Test worker] liquibase.info - master.changelog.json: migration/commercial-paper.changelog-init.xml::1511451595465-54::R3.Corda: ChangeSet migration/commercial-paper.changelog-init.xml::1511451595465-54::R3.Corda ran successfully in 0ms
?[m?[37m[INFO] 10:34:05,087 [Test worker] liquibase.info - master.changelog.json: migration/commercial-paper.changelog-init.xml::1511451595465-56::R3.Corda: Index maturity_index created
?[m?[37m[INFO] 10:34:05,088 [Test worker] liquibase.info - master.changelog.json: migration/commercial-paper.changelog-init.xml::1511451595465-56::R3.Corda: ChangeSet migration/commercial-paper.changelog-init.xml::1511451595465-56::R3.Corda ran successfully in 0ms
?[m?[37m[INFO] 10:34:05,089 [Test worker] liquibase.info - master.changelog.json: migration/commercial-paper.changelog-v1.xml::1525962920::R3.Corda: Index ccy_code_index dropped from table cp_states
?[m?[37m[INFO] 10:34:05,089 [Test worker] liquibase.info - master.changelog.json: migration/commercial-paper.changelog-v1.xml::1525962920::R3.Corda: Null constraint has been added to cp_states.ccy_code
?[m?[37m[INFO] 10:34:05,089 [Test worker] liquibase.info - master.changelog.json: migration/commercial-paper.changelog-v1.xml::1525962920::R3.Corda: Index ccy_code_index created
?[m?[37m[INFO] 10:34:05,090 [Test worker] liquibase.info - master.changelog.json: migration/commercial-paper.changelog-v1.xml::1525962920::R3.Corda: Index face_value_index dropped from table cp_states
?[m?[37m[INFO] 10:34:05,090 [Test worker] liquibase.info - master.changelog.json: migration/commercial-paper.changelog-v1.xml::1525962920::R3.Corda: Null constraint has been added to cp_states.face_value
?[m?[37m[INFO] 10:34:05,090 [Test worker] liquibase.info - master.changelog.json: migration/commercial-paper.changelog-v1.xml::1525962920::R3.Corda: Index face_value_index created
?[m?[37m[INFO] 10:34:05,090 [Test worker] liquibase.info - master.changelog.json: migration/commercial-paper.changelog-v1.xml::1525962920::R3.Corda: Null constraint has been added to cp_states.face_value_issuer_key_hash
?[m?[37m[INFO] 10:34:05,090 [Test worker] liquibase.info - master.changelog.json: migration/commercial-paper.changelog-v1.xml::1525962920::R3.Corda: Null constraint has been added to cp_states.face_value_issuer_ref
?[m?[37m[INFO] 10:34:05,091 [Test worker] liquibase.info - master.changelog.json: migration/commercial-paper.changelog-v1.xml::1525962920::R3.Corda: Null constraint has been added to cp_states.issuance_key_hash
?[m?[37m[INFO] 10:34:05,091 [Test worker] liquibase.info - master.changelog.json: migration/commercial-paper.changelog-v1.xml::1525962920::R3.Corda: Null constraint has been added to cp_states.issuance_ref
?[m?[37m[INFO] 10:34:05,091 [Test worker] liquibase.info - master.changelog.json: migration/commercial-paper.changelog-v1.xml::1525962920::R3.Corda: Index maturity_index dropped from table cp_states
?[m?[37m[INFO] 10:34:05,091 [Test worker] liquibase.info - master.changelog.json: migration/commercial-paper.changelog-v1.xml::1525962920::R3.Corda: Null constraint has been added to cp_states.maturity_instant
?[m?[37m[INFO] 10:34:05,091 [Test worker] liquibase.info - master.changelog.json: migration/commercial-paper.changelog-v1.xml::1525962920::R3.Corda: Index maturity_index created
?[m?[37m[INFO] 10:34:05,091 [Test worker] liquibase.info - master.changelog.json: migration/commercial-paper.changelog-v1.xml::1525962920::R3.Corda: Null constraint has been added to cp_states.owner_key_hash
?[m?[37m[INFO] 10:34:05,091 [Test worker] liquibase.info - master.changelog.json: migration/commercial-paper.changelog-v1.xml::1525962920::R3.Corda: ChangeSet migration/commercial-paper.changelog-v1.xml::1525962920::R3.Corda ran successfully in 2ms
?[m?[37m[INFO] 10:34:05,093 [Test worker] liquibase.info - Successfully released change log lock
?[m?[37m[INFO] 10:34:05,093 [Test worker] internal.InternalMockNetwork$MockNode.invoke - Connected to H2 database.
?[m?[37m[INFO] 10:34:05,094 [Test worker] persistence.HibernateConfiguration.<init> - Init HibernateConfiguration for schemas: [CommonSchemaV1(name=net.corda.core.schemas.CommonSchema, version=1), VaultSchemaV1(name=net.corda.node.services.vault.VaultSchema, version=1), NodeInfoSchemaV1(name=net.corda.node.internal.schemas.NodeInfoSchema, version=1), NodeCoreV1(name=net.corda.node.services.schema.NodeSchemaService$NodeCore, version=1), CashSchemaV1(name=net.corda.finance.schemas.CashSchema, version=1), CommercialPaperSchemaV1(name=net.corda.finance.schemas.CommercialPaperSchema, version=1)]
?[m?[37m[INFO] 10:34:05,094 [Test worker] persistence.HibernateConfiguration.makeSessionFactoryForSchemas - Creating session factory for schemas: [CommonSchemaV1(name=net.corda.core.schemas.CommonSchema, version=1), VaultSchemaV1(name=net.corda.node.services.vault.VaultSchema, version=1), NodeInfoSchemaV1(name=net.corda.node.internal.schemas.NodeInfoSchema, version=1), NodeCoreV1(name=net.corda.node.services.schema.NodeSchemaService$NodeCore, version=1), CashSchemaV1(name=net.corda.finance.schemas.CashSchema, version=1), CommercialPaperSchemaV1(name=net.corda.finance.schemas.CommercialPaperSchema, version=1)]
?[m?[37m[INFO] 10:34:05,099 [Test worker] internal.ConnectionProviderInitiator.initiateService - HHH000130: Instantiating explicit connection provider: net.corda.nodeapi.internal.persistence.HibernateConfiguration$NodeDatabaseConnectionProvider
?[m?[37m[INFO] 10:34:05,100 [Test worker] dialect.Dialect.<init> - HHH000400: Using dialect: org.hibernate.dialect.H2Dialect
?[m?[37m[INFO] 10:34:05,101 [Test worker] type.BasicTypeRegistry.register - HHH000270: Type registration [materialized_blob] overrides previous : org.hibernate.type.MaterializedBlobType@7a31aa45
?[m?[37m[INFO] 10:34:05,135 [Test worker] connections.access.getIsolatedConnection - HHH10001501: Connection obtained from JdbcConnectionAccess [org.hibernate.engine.jdbc.env.internal.JdbcEnvironmentInitiator$ConnectionProviderJdbcConnectionAccess@63b406d] for (non-JTA) DDL execution was not in auto-commit mode; the Connection 'local transaction' will be committed and the Connection will be set into auto-commit mode.
?[m?[37m[INFO] 10:34:05,164 [Test worker] persistence.HibernateConfiguration.makeSessionFactoryForSchemas - Created session factory for schemas: [CommonSchemaV1(name=net.corda.core.schemas.CommonSchema, version=1), VaultSchemaV1(name=net.corda.node.services.vault.VaultSchema, version=1), NodeInfoSchemaV1(name=net.corda.node.internal.schemas.NodeInfoSchema, version=1), NodeCoreV1(name=net.corda.node.services.schema.NodeSchemaService$NodeCore, version=1), CashSchemaV1(name=net.corda.finance.schemas.CashSchema, version=1), CommercialPaperSchemaV1(name=net.corda.finance.schemas.CommercialPaperSchema, version=1)]
?[m?[37m[INFO] 10:34:05,165 [Test worker] internal.InternalMockNetwork$MockNode.obtainIdentity - identity-private-key not found in key store, generating fresh key!
?[m?[37m[INFO] 10:34:05,176 [Test worker] internal.QueryTranslatorFactoryInitiator.initiateService - HHH000397: Using ASTQueryTranslatorFactory
?[m?[37m[INFO] 10:34:05,178 [Test worker] internal.InternalMockNetwork$MockNode.updateNodeInfo - Node-info has changed so submitting update. Old node-info was null
?[m?[37m[INFO] 10:34:05,178 [Test worker] network.PersistentNetworkMapCache.addNode - Adding node with info: NodeInfo(addresses=[mock.node:1000], legalIdentitiesAndCerts=[O=Alice Corp, L=Madrid, C=ES], platformVersion=5, serial=1560936845178)
?[m?[37m[INFO] 10:34:05,180 [Test worker] network.PersistentNetworkMapCache.addNode - No previous node found
?[m?[37m[INFO] 10:34:05,183 [Test worker] internal.InternalMockNetwork$MockNode.updateNodeInfo - New node-info: NodeInfo(addresses=[mock.node:1000], legalIdentitiesAndCerts=[O=Alice Corp, L=Madrid, C=ES], platformVersion=5, serial=1560936845178)
?[m?[37m[INFO] 10:34:05,187 [Test worker] network.NetworkMapUpdater.apply - Auto-accept enabled for network parameter changes which modify only: [epoch, modifiedTime, packageOwnership, whitelistedContractImplementations]
?[m?[37m[INFO] 10:34:05,189 [MockNode-14-2] network.PersistentNetworkMapCache.addNode - Adding node with info: NodeInfo(addresses=[mock.node:1000], legalIdentitiesAndCerts=[O=Alice Corp, L=Madrid, C=ES], platformVersion=5, serial=1560936845178)
?[m?[31m[WARN] 10:34:05,190 [Test worker] utilities.AppendOnlyPersistentMapBase.set - Double insert in net.corda.node.utilities.AppendOnlyPersistentMap for entity class class net.corda.node.services.identity.PersistentIdentityService$PersistentIdentityNames key O=Alice Corp, L=Madrid, C=ES, not inserting the second time
?[m?[37m[INFO] 10:34:05,192 [MockNode-14-2] network.PersistentNetworkMapCache.addNode - Previous node was identical to incoming one - doing nothing
?[m?[37m[INFO] 10:34:05,214 [Test worker] ClassloaderUtils.logElapsedTime - Contracts loading for '/var/folders/1r/w2pkkn4n22qdmrtblzd5t0200000gp/T/attachment8400377603902618703.jar' took 20 msec
?[m?[37m[INFO] 10:34:05,237 [Test worker] persistence.NodeAttachmentService.invoke - Stored new attachment: id=C2F26FA5BD1C5A3BAF4F109838BD28196CED189F51176C80FCD8858A5E55E45F uploader=app filename=null
?[m?[37m[INFO] 10:34:05,238 [Test worker] cordapp.CordappConfigFileProvider.getConfigByName - Found config for cordapp corda-finance-workflows-5.0-SNAPSHOT-WILLH in build/mock-network/20190619-093403.663/nodes/1/cordapps/config/corda-finance-workflows-5.0-SNAPSHOT-WILLH.conf
?[m?[37m[INFO] 10:34:05,239 [Test worker] internal.InternalMockNetwork$MockNode.installCordaService - Installed net.corda.finance.internal.ConfigHolder Corda service
?[m?[37m[INFO] 10:34:05,242 [Test worker] statemachine.SingleThreadedStateMachineManager.invoke - Node ready, info: NodeInfo(addresses=[mock.node:1000], legalIdentitiesAndCerts=[O=Alice Corp, L=Madrid, C=ES], platformVersion=5, serial=1560936845178)
?[m?[37m[INFO] 10:34:05,244 [Test worker] network.PersistentNetworkMapCache.addNode - Adding node with info: NodeInfo(addresses=[mock.node:1000], legalIdentitiesAndCerts=[O=Notary Service, L=Zurich, C=CH], platformVersion=5, serial=1560936844477)
?[m?[37m[INFO] 10:34:05,245 [Test worker] network.PersistentNetworkMapCache.addNode - No previous node found
?[m?[37m[INFO] 10:34:05,249 [Test worker] network.PersistentNetworkMapCache.addNode - Adding node with info: NodeInfo(addresses=[mock.node:1000], legalIdentitiesAndCerts=[O=Alice Corp, L=Madrid, C=ES], platformVersion=5, serial=1560936845178)
?[m?[37m[INFO] 10:34:05,250 [Test worker] network.PersistentNetworkMapCache.addNode - No previous node found
?[m?[37m[INFO] 10:34:05,255 [Test worker] network.PersistentNetworkMapCache.addNode - Adding node with info: NodeInfo(addresses=[mock.node:1000], legalIdentitiesAndCerts=[O=Alice Corp, L=Madrid, C=ES], platformVersion=5, serial=1560936845178)
?[m?[37m[INFO] 10:34:05,255 [Test worker] network.PersistentNetworkMapCache.addNode - Previous node was identical to incoming one - doing nothing
?[m?[37m[INFO] 10:34:05,255 [Test worker] network.PersistentNetworkMapCache.addNode - Adding node with info: NodeInfo(addresses=[mock.node:1000], legalIdentitiesAndCerts=[O=Alice Corp, L=Madrid, C=ES], platformVersion=5, serial=1560936845178)
?[m?[37m[INFO] 10:34:05,255 [Test worker] network.PersistentNetworkMapCache.addNode - Previous node was identical to incoming one - doing nothing
?[m?[37m[INFO] 10:34:05,260 [Test worker] cordapp.JarScanningCordappLoader.fromDirectories - Looking for CorDapps in [build/mock-network/20190619-093403.663/nodes/2/cordapps]
?[m?[37m[INFO] 10:34:05,260 [Test worker] cordapp.JarScanningCordappLoader.<init> - Loading CorDapps from RestrictedURL(url=file:/Users/williamhester/Desktop/Applications/confidential-identities/workflows/build/mock-network/20190619-093403.663/nodes/2/cordapps/corda-finance-contracts-5.0-SNAPSHOT-WILLH.jar, rootPackageName=null), RestrictedURL(url=file:/Users/williamhester/Desktop/Applications/confidential-identities/workflows/build/mock-network/20190619-093403.663/nodes/2/cordapps/corda-finance-workflows-5.0-SNAPSHOT-WILLH.jar, rootPackageName=null)
?[m?[37m[INFO] 10:34:05,260 [Test worker] cordapp.JarScanningCordappLoader.scanCordapp - Scanning CorDapp in file:/Users/williamhester/Desktop/Applications/confidential-identities/workflows/build/mock-network/20190619-093403.663/nodes/2/cordapps/corda-finance-contracts-5.0-SNAPSHOT-WILLH.jar
?[m?[37m[INFO] 10:34:05,284 [Test worker] cordapp.JarScanningCordappLoader.scanCordapp - Scanning CorDapp in file:/Users/williamhester/Desktop/Applications/confidential-identities/workflows/build/mock-network/20190619-093403.663/nodes/2/cordapps/corda-finance-workflows-5.0-SNAPSHOT-WILLH.jar
?[m?[37m[INFO] 10:34:05,312 [Test worker] internal.InternalMockNetwork$MockNode.start - Node starting up ...
?[m?[37m[INFO] 10:34:05,326 [Test worker] internal.NodeFlowManager.registerInitiatedFlow - Registered net.corda.finance.flows.CashExitFlow to initiate net.corda.finance.flows.CashExitResponderFlow (version 1)
?[m?[37m[INFO] 10:34:05,326 [Test worker] internal.NodeFlowManager.registerInitiatedFlow - Registered net.corda.finance.flows.CashPaymentFlow to initiate net.corda.finance.flows.CashPaymentReceiverFlow (version 1)
?[m?[37m[INFO] 10:34:05,328 [Test worker] internal.InternalMockNetwork$MockNode.start - Loaded network parameters: NetworkParameters {
      minimumPlatformVersion=1
      notaries=[NotaryInfo(identity=O=Notary Service, L=Zurich, C=CH, validating=true)]
      maxMessageSize=10485760
      maxTransactionSize=524288000
      whitelistedContractImplementations {
        
      }
      eventHorizon=PT720H
      packageOwnership {
        
      }
      modifiedTime=2019-06-19T09:34:03.663Z
      epoch=1
  }
?[m?[37m[INFO] 10:34:05,328 [Test worker] hikari.HikariDataSource.<init> - HikariPool-15 - Started.
?[m?[37m[INFO] 10:34:05,498 [Test worker] liquibase.info - Creating database history table with name: PUBLIC.DATABASECHANGELOG
?[m?[37m[INFO] 10:34:05,500 [Test worker] liquibase.info - Reading from PUBLIC.DATABASECHANGELOG
?[m?[37m[INFO] 10:34:05,505 [Test worker] liquibase.info - master.changelog.json: migration/vault-schema.changelog-pkey.xml::non-clustered_pk-11::R3.Corda: Skipping changeSet migration/vault-schema.changelog-pkey.xml::non-clustered_pk-11::R3.Corda due to validation error(s): clustered is not allowed on h2
?[m?[37m[INFO] 10:34:05,505 [Test worker] liquibase.info - master.changelog.json: migration/vault-schema.changelog-pkey.xml::non-clustered_pk-12::R3.Corda: Skipping changeSet migration/vault-schema.changelog-pkey.xml::non-clustered_pk-12::R3.Corda due to validation error(s): clustered is not allowed on h2
?[m?[37m[INFO] 10:34:05,505 [Test worker] liquibase.info - master.changelog.json: migration/vault-schema.changelog-pkey.xml::non-clustered_pk-13::R3.Corda: Skipping changeSet migration/vault-schema.changelog-pkey.xml::non-clustered_pk-13::R3.Corda due to validation error(s): clustered is not allowed on h2
?[m?[37m[INFO] 10:34:05,512 [Test worker] liquibase.info - master.changelog.json: migration/node-core.changelog-pkey.xml::non-clustered_pk-1::R3.Corda: Skipping changeSet migration/node-core.changelog-pkey.xml::non-clustered_pk-1::R3.Corda due to validation error(s): clustered is not allowed on h2
?[m?[37m[INFO] 10:34:05,512 [Test worker] liquibase.info - master.changelog.json: migration/node-core.changelog-pkey.xml::non-clustered_pk-2::R3.Corda: Skipping changeSet migration/node-core.changelog-pkey.xml::non-clustered_pk-2::R3.Corda due to validation error(s): clustered is not allowed on h2
?[m?[37m[INFO] 10:34:05,513 [Test worker] liquibase.info - master.changelog.json: migration/node-core.changelog-pkey.xml::non-clustered_pk-3::R3.Corda: Skipping changeSet migration/node-core.changelog-pkey.xml::non-clustered_pk-3::R3.Corda due to validation error(s): clustered is not allowed on h2
?[m?[37m[INFO] 10:34:05,513 [Test worker] liquibase.info - master.changelog.json: migration/node-core.changelog-pkey.xml::non-clustered_pk-4::R3.Corda: Skipping changeSet migration/node-core.changelog-pkey.xml::non-clustered_pk-4::R3.Corda due to validation error(s): clustered is not allowed on h2
?[m?[37m[INFO] 10:34:05,513 [Test worker] liquibase.info - master.changelog.json: migration/node-core.changelog-pkey.xml::non-clustered_pk-5::R3.Corda: Skipping changeSet migration/node-core.changelog-pkey.xml::non-clustered_pk-5::R3.Corda due to validation error(s): clustered is not allowed on h2
?[m?[37m[INFO] 10:34:05,513 [Test worker] liquibase.info - master.changelog.json: migration/node-core.changelog-pkey.xml::non-clustered_pk-6::R3.Corda: Skipping changeSet migration/node-core.changelog-pkey.xml::non-clustered_pk-6::R3.Corda due to validation error(s): clustered is not allowed on h2
?[m?[37m[INFO] 10:34:05,514 [Test worker] liquibase.info - master.changelog.json: migration/node-core.changelog-pkey.xml::non-clustered_pk-7::R3.Corda: Skipping changeSet migration/node-core.changelog-pkey.xml::non-clustered_pk-7::R3.Corda due to validation error(s): clustered is not allowed on h2
?[m?[37m[INFO] 10:34:05,516 [Test worker] liquibase.info - master.changelog.json: migration/cash.changelog-init.xml::non-clustered_pk-cash::R3.Corda: Skipping changeSet migration/cash.changelog-init.xml::non-clustered_pk-cash::R3.Corda due to validation error(s): clustered is not allowed on h2
?[m?[37m[INFO] 10:34:05,517 [Test worker] liquibase.info - master.changelog.json: migration/commercial-paper.changelog-init.xml::non-clustered_pk-commercial-paper::R3.Corda: Skipping changeSet migration/commercial-paper.changelog-init.xml::non-clustered_pk-commercial-paper::R3.Corda due to validation error(s): clustered is not allowed on h2
?[m?[37m[INFO] 10:34:05,519 [Test worker] liquibase.info - Successfully acquired change log lock
?[m?[37m[INFO] 10:34:05,521 [Test worker] liquibase.info - master.changelog.json: migration/vault-schema.changelog-pkey.xml::non-clustered_pk-11::R3.Corda: Skipping changeSet migration/vault-schema.changelog-pkey.xml::non-clustered_pk-11::R3.Corda due to validation error(s): clustered is not allowed on h2
?[m?[37m[INFO] 10:34:05,521 [Test worker] liquibase.info - master.changelog.json: migration/vault-schema.changelog-pkey.xml::non-clustered_pk-12::R3.Corda: Skipping changeSet migration/vault-schema.changelog-pkey.xml::non-clustered_pk-12::R3.Corda due to validation error(s): clustered is not allowed on h2
?[m?[37m[INFO] 10:34:05,521 [Test worker] liquibase.info - master.changelog.json: migration/vault-schema.changelog-pkey.xml::non-clustered_pk-13::R3.Corda: Skipping changeSet migration/vault-schema.changelog-pkey.xml::non-clustered_pk-13::R3.Corda due to validation error(s): clustered is not allowed on h2
?[m?[37m[INFO] 10:34:05,523 [Test worker] liquibase.info - master.changelog.json: migration/node-core.changelog-pkey.xml::non-clustered_pk-1::R3.Corda: Skipping changeSet migration/node-core.changelog-pkey.xml::non-clustered_pk-1::R3.Corda due to validation error(s): clustered is not allowed on h2
?[m?[37m[INFO] 10:34:05,524 [Test worker] liquibase.info - master.changelog.json: migration/node-core.changelog-pkey.xml::non-clustered_pk-2::R3.Corda: Skipping changeSet migration/node-core.changelog-pkey.xml::non-clustered_pk-2::R3.Corda due to validation error(s): clustered is not allowed on h2
?[m?[37m[INFO] 10:34:05,524 [Test worker] liquibase.info - master.changelog.json: migration/node-core.changelog-pkey.xml::non-clustered_pk-3::R3.Corda: Skipping changeSet migration/node-core.changelog-pkey.xml::non-clustered_pk-3::R3.Corda due to validation error(s): clustered is not allowed on h2
?[m?[37m[INFO] 10:34:05,524 [Test worker] liquibase.info - master.changelog.json: migration/node-core.changelog-pkey.xml::non-clustered_pk-4::R3.Corda: Skipping changeSet migration/node-core.changelog-pkey.xml::non-clustered_pk-4::R3.Corda due to validation error(s): clustered is not allowed on h2
?[m?[37m[INFO] 10:34:05,524 [Test worker] liquibase.info - master.changelog.json: migration/node-core.changelog-pkey.xml::non-clustered_pk-5::R3.Corda: Skipping changeSet migration/node-core.changelog-pkey.xml::non-clustered_pk-5::R3.Corda due to validation error(s): clustered is not allowed on h2
?[m?[37m[INFO] 10:34:05,524 [Test worker] liquibase.info - master.changelog.json: migration/node-core.changelog-pkey.xml::non-clustered_pk-6::R3.Corda: Skipping changeSet migration/node-core.changelog-pkey.xml::non-clustered_pk-6::R3.Corda due to validation error(s): clustered is not allowed on h2
?[m?[37m[INFO] 10:34:05,524 [Test worker] liquibase.info - master.changelog.json: migration/node-core.changelog-pkey.xml::non-clustered_pk-7::R3.Corda: Skipping changeSet migration/node-core.changelog-pkey.xml::non-clustered_pk-7::R3.Corda due to validation error(s): clustered is not allowed on h2
?[m?[37m[INFO] 10:34:05,525 [Test worker] liquibase.info - master.changelog.json: migration/cash.changelog-init.xml::non-clustered_pk-cash::R3.Corda: Skipping changeSet migration/cash.changelog-init.xml::non-clustered_pk-cash::R3.Corda due to validation error(s): clustered is not allowed on h2
?[m?[37m[INFO] 10:34:05,526 [Test worker] liquibase.info - master.changelog.json: migration/commercial-paper.changelog-init.xml::non-clustered_pk-commercial-paper::R3.Corda: Skipping changeSet migration/commercial-paper.changelog-init.xml::non-clustered_pk-commercial-paper::R3.Corda due to validation error(s): clustered is not allowed on h2
?[m?[37m[INFO] 10:34:05,527 [Test worker] liquibase.info - master.changelog.json: migration/common.changelog-init.xml::1511451595465-1.1::R3.Corda: Sequence hibernate_sequence created
?[m?[37m[INFO] 10:34:05,527 [Test worker] liquibase.info - master.changelog.json: migration/common.changelog-init.xml::1511451595465-1.1::R3.Corda: ChangeSet migration/common.changelog-init.xml::1511451595465-1.1::R3.Corda ran successfully in 1ms
?[m?[37m[INFO] 10:34:05,528 [Test worker] liquibase.info - master.changelog.json: migration/vault-schema.changelog-init.xml::1511451595465-22::R3.Corda: Table vault_fungible_states created
?[m?[37m[INFO] 10:34:05,528 [Test worker] liquibase.info - master.changelog.json: migration/vault-schema.changelog-init.xml::1511451595465-22::R3.Corda: ChangeSet migration/vault-schema.changelog-init.xml::1511451595465-22::R3.Corda ran successfully in 0ms
?[m?[37m[INFO] 10:34:05,529 [Test worker] liquibase.info - master.changelog.json: migration/vault-schema.changelog-init.xml::1511451595465-23::R3.Corda: Table vault_fungible_states_parts created
?[m?[37m[INFO] 10:34:05,529 [Test worker] liquibase.info - master.changelog.json: migration/vault-schema.changelog-init.xml::1511451595465-23::R3.Corda: ChangeSet migration/vault-schema.changelog-init.xml::1511451595465-23::R3.Corda ran successfully in 0ms
?[m?[37m[INFO] 10:34:05,530 [Test worker] liquibase.info - master.changelog.json: migration/vault-schema.changelog-init.xml::1511451595465-24::R3.Corda: Table vault_linear_states created
?[m?[37m[INFO] 10:34:05,530 [Test worker] liquibase.info - master.changelog.json: migration/vault-schema.changelog-init.xml::1511451595465-24::R3.Corda: ChangeSet migration/vault-schema.changelog-init.xml::1511451595465-24::R3.Corda ran successfully in 0ms
?[m?[37m[INFO] 10:34:05,531 [Test worker] liquibase.info - master.changelog.json: migration/vault-schema.changelog-init.xml::1511451595465-25::R3.Corda: Table vault_linear_states_parts created
?[m?[37m[INFO] 10:34:05,531 [Test worker] liquibase.info - master.changelog.json: migration/vault-schema.changelog-init.xml::1511451595465-25::R3.Corda: ChangeSet migration/vault-schema.changelog-init.xml::1511451595465-25::R3.Corda ran successfully in 0ms
?[m?[37m[INFO] 10:34:05,532 [Test worker] liquibase.info - master.changelog.json: migration/vault-schema.changelog-init.xml::1511451595465-26::R3.Corda: Table vault_states created
?[m?[37m[INFO] 10:34:05,533 [Test worker] liquibase.info - master.changelog.json: migration/vault-schema.changelog-init.xml::1511451595465-26::R3.Corda: ChangeSet migration/vault-schema.changelog-init.xml::1511451595465-26::R3.Corda ran successfully in 0ms
?[m?[37m[INFO] 10:34:05,533 [Test worker] liquibase.info - master.changelog.json: migration/vault-schema.changelog-init.xml::1511451595465-27::R3.Corda: Table vault_transaction_notes created
?[m?[37m[INFO] 10:34:05,533 [Test worker] liquibase.info - master.changelog.json: migration/vault-schema.changelog-init.xml::1511451595465-27::R3.Corda: ChangeSet migration/vault-schema.changelog-init.xml::1511451595465-27::R3.Corda ran successfully in 0ms
?[m?[37m[INFO] 10:34:05,534 [Test worker] liquibase.info - master.changelog.json: migration/vault-schema.changelog-init.xml::1511451595465-47::R3.Corda: Primary key added to vault_fungible_states (output_index, transaction_id)
?[m?[37m[INFO] 10:34:05,534 [Test worker] liquibase.info - master.changelog.json: migration/vault-schema.changelog-init.xml::1511451595465-47::R3.Corda: ChangeSet migration/vault-schema.changelog-init.xml::1511451595465-47::R3.Corda ran successfully in 0ms
?[m?[37m[INFO] 10:34:05,535 [Test worker] liquibase.info - master.changelog.json: migration/vault-schema.changelog-init.xml::1511451595465-48::R3.Corda: Primary key added to vault_linear_states (output_index, transaction_id)
?[m?[37m[INFO] 10:34:05,535 [Test worker] liquibase.info - master.changelog.json: migration/vault-schema.changelog-init.xml::1511451595465-48::R3.Corda: ChangeSet migration/vault-schema.changelog-init.xml::1511451595465-48::R3.Corda ran successfully in 0ms
?[m?[37m[INFO] 10:34:05,536 [Test worker] liquibase.info - master.changelog.json: migration/vault-schema.changelog-init.xml::1511451595465-49::R3.Corda: Primary key added to vault_states (output_index, transaction_id)
?[m?[37m[INFO] 10:34:05,536 [Test worker] liquibase.info - master.changelog.json: migration/vault-schema.changelog-init.xml::1511451595465-49::R3.Corda: ChangeSet migration/vault-schema.changelog-init.xml::1511451595465-49::R3.Corda ran successfully in 0ms
?[m?[37m[INFO] 10:34:05,537 [Test worker] liquibase.info - master.changelog.json: migration/vault-schema.changelog-init.xml::1511451595465-50::R3.Corda: Primary key added to vault_transaction_notes (seq_no)
?[m?[37m[INFO] 10:34:05,537 [Test worker] liquibase.info - master.changelog.json: migration/vault-schema.changelog-init.xml::1511451595465-50::R3.Corda: ChangeSet migration/vault-schema.changelog-init.xml::1511451595465-50::R3.Corda ran successfully in 0ms
?[m?[37m[INFO] 10:34:05,538 [Test worker] liquibase.info - master.changelog.json: migration/vault-schema.changelog-init.xml::1511451595465-53::R3.Corda: Index external_id_index created
?[m?[37m[INFO] 10:34:05,538 [Test worker] liquibase.info - master.changelog.json: migration/vault-schema.changelog-init.xml::1511451595465-53::R3.Corda: ChangeSet migration/vault-schema.changelog-init.xml::1511451595465-53::R3.Corda ran successfully in 0ms
?[m?[37m[INFO] 10:34:05,539 [Test worker] liquibase.info - master.changelog.json: migration/vault-schema.changelog-init.xml::1511451595465-55::R3.Corda: Index lock_id_idx created
?[m?[37m[INFO] 10:34:05,539 [Test worker] liquibase.info - master.changelog.json: migration/vault-schema.changelog-init.xml::1511451595465-55::R3.Corda: ChangeSet migration/vault-schema.changelog-init.xml::1511451595465-55::R3.Corda ran successfully in 0ms
?[m?[37m[INFO] 10:34:05,540 [Test worker] liquibase.info - master.changelog.json: migration/vault-schema.changelog-init.xml::1511451595465-58::R3.Corda: Index state_status_idx created
?[m?[37m[INFO] 10:34:05,540 [Test worker] liquibase.info - master.changelog.json: migration/vault-schema.changelog-init.xml::1511451595465-58::R3.Corda: ChangeSet migration/vault-schema.changelog-init.xml::1511451595465-58::R3.Corda ran successfully in 0ms
?[m?[37m[INFO] 10:34:05,541 [Test worker] liquibase.info - master.changelog.json: migration/vault-schema.changelog-init.xml::1511451595465-59::R3.Corda: Index transaction_id_index created
?[m?[37m[INFO] 10:34:05,541 [Test worker] liquibase.info - master.changelog.json: migration/vault-schema.changelog-init.xml::1511451595465-59::R3.Corda: ChangeSet migration/vault-schema.changelog-init.xml::1511451595465-59::R3.Corda ran successfully in 1ms
?[m?[37m[INFO] 10:34:05,542 [Test worker] liquibase.info - master.changelog.json: migration/vault-schema.changelog-init.xml::1511451595465-60::R3.Corda: Index uuid_index created
?[m?[37m[INFO] 10:34:05,542 [Test worker] liquibase.info - master.changelog.json: migration/vault-schema.changelog-init.xml::1511451595465-60::R3.Corda: ChangeSet migration/vault-schema.changelog-init.xml::1511451595465-60::R3.Corda ran successfully in 1ms
?[m?[37m[INFO] 10:34:05,543 [Test worker] liquibase.info - master.changelog.json: migration/vault-schema.changelog-init.xml::1511451595465-64::R3.Corda: Foreign key constraint added to vault_fungible_states_parts (output_index,transaction_id)
?[m?[37m[INFO] 10:34:05,543 [Test worker] liquibase.info - master.changelog.json: migration/vault-schema.changelog-init.xml::1511451595465-64::R3.Corda: ChangeSet migration/vault-schema.changelog-init.xml::1511451595465-64::R3.Corda ran successfully in 1ms
?[m?[37m[INFO] 10:34:05,544 [Test worker] liquibase.info - master.changelog.json: migration/vault-schema.changelog-init.xml::1511451595465-65::R3.Corda: Foreign key constraint added to vault_linear_states_parts (output_index,transaction_id)
?[m?[37m[INFO] 10:34:05,544 [Test worker] liquibase.info - master.changelog.json: migration/vault-schema.changelog-init.xml::1511451595465-65::R3.Corda: ChangeSet migration/vault-schema.changelog-init.xml::1511451595465-65::R3.Corda ran successfully in 0ms
?[m?[37m[INFO] 10:34:05,545 [Test worker] liquibase.info - master.changelog.json: migration/vault-schema.changelog-v3.xml::clean_vault::R3.Corda: Data deleted from vault_fungible_states_parts
?[m?[37m[INFO] 10:34:05,545 [Test worker] liquibase.info - master.changelog.json: migration/vault-schema.changelog-v3.xml::clean_vault::R3.Corda: Data deleted from vault_fungible_states
?[m?[37m[INFO] 10:34:05,545 [Test worker] liquibase.info - master.changelog.json: migration/vault-schema.changelog-v3.xml::clean_vault::R3.Corda: Data deleted from vault_linear_states_parts
?[m?[37m[INFO] 10:34:05,546 [Test worker] liquibase.info - master.changelog.json: migration/vault-schema.changelog-v3.xml::clean_vault::R3.Corda: Data deleted from vault_linear_states
?[m?[37m[INFO] 10:34:05,546 [Test worker] liquibase.info - master.changelog.json: migration/vault-schema.changelog-v3.xml::clean_vault::R3.Corda: Data deleted from vault_states
?[m?[37m[INFO] 10:34:05,546 [Test worker] liquibase.info - master.changelog.json: migration/vault-schema.changelog-v3.xml::clean_vault::R3.Corda: Data deleted from vault_transaction_notes
?[m?[37m[INFO] 10:34:05,546 [Test worker] liquibase.info - master.changelog.json: migration/vault-schema.changelog-v3.xml::clean_vault::R3.Corda: ChangeSet migration/vault-schema.changelog-v3.xml::clean_vault::R3.Corda ran successfully in 1ms
?[m?[37m[INFO] 10:34:05,547 [Test worker] liquibase.info - master.changelog.json: migration/vault-schema.changelog-v4.xml::nullability::R3.Corda: Null constraint has been added to vault_fungible_states.quantity
?[m?[37m[INFO] 10:34:05,547 [Test worker] liquibase.info - master.changelog.json: migration/vault-schema.changelog-v4.xml::nullability::R3.Corda: Null constraint has been added to vault_states.contract_state_class_name
?[m?[37m[INFO] 10:34:05,547 [Test worker] liquibase.info - master.changelog.json: migration/vault-schema.changelog-v4.xml::nullability::R3.Corda: Null constraint has been added to vault_states.notary_name
?[m?[37m[INFO] 10:34:05,547 [Test worker] liquibase.info - master.changelog.json: migration/vault-schema.changelog-v4.xml::nullability::R3.Corda: Null constraint has been added to vault_states.recorded_timestamp
?[m?[37m[INFO] 10:34:05,548 [Test worker] liquibase.info - master.changelog.json: migration/vault-schema.changelog-v4.xml::nullability::R3.Corda: Index state_status_idx dropped from table vault_states
?[m?[37m[INFO] 10:34:05,548 [Test worker] liquibase.info - master.changelog.json: migration/vault-schema.changelog-v4.xml::nullability::R3.Corda: Index lock_id_idx dropped from table vault_states
?[m?[37m[INFO] 10:34:05,548 [Test worker] liquibase.info - master.changelog.json: migration/vault-schema.changelog-v4.xml::nullability::R3.Corda: Null constraint has been added to vault_states.state_status
?[m?[37m[INFO] 10:34:05,548 [Test worker] liquibase.info - master.changelog.json: migration/vault-schema.changelog-v4.xml::nullability::R3.Corda: Index state_status_idx created
?[m?[37m[INFO] 10:34:05,548 [Test worker] liquibase.info - master.changelog.json: migration/vault-schema.changelog-v4.xml::nullability::R3.Corda: Index lock_id_idx created
?[m?[37m[INFO] 10:34:05,549 [Test worker] liquibase.info - master.changelog.json: migration/vault-schema.changelog-v4.xml::nullability::R3.Corda: Index transaction_id_index dropped from table vault_transaction_notes
?[m?[37m[INFO] 10:34:05,549 [Test worker] liquibase.info - master.changelog.json: migration/vault-schema.changelog-v4.xml::nullability::R3.Corda: Null constraint has been added to vault_transaction_notes.note
?[m?[37m[INFO] 10:34:05,549 [Test worker] liquibase.info - master.changelog.json: migration/vault-schema.changelog-v4.xml::nullability::R3.Corda: Null constraint has been added to vault_transaction_notes.transaction_id
?[m?[37m[INFO] 10:34:05,549 [Test worker] liquibase.info - master.changelog.json: migration/vault-schema.changelog-v4.xml::nullability::R3.Corda: Index transaction_id_index created
?[m?[37m[INFO] 10:34:05,549 [Test worker] liquibase.info - master.changelog.json: migration/vault-schema.changelog-v4.xml::nullability::R3.Corda: ChangeSet migration/vault-schema.changelog-v4.xml::nullability::R3.Corda ran successfully in 2ms
?[m?[37m[INFO] 10:34:05,554 [Test worker] liquibase.info - master.changelog.json: migration/vault-schema.changelog-v5.xml::add_relevancy_status_column::R3.Corda: Columns relevancy_status(INT) added to vault_states
?[m?[37m[INFO] 10:34:05,555 [Test worker] liquibase.info - master.changelog.json: migration/vault-schema.changelog-v5.xml::add_relevancy_status_column::R3.Corda: Data updated in vault_states
?[m?[37m[INFO] 10:34:05,555 [Test worker] liquibase.info - master.changelog.json: migration/vault-schema.changelog-v5.xml::add_relevancy_status_column::R3.Corda: Null constraint has been added to vault_states.relevancy_status
?[m?[37m[INFO] 10:34:05,555 [Test worker] liquibase.info - master.changelog.json: migration/vault-schema.changelog-v5.xml::add_relevancy_status_column::R3.Corda: ChangeSet migration/vault-schema.changelog-v5.xml::add_relevancy_status_column::R3.Corda ran successfully in 2ms
?[m?[37m[INFO] 10:34:05,557 [Test worker] liquibase.info - master.changelog.json: migration/vault-schema.changelog-v6.xml::add_is_constraint_information_columns::R3.Corda: Columns constraint_type(INT) added to vault_states
?[m?[37m[INFO] 10:34:05,558 [Test worker] liquibase.info - master.changelog.json: migration/vault-schema.changelog-v6.xml::add_is_constraint_information_columns::R3.Corda: Columns constraint_data(varbinary(563)) added to vault_states
?[m?[37m[INFO] 10:34:05,558 [Test worker] liquibase.info - master.changelog.json: migration/vault-schema.changelog-v6.xml::add_is_constraint_information_columns::R3.Corda: ChangeSet migration/vault-schema.changelog-v6.xml::add_is_constraint_information_columns::R3.Corda ran successfully in 2ms
?[m?[37m[INFO] 10:34:05,559 [Test worker] liquibase.info - master.changelog.json: migration/vault-schema.changelog-v7.xml::make_issuer_ref_nullable::R3.Corda: Null constraint dropped from vault_fungible_states.issuer_ref
?[m?[37m[INFO] 10:34:05,560 [Test worker] liquibase.info - master.changelog.json: migration/vault-schema.changelog-v7.xml::make_issuer_ref_nullable::R3.Corda: ChangeSet migration/vault-schema.changelog-v7.xml::make_issuer_ref_nullable::R3.Corda ran successfully in 0ms
?[m?[37m[INFO] 10:34:05,561 [Test worker] liquibase.info - master.changelog.json: migration/vault-schema.changelog-v8.xml::create-external-id-to-state-party-view::R3.Corda: Table state_party created
?[m?[37m[INFO] 10:34:05,562 [Test worker] liquibase.info - master.changelog.json: migration/vault-schema.changelog-v8.xml::create-external-id-to-state-party-view::R3.Corda: Index state_pk_hash_idx created
?[m?[37m[INFO] 10:34:05,562 [Test worker] liquibase.info - master.changelog.json: migration/vault-schema.changelog-v8.xml::create-external-id-to-state-party-view::R3.Corda: Table pk_hash_to_ext_id_map created
?[m?[37m[INFO] 10:34:05,562 [Test worker] liquibase.info - master.changelog.json: migration/vault-schema.changelog-v8.xml::create-external-id-to-state-party-view::R3.Corda: Index pk_hash_to_xid_idx created
?[m?[37m[INFO] 10:34:05,563 [Test worker] liquibase.info - master.changelog.json: migration/vault-schema.changelog-v8.xml::create-external-id-to-state-party-view::R3.Corda: View v_pkey_hash_ex_id_map created
?[m?[37m[INFO] 10:34:05,563 [Test worker] liquibase.info - master.changelog.json: migration/vault-schema.changelog-v8.xml::create-external-id-to-state-party-view::R3.Corda: ChangeSet migration/vault-schema.changelog-v8.xml::create-external-id-to-state-party-view::R3.Corda ran successfully in 3ms
?[m?[37m[INFO] 10:34:05,564 [Test worker] liquibase.info - master.changelog.json: migration/node-info.changelog-init.xml::1511451595465-4::R3.Corda: Table node_link_nodeinfo_party created
?[m?[37m[INFO] 10:34:05,564 [Test worker] liquibase.info - master.changelog.json: migration/node-info.changelog-init.xml::1511451595465-4::R3.Corda: ChangeSet migration/node-info.changelog-init.xml::1511451595465-4::R3.Corda ran successfully in 0ms
?[m?[37m[INFO] 10:34:05,565 [Test worker] liquibase.info - master.changelog.json: migration/node-info.changelog-init.xml::1511451595465-10::R3.Corda: Table node_info_hosts created
?[m?[37m[INFO] 10:34:05,565 [Test worker] liquibase.info - master.changelog.json: migration/node-info.changelog-init.xml::1511451595465-10::R3.Corda: ChangeSet migration/node-info.changelog-init.xml::1511451595465-10::R3.Corda ran successfully in 0ms
?[m?[37m[INFO] 10:34:05,566 [Test worker] liquibase.info - master.changelog.json: migration/node-info.changelog-init.xml::1511451595465-11::R3.Corda: Table node_info_party_cert created
?[m?[37m[INFO] 10:34:05,566 [Test worker] liquibase.info - master.changelog.json: migration/node-info.changelog-init.xml::1511451595465-11::R3.Corda: ChangeSet migration/node-info.changelog-init.xml::1511451595465-11::R3.Corda ran successfully in 0ms
?[m?[37m[INFO] 10:34:05,567 [Test worker] liquibase.info - master.changelog.json: migration/node-info.changelog-init.xml::1511451595465-12::R3.Corda: Table node_infos created
?[m?[37m[INFO] 10:34:05,567 [Test worker] liquibase.info - master.changelog.json: migration/node-info.changelog-init.xml::1511451595465-12::R3.Corda: ChangeSet migration/node-info.changelog-init.xml::1511451595465-12::R3.Corda ran successfully in 0ms
?[m?[37m[INFO] 10:34:05,568 [Test worker] liquibase.info - master.changelog.json: migration/node-info.changelog-init.xml::1511451595465-35::R3.Corda: Primary key added to node_info_hosts (host, port)
?[m?[37m[INFO] 10:34:05,568 [Test worker] liquibase.info - master.changelog.json: migration/node-info.changelog-init.xml::1511451595465-35::R3.Corda: ChangeSet migration/node-info.changelog-init.xml::1511451595465-35::R3.Corda ran successfully in 0ms
?[m?[37m[INFO] 10:34:05,569 [Test worker] liquibase.info - master.changelog.json: migration/node-info.changelog-init.xml::1511451595465-36::R3.Corda: Primary key added to node_info_party_cert (party_name)
?[m?[37m[INFO] 10:34:05,569 [Test worker] liquibase.info - master.changelog.json: migration/node-info.changelog-init.xml::1511451595465-36::R3.Corda: ChangeSet migration/node-info.changelog-init.xml::1511451595465-36::R3.Corda ran successfully in 0ms
?[m?[37m[INFO] 10:34:05,570 [Test worker] liquibase.info - master.changelog.json: migration/node-info.changelog-init.xml::1511451595465-37::R3.Corda: Primary key added to node_infos (node_info_id)
?[m?[37m[INFO] 10:34:05,570 [Test worker] liquibase.info - master.changelog.json: migration/node-info.changelog-init.xml::1511451595465-37::R3.Corda: ChangeSet migration/node-info.changelog-init.xml::1511451595465-37::R3.Corda ran successfully in 0ms
?[m?[37m[INFO] 10:34:05,571 [Test worker] liquibase.info - master.changelog.json: migration/node-info.changelog-init.xml::1511451595465-62::R3.Corda: Foreign key constraint added to node_link_nodeinfo_party (node_info_id)
?[m?[37m[INFO] 10:34:05,571 [Test worker] liquibase.info - master.changelog.json: migration/node-info.changelog-init.xml::1511451595465-62::R3.Corda: ChangeSet migration/node-info.changelog-init.xml::1511451595465-62::R3.Corda ran successfully in 0ms
?[m?[37m[INFO] 10:34:05,572 [Test worker] liquibase.info - master.changelog.json: migration/node-info.changelog-init.xml::1511451595465-63::R3.Corda: Foreign key constraint added to node_info_hosts (node_info_id)
?[m?[37m[INFO] 10:34:05,573 [Test worker] liquibase.info - master.changelog.json: migration/node-info.changelog-init.xml::1511451595465-63::R3.Corda: ChangeSet migration/node-info.changelog-init.xml::1511451595465-63::R3.Corda ran successfully in 0ms
?[m?[37m[INFO] 10:34:05,573 [Test worker] liquibase.info - master.changelog.json: migration/node-info.changelog-init.xml::remove_host_port_pk::R3.Corda: Data deleted from node_infos
?[m?[37m[INFO] 10:34:05,574 [Test worker] liquibase.info - master.changelog.json: migration/node-info.changelog-init.xml::remove_host_port_pk::R3.Corda: Data deleted from node_link_nodeinfo_party
?[m?[37m[INFO] 10:34:05,574 [Test worker] liquibase.info - master.changelog.json: migration/node-info.changelog-init.xml::remove_host_port_pk::R3.Corda: Data deleted from node_info_hosts
?[m?[37m[INFO] 10:34:05,574 [Test worker] liquibase.info - master.changelog.json: migration/node-info.changelog-init.xml::remove_host_port_pk::R3.Corda: Data deleted from node_info_party_cert
?[m?[37m[INFO] 10:34:05,574 [Test worker] liquibase.info - master.changelog.json: migration/node-info.changelog-init.xml::remove_host_port_pk::R3.Corda: Primary key dropped from node_info_hosts
?[m?[37m[INFO] 10:34:05,575 [Test worker] liquibase.info - master.changelog.json: migration/node-info.changelog-init.xml::remove_host_port_pk::R3.Corda: Columns hosts_id(INT) added to node_info_hosts
?[m?[37m[INFO] 10:34:05,575 [Test worker] liquibase.info - master.changelog.json: migration/node-info.changelog-init.xml::remove_host_port_pk::R3.Corda: Primary key added to node_info_hosts (hosts_id)
?[m?[37m[INFO] 10:34:05,575 [Test worker] liquibase.info - master.changelog.json: migration/node-info.changelog-init.xml::remove_host_port_pk::R3.Corda: ChangeSet migration/node-info.changelog-init.xml::remove_host_port_pk::R3.Corda ran successfully in 2ms
?[m?[37m[INFO] 10:34:05,576 [Test worker] liquibase.info - master.changelog.json: migration/node-info.changelog-v1.xml::key/value node properties table::R3.Corda: Table node_properties created
?[m?[37m[INFO] 10:34:05,576 [Test worker] liquibase.info - master.changelog.json: migration/node-info.changelog-v1.xml::key/value node properties table::R3.Corda: ChangeSet migration/node-info.changelog-v1.xml::key/value node properties table::R3.Corda ran successfully in 0ms
?[m?[37m[INFO] 10:34:05,577 [Test worker] liquibase.info - master.changelog.json: migration/node-info.changelog-v2.xml::1525962920::R3.Corda: Null constraint has been added to node_infos.node_info_hash
?[m?[37m[INFO] 10:34:05,577 [Test worker] liquibase.info - master.changelog.json: migration/node-info.changelog-v2.xml::1525962920::R3.Corda: Null constraint has been added to node_infos.platform_version
?[m?[37m[INFO] 10:34:05,577 [Test worker] liquibase.info - master.changelog.json: migration/node-info.changelog-v2.xml::1525962920::R3.Corda: Null constraint has been added to node_infos.serial
?[m?[37m[INFO] 10:34:05,578 [Test worker] liquibase.info - master.changelog.json: migration/node-info.changelog-v2.xml::1525962920::R3.Corda: Null constraint dropped from node_info_hosts.host
?[m?[37m[INFO] 10:34:05,578 [Test worker] liquibase.info - master.changelog.json: migration/node-info.changelog-v2.xml::1525962920::R3.Corda: Null constraint dropped from node_info_hosts.port
?[m?[37m[INFO] 10:34:05,578 [Test worker] liquibase.info - master.changelog.json: migration/node-info.changelog-v2.xml::1525962920::R3.Corda: Null constraint has been added to node_info_party_cert.owning_key_hash
?[m?[37m[INFO] 10:34:05,578 [Test worker] liquibase.info - master.changelog.json: migration/node-info.changelog-v2.xml::1525962920::R3.Corda: Null constraint has been added to node_info_party_cert.party_cert_binary
?[m?[37m[INFO] 10:34:05,578 [Test worker] liquibase.info - master.changelog.json: migration/node-info.changelog-v2.xml::1525962920::R3.Corda: ChangeSet migration/node-info.changelog-v2.xml::1525962920::R3.Corda ran successfully in 1ms
?[m?[37m[INFO] 10:34:05,579 [Test worker] liquibase.info - master.changelog.json: migration/node-info.changelog-v3.xml::column_host_name::R3.Corda: Column node_info_hosts.host renamed to host_name
?[m?[37m[INFO] 10:34:05,579 [Test worker] liquibase.info - master.changelog.json: migration/node-info.changelog-v3.xml::column_host_name::R3.Corda: ChangeSet migration/node-info.changelog-v3.xml::column_host_name::R3.Corda ran successfully in 0ms
?[m?[37m[INFO] 10:34:05,581 [Test worker] liquibase.info - master.changelog.json: migration/node-services.changelog-init.xml::1511451595465-5::R3.Corda: Table node_attachments created
?[m?[37m[INFO] 10:34:05,581 [Test worker] liquibase.info - master.changelog.json: migration/node-services.changelog-init.xml::1511451595465-5::R3.Corda: ChangeSet migration/node-services.changelog-init.xml::1511451595465-5::R3.Corda ran successfully in 1ms
?[m?[37m[INFO] 10:34:05,582 [Test worker] liquibase.info - master.changelog.json: migration/node-services.changelog-init.xml::1511451595465-7::R3.Corda: Table node_checkpoints created
?[m?[37m[INFO] 10:34:05,582 [Test worker] liquibase.info - master.changelog.json: migration/node-services.changelog-init.xml::1511451595465-7::R3.Corda: ChangeSet migration/node-services.changelog-init.xml::1511451595465-7::R3.Corda ran successfully in 1ms
?[m?[37m[INFO] 10:34:05,583 [Test worker] liquibase.info - master.changelog.json: migration/node-services.changelog-init.xml::1511451595465-8::R3.Corda: Table node_contract_upgrades created
?[m?[37m[INFO] 10:34:05,583 [Test worker] liquibase.info - master.changelog.json: migration/node-services.changelog-init.xml::1511451595465-8::R3.Corda: ChangeSet migration/node-services.changelog-init.xml::1511451595465-8::R3.Corda ran successfully in 1ms
?[m?[37m[INFO] 10:34:05,583 [Test worker] liquibase.info - master.changelog.json: migration/node-services.changelog-init.xml::1511451595465-9::R3.Corda: Table node_identities created
?[m?[37m[INFO] 10:34:05,584 [Test worker] liquibase.info - master.changelog.json: migration/node-services.changelog-init.xml::1511451595465-9::R3.Corda: ChangeSet migration/node-services.changelog-init.xml::1511451595465-9::R3.Corda ran successfully in 1ms
?[m?[37m[INFO] 10:34:05,584 [Test worker] liquibase.info - master.changelog.json: migration/node-services.changelog-init.xml::1511451595465-13::R3.Corda: Table node_message_ids created
?[m?[37m[INFO] 10:34:05,585 [Test worker] liquibase.info - master.changelog.json: migration/node-services.changelog-init.xml::1511451595465-13::R3.Corda: ChangeSet migration/node-services.changelog-init.xml::1511451595465-13::R3.Corda ran successfully in 0ms
?[m?[37m[INFO] 10:34:05,585 [Test worker] liquibase.info - master.changelog.json: migration/node-services.changelog-init.xml::1511451595465-14::R3.Corda: Table node_message_retry created
?[m?[37m[INFO] 10:34:05,585 [Test worker] liquibase.info - master.changelog.json: migration/node-services.changelog-init.xml::1511451595465-14::R3.Corda: ChangeSet migration/node-services.changelog-init.xml::1511451595465-14::R3.Corda ran successfully in 0ms
?[m?[37m[INFO] 10:34:05,586 [Test worker] liquibase.info - master.changelog.json: migration/node-services.changelog-init.xml::1511451595465-15::R3.Corda: Table node_named_identities created
?[m?[37m[INFO] 10:34:05,586 [Test worker] liquibase.info - master.changelog.json: migration/node-services.changelog-init.xml::1511451595465-15::R3.Corda: ChangeSet migration/node-services.changelog-init.xml::1511451595465-15::R3.Corda ran successfully in 0ms
?[m?[37m[INFO] 10:34:05,587 [Test worker] liquibase.info - master.changelog.json: migration/node-services.changelog-init.xml::1511451595465-17::R3.Corda: Table node_our_key_pairs created
?[m?[37m[INFO] 10:34:05,587 [Test worker] liquibase.info - master.changelog.json: migration/node-services.changelog-init.xml::1511451595465-17::R3.Corda: ChangeSet migration/node-services.changelog-init.xml::1511451595465-17::R3.Corda ran successfully in 0ms
?[m?[37m[INFO] 10:34:05,588 [Test worker] liquibase.info - master.changelog.json: migration/node-services.changelog-init.xml::1511451595465-19::R3.Corda: Table node_scheduled_states created
?[m?[37m[INFO] 10:34:05,588 [Test worker] liquibase.info - master.changelog.json: migration/node-services.changelog-init.xml::1511451595465-19::R3.Corda: ChangeSet migration/node-services.changelog-init.xml::1511451595465-19::R3.Corda ran successfully in 0ms
?[m?[37m[INFO] 10:34:05,589 [Test worker] liquibase.info - master.changelog.json: migration/node-services.changelog-init.xml::1511451595465-20::R3.Corda: Table node_transaction_mappings created
?[m?[37m[INFO] 10:34:05,589 [Test worker] liquibase.info - master.changelog.json: migration/node-services.changelog-init.xml::1511451595465-20::R3.Corda: ChangeSet migration/node-services.changelog-init.xml::1511451595465-20::R3.Corda ran successfully in 0ms
?[m?[37m[INFO] 10:34:05,590 [Test worker] liquibase.info - master.changelog.json: migration/node-services.changelog-init.xml::1511451595465-21::R3.Corda: Table node_transactions created
?[m?[37m[INFO] 10:34:05,590 [Test worker] liquibase.info - master.changelog.json: migration/node-services.changelog-init.xml::1511451595465-21::R3.Corda: ChangeSet migration/node-services.changelog-init.xml::1511451595465-21::R3.Corda ran successfully in 0ms
?[m?[37m[INFO] 10:34:05,591 [Test worker] liquibase.info - master.changelog.json: migration/node-services.changelog-init.xml::1511451595465-30::R3.Corda: Primary key added to node_attachments (att_id)
?[m?[37m[INFO] 10:34:05,591 [Test worker] liquibase.info - master.changelog.json: migration/node-services.changelog-init.xml::1511451595465-30::R3.Corda: ChangeSet migration/node-services.changelog-init.xml::1511451595465-30::R3.Corda ran successfully in 0ms
?[m?[37m[INFO] 10:34:05,592 [Test worker] liquibase.info - master.changelog.json: migration/node-services.changelog-init.xml::1511451595465-32::R3.Corda: Primary key added to node_checkpoints (checkpoint_id)
?[m?[37m[INFO] 10:34:05,592 [Test worker] liquibase.info - master.changelog.json: migration/node-services.changelog-init.xml::1511451595465-32::R3.Corda: ChangeSet migration/node-services.changelog-init.xml::1511451595465-32::R3.Corda ran successfully in 0ms
?[m?[37m[INFO] 10:34:05,593 [Test worker] liquibase.info - master.changelog.json: migration/node-services.changelog-init.xml::1511451595465-33::R3.Corda: Primary key added to node_contract_upgrades (state_ref)
?[m?[37m[INFO] 10:34:05,593 [Test worker] liquibase.info - master.changelog.json: migration/node-services.changelog-init.xml::1511451595465-33::R3.Corda: ChangeSet migration/node-services.changelog-init.xml::1511451595465-33::R3.Corda ran successfully in 0ms
?[m?[37m[INFO] 10:34:05,594 [Test worker] liquibase.info - master.changelog.json: migration/node-services.changelog-init.xml::1511451595465-34::R3.Corda: Primary key added to node_identities (pk_hash)
?[m?[37m[INFO] 10:34:05,594 [Test worker] liquibase.info - master.changelog.json: migration/node-services.changelog-init.xml::1511451595465-34::R3.Corda: ChangeSet migration/node-services.changelog-init.xml::1511451595465-34::R3.Corda ran successfully in 0ms
?[m?[37m[INFO] 10:34:05,595 [Test worker] liquibase.info - master.changelog.json: migration/node-services.changelog-init.xml::1511451595465-38::R3.Corda: Primary key added to node_message_ids (message_id)
?[m?[37m[INFO] 10:34:05,595 [Test worker] liquibase.info - master.changelog.json: migration/node-services.changelog-init.xml::1511451595465-38::R3.Corda: ChangeSet migration/node-services.changelog-init.xml::1511451595465-38::R3.Corda ran successfully in 0ms
?[m?[37m[INFO] 10:34:05,596 [Test worker] liquibase.info - master.changelog.json: migration/node-services.changelog-init.xml::1511451595465-39::R3.Corda: Primary key added to node_message_retry (message_id)
?[m?[37m[INFO] 10:34:05,596 [Test worker] liquibase.info - master.changelog.json: migration/node-services.changelog-init.xml::1511451595465-39::R3.Corda: ChangeSet migration/node-services.changelog-init.xml::1511451595465-39::R3.Corda ran successfully in 0ms
?[m?[37m[INFO] 10:34:05,597 [Test worker] liquibase.info - master.changelog.json: migration/node-services.changelog-init.xml::1511451595465-40::R3.Corda: Primary key added to node_named_identities (name)
?[m?[37m[INFO] 10:34:05,597 [Test worker] liquibase.info - master.changelog.json: migration/node-services.changelog-init.xml::1511451595465-40::R3.Corda: ChangeSet migration/node-services.changelog-init.xml::1511451595465-40::R3.Corda ran successfully in 0ms
?[m?[37m[INFO] 10:34:05,598 [Test worker] liquibase.info - master.changelog.json: migration/node-services.changelog-init.xml::1511451595465-42::R3.Corda: Primary key added to node_our_key_pairs (public_key_hash)
?[m?[37m[INFO] 10:34:05,598 [Test worker] liquibase.info - master.changelog.json: migration/node-services.changelog-init.xml::1511451595465-42::R3.Corda: ChangeSet migration/node-services.changelog-init.xml::1511451595465-42::R3.Corda ran successfully in 1ms
?[m?[37m[INFO] 10:34:05,599 [Test worker] liquibase.info - master.changelog.json: migration/node-services.changelog-init.xml::1511451595465-44::R3.Corda: Primary key added to node_scheduled_states (output_index, transaction_id)
?[m?[37m[INFO] 10:34:05,599 [Test worker] liquibase.info - master.changelog.json: migration/node-services.changelog-init.xml::1511451595465-44::R3.Corda: ChangeSet migration/node-services.changelog-init.xml::1511451595465-44::R3.Corda ran successfully in 1ms
?[m?[37m[INFO] 10:34:05,600 [Test worker] liquibase.info - master.changelog.json: migration/node-services.changelog-init.xml::1511451595465-45::R3.Corda: Primary key added to node_transaction_mappings (tx_id)
?[m?[37m[INFO] 10:34:05,600 [Test worker] liquibase.info - master.changelog.json: migration/node-services.changelog-init.xml::1511451595465-45::R3.Corda: ChangeSet migration/node-services.changelog-init.xml::1511451595465-45::R3.Corda ran successfully in 1ms
?[m?[37m[INFO] 10:34:05,601 [Test worker] liquibase.info - master.changelog.json: migration/node-services.changelog-init.xml::1511451595465-46::R3.Corda: Primary key added to node_transactions (tx_id)
?[m?[37m[INFO] 10:34:05,601 [Test worker] liquibase.info - master.changelog.json: migration/node-services.changelog-init.xml::1511451595465-46::R3.Corda: ChangeSet migration/node-services.changelog-init.xml::1511451595465-46::R3.Corda ran successfully in 1ms
?[m?[37m[INFO] 10:34:05,602 [Test worker] liquibase.info - master.changelog.json: migration/node-services.changelog-init.xml::1511451595465-61::R3.Corda: Foreign key constraint added to node_link_nodeinfo_party (party_name)
?[m?[37m[INFO] 10:34:05,602 [Test worker] liquibase.info - master.changelog.json: migration/node-services.changelog-init.xml::1511451595465-61::R3.Corda: ChangeSet migration/node-services.changelog-init.xml::1511451595465-61::R3.Corda ran successfully in 1ms
?[m?[37m[INFO] 10:34:05,603 [Test worker] liquibase.info - master.changelog.json: migration/node-services.changelog-init.xml::add index att_id::R3.Corda: Index att_id_idx created
?[m?[37m[INFO] 10:34:05,603 [Test worker] liquibase.info - master.changelog.json: migration/node-services.changelog-init.xml::add index att_id::R3.Corda: ChangeSet migration/node-services.changelog-init.xml::add index att_id::R3.Corda ran successfully in 0ms
?[m?[37m[INFO] 10:34:05,604 [Test worker] liquibase.info - master.changelog.json: migration/node-services.changelog-init.xml::add_contract_attachment::R3.Corda: Table node_attchments_contracts created
?[m?[37m[INFO] 10:34:05,605 [Test worker] liquibase.info - master.changelog.json: migration/node-services.changelog-init.xml::add_contract_attachment::R3.Corda: Foreign key constraint added to node_attchments_contracts (att_id)
?[m?[37m[INFO] 10:34:05,605 [Test worker] liquibase.info - master.changelog.json: migration/node-services.changelog-init.xml::add_contract_attachment::R3.Corda: Data deleted from node_attachments
?[m?[37m[INFO] 10:34:05,605 [Test worker] liquibase.info - master.changelog.json: migration/node-services.changelog-init.xml::add_contract_attachment::R3.Corda: ChangeSet migration/node-services.changelog-init.xml::add_contract_attachment::R3.Corda ran successfully in 1ms
?[m?[37m[INFO] 10:34:05,607 [Test worker] liquibase.info - master.changelog.json: migration/node-services.changelog-init.xml::add_dedup_columns::R3.Corda: Columns sender(NVARCHAR(64)),sequence_number(BIGINT) added to node_message_ids
?[m?[37m[INFO] 10:34:05,607 [Test worker] liquibase.info - master.changelog.json: migration/node-services.changelog-init.xml::add_dedup_columns::R3.Corda: ChangeSet migration/node-services.changelog-init.xml::add_dedup_columns::R3.Corda ran successfully in 1ms
?[m?[37m[INFO] 10:34:05,608 [Test worker] liquibase.info - master.changelog.json: migration/node-core.changelog-v4.xml::attchments_rename::R3.Corda: Table node_attchments_contracts renamed to node_attachments_contracts
?[m?[37m[INFO] 10:34:05,608 [Test worker] liquibase.info - master.changelog.json: migration/node-core.changelog-v4.xml::attchments_rename::R3.Corda: ChangeSet migration/node-core.changelog-v4.xml::attchments_rename::R3.Corda ran successfully in 0ms
?[m?[37m[INFO] 10:34:05,610 [Test worker] liquibase.info - master.changelog.json: migration/node-core.changelog-v4.xml::nullability::R3.Corda: Null constraint has been added to node_identities.identity_value
?[m?[37m[INFO] 10:34:05,610 [Test worker] liquibase.info - master.changelog.json: migration/node-core.changelog-v4.xml::nullability::R3.Corda: Null constraint has been added to node_attachments.content
?[m?[37m[INFO] 10:34:05,610 [Test worker] liquibase.info - master.changelog.json: migration/node-core.changelog-v4.xml::nullability::R3.Corda: Null constraint has been added to node_attachments_contracts.contract_class_name
?[m?[37m[INFO] 10:34:05,610 [Test worker] liquibase.info - master.changelog.json: migration/node-core.changelog-v4.xml::nullability::R3.Corda: Null constraint has been added to node_checkpoints.checkpoint_value
?[m?[37m[INFO] 10:34:05,610 [Test worker] liquibase.info - master.changelog.json: migration/node-core.changelog-v4.xml::nullability::R3.Corda: Null constraint has been added to node_contract_upgrades.contract_class_name
?[m?[37m[INFO] 10:34:05,611 [Test worker] liquibase.info - master.changelog.json: migration/node-core.changelog-v4.xml::nullability::R3.Corda: Null constraint has been added to node_message_ids.insertion_time
?[m?[37m[INFO] 10:34:05,611 [Test worker] liquibase.info - master.changelog.json: migration/node-core.changelog-v4.xml::nullability::R3.Corda: Null constraint has been added to node_message_retry.message
?[m?[37m[INFO] 10:34:05,611 [Test worker] liquibase.info - master.changelog.json: migration/node-core.changelog-v4.xml::nullability::R3.Corda: Null constraint has been added to node_message_retry.recipients
?[m?[37m[INFO] 10:34:05,611 [Test worker] liquibase.info - master.changelog.json: migration/node-core.changelog-v4.xml::nullability::R3.Corda: Null constraint has been added to node_named_identities.pk_hash
?[m?[37m[INFO] 10:34:05,611 [Test worker] liquibase.info - master.changelog.json: migration/node-core.changelog-v4.xml::nullability::R3.Corda: Null constraint has been added to node_our_key_pairs.private_key
?[m?[37m[INFO] 10:34:05,611 [Test worker] liquibase.info - master.changelog.json: migration/node-core.changelog-v4.xml::nullability::R3.Corda: Null constraint has been added to node_our_key_pairs.public_key
?[m?[37m[INFO] 10:34:05,612 [Test worker] liquibase.info - master.changelog.json: migration/node-core.changelog-v4.xml::nullability::R3.Corda: Null constraint has been added to node_transaction_mappings.state_machine_run_id
?[m?[37m[INFO] 10:34:05,612 [Test worker] liquibase.info - master.changelog.json: migration/node-core.changelog-v4.xml::nullability::R3.Corda: Null constraint has been added to node_transactions.transaction_value
?[m?[37m[INFO] 10:34:05,612 [Test worker] liquibase.info - master.changelog.json: migration/node-core.changelog-v4.xml::nullability::R3.Corda: ChangeSet migration/node-core.changelog-v4.xml::nullability::R3.Corda ran successfully in 3ms
?[m?[37m[INFO] 10:34:05,613 [Test worker] liquibase.info - master.changelog.json: migration/node-core.changelog-v5.xml::remove_unused_node_message_retry::R3.Corda: Table node_message_retry dropped
?[m?[37m[INFO] 10:34:05,613 [Test worker] liquibase.info - master.changelog.json: migration/node-core.changelog-v5.xml::remove_unused_node_message_retry::R3.Corda: ChangeSet migration/node-core.changelog-v5.xml::remove_unused_node_message_retry::R3.Corda ran successfully in 0ms
?[m?[37m[INFO] 10:34:05,622 [Test worker] liquibase.info - master.changelog.json: migration/node-core.changelog-v8.xml::conditional_attchments_rename::R3.Corda: Marking ChangeSet: migration/node-core.changelog-v8.xml::conditional_attchments_rename::R3.Corda ran despite precondition failure due to onFail='MARK_RAN': 
          master.changelog.json : Table PUBLIC.NODE_ATTCHMENTS_CONTRACTS does not exist

?[m?[37m[INFO] 10:34:05,627 [Test worker] liquibase.info - master.changelog.json: migration/node-core.changelog-v8.xml::conditional_attchments_contracts::R3.Corda: Marking ChangeSet: migration/node-core.changelog-v8.xml::conditional_attchments_contracts::R3.Corda ran despite precondition failure due to onFail='MARK_RAN': 
          master.changelog.json : Table PUBLIC.NODE_ATTACHMENTS_CONTRACT_CLASS_NAME does not exist

?[m?[37m[INFO] 10:34:05,628 [Test worker] liquibase.info - master.changelog.json: migration/node-core.changelog-v8.xml::add_signers::R3.Corda: Table node_attachments_signers created
?[m?[37m[INFO] 10:34:05,628 [Test worker] liquibase.info - master.changelog.json: migration/node-core.changelog-v8.xml::add_signers::R3.Corda: Foreign key constraint added to node_attachments_signers (att_id)
?[m?[37m[INFO] 10:34:05,629 [Test worker] liquibase.info - master.changelog.json: migration/node-core.changelog-v8.xml::add_signers::R3.Corda: ChangeSet migration/node-core.changelog-v8.xml::add_signers::R3.Corda ran successfully in 1ms
?[m?[37m[INFO] 10:34:05,630 [Test worker] liquibase.info - master.changelog.json: migration/node-core.changelog-tx-mapping.xml::add_tx_mapping_column::R3.Corda: Columns state_machine_run_id(NVARCHAR(36)) added to node_transactions
?[m?[37m[INFO] 10:34:05,631 [Test worker] liquibase.info - master.changelog.json: migration/node-core.changelog-tx-mapping.xml::add_tx_mapping_column::R3.Corda: Custom SQL executed
?[m?[37m[INFO] 10:34:05,631 [Test worker] liquibase.info - master.changelog.json: migration/node-core.changelog-tx-mapping.xml::add_tx_mapping_column::R3.Corda: Table node_transaction_mappings dropped
?[m?[37m[INFO] 10:34:05,631 [Test worker] liquibase.info - master.changelog.json: migration/node-core.changelog-tx-mapping.xml::add_tx_mapping_column::R3.Corda: ChangeSet migration/node-core.changelog-tx-mapping.xml::add_tx_mapping_column::R3.Corda ran successfully in 2ms
?[m?[37m[INFO] 10:34:05,632 [Test worker] liquibase.info - master.changelog.json: migration/node-services.changelog-init.xml::add_network_parameters_storage::R3.Corda: Table node_network_parameters created
?[m?[37m[INFO] 10:34:05,632 [Test worker] liquibase.info - master.changelog.json: migration/node-services.changelog-init.xml::add_network_parameters_storage::R3.Corda: ChangeSet migration/node-services.changelog-init.xml::add_network_parameters_storage::R3.Corda ran successfully in 0ms
?[m?[37m[INFO] 10:34:05,633 [Test worker] liquibase.info - master.changelog.json: migration/node-services.changelog-init.xml::network_parameters_pk::R3.Corda: Primary key added to node_network_parameters (hash)
?[m?[37m[INFO] 10:34:05,633 [Test worker] liquibase.info - master.changelog.json: migration/node-services.changelog-init.xml::network_parameters_pk::R3.Corda: ChangeSet migration/node-services.changelog-init.xml::network_parameters_pk::R3.Corda ran successfully in 0ms
?[m?[37m[INFO] 10:34:05,635 [Test worker] liquibase.info - master.changelog.json: migration/node-services.changelog-init.xml::add_version_column::R3.Corda: Columns version(INT) added to node_attachments
?[m?[37m[INFO] 10:34:05,635 [Test worker] liquibase.info - master.changelog.json: migration/node-services.changelog-init.xml::add_version_column::R3.Corda: Custom SQL executed
?[m?[37m[INFO] 10:34:05,635 [Test worker] liquibase.info - master.changelog.json: migration/node-services.changelog-init.xml::add_version_column::R3.Corda: Null constraint has been added to node_attachments.version
?[m?[37m[INFO] 10:34:05,636 [Test worker] liquibase.info - master.changelog.json: migration/node-services.changelog-init.xml::add_version_column::R3.Corda: ChangeSet migration/node-services.changelog-init.xml::add_version_column::R3.Corda ran successfully in 1ms
?[m?[37m[INFO] 10:34:05,636 [Test worker] persistence.AttachmentVersionNumberMigration.execute - Start executing...
?[m?[37m[INFO] 10:34:05,638 [Test worker] persistence.AttachmentVersionNumberMigration.execute - Attachment version creation from whitelisted JARs using network parameters from build/mock-network/20190619-093403.663/nodes/2/network-parameters, whitelistedContractImplementations: {}.
?[m?[37m[INFO] 10:34:05,638 [Test worker] persistence.AttachmentVersionNumberMigration.execute - Attachment version creation from whitelisted JARs skipped, no attachments not found.
?[m?[37m[INFO] 10:34:05,638 [Test worker] liquibase.info - master.changelog.json: migration/node-services.changelog-init.xml::update-version-of-whitelisted-jars::R3.Corda: null
?[m?[37m[INFO] 10:34:05,638 [Test worker] liquibase.info - master.changelog.json: migration/node-services.changelog-init.xml::update-version-of-whitelisted-jars::R3.Corda: ChangeSet migration/node-services.changelog-init.xml::update-version-of-whitelisted-jars::R3.Corda ran successfully in 2ms
?[m?[37m[INFO] 10:34:05,639 [Test worker] liquibase.info - master.changelog.json: migration/node-services.changelog-init.xml::add-new-persitence-table::R3.Corda: Table identities_no_cert created
?[m?[37m[INFO] 10:34:05,639 [Test worker] liquibase.info - master.changelog.json: migration/node-services.changelog-init.xml::add-new-persitence-table::R3.Corda: ChangeSet migration/node-services.changelog-init.xml::add-new-persitence-table::R3.Corda ran successfully in 0ms
?[m?[37m[INFO] 10:34:05,640 [Test worker] migration.PersistentIdentitiesMigration.execute - Migrating persistent identities with certificates table into persistent table with no certificate data.
?[m?[37m[INFO] 10:34:05,641 [Test worker] persistence.HibernateConfiguration.<init> - Init HibernateConfiguration for schemas: [PersistentIdentitiesMigrationSchemaV1(name=net.corda.node.migration.PersistentIdentitiesMigrationSchema, version=1)]
?[m?[37m[INFO] 10:34:05,642 [Test worker] persistence.HibernateConfiguration.makeSessionFactoryForSchemas - Creating session factory for schemas: [PersistentIdentitiesMigrationSchemaV1(name=net.corda.node.migration.PersistentIdentitiesMigrationSchema, version=1)]
?[m?[37m[INFO] 10:34:05,646 [Test worker] internal.ConnectionProviderInitiator.initiateService - HHH000130: Instantiating explicit connection provider: net.corda.nodeapi.internal.persistence.HibernateConfiguration$NodeDatabaseConnectionProvider
?[m?[37m[INFO] 10:34:05,646 [Test worker] dialect.Dialect.<init> - HHH000400: Using dialect: org.hibernate.dialect.H2Dialect
?[m?[37m[INFO] 10:34:05,648 [Test worker] type.BasicTypeRegistry.register - HHH000270: Type registration [materialized_blob] overrides previous : org.hibernate.type.MaterializedBlobType@7a31aa45
?[m?[37m[INFO] 10:34:05,661 [Test worker] connections.access.getIsolatedConnection - HHH10001501: Connection obtained from JdbcConnectionAccess [org.hibernate.engine.jdbc.env.internal.JdbcEnvironmentInitiator$ConnectionProviderJdbcConnectionAccess@1388acb2] for (non-JTA) DDL execution was not in auto-commit mode; the Connection 'local transaction' will be committed and the Connection will be set into auto-commit mode.
?[m?[37m[INFO] 10:34:05,692 [Test worker] persistence.HibernateConfiguration.makeSessionFactoryForSchemas - Created session factory for schemas: [PersistentIdentitiesMigrationSchemaV1(name=net.corda.node.migration.PersistentIdentitiesMigrationSchema, version=1)]
?[m?[37m[INFO] 10:34:05,692 [Test worker] internal.QueryTranslatorFactoryInitiator.initiateService - HHH000397: Using ASTQueryTranslatorFactory
?[m?[37m[INFO] 10:34:05,700 [Test worker] liquibase.info - master.changelog.json: migration/node-services.changelog-init.xml::transfer-to-new-persistence-table::R3.Corda: null
?[m?[37m[INFO] 10:34:05,701 [Test worker] liquibase.info - master.changelog.json: migration/node-services.changelog-init.xml::transfer-to-new-persistence-table::R3.Corda: ChangeSet migration/node-services.changelog-init.xml::transfer-to-new-persistence-table::R3.Corda ran successfully in 61ms
?[m?[37m[INFO] 10:34:05,702 [Test worker] migration.VaultStateMigration.execute - Migrating vault state data to V4 tables
?[m?[37m[INFO] 10:34:05,703 [Test worker] persistence.HibernateConfiguration.<init> - Init HibernateConfiguration for schemas: [VaultMigrationSchemaV1(name=net.corda.node.migration.VaultMigrationSchema, version=1), VaultSchemaV1(name=net.corda.node.services.vault.VaultSchema, version=1)]
?[m?[37m[INFO] 10:34:05,704 [Test worker] persistence.HibernateConfiguration.makeSessionFactoryForSchemas - Creating session factory for schemas: [VaultMigrationSchemaV1(name=net.corda.node.migration.VaultMigrationSchema, version=1), VaultSchemaV1(name=net.corda.node.services.vault.VaultSchema, version=1)]
?[m?[37m[INFO] 10:34:05,708 [Test worker] internal.ConnectionProviderInitiator.initiateService - HHH000130: Instantiating explicit connection provider: net.corda.nodeapi.internal.persistence.HibernateConfiguration$NodeDatabaseConnectionProvider
?[m?[37m[INFO] 10:34:05,708 [Test worker] dialect.Dialect.<init> - HHH000400: Using dialect: org.hibernate.dialect.H2Dialect
?[m?[37m[INFO] 10:34:05,710 [Test worker] type.BasicTypeRegistry.register - HHH000270: Type registration [materialized_blob] overrides previous : org.hibernate.type.MaterializedBlobType@7a31aa45
?[m?[37m[INFO] 10:34:05,732 [Test worker] connections.access.getIsolatedConnection - HHH10001501: Connection obtained from JdbcConnectionAccess [org.hibernate.engine.jdbc.env.internal.JdbcEnvironmentInitiator$ConnectionProviderJdbcConnectionAccess@1b988c8e] for (non-JTA) DDL execution was not in auto-commit mode; the Connection 'local transaction' will be committed and the Connection will be set into auto-commit mode.
?[m?[37m[INFO] 10:34:05,753 [Test worker] persistence.HibernateConfiguration.makeSessionFactoryForSchemas - Created session factory for schemas: [VaultMigrationSchemaV1(name=net.corda.node.migration.VaultMigrationSchema, version=1), VaultSchemaV1(name=net.corda.node.services.vault.VaultSchema, version=1)]
?[m?[37m[INFO] 10:34:05,753 [Test worker] internal.QueryTranslatorFactoryInitiator.initiateService - HHH000397: Using ASTQueryTranslatorFactory
?[m?[37m[INFO] 10:34:05,757 [Test worker] migration.VaultStateMigration.execute - Finished performing vault state data migration for 0 states
?[m?[37m[INFO] 10:34:05,757 [Test worker] liquibase.info - master.changelog.json: migration/vault-schema.changelog-v9.xml::update-vault-states::R3.Corda: null
?[m?[37m[INFO] 10:34:05,757 [Test worker] liquibase.info - master.changelog.json: migration/vault-schema.changelog-v9.xml::update-vault-states::R3.Corda: ChangeSet migration/vault-schema.changelog-v9.xml::update-vault-states::R3.Corda ran successfully in 56ms
?[m?[37m[INFO] 10:34:05,759 [Test worker] liquibase.info - master.changelog.json: migration/cash.changelog-init.xml::1511451595465-2::R3.Corda: Table contract_cash_states created
?[m?[37m[INFO] 10:34:05,759 [Test worker] liquibase.info - master.changelog.json: migration/cash.changelog-init.xml::1511451595465-2::R3.Corda: ChangeSet migration/cash.changelog-init.xml::1511451595465-2::R3.Corda ran successfully in 1ms
?[m?[37m[INFO] 10:34:05,760 [Test worker] liquibase.info - master.changelog.json: migration/cash.changelog-init.xml::1511451595465-28::R3.Corda: Primary key added to contract_cash_states (output_index, transaction_id)
?[m?[37m[INFO] 10:34:05,760 [Test worker] liquibase.info - master.changelog.json: migration/cash.changelog-init.xml::1511451595465-28::R3.Corda: ChangeSet migration/cash.changelog-init.xml::1511451595465-28::R3.Corda ran successfully in 0ms
?[m?[37m[INFO] 10:34:05,761 [Test worker] liquibase.info - master.changelog.json: migration/cash.changelog-init.xml::1511451595465-51::R3.Corda: Index ccy_code_idx created
?[m?[37m[INFO] 10:34:05,762 [Test worker] liquibase.info - master.changelog.json: migration/cash.changelog-init.xml::1511451595465-51::R3.Corda: ChangeSet migration/cash.changelog-init.xml::1511451595465-51::R3.Corda ran successfully in 0ms
?[m?[37m[INFO] 10:34:05,763 [Test worker] liquibase.info - master.changelog.json: migration/cash.changelog-init.xml::1511451595465-57::R3.Corda: Index pennies_idx created
?[m?[37m[INFO] 10:34:05,763 [Test worker] liquibase.info - master.changelog.json: migration/cash.changelog-init.xml::1511451595465-57::R3.Corda: ChangeSet migration/cash.changelog-init.xml::1511451595465-57::R3.Corda ran successfully in 1ms
?[m?[37m[INFO] 10:34:05,765 [Test worker] liquibase.info - master.changelog.json: migration/node-services.changelog-init.xml::1525793504::R3.Corda: Index ccy_code_idx dropped from table contract_cash_states
?[m?[37m[INFO] 10:34:05,765 [Test worker] liquibase.info - master.changelog.json: migration/node-services.changelog-init.xml::1525793504::R3.Corda: Null constraint has been added to contract_cash_states.ccy_code
?[m?[37m[INFO] 10:34:05,765 [Test worker] liquibase.info - master.changelog.json: migration/node-services.changelog-init.xml::1525793504::R3.Corda: Index ccy_code_idx created
?[m?[37m[INFO] 10:34:05,765 [Test worker] liquibase.info - master.changelog.json: migration/node-services.changelog-init.xml::1525793504::R3.Corda: Null constraint has been added to contract_cash_states.issuer_key_hash
?[m?[37m[INFO] 10:34:05,765 [Test worker] liquibase.info - master.changelog.json: migration/node-services.changelog-init.xml::1525793504::R3.Corda: Null constraint has been added to contract_cash_states.issuer_ref
?[m?[37m[INFO] 10:34:05,766 [Test worker] liquibase.info - master.changelog.json: migration/node-services.changelog-init.xml::1525793504::R3.Corda: Index pennies_idx dropped from table contract_cash_states
?[m?[37m[INFO] 10:34:05,766 [Test worker] liquibase.info - master.changelog.json: migration/node-services.changelog-init.xml::1525793504::R3.Corda: Null constraint has been added to contract_cash_states.pennies
?[m?[37m[INFO] 10:34:05,766 [Test worker] liquibase.info - master.changelog.json: migration/node-services.changelog-init.xml::1525793504::R3.Corda: Index pennies_idx created
?[m?[37m[INFO] 10:34:05,766 [Test worker] liquibase.info - master.changelog.json: migration/node-services.changelog-init.xml::1525793504::R3.Corda: ChangeSet migration/node-services.changelog-init.xml::1525793504::R3.Corda ran successfully in 2ms
?[m?[37m[INFO] 10:34:05,768 [Test worker] liquibase.info - master.changelog.json: migration/commercial-paper.changelog-init.xml::1511451595465-3::R3.Corda: Table cp_states created
?[m?[37m[INFO] 10:34:05,768 [Test worker] liquibase.info - master.changelog.json: migration/commercial-paper.changelog-init.xml::1511451595465-3::R3.Corda: ChangeSet migration/commercial-paper.changelog-init.xml::1511451595465-3::R3.Corda ran successfully in 1ms
?[m?[37m[INFO] 10:34:05,769 [Test worker] liquibase.info - master.changelog.json: migration/commercial-paper.changelog-init.xml::1511451595465-29::R3.Corda: Primary key added to cp_states (output_index, transaction_id)
?[m?[37m[INFO] 10:34:05,769 [Test worker] liquibase.info - master.changelog.json: migration/commercial-paper.changelog-init.xml::1511451595465-29::R3.Corda: ChangeSet migration/commercial-paper.changelog-init.xml::1511451595465-29::R3.Corda ran successfully in 1ms
?[m?[37m[INFO] 10:34:05,770 [Test worker] liquibase.info - master.changelog.json: migration/commercial-paper.changelog-init.xml::1511451595465-52::R3.Corda: Index ccy_code_index created
?[m?[37m[INFO] 10:34:05,770 [Test worker] liquibase.info - master.changelog.json: migration/commercial-paper.changelog-init.xml::1511451595465-52::R3.Corda: ChangeSet migration/commercial-paper.changelog-init.xml::1511451595465-52::R3.Corda ran successfully in 0ms
?[m?[37m[INFO] 10:34:05,771 [Test worker] liquibase.info - master.changelog.json: migration/commercial-paper.changelog-init.xml::1511451595465-54::R3.Corda: Index face_value_index created
?[m?[37m[INFO] 10:34:05,771 [Test worker] liquibase.info - master.changelog.json: migration/commercial-paper.changelog-init.xml::1511451595465-54::R3.Corda: ChangeSet migration/commercial-paper.changelog-init.xml::1511451595465-54::R3.Corda ran successfully in 0ms
?[m?[37m[INFO] 10:34:05,772 [Test worker] liquibase.info - master.changelog.json: migration/commercial-paper.changelog-init.xml::1511451595465-56::R3.Corda: Index maturity_index created
?[m?[37m[INFO] 10:34:05,772 [Test worker] liquibase.info - master.changelog.json: migration/commercial-paper.changelog-init.xml::1511451595465-56::R3.Corda: ChangeSet migration/commercial-paper.changelog-init.xml::1511451595465-56::R3.Corda ran successfully in 0ms
?[m?[37m[INFO] 10:34:05,773 [Test worker] liquibase.info - master.changelog.json: migration/commercial-paper.changelog-v1.xml::1525962920::R3.Corda: Index ccy_code_index dropped from table cp_states
?[m?[37m[INFO] 10:34:05,774 [Test worker] liquibase.info - master.changelog.json: migration/commercial-paper.changelog-v1.xml::1525962920::R3.Corda: Null constraint has been added to cp_states.ccy_code
?[m?[37m[INFO] 10:34:05,774 [Test worker] liquibase.info - master.changelog.json: migration/commercial-paper.changelog-v1.xml::1525962920::R3.Corda: Index ccy_code_index created
?[m?[37m[INFO] 10:34:05,774 [Test worker] liquibase.info - master.changelog.json: migration/commercial-paper.changelog-v1.xml::1525962920::R3.Corda: Index face_value_index dropped from table cp_states
?[m?[37m[INFO] 10:34:05,774 [Test worker] liquibase.info - master.changelog.json: migration/commercial-paper.changelog-v1.xml::1525962920::R3.Corda: Null constraint has been added to cp_states.face_value
?[m?[37m[INFO] 10:34:05,774 [Test worker] liquibase.info - master.changelog.json: migration/commercial-paper.changelog-v1.xml::1525962920::R3.Corda: Index face_value_index created
?[m?[37m[INFO] 10:34:05,775 [Test worker] liquibase.info - master.changelog.json: migration/commercial-paper.changelog-v1.xml::1525962920::R3.Corda: Null constraint has been added to cp_states.face_value_issuer_key_hash
?[m?[37m[INFO] 10:34:05,775 [Test worker] liquibase.info - master.changelog.json: migration/commercial-paper.changelog-v1.xml::1525962920::R3.Corda: Null constraint has been added to cp_states.face_value_issuer_ref
?[m?[37m[INFO] 10:34:05,775 [Test worker] liquibase.info - master.changelog.json: migration/commercial-paper.changelog-v1.xml::1525962920::R3.Corda: Null constraint has been added to cp_states.issuance_key_hash
?[m?[37m[INFO] 10:34:05,775 [Test worker] liquibase.info - master.changelog.json: migration/commercial-paper.changelog-v1.xml::1525962920::R3.Corda: Null constraint has been added to cp_states.issuance_ref
?[m?[37m[INFO] 10:34:05,775 [Test worker] liquibase.info - master.changelog.json: migration/commercial-paper.changelog-v1.xml::1525962920::R3.Corda: Index maturity_index dropped from table cp_states
?[m?[37m[INFO] 10:34:05,775 [Test worker] liquibase.info - master.changelog.json: migration/commercial-paper.changelog-v1.xml::1525962920::R3.Corda: Null constraint has been added to cp_states.maturity_instant
?[m?[37m[INFO] 10:34:05,776 [Test worker] liquibase.info - master.changelog.json: migration/commercial-paper.changelog-v1.xml::1525962920::R3.Corda: Index maturity_index created
?[m?[37m[INFO] 10:34:05,776 [Test worker] liquibase.info - master.changelog.json: migration/commercial-paper.changelog-v1.xml::1525962920::R3.Corda: Null constraint has been added to cp_states.owner_key_hash
?[m?[37m[INFO] 10:34:05,776 [Test worker] liquibase.info - master.changelog.json: migration/commercial-paper.changelog-v1.xml::1525962920::R3.Corda: ChangeSet migration/commercial-paper.changelog-v1.xml::1525962920::R3.Corda ran successfully in 3ms
?[m?[37m[INFO] 10:34:05,777 [Test worker] liquibase.info - Successfully released change log lock
?[m?[37m[INFO] 10:34:05,778 [Test worker] internal.InternalMockNetwork$MockNode.invoke - Connected to H2 database.
?[m?[37m[INFO] 10:34:05,778 [Test worker] persistence.HibernateConfiguration.<init> - Init HibernateConfiguration for schemas: [CommonSchemaV1(name=net.corda.core.schemas.CommonSchema, version=1), VaultSchemaV1(name=net.corda.node.services.vault.VaultSchema, version=1), NodeInfoSchemaV1(name=net.corda.node.internal.schemas.NodeInfoSchema, version=1), NodeCoreV1(name=net.corda.node.services.schema.NodeSchemaService$NodeCore, version=1), CashSchemaV1(name=net.corda.finance.schemas.CashSchema, version=1), CommercialPaperSchemaV1(name=net.corda.finance.schemas.CommercialPaperSchema, version=1)]
?[m?[37m[INFO] 10:34:05,779 [Test worker] persistence.HibernateConfiguration.makeSessionFactoryForSchemas - Creating session factory for schemas: [CommonSchemaV1(name=net.corda.core.schemas.CommonSchema, version=1), VaultSchemaV1(name=net.corda.node.services.vault.VaultSchema, version=1), NodeInfoSchemaV1(name=net.corda.node.internal.schemas.NodeInfoSchema, version=1), NodeCoreV1(name=net.corda.node.services.schema.NodeSchemaService$NodeCore, version=1), CashSchemaV1(name=net.corda.finance.schemas.CashSchema, version=1), CommercialPaperSchemaV1(name=net.corda.finance.schemas.CommercialPaperSchema, version=1)]
?[m?[37m[INFO] 10:34:05,784 [Test worker] internal.ConnectionProviderInitiator.initiateService - HHH000130: Instantiating explicit connection provider: net.corda.nodeapi.internal.persistence.HibernateConfiguration$NodeDatabaseConnectionProvider
?[m?[37m[INFO] 10:34:05,784 [Test worker] dialect.Dialect.<init> - HHH000400: Using dialect: org.hibernate.dialect.H2Dialect
?[m?[37m[INFO] 10:34:05,786 [Test worker] type.BasicTypeRegistry.register - HHH000270: Type registration [materialized_blob] overrides previous : org.hibernate.type.MaterializedBlobType@7a31aa45
?[m?[37m[INFO] 10:34:05,822 [Test worker] connections.access.getIsolatedConnection - HHH10001501: Connection obtained from JdbcConnectionAccess [org.hibernate.engine.jdbc.env.internal.JdbcEnvironmentInitiator$ConnectionProviderJdbcConnectionAccess@fae5ce6] for (non-JTA) DDL execution was not in auto-commit mode; the Connection 'local transaction' will be committed and the Connection will be set into auto-commit mode.
?[m?[37m[INFO] 10:34:05,857 [Test worker] persistence.HibernateConfiguration.makeSessionFactoryForSchemas - Created session factory for schemas: [CommonSchemaV1(name=net.corda.core.schemas.CommonSchema, version=1), VaultSchemaV1(name=net.corda.node.services.vault.VaultSchema, version=1), NodeInfoSchemaV1(name=net.corda.node.internal.schemas.NodeInfoSchema, version=1), NodeCoreV1(name=net.corda.node.services.schema.NodeSchemaService$NodeCore, version=1), CashSchemaV1(name=net.corda.finance.schemas.CashSchema, version=1), CommercialPaperSchemaV1(name=net.corda.finance.schemas.CommercialPaperSchema, version=1)]
?[m?[37m[INFO] 10:34:05,858 [Test worker] internal.InternalMockNetwork$MockNode.obtainIdentity - identity-private-key not found in key store, generating fresh key!
?[m?[37m[INFO] 10:34:05,871 [Test worker] internal.QueryTranslatorFactoryInitiator.initiateService - HHH000397: Using ASTQueryTranslatorFactory
?[m?[37m[INFO] 10:34:05,874 [Test worker] internal.InternalMockNetwork$MockNode.updateNodeInfo - Node-info has changed so submitting update. Old node-info was null
?[m?[37m[INFO] 10:34:05,874 [Test worker] network.PersistentNetworkMapCache.addNode - Adding node with info: NodeInfo(addresses=[mock.node:1000], legalIdentitiesAndCerts=[O=Bob Plc, L=Rome, C=IT], platformVersion=5, serial=1560936845874)
?[m?[37m[INFO] 10:34:05,875 [Test worker] network.PersistentNetworkMapCache.addNode - No previous node found
?[m?[37m[INFO] 10:34:05,879 [Test worker] internal.InternalMockNetwork$MockNode.updateNodeInfo - New node-info: NodeInfo(addresses=[mock.node:1000], legalIdentitiesAndCerts=[O=Bob Plc, L=Rome, C=IT], platformVersion=5, serial=1560936845874)
?[m?[37m[INFO] 10:34:05,883 [Test worker] network.NetworkMapUpdater.apply - Auto-accept enabled for network parameter changes which modify only: [epoch, modifiedTime, packageOwnership, whitelistedContractImplementations]
?[m?[37m[INFO] 10:34:05,885 [MockNode-15-2] network.PersistentNetworkMapCache.addNode - Adding node with info: NodeInfo(addresses=[mock.node:1000], legalIdentitiesAndCerts=[O=Bob Plc, L=Rome, C=IT], platformVersion=5, serial=1560936845874)
?[m?[31m[WARN] 10:34:05,887 [Test worker] utilities.AppendOnlyPersistentMapBase.set - Double insert in net.corda.node.utilities.AppendOnlyPersistentMap for entity class class net.corda.node.services.identity.PersistentIdentityService$PersistentIdentityNames key O=Bob Plc, L=Rome, C=IT, not inserting the second time
?[m?[37m[INFO] 10:34:05,888 [MockNode-15-2] network.PersistentNetworkMapCache.addNode - Previous node was identical to incoming one - doing nothing
?[m?[37m[INFO] 10:34:05,909 [Test worker] ClassloaderUtils.logElapsedTime - Contracts loading for '/var/folders/1r/w2pkkn4n22qdmrtblzd5t0200000gp/T/attachment273926905327833644.jar' took 19 msec
?[m?[37m[INFO] 10:34:05,932 [Test worker] persistence.NodeAttachmentService.invoke - Stored new attachment: id=C2F26FA5BD1C5A3BAF4F109838BD28196CED189F51176C80FCD8858A5E55E45F uploader=app filename=null
?[m?[37m[INFO] 10:34:05,934 [Test worker] cordapp.CordappConfigFileProvider.getConfigByName - Found config for cordapp corda-finance-workflows-5.0-SNAPSHOT-WILLH in build/mock-network/20190619-093403.663/nodes/2/cordapps/config/corda-finance-workflows-5.0-SNAPSHOT-WILLH.conf
?[m?[37m[INFO] 10:34:05,935 [Test worker] internal.InternalMockNetwork$MockNode.installCordaService - Installed net.corda.finance.internal.ConfigHolder Corda service
?[m?[37m[INFO] 10:34:05,938 [Test worker] statemachine.SingleThreadedStateMachineManager.invoke - Node ready, info: NodeInfo(addresses=[mock.node:1000], legalIdentitiesAndCerts=[O=Bob Plc, L=Rome, C=IT], platformVersion=5, serial=1560936845874)
?[m?[37m[INFO] 10:34:05,940 [Test worker] network.PersistentNetworkMapCache.addNode - Adding node with info: NodeInfo(addresses=[mock.node:1000], legalIdentitiesAndCerts=[O=Notary Service, L=Zurich, C=CH], platformVersion=5, serial=1560936844477)
?[m?[37m[INFO] 10:34:05,941 [Test worker] network.PersistentNetworkMapCache.addNode - No previous node found
?[m?[37m[INFO] 10:34:05,947 [Test worker] network.PersistentNetworkMapCache.addNode - Adding node with info: NodeInfo(addresses=[mock.node:1000], legalIdentitiesAndCerts=[O=Bob Plc, L=Rome, C=IT], platformVersion=5, serial=1560936845874)
?[m?[37m[INFO] 10:34:05,948 [Test worker] network.PersistentNetworkMapCache.addNode - No previous node found
?[m?[37m[INFO] 10:34:05,952 [Test worker] network.PersistentNetworkMapCache.addNode - Adding node with info: NodeInfo(addresses=[mock.node:1000], legalIdentitiesAndCerts=[O=Alice Corp, L=Madrid, C=ES], platformVersion=5, serial=1560936845178)
?[m?[37m[INFO] 10:34:05,953 [Test worker] network.PersistentNetworkMapCache.addNode - No previous node found
?[m?[37m[INFO] 10:34:05,957 [Test worker] network.PersistentNetworkMapCache.addNode - Adding node with info: NodeInfo(addresses=[mock.node:1000], legalIdentitiesAndCerts=[O=Bob Plc, L=Rome, C=IT], platformVersion=5, serial=1560936845874)
?[m?[37m[INFO] 10:34:05,958 [Test worker] network.PersistentNetworkMapCache.addNode - No previous node found
?[m?[37m[INFO] 10:34:05,965 [Test worker] network.PersistentNetworkMapCache.addNode - Adding node with info: NodeInfo(addresses=[mock.node:1000], legalIdentitiesAndCerts=[O=Bob Plc, L=Rome, C=IT], platformVersion=5, serial=1560936845874)
?[m?[37m[INFO] 10:34:05,965 [Test worker] network.PersistentNetworkMapCache.addNode - Previous node was identical to incoming one - doing nothing
?[m?[37m[INFO] 10:34:05,965 [Test worker] network.PersistentNetworkMapCache.addNode - Adding node with info: NodeInfo(addresses=[mock.node:1000], legalIdentitiesAndCerts=[O=Bob Plc, L=Rome, C=IT], platformVersion=5, serial=1560936845874)
?[m?[37m[INFO] 10:34:05,965 [Test worker] network.PersistentNetworkMapCache.addNode - Previous node was identical to incoming one - doing nothing
?[m?[37m[INFO] 10:34:05,970 [Test worker] cordapp.JarScanningCordappLoader.fromDirectories - Looking for CorDapps in [build/mock-network/20190619-093403.663/nodes/3/cordapps]
?[m?[37m[INFO] 10:34:05,971 [Test worker] cordapp.JarScanningCordappLoader.<init> - Loading CorDapps from RestrictedURL(url=file:/Users/williamhester/Desktop/Applications/confidential-identities/workflows/build/mock-network/20190619-093403.663/nodes/3/cordapps/corda-finance-contracts-5.0-SNAPSHOT-WILLH.jar, rootPackageName=null), RestrictedURL(url=file:/Users/williamhester/Desktop/Applications/confidential-identities/workflows/build/mock-network/20190619-093403.663/nodes/3/cordapps/corda-finance-workflows-5.0-SNAPSHOT-WILLH.jar, rootPackageName=null)
?[m?[37m[INFO] 10:34:05,971 [Test worker] cordapp.JarScanningCordappLoader.scanCordapp - Scanning CorDapp in file:/Users/williamhester/Desktop/Applications/confidential-identities/workflows/build/mock-network/20190619-093403.663/nodes/3/cordapps/corda-finance-contracts-5.0-SNAPSHOT-WILLH.jar
?[m?[37m[INFO] 10:34:05,996 [Test worker] cordapp.JarScanningCordappLoader.scanCordapp - Scanning CorDapp in file:/Users/williamhester/Desktop/Applications/confidential-identities/workflows/build/mock-network/20190619-093403.663/nodes/3/cordapps/corda-finance-workflows-5.0-SNAPSHOT-WILLH.jar
?[m?[37m[INFO] 10:34:06,027 [Test worker] internal.InternalMockNetwork$MockNode.start - Node starting up ...
?[m?[37m[INFO] 10:34:06,041 [Test worker] internal.NodeFlowManager.registerInitiatedFlow - Registered net.corda.finance.flows.CashExitFlow to initiate net.corda.finance.flows.CashExitResponderFlow (version 1)
?[m?[37m[INFO] 10:34:06,042 [Test worker] internal.NodeFlowManager.registerInitiatedFlow - Registered net.corda.finance.flows.CashPaymentFlow to initiate net.corda.finance.flows.CashPaymentReceiverFlow (version 1)
?[m?[37m[INFO] 10:34:06,044 [Test worker] internal.InternalMockNetwork$MockNode.start - Loaded network parameters: NetworkParameters {
      minimumPlatformVersion=1
      notaries=[NotaryInfo(identity=O=Notary Service, L=Zurich, C=CH, validating=true)]
      maxMessageSize=10485760
      maxTransactionSize=524288000
      whitelistedContractImplementations {
        
      }
      eventHorizon=PT720H
      packageOwnership {
        
      }
      modifiedTime=2019-06-19T09:34:03.663Z
      epoch=1
  }
?[m?[37m[INFO] 10:34:06,044 [Test worker] hikari.HikariDataSource.<init> - HikariPool-16 - Started.
?[m?[37m[INFO] 10:34:06,202 [Test worker] liquibase.info - Creating database history table with name: PUBLIC.DATABASECHANGELOG
?[m?[37m[INFO] 10:34:06,203 [Test worker] liquibase.info - Reading from PUBLIC.DATABASECHANGELOG
?[m?[37m[INFO] 10:34:06,210 [Test worker] liquibase.info - master.changelog.json: migration/vault-schema.changelog-pkey.xml::non-clustered_pk-11::R3.Corda: Skipping changeSet migration/vault-schema.changelog-pkey.xml::non-clustered_pk-11::R3.Corda due to validation error(s): clustered is not allowed on h2
?[m?[37m[INFO] 10:34:06,210 [Test worker] liquibase.info - master.changelog.json: migration/vault-schema.changelog-pkey.xml::non-clustered_pk-12::R3.Corda: Skipping changeSet migration/vault-schema.changelog-pkey.xml::non-clustered_pk-12::R3.Corda due to validation error(s): clustered is not allowed on h2
?[m?[37m[INFO] 10:34:06,210 [Test worker] liquibase.info - master.changelog.json: migration/vault-schema.changelog-pkey.xml::non-clustered_pk-13::R3.Corda: Skipping changeSet migration/vault-schema.changelog-pkey.xml::non-clustered_pk-13::R3.Corda due to validation error(s): clustered is not allowed on h2
?[m?[37m[INFO] 10:34:06,219 [Test worker] liquibase.info - master.changelog.json: migration/node-core.changelog-pkey.xml::non-clustered_pk-1::R3.Corda: Skipping changeSet migration/node-core.changelog-pkey.xml::non-clustered_pk-1::R3.Corda due to validation error(s): clustered is not allowed on h2
?[m?[37m[INFO] 10:34:06,219 [Test worker] liquibase.info - master.changelog.json: migration/node-core.changelog-pkey.xml::non-clustered_pk-2::R3.Corda: Skipping changeSet migration/node-core.changelog-pkey.xml::non-clustered_pk-2::R3.Corda due to validation error(s): clustered is not allowed on h2
?[m?[37m[INFO] 10:34:06,219 [Test worker] liquibase.info - master.changelog.json: migration/node-core.changelog-pkey.xml::non-clustered_pk-3::R3.Corda: Skipping changeSet migration/node-core.changelog-pkey.xml::non-clustered_pk-3::R3.Corda due to validation error(s): clustered is not allowed on h2
?[m?[37m[INFO] 10:34:06,219 [Test worker] liquibase.info - master.changelog.json: migration/node-core.changelog-pkey.xml::non-clustered_pk-4::R3.Corda: Skipping changeSet migration/node-core.changelog-pkey.xml::non-clustered_pk-4::R3.Corda due to validation error(s): clustered is not allowed on h2
?[m?[37m[INFO] 10:34:06,219 [Test worker] liquibase.info - master.changelog.json: migration/node-core.changelog-pkey.xml::non-clustered_pk-5::R3.Corda: Skipping changeSet migration/node-core.changelog-pkey.xml::non-clustered_pk-5::R3.Corda due to validation error(s): clustered is not allowed on h2
?[m?[37m[INFO] 10:34:06,220 [Test worker] liquibase.info - master.changelog.json: migration/node-core.changelog-pkey.xml::non-clustered_pk-6::R3.Corda: Skipping changeSet migration/node-core.changelog-pkey.xml::non-clustered_pk-6::R3.Corda due to validation error(s): clustered is not allowed on h2
?[m?[37m[INFO] 10:34:06,220 [Test worker] liquibase.info - master.changelog.json: migration/node-core.changelog-pkey.xml::non-clustered_pk-7::R3.Corda: Skipping changeSet migration/node-core.changelog-pkey.xml::non-clustered_pk-7::R3.Corda due to validation error(s): clustered is not allowed on h2
?[m?[37m[INFO] 10:34:06,222 [Test worker] liquibase.info - master.changelog.json: migration/cash.changelog-init.xml::non-clustered_pk-cash::R3.Corda: Skipping changeSet migration/cash.changelog-init.xml::non-clustered_pk-cash::R3.Corda due to validation error(s): clustered is not allowed on h2
?[m?[37m[INFO] 10:34:06,224 [Test worker] liquibase.info - master.changelog.json: migration/commercial-paper.changelog-init.xml::non-clustered_pk-commercial-paper::R3.Corda: Skipping changeSet migration/commercial-paper.changelog-init.xml::non-clustered_pk-commercial-paper::R3.Corda due to validation error(s): clustered is not allowed on h2
?[m?[37m[INFO] 10:34:06,225 [Test worker] liquibase.info - Successfully acquired change log lock
?[m?[37m[INFO] 10:34:06,227 [Test worker] liquibase.info - master.changelog.json: migration/vault-schema.changelog-pkey.xml::non-clustered_pk-11::R3.Corda: Skipping changeSet migration/vault-schema.changelog-pkey.xml::non-clustered_pk-11::R3.Corda due to validation error(s): clustered is not allowed on h2
?[m?[37m[INFO] 10:34:06,227 [Test worker] liquibase.info - master.changelog.json: migration/vault-schema.changelog-pkey.xml::non-clustered_pk-12::R3.Corda: Skipping changeSet migration/vault-schema.changelog-pkey.xml::non-clustered_pk-12::R3.Corda due to validation error(s): clustered is not allowed on h2
?[m?[37m[INFO] 10:34:06,227 [Test worker] liquibase.info - master.changelog.json: migration/vault-schema.changelog-pkey.xml::non-clustered_pk-13::R3.Corda: Skipping changeSet migration/vault-schema.changelog-pkey.xml::non-clustered_pk-13::R3.Corda due to validation error(s): clustered is not allowed on h2
?[m?[37m[INFO] 10:34:06,230 [Test worker] liquibase.info - master.changelog.json: migration/node-core.changelog-pkey.xml::non-clustered_pk-1::R3.Corda: Skipping changeSet migration/node-core.changelog-pkey.xml::non-clustered_pk-1::R3.Corda due to validation error(s): clustered is not allowed on h2
?[m?[37m[INFO] 10:34:06,230 [Test worker] liquibase.info - master.changelog.json: migration/node-core.changelog-pkey.xml::non-clustered_pk-2::R3.Corda: Skipping changeSet migration/node-core.changelog-pkey.xml::non-clustered_pk-2::R3.Corda due to validation error(s): clustered is not allowed on h2
?[m?[37m[INFO] 10:34:06,230 [Test worker] liquibase.info - master.changelog.json: migration/node-core.changelog-pkey.xml::non-clustered_pk-3::R3.Corda: Skipping changeSet migration/node-core.changelog-pkey.xml::non-clustered_pk-3::R3.Corda due to validation error(s): clustered is not allowed on h2
?[m?[37m[INFO] 10:34:06,230 [Test worker] liquibase.info - master.changelog.json: migration/node-core.changelog-pkey.xml::non-clustered_pk-4::R3.Corda: Skipping changeSet migration/node-core.changelog-pkey.xml::non-clustered_pk-4::R3.Corda due to validation error(s): clustered is not allowed on h2
?[m?[37m[INFO] 10:34:06,230 [Test worker] liquibase.info - master.changelog.json: migration/node-core.changelog-pkey.xml::non-clustered_pk-5::R3.Corda: Skipping changeSet migration/node-core.changelog-pkey.xml::non-clustered_pk-5::R3.Corda due to validation error(s): clustered is not allowed on h2
?[m?[37m[INFO] 10:34:06,230 [Test worker] liquibase.info - master.changelog.json: migration/node-core.changelog-pkey.xml::non-clustered_pk-6::R3.Corda: Skipping changeSet migration/node-core.changelog-pkey.xml::non-clustered_pk-6::R3.Corda due to validation error(s): clustered is not allowed on h2
?[m?[37m[INFO] 10:34:06,230 [Test worker] liquibase.info - master.changelog.json: migration/node-core.changelog-pkey.xml::non-clustered_pk-7::R3.Corda: Skipping changeSet migration/node-core.changelog-pkey.xml::non-clustered_pk-7::R3.Corda due to validation error(s): clustered is not allowed on h2
?[m?[37m[INFO] 10:34:06,231 [Test worker] liquibase.info - master.changelog.json: migration/cash.changelog-init.xml::non-clustered_pk-cash::R3.Corda: Skipping changeSet migration/cash.changelog-init.xml::non-clustered_pk-cash::R3.Corda due to validation error(s): clustered is not allowed on h2
?[m?[37m[INFO] 10:34:06,232 [Test worker] liquibase.info - master.changelog.json: migration/commercial-paper.changelog-init.xml::non-clustered_pk-commercial-paper::R3.Corda: Skipping changeSet migration/commercial-paper.changelog-init.xml::non-clustered_pk-commercial-paper::R3.Corda due to validation error(s): clustered is not allowed on h2
?[m?[37m[INFO] 10:34:06,233 [Test worker] liquibase.info - master.changelog.json: migration/common.changelog-init.xml::1511451595465-1.1::R3.Corda: Sequence hibernate_sequence created
?[m?[37m[INFO] 10:34:06,233 [Test worker] liquibase.info - master.changelog.json: migration/common.changelog-init.xml::1511451595465-1.1::R3.Corda: ChangeSet migration/common.changelog-init.xml::1511451595465-1.1::R3.Corda ran successfully in 1ms
?[m?[37m[INFO] 10:34:06,234 [Test worker] liquibase.info - master.changelog.json: migration/vault-schema.changelog-init.xml::1511451595465-22::R3.Corda: Table vault_fungible_states created
?[m?[37m[INFO] 10:34:06,234 [Test worker] liquibase.info - master.changelog.json: migration/vault-schema.changelog-init.xml::1511451595465-22::R3.Corda: ChangeSet migration/vault-schema.changelog-init.xml::1511451595465-22::R3.Corda ran successfully in 0ms
?[m?[37m[INFO] 10:34:06,235 [Test worker] liquibase.info - master.changelog.json: migration/vault-schema.changelog-init.xml::1511451595465-23::R3.Corda: Table vault_fungible_states_parts created
?[m?[37m[INFO] 10:34:06,235 [Test worker] liquibase.info - master.changelog.json: migration/vault-schema.changelog-init.xml::1511451595465-23::R3.Corda: ChangeSet migration/vault-schema.changelog-init.xml::1511451595465-23::R3.Corda ran successfully in 0ms
?[m?[37m[INFO] 10:34:06,236 [Test worker] liquibase.info - master.changelog.json: migration/vault-schema.changelog-init.xml::1511451595465-24::R3.Corda: Table vault_linear_states created
?[m?[37m[INFO] 10:34:06,236 [Test worker] liquibase.info - master.changelog.json: migration/vault-schema.changelog-init.xml::1511451595465-24::R3.Corda: ChangeSet migration/vault-schema.changelog-init.xml::1511451595465-24::R3.Corda ran successfully in 0ms
?[m?[37m[INFO] 10:34:06,237 [Test worker] liquibase.info - master.changelog.json: migration/vault-schema.changelog-init.xml::1511451595465-25::R3.Corda: Table vault_linear_states_parts created
?[m?[37m[INFO] 10:34:06,237 [Test worker] liquibase.info - master.changelog.json: migration/vault-schema.changelog-init.xml::1511451595465-25::R3.Corda: ChangeSet migration/vault-schema.changelog-init.xml::1511451595465-25::R3.Corda ran successfully in 0ms
?[m?[37m[INFO] 10:34:06,238 [Test worker] liquibase.info - master.changelog.json: migration/vault-schema.changelog-init.xml::1511451595465-26::R3.Corda: Table vault_states created
?[m?[37m[INFO] 10:34:06,238 [Test worker] liquibase.info - master.changelog.json: migration/vault-schema.changelog-init.xml::1511451595465-26::R3.Corda: ChangeSet migration/vault-schema.changelog-init.xml::1511451595465-26::R3.Corda ran successfully in 0ms
?[m?[37m[INFO] 10:34:06,239 [Test worker] liquibase.info - master.changelog.json: migration/vault-schema.changelog-init.xml::1511451595465-27::R3.Corda: Table vault_transaction_notes created
?[m?[37m[INFO] 10:34:06,239 [Test worker] liquibase.info - master.changelog.json: migration/vault-schema.changelog-init.xml::1511451595465-27::R3.Corda: ChangeSet migration/vault-schema.changelog-init.xml::1511451595465-27::R3.Corda ran successfully in 0ms
?[m?[37m[INFO] 10:34:06,240 [Test worker] liquibase.info - master.changelog.json: migration/vault-schema.changelog-init.xml::1511451595465-47::R3.Corda: Primary key added to vault_fungible_states (output_index, transaction_id)
?[m?[37m[INFO] 10:34:06,240 [Test worker] liquibase.info - master.changelog.json: migration/vault-schema.changelog-init.xml::1511451595465-47::R3.Corda: ChangeSet migration/vault-schema.changelog-init.xml::1511451595465-47::R3.Corda ran successfully in 0ms
?[m?[37m[INFO] 10:34:06,241 [Test worker] liquibase.info - master.changelog.json: migration/vault-schema.changelog-init.xml::1511451595465-48::R3.Corda: Primary key added to vault_linear_states (output_index, transaction_id)
?[m?[37m[INFO] 10:34:06,241 [Test worker] liquibase.info - master.changelog.json: migration/vault-schema.changelog-init.xml::1511451595465-48::R3.Corda: ChangeSet migration/vault-schema.changelog-init.xml::1511451595465-48::R3.Corda ran successfully in 0ms
?[m?[37m[INFO] 10:34:06,242 [Test worker] liquibase.info - master.changelog.json: migration/vault-schema.changelog-init.xml::1511451595465-49::R3.Corda: Primary key added to vault_states (output_index, transaction_id)
?[m?[37m[INFO] 10:34:06,242 [Test worker] liquibase.info - master.changelog.json: migration/vault-schema.changelog-init.xml::1511451595465-49::R3.Corda: ChangeSet migration/vault-schema.changelog-init.xml::1511451595465-49::R3.Corda ran successfully in 0ms
?[m?[37m[INFO] 10:34:06,243 [Test worker] liquibase.info - master.changelog.json: migration/vault-schema.changelog-init.xml::1511451595465-50::R3.Corda: Primary key added to vault_transaction_notes (seq_no)
?[m?[37m[INFO] 10:34:06,243 [Test worker] liquibase.info - master.changelog.json: migration/vault-schema.changelog-init.xml::1511451595465-50::R3.Corda: ChangeSet migration/vault-schema.changelog-init.xml::1511451595465-50::R3.Corda ran successfully in 0ms
?[m?[37m[INFO] 10:34:06,244 [Test worker] liquibase.info - master.changelog.json: migration/vault-schema.changelog-init.xml::1511451595465-53::R3.Corda: Index external_id_index created
?[m?[37m[INFO] 10:34:06,244 [Test worker] liquibase.info - master.changelog.json: migration/vault-schema.changelog-init.xml::1511451595465-53::R3.Corda: ChangeSet migration/vault-schema.changelog-init.xml::1511451595465-53::R3.Corda ran successfully in 0ms
?[m?[37m[INFO] 10:34:06,245 [Test worker] liquibase.info - master.changelog.json: migration/vault-schema.changelog-init.xml::1511451595465-55::R3.Corda: Index lock_id_idx created
?[m?[37m[INFO] 10:34:06,245 [Test worker] liquibase.info - master.changelog.json: migration/vault-schema.changelog-init.xml::1511451595465-55::R3.Corda: ChangeSet migration/vault-schema.changelog-init.xml::1511451595465-55::R3.Corda ran successfully in 1ms
?[m?[37m[INFO] 10:34:06,246 [Test worker] liquibase.info - master.changelog.json: migration/vault-schema.changelog-init.xml::1511451595465-58::R3.Corda: Index state_status_idx created
?[m?[37m[INFO] 10:34:06,246 [Test worker] liquibase.info - master.changelog.json: migration/vault-schema.changelog-init.xml::1511451595465-58::R3.Corda: ChangeSet migration/vault-schema.changelog-init.xml::1511451595465-58::R3.Corda ran successfully in 1ms
?[m?[37m[INFO] 10:34:06,247 [Test worker] liquibase.info - master.changelog.json: migration/vault-schema.changelog-init.xml::1511451595465-59::R3.Corda: Index transaction_id_index created
?[m?[37m[INFO] 10:34:06,247 [Test worker] liquibase.info - master.changelog.json: migration/vault-schema.changelog-init.xml::1511451595465-59::R3.Corda: ChangeSet migration/vault-schema.changelog-init.xml::1511451595465-59::R3.Corda ran successfully in 1ms
?[m?[37m[INFO] 10:34:06,248 [Test worker] liquibase.info - master.changelog.json: migration/vault-schema.changelog-init.xml::1511451595465-60::R3.Corda: Index uuid_index created
?[m?[37m[INFO] 10:34:06,248 [Test worker] liquibase.info - master.changelog.json: migration/vault-schema.changelog-init.xml::1511451595465-60::R3.Corda: ChangeSet migration/vault-schema.changelog-init.xml::1511451595465-60::R3.Corda ran successfully in 0ms
?[m?[37m[INFO] 10:34:06,249 [Test worker] liquibase.info - master.changelog.json: migration/vault-schema.changelog-init.xml::1511451595465-64::R3.Corda: Foreign key constraint added to vault_fungible_states_parts (output_index,transaction_id)
?[m?[37m[INFO] 10:34:06,249 [Test worker] liquibase.info - master.changelog.json: migration/vault-schema.changelog-init.xml::1511451595465-64::R3.Corda: ChangeSet migration/vault-schema.changelog-init.xml::1511451595465-64::R3.Corda ran successfully in 1ms
?[m?[37m[INFO] 10:34:06,250 [Test worker] liquibase.info - master.changelog.json: migration/vault-schema.changelog-init.xml::1511451595465-65::R3.Corda: Foreign key constraint added to vault_linear_states_parts (output_index,transaction_id)
?[m?[37m[INFO] 10:34:06,251 [Test worker] liquibase.info - master.changelog.json: migration/vault-schema.changelog-init.xml::1511451595465-65::R3.Corda: ChangeSet migration/vault-schema.changelog-init.xml::1511451595465-65::R3.Corda ran successfully in 0ms
?[m?[37m[INFO] 10:34:06,251 [Test worker] liquibase.info - master.changelog.json: migration/vault-schema.changelog-v3.xml::clean_vault::R3.Corda: Data deleted from vault_fungible_states_parts
?[m?[37m[INFO] 10:34:06,251 [Test worker] liquibase.info - master.changelog.json: migration/vault-schema.changelog-v3.xml::clean_vault::R3.Corda: Data deleted from vault_fungible_states
?[m?[37m[INFO] 10:34:06,252 [Test worker] liquibase.info - master.changelog.json: migration/vault-schema.changelog-v3.xml::clean_vault::R3.Corda: Data deleted from vault_linear_states_parts
?[m?[37m[INFO] 10:34:06,252 [Test worker] liquibase.info - master.changelog.json: migration/vault-schema.changelog-v3.xml::clean_vault::R3.Corda: Data deleted from vault_linear_states
?[m?[37m[INFO] 10:34:06,252 [Test worker] liquibase.info - master.changelog.json: migration/vault-schema.changelog-v3.xml::clean_vault::R3.Corda: Data deleted from vault_states
?[m?[37m[INFO] 10:34:06,252 [Test worker] liquibase.info - master.changelog.json: migration/vault-schema.changelog-v3.xml::clean_vault::R3.Corda: Data deleted from vault_transaction_notes
?[m?[37m[INFO] 10:34:06,252 [Test worker] liquibase.info - master.changelog.json: migration/vault-schema.changelog-v3.xml::clean_vault::R3.Corda: ChangeSet migration/vault-schema.changelog-v3.xml::clean_vault::R3.Corda ran successfully in 1ms
?[m?[37m[INFO] 10:34:06,253 [Test worker] liquibase.info - master.changelog.json: migration/vault-schema.changelog-v4.xml::nullability::R3.Corda: Null constraint has been added to vault_fungible_states.quantity
?[m?[37m[INFO] 10:34:06,253 [Test worker] liquibase.info - master.changelog.json: migration/vault-schema.changelog-v4.xml::nullability::R3.Corda: Null constraint has been added to vault_states.contract_state_class_name
?[m?[37m[INFO] 10:34:06,253 [Test worker] liquibase.info - master.changelog.json: migration/vault-schema.changelog-v4.xml::nullability::R3.Corda: Null constraint has been added to vault_states.notary_name
?[m?[37m[INFO] 10:34:06,254 [Test worker] liquibase.info - master.changelog.json: migration/vault-schema.changelog-v4.xml::nullability::R3.Corda: Null constraint has been added to vault_states.recorded_timestamp
?[m?[37m[INFO] 10:34:06,254 [Test worker] liquibase.info - master.changelog.json: migration/vault-schema.changelog-v4.xml::nullability::R3.Corda: Index state_status_idx dropped from table vault_states
?[m?[37m[INFO] 10:34:06,254 [Test worker] liquibase.info - master.changelog.json: migration/vault-schema.changelog-v4.xml::nullability::R3.Corda: Index lock_id_idx dropped from table vault_states
?[m?[37m[INFO] 10:34:06,254 [Test worker] liquibase.info - master.changelog.json: migration/vault-schema.changelog-v4.xml::nullability::R3.Corda: Null constraint has been added to vault_states.state_status
?[m?[37m[INFO] 10:34:06,255 [Test worker] liquibase.info - master.changelog.json: migration/vault-schema.changelog-v4.xml::nullability::R3.Corda: Index state_status_idx created
?[m?[37m[INFO] 10:34:06,255 [Test worker] liquibase.info - master.changelog.json: migration/vault-schema.changelog-v4.xml::nullability::R3.Corda: Index lock_id_idx created
?[m?[37m[INFO] 10:34:06,255 [Test worker] liquibase.info - master.changelog.json: migration/vault-schema.changelog-v4.xml::nullability::R3.Corda: Index transaction_id_index dropped from table vault_transaction_notes
?[m?[37m[INFO] 10:34:06,256 [Test worker] liquibase.info - master.changelog.json: migration/vault-schema.changelog-v4.xml::nullability::R3.Corda: Null constraint has been added to vault_transaction_notes.note
?[m?[37m[INFO] 10:34:06,256 [Test worker] liquibase.info - master.changelog.json: migration/vault-schema.changelog-v4.xml::nullability::R3.Corda: Null constraint has been added to vault_transaction_notes.transaction_id
?[m?[37m[INFO] 10:34:06,256 [Test worker] liquibase.info - master.changelog.json: migration/vault-schema.changelog-v4.xml::nullability::R3.Corda: Index transaction_id_index created
?[m?[37m[INFO] 10:34:06,256 [Test worker] liquibase.info - master.changelog.json: migration/vault-schema.changelog-v4.xml::nullability::R3.Corda: ChangeSet migration/vault-schema.changelog-v4.xml::nullability::R3.Corda ran successfully in 3ms
?[m?[37m[INFO] 10:34:06,261 [Test worker] liquibase.info - master.changelog.json: migration/vault-schema.changelog-v5.xml::add_relevancy_status_column::R3.Corda: Columns relevancy_status(INT) added to vault_states
?[m?[37m[INFO] 10:34:06,261 [Test worker] liquibase.info - master.changelog.json: migration/vault-schema.changelog-v5.xml::add_relevancy_status_column::R3.Corda: Data updated in vault_states
?[m?[37m[INFO] 10:34:06,261 [Test worker] liquibase.info - master.changelog.json: migration/vault-schema.changelog-v5.xml::add_relevancy_status_column::R3.Corda: Null constraint has been added to vault_states.relevancy_status
?[m?[37m[INFO] 10:34:06,262 [Test worker] liquibase.info - master.changelog.json: migration/vault-schema.changelog-v5.xml::add_relevancy_status_column::R3.Corda: ChangeSet migration/vault-schema.changelog-v5.xml::add_relevancy_status_column::R3.Corda ran successfully in 1ms
?[m?[37m[INFO] 10:34:06,263 [Test worker] liquibase.info - master.changelog.json: migration/vault-schema.changelog-v6.xml::add_is_constraint_information_columns::R3.Corda: Columns constraint_type(INT) added to vault_states
?[m?[37m[INFO] 10:34:06,264 [Test worker] liquibase.info - master.changelog.json: migration/vault-schema.changelog-v6.xml::add_is_constraint_information_columns::R3.Corda: Columns constraint_data(varbinary(563)) added to vault_states
?[m?[37m[INFO] 10:34:06,264 [Test worker] liquibase.info - master.changelog.json: migration/vault-schema.changelog-v6.xml::add_is_constraint_information_columns::R3.Corda: ChangeSet migration/vault-schema.changelog-v6.xml::add_is_constraint_information_columns::R3.Corda ran successfully in 2ms
?[m?[37m[INFO] 10:34:06,265 [Test worker] liquibase.info - master.changelog.json: migration/vault-schema.changelog-v7.xml::make_issuer_ref_nullable::R3.Corda: Null constraint dropped from vault_fungible_states.issuer_ref
?[m?[37m[INFO] 10:34:06,265 [Test worker] liquibase.info - master.changelog.json: migration/vault-schema.changelog-v7.xml::make_issuer_ref_nullable::R3.Corda: ChangeSet migration/vault-schema.changelog-v7.xml::make_issuer_ref_nullable::R3.Corda ran successfully in 0ms
?[m?[37m[INFO] 10:34:06,266 [Test worker] liquibase.info - master.changelog.json: migration/vault-schema.changelog-v8.xml::create-external-id-to-state-party-view::R3.Corda: Table state_party created
?[m?[37m[INFO] 10:34:06,266 [Test worker] liquibase.info - master.changelog.json: migration/vault-schema.changelog-v8.xml::create-external-id-to-state-party-view::R3.Corda: Index state_pk_hash_idx created
?[m?[37m[INFO] 10:34:06,267 [Test worker] liquibase.info - master.changelog.json: migration/vault-schema.changelog-v8.xml::create-external-id-to-state-party-view::R3.Corda: Table pk_hash_to_ext_id_map created
?[m?[37m[INFO] 10:34:06,267 [Test worker] liquibase.info - master.changelog.json: migration/vault-schema.changelog-v8.xml::create-external-id-to-state-party-view::R3.Corda: Index pk_hash_to_xid_idx created
?[m?[37m[INFO] 10:34:06,267 [Test worker] liquibase.info - master.changelog.json: migration/vault-schema.changelog-v8.xml::create-external-id-to-state-party-view::R3.Corda: View v_pkey_hash_ex_id_map created
?[m?[37m[INFO] 10:34:06,267 [Test worker] liquibase.info - master.changelog.json: migration/vault-schema.changelog-v8.xml::create-external-id-to-state-party-view::R3.Corda: ChangeSet migration/vault-schema.changelog-v8.xml::create-external-id-to-state-party-view::R3.Corda ran successfully in 1ms
?[m?[37m[INFO] 10:34:06,268 [Test worker] liquibase.info - master.changelog.json: migration/node-info.changelog-init.xml::1511451595465-4::R3.Corda: Table node_link_nodeinfo_party created
?[m?[37m[INFO] 10:34:06,269 [Test worker] liquibase.info - master.changelog.json: migration/node-info.changelog-init.xml::1511451595465-4::R3.Corda: ChangeSet migration/node-info.changelog-init.xml::1511451595465-4::R3.Corda ran successfully in 0ms
?[m?[37m[INFO] 10:34:06,270 [Test worker] liquibase.info - master.changelog.json: migration/node-info.changelog-init.xml::1511451595465-10::R3.Corda: Table node_info_hosts created
?[m?[37m[INFO] 10:34:06,270 [Test worker] liquibase.info - master.changelog.json: migration/node-info.changelog-init.xml::1511451595465-10::R3.Corda: ChangeSet migration/node-info.changelog-init.xml::1511451595465-10::R3.Corda ran successfully in 1ms
?[m?[37m[INFO] 10:34:06,271 [Test worker] liquibase.info - master.changelog.json: migration/node-info.changelog-init.xml::1511451595465-11::R3.Corda: Table node_info_party_cert created
?[m?[37m[INFO] 10:34:06,271 [Test worker] liquibase.info - master.changelog.json: migration/node-info.changelog-init.xml::1511451595465-11::R3.Corda: ChangeSet migration/node-info.changelog-init.xml::1511451595465-11::R3.Corda ran successfully in 1ms
?[m?[37m[INFO] 10:34:06,272 [Test worker] liquibase.info - master.changelog.json: migration/node-info.changelog-init.xml::1511451595465-12::R3.Corda: Table node_infos created
?[m?[37m[INFO] 10:34:06,272 [Test worker] liquibase.info - master.changelog.json: migration/node-info.changelog-init.xml::1511451595465-12::R3.Corda: ChangeSet migration/node-info.changelog-init.xml::1511451595465-12::R3.Corda ran successfully in 1ms
?[m?[37m[INFO] 10:34:06,273 [Test worker] liquibase.info - master.changelog.json: migration/node-info.changelog-init.xml::1511451595465-35::R3.Corda: Primary key added to node_info_hosts (host, port)
?[m?[37m[INFO] 10:34:06,273 [Test worker] liquibase.info - master.changelog.json: migration/node-info.changelog-init.xml::1511451595465-35::R3.Corda: ChangeSet migration/node-info.changelog-init.xml::1511451595465-35::R3.Corda ran successfully in 1ms
?[m?[37m[INFO] 10:34:06,274 [Test worker] liquibase.info - master.changelog.json: migration/node-info.changelog-init.xml::1511451595465-36::R3.Corda: Primary key added to node_info_party_cert (party_name)
?[m?[37m[INFO] 10:34:06,274 [Test worker] liquibase.info - master.changelog.json: migration/node-info.changelog-init.xml::1511451595465-36::R3.Corda: ChangeSet migration/node-info.changelog-init.xml::1511451595465-36::R3.Corda ran successfully in 0ms
?[m?[37m[INFO] 10:34:06,275 [Test worker] liquibase.info - master.changelog.json: migration/node-info.changelog-init.xml::1511451595465-37::R3.Corda: Primary key added to node_infos (node_info_id)
?[m?[37m[INFO] 10:34:06,275 [Test worker] liquibase.info - master.changelog.json: migration/node-info.changelog-init.xml::1511451595465-37::R3.Corda: ChangeSet migration/node-info.changelog-init.xml::1511451595465-37::R3.Corda ran successfully in 0ms
?[m?[37m[INFO] 10:34:06,276 [Test worker] liquibase.info - master.changelog.json: migration/node-info.changelog-init.xml::1511451595465-62::R3.Corda: Foreign key constraint added to node_link_nodeinfo_party (node_info_id)
?[m?[37m[INFO] 10:34:06,276 [Test worker] liquibase.info - master.changelog.json: migration/node-info.changelog-init.xml::1511451595465-62::R3.Corda: ChangeSet migration/node-info.changelog-init.xml::1511451595465-62::R3.Corda ran successfully in 0ms
?[m?[37m[INFO] 10:34:06,277 [Test worker] liquibase.info - master.changelog.json: migration/node-info.changelog-init.xml::1511451595465-63::R3.Corda: Foreign key constraint added to node_info_hosts (node_info_id)
?[m?[37m[INFO] 10:34:06,278 [Test worker] liquibase.info - master.changelog.json: migration/node-info.changelog-init.xml::1511451595465-63::R3.Corda: ChangeSet migration/node-info.changelog-init.xml::1511451595465-63::R3.Corda ran successfully in 0ms
?[m?[37m[INFO] 10:34:06,278 [Test worker] liquibase.info - master.changelog.json: migration/node-info.changelog-init.xml::remove_host_port_pk::R3.Corda: Data deleted from node_infos
?[m?[37m[INFO] 10:34:06,279 [Test worker] liquibase.info - master.changelog.json: migration/node-info.changelog-init.xml::remove_host_port_pk::R3.Corda: Data deleted from node_link_nodeinfo_party
?[m?[37m[INFO] 10:34:06,279 [Test worker] liquibase.info - master.changelog.json: migration/node-info.changelog-init.xml::remove_host_port_pk::R3.Corda: Data deleted from node_info_hosts
?[m?[37m[INFO] 10:34:06,279 [Test worker] liquibase.info - master.changelog.json: migration/node-info.changelog-init.xml::remove_host_port_pk::R3.Corda: Data deleted from node_info_party_cert
?[m?[37m[INFO] 10:34:06,279 [Test worker] liquibase.info - master.changelog.json: migration/node-info.changelog-init.xml::remove_host_port_pk::R3.Corda: Primary key dropped from node_info_hosts
?[m?[37m[INFO] 10:34:06,280 [Test worker] liquibase.info - master.changelog.json: migration/node-info.changelog-init.xml::remove_host_port_pk::R3.Corda: Columns hosts_id(INT) added to node_info_hosts
?[m?[37m[INFO] 10:34:06,280 [Test worker] liquibase.info - master.changelog.json: migration/node-info.changelog-init.xml::remove_host_port_pk::R3.Corda: Primary key added to node_info_hosts (hosts_id)
?[m?[37m[INFO] 10:34:06,280 [Test worker] liquibase.info - master.changelog.json: migration/node-info.changelog-init.xml::remove_host_port_pk::R3.Corda: ChangeSet migration/node-info.changelog-init.xml::remove_host_port_pk::R3.Corda ran successfully in 2ms
?[m?[37m[INFO] 10:34:06,281 [Test worker] liquibase.info - master.changelog.json: migration/node-info.changelog-v1.xml::key/value node properties table::R3.Corda: Table node_properties created
?[m?[37m[INFO] 10:34:06,281 [Test worker] liquibase.info - master.changelog.json: migration/node-info.changelog-v1.xml::key/value node properties table::R3.Corda: ChangeSet migration/node-info.changelog-v1.xml::key/value node properties table::R3.Corda ran successfully in 0ms
?[m?[37m[INFO] 10:34:06,282 [Test worker] liquibase.info - master.changelog.json: migration/node-info.changelog-v2.xml::1525962920::R3.Corda: Null constraint has been added to node_infos.node_info_hash
?[m?[37m[INFO] 10:34:06,282 [Test worker] liquibase.info - master.changelog.json: migration/node-info.changelog-v2.xml::1525962920::R3.Corda: Null constraint has been added to node_infos.platform_version
?[m?[37m[INFO] 10:34:06,283 [Test worker] liquibase.info - master.changelog.json: migration/node-info.changelog-v2.xml::1525962920::R3.Corda: Null constraint has been added to node_infos.serial
?[m?[37m[INFO] 10:34:06,283 [Test worker] liquibase.info - master.changelog.json: migration/node-info.changelog-v2.xml::1525962920::R3.Corda: Null constraint dropped from node_info_hosts.host
?[m?[37m[INFO] 10:34:06,283 [Test worker] liquibase.info - master.changelog.json: migration/node-info.changelog-v2.xml::1525962920::R3.Corda: Null constraint dropped from node_info_hosts.port
?[m?[37m[INFO] 10:34:06,283 [Test worker] liquibase.info - master.changelog.json: migration/node-info.changelog-v2.xml::1525962920::R3.Corda: Null constraint has been added to node_info_party_cert.owning_key_hash
?[m?[37m[INFO] 10:34:06,283 [Test worker] liquibase.info - master.changelog.json: migration/node-info.changelog-v2.xml::1525962920::R3.Corda: Null constraint has been added to node_info_party_cert.party_cert_binary
?[m?[37m[INFO] 10:34:06,283 [Test worker] liquibase.info - master.changelog.json: migration/node-info.changelog-v2.xml::1525962920::R3.Corda: ChangeSet migration/node-info.changelog-v2.xml::1525962920::R3.Corda ran successfully in 1ms
?[m?[37m[INFO] 10:34:06,284 [Test worker] liquibase.info - master.changelog.json: migration/node-info.changelog-v3.xml::column_host_name::R3.Corda: Column node_info_hosts.host renamed to host_name
?[m?[37m[INFO] 10:34:06,285 [Test worker] liquibase.info - master.changelog.json: migration/node-info.changelog-v3.xml::column_host_name::R3.Corda: ChangeSet migration/node-info.changelog-v3.xml::column_host_name::R3.Corda ran successfully in 0ms
?[m?[37m[INFO] 10:34:06,286 [Test worker] liquibase.info - master.changelog.json: migration/node-services.changelog-init.xml::1511451595465-5::R3.Corda: Table node_attachments created
?[m?[37m[INFO] 10:34:06,286 [Test worker] liquibase.info - master.changelog.json: migration/node-services.changelog-init.xml::1511451595465-5::R3.Corda: ChangeSet migration/node-services.changelog-init.xml::1511451595465-5::R3.Corda ran successfully in 1ms
?[m?[37m[INFO] 10:34:06,287 [Test worker] liquibase.info - master.changelog.json: migration/node-services.changelog-init.xml::1511451595465-7::R3.Corda: Table node_checkpoints created
?[m?[37m[INFO] 10:34:06,287 [Test worker] liquibase.info - master.changelog.json: migration/node-services.changelog-init.xml::1511451595465-7::R3.Corda: ChangeSet migration/node-services.changelog-init.xml::1511451595465-7::R3.Corda ran successfully in 1ms
?[m?[37m[INFO] 10:34:06,287 [Test worker] liquibase.info - master.changelog.json: migration/node-services.changelog-init.xml::1511451595465-8::R3.Corda: Table node_contract_upgrades created
?[m?[37m[INFO] 10:34:06,288 [Test worker] liquibase.info - master.changelog.json: migration/node-services.changelog-init.xml::1511451595465-8::R3.Corda: ChangeSet migration/node-services.changelog-init.xml::1511451595465-8::R3.Corda ran successfully in 0ms
?[m?[37m[INFO] 10:34:06,288 [Test worker] liquibase.info - master.changelog.json: migration/node-services.changelog-init.xml::1511451595465-9::R3.Corda: Table node_identities created
?[m?[37m[INFO] 10:34:06,288 [Test worker] liquibase.info - master.changelog.json: migration/node-services.changelog-init.xml::1511451595465-9::R3.Corda: ChangeSet migration/node-services.changelog-init.xml::1511451595465-9::R3.Corda ran successfully in 0ms
?[m?[37m[INFO] 10:34:06,289 [Test worker] liquibase.info - master.changelog.json: migration/node-services.changelog-init.xml::1511451595465-13::R3.Corda: Table node_message_ids created
?[m?[37m[INFO] 10:34:06,289 [Test worker] liquibase.info - master.changelog.json: migration/node-services.changelog-init.xml::1511451595465-13::R3.Corda: ChangeSet migration/node-services.changelog-init.xml::1511451595465-13::R3.Corda ran successfully in 0ms
?[m?[37m[INFO] 10:34:06,290 [Test worker] liquibase.info - master.changelog.json: migration/node-services.changelog-init.xml::1511451595465-14::R3.Corda: Table node_message_retry created
?[m?[37m[INFO] 10:34:06,290 [Test worker] liquibase.info - master.changelog.json: migration/node-services.changelog-init.xml::1511451595465-14::R3.Corda: ChangeSet migration/node-services.changelog-init.xml::1511451595465-14::R3.Corda ran successfully in 0ms
?[m?[37m[INFO] 10:34:06,291 [Test worker] liquibase.info - master.changelog.json: migration/node-services.changelog-init.xml::1511451595465-15::R3.Corda: Table node_named_identities created
?[m?[37m[INFO] 10:34:06,291 [Test worker] liquibase.info - master.changelog.json: migration/node-services.changelog-init.xml::1511451595465-15::R3.Corda: ChangeSet migration/node-services.changelog-init.xml::1511451595465-15::R3.Corda ran successfully in 0ms
?[m?[37m[INFO] 10:34:06,292 [Test worker] liquibase.info - master.changelog.json: migration/node-services.changelog-init.xml::1511451595465-17::R3.Corda: Table node_our_key_pairs created
?[m?[37m[INFO] 10:34:06,292 [Test worker] liquibase.info - master.changelog.json: migration/node-services.changelog-init.xml::1511451595465-17::R3.Corda: ChangeSet migration/node-services.changelog-init.xml::1511451595465-17::R3.Corda ran successfully in 0ms
?[m?[37m[INFO] 10:34:06,293 [Test worker] liquibase.info - master.changelog.json: migration/node-services.changelog-init.xml::1511451595465-19::R3.Corda: Table node_scheduled_states created
?[m?[37m[INFO] 10:34:06,293 [Test worker] liquibase.info - master.changelog.json: migration/node-services.changelog-init.xml::1511451595465-19::R3.Corda: ChangeSet migration/node-services.changelog-init.xml::1511451595465-19::R3.Corda ran successfully in 0ms
?[m?[37m[INFO] 10:34:06,294 [Test worker] liquibase.info - master.changelog.json: migration/node-services.changelog-init.xml::1511451595465-20::R3.Corda: Table node_transaction_mappings created
?[m?[37m[INFO] 10:34:06,294 [Test worker] liquibase.info - master.changelog.json: migration/node-services.changelog-init.xml::1511451595465-20::R3.Corda: ChangeSet migration/node-services.changelog-init.xml::1511451595465-20::R3.Corda ran successfully in 0ms
?[m?[37m[INFO] 10:34:06,295 [Test worker] liquibase.info - master.changelog.json: migration/node-services.changelog-init.xml::1511451595465-21::R3.Corda: Table node_transactions created
?[m?[37m[INFO] 10:34:06,295 [Test worker] liquibase.info - master.changelog.json: migration/node-services.changelog-init.xml::1511451595465-21::R3.Corda: ChangeSet migration/node-services.changelog-init.xml::1511451595465-21::R3.Corda ran successfully in 0ms
?[m?[37m[INFO] 10:34:06,296 [Test worker] liquibase.info - master.changelog.json: migration/node-services.changelog-init.xml::1511451595465-30::R3.Corda: Primary key added to node_attachments (att_id)
?[m?[37m[INFO] 10:34:06,296 [Test worker] liquibase.info - master.changelog.json: migration/node-services.changelog-init.xml::1511451595465-30::R3.Corda: ChangeSet migration/node-services.changelog-init.xml::1511451595465-30::R3.Corda ran successfully in 0ms
?[m?[37m[INFO] 10:34:06,297 [Test worker] liquibase.info - master.changelog.json: migration/node-services.changelog-init.xml::1511451595465-32::R3.Corda: Primary key added to node_checkpoints (checkpoint_id)
?[m?[37m[INFO] 10:34:06,297 [Test worker] liquibase.info - master.changelog.json: migration/node-services.changelog-init.xml::1511451595465-32::R3.Corda: ChangeSet migration/node-services.changelog-init.xml::1511451595465-32::R3.Corda ran successfully in 0ms
?[m?[37m[INFO] 10:34:06,298 [Test worker] liquibase.info - master.changelog.json: migration/node-services.changelog-init.xml::1511451595465-33::R3.Corda: Primary key added to node_contract_upgrades (state_ref)
?[m?[37m[INFO] 10:34:06,298 [Test worker] liquibase.info - master.changelog.json: migration/node-services.changelog-init.xml::1511451595465-33::R3.Corda: ChangeSet migration/node-services.changelog-init.xml::1511451595465-33::R3.Corda ran successfully in 0ms
?[m?[37m[INFO] 10:34:06,299 [Test worker] liquibase.info - master.changelog.json: migration/node-services.changelog-init.xml::1511451595465-34::R3.Corda: Primary key added to node_identities (pk_hash)
?[m?[37m[INFO] 10:34:06,299 [Test worker] liquibase.info - master.changelog.json: migration/node-services.changelog-init.xml::1511451595465-34::R3.Corda: ChangeSet migration/node-services.changelog-init.xml::1511451595465-34::R3.Corda ran successfully in 0ms
?[m?[37m[INFO] 10:34:06,300 [Test worker] liquibase.info - master.changelog.json: migration/node-services.changelog-init.xml::1511451595465-38::R3.Corda: Primary key added to node_message_ids (message_id)
?[m?[37m[INFO] 10:34:06,300 [Test worker] liquibase.info - master.changelog.json: migration/node-services.changelog-init.xml::1511451595465-38::R3.Corda: ChangeSet migration/node-services.changelog-init.xml::1511451595465-38::R3.Corda ran successfully in 0ms
?[m?[37m[INFO] 10:34:06,301 [Test worker] liquibase.info - master.changelog.json: migration/node-services.changelog-init.xml::1511451595465-39::R3.Corda: Primary key added to node_message_retry (message_id)
?[m?[37m[INFO] 10:34:06,302 [Test worker] liquibase.info - master.changelog.json: migration/node-services.changelog-init.xml::1511451595465-39::R3.Corda: ChangeSet migration/node-services.changelog-init.xml::1511451595465-39::R3.Corda ran successfully in 1ms
?[m?[37m[INFO] 10:34:06,303 [Test worker] liquibase.info - master.changelog.json: migration/node-services.changelog-init.xml::1511451595465-40::R3.Corda: Primary key added to node_named_identities (name)
?[m?[37m[INFO] 10:34:06,303 [Test worker] liquibase.info - master.changelog.json: migration/node-services.changelog-init.xml::1511451595465-40::R3.Corda: ChangeSet migration/node-services.changelog-init.xml::1511451595465-40::R3.Corda ran successfully in 1ms
?[m?[37m[INFO] 10:34:06,304 [Test worker] liquibase.info - master.changelog.json: migration/node-services.changelog-init.xml::1511451595465-42::R3.Corda: Primary key added to node_our_key_pairs (public_key_hash)
?[m?[37m[INFO] 10:34:06,304 [Test worker] liquibase.info - master.changelog.json: migration/node-services.changelog-init.xml::1511451595465-42::R3.Corda: ChangeSet migration/node-services.changelog-init.xml::1511451595465-42::R3.Corda ran successfully in 0ms
?[m?[37m[INFO] 10:34:06,305 [Test worker] liquibase.info - master.changelog.json: migration/node-services.changelog-init.xml::1511451595465-44::R3.Corda: Primary key added to node_scheduled_states (output_index, transaction_id)
?[m?[37m[INFO] 10:34:06,305 [Test worker] liquibase.info - master.changelog.json: migration/node-services.changelog-init.xml::1511451595465-44::R3.Corda: ChangeSet migration/node-services.changelog-init.xml::1511451595465-44::R3.Corda ran successfully in 0ms
?[m?[37m[INFO] 10:34:06,306 [Test worker] liquibase.info - master.changelog.json: migration/node-services.changelog-init.xml::1511451595465-45::R3.Corda: Primary key added to node_transaction_mappings (tx_id)
?[m?[37m[INFO] 10:34:06,306 [Test worker] liquibase.info - master.changelog.json: migration/node-services.changelog-init.xml::1511451595465-45::R3.Corda: ChangeSet migration/node-services.changelog-init.xml::1511451595465-45::R3.Corda ran successfully in 0ms
?[m?[37m[INFO] 10:34:06,307 [Test worker] liquibase.info - master.changelog.json: migration/node-services.changelog-init.xml::1511451595465-46::R3.Corda: Primary key added to node_transactions (tx_id)
?[m?[37m[INFO] 10:34:06,307 [Test worker] liquibase.info - master.changelog.json: migration/node-services.changelog-init.xml::1511451595465-46::R3.Corda: ChangeSet migration/node-services.changelog-init.xml::1511451595465-46::R3.Corda ran successfully in 0ms
?[m?[37m[INFO] 10:34:06,309 [Test worker] liquibase.info - master.changelog.json: migration/node-services.changelog-init.xml::1511451595465-61::R3.Corda: Foreign key constraint added to node_link_nodeinfo_party (party_name)
?[m?[37m[INFO] 10:34:06,309 [Test worker] liquibase.info - master.changelog.json: migration/node-services.changelog-init.xml::1511451595465-61::R3.Corda: ChangeSet migration/node-services.changelog-init.xml::1511451595465-61::R3.Corda ran successfully in 1ms
?[m?[37m[INFO] 10:34:06,310 [Test worker] liquibase.info - master.changelog.json: migration/node-services.changelog-init.xml::add index att_id::R3.Corda: Index att_id_idx created
?[m?[37m[INFO] 10:34:06,310 [Test worker] liquibase.info - master.changelog.json: migration/node-services.changelog-init.xml::add index att_id::R3.Corda: ChangeSet migration/node-services.changelog-init.xml::add index att_id::R3.Corda ran successfully in 1ms
?[m?[37m[INFO] 10:34:06,311 [Test worker] liquibase.info - master.changelog.json: migration/node-services.changelog-init.xml::add_contract_attachment::R3.Corda: Table node_attchments_contracts created
?[m?[37m[INFO] 10:34:06,311 [Test worker] liquibase.info - master.changelog.json: migration/node-services.changelog-init.xml::add_contract_attachment::R3.Corda: Foreign key constraint added to node_attchments_contracts (att_id)
?[m?[37m[INFO] 10:34:06,311 [Test worker] liquibase.info - master.changelog.json: migration/node-services.changelog-init.xml::add_contract_attachment::R3.Corda: Data deleted from node_attachments
?[m?[37m[INFO] 10:34:06,311 [Test worker] liquibase.info - master.changelog.json: migration/node-services.changelog-init.xml::add_contract_attachment::R3.Corda: ChangeSet migration/node-services.changelog-init.xml::add_contract_attachment::R3.Corda ran successfully in 1ms
?[m?[37m[INFO] 10:34:06,313 [Test worker] liquibase.info - master.changelog.json: migration/node-services.changelog-init.xml::add_dedup_columns::R3.Corda: Columns sender(NVARCHAR(64)),sequence_number(BIGINT) added to node_message_ids
?[m?[37m[INFO] 10:34:06,314 [Test worker] liquibase.info - master.changelog.json: migration/node-services.changelog-init.xml::add_dedup_columns::R3.Corda: ChangeSet migration/node-services.changelog-init.xml::add_dedup_columns::R3.Corda ran successfully in 1ms
?[m?[37m[INFO] 10:34:06,314 [Test worker] liquibase.info - master.changelog.json: migration/node-core.changelog-v4.xml::attchments_rename::R3.Corda: Table node_attchments_contracts renamed to node_attachments_contracts
?[m?[37m[INFO] 10:34:06,315 [Test worker] liquibase.info - master.changelog.json: migration/node-core.changelog-v4.xml::attchments_rename::R3.Corda: ChangeSet migration/node-core.changelog-v4.xml::attchments_rename::R3.Corda ran successfully in 0ms
?[m?[37m[INFO] 10:34:06,315 [Test worker] liquibase.info - master.changelog.json: migration/node-core.changelog-v4.xml::nullability::R3.Corda: Null constraint has been added to node_identities.identity_value
?[m?[37m[INFO] 10:34:06,316 [Test worker] liquibase.info - master.changelog.json: migration/node-core.changelog-v4.xml::nullability::R3.Corda: Null constraint has been added to node_attachments.content
?[m?[37m[INFO] 10:34:06,316 [Test worker] liquibase.info - master.changelog.json: migration/node-core.changelog-v4.xml::nullability::R3.Corda: Null constraint has been added to node_attachments_contracts.contract_class_name
?[m?[37m[INFO] 10:34:06,316 [Test worker] liquibase.info - master.changelog.json: migration/node-core.changelog-v4.xml::nullability::R3.Corda: Null constraint has been added to node_checkpoints.checkpoint_value
?[m?[37m[INFO] 10:34:06,316 [Test worker] liquibase.info - master.changelog.json: migration/node-core.changelog-v4.xml::nullability::R3.Corda: Null constraint has been added to node_contract_upgrades.contract_class_name
?[m?[37m[INFO] 10:34:06,316 [Test worker] liquibase.info - master.changelog.json: migration/node-core.changelog-v4.xml::nullability::R3.Corda: Null constraint has been added to node_message_ids.insertion_time
?[m?[37m[INFO] 10:34:06,316 [Test worker] liquibase.info - master.changelog.json: migration/node-core.changelog-v4.xml::nullability::R3.Corda: Null constraint has been added to node_message_retry.message
?[m?[37m[INFO] 10:34:06,317 [Test worker] liquibase.info - master.changelog.json: migration/node-core.changelog-v4.xml::nullability::R3.Corda: Null constraint has been added to node_message_retry.recipients
?[m?[37m[INFO] 10:34:06,317 [Test worker] liquibase.info - master.changelog.json: migration/node-core.changelog-v4.xml::nullability::R3.Corda: Null constraint has been added to node_named_identities.pk_hash
?[m?[37m[INFO] 10:34:06,317 [Test worker] liquibase.info - master.changelog.json: migration/node-core.changelog-v4.xml::nullability::R3.Corda: Null constraint has been added to node_our_key_pairs.private_key
?[m?[37m[INFO] 10:34:06,317 [Test worker] liquibase.info - master.changelog.json: migration/node-core.changelog-v4.xml::nullability::R3.Corda: Null constraint has been added to node_our_key_pairs.public_key
?[m?[37m[INFO] 10:34:06,317 [Test worker] liquibase.info - master.changelog.json: migration/node-core.changelog-v4.xml::nullability::R3.Corda: Null constraint has been added to node_transaction_mappings.state_machine_run_id
?[m?[37m[INFO] 10:34:06,317 [Test worker] liquibase.info - master.changelog.json: migration/node-core.changelog-v4.xml::nullability::R3.Corda: Null constraint has been added to node_transactions.transaction_value
?[m?[37m[INFO] 10:34:06,317 [Test worker] liquibase.info - master.changelog.json: migration/node-core.changelog-v4.xml::nullability::R3.Corda: ChangeSet migration/node-core.changelog-v4.xml::nullability::R3.Corda ran successfully in 2ms
?[m?[37m[INFO] 10:34:06,319 [Test worker] liquibase.info - master.changelog.json: migration/node-core.changelog-v5.xml::remove_unused_node_message_retry::R3.Corda: Table node_message_retry dropped
?[m?[37m[INFO] 10:34:06,319 [Test worker] liquibase.info - master.changelog.json: migration/node-core.changelog-v5.xml::remove_unused_node_message_retry::R3.Corda: ChangeSet migration/node-core.changelog-v5.xml::remove_unused_node_message_retry::R3.Corda ran successfully in 1ms
?[m?[37m[INFO] 10:34:06,327 [Test worker] liquibase.info - master.changelog.json: migration/node-core.changelog-v8.xml::conditional_attchments_rename::R3.Corda: Marking ChangeSet: migration/node-core.changelog-v8.xml::conditional_attchments_rename::R3.Corda ran despite precondition failure due to onFail='MARK_RAN': 
          master.changelog.json : Table PUBLIC.NODE_ATTCHMENTS_CONTRACTS does not exist

?[m?[37m[INFO] 10:34:06,332 [Test worker] liquibase.info - master.changelog.json: migration/node-core.changelog-v8.xml::conditional_attchments_contracts::R3.Corda: Marking ChangeSet: migration/node-core.changelog-v8.xml::conditional_attchments_contracts::R3.Corda ran despite precondition failure due to onFail='MARK_RAN': 
          master.changelog.json : Table PUBLIC.NODE_ATTACHMENTS_CONTRACT_CLASS_NAME does not exist

?[m?[37m[INFO] 10:34:06,333 [Test worker] liquibase.info - master.changelog.json: migration/node-core.changelog-v8.xml::add_signers::R3.Corda: Table node_attachments_signers created
?[m?[37m[INFO] 10:34:06,334 [Test worker] liquibase.info - master.changelog.json: migration/node-core.changelog-v8.xml::add_signers::R3.Corda: Foreign key constraint added to node_attachments_signers (att_id)
?[m?[37m[INFO] 10:34:06,334 [Test worker] liquibase.info - master.changelog.json: migration/node-core.changelog-v8.xml::add_signers::R3.Corda: ChangeSet migration/node-core.changelog-v8.xml::add_signers::R3.Corda ran successfully in 1ms
?[m?[37m[INFO] 10:34:06,336 [Test worker] liquibase.info - master.changelog.json: migration/node-core.changelog-tx-mapping.xml::add_tx_mapping_column::R3.Corda: Columns state_machine_run_id(NVARCHAR(36)) added to node_transactions
?[m?[37m[INFO] 10:34:06,336 [Test worker] liquibase.info - master.changelog.json: migration/node-core.changelog-tx-mapping.xml::add_tx_mapping_column::R3.Corda: Custom SQL executed
?[m?[37m[INFO] 10:34:06,336 [Test worker] liquibase.info - master.changelog.json: migration/node-core.changelog-tx-mapping.xml::add_tx_mapping_column::R3.Corda: Table node_transaction_mappings dropped
?[m?[37m[INFO] 10:34:06,336 [Test worker] liquibase.info - master.changelog.json: migration/node-core.changelog-tx-mapping.xml::add_tx_mapping_column::R3.Corda: ChangeSet migration/node-core.changelog-tx-mapping.xml::add_tx_mapping_column::R3.Corda ran successfully in 1ms
?[m?[37m[INFO] 10:34:06,338 [Test worker] liquibase.info - master.changelog.json: migration/node-services.changelog-init.xml::add_network_parameters_storage::R3.Corda: Table node_network_parameters created
?[m?[37m[INFO] 10:34:06,338 [Test worker] liquibase.info - master.changelog.json: migration/node-services.changelog-init.xml::add_network_parameters_storage::R3.Corda: ChangeSet migration/node-services.changelog-init.xml::add_network_parameters_storage::R3.Corda ran successfully in 1ms
?[m?[37m[INFO] 10:34:06,339 [Test worker] liquibase.info - master.changelog.json: migration/node-services.changelog-init.xml::network_parameters_pk::R3.Corda: Primary key added to node_network_parameters (hash)
?[m?[37m[INFO] 10:34:06,339 [Test worker] liquibase.info - master.changelog.json: migration/node-services.changelog-init.xml::network_parameters_pk::R3.Corda: ChangeSet migration/node-services.changelog-init.xml::network_parameters_pk::R3.Corda ran successfully in 1ms
?[m?[37m[INFO] 10:34:06,340 [Test worker] liquibase.info - master.changelog.json: migration/node-services.changelog-init.xml::add_version_column::R3.Corda: Columns version(INT) added to node_attachments
?[m?[37m[INFO] 10:34:06,341 [Test worker] liquibase.info - master.changelog.json: migration/node-services.changelog-init.xml::add_version_column::R3.Corda: Custom SQL executed
?[m?[37m[INFO] 10:34:06,341 [Test worker] liquibase.info - master.changelog.json: migration/node-services.changelog-init.xml::add_version_column::R3.Corda: Null constraint has been added to node_attachments.version
?[m?[37m[INFO] 10:34:06,341 [Test worker] liquibase.info - master.changelog.json: migration/node-services.changelog-init.xml::add_version_column::R3.Corda: ChangeSet migration/node-services.changelog-init.xml::add_version_column::R3.Corda ran successfully in 2ms
?[m?[37m[INFO] 10:34:06,342 [Test worker] persistence.AttachmentVersionNumberMigration.execute - Start executing...
?[m?[37m[INFO] 10:34:06,343 [Test worker] persistence.AttachmentVersionNumberMigration.execute - Attachment version creation from whitelisted JARs using network parameters from build/mock-network/20190619-093403.663/nodes/3/network-parameters, whitelistedContractImplementations: {}.
?[m?[37m[INFO] 10:34:06,343 [Test worker] persistence.AttachmentVersionNumberMigration.execute - Attachment version creation from whitelisted JARs skipped, no attachments not found.
?[m?[37m[INFO] 10:34:06,343 [Test worker] liquibase.info - master.changelog.json: migration/node-services.changelog-init.xml::update-version-of-whitelisted-jars::R3.Corda: null
?[m?[37m[INFO] 10:34:06,343 [Test worker] liquibase.info - master.changelog.json: migration/node-services.changelog-init.xml::update-version-of-whitelisted-jars::R3.Corda: ChangeSet migration/node-services.changelog-init.xml::update-version-of-whitelisted-jars::R3.Corda ran successfully in 1ms
?[m?[37m[INFO] 10:34:06,344 [Test worker] liquibase.info - master.changelog.json: migration/node-services.changelog-init.xml::add-new-persitence-table::R3.Corda: Table identities_no_cert created
?[m?[37m[INFO] 10:34:06,344 [Test worker] liquibase.info - master.changelog.json: migration/node-services.changelog-init.xml::add-new-persitence-table::R3.Corda: ChangeSet migration/node-services.changelog-init.xml::add-new-persitence-table::R3.Corda ran successfully in 0ms
?[m?[37m[INFO] 10:34:06,345 [Test worker] migration.PersistentIdentitiesMigration.execute - Migrating persistent identities with certificates table into persistent table with no certificate data.
?[m?[37m[INFO] 10:34:06,347 [Test worker] persistence.HibernateConfiguration.<init> - Init HibernateConfiguration for schemas: [PersistentIdentitiesMigrationSchemaV1(name=net.corda.node.migration.PersistentIdentitiesMigrationSchema, version=1)]
?[m?[37m[INFO] 10:34:06,347 [Test worker] persistence.HibernateConfiguration.makeSessionFactoryForSchemas - Creating session factory for schemas: [PersistentIdentitiesMigrationSchemaV1(name=net.corda.node.migration.PersistentIdentitiesMigrationSchema, version=1)]
?[m?[37m[INFO] 10:34:06,351 [Test worker] internal.ConnectionProviderInitiator.initiateService - HHH000130: Instantiating explicit connection provider: net.corda.nodeapi.internal.persistence.HibernateConfiguration$NodeDatabaseConnectionProvider
?[m?[37m[INFO] 10:34:06,351 [Test worker] dialect.Dialect.<init> - HHH000400: Using dialect: org.hibernate.dialect.H2Dialect
?[m?[37m[INFO] 10:34:06,353 [Test worker] type.BasicTypeRegistry.register - HHH000270: Type registration [materialized_blob] overrides previous : org.hibernate.type.MaterializedBlobType@7a31aa45
?[m?[37m[INFO] 10:34:06,366 [Test worker] connections.access.getIsolatedConnection - HHH10001501: Connection obtained from JdbcConnectionAccess [org.hibernate.engine.jdbc.env.internal.JdbcEnvironmentInitiator$ConnectionProviderJdbcConnectionAccess@6625f445] for (non-JTA) DDL execution was not in auto-commit mode; the Connection 'local transaction' will be committed and the Connection will be set into auto-commit mode.
?[m?[37m[INFO] 10:34:06,388 [Test worker] persistence.HibernateConfiguration.makeSessionFactoryForSchemas - Created session factory for schemas: [PersistentIdentitiesMigrationSchemaV1(name=net.corda.node.migration.PersistentIdentitiesMigrationSchema, version=1)]
?[m?[37m[INFO] 10:34:06,388 [Test worker] internal.QueryTranslatorFactoryInitiator.initiateService - HHH000397: Using ASTQueryTranslatorFactory
?[m?[37m[INFO] 10:34:06,397 [Test worker] liquibase.info - master.changelog.json: migration/node-services.changelog-init.xml::transfer-to-new-persistence-table::R3.Corda: null
?[m?[37m[INFO] 10:34:06,397 [Test worker] liquibase.info - master.changelog.json: migration/node-services.changelog-init.xml::transfer-to-new-persistence-table::R3.Corda: ChangeSet migration/node-services.changelog-init.xml::transfer-to-new-persistence-table::R3.Corda ran successfully in 52ms
?[m?[37m[INFO] 10:34:06,398 [Test worker] migration.VaultStateMigration.execute - Migrating vault state data to V4 tables
?[m?[37m[INFO] 10:34:06,399 [Test worker] persistence.HibernateConfiguration.<init> - Init HibernateConfiguration for schemas: [VaultMigrationSchemaV1(name=net.corda.node.migration.VaultMigrationSchema, version=1), VaultSchemaV1(name=net.corda.node.services.vault.VaultSchema, version=1)]
?[m?[37m[INFO] 10:34:06,399 [Test worker] persistence.HibernateConfiguration.makeSessionFactoryForSchemas - Creating session factory for schemas: [VaultMigrationSchemaV1(name=net.corda.node.migration.VaultMigrationSchema, version=1), VaultSchemaV1(name=net.corda.node.services.vault.VaultSchema, version=1)]
?[m?[37m[INFO] 10:34:06,404 [Test worker] internal.ConnectionProviderInitiator.initiateService - HHH000130: Instantiating explicit connection provider: net.corda.nodeapi.internal.persistence.HibernateConfiguration$NodeDatabaseConnectionProvider
?[m?[37m[INFO] 10:34:06,404 [Test worker] dialect.Dialect.<init> - HHH000400: Using dialect: org.hibernate.dialect.H2Dialect
?[m?[37m[INFO] 10:34:06,405 [Test worker] type.BasicTypeRegistry.register - HHH000270: Type registration [materialized_blob] overrides previous : org.hibernate.type.MaterializedBlobType@7a31aa45
?[m?[37m[INFO] 10:34:06,424 [Test worker] connections.access.getIsolatedConnection - HHH10001501: Connection obtained from JdbcConnectionAccess [org.hibernate.engine.jdbc.env.internal.JdbcEnvironmentInitiator$ConnectionProviderJdbcConnectionAccess@59a32bf9] for (non-JTA) DDL execution was not in auto-commit mode; the Connection 'local transaction' will be committed and the Connection will be set into auto-commit mode.
?[m?[37m[INFO] 10:34:06,444 [Test worker] persistence.HibernateConfiguration.makeSessionFactoryForSchemas - Created session factory for schemas: [VaultMigrationSchemaV1(name=net.corda.node.migration.VaultMigrationSchema, version=1), VaultSchemaV1(name=net.corda.node.services.vault.VaultSchema, version=1)]
?[m?[37m[INFO] 10:34:06,444 [Test worker] internal.QueryTranslatorFactoryInitiator.initiateService - HHH000397: Using ASTQueryTranslatorFactory
?[m?[37m[INFO] 10:34:06,449 [Test worker] migration.VaultStateMigration.execute - Finished performing vault state data migration for 0 states
?[m?[37m[INFO] 10:34:06,449 [Test worker] liquibase.info - master.changelog.json: migration/vault-schema.changelog-v9.xml::update-vault-states::R3.Corda: null
?[m?[37m[INFO] 10:34:06,449 [Test worker] liquibase.info - master.changelog.json: migration/vault-schema.changelog-v9.xml::update-vault-states::R3.Corda: ChangeSet migration/vault-schema.changelog-v9.xml::update-vault-states::R3.Corda ran successfully in 51ms
?[m?[37m[INFO] 10:34:06,450 [Test worker] liquibase.info - master.changelog.json: migration/cash.changelog-init.xml::1511451595465-2::R3.Corda: Table contract_cash_states created
?[m?[37m[INFO] 10:34:06,450 [Test worker] liquibase.info - master.changelog.json: migration/cash.changelog-init.xml::1511451595465-2::R3.Corda: ChangeSet migration/cash.changelog-init.xml::1511451595465-2::R3.Corda ran successfully in 0ms
?[m?[37m[INFO] 10:34:06,451 [Test worker] liquibase.info - master.changelog.json: migration/cash.changelog-init.xml::1511451595465-28::R3.Corda: Primary key added to contract_cash_states (output_index, transaction_id)
?[m?[37m[INFO] 10:34:06,452 [Test worker] liquibase.info - master.changelog.json: migration/cash.changelog-init.xml::1511451595465-28::R3.Corda: ChangeSet migration/cash.changelog-init.xml::1511451595465-28::R3.Corda ran successfully in 0ms
?[m?[37m[INFO] 10:34:06,452 [Test worker] liquibase.info - master.changelog.json: migration/cash.changelog-init.xml::1511451595465-51::R3.Corda: Index ccy_code_idx created
?[m?[37m[INFO] 10:34:06,453 [Test worker] liquibase.info - master.changelog.json: migration/cash.changelog-init.xml::1511451595465-51::R3.Corda: ChangeSet migration/cash.changelog-init.xml::1511451595465-51::R3.Corda ran successfully in 0ms
?[m?[37m[INFO] 10:34:06,453 [Test worker] liquibase.info - master.changelog.json: migration/cash.changelog-init.xml::1511451595465-57::R3.Corda: Index pennies_idx created
?[m?[37m[INFO] 10:34:06,454 [Test worker] liquibase.info - master.changelog.json: migration/cash.changelog-init.xml::1511451595465-57::R3.Corda: ChangeSet migration/cash.changelog-init.xml::1511451595465-57::R3.Corda ran successfully in 1ms
?[m?[37m[INFO] 10:34:06,455 [Test worker] liquibase.info - master.changelog.json: migration/node-services.changelog-init.xml::1525793504::R3.Corda: Index ccy_code_idx dropped from table contract_cash_states
?[m?[37m[INFO] 10:34:06,455 [Test worker] liquibase.info - master.changelog.json: migration/node-services.changelog-init.xml::1525793504::R3.Corda: Null constraint has been added to contract_cash_states.ccy_code
?[m?[37m[INFO] 10:34:06,456 [Test worker] liquibase.info - master.changelog.json: migration/node-services.changelog-init.xml::1525793504::R3.Corda: Index ccy_code_idx created
?[m?[37m[INFO] 10:34:06,456 [Test worker] liquibase.info - master.changelog.json: migration/node-services.changelog-init.xml::1525793504::R3.Corda: Null constraint has been added to contract_cash_states.issuer_key_hash
?[m?[37m[INFO] 10:34:06,456 [Test worker] liquibase.info - master.changelog.json: migration/node-services.changelog-init.xml::1525793504::R3.Corda: Null constraint has been added to contract_cash_states.issuer_ref
?[m?[37m[INFO] 10:34:06,456 [Test worker] liquibase.info - master.changelog.json: migration/node-services.changelog-init.xml::1525793504::R3.Corda: Index pennies_idx dropped from table contract_cash_states
?[m?[37m[INFO] 10:34:06,456 [Test worker] liquibase.info - master.changelog.json: migration/node-services.changelog-init.xml::1525793504::R3.Corda: Null constraint has been added to contract_cash_states.pennies
?[m?[37m[INFO] 10:34:06,457 [Test worker] liquibase.info - master.changelog.json: migration/node-services.changelog-init.xml::1525793504::R3.Corda: Index pennies_idx created
?[m?[37m[INFO] 10:34:06,457 [Test worker] liquibase.info - master.changelog.json: migration/node-services.changelog-init.xml::1525793504::R3.Corda: ChangeSet migration/node-services.changelog-init.xml::1525793504::R3.Corda ran successfully in 2ms
?[m?[37m[INFO] 10:34:06,458 [Test worker] liquibase.info - master.changelog.json: migration/commercial-paper.changelog-init.xml::1511451595465-3::R3.Corda: Table cp_states created
?[m?[37m[INFO] 10:34:06,458 [Test worker] liquibase.info - master.changelog.json: migration/commercial-paper.changelog-init.xml::1511451595465-3::R3.Corda: ChangeSet migration/commercial-paper.changelog-init.xml::1511451595465-3::R3.Corda ran successfully in 0ms
?[m?[37m[INFO] 10:34:06,459 [Test worker] liquibase.info - master.changelog.json: migration/commercial-paper.changelog-init.xml::1511451595465-29::R3.Corda: Primary key added to cp_states (output_index, transaction_id)
?[m?[37m[INFO] 10:34:06,460 [Test worker] liquibase.info - master.changelog.json: migration/commercial-paper.changelog-init.xml::1511451595465-29::R3.Corda: ChangeSet migration/commercial-paper.changelog-init.xml::1511451595465-29::R3.Corda ran successfully in 0ms
?[m?[37m[INFO] 10:34:06,461 [Test worker] liquibase.info - master.changelog.json: migration/commercial-paper.changelog-init.xml::1511451595465-52::R3.Corda: Index ccy_code_index created
?[m?[37m[INFO] 10:34:06,461 [Test worker] liquibase.info - master.changelog.json: migration/commercial-paper.changelog-init.xml::1511451595465-52::R3.Corda: ChangeSet migration/commercial-paper.changelog-init.xml::1511451595465-52::R3.Corda ran successfully in 1ms
?[m?[37m[INFO] 10:34:06,462 [Test worker] liquibase.info - master.changelog.json: migration/commercial-paper.changelog-init.xml::1511451595465-54::R3.Corda: Index face_value_index created
?[m?[37m[INFO] 10:34:06,462 [Test worker] liquibase.info - master.changelog.json: migration/commercial-paper.changelog-init.xml::1511451595465-54::R3.Corda: ChangeSet migration/commercial-paper.changelog-init.xml::1511451595465-54::R3.Corda ran successfully in 1ms
?[m?[37m[INFO] 10:34:06,463 [Test worker] liquibase.info - master.changelog.json: migration/commercial-paper.changelog-init.xml::1511451595465-56::R3.Corda: Index maturity_index created
?[m?[37m[INFO] 10:34:06,463 [Test worker] liquibase.info - master.changelog.json: migration/commercial-paper.changelog-init.xml::1511451595465-56::R3.Corda: ChangeSet migration/commercial-paper.changelog-init.xml::1511451595465-56::R3.Corda ran successfully in 0ms
?[m?[37m[INFO] 10:34:06,464 [Test worker] liquibase.info - master.changelog.json: migration/commercial-paper.changelog-v1.xml::1525962920::R3.Corda: Index ccy_code_index dropped from table cp_states
?[m?[37m[INFO] 10:34:06,465 [Test worker] liquibase.info - master.changelog.json: migration/commercial-paper.changelog-v1.xml::1525962920::R3.Corda: Null constraint has been added to cp_states.ccy_code
?[m?[37m[INFO] 10:34:06,465 [Test worker] liquibase.info - master.changelog.json: migration/commercial-paper.changelog-v1.xml::1525962920::R3.Corda: Index ccy_code_index created
?[m?[37m[INFO] 10:34:06,465 [Test worker] liquibase.info - master.changelog.json: migration/commercial-paper.changelog-v1.xml::1525962920::R3.Corda: Index face_value_index dropped from table cp_states
?[m?[37m[INFO] 10:34:06,465 [Test worker] liquibase.info - master.changelog.json: migration/commercial-paper.changelog-v1.xml::1525962920::R3.Corda: Null constraint has been added to cp_states.face_value
?[m?[37m[INFO] 10:34:06,465 [Test worker] liquibase.info - master.changelog.json: migration/commercial-paper.changelog-v1.xml::1525962920::R3.Corda: Index face_value_index created
?[m?[37m[INFO] 10:34:06,466 [Test worker] liquibase.info - master.changelog.json: migration/commercial-paper.changelog-v1.xml::1525962920::R3.Corda: Null constraint has been added to cp_states.face_value_issuer_key_hash
?[m?[37m[INFO] 10:34:06,466 [Test worker] liquibase.info - master.changelog.json: migration/commercial-paper.changelog-v1.xml::1525962920::R3.Corda: Null constraint has been added to cp_states.face_value_issuer_ref
?[m?[37m[INFO] 10:34:06,466 [Test worker] liquibase.info - master.changelog.json: migration/commercial-paper.changelog-v1.xml::1525962920::R3.Corda: Null constraint has been added to cp_states.issuance_key_hash
?[m?[37m[INFO] 10:34:06,466 [Test worker] liquibase.info - master.changelog.json: migration/commercial-paper.changelog-v1.xml::1525962920::R3.Corda: Null constraint has been added to cp_states.issuance_ref
?[m?[37m[INFO] 10:34:06,466 [Test worker] liquibase.info - master.changelog.json: migration/commercial-paper.changelog-v1.xml::1525962920::R3.Corda: Index maturity_index dropped from table cp_states
?[m?[37m[INFO] 10:34:06,466 [Test worker] liquibase.info - master.changelog.json: migration/commercial-paper.changelog-v1.xml::1525962920::R3.Corda: Null constraint has been added to cp_states.maturity_instant
?[m?[37m[INFO] 10:34:06,467 [Test worker] liquibase.info - master.changelog.json: migration/commercial-paper.changelog-v1.xml::1525962920::R3.Corda: Index maturity_index created
?[m?[37m[INFO] 10:34:06,467 [Test worker] liquibase.info - master.changelog.json: migration/commercial-paper.changelog-v1.xml::1525962920::R3.Corda: Null constraint has been added to cp_states.owner_key_hash
?[m?[37m[INFO] 10:34:06,467 [Test worker] liquibase.info - master.changelog.json: migration/commercial-paper.changelog-v1.xml::1525962920::R3.Corda: ChangeSet migration/commercial-paper.changelog-v1.xml::1525962920::R3.Corda ran successfully in 3ms
?[m?[37m[INFO] 10:34:06,468 [Test worker] liquibase.info - Successfully released change log lock
?[m?[37m[INFO] 10:34:06,469 [Test worker] internal.InternalMockNetwork$MockNode.invoke - Connected to H2 database.
?[m?[37m[INFO] 10:34:06,469 [Test worker] persistence.HibernateConfiguration.<init> - Init HibernateConfiguration for schemas: [CommonSchemaV1(name=net.corda.core.schemas.CommonSchema, version=1), VaultSchemaV1(name=net.corda.node.services.vault.VaultSchema, version=1), NodeInfoSchemaV1(name=net.corda.node.internal.schemas.NodeInfoSchema, version=1), NodeCoreV1(name=net.corda.node.services.schema.NodeSchemaService$NodeCore, version=1), CashSchemaV1(name=net.corda.finance.schemas.CashSchema, version=1), CommercialPaperSchemaV1(name=net.corda.finance.schemas.CommercialPaperSchema, version=1)]
?[m?[37m[INFO] 10:34:06,470 [Test worker] persistence.HibernateConfiguration.makeSessionFactoryForSchemas - Creating session factory for schemas: [CommonSchemaV1(name=net.corda.core.schemas.CommonSchema, version=1), VaultSchemaV1(name=net.corda.node.services.vault.VaultSchema, version=1), NodeInfoSchemaV1(name=net.corda.node.internal.schemas.NodeInfoSchema, version=1), NodeCoreV1(name=net.corda.node.services.schema.NodeSchemaService$NodeCore, version=1), CashSchemaV1(name=net.corda.finance.schemas.CashSchema, version=1), CommercialPaperSchemaV1(name=net.corda.finance.schemas.CommercialPaperSchema, version=1)]
?[m?[37m[INFO] 10:34:06,475 [Test worker] internal.ConnectionProviderInitiator.initiateService - HHH000130: Instantiating explicit connection provider: net.corda.nodeapi.internal.persistence.HibernateConfiguration$NodeDatabaseConnectionProvider
?[m?[37m[INFO] 10:34:06,475 [Test worker] dialect.Dialect.<init> - HHH000400: Using dialect: org.hibernate.dialect.H2Dialect
?[m?[37m[INFO] 10:34:06,477 [Test worker] type.BasicTypeRegistry.register - HHH000270: Type registration [materialized_blob] overrides previous : org.hibernate.type.MaterializedBlobType@7a31aa45
?[m?[37m[INFO] 10:34:06,510 [Test worker] connections.access.getIsolatedConnection - HHH10001501: Connection obtained from JdbcConnectionAccess [org.hibernate.engine.jdbc.env.internal.JdbcEnvironmentInitiator$ConnectionProviderJdbcConnectionAccess@92a612d] for (non-JTA) DDL execution was not in auto-commit mode; the Connection 'local transaction' will be committed and the Connection will be set into auto-commit mode.
?[m?[37m[INFO] 10:34:06,540 [Test worker] persistence.HibernateConfiguration.makeSessionFactoryForSchemas - Created session factory for schemas: [CommonSchemaV1(name=net.corda.core.schemas.CommonSchema, version=1), VaultSchemaV1(name=net.corda.node.services.vault.VaultSchema, version=1), NodeInfoSchemaV1(name=net.corda.node.internal.schemas.NodeInfoSchema, version=1), NodeCoreV1(name=net.corda.node.services.schema.NodeSchemaService$NodeCore, version=1), CashSchemaV1(name=net.corda.finance.schemas.CashSchema, version=1), CommercialPaperSchemaV1(name=net.corda.finance.schemas.CommercialPaperSchema, version=1)]
?[m?[37m[INFO] 10:34:06,541 [Test worker] internal.InternalMockNetwork$MockNode.obtainIdentity - identity-private-key not found in key store, generating fresh key!
?[m?[37m[INFO] 10:34:06,552 [Test worker] internal.QueryTranslatorFactoryInitiator.initiateService - HHH000397: Using ASTQueryTranslatorFactory
?[m?[37m[INFO] 10:34:06,555 [Test worker] internal.InternalMockNetwork$MockNode.updateNodeInfo - Node-info has changed so submitting update. Old node-info was null
?[m?[37m[INFO] 10:34:06,555 [Test worker] network.PersistentNetworkMapCache.addNode - Adding node with info: NodeInfo(addresses=[mock.node:1000], legalIdentitiesAndCerts=[O=Charlie Ltd, L=Athens, C=GR], platformVersion=5, serial=1560936846555)
?[m?[37m[INFO] 10:34:06,556 [Test worker] network.PersistentNetworkMapCache.addNode - No previous node found
?[m?[37m[INFO] 10:34:06,560 [Test worker] internal.InternalMockNetwork$MockNode.updateNodeInfo - New node-info: NodeInfo(addresses=[mock.node:1000], legalIdentitiesAndCerts=[O=Charlie Ltd, L=Athens, C=GR], platformVersion=5, serial=1560936846555)
?[m?[37m[INFO] 10:34:06,564 [Test worker] network.NetworkMapUpdater.apply - Auto-accept enabled for network parameter changes which modify only: [epoch, modifiedTime, packageOwnership, whitelistedContractImplementations]
?[m?[31m[WARN] 10:34:06,566 [Test worker] utilities.AppendOnlyPersistentMapBase.set - Double insert in net.corda.node.utilities.AppendOnlyPersistentMap for entity class class net.corda.node.services.identity.PersistentIdentityService$PersistentIdentityNames key O=Charlie Ltd, L=Athens, C=GR, not inserting the second time
?[m?[37m[INFO] 10:34:06,567 [MockNode-16-2] network.PersistentNetworkMapCache.addNode - Adding node with info: NodeInfo(addresses=[mock.node:1000], legalIdentitiesAndCerts=[O=Charlie Ltd, L=Athens, C=GR], platformVersion=5, serial=1560936846555)
?[m?[37m[INFO] 10:34:06,569 [MockNode-16-2] network.PersistentNetworkMapCache.addNode - Previous node was identical to incoming one - doing nothing
?[m?[37m[INFO] 10:34:06,591 [Test worker] ClassloaderUtils.logElapsedTime - Contracts loading for '/var/folders/1r/w2pkkn4n22qdmrtblzd5t0200000gp/T/attachment5413235055401369046.jar' took 21 msec
?[m?[37m[INFO] 10:34:06,614 [Test worker] persistence.NodeAttachmentService.invoke - Stored new attachment: id=C2F26FA5BD1C5A3BAF4F109838BD28196CED189F51176C80FCD8858A5E55E45F uploader=app filename=null
?[m?[37m[INFO] 10:34:06,616 [Test worker] cordapp.CordappConfigFileProvider.getConfigByName - Found config for cordapp corda-finance-workflows-5.0-SNAPSHOT-WILLH in build/mock-network/20190619-093403.663/nodes/3/cordapps/config/corda-finance-workflows-5.0-SNAPSHOT-WILLH.conf
?[m?[37m[INFO] 10:34:06,616 [Test worker] internal.InternalMockNetwork$MockNode.installCordaService - Installed net.corda.finance.internal.ConfigHolder Corda service
?[m?[37m[INFO] 10:34:06,619 [Test worker] statemachine.SingleThreadedStateMachineManager.invoke - Node ready, info: NodeInfo(addresses=[mock.node:1000], legalIdentitiesAndCerts=[O=Charlie Ltd, L=Athens, C=GR], platformVersion=5, serial=1560936846555)
?[m?[37m[INFO] 10:34:06,621 [Test worker] network.PersistentNetworkMapCache.addNode - Adding node with info: NodeInfo(addresses=[mock.node:1000], legalIdentitiesAndCerts=[O=Notary Service, L=Zurich, C=CH], platformVersion=5, serial=1560936844477)
?[m?[37m[INFO] 10:34:06,622 [Test worker] network.PersistentNetworkMapCache.addNode - No previous node found
?[m?[37m[INFO] 10:34:06,626 [Test worker] network.PersistentNetworkMapCache.addNode - Adding node with info: NodeInfo(addresses=[mock.node:1000], legalIdentitiesAndCerts=[O=Charlie Ltd, L=Athens, C=GR], platformVersion=5, serial=1560936846555)
?[m?[37m[INFO] 10:34:06,627 [Test worker] network.PersistentNetworkMapCache.addNode - No previous node found
?[m?[37m[INFO] 10:34:06,632 [Test worker] network.PersistentNetworkMapCache.addNode - Adding node with info: NodeInfo(addresses=[mock.node:1000], legalIdentitiesAndCerts=[O=Alice Corp, L=Madrid, C=ES], platformVersion=5, serial=1560936845178)
?[m?[37m[INFO] 10:34:06,633 [Test worker] network.PersistentNetworkMapCache.addNode - No previous node found
?[m?[37m[INFO] 10:34:06,638 [Test worker] network.PersistentNetworkMapCache.addNode - Adding node with info: NodeInfo(addresses=[mock.node:1000], legalIdentitiesAndCerts=[O=Charlie Ltd, L=Athens, C=GR], platformVersion=5, serial=1560936846555)
?[m?[37m[INFO] 10:34:06,638 [Test worker] network.PersistentNetworkMapCache.addNode - No previous node found
?[m?[37m[INFO] 10:34:06,644 [Test worker] network.PersistentNetworkMapCache.addNode - Adding node with info: NodeInfo(addresses=[mock.node:1000], legalIdentitiesAndCerts=[O=Bob Plc, L=Rome, C=IT], platformVersion=5, serial=1560936845874)
?[m?[37m[INFO] 10:34:06,644 [Test worker] network.PersistentNetworkMapCache.addNode - No previous node found
?[m?[37m[INFO] 10:34:06,648 [Test worker] network.PersistentNetworkMapCache.addNode - Adding node with info: NodeInfo(addresses=[mock.node:1000], legalIdentitiesAndCerts=[O=Charlie Ltd, L=Athens, C=GR], platformVersion=5, serial=1560936846555)
?[m?[37m[INFO] 10:34:06,649 [Test worker] network.PersistentNetworkMapCache.addNode - No previous node found
?[m?[37m[INFO] 10:34:06,654 [Test worker] network.PersistentNetworkMapCache.addNode - Adding node with info: NodeInfo(addresses=[mock.node:1000], legalIdentitiesAndCerts=[O=Charlie Ltd, L=Athens, C=GR], platformVersion=5, serial=1560936846555)
?[m?[37m[INFO] 10:34:06,654 [Test worker] network.PersistentNetworkMapCache.addNode - Previous node was identical to incoming one - doing nothing
?[m?[37m[INFO] 10:34:06,654 [Test worker] network.PersistentNetworkMapCache.addNode - Adding node with info: NodeInfo(addresses=[mock.node:1000], legalIdentitiesAndCerts=[O=Charlie Ltd, L=Athens, C=GR], platformVersion=5, serial=1560936846555)
?[m?[37m[INFO] 10:34:06,654 [Test worker] network.PersistentNetworkMapCache.addNode - Previous node was identical to incoming one - doing nothing
?[m?[37m[INFO] 10:34:06,657 [Test worker] internal.NodeFlowManager.registerInitiatedFlow - Registered net.corda.confidential.identities.RequestKeyFlowTests$RequestKeyInitiator to initiate net.corda.confidential.identities.RequestKeyFlowTests$RequestKeyResponder (version 1)
?[m?[37m[INFO] 10:34:06,657 [Test worker] internal.NodeFlowManager.registerInitiatedFlow - Registered net.corda.confidential.identities.RequestKeyFlowTests$RequestKeyInitiator to initiate net.corda.confidential.identities.RequestKeyFlowTests$RequestKeyResponder (version 1)
?[m?[37m[INFO] 10:34:06,657 [Test worker] internal.NodeFlowManager.registerInitiatedFlow - Registered net.corda.confidential.identities.RequestKeyFlowWrapper to initiate net.corda.confidential.identities.RequestKeyFlowWrapperHandler (version 1)
?[m?[37m[INFO] 10:34:06,657 [Test worker] internal.NodeFlowManager.registerInitiatedFlow - Registered net.corda.confidential.identities.RequestKeyFlowWrapper to initiate net.corda.confidential.identities.RequestKeyFlowWrapperHandler (version 1)
?[m?[37m[INFO] 10:34:06,695 [Mock node 1 thread] identity.PersistentIdentityService.invoke - Linking: 887E45380E19833C1765C80523ACC51101E2BF99B1488D0D887C8FCC554483D7 to O=Bob Plc, L=Rome, C=IT {actor_id=Only For Testing, actor_owning_identity=O=Alice Corp, L=Madrid, C=ES, actor_store_id=TEST, fiber-id=10000018, flow-id=de03344a-9a5c-434a-b161-49acf3337fbb, invocation_id=a7092bac-d68b-48ae-bb3d-855f5963b6c1, invocation_timestamp=2019-06-19T09:34:06.658Z, origin=Only For Testing, session_id=a7092bac-d68b-48ae-bb3d-855f5963b6c1, session_timestamp=2019-06-19T09:34:06.658Z, thread-id=1201}
?[m?[37m[INFO] 10:34:06,706 [Test worker] pool.HikariPool.shutdown - HikariPool-13 - Close initiated...
?[m?[37m[INFO] 10:34:06,708 [Test worker] pool.HikariPool.shutdown - HikariPool-13 - Closed.
?[m?[37m[INFO] 10:34:06,708 [Test worker] pool.HikariPool.shutdown - HikariPool-14 - Close initiated...
?[m?[37m[INFO] 10:34:06,710 [Test worker] pool.HikariPool.shutdown - HikariPool-14 - Closed.
?[m?[37m[INFO] 10:34:06,711 [Test worker] pool.HikariPool.shutdown - HikariPool-15 - Close initiated...
?[m?[37m[INFO] 10:34:06,712 [Test worker] pool.HikariPool.shutdown - HikariPool-15 - Closed.
?[m?[37m[INFO] 10:34:06,713 [Test worker] pool.HikariPool.shutdown - HikariPool-16 - Close initiated...
?[m?[37m[INFO] 10:34:06,714 [Test worker] pool.HikariPool.shutdown - HikariPool-16 - Closed.
?[m?[37m[INFO] 10:34:06,759 [Test worker] cordapp.JarScanningCordappLoader.fromDirectories - Looking for CorDapps in [build/mock-network/20190619-093406.715/nodes/0/cordapps]
?[m?[37m[INFO] 10:34:06,760 [Test worker] cordapp.JarScanningCordappLoader.<init> - Loading CorDapps from RestrictedURL(url=file:/Users/williamhester/Desktop/Applications/confidential-identities/workflows/build/mock-network/20190619-093406.715/nodes/0/cordapps/corda-finance-contracts-5.0-SNAPSHOT-WILLH.jar, rootPackageName=null), RestrictedURL(url=file:/Users/williamhester/Desktop/Applications/confidential-identities/workflows/build/mock-network/20190619-093406.715/nodes/0/cordapps/corda-finance-workflows-5.0-SNAPSHOT-WILLH.jar, rootPackageName=null)
?[m?[37m[INFO] 10:34:06,760 [Test worker] cordapp.JarScanningCordappLoader.scanCordapp - Scanning CorDapp in file:/Users/williamhester/Desktop/Applications/confidential-identities/workflows/build/mock-network/20190619-093406.715/nodes/0/cordapps/corda-finance-contracts-5.0-SNAPSHOT-WILLH.jar
?[m?[37m[INFO] 10:34:06,784 [Test worker] cordapp.JarScanningCordappLoader.scanCordapp - Scanning CorDapp in file:/Users/williamhester/Desktop/Applications/confidential-identities/workflows/build/mock-network/20190619-093406.715/nodes/0/cordapps/corda-finance-workflows-5.0-SNAPSHOT-WILLH.jar
?[m?[37m[INFO] 10:34:06,812 [Test worker] internal.InternalMockNetwork$MockNode.start - Node starting up ...
?[m?[37m[INFO] 10:34:06,815 [Test worker] internal.NodeFlowManager.registerInitiatedFlow - Registered net.corda.finance.flows.CashExitFlow to initiate net.corda.finance.flows.CashExitResponderFlow (version 1)
?[m?[37m[INFO] 10:34:06,816 [Test worker] internal.NodeFlowManager.registerInitiatedFlow - Registered net.corda.finance.flows.CashPaymentFlow to initiate net.corda.finance.flows.CashPaymentReceiverFlow (version 1)
?[m?[37m[INFO] 10:34:06,820 [Test worker] internal.InternalMockNetwork$MockNode.start - Loaded network parameters: NetworkParameters {
      minimumPlatformVersion=1
      notaries=[NotaryInfo(identity=O=Notary Service, L=Zurich, C=CH, validating=true)]
      maxMessageSize=10485760
      maxTransactionSize=524288000
      whitelistedContractImplementations {
        
      }
      eventHorizon=PT720H
      packageOwnership {
        
      }
      modifiedTime=2019-06-19T09:34:06.716Z
      epoch=1
  }
?[m?[37m[INFO] 10:34:06,820 [Test worker] hikari.HikariDataSource.<init> - HikariPool-17 - Started.
?[m?[37m[INFO] 10:34:07,007 [Test worker] liquibase.info - Creating database history table with name: PUBLIC.DATABASECHANGELOG
?[m?[37m[INFO] 10:34:07,008 [Test worker] liquibase.info - Reading from PUBLIC.DATABASECHANGELOG
?[m?[37m[INFO] 10:34:07,013 [Test worker] liquibase.info - master.changelog.json: migration/vault-schema.changelog-pkey.xml::non-clustered_pk-11::R3.Corda: Skipping changeSet migration/vault-schema.changelog-pkey.xml::non-clustered_pk-11::R3.Corda due to validation error(s): clustered is not allowed on h2
?[m?[37m[INFO] 10:34:07,014 [Test worker] liquibase.info - master.changelog.json: migration/vault-schema.changelog-pkey.xml::non-clustered_pk-12::R3.Corda: Skipping changeSet migration/vault-schema.changelog-pkey.xml::non-clustered_pk-12::R3.Corda due to validation error(s): clustered is not allowed on h2
?[m?[37m[INFO] 10:34:07,014 [Test worker] liquibase.info - master.changelog.json: migration/vault-schema.changelog-pkey.xml::non-clustered_pk-13::R3.Corda: Skipping changeSet migration/vault-schema.changelog-pkey.xml::non-clustered_pk-13::R3.Corda due to validation error(s): clustered is not allowed on h2
?[m?[37m[INFO] 10:34:07,021 [Test worker] liquibase.info - master.changelog.json: migration/node-core.changelog-pkey.xml::non-clustered_pk-1::R3.Corda: Skipping changeSet migration/node-core.changelog-pkey.xml::non-clustered_pk-1::R3.Corda due to validation error(s): clustered is not allowed on h2
?[m?[37m[INFO] 10:34:07,022 [Test worker] liquibase.info - master.changelog.json: migration/node-core.changelog-pkey.xml::non-clustered_pk-2::R3.Corda: Skipping changeSet migration/node-core.changelog-pkey.xml::non-clustered_pk-2::R3.Corda due to validation error(s): clustered is not allowed on h2
?[m?[37m[INFO] 10:34:07,022 [Test worker] liquibase.info - master.changelog.json: migration/node-core.changelog-pkey.xml::non-clustered_pk-3::R3.Corda: Skipping changeSet migration/node-core.changelog-pkey.xml::non-clustered_pk-3::R3.Corda due to validation error(s): clustered is not allowed on h2
?[m?[37m[INFO] 10:34:07,022 [Test worker] liquibase.info - master.changelog.json: migration/node-core.changelog-pkey.xml::non-clustered_pk-4::R3.Corda: Skipping changeSet migration/node-core.changelog-pkey.xml::non-clustered_pk-4::R3.Corda due to validation error(s): clustered is not allowed on h2
?[m?[37m[INFO] 10:34:07,022 [Test worker] liquibase.info - master.changelog.json: migration/node-core.changelog-pkey.xml::non-clustered_pk-5::R3.Corda: Skipping changeSet migration/node-core.changelog-pkey.xml::non-clustered_pk-5::R3.Corda due to validation error(s): clustered is not allowed on h2
?[m?[37m[INFO] 10:34:07,023 [Test worker] liquibase.info - master.changelog.json: migration/node-core.changelog-pkey.xml::non-clustered_pk-6::R3.Corda: Skipping changeSet migration/node-core.changelog-pkey.xml::non-clustered_pk-6::R3.Corda due to validation error(s): clustered is not allowed on h2
?[m?[37m[INFO] 10:34:07,023 [Test worker] liquibase.info - master.changelog.json: migration/node-core.changelog-pkey.xml::non-clustered_pk-7::R3.Corda: Skipping changeSet migration/node-core.changelog-pkey.xml::non-clustered_pk-7::R3.Corda due to validation error(s): clustered is not allowed on h2
?[m?[37m[INFO] 10:34:07,025 [Test worker] liquibase.info - master.changelog.json: migration/cash.changelog-init.xml::non-clustered_pk-cash::R3.Corda: Skipping changeSet migration/cash.changelog-init.xml::non-clustered_pk-cash::R3.Corda due to validation error(s): clustered is not allowed on h2
?[m?[37m[INFO] 10:34:07,026 [Test worker] liquibase.info - master.changelog.json: migration/commercial-paper.changelog-init.xml::non-clustered_pk-commercial-paper::R3.Corda: Skipping changeSet migration/commercial-paper.changelog-init.xml::non-clustered_pk-commercial-paper::R3.Corda due to validation error(s): clustered is not allowed on h2
?[m?[37m[INFO] 10:34:07,029 [Test worker] liquibase.info - master.changelog.json: migration/node-notary.changelog-pkey.xml::non-clustered_pk-notary_state::R3.Corda: Skipping changeSet migration/node-notary.changelog-pkey.xml::non-clustered_pk-notary_state::R3.Corda due to validation error(s): clustered is not allowed on h2
?[m?[37m[INFO] 10:34:07,030 [Test worker] liquibase.info - Successfully acquired change log lock
?[m?[37m[INFO] 10:34:07,032 [Test worker] liquibase.info - master.changelog.json: migration/vault-schema.changelog-pkey.xml::non-clustered_pk-11::R3.Corda: Skipping changeSet migration/vault-schema.changelog-pkey.xml::non-clustered_pk-11::R3.Corda due to validation error(s): clustered is not allowed on h2
?[m?[37m[INFO] 10:34:07,032 [Test worker] liquibase.info - master.changelog.json: migration/vault-schema.changelog-pkey.xml::non-clustered_pk-12::R3.Corda: Skipping changeSet migration/vault-schema.changelog-pkey.xml::non-clustered_pk-12::R3.Corda due to validation error(s): clustered is not allowed on h2
?[m?[37m[INFO] 10:34:07,032 [Test worker] liquibase.info - master.changelog.json: migration/vault-schema.changelog-pkey.xml::non-clustered_pk-13::R3.Corda: Skipping changeSet migration/vault-schema.changelog-pkey.xml::non-clustered_pk-13::R3.Corda due to validation error(s): clustered is not allowed on h2
?[m?[37m[INFO] 10:34:07,035 [Test worker] liquibase.info - master.changelog.json: migration/node-core.changelog-pkey.xml::non-clustered_pk-1::R3.Corda: Skipping changeSet migration/node-core.changelog-pkey.xml::non-clustered_pk-1::R3.Corda due to validation error(s): clustered is not allowed on h2
?[m?[37m[INFO] 10:34:07,035 [Test worker] liquibase.info - master.changelog.json: migration/node-core.changelog-pkey.xml::non-clustered_pk-2::R3.Corda: Skipping changeSet migration/node-core.changelog-pkey.xml::non-clustered_pk-2::R3.Corda due to validation error(s): clustered is not allowed on h2
?[m?[37m[INFO] 10:34:07,036 [Test worker] liquibase.info - master.changelog.json: migration/node-core.changelog-pkey.xml::non-clustered_pk-3::R3.Corda: Skipping changeSet migration/node-core.changelog-pkey.xml::non-clustered_pk-3::R3.Corda due to validation error(s): clustered is not allowed on h2
?[m?[37m[INFO] 10:34:07,036 [Test worker] liquibase.info - master.changelog.json: migration/node-core.changelog-pkey.xml::non-clustered_pk-4::R3.Corda: Skipping changeSet migration/node-core.changelog-pkey.xml::non-clustered_pk-4::R3.Corda due to validation error(s): clustered is not allowed on h2
?[m?[37m[INFO] 10:34:07,036 [Test worker] liquibase.info - master.changelog.json: migration/node-core.changelog-pkey.xml::non-clustered_pk-5::R3.Corda: Skipping changeSet migration/node-core.changelog-pkey.xml::non-clustered_pk-5::R3.Corda due to validation error(s): clustered is not allowed on h2
?[m?[37m[INFO] 10:34:07,036 [Test worker] liquibase.info - master.changelog.json: migration/node-core.changelog-pkey.xml::non-clustered_pk-6::R3.Corda: Skipping changeSet migration/node-core.changelog-pkey.xml::non-clustered_pk-6::R3.Corda due to validation error(s): clustered is not allowed on h2
?[m?[37m[INFO] 10:34:07,036 [Test worker] liquibase.info - master.changelog.json: migration/node-core.changelog-pkey.xml::non-clustered_pk-7::R3.Corda: Skipping changeSet migration/node-core.changelog-pkey.xml::non-clustered_pk-7::R3.Corda due to validation error(s): clustered is not allowed on h2
?[m?[37m[INFO] 10:34:07,037 [Test worker] liquibase.info - master.changelog.json: migration/cash.changelog-init.xml::non-clustered_pk-cash::R3.Corda: Skipping changeSet migration/cash.changelog-init.xml::non-clustered_pk-cash::R3.Corda due to validation error(s): clustered is not allowed on h2
?[m?[37m[INFO] 10:34:07,037 [Test worker] liquibase.info - master.changelog.json: migration/commercial-paper.changelog-init.xml::non-clustered_pk-commercial-paper::R3.Corda: Skipping changeSet migration/commercial-paper.changelog-init.xml::non-clustered_pk-commercial-paper::R3.Corda due to validation error(s): clustered is not allowed on h2
?[m?[37m[INFO] 10:34:07,038 [Test worker] liquibase.info - master.changelog.json: migration/node-notary.changelog-pkey.xml::non-clustered_pk-notary_state::R3.Corda: Skipping changeSet migration/node-notary.changelog-pkey.xml::non-clustered_pk-notary_state::R3.Corda due to validation error(s): clustered is not allowed on h2
?[m?[37m[INFO] 10:34:07,039 [Test worker] liquibase.info - master.changelog.json: migration/common.changelog-init.xml::1511451595465-1.1::R3.Corda: Sequence hibernate_sequence created
?[m?[37m[INFO] 10:34:07,039 [Test worker] liquibase.info - master.changelog.json: migration/common.changelog-init.xml::1511451595465-1.1::R3.Corda: ChangeSet migration/common.changelog-init.xml::1511451595465-1.1::R3.Corda ran successfully in 1ms
?[m?[37m[INFO] 10:34:07,040 [Test worker] liquibase.info - master.changelog.json: migration/vault-schema.changelog-init.xml::1511451595465-22::R3.Corda: Table vault_fungible_states created
?[m?[37m[INFO] 10:34:07,040 [Test worker] liquibase.info - master.changelog.json: migration/vault-schema.changelog-init.xml::1511451595465-22::R3.Corda: ChangeSet migration/vault-schema.changelog-init.xml::1511451595465-22::R3.Corda ran successfully in 0ms
?[m?[37m[INFO] 10:34:07,041 [Test worker] liquibase.info - master.changelog.json: migration/vault-schema.changelog-init.xml::1511451595465-23::R3.Corda: Table vault_fungible_states_parts created
?[m?[37m[INFO] 10:34:07,041 [Test worker] liquibase.info - master.changelog.json: migration/vault-schema.changelog-init.xml::1511451595465-23::R3.Corda: ChangeSet migration/vault-schema.changelog-init.xml::1511451595465-23::R3.Corda ran successfully in 0ms
?[m?[37m[INFO] 10:34:07,042 [Test worker] liquibase.info - master.changelog.json: migration/vault-schema.changelog-init.xml::1511451595465-24::R3.Corda: Table vault_linear_states created
?[m?[37m[INFO] 10:34:07,042 [Test worker] liquibase.info - master.changelog.json: migration/vault-schema.changelog-init.xml::1511451595465-24::R3.Corda: ChangeSet migration/vault-schema.changelog-init.xml::1511451595465-24::R3.Corda ran successfully in 0ms
?[m?[37m[INFO] 10:34:07,043 [Test worker] liquibase.info - master.changelog.json: migration/vault-schema.changelog-init.xml::1511451595465-25::R3.Corda: Table vault_linear_states_parts created
?[m?[37m[INFO] 10:34:07,043 [Test worker] liquibase.info - master.changelog.json: migration/vault-schema.changelog-init.xml::1511451595465-25::R3.Corda: ChangeSet migration/vault-schema.changelog-init.xml::1511451595465-25::R3.Corda ran successfully in 0ms
?[m?[37m[INFO] 10:34:07,044 [Test worker] liquibase.info - master.changelog.json: migration/vault-schema.changelog-init.xml::1511451595465-26::R3.Corda: Table vault_states created
?[m?[37m[INFO] 10:34:07,044 [Test worker] liquibase.info - master.changelog.json: migration/vault-schema.changelog-init.xml::1511451595465-26::R3.Corda: ChangeSet migration/vault-schema.changelog-init.xml::1511451595465-26::R3.Corda ran successfully in 0ms
?[m?[37m[INFO] 10:34:07,045 [Test worker] liquibase.info - master.changelog.json: migration/vault-schema.changelog-init.xml::1511451595465-27::R3.Corda: Table vault_transaction_notes created
?[m?[37m[INFO] 10:34:07,045 [Test worker] liquibase.info - master.changelog.json: migration/vault-schema.changelog-init.xml::1511451595465-27::R3.Corda: ChangeSet migration/vault-schema.changelog-init.xml::1511451595465-27::R3.Corda ran successfully in 0ms
?[m?[37m[INFO] 10:34:07,046 [Test worker] liquibase.info - master.changelog.json: migration/vault-schema.changelog-init.xml::1511451595465-47::R3.Corda: Primary key added to vault_fungible_states (output_index, transaction_id)
?[m?[37m[INFO] 10:34:07,046 [Test worker] liquibase.info - master.changelog.json: migration/vault-schema.changelog-init.xml::1511451595465-47::R3.Corda: ChangeSet migration/vault-schema.changelog-init.xml::1511451595465-47::R3.Corda ran successfully in 0ms
?[m?[37m[INFO] 10:34:07,047 [Test worker] liquibase.info - master.changelog.json: migration/vault-schema.changelog-init.xml::1511451595465-48::R3.Corda: Primary key added to vault_linear_states (output_index, transaction_id)
?[m?[37m[INFO] 10:34:07,047 [Test worker] liquibase.info - master.changelog.json: migration/vault-schema.changelog-init.xml::1511451595465-48::R3.Corda: ChangeSet migration/vault-schema.changelog-init.xml::1511451595465-48::R3.Corda ran successfully in 0ms
?[m?[37m[INFO] 10:34:07,048 [Test worker] liquibase.info - master.changelog.json: migration/vault-schema.changelog-init.xml::1511451595465-49::R3.Corda: Primary key added to vault_states (output_index, transaction_id)
?[m?[37m[INFO] 10:34:07,048 [Test worker] liquibase.info - master.changelog.json: migration/vault-schema.changelog-init.xml::1511451595465-49::R3.Corda: ChangeSet migration/vault-schema.changelog-init.xml::1511451595465-49::R3.Corda ran successfully in 1ms
?[m?[37m[INFO] 10:34:07,048 [Test worker] liquibase.info - master.changelog.json: migration/vault-schema.changelog-init.xml::1511451595465-50::R3.Corda: Primary key added to vault_transaction_notes (seq_no)
?[m?[37m[INFO] 10:34:07,049 [Test worker] liquibase.info - master.changelog.json: migration/vault-schema.changelog-init.xml::1511451595465-50::R3.Corda: ChangeSet migration/vault-schema.changelog-init.xml::1511451595465-50::R3.Corda ran successfully in 0ms
?[m?[37m[INFO] 10:34:07,049 [Test worker] liquibase.info - master.changelog.json: migration/vault-schema.changelog-init.xml::1511451595465-53::R3.Corda: Index external_id_index created
?[m?[37m[INFO] 10:34:07,049 [Test worker] liquibase.info - master.changelog.json: migration/vault-schema.changelog-init.xml::1511451595465-53::R3.Corda: ChangeSet migration/vault-schema.changelog-init.xml::1511451595465-53::R3.Corda ran successfully in 0ms
?[m?[37m[INFO] 10:34:07,050 [Test worker] liquibase.info - master.changelog.json: migration/vault-schema.changelog-init.xml::1511451595465-55::R3.Corda: Index lock_id_idx created
?[m?[37m[INFO] 10:34:07,050 [Test worker] liquibase.info - master.changelog.json: migration/vault-schema.changelog-init.xml::1511451595465-55::R3.Corda: ChangeSet migration/vault-schema.changelog-init.xml::1511451595465-55::R3.Corda ran successfully in 0ms
?[m?[37m[INFO] 10:34:07,051 [Test worker] liquibase.info - master.changelog.json: migration/vault-schema.changelog-init.xml::1511451595465-58::R3.Corda: Index state_status_idx created
?[m?[37m[INFO] 10:34:07,051 [Test worker] liquibase.info - master.changelog.json: migration/vault-schema.changelog-init.xml::1511451595465-58::R3.Corda: ChangeSet migration/vault-schema.changelog-init.xml::1511451595465-58::R3.Corda ran successfully in 0ms
?[m?[37m[INFO] 10:34:07,052 [Test worker] liquibase.info - master.changelog.json: migration/vault-schema.changelog-init.xml::1511451595465-59::R3.Corda: Index transaction_id_index created
?[m?[37m[INFO] 10:34:07,052 [Test worker] liquibase.info - master.changelog.json: migration/vault-schema.changelog-init.xml::1511451595465-59::R3.Corda: ChangeSet migration/vault-schema.changelog-init.xml::1511451595465-59::R3.Corda ran successfully in 1ms
?[m?[37m[INFO] 10:34:07,053 [Test worker] liquibase.info - master.changelog.json: migration/vault-schema.changelog-init.xml::1511451595465-60::R3.Corda: Index uuid_index created
?[m?[37m[INFO] 10:34:07,053 [Test worker] liquibase.info - master.changelog.json: migration/vault-schema.changelog-init.xml::1511451595465-60::R3.Corda: ChangeSet migration/vault-schema.changelog-init.xml::1511451595465-60::R3.Corda ran successfully in 1ms
?[m?[37m[INFO] 10:34:07,054 [Test worker] liquibase.info - master.changelog.json: migration/vault-schema.changelog-init.xml::1511451595465-64::R3.Corda: Foreign key constraint added to vault_fungible_states_parts (output_index,transaction_id)
?[m?[37m[INFO] 10:34:07,054 [Test worker] liquibase.info - master.changelog.json: migration/vault-schema.changelog-init.xml::1511451595465-64::R3.Corda: ChangeSet migration/vault-schema.changelog-init.xml::1511451595465-64::R3.Corda ran successfully in 1ms
?[m?[37m[INFO] 10:34:07,055 [Test worker] liquibase.info - master.changelog.json: migration/vault-schema.changelog-init.xml::1511451595465-65::R3.Corda: Foreign key constraint added to vault_linear_states_parts (output_index,transaction_id)
?[m?[37m[INFO] 10:34:07,055 [Test worker] liquibase.info - master.changelog.json: migration/vault-schema.changelog-init.xml::1511451595465-65::R3.Corda: ChangeSet migration/vault-schema.changelog-init.xml::1511451595465-65::R3.Corda ran successfully in 1ms
?[m?[37m[INFO] 10:34:07,056 [Test worker] liquibase.info - master.changelog.json: migration/vault-schema.changelog-v3.xml::clean_vault::R3.Corda: Data deleted from vault_fungible_states_parts
?[m?[37m[INFO] 10:34:07,057 [Test worker] liquibase.info - master.changelog.json: migration/vault-schema.changelog-v3.xml::clean_vault::R3.Corda: Data deleted from vault_fungible_states
?[m?[37m[INFO] 10:34:07,057 [Test worker] liquibase.info - master.changelog.json: migration/vault-schema.changelog-v3.xml::clean_vault::R3.Corda: Data deleted from vault_linear_states_parts
?[m?[37m[INFO] 10:34:07,057 [Test worker] liquibase.info - master.changelog.json: migration/vault-schema.changelog-v3.xml::clean_vault::R3.Corda: Data deleted from vault_linear_states
?[m?[37m[INFO] 10:34:07,057 [Test worker] liquibase.info - master.changelog.json: migration/vault-schema.changelog-v3.xml::clean_vault::R3.Corda: Data deleted from vault_states
?[m?[37m[INFO] 10:34:07,058 [Test worker] liquibase.info - master.changelog.json: migration/vault-schema.changelog-v3.xml::clean_vault::R3.Corda: Data deleted from vault_transaction_notes
?[m?[37m[INFO] 10:34:07,058 [Test worker] liquibase.info - master.changelog.json: migration/vault-schema.changelog-v3.xml::clean_vault::R3.Corda: ChangeSet migration/vault-schema.changelog-v3.xml::clean_vault::R3.Corda ran successfully in 2ms
?[m?[37m[INFO] 10:34:07,059 [Test worker] liquibase.info - master.changelog.json: migration/vault-schema.changelog-v4.xml::nullability::R3.Corda: Null constraint has been added to vault_fungible_states.quantity
?[m?[37m[INFO] 10:34:07,059 [Test worker] liquibase.info - master.changelog.json: migration/vault-schema.changelog-v4.xml::nullability::R3.Corda: Null constraint has been added to vault_states.contract_state_class_name
?[m?[37m[INFO] 10:34:07,059 [Test worker] liquibase.info - master.changelog.json: migration/vault-schema.changelog-v4.xml::nullability::R3.Corda: Null constraint has been added to vault_states.notary_name
?[m?[37m[INFO] 10:34:07,060 [Test worker] liquibase.info - master.changelog.json: migration/vault-schema.changelog-v4.xml::nullability::R3.Corda: Null constraint has been added to vault_states.recorded_timestamp
?[m?[37m[INFO] 10:34:07,060 [Test worker] liquibase.info - master.changelog.json: migration/vault-schema.changelog-v4.xml::nullability::R3.Corda: Index state_status_idx dropped from table vault_states
?[m?[37m[INFO] 10:34:07,060 [Test worker] liquibase.info - master.changelog.json: migration/vault-schema.changelog-v4.xml::nullability::R3.Corda: Index lock_id_idx dropped from table vault_states
?[m?[37m[INFO] 10:34:07,060 [Test worker] liquibase.info - master.changelog.json: migration/vault-schema.changelog-v4.xml::nullability::R3.Corda: Null constraint has been added to vault_states.state_status
?[m?[37m[INFO] 10:34:07,061 [Test worker] liquibase.info - master.changelog.json: migration/vault-schema.changelog-v4.xml::nullability::R3.Corda: Index state_status_idx created
?[m?[37m[INFO] 10:34:07,061 [Test worker] liquibase.info - master.changelog.json: migration/vault-schema.changelog-v4.xml::nullability::R3.Corda: Index lock_id_idx created
?[m?[37m[INFO] 10:34:07,061 [Test worker] liquibase.info - master.changelog.json: migration/vault-schema.changelog-v4.xml::nullability::R3.Corda: Index transaction_id_index dropped from table vault_transaction_notes
?[m?[37m[INFO] 10:34:07,061 [Test worker] liquibase.info - master.changelog.json: migration/vault-schema.changelog-v4.xml::nullability::R3.Corda: Null constraint has been added to vault_transaction_notes.note
?[m?[37m[INFO] 10:34:07,062 [Test worker] liquibase.info - master.changelog.json: migration/vault-schema.changelog-v4.xml::nullability::R3.Corda: Null constraint has been added to vault_transaction_notes.transaction_id
?[m?[37m[INFO] 10:34:07,062 [Test worker] liquibase.info - master.changelog.json: migration/vault-schema.changelog-v4.xml::nullability::R3.Corda: Index transaction_id_index created
?[m?[37m[INFO] 10:34:07,062 [Test worker] liquibase.info - master.changelog.json: migration/vault-schema.changelog-v4.xml::nullability::R3.Corda: ChangeSet migration/vault-schema.changelog-v4.xml::nullability::R3.Corda ran successfully in 4ms
?[m?[37m[INFO] 10:34:07,066 [Test worker] liquibase.info - master.changelog.json: migration/vault-schema.changelog-v5.xml::add_relevancy_status_column::R3.Corda: Columns relevancy_status(INT) added to vault_states
?[m?[37m[INFO] 10:34:07,067 [Test worker] liquibase.info - master.changelog.json: migration/vault-schema.changelog-v5.xml::add_relevancy_status_column::R3.Corda: Data updated in vault_states
?[m?[37m[INFO] 10:34:07,067 [Test worker] liquibase.info - master.changelog.json: migration/vault-schema.changelog-v5.xml::add_relevancy_status_column::R3.Corda: Null constraint has been added to vault_states.relevancy_status
?[m?[37m[INFO] 10:34:07,067 [Test worker] liquibase.info - master.changelog.json: migration/vault-schema.changelog-v5.xml::add_relevancy_status_column::R3.Corda: ChangeSet migration/vault-schema.changelog-v5.xml::add_relevancy_status_column::R3.Corda ran successfully in 2ms
?[m?[37m[INFO] 10:34:07,069 [Test worker] liquibase.info - master.changelog.json: migration/vault-schema.changelog-v6.xml::add_is_constraint_information_columns::R3.Corda: Columns constraint_type(INT) added to vault_states
?[m?[37m[INFO] 10:34:07,070 [Test worker] liquibase.info - master.changelog.json: migration/vault-schema.changelog-v6.xml::add_is_constraint_information_columns::R3.Corda: Columns constraint_data(varbinary(563)) added to vault_states
?[m?[37m[INFO] 10:34:07,070 [Test worker] liquibase.info - master.changelog.json: migration/vault-schema.changelog-v6.xml::add_is_constraint_information_columns::R3.Corda: ChangeSet migration/vault-schema.changelog-v6.xml::add_is_constraint_information_columns::R3.Corda ran successfully in 2ms
?[m?[37m[INFO] 10:34:07,071 [Test worker] liquibase.info - master.changelog.json: migration/vault-schema.changelog-v7.xml::make_issuer_ref_nullable::R3.Corda: Null constraint dropped from vault_fungible_states.issuer_ref
?[m?[37m[INFO] 10:34:07,071 [Test worker] liquibase.info - master.changelog.json: migration/vault-schema.changelog-v7.xml::make_issuer_ref_nullable::R3.Corda: ChangeSet migration/vault-schema.changelog-v7.xml::make_issuer_ref_nullable::R3.Corda ran successfully in 1ms
?[m?[37m[INFO] 10:34:07,071 [Test worker] liquibase.info - master.changelog.json: migration/vault-schema.changelog-v8.xml::create-external-id-to-state-party-view::R3.Corda: Table state_party created
?[m?[37m[INFO] 10:34:07,072 [Test worker] liquibase.info - master.changelog.json: migration/vault-schema.changelog-v8.xml::create-external-id-to-state-party-view::R3.Corda: Index state_pk_hash_idx created
?[m?[37m[INFO] 10:34:07,088 [Test worker] liquibase.info - master.changelog.json: migration/vault-schema.changelog-v8.xml::create-external-id-to-state-party-view::R3.Corda: Table pk_hash_to_ext_id_map created
?[m?[37m[INFO] 10:34:07,089 [Test worker] liquibase.info - master.changelog.json: migration/vault-schema.changelog-v8.xml::create-external-id-to-state-party-view::R3.Corda: Index pk_hash_to_xid_idx created
?[m?[37m[INFO] 10:34:07,089 [Test worker] liquibase.info - master.changelog.json: migration/vault-schema.changelog-v8.xml::create-external-id-to-state-party-view::R3.Corda: View v_pkey_hash_ex_id_map created
?[m?[37m[INFO] 10:34:07,089 [Test worker] liquibase.info - master.changelog.json: migration/vault-schema.changelog-v8.xml::create-external-id-to-state-party-view::R3.Corda: ChangeSet migration/vault-schema.changelog-v8.xml::create-external-id-to-state-party-view::R3.Corda ran successfully in 18ms
?[m?[37m[INFO] 10:34:07,090 [Test worker] liquibase.info - master.changelog.json: migration/node-info.changelog-init.xml::1511451595465-4::R3.Corda: Table node_link_nodeinfo_party created
?[m?[37m[INFO] 10:34:07,091 [Test worker] liquibase.info - master.changelog.json: migration/node-info.changelog-init.xml::1511451595465-4::R3.Corda: ChangeSet migration/node-info.changelog-init.xml::1511451595465-4::R3.Corda ran successfully in 0ms
?[m?[37m[INFO] 10:34:07,091 [Test worker] liquibase.info - master.changelog.json: migration/node-info.changelog-init.xml::1511451595465-10::R3.Corda: Table node_info_hosts created
?[m?[37m[INFO] 10:34:07,091 [Test worker] liquibase.info - master.changelog.json: migration/node-info.changelog-init.xml::1511451595465-10::R3.Corda: ChangeSet migration/node-info.changelog-init.xml::1511451595465-10::R3.Corda ran successfully in 0ms
?[m?[37m[INFO] 10:34:07,092 [Test worker] liquibase.info - master.changelog.json: migration/node-info.changelog-init.xml::1511451595465-11::R3.Corda: Table node_info_party_cert created
?[m?[37m[INFO] 10:34:07,092 [Test worker] liquibase.info - master.changelog.json: migration/node-info.changelog-init.xml::1511451595465-11::R3.Corda: ChangeSet migration/node-info.changelog-init.xml::1511451595465-11::R3.Corda ran successfully in 0ms
?[m?[37m[INFO] 10:34:07,093 [Test worker] liquibase.info - master.changelog.json: migration/node-info.changelog-init.xml::1511451595465-12::R3.Corda: Table node_infos created
?[m?[37m[INFO] 10:34:07,093 [Test worker] liquibase.info - master.changelog.json: migration/node-info.changelog-init.xml::1511451595465-12::R3.Corda: ChangeSet migration/node-info.changelog-init.xml::1511451595465-12::R3.Corda ran successfully in 0ms
?[m?[37m[INFO] 10:34:07,094 [Test worker] liquibase.info - master.changelog.json: migration/node-info.changelog-init.xml::1511451595465-35::R3.Corda: Primary key added to node_info_hosts (host, port)
?[m?[37m[INFO] 10:34:07,094 [Test worker] liquibase.info - master.changelog.json: migration/node-info.changelog-init.xml::1511451595465-35::R3.Corda: ChangeSet migration/node-info.changelog-init.xml::1511451595465-35::R3.Corda ran successfully in 0ms
?[m?[37m[INFO] 10:34:07,095 [Test worker] liquibase.info - master.changelog.json: migration/node-info.changelog-init.xml::1511451595465-36::R3.Corda: Primary key added to node_info_party_cert (party_name)
?[m?[37m[INFO] 10:34:07,096 [Test worker] liquibase.info - master.changelog.json: migration/node-info.changelog-init.xml::1511451595465-36::R3.Corda: ChangeSet migration/node-info.changelog-init.xml::1511451595465-36::R3.Corda ran successfully in 0ms
?[m?[37m[INFO] 10:34:07,097 [Test worker] liquibase.info - master.changelog.json: migration/node-info.changelog-init.xml::1511451595465-37::R3.Corda: Primary key added to node_infos (node_info_id)
?[m?[37m[INFO] 10:34:07,097 [Test worker] liquibase.info - master.changelog.json: migration/node-info.changelog-init.xml::1511451595465-37::R3.Corda: ChangeSet migration/node-info.changelog-init.xml::1511451595465-37::R3.Corda ran successfully in 1ms
?[m?[37m[INFO] 10:34:07,098 [Test worker] liquibase.info - master.changelog.json: migration/node-info.changelog-init.xml::1511451595465-62::R3.Corda: Foreign key constraint added to node_link_nodeinfo_party (node_info_id)
?[m?[37m[INFO] 10:34:07,098 [Test worker] liquibase.info - master.changelog.json: migration/node-info.changelog-init.xml::1511451595465-62::R3.Corda: ChangeSet migration/node-info.changelog-init.xml::1511451595465-62::R3.Corda ran successfully in 1ms
?[m?[37m[INFO] 10:34:07,099 [Test worker] liquibase.info - master.changelog.json: migration/node-info.changelog-init.xml::1511451595465-63::R3.Corda: Foreign key constraint added to node_info_hosts (node_info_id)
?[m?[37m[INFO] 10:34:07,099 [Test worker] liquibase.info - master.changelog.json: migration/node-info.changelog-init.xml::1511451595465-63::R3.Corda: ChangeSet migration/node-info.changelog-init.xml::1511451595465-63::R3.Corda ran successfully in 0ms
?[m?[37m[INFO] 10:34:07,100 [Test worker] liquibase.info - master.changelog.json: migration/node-info.changelog-init.xml::remove_host_port_pk::R3.Corda: Data deleted from node_infos
?[m?[37m[INFO] 10:34:07,100 [Test worker] liquibase.info - master.changelog.json: migration/node-info.changelog-init.xml::remove_host_port_pk::R3.Corda: Data deleted from node_link_nodeinfo_party
?[m?[37m[INFO] 10:34:07,101 [Test worker] liquibase.info - master.changelog.json: migration/node-info.changelog-init.xml::remove_host_port_pk::R3.Corda: Data deleted from node_info_hosts
?[m?[37m[INFO] 10:34:07,101 [Test worker] liquibase.info - master.changelog.json: migration/node-info.changelog-init.xml::remove_host_port_pk::R3.Corda: Data deleted from node_info_party_cert
?[m?[37m[INFO] 10:34:07,101 [Test worker] liquibase.info - master.changelog.json: migration/node-info.changelog-init.xml::remove_host_port_pk::R3.Corda: Primary key dropped from node_info_hosts
?[m?[37m[INFO] 10:34:07,102 [Test worker] liquibase.info - master.changelog.json: migration/node-info.changelog-init.xml::remove_host_port_pk::R3.Corda: Columns hosts_id(INT) added to node_info_hosts
?[m?[37m[INFO] 10:34:07,102 [Test worker] liquibase.info - master.changelog.json: migration/node-info.changelog-init.xml::remove_host_port_pk::R3.Corda: Primary key added to node_info_hosts (hosts_id)
?[m?[37m[INFO] 10:34:07,102 [Test worker] liquibase.info - master.changelog.json: migration/node-info.changelog-init.xml::remove_host_port_pk::R3.Corda: ChangeSet migration/node-info.changelog-init.xml::remove_host_port_pk::R3.Corda ran successfully in 2ms
?[m?[37m[INFO] 10:34:07,103 [Test worker] liquibase.info - master.changelog.json: migration/node-info.changelog-v1.xml::key/value node properties table::R3.Corda: Table node_properties created
?[m?[37m[INFO] 10:34:07,103 [Test worker] liquibase.info - master.changelog.json: migration/node-info.changelog-v1.xml::key/value node properties table::R3.Corda: ChangeSet migration/node-info.changelog-v1.xml::key/value node properties table::R3.Corda ran successfully in 0ms
?[m?[37m[INFO] 10:34:07,104 [Test worker] liquibase.info - master.changelog.json: migration/node-info.changelog-v2.xml::1525962920::R3.Corda: Null constraint has been added to node_infos.node_info_hash
?[m?[37m[INFO] 10:34:07,104 [Test worker] liquibase.info - master.changelog.json: migration/node-info.changelog-v2.xml::1525962920::R3.Corda: Null constraint has been added to node_infos.platform_version
?[m?[37m[INFO] 10:34:07,104 [Test worker] liquibase.info - master.changelog.json: migration/node-info.changelog-v2.xml::1525962920::R3.Corda: Null constraint has been added to node_infos.serial
?[m?[37m[INFO] 10:34:07,105 [Test worker] liquibase.info - master.changelog.json: migration/node-info.changelog-v2.xml::1525962920::R3.Corda: Null constraint dropped from node_info_hosts.host
?[m?[37m[INFO] 10:34:07,105 [Test worker] liquibase.info - master.changelog.json: migration/node-info.changelog-v2.xml::1525962920::R3.Corda: Null constraint dropped from node_info_hosts.port
?[m?[37m[INFO] 10:34:07,105 [Test worker] liquibase.info - master.changelog.json: migration/node-info.changelog-v2.xml::1525962920::R3.Corda: Null constraint has been added to node_info_party_cert.owning_key_hash
?[m?[37m[INFO] 10:34:07,105 [Test worker] liquibase.info - master.changelog.json: migration/node-info.changelog-v2.xml::1525962920::R3.Corda: Null constraint has been added to node_info_party_cert.party_cert_binary
?[m?[37m[INFO] 10:34:07,105 [Test worker] liquibase.info - master.changelog.json: migration/node-info.changelog-v2.xml::1525962920::R3.Corda: ChangeSet migration/node-info.changelog-v2.xml::1525962920::R3.Corda ran successfully in 1ms
?[m?[37m[INFO] 10:34:07,106 [Test worker] liquibase.info - master.changelog.json: migration/node-info.changelog-v3.xml::column_host_name::R3.Corda: Column node_info_hosts.host renamed to host_name
?[m?[37m[INFO] 10:34:07,106 [Test worker] liquibase.info - master.changelog.json: migration/node-info.changelog-v3.xml::column_host_name::R3.Corda: ChangeSet migration/node-info.changelog-v3.xml::column_host_name::R3.Corda ran successfully in 0ms
?[m?[37m[INFO] 10:34:07,107 [Test worker] liquibase.info - master.changelog.json: migration/node-services.changelog-init.xml::1511451595465-5::R3.Corda: Table node_attachments created
?[m?[37m[INFO] 10:34:07,107 [Test worker] liquibase.info - master.changelog.json: migration/node-services.changelog-init.xml::1511451595465-5::R3.Corda: ChangeSet migration/node-services.changelog-init.xml::1511451595465-5::R3.Corda ran successfully in 0ms
?[m?[37m[INFO] 10:34:07,108 [Test worker] liquibase.info - master.changelog.json: migration/node-services.changelog-init.xml::1511451595465-7::R3.Corda: Table node_checkpoints created
?[m?[37m[INFO] 10:34:07,109 [Test worker] liquibase.info - master.changelog.json: migration/node-services.changelog-init.xml::1511451595465-7::R3.Corda: ChangeSet migration/node-services.changelog-init.xml::1511451595465-7::R3.Corda ran successfully in 0ms
?[m?[37m[INFO] 10:34:07,110 [Test worker] liquibase.info - master.changelog.json: migration/node-services.changelog-init.xml::1511451595465-8::R3.Corda: Table node_contract_upgrades created
?[m?[37m[INFO] 10:34:07,110 [Test worker] liquibase.info - master.changelog.json: migration/node-services.changelog-init.xml::1511451595465-8::R3.Corda: ChangeSet migration/node-services.changelog-init.xml::1511451595465-8::R3.Corda ran successfully in 1ms
?[m?[37m[INFO] 10:34:07,110 [Test worker] liquibase.info - master.changelog.json: migration/node-services.changelog-init.xml::1511451595465-9::R3.Corda: Table node_identities created
?[m?[37m[INFO] 10:34:07,111 [Test worker] liquibase.info - master.changelog.json: migration/node-services.changelog-init.xml::1511451595465-9::R3.Corda: ChangeSet migration/node-services.changelog-init.xml::1511451595465-9::R3.Corda ran successfully in 0ms
?[m?[37m[INFO] 10:34:07,111 [Test worker] liquibase.info - master.changelog.json: migration/node-services.changelog-init.xml::1511451595465-13::R3.Corda: Table node_message_ids created
?[m?[37m[INFO] 10:34:07,112 [Test worker] liquibase.info - master.changelog.json: migration/node-services.changelog-init.xml::1511451595465-13::R3.Corda: ChangeSet migration/node-services.changelog-init.xml::1511451595465-13::R3.Corda ran successfully in 0ms
?[m?[37m[INFO] 10:34:07,112 [Test worker] liquibase.info - master.changelog.json: migration/node-services.changelog-init.xml::1511451595465-14::R3.Corda: Table node_message_retry created
?[m?[37m[INFO] 10:34:07,112 [Test worker] liquibase.info - master.changelog.json: migration/node-services.changelog-init.xml::1511451595465-14::R3.Corda: ChangeSet migration/node-services.changelog-init.xml::1511451595465-14::R3.Corda ran successfully in 0ms
?[m?[37m[INFO] 10:34:07,113 [Test worker] liquibase.info - master.changelog.json: migration/node-services.changelog-init.xml::1511451595465-15::R3.Corda: Table node_named_identities created
?[m?[37m[INFO] 10:34:07,113 [Test worker] liquibase.info - master.changelog.json: migration/node-services.changelog-init.xml::1511451595465-15::R3.Corda: ChangeSet migration/node-services.changelog-init.xml::1511451595465-15::R3.Corda ran successfully in 0ms
?[m?[37m[INFO] 10:34:07,114 [Test worker] liquibase.info - master.changelog.json: migration/node-services.changelog-init.xml::1511451595465-17::R3.Corda: Table node_our_key_pairs created
?[m?[37m[INFO] 10:34:07,114 [Test worker] liquibase.info - master.changelog.json: migration/node-services.changelog-init.xml::1511451595465-17::R3.Corda: ChangeSet migration/node-services.changelog-init.xml::1511451595465-17::R3.Corda ran successfully in 0ms
?[m?[37m[INFO] 10:34:07,115 [Test worker] liquibase.info - master.changelog.json: migration/node-services.changelog-init.xml::1511451595465-19::R3.Corda: Table node_scheduled_states created
?[m?[37m[INFO] 10:34:07,115 [Test worker] liquibase.info - master.changelog.json: migration/node-services.changelog-init.xml::1511451595465-19::R3.Corda: ChangeSet migration/node-services.changelog-init.xml::1511451595465-19::R3.Corda ran successfully in 0ms
?[m?[37m[INFO] 10:34:07,116 [Test worker] liquibase.info - master.changelog.json: migration/node-services.changelog-init.xml::1511451595465-20::R3.Corda: Table node_transaction_mappings created
?[m?[37m[INFO] 10:34:07,116 [Test worker] liquibase.info - master.changelog.json: migration/node-services.changelog-init.xml::1511451595465-20::R3.Corda: ChangeSet migration/node-services.changelog-init.xml::1511451595465-20::R3.Corda ran successfully in 0ms
?[m?[37m[INFO] 10:34:07,117 [Test worker] liquibase.info - master.changelog.json: migration/node-services.changelog-init.xml::1511451595465-21::R3.Corda: Table node_transactions created
?[m?[37m[INFO] 10:34:07,117 [Test worker] liquibase.info - master.changelog.json: migration/node-services.changelog-init.xml::1511451595465-21::R3.Corda: ChangeSet migration/node-services.changelog-init.xml::1511451595465-21::R3.Corda ran successfully in 0ms
?[m?[37m[INFO] 10:34:07,118 [Test worker] liquibase.info - master.changelog.json: migration/node-services.changelog-init.xml::1511451595465-30::R3.Corda: Primary key added to node_attachments (att_id)
?[m?[37m[INFO] 10:34:07,118 [Test worker] liquibase.info - master.changelog.json: migration/node-services.changelog-init.xml::1511451595465-30::R3.Corda: ChangeSet migration/node-services.changelog-init.xml::1511451595465-30::R3.Corda ran successfully in 0ms
?[m?[37m[INFO] 10:34:07,119 [Test worker] liquibase.info - master.changelog.json: migration/node-services.changelog-init.xml::1511451595465-32::R3.Corda: Primary key added to node_checkpoints (checkpoint_id)
?[m?[37m[INFO] 10:34:07,119 [Test worker] liquibase.info - master.changelog.json: migration/node-services.changelog-init.xml::1511451595465-32::R3.Corda: ChangeSet migration/node-services.changelog-init.xml::1511451595465-32::R3.Corda ran successfully in 0ms
?[m?[37m[INFO] 10:34:07,120 [Test worker] liquibase.info - master.changelog.json: migration/node-services.changelog-init.xml::1511451595465-33::R3.Corda: Primary key added to node_contract_upgrades (state_ref)
?[m?[37m[INFO] 10:34:07,120 [Test worker] liquibase.info - master.changelog.json: migration/node-services.changelog-init.xml::1511451595465-33::R3.Corda: ChangeSet migration/node-services.changelog-init.xml::1511451595465-33::R3.Corda ran successfully in 0ms
?[m?[37m[INFO] 10:34:07,121 [Test worker] liquibase.info - master.changelog.json: migration/node-services.changelog-init.xml::1511451595465-34::R3.Corda: Primary key added to node_identities (pk_hash)
?[m?[37m[INFO] 10:34:07,121 [Test worker] liquibase.info - master.changelog.json: migration/node-services.changelog-init.xml::1511451595465-34::R3.Corda: ChangeSet migration/node-services.changelog-init.xml::1511451595465-34::R3.Corda ran successfully in 0ms
?[m?[37m[INFO] 10:34:07,122 [Test worker] liquibase.info - master.changelog.json: migration/node-services.changelog-init.xml::1511451595465-38::R3.Corda: Primary key added to node_message_ids (message_id)
?[m?[37m[INFO] 10:34:07,122 [Test worker] liquibase.info - master.changelog.json: migration/node-services.changelog-init.xml::1511451595465-38::R3.Corda: ChangeSet migration/node-services.changelog-init.xml::1511451595465-38::R3.Corda ran successfully in 0ms
?[m?[37m[INFO] 10:34:07,123 [Test worker] liquibase.info - master.changelog.json: migration/node-services.changelog-init.xml::1511451595465-39::R3.Corda: Primary key added to node_message_retry (message_id)
?[m?[37m[INFO] 10:34:07,124 [Test worker] liquibase.info - master.changelog.json: migration/node-services.changelog-init.xml::1511451595465-39::R3.Corda: ChangeSet migration/node-services.changelog-init.xml::1511451595465-39::R3.Corda ran successfully in 0ms
?[m?[37m[INFO] 10:34:07,124 [Test worker] liquibase.info - master.changelog.json: migration/node-services.changelog-init.xml::1511451595465-40::R3.Corda: Primary key added to node_named_identities (name)
?[m?[37m[INFO] 10:34:07,125 [Test worker] liquibase.info - master.changelog.json: migration/node-services.changelog-init.xml::1511451595465-40::R3.Corda: ChangeSet migration/node-services.changelog-init.xml::1511451595465-40::R3.Corda ran successfully in 0ms
?[m?[37m[INFO] 10:34:07,125 [Test worker] liquibase.info - master.changelog.json: migration/node-services.changelog-init.xml::1511451595465-42::R3.Corda: Primary key added to node_our_key_pairs (public_key_hash)
?[m?[37m[INFO] 10:34:07,126 [Test worker] liquibase.info - master.changelog.json: migration/node-services.changelog-init.xml::1511451595465-42::R3.Corda: ChangeSet migration/node-services.changelog-init.xml::1511451595465-42::R3.Corda ran successfully in 0ms
?[m?[37m[INFO] 10:34:07,126 [Test worker] liquibase.info - master.changelog.json: migration/node-services.changelog-init.xml::1511451595465-44::R3.Corda: Primary key added to node_scheduled_states (output_index, transaction_id)
?[m?[37m[INFO] 10:34:07,126 [Test worker] liquibase.info - master.changelog.json: migration/node-services.changelog-init.xml::1511451595465-44::R3.Corda: ChangeSet migration/node-services.changelog-init.xml::1511451595465-44::R3.Corda ran successfully in 0ms
?[m?[37m[INFO] 10:34:07,127 [Test worker] liquibase.info - master.changelog.json: migration/node-services.changelog-init.xml::1511451595465-45::R3.Corda: Primary key added to node_transaction_mappings (tx_id)
?[m?[37m[INFO] 10:34:07,127 [Test worker] liquibase.info - master.changelog.json: migration/node-services.changelog-init.xml::1511451595465-45::R3.Corda: ChangeSet migration/node-services.changelog-init.xml::1511451595465-45::R3.Corda ran successfully in 0ms
?[m?[37m[INFO] 10:34:07,128 [Test worker] liquibase.info - master.changelog.json: migration/node-services.changelog-init.xml::1511451595465-46::R3.Corda: Primary key added to node_transactions (tx_id)
?[m?[37m[INFO] 10:34:07,128 [Test worker] liquibase.info - master.changelog.json: migration/node-services.changelog-init.xml::1511451595465-46::R3.Corda: ChangeSet migration/node-services.changelog-init.xml::1511451595465-46::R3.Corda ran successfully in 0ms
?[m?[37m[INFO] 10:34:07,130 [Test worker] liquibase.info - master.changelog.json: migration/node-services.changelog-init.xml::1511451595465-61::R3.Corda: Foreign key constraint added to node_link_nodeinfo_party (party_name)
?[m?[37m[INFO] 10:34:07,130 [Test worker] liquibase.info - master.changelog.json: migration/node-services.changelog-init.xml::1511451595465-61::R3.Corda: ChangeSet migration/node-services.changelog-init.xml::1511451595465-61::R3.Corda ran successfully in 1ms
?[m?[37m[INFO] 10:34:07,131 [Test worker] liquibase.info - master.changelog.json: migration/node-services.changelog-init.xml::add index att_id::R3.Corda: Index att_id_idx created
?[m?[37m[INFO] 10:34:07,131 [Test worker] liquibase.info - master.changelog.json: migration/node-services.changelog-init.xml::add index att_id::R3.Corda: ChangeSet migration/node-services.changelog-init.xml::add index att_id::R3.Corda ran successfully in 1ms
?[m?[37m[INFO] 10:34:07,132 [Test worker] liquibase.info - master.changelog.json: migration/node-services.changelog-init.xml::add_contract_attachment::R3.Corda: Table node_attchments_contracts created
?[m?[37m[INFO] 10:34:07,132 [Test worker] liquibase.info - master.changelog.json: migration/node-services.changelog-init.xml::add_contract_attachment::R3.Corda: Foreign key constraint added to node_attchments_contracts (att_id)
?[m?[37m[INFO] 10:34:07,132 [Test worker] liquibase.info - master.changelog.json: migration/node-services.changelog-init.xml::add_contract_attachment::R3.Corda: Data deleted from node_attachments
?[m?[37m[INFO] 10:34:07,132 [Test worker] liquibase.info - master.changelog.json: migration/node-services.changelog-init.xml::add_contract_attachment::R3.Corda: ChangeSet migration/node-services.changelog-init.xml::add_contract_attachment::R3.Corda ran successfully in 1ms
?[m?[37m[INFO] 10:34:07,135 [Test worker] liquibase.info - master.changelog.json: migration/node-services.changelog-init.xml::add_dedup_columns::R3.Corda: Columns sender(NVARCHAR(64)),sequence_number(BIGINT) added to node_message_ids
?[m?[37m[INFO] 10:34:07,135 [Test worker] liquibase.info - master.changelog.json: migration/node-services.changelog-init.xml::add_dedup_columns::R3.Corda: ChangeSet migration/node-services.changelog-init.xml::add_dedup_columns::R3.Corda ran successfully in 2ms
?[m?[37m[INFO] 10:34:07,136 [Test worker] liquibase.info - master.changelog.json: migration/node-core.changelog-v4.xml::attchments_rename::R3.Corda: Table node_attchments_contracts renamed to node_attachments_contracts
?[m?[37m[INFO] 10:34:07,136 [Test worker] liquibase.info - master.changelog.json: migration/node-core.changelog-v4.xml::attchments_rename::R3.Corda: ChangeSet migration/node-core.changelog-v4.xml::attchments_rename::R3.Corda ran successfully in 1ms
?[m?[37m[INFO] 10:34:07,137 [Test worker] liquibase.info - master.changelog.json: migration/node-core.changelog-v4.xml::nullability::R3.Corda: Null constraint has been added to node_identities.identity_value
?[m?[37m[INFO] 10:34:07,137 [Test worker] liquibase.info - master.changelog.json: migration/node-core.changelog-v4.xml::nullability::R3.Corda: Null constraint has been added to node_attachments.content
?[m?[37m[INFO] 10:34:07,137 [Test worker] liquibase.info - master.changelog.json: migration/node-core.changelog-v4.xml::nullability::R3.Corda: Null constraint has been added to node_attachments_contracts.contract_class_name
?[m?[37m[INFO] 10:34:07,137 [Test worker] liquibase.info - master.changelog.json: migration/node-core.changelog-v4.xml::nullability::R3.Corda: Null constraint has been added to node_checkpoints.checkpoint_value
?[m?[37m[INFO] 10:34:07,137 [Test worker] liquibase.info - master.changelog.json: migration/node-core.changelog-v4.xml::nullability::R3.Corda: Null constraint has been added to node_contract_upgrades.contract_class_name
?[m?[37m[INFO] 10:34:07,138 [Test worker] liquibase.info - master.changelog.json: migration/node-core.changelog-v4.xml::nullability::R3.Corda: Null constraint has been added to node_message_ids.insertion_time
?[m?[37m[INFO] 10:34:07,138 [Test worker] liquibase.info - master.changelog.json: migration/node-core.changelog-v4.xml::nullability::R3.Corda: Null constraint has been added to node_message_retry.message
?[m?[37m[INFO] 10:34:07,138 [Test worker] liquibase.info - master.changelog.json: migration/node-core.changelog-v4.xml::nullability::R3.Corda: Null constraint has been added to node_message_retry.recipients
?[m?[37m[INFO] 10:34:07,138 [Test worker] liquibase.info - master.changelog.json: migration/node-core.changelog-v4.xml::nullability::R3.Corda: Null constraint has been added to node_named_identities.pk_hash
?[m?[37m[INFO] 10:34:07,138 [Test worker] liquibase.info - master.changelog.json: migration/node-core.changelog-v4.xml::nullability::R3.Corda: Null constraint has been added to node_our_key_pairs.private_key
?[m?[37m[INFO] 10:34:07,138 [Test worker] liquibase.info - master.changelog.json: migration/node-core.changelog-v4.xml::nullability::R3.Corda: Null constraint has been added to node_our_key_pairs.public_key
?[m?[37m[INFO] 10:34:07,139 [Test worker] liquibase.info - master.changelog.json: migration/node-core.changelog-v4.xml::nullability::R3.Corda: Null constraint has been added to node_transaction_mappings.state_machine_run_id
?[m?[37m[INFO] 10:34:07,139 [Test worker] liquibase.info - master.changelog.json: migration/node-core.changelog-v4.xml::nullability::R3.Corda: Null constraint has been added to node_transactions.transaction_value
?[m?[37m[INFO] 10:34:07,139 [Test worker] liquibase.info - master.changelog.json: migration/node-core.changelog-v4.xml::nullability::R3.Corda: ChangeSet migration/node-core.changelog-v4.xml::nullability::R3.Corda ran successfully in 3ms
?[m?[37m[INFO] 10:34:07,140 [Test worker] liquibase.info - master.changelog.json: migration/node-core.changelog-v5.xml::remove_unused_node_message_retry::R3.Corda: Table node_message_retry dropped
?[m?[37m[INFO] 10:34:07,140 [Test worker] liquibase.info - master.changelog.json: migration/node-core.changelog-v5.xml::remove_unused_node_message_retry::R3.Corda: ChangeSet migration/node-core.changelog-v5.xml::remove_unused_node_message_retry::R3.Corda ran successfully in 0ms
?[m?[37m[INFO] 10:34:07,149 [Test worker] liquibase.info - master.changelog.json: migration/node-core.changelog-v8.xml::conditional_attchments_rename::R3.Corda: Marking ChangeSet: migration/node-core.changelog-v8.xml::conditional_attchments_rename::R3.Corda ran despite precondition failure due to onFail='MARK_RAN': 
          master.changelog.json : Table PUBLIC.NODE_ATTCHMENTS_CONTRACTS does not exist

?[m?[37m[INFO] 10:34:07,154 [Test worker] liquibase.info - master.changelog.json: migration/node-core.changelog-v8.xml::conditional_attchments_contracts::R3.Corda: Marking ChangeSet: migration/node-core.changelog-v8.xml::conditional_attchments_contracts::R3.Corda ran despite precondition failure due to onFail='MARK_RAN': 
          master.changelog.json : Table PUBLIC.NODE_ATTACHMENTS_CONTRACT_CLASS_NAME does not exist

?[m?[37m[INFO] 10:34:07,155 [Test worker] liquibase.info - master.changelog.json: migration/node-core.changelog-v8.xml::add_signers::R3.Corda: Table node_attachments_signers created
?[m?[37m[INFO] 10:34:07,156 [Test worker] liquibase.info - master.changelog.json: migration/node-core.changelog-v8.xml::add_signers::R3.Corda: Foreign key constraint added to node_attachments_signers (att_id)
?[m?[37m[INFO] 10:34:07,156 [Test worker] liquibase.info - master.changelog.json: migration/node-core.changelog-v8.xml::add_signers::R3.Corda: ChangeSet migration/node-core.changelog-v8.xml::add_signers::R3.Corda ran successfully in 1ms
?[m?[37m[INFO] 10:34:07,158 [Test worker] liquibase.info - master.changelog.json: migration/node-core.changelog-tx-mapping.xml::add_tx_mapping_column::R3.Corda: Columns state_machine_run_id(NVARCHAR(36)) added to node_transactions
?[m?[37m[INFO] 10:34:07,158 [Test worker] liquibase.info - master.changelog.json: migration/node-core.changelog-tx-mapping.xml::add_tx_mapping_column::R3.Corda: Custom SQL executed
?[m?[37m[INFO] 10:34:07,159 [Test worker] liquibase.info - master.changelog.json: migration/node-core.changelog-tx-mapping.xml::add_tx_mapping_column::R3.Corda: Table node_transaction_mappings dropped
?[m?[37m[INFO] 10:34:07,159 [Test worker] liquibase.info - master.changelog.json: migration/node-core.changelog-tx-mapping.xml::add_tx_mapping_column::R3.Corda: ChangeSet migration/node-core.changelog-tx-mapping.xml::add_tx_mapping_column::R3.Corda ran successfully in 2ms
?[m?[37m[INFO] 10:34:07,160 [Test worker] liquibase.info - master.changelog.json: migration/node-services.changelog-init.xml::add_network_parameters_storage::R3.Corda: Table node_network_parameters created
?[m?[37m[INFO] 10:34:07,160 [Test worker] liquibase.info - master.changelog.json: migration/node-services.changelog-init.xml::add_network_parameters_storage::R3.Corda: ChangeSet migration/node-services.changelog-init.xml::add_network_parameters_storage::R3.Corda ran successfully in 0ms
?[m?[37m[INFO] 10:34:07,162 [Test worker] liquibase.info - master.changelog.json: migration/node-services.changelog-init.xml::network_parameters_pk::R3.Corda: Primary key added to node_network_parameters (hash)
?[m?[37m[INFO] 10:34:07,162 [Test worker] liquibase.info - master.changelog.json: migration/node-services.changelog-init.xml::network_parameters_pk::R3.Corda: ChangeSet migration/node-services.changelog-init.xml::network_parameters_pk::R3.Corda ran successfully in 1ms
?[m?[37m[INFO] 10:34:07,164 [Test worker] liquibase.info - master.changelog.json: migration/node-services.changelog-init.xml::add_version_column::R3.Corda: Columns version(INT) added to node_attachments
?[m?[37m[INFO] 10:34:07,164 [Test worker] liquibase.info - master.changelog.json: migration/node-services.changelog-init.xml::add_version_column::R3.Corda: Custom SQL executed
?[m?[37m[INFO] 10:34:07,164 [Test worker] liquibase.info - master.changelog.json: migration/node-services.changelog-init.xml::add_version_column::R3.Corda: Null constraint has been added to node_attachments.version
?[m?[37m[INFO] 10:34:07,164 [Test worker] liquibase.info - master.changelog.json: migration/node-services.changelog-init.xml::add_version_column::R3.Corda: ChangeSet migration/node-services.changelog-init.xml::add_version_column::R3.Corda ran successfully in 1ms
?[m?[37m[INFO] 10:34:07,165 [Test worker] persistence.AttachmentVersionNumberMigration.execute - Start executing...
?[m?[37m[INFO] 10:34:07,166 [Test worker] persistence.AttachmentVersionNumberMigration.execute - Attachment version creation from whitelisted JARs using network parameters from build/mock-network/20190619-093406.715/nodes/0/network-parameters, whitelistedContractImplementations: {}.
?[m?[37m[INFO] 10:34:07,166 [Test worker] persistence.AttachmentVersionNumberMigration.execute - Attachment version creation from whitelisted JARs skipped, no attachments not found.
?[m?[37m[INFO] 10:34:07,166 [Test worker] liquibase.info - master.changelog.json: migration/node-services.changelog-init.xml::update-version-of-whitelisted-jars::R3.Corda: null
?[m?[37m[INFO] 10:34:07,166 [Test worker] liquibase.info - master.changelog.json: migration/node-services.changelog-init.xml::update-version-of-whitelisted-jars::R3.Corda: ChangeSet migration/node-services.changelog-init.xml::update-version-of-whitelisted-jars::R3.Corda ran successfully in 1ms
?[m?[37m[INFO] 10:34:07,168 [Test worker] liquibase.info - master.changelog.json: migration/node-services.changelog-init.xml::add-new-persitence-table::R3.Corda: Table identities_no_cert created
?[m?[37m[INFO] 10:34:07,168 [Test worker] liquibase.info - master.changelog.json: migration/node-services.changelog-init.xml::add-new-persitence-table::R3.Corda: ChangeSet migration/node-services.changelog-init.xml::add-new-persitence-table::R3.Corda ran successfully in 1ms
?[m?[37m[INFO] 10:34:07,169 [Test worker] migration.PersistentIdentitiesMigration.execute - Migrating persistent identities with certificates table into persistent table with no certificate data.
?[m?[37m[INFO] 10:34:07,170 [Test worker] persistence.HibernateConfiguration.<init> - Init HibernateConfiguration for schemas: [PersistentIdentitiesMigrationSchemaV1(name=net.corda.node.migration.PersistentIdentitiesMigrationSchema, version=1)]
?[m?[37m[INFO] 10:34:07,170 [Test worker] persistence.HibernateConfiguration.makeSessionFactoryForSchemas - Creating session factory for schemas: [PersistentIdentitiesMigrationSchemaV1(name=net.corda.node.migration.PersistentIdentitiesMigrationSchema, version=1)]
?[m?[37m[INFO] 10:34:07,175 [Test worker] internal.ConnectionProviderInitiator.initiateService - HHH000130: Instantiating explicit connection provider: net.corda.nodeapi.internal.persistence.HibernateConfiguration$NodeDatabaseConnectionProvider
?[m?[37m[INFO] 10:34:07,175 [Test worker] dialect.Dialect.<init> - HHH000400: Using dialect: org.hibernate.dialect.H2Dialect
?[m?[37m[INFO] 10:34:07,177 [Test worker] type.BasicTypeRegistry.register - HHH000270: Type registration [materialized_blob] overrides previous : org.hibernate.type.MaterializedBlobType@7a31aa45
?[m?[37m[INFO] 10:34:07,189 [Test worker] connections.access.getIsolatedConnection - HHH10001501: Connection obtained from JdbcConnectionAccess [org.hibernate.engine.jdbc.env.internal.JdbcEnvironmentInitiator$ConnectionProviderJdbcConnectionAccess@6d88d0d3] for (non-JTA) DDL execution was not in auto-commit mode; the Connection 'local transaction' will be committed and the Connection will be set into auto-commit mode.
?[m?[37m[INFO] 10:34:07,215 [Test worker] persistence.HibernateConfiguration.makeSessionFactoryForSchemas - Created session factory for schemas: [PersistentIdentitiesMigrationSchemaV1(name=net.corda.node.migration.PersistentIdentitiesMigrationSchema, version=1)]
?[m?[37m[INFO] 10:34:07,216 [Test worker] internal.QueryTranslatorFactoryInitiator.initiateService - HHH000397: Using ASTQueryTranslatorFactory
?[m?[37m[INFO] 10:34:07,226 [Test worker] liquibase.info - master.changelog.json: migration/node-services.changelog-init.xml::transfer-to-new-persistence-table::R3.Corda: null
?[m?[37m[INFO] 10:34:07,226 [Test worker] liquibase.info - master.changelog.json: migration/node-services.changelog-init.xml::transfer-to-new-persistence-table::R3.Corda: ChangeSet migration/node-services.changelog-init.xml::transfer-to-new-persistence-table::R3.Corda ran successfully in 57ms
?[m?[37m[INFO] 10:34:07,228 [Test worker] migration.VaultStateMigration.execute - Migrating vault state data to V4 tables
?[m?[37m[INFO] 10:34:07,229 [Test worker] persistence.HibernateConfiguration.<init> - Init HibernateConfiguration for schemas: [VaultMigrationSchemaV1(name=net.corda.node.migration.VaultMigrationSchema, version=1), VaultSchemaV1(name=net.corda.node.services.vault.VaultSchema, version=1)]
?[m?[37m[INFO] 10:34:07,230 [Test worker] persistence.HibernateConfiguration.makeSessionFactoryForSchemas - Creating session factory for schemas: [VaultMigrationSchemaV1(name=net.corda.node.migration.VaultMigrationSchema, version=1), VaultSchemaV1(name=net.corda.node.services.vault.VaultSchema, version=1)]
?[m?[37m[INFO] 10:34:07,236 [Test worker] internal.ConnectionProviderInitiator.initiateService - HHH000130: Instantiating explicit connection provider: net.corda.nodeapi.internal.persistence.HibernateConfiguration$NodeDatabaseConnectionProvider
?[m?[37m[INFO] 10:34:07,236 [Test worker] dialect.Dialect.<init> - HHH000400: Using dialect: org.hibernate.dialect.H2Dialect
?[m?[37m[INFO] 10:34:07,238 [Test worker] type.BasicTypeRegistry.register - HHH000270: Type registration [materialized_blob] overrides previous : org.hibernate.type.MaterializedBlobType@7a31aa45
?[m?[37m[INFO] 10:34:07,263 [Test worker] connections.access.getIsolatedConnection - HHH10001501: Connection obtained from JdbcConnectionAccess [org.hibernate.engine.jdbc.env.internal.JdbcEnvironmentInitiator$ConnectionProviderJdbcConnectionAccess@6917e914] for (non-JTA) DDL execution was not in auto-commit mode; the Connection 'local transaction' will be committed and the Connection will be set into auto-commit mode.
?[m?[37m[INFO] 10:34:07,285 [Test worker] persistence.HibernateConfiguration.makeSessionFactoryForSchemas - Created session factory for schemas: [VaultMigrationSchemaV1(name=net.corda.node.migration.VaultMigrationSchema, version=1), VaultSchemaV1(name=net.corda.node.services.vault.VaultSchema, version=1)]
?[m?[37m[INFO] 10:34:07,286 [Test worker] internal.QueryTranslatorFactoryInitiator.initiateService - HHH000397: Using ASTQueryTranslatorFactory
?[m?[37m[INFO] 10:34:07,291 [Test worker] migration.VaultStateMigration.execute - Finished performing vault state data migration for 0 states
?[m?[37m[INFO] 10:34:07,291 [Test worker] liquibase.info - master.changelog.json: migration/vault-schema.changelog-v9.xml::update-vault-states::R3.Corda: null
?[m?[37m[INFO] 10:34:07,292 [Test worker] liquibase.info - master.changelog.json: migration/vault-schema.changelog-v9.xml::update-vault-states::R3.Corda: ChangeSet migration/vault-schema.changelog-v9.xml::update-vault-states::R3.Corda ran successfully in 65ms
?[m?[37m[INFO] 10:34:07,293 [Test worker] liquibase.info - master.changelog.json: migration/cash.changelog-init.xml::1511451595465-2::R3.Corda: Table contract_cash_states created
?[m?[37m[INFO] 10:34:07,293 [Test worker] liquibase.info - master.changelog.json: migration/cash.changelog-init.xml::1511451595465-2::R3.Corda: ChangeSet migration/cash.changelog-init.xml::1511451595465-2::R3.Corda ran successfully in 0ms
?[m?[37m[INFO] 10:34:07,294 [Test worker] liquibase.info - master.changelog.json: migration/cash.changelog-init.xml::1511451595465-28::R3.Corda: Primary key added to contract_cash_states (output_index, transaction_id)
?[m?[37m[INFO] 10:34:07,294 [Test worker] liquibase.info - master.changelog.json: migration/cash.changelog-init.xml::1511451595465-28::R3.Corda: ChangeSet migration/cash.changelog-init.xml::1511451595465-28::R3.Corda ran successfully in 0ms
?[m?[37m[INFO] 10:34:07,295 [Test worker] liquibase.info - master.changelog.json: migration/cash.changelog-init.xml::1511451595465-51::R3.Corda: Index ccy_code_idx created
?[m?[37m[INFO] 10:34:07,295 [Test worker] liquibase.info - master.changelog.json: migration/cash.changelog-init.xml::1511451595465-51::R3.Corda: ChangeSet migration/cash.changelog-init.xml::1511451595465-51::R3.Corda ran successfully in 0ms
?[m?[37m[INFO] 10:34:07,297 [Test worker] liquibase.info - master.changelog.json: migration/cash.changelog-init.xml::1511451595465-57::R3.Corda: Index pennies_idx created
?[m?[37m[INFO] 10:34:07,297 [Test worker] liquibase.info - master.changelog.json: migration/cash.changelog-init.xml::1511451595465-57::R3.Corda: ChangeSet migration/cash.changelog-init.xml::1511451595465-57::R3.Corda ran successfully in 1ms
?[m?[37m[INFO] 10:34:07,299 [Test worker] liquibase.info - master.changelog.json: migration/node-services.changelog-init.xml::1525793504::R3.Corda: Index ccy_code_idx dropped from table contract_cash_states
?[m?[37m[INFO] 10:34:07,299 [Test worker] liquibase.info - master.changelog.json: migration/node-services.changelog-init.xml::1525793504::R3.Corda: Null constraint has been added to contract_cash_states.ccy_code
?[m?[37m[INFO] 10:34:07,299 [Test worker] liquibase.info - master.changelog.json: migration/node-services.changelog-init.xml::1525793504::R3.Corda: Index ccy_code_idx created
?[m?[37m[INFO] 10:34:07,300 [Test worker] liquibase.info - master.changelog.json: migration/node-services.changelog-init.xml::1525793504::R3.Corda: Null constraint has been added to contract_cash_states.issuer_key_hash
?[m?[37m[INFO] 10:34:07,300 [Test worker] liquibase.info - master.changelog.json: migration/node-services.changelog-init.xml::1525793504::R3.Corda: Null constraint has been added to contract_cash_states.issuer_ref
?[m?[37m[INFO] 10:34:07,300 [Test worker] liquibase.info - master.changelog.json: migration/node-services.changelog-init.xml::1525793504::R3.Corda: Index pennies_idx dropped from table contract_cash_states
?[m?[37m[INFO] 10:34:07,300 [Test worker] liquibase.info - master.changelog.json: migration/node-services.changelog-init.xml::1525793504::R3.Corda: Null constraint has been added to contract_cash_states.pennies
?[m?[37m[INFO] 10:34:07,301 [Test worker] liquibase.info - master.changelog.json: migration/node-services.changelog-init.xml::1525793504::R3.Corda: Index pennies_idx created
?[m?[37m[INFO] 10:34:07,301 [Test worker] liquibase.info - master.changelog.json: migration/node-services.changelog-init.xml::1525793504::R3.Corda: ChangeSet migration/node-services.changelog-init.xml::1525793504::R3.Corda ran successfully in 3ms
?[m?[37m[INFO] 10:34:07,303 [Test worker] liquibase.info - master.changelog.json: migration/commercial-paper.changelog-init.xml::1511451595465-3::R3.Corda: Table cp_states created
?[m?[37m[INFO] 10:34:07,303 [Test worker] liquibase.info - master.changelog.json: migration/commercial-paper.changelog-init.xml::1511451595465-3::R3.Corda: ChangeSet migration/commercial-paper.changelog-init.xml::1511451595465-3::R3.Corda ran successfully in 1ms
?[m?[37m[INFO] 10:34:07,304 [Test worker] liquibase.info - master.changelog.json: migration/commercial-paper.changelog-init.xml::1511451595465-29::R3.Corda: Primary key added to cp_states (output_index, transaction_id)
?[m?[37m[INFO] 10:34:07,305 [Test worker] liquibase.info - master.changelog.json: migration/commercial-paper.changelog-init.xml::1511451595465-29::R3.Corda: ChangeSet migration/commercial-paper.changelog-init.xml::1511451595465-29::R3.Corda ran successfully in 0ms
?[m?[37m[INFO] 10:34:07,306 [Test worker] liquibase.info - master.changelog.json: migration/commercial-paper.changelog-init.xml::1511451595465-52::R3.Corda: Index ccy_code_index created
?[m?[37m[INFO] 10:34:07,306 [Test worker] liquibase.info - master.changelog.json: migration/commercial-paper.changelog-init.xml::1511451595465-52::R3.Corda: ChangeSet migration/commercial-paper.changelog-init.xml::1511451595465-52::R3.Corda ran successfully in 1ms
?[m?[37m[INFO] 10:34:07,307 [Test worker] liquibase.info - master.changelog.json: migration/commercial-paper.changelog-init.xml::1511451595465-54::R3.Corda: Index face_value_index created
?[m?[37m[INFO] 10:34:07,307 [Test worker] liquibase.info - master.changelog.json: migration/commercial-paper.changelog-init.xml::1511451595465-54::R3.Corda: ChangeSet migration/commercial-paper.changelog-init.xml::1511451595465-54::R3.Corda ran successfully in 0ms
?[m?[37m[INFO] 10:34:07,308 [Test worker] liquibase.info - master.changelog.json: migration/commercial-paper.changelog-init.xml::1511451595465-56::R3.Corda: Index maturity_index created
?[m?[37m[INFO] 10:34:07,309 [Test worker] liquibase.info - master.changelog.json: migration/commercial-paper.changelog-init.xml::1511451595465-56::R3.Corda: ChangeSet migration/commercial-paper.changelog-init.xml::1511451595465-56::R3.Corda ran successfully in 1ms
?[m?[37m[INFO] 10:34:07,310 [Test worker] liquibase.info - master.changelog.json: migration/commercial-paper.changelog-v1.xml::1525962920::R3.Corda: Index ccy_code_index dropped from table cp_states
?[m?[37m[INFO] 10:34:07,310 [Test worker] liquibase.info - master.changelog.json: migration/commercial-paper.changelog-v1.xml::1525962920::R3.Corda: Null constraint has been added to cp_states.ccy_code
?[m?[37m[INFO] 10:34:07,311 [Test worker] liquibase.info - master.changelog.json: migration/commercial-paper.changelog-v1.xml::1525962920::R3.Corda: Index ccy_code_index created
?[m?[37m[INFO] 10:34:07,311 [Test worker] liquibase.info - master.changelog.json: migration/commercial-paper.changelog-v1.xml::1525962920::R3.Corda: Index face_value_index dropped from table cp_states
?[m?[37m[INFO] 10:34:07,311 [Test worker] liquibase.info - master.changelog.json: migration/commercial-paper.changelog-v1.xml::1525962920::R3.Corda: Null constraint has been added to cp_states.face_value
?[m?[37m[INFO] 10:34:07,311 [Test worker] liquibase.info - master.changelog.json: migration/commercial-paper.changelog-v1.xml::1525962920::R3.Corda: Index face_value_index created
?[m?[37m[INFO] 10:34:07,312 [Test worker] liquibase.info - master.changelog.json: migration/commercial-paper.changelog-v1.xml::1525962920::R3.Corda: Null constraint has been added to cp_states.face_value_issuer_key_hash
?[m?[37m[INFO] 10:34:07,312 [Test worker] liquibase.info - master.changelog.json: migration/commercial-paper.changelog-v1.xml::1525962920::R3.Corda: Null constraint has been added to cp_states.face_value_issuer_ref
?[m?[37m[INFO] 10:34:07,312 [Test worker] liquibase.info - master.changelog.json: migration/commercial-paper.changelog-v1.xml::1525962920::R3.Corda: Null constraint has been added to cp_states.issuance_key_hash
?[m?[37m[INFO] 10:34:07,312 [Test worker] liquibase.info - master.changelog.json: migration/commercial-paper.changelog-v1.xml::1525962920::R3.Corda: Null constraint has been added to cp_states.issuance_ref
?[m?[37m[INFO] 10:34:07,312 [Test worker] liquibase.info - master.changelog.json: migration/commercial-paper.changelog-v1.xml::1525962920::R3.Corda: Index maturity_index dropped from table cp_states
?[m?[37m[INFO] 10:34:07,313 [Test worker] liquibase.info - master.changelog.json: migration/commercial-paper.changelog-v1.xml::1525962920::R3.Corda: Null constraint has been added to cp_states.maturity_instant
?[m?[37m[INFO] 10:34:07,313 [Test worker] liquibase.info - master.changelog.json: migration/commercial-paper.changelog-v1.xml::1525962920::R3.Corda: Index maturity_index created
?[m?[37m[INFO] 10:34:07,313 [Test worker] liquibase.info - master.changelog.json: migration/commercial-paper.changelog-v1.xml::1525962920::R3.Corda: Null constraint has been added to cp_states.owner_key_hash
?[m?[37m[INFO] 10:34:07,313 [Test worker] liquibase.info - master.changelog.json: migration/commercial-paper.changelog-v1.xml::1525962920::R3.Corda: ChangeSet migration/commercial-paper.changelog-v1.xml::1525962920::R3.Corda ran successfully in 3ms
?[m?[37m[INFO] 10:34:07,315 [Test worker] liquibase.info - master.changelog.json: migration/node-services.changelog-init.xml::1511451595465-16::R3.Corda: Table node_notary_committed_states created
?[m?[37m[INFO] 10:34:07,315 [Test worker] liquibase.info - master.changelog.json: migration/node-services.changelog-init.xml::1511451595465-16::R3.Corda: ChangeSet migration/node-services.changelog-init.xml::1511451595465-16::R3.Corda ran successfully in 0ms
?[m?[37m[INFO] 10:34:07,317 [Test worker] liquibase.info - master.changelog.json: migration/node-services.changelog-init.xml::1521131680317-17::R3.Corda: Table node_notary_request_log created
?[m?[37m[INFO] 10:34:07,317 [Test worker] liquibase.info - master.changelog.json: migration/node-services.changelog-init.xml::1521131680317-17::R3.Corda: ChangeSet migration/node-services.changelog-init.xml::1521131680317-17::R3.Corda ran successfully in 1ms
?[m?[37m[INFO] 10:34:07,318 [Test worker] liquibase.info - master.changelog.json: migration/node-services.changelog-init.xml::1511451595465-41::R3.Corda: Primary key added to node_notary_committed_states (output_index, transaction_id)
?[m?[37m[INFO] 10:34:07,318 [Test worker] liquibase.info - master.changelog.json: migration/node-services.changelog-init.xml::1511451595465-41::R3.Corda: ChangeSet migration/node-services.changelog-init.xml::1511451595465-41::R3.Corda ran successfully in 0ms
?[m?[37m[INFO] 10:34:07,320 [Test worker] liquibase.info - master.changelog.json: migration/node-services.changelog-init.xml::1521131680317-48::R3.Corda: Primary key added to node_notary_request_log (id)
?[m?[37m[INFO] 10:34:07,320 [Test worker] liquibase.info - master.changelog.json: migration/node-services.changelog-init.xml::1521131680317-48::R3.Corda: ChangeSet migration/node-services.changelog-init.xml::1521131680317-48::R3.Corda ran successfully in 1ms
?[m?[37m[INFO] 10:34:07,321 [Test worker] liquibase.info - master.changelog.json: migration/node-services.changelog-init.xml::nullability::R3.Corda: Null constraint has been added to node_notary_committed_states.consuming_transaction_id
?[m?[37m[INFO] 10:34:07,321 [Test worker] liquibase.info - master.changelog.json: migration/node-services.changelog-init.xml::nullability::R3.Corda: ChangeSet migration/node-services.changelog-init.xml::nullability::R3.Corda ran successfully in 0ms
?[m?[37m[INFO] 10:34:07,327 [Test worker] liquibase.info - master.changelog.json: migration/node-notary.changelog-v2.xml::rename-table-notary-commit-log::R3.Corda: Marking ChangeSet: migration/node-notary.changelog-v2.xml::rename-table-notary-commit-log::R3.Corda ran despite precondition failure due to onFail='MARK_RAN': 
          master.changelog.json : Table PUBLIC.node_notary_commit_log does not exist

?[m?[37m[INFO] 10:34:07,329 [Test worker] liquibase.info - master.changelog.json: migration/node-notary.changelog-v2.xml::create-notary-request-log-table::R3.Corda: Marking ChangeSet: migration/node-notary.changelog-v2.xml::create-notary-request-log-table::R3.Corda ran despite precondition failure due to onFail='MARK_RAN': 
          master.changelog.json : Not precondition failed

?[m?[37m[INFO] 10:34:07,331 [Test worker] liquibase.info - master.changelog.json: migration/node-notary.changelog-committed-transactions-table.xml::create-notary-committed-transactions-table::R3.Corda: Table node_notary_committed_txs created
?[m?[37m[INFO] 10:34:07,331 [Test worker] liquibase.info - master.changelog.json: migration/node-notary.changelog-committed-transactions-table.xml::create-notary-committed-transactions-table::R3.Corda: Primary key added to node_notary_committed_txs (transaction_id)
?[m?[37m[INFO] 10:34:07,331 [Test worker] liquibase.info - master.changelog.json: migration/node-notary.changelog-committed-transactions-table.xml::create-notary-committed-transactions-table::R3.Corda: ChangeSet migration/node-notary.changelog-committed-transactions-table.xml::create-notary-committed-transactions-table::R3.Corda ran successfully in 0ms
?[m?[37m[INFO] 10:34:07,332 [Test worker] liquibase.info - Successfully released change log lock
?[m?[37m[INFO] 10:34:07,333 [Test worker] internal.InternalMockNetwork$MockNode.invoke - Connected to H2 database.
?[m?[37m[INFO] 10:34:07,338 [Test worker] persistence.HibernateConfiguration.<init> - Init HibernateConfiguration for schemas: [CommonSchemaV1(name=net.corda.core.schemas.CommonSchema, version=1), VaultSchemaV1(name=net.corda.node.services.vault.VaultSchema, version=1), NodeInfoSchemaV1(name=net.corda.node.internal.schemas.NodeInfoSchema, version=1), NodeCoreV1(name=net.corda.node.services.schema.NodeSchemaService$NodeCore, version=1), CashSchemaV1(name=net.corda.finance.schemas.CashSchema, version=1), CommercialPaperSchemaV1(name=net.corda.finance.schemas.CommercialPaperSchema, version=1), NodeNotarySchemaV1(name=net.corda.node.services.transactions.NodeNotarySchema, version=1)]
?[m?[37m[INFO] 10:34:07,338 [Test worker] persistence.HibernateConfiguration.makeSessionFactoryForSchemas - Creating session factory for schemas: [CommonSchemaV1(name=net.corda.core.schemas.CommonSchema, version=1), VaultSchemaV1(name=net.corda.node.services.vault.VaultSchema, version=1), NodeInfoSchemaV1(name=net.corda.node.internal.schemas.NodeInfoSchema, version=1), NodeCoreV1(name=net.corda.node.services.schema.NodeSchemaService$NodeCore, version=1), CashSchemaV1(name=net.corda.finance.schemas.CashSchema, version=1), CommercialPaperSchemaV1(name=net.corda.finance.schemas.CommercialPaperSchema, version=1), NodeNotarySchemaV1(name=net.corda.node.services.transactions.NodeNotarySchema, version=1)]
?[m?[37m[INFO] 10:34:07,342 [Test worker] internal.ConnectionProviderInitiator.initiateService - HHH000130: Instantiating explicit connection provider: net.corda.nodeapi.internal.persistence.HibernateConfiguration$NodeDatabaseConnectionProvider
?[m?[37m[INFO] 10:34:07,343 [Test worker] dialect.Dialect.<init> - HHH000400: Using dialect: org.hibernate.dialect.H2Dialect
?[m?[37m[INFO] 10:34:07,345 [Test worker] type.BasicTypeRegistry.register - HHH000270: Type registration [materialized_blob] overrides previous : org.hibernate.type.MaterializedBlobType@7a31aa45
?[m?[37m[INFO] 10:34:07,380 [Test worker] connections.access.getIsolatedConnection - HHH10001501: Connection obtained from JdbcConnectionAccess [org.hibernate.engine.jdbc.env.internal.JdbcEnvironmentInitiator$ConnectionProviderJdbcConnectionAccess@66696f81] for (non-JTA) DDL execution was not in auto-commit mode; the Connection 'local transaction' will be committed and the Connection will be set into auto-commit mode.
?[m?[37m[INFO] 10:34:07,411 [Test worker] persistence.HibernateConfiguration.makeSessionFactoryForSchemas - Created session factory for schemas: [CommonSchemaV1(name=net.corda.core.schemas.CommonSchema, version=1), VaultSchemaV1(name=net.corda.node.services.vault.VaultSchema, version=1), NodeInfoSchemaV1(name=net.corda.node.internal.schemas.NodeInfoSchema, version=1), NodeCoreV1(name=net.corda.node.services.schema.NodeSchemaService$NodeCore, version=1), CashSchemaV1(name=net.corda.finance.schemas.CashSchema, version=1), CommercialPaperSchemaV1(name=net.corda.finance.schemas.CommercialPaperSchema, version=1), NodeNotarySchemaV1(name=net.corda.node.services.transactions.NodeNotarySchema, version=1)]
?[m?[37m[INFO] 10:34:07,413 [Test worker] internal.QueryTranslatorFactoryInitiator.initiateService - HHH000397: Using ASTQueryTranslatorFactory
?[m?[37m[INFO] 10:34:07,415 [Test worker] internal.InternalMockNetwork$MockNode.updateNodeInfo - Node-info has changed so submitting update. Old node-info was null
?[m?[37m[INFO] 10:34:07,415 [Test worker] network.PersistentNetworkMapCache.addNode - Adding node with info: NodeInfo(addresses=[mock.node:1000], legalIdentitiesAndCerts=[O=Notary Service, L=Zurich, C=CH], platformVersion=5, serial=1560936847415)
?[m?[37m[INFO] 10:34:07,416 [Test worker] network.PersistentNetworkMapCache.addNode - No previous node found
?[m?[37m[INFO] 10:34:07,425 [Test worker] internal.InternalMockNetwork$MockNode.updateNodeInfo - New node-info: NodeInfo(addresses=[mock.node:1000], legalIdentitiesAndCerts=[O=Notary Service, L=Zurich, C=CH], platformVersion=5, serial=1560936847415)
?[m?[37m[INFO] 10:34:07,431 [Test worker] network.NetworkMapUpdater.apply - Auto-accept enabled for network parameter changes which modify only: [epoch, modifiedTime, packageOwnership, whitelistedContractImplementations]
?[m?[37m[INFO] 10:34:07,434 [MockNode-17-2] network.PersistentNetworkMapCache.addNode - Adding node with info: NodeInfo(addresses=[mock.node:1000], legalIdentitiesAndCerts=[O=Notary Service, L=Zurich, C=CH], platformVersion=5, serial=1560936847415)
?[m?[31m[WARN] 10:34:07,435 [Test worker] utilities.AppendOnlyPersistentMapBase.set - Double insert in net.corda.node.utilities.AppendOnlyPersistentMap for entity class class net.corda.node.services.identity.PersistentIdentityService$PersistentIdentityNames key O=Notary Service, L=Zurich, C=CH, not inserting the second time
?[m?[37m[INFO] 10:34:07,438 [MockNode-17-2] network.PersistentNetworkMapCache.addNode - Previous node was identical to incoming one - doing nothing
?[m?[37m[INFO] 10:34:07,459 [Test worker] ClassloaderUtils.logElapsedTime - Contracts loading for '/var/folders/1r/w2pkkn4n22qdmrtblzd5t0200000gp/T/attachment8038764972707025740.jar' took 21 msec
?[m?[37m[INFO] 10:34:07,482 [Test worker] persistence.NodeAttachmentService.invoke - Stored new attachment: id=C2F26FA5BD1C5A3BAF4F109838BD28196CED189F51176C80FCD8858A5E55E45F uploader=app filename=null
?[m?[37m[INFO] 10:34:07,483 [Test worker] utilities.NotaryLoader.loadService - Starting notary service: class net.corda.node.services.transactions.SimpleNotaryService
?[m?[37m[INFO] 10:34:07,483 [Test worker] notary.SinglePartyNotaryService.<init> - Starting notary in validating mode
?[m?[37m[INFO] 10:34:07,484 [Test worker] cordapp.CordappConfigFileProvider.getConfigByName - Found config for cordapp corda-finance-workflows-5.0-SNAPSHOT-WILLH in build/mock-network/20190619-093406.715/nodes/0/cordapps/config/corda-finance-workflows-5.0-SNAPSHOT-WILLH.conf
?[m?[37m[INFO] 10:34:07,484 [Test worker] internal.InternalMockNetwork$MockNode.installCordaService - Installed net.corda.finance.internal.ConfigHolder Corda service
?[m?[37m[INFO] 10:34:07,488 [Test worker] statemachine.SingleThreadedStateMachineManager.invoke - Node ready, info: NodeInfo(addresses=[mock.node:1000], legalIdentitiesAndCerts=[O=Notary Service, L=Zurich, C=CH], platformVersion=5, serial=1560936847415)
?[m?[37m[INFO] 10:34:07,489 [Test worker] network.PersistentNetworkMapCache.addNode - Adding node with info: NodeInfo(addresses=[mock.node:1000], legalIdentitiesAndCerts=[O=Notary Service, L=Zurich, C=CH], platformVersion=5, serial=1560936847415)
?[m?[37m[INFO] 10:34:07,489 [Test worker] network.PersistentNetworkMapCache.addNode - Previous node was identical to incoming one - doing nothing
?[m?[37m[INFO] 10:34:07,490 [Test worker] network.PersistentNetworkMapCache.addNode - Adding node with info: NodeInfo(addresses=[mock.node:1000], legalIdentitiesAndCerts=[O=Notary Service, L=Zurich, C=CH], platformVersion=5, serial=1560936847415)
?[m?[37m[INFO] 10:34:07,490 [Test worker] network.PersistentNetworkMapCache.addNode - Previous node was identical to incoming one - doing nothing
?[m?[37m[INFO] 10:34:07,495 [Test worker] cordapp.JarScanningCordappLoader.fromDirectories - Looking for CorDapps in [build/mock-network/20190619-093406.715/nodes/1/cordapps]
?[m?[37m[INFO] 10:34:07,496 [Test worker] cordapp.JarScanningCordappLoader.<init> - Loading CorDapps from RestrictedURL(url=file:/Users/williamhester/Desktop/Applications/confidential-identities/workflows/build/mock-network/20190619-093406.715/nodes/1/cordapps/corda-finance-contracts-5.0-SNAPSHOT-WILLH.jar, rootPackageName=null), RestrictedURL(url=file:/Users/williamhester/Desktop/Applications/confidential-identities/workflows/build/mock-network/20190619-093406.715/nodes/1/cordapps/corda-finance-workflows-5.0-SNAPSHOT-WILLH.jar, rootPackageName=null)
?[m?[37m[INFO] 10:34:07,496 [Test worker] cordapp.JarScanningCordappLoader.scanCordapp - Scanning CorDapp in file:/Users/williamhester/Desktop/Applications/confidential-identities/workflows/build/mock-network/20190619-093406.715/nodes/1/cordapps/corda-finance-contracts-5.0-SNAPSHOT-WILLH.jar
?[m?[37m[INFO] 10:34:07,521 [Test worker] cordapp.JarScanningCordappLoader.scanCordapp - Scanning CorDapp in file:/Users/williamhester/Desktop/Applications/confidential-identities/workflows/build/mock-network/20190619-093406.715/nodes/1/cordapps/corda-finance-workflows-5.0-SNAPSHOT-WILLH.jar
?[m?[37m[INFO] 10:34:07,551 [Test worker] internal.InternalMockNetwork$MockNode.start - Node starting up ...
?[m?[37m[INFO] 10:34:07,573 [Test worker] internal.NodeFlowManager.registerInitiatedFlow - Registered net.corda.finance.flows.CashExitFlow to initiate net.corda.finance.flows.CashExitResponderFlow (version 1)
?[m?[37m[INFO] 10:34:07,574 [Test worker] internal.NodeFlowManager.registerInitiatedFlow - Registered net.corda.finance.flows.CashPaymentFlow to initiate net.corda.finance.flows.CashPaymentReceiverFlow (version 1)
?[m?[37m[INFO] 10:34:07,577 [Test worker] internal.InternalMockNetwork$MockNode.start - Loaded network parameters: NetworkParameters {
      minimumPlatformVersion=1
      notaries=[NotaryInfo(identity=O=Notary Service, L=Zurich, C=CH, validating=true)]
      maxMessageSize=10485760
      maxTransactionSize=524288000
      whitelistedContractImplementations {
        
      }
      eventHorizon=PT720H
      packageOwnership {
        
      }
      modifiedTime=2019-06-19T09:34:06.716Z
      epoch=1
  }
?[m?[37m[INFO] 10:34:07,577 [Test worker] hikari.HikariDataSource.<init> - HikariPool-18 - Started.
?[m?[37m[INFO] 10:34:07,746 [Test worker] liquibase.info - Creating database history table with name: PUBLIC.DATABASECHANGELOG
?[m?[37m[INFO] 10:34:07,747 [Test worker] liquibase.info - Reading from PUBLIC.DATABASECHANGELOG
?[m?[37m[INFO] 10:34:07,751 [Test worker] liquibase.info - master.changelog.json: migration/vault-schema.changelog-pkey.xml::non-clustered_pk-11::R3.Corda: Skipping changeSet migration/vault-schema.changelog-pkey.xml::non-clustered_pk-11::R3.Corda due to validation error(s): clustered is not allowed on h2
?[m?[37m[INFO] 10:34:07,752 [Test worker] liquibase.info - master.changelog.json: migration/vault-schema.changelog-pkey.xml::non-clustered_pk-12::R3.Corda: Skipping changeSet migration/vault-schema.changelog-pkey.xml::non-clustered_pk-12::R3.Corda due to validation error(s): clustered is not allowed on h2
?[m?[37m[INFO] 10:34:07,752 [Test worker] liquibase.info - master.changelog.json: migration/vault-schema.changelog-pkey.xml::non-clustered_pk-13::R3.Corda: Skipping changeSet migration/vault-schema.changelog-pkey.xml::non-clustered_pk-13::R3.Corda due to validation error(s): clustered is not allowed on h2
?[m?[37m[INFO] 10:34:07,759 [Test worker] liquibase.info - master.changelog.json: migration/node-core.changelog-pkey.xml::non-clustered_pk-1::R3.Corda: Skipping changeSet migration/node-core.changelog-pkey.xml::non-clustered_pk-1::R3.Corda due to validation error(s): clustered is not allowed on h2
?[m?[37m[INFO] 10:34:07,759 [Test worker] liquibase.info - master.changelog.json: migration/node-core.changelog-pkey.xml::non-clustered_pk-2::R3.Corda: Skipping changeSet migration/node-core.changelog-pkey.xml::non-clustered_pk-2::R3.Corda due to validation error(s): clustered is not allowed on h2
?[m?[37m[INFO] 10:34:07,760 [Test worker] liquibase.info - master.changelog.json: migration/node-core.changelog-pkey.xml::non-clustered_pk-3::R3.Corda: Skipping changeSet migration/node-core.changelog-pkey.xml::non-clustered_pk-3::R3.Corda due to validation error(s): clustered is not allowed on h2
?[m?[37m[INFO] 10:34:07,760 [Test worker] liquibase.info - master.changelog.json: migration/node-core.changelog-pkey.xml::non-clustered_pk-4::R3.Corda: Skipping changeSet migration/node-core.changelog-pkey.xml::non-clustered_pk-4::R3.Corda due to validation error(s): clustered is not allowed on h2
?[m?[37m[INFO] 10:34:07,760 [Test worker] liquibase.info - master.changelog.json: migration/node-core.changelog-pkey.xml::non-clustered_pk-5::R3.Corda: Skipping changeSet migration/node-core.changelog-pkey.xml::non-clustered_pk-5::R3.Corda due to validation error(s): clustered is not allowed on h2
?[m?[37m[INFO] 10:34:07,760 [Test worker] liquibase.info - master.changelog.json: migration/node-core.changelog-pkey.xml::non-clustered_pk-6::R3.Corda: Skipping changeSet migration/node-core.changelog-pkey.xml::non-clustered_pk-6::R3.Corda due to validation error(s): clustered is not allowed on h2
?[m?[37m[INFO] 10:34:07,760 [Test worker] liquibase.info - master.changelog.json: migration/node-core.changelog-pkey.xml::non-clustered_pk-7::R3.Corda: Skipping changeSet migration/node-core.changelog-pkey.xml::non-clustered_pk-7::R3.Corda due to validation error(s): clustered is not allowed on h2
?[m?[37m[INFO] 10:34:07,763 [Test worker] liquibase.info - master.changelog.json: migration/cash.changelog-init.xml::non-clustered_pk-cash::R3.Corda: Skipping changeSet migration/cash.changelog-init.xml::non-clustered_pk-cash::R3.Corda due to validation error(s): clustered is not allowed on h2
?[m?[37m[INFO] 10:34:07,764 [Test worker] liquibase.info - master.changelog.json: migration/commercial-paper.changelog-init.xml::non-clustered_pk-commercial-paper::R3.Corda: Skipping changeSet migration/commercial-paper.changelog-init.xml::non-clustered_pk-commercial-paper::R3.Corda due to validation error(s): clustered is not allowed on h2
?[m?[37m[INFO] 10:34:07,766 [Test worker] liquibase.info - Successfully acquired change log lock
?[m?[37m[INFO] 10:34:07,767 [Test worker] liquibase.info - master.changelog.json: migration/vault-schema.changelog-pkey.xml::non-clustered_pk-11::R3.Corda: Skipping changeSet migration/vault-schema.changelog-pkey.xml::non-clustered_pk-11::R3.Corda due to validation error(s): clustered is not allowed on h2
?[m?[37m[INFO] 10:34:07,768 [Test worker] liquibase.info - master.changelog.json: migration/vault-schema.changelog-pkey.xml::non-clustered_pk-12::R3.Corda: Skipping changeSet migration/vault-schema.changelog-pkey.xml::non-clustered_pk-12::R3.Corda due to validation error(s): clustered is not allowed on h2
?[m?[37m[INFO] 10:34:07,768 [Test worker] liquibase.info - master.changelog.json: migration/vault-schema.changelog-pkey.xml::non-clustered_pk-13::R3.Corda: Skipping changeSet migration/vault-schema.changelog-pkey.xml::non-clustered_pk-13::R3.Corda due to validation error(s): clustered is not allowed on h2
?[m?[37m[INFO] 10:34:07,770 [Test worker] liquibase.info - master.changelog.json: migration/node-core.changelog-pkey.xml::non-clustered_pk-1::R3.Corda: Skipping changeSet migration/node-core.changelog-pkey.xml::non-clustered_pk-1::R3.Corda due to validation error(s): clustered is not allowed on h2
?[m?[37m[INFO] 10:34:07,770 [Test worker] liquibase.info - master.changelog.json: migration/node-core.changelog-pkey.xml::non-clustered_pk-2::R3.Corda: Skipping changeSet migration/node-core.changelog-pkey.xml::non-clustered_pk-2::R3.Corda due to validation error(s): clustered is not allowed on h2
?[m?[37m[INFO] 10:34:07,770 [Test worker] liquibase.info - master.changelog.json: migration/node-core.changelog-pkey.xml::non-clustered_pk-3::R3.Corda: Skipping changeSet migration/node-core.changelog-pkey.xml::non-clustered_pk-3::R3.Corda due to validation error(s): clustered is not allowed on h2
?[m?[37m[INFO] 10:34:07,771 [Test worker] liquibase.info - master.changelog.json: migration/node-core.changelog-pkey.xml::non-clustered_pk-4::R3.Corda: Skipping changeSet migration/node-core.changelog-pkey.xml::non-clustered_pk-4::R3.Corda due to validation error(s): clustered is not allowed on h2
?[m?[37m[INFO] 10:34:07,771 [Test worker] liquibase.info - master.changelog.json: migration/node-core.changelog-pkey.xml::non-clustered_pk-5::R3.Corda: Skipping changeSet migration/node-core.changelog-pkey.xml::non-clustered_pk-5::R3.Corda due to validation error(s): clustered is not allowed on h2
?[m?[37m[INFO] 10:34:07,771 [Test worker] liquibase.info - master.changelog.json: migration/node-core.changelog-pkey.xml::non-clustered_pk-6::R3.Corda: Skipping changeSet migration/node-core.changelog-pkey.xml::non-clustered_pk-6::R3.Corda due to validation error(s): clustered is not allowed on h2
?[m?[37m[INFO] 10:34:07,771 [Test worker] liquibase.info - master.changelog.json: migration/node-core.changelog-pkey.xml::non-clustered_pk-7::R3.Corda: Skipping changeSet migration/node-core.changelog-pkey.xml::non-clustered_pk-7::R3.Corda due to validation error(s): clustered is not allowed on h2
?[m?[37m[INFO] 10:34:07,772 [Test worker] liquibase.info - master.changelog.json: migration/cash.changelog-init.xml::non-clustered_pk-cash::R3.Corda: Skipping changeSet migration/cash.changelog-init.xml::non-clustered_pk-cash::R3.Corda due to validation error(s): clustered is not allowed on h2
?[m?[37m[INFO] 10:34:07,772 [Test worker] liquibase.info - master.changelog.json: migration/commercial-paper.changelog-init.xml::non-clustered_pk-commercial-paper::R3.Corda: Skipping changeSet migration/commercial-paper.changelog-init.xml::non-clustered_pk-commercial-paper::R3.Corda due to validation error(s): clustered is not allowed on h2
?[m?[37m[INFO] 10:34:07,773 [Test worker] liquibase.info - master.changelog.json: migration/common.changelog-init.xml::1511451595465-1.1::R3.Corda: Sequence hibernate_sequence created
?[m?[37m[INFO] 10:34:07,773 [Test worker] liquibase.info - master.changelog.json: migration/common.changelog-init.xml::1511451595465-1.1::R3.Corda: ChangeSet migration/common.changelog-init.xml::1511451595465-1.1::R3.Corda ran successfully in 1ms
?[m?[37m[INFO] 10:34:07,774 [Test worker] liquibase.info - master.changelog.json: migration/vault-schema.changelog-init.xml::1511451595465-22::R3.Corda: Table vault_fungible_states created
?[m?[37m[INFO] 10:34:07,774 [Test worker] liquibase.info - master.changelog.json: migration/vault-schema.changelog-init.xml::1511451595465-22::R3.Corda: ChangeSet migration/vault-schema.changelog-init.xml::1511451595465-22::R3.Corda ran successfully in 0ms
?[m?[37m[INFO] 10:34:07,776 [Test worker] liquibase.info - master.changelog.json: migration/vault-schema.changelog-init.xml::1511451595465-23::R3.Corda: Table vault_fungible_states_parts created
?[m?[37m[INFO] 10:34:07,776 [Test worker] liquibase.info - master.changelog.json: migration/vault-schema.changelog-init.xml::1511451595465-23::R3.Corda: ChangeSet migration/vault-schema.changelog-init.xml::1511451595465-23::R3.Corda ran successfully in 1ms
?[m?[37m[INFO] 10:34:07,777 [Test worker] liquibase.info - master.changelog.json: migration/vault-schema.changelog-init.xml::1511451595465-24::R3.Corda: Table vault_linear_states created
?[m?[37m[INFO] 10:34:07,777 [Test worker] liquibase.info - master.changelog.json: migration/vault-schema.changelog-init.xml::1511451595465-24::R3.Corda: ChangeSet migration/vault-schema.changelog-init.xml::1511451595465-24::R3.Corda ran successfully in 1ms
?[m?[37m[INFO] 10:34:07,777 [Test worker] liquibase.info - master.changelog.json: migration/vault-schema.changelog-init.xml::1511451595465-25::R3.Corda: Table vault_linear_states_parts created
?[m?[37m[INFO] 10:34:07,778 [Test worker] liquibase.info - master.changelog.json: migration/vault-schema.changelog-init.xml::1511451595465-25::R3.Corda: ChangeSet migration/vault-schema.changelog-init.xml::1511451595465-25::R3.Corda ran successfully in 0ms
?[m?[37m[INFO] 10:34:07,778 [Test worker] liquibase.info - master.changelog.json: migration/vault-schema.changelog-init.xml::1511451595465-26::R3.Corda: Table vault_states created
?[m?[37m[INFO] 10:34:07,779 [Test worker] liquibase.info - master.changelog.json: migration/vault-schema.changelog-init.xml::1511451595465-26::R3.Corda: ChangeSet migration/vault-schema.changelog-init.xml::1511451595465-26::R3.Corda ran successfully in 1ms
?[m?[37m[INFO] 10:34:07,779 [Test worker] liquibase.info - master.changelog.json: migration/vault-schema.changelog-init.xml::1511451595465-27::R3.Corda: Table vault_transaction_notes created
?[m?[37m[INFO] 10:34:07,779 [Test worker] liquibase.info - master.changelog.json: migration/vault-schema.changelog-init.xml::1511451595465-27::R3.Corda: ChangeSet migration/vault-schema.changelog-init.xml::1511451595465-27::R3.Corda ran successfully in 0ms
?[m?[37m[INFO] 10:34:07,780 [Test worker] liquibase.info - master.changelog.json: migration/vault-schema.changelog-init.xml::1511451595465-47::R3.Corda: Primary key added to vault_fungible_states (output_index, transaction_id)
?[m?[37m[INFO] 10:34:07,781 [Test worker] liquibase.info - master.changelog.json: migration/vault-schema.changelog-init.xml::1511451595465-47::R3.Corda: ChangeSet migration/vault-schema.changelog-init.xml::1511451595465-47::R3.Corda ran successfully in 0ms
?[m?[37m[INFO] 10:34:07,781 [Test worker] liquibase.info - master.changelog.json: migration/vault-schema.changelog-init.xml::1511451595465-48::R3.Corda: Primary key added to vault_linear_states (output_index, transaction_id)
?[m?[37m[INFO] 10:34:07,782 [Test worker] liquibase.info - master.changelog.json: migration/vault-schema.changelog-init.xml::1511451595465-48::R3.Corda: ChangeSet migration/vault-schema.changelog-init.xml::1511451595465-48::R3.Corda ran successfully in 0ms
?[m?[37m[INFO] 10:34:07,782 [Test worker] liquibase.info - master.changelog.json: migration/vault-schema.changelog-init.xml::1511451595465-49::R3.Corda: Primary key added to vault_states (output_index, transaction_id)
?[m?[37m[INFO] 10:34:07,782 [Test worker] liquibase.info - master.changelog.json: migration/vault-schema.changelog-init.xml::1511451595465-49::R3.Corda: ChangeSet migration/vault-schema.changelog-init.xml::1511451595465-49::R3.Corda ran successfully in 0ms
?[m?[37m[INFO] 10:34:07,783 [Test worker] liquibase.info - master.changelog.json: migration/vault-schema.changelog-init.xml::1511451595465-50::R3.Corda: Primary key added to vault_transaction_notes (seq_no)
?[m?[37m[INFO] 10:34:07,783 [Test worker] liquibase.info - master.changelog.json: migration/vault-schema.changelog-init.xml::1511451595465-50::R3.Corda: ChangeSet migration/vault-schema.changelog-init.xml::1511451595465-50::R3.Corda ran successfully in 0ms
?[m?[37m[INFO] 10:34:07,784 [Test worker] liquibase.info - master.changelog.json: migration/vault-schema.changelog-init.xml::1511451595465-53::R3.Corda: Index external_id_index created
?[m?[37m[INFO] 10:34:07,784 [Test worker] liquibase.info - master.changelog.json: migration/vault-schema.changelog-init.xml::1511451595465-53::R3.Corda: ChangeSet migration/vault-schema.changelog-init.xml::1511451595465-53::R3.Corda ran successfully in 0ms
?[m?[37m[INFO] 10:34:07,785 [Test worker] liquibase.info - master.changelog.json: migration/vault-schema.changelog-init.xml::1511451595465-55::R3.Corda: Index lock_id_idx created
?[m?[37m[INFO] 10:34:07,785 [Test worker] liquibase.info - master.changelog.json: migration/vault-schema.changelog-init.xml::1511451595465-55::R3.Corda: ChangeSet migration/vault-schema.changelog-init.xml::1511451595465-55::R3.Corda ran successfully in 0ms
?[m?[37m[INFO] 10:34:07,786 [Test worker] liquibase.info - master.changelog.json: migration/vault-schema.changelog-init.xml::1511451595465-58::R3.Corda: Index state_status_idx created
?[m?[37m[INFO] 10:34:07,786 [Test worker] liquibase.info - master.changelog.json: migration/vault-schema.changelog-init.xml::1511451595465-58::R3.Corda: ChangeSet migration/vault-schema.changelog-init.xml::1511451595465-58::R3.Corda ran successfully in 0ms
?[m?[37m[INFO] 10:34:07,787 [Test worker] liquibase.info - master.changelog.json: migration/vault-schema.changelog-init.xml::1511451595465-59::R3.Corda: Index transaction_id_index created
?[m?[37m[INFO] 10:34:07,787 [Test worker] liquibase.info - master.changelog.json: migration/vault-schema.changelog-init.xml::1511451595465-59::R3.Corda: ChangeSet migration/vault-schema.changelog-init.xml::1511451595465-59::R3.Corda ran successfully in 0ms
?[m?[37m[INFO] 10:34:07,788 [Test worker] liquibase.info - master.changelog.json: migration/vault-schema.changelog-init.xml::1511451595465-60::R3.Corda: Index uuid_index created
?[m?[37m[INFO] 10:34:07,789 [Test worker] liquibase.info - master.changelog.json: migration/vault-schema.changelog-init.xml::1511451595465-60::R3.Corda: ChangeSet migration/vault-schema.changelog-init.xml::1511451595465-60::R3.Corda ran successfully in 0ms
?[m?[37m[INFO] 10:34:07,790 [Test worker] liquibase.info - master.changelog.json: migration/vault-schema.changelog-init.xml::1511451595465-64::R3.Corda: Foreign key constraint added to vault_fungible_states_parts (output_index,transaction_id)
?[m?[37m[INFO] 10:34:07,790 [Test worker] liquibase.info - master.changelog.json: migration/vault-schema.changelog-init.xml::1511451595465-64::R3.Corda: ChangeSet migration/vault-schema.changelog-init.xml::1511451595465-64::R3.Corda ran successfully in 1ms
?[m?[37m[INFO] 10:34:07,791 [Test worker] liquibase.info - master.changelog.json: migration/vault-schema.changelog-init.xml::1511451595465-65::R3.Corda: Foreign key constraint added to vault_linear_states_parts (output_index,transaction_id)
?[m?[37m[INFO] 10:34:07,791 [Test worker] liquibase.info - master.changelog.json: migration/vault-schema.changelog-init.xml::1511451595465-65::R3.Corda: ChangeSet migration/vault-schema.changelog-init.xml::1511451595465-65::R3.Corda ran successfully in 1ms
?[m?[37m[INFO] 10:34:07,792 [Test worker] liquibase.info - master.changelog.json: migration/vault-schema.changelog-v3.xml::clean_vault::R3.Corda: Data deleted from vault_fungible_states_parts
?[m?[37m[INFO] 10:34:07,792 [Test worker] liquibase.info - master.changelog.json: migration/vault-schema.changelog-v3.xml::clean_vault::R3.Corda: Data deleted from vault_fungible_states
?[m?[37m[INFO] 10:34:07,792 [Test worker] liquibase.info - master.changelog.json: migration/vault-schema.changelog-v3.xml::clean_vault::R3.Corda: Data deleted from vault_linear_states_parts
?[m?[37m[INFO] 10:34:07,792 [Test worker] liquibase.info - master.changelog.json: migration/vault-schema.changelog-v3.xml::clean_vault::R3.Corda: Data deleted from vault_linear_states
?[m?[37m[INFO] 10:34:07,792 [Test worker] liquibase.info - master.changelog.json: migration/vault-schema.changelog-v3.xml::clean_vault::R3.Corda: Data deleted from vault_states
?[m?[37m[INFO] 10:34:07,793 [Test worker] liquibase.info - master.changelog.json: migration/vault-schema.changelog-v3.xml::clean_vault::R3.Corda: Data deleted from vault_transaction_notes
?[m?[37m[INFO] 10:34:07,793 [Test worker] liquibase.info - master.changelog.json: migration/vault-schema.changelog-v3.xml::clean_vault::R3.Corda: ChangeSet migration/vault-schema.changelog-v3.xml::clean_vault::R3.Corda ran successfully in 1ms
?[m?[37m[INFO] 10:34:07,794 [Test worker] liquibase.info - master.changelog.json: migration/vault-schema.changelog-v4.xml::nullability::R3.Corda: Null constraint has been added to vault_fungible_states.quantity
?[m?[37m[INFO] 10:34:07,794 [Test worker] liquibase.info - master.changelog.json: migration/vault-schema.changelog-v4.xml::nullability::R3.Corda: Null constraint has been added to vault_states.contract_state_class_name
?[m?[37m[INFO] 10:34:07,794 [Test worker] liquibase.info - master.changelog.json: migration/vault-schema.changelog-v4.xml::nullability::R3.Corda: Null constraint has been added to vault_states.notary_name
?[m?[37m[INFO] 10:34:07,794 [Test worker] liquibase.info - master.changelog.json: migration/vault-schema.changelog-v4.xml::nullability::R3.Corda: Null constraint has been added to vault_states.recorded_timestamp
?[m?[37m[INFO] 10:34:07,794 [Test worker] liquibase.info - master.changelog.json: migration/vault-schema.changelog-v4.xml::nullability::R3.Corda: Index state_status_idx dropped from table vault_states
?[m?[37m[INFO] 10:34:07,794 [Test worker] liquibase.info - master.changelog.json: migration/vault-schema.changelog-v4.xml::nullability::R3.Corda: Index lock_id_idx dropped from table vault_states
?[m?[37m[INFO] 10:34:07,795 [Test worker] liquibase.info - master.changelog.json: migration/vault-schema.changelog-v4.xml::nullability::R3.Corda: Null constraint has been added to vault_states.state_status
?[m?[37m[INFO] 10:34:07,795 [Test worker] liquibase.info - master.changelog.json: migration/vault-schema.changelog-v4.xml::nullability::R3.Corda: Index state_status_idx created
?[m?[37m[INFO] 10:34:07,796 [Test worker] liquibase.info - master.changelog.json: migration/vault-schema.changelog-v4.xml::nullability::R3.Corda: Index lock_id_idx created
?[m?[37m[INFO] 10:34:07,796 [Test worker] liquibase.info - master.changelog.json: migration/vault-schema.changelog-v4.xml::nullability::R3.Corda: Index transaction_id_index dropped from table vault_transaction_notes
?[m?[37m[INFO] 10:34:07,796 [Test worker] liquibase.info - master.changelog.json: migration/vault-schema.changelog-v4.xml::nullability::R3.Corda: Null constraint has been added to vault_transaction_notes.note
?[m?[37m[INFO] 10:34:07,797 [Test worker] liquibase.info - master.changelog.json: migration/vault-schema.changelog-v4.xml::nullability::R3.Corda: Null constraint has been added to vault_transaction_notes.transaction_id
?[m?[37m[INFO] 10:34:07,797 [Test worker] liquibase.info - master.changelog.json: migration/vault-schema.changelog-v4.xml::nullability::R3.Corda: Index transaction_id_index created
?[m?[37m[INFO] 10:34:07,797 [Test worker] liquibase.info - master.changelog.json: migration/vault-schema.changelog-v4.xml::nullability::R3.Corda: ChangeSet migration/vault-schema.changelog-v4.xml::nullability::R3.Corda ran successfully in 4ms
?[m?[37m[INFO] 10:34:07,801 [Test worker] liquibase.info - master.changelog.json: migration/vault-schema.changelog-v5.xml::add_relevancy_status_column::R3.Corda: Columns relevancy_status(INT) added to vault_states
?[m?[37m[INFO] 10:34:07,802 [Test worker] liquibase.info - master.changelog.json: migration/vault-schema.changelog-v5.xml::add_relevancy_status_column::R3.Corda: Data updated in vault_states
?[m?[37m[INFO] 10:34:07,802 [Test worker] liquibase.info - master.changelog.json: migration/vault-schema.changelog-v5.xml::add_relevancy_status_column::R3.Corda: Null constraint has been added to vault_states.relevancy_status
?[m?[37m[INFO] 10:34:07,802 [Test worker] liquibase.info - master.changelog.json: migration/vault-schema.changelog-v5.xml::add_relevancy_status_column::R3.Corda: ChangeSet migration/vault-schema.changelog-v5.xml::add_relevancy_status_column::R3.Corda ran successfully in 2ms
?[m?[37m[INFO] 10:34:07,803 [Test worker] liquibase.info - master.changelog.json: migration/vault-schema.changelog-v6.xml::add_is_constraint_information_columns::R3.Corda: Columns constraint_type(INT) added to vault_states
?[m?[37m[INFO] 10:34:07,804 [Test worker] liquibase.info - master.changelog.json: migration/vault-schema.changelog-v6.xml::add_is_constraint_information_columns::R3.Corda: Columns constraint_data(varbinary(563)) added to vault_states
?[m?[37m[INFO] 10:34:07,804 [Test worker] liquibase.info - master.changelog.json: migration/vault-schema.changelog-v6.xml::add_is_constraint_information_columns::R3.Corda: ChangeSet migration/vault-schema.changelog-v6.xml::add_is_constraint_information_columns::R3.Corda ran successfully in 2ms
?[m?[37m[INFO] 10:34:07,806 [Test worker] liquibase.info - master.changelog.json: migration/vault-schema.changelog-v7.xml::make_issuer_ref_nullable::R3.Corda: Null constraint dropped from vault_fungible_states.issuer_ref
?[m?[37m[INFO] 10:34:07,806 [Test worker] liquibase.info - master.changelog.json: migration/vault-schema.changelog-v7.xml::make_issuer_ref_nullable::R3.Corda: ChangeSet migration/vault-schema.changelog-v7.xml::make_issuer_ref_nullable::R3.Corda ran successfully in 1ms
?[m?[37m[INFO] 10:34:07,807 [Test worker] liquibase.info - master.changelog.json: migration/vault-schema.changelog-v8.xml::create-external-id-to-state-party-view::R3.Corda: Table state_party created
?[m?[37m[INFO] 10:34:07,807 [Test worker] liquibase.info - master.changelog.json: migration/vault-schema.changelog-v8.xml::create-external-id-to-state-party-view::R3.Corda: Index state_pk_hash_idx created
?[m?[37m[INFO] 10:34:07,807 [Test worker] liquibase.info - master.changelog.json: migration/vault-schema.changelog-v8.xml::create-external-id-to-state-party-view::R3.Corda: Table pk_hash_to_ext_id_map created
?[m?[37m[INFO] 10:34:07,807 [Test worker] liquibase.info - master.changelog.json: migration/vault-schema.changelog-v8.xml::create-external-id-to-state-party-view::R3.Corda: Index pk_hash_to_xid_idx created
?[m?[37m[INFO] 10:34:07,808 [Test worker] liquibase.info - master.changelog.json: migration/vault-schema.changelog-v8.xml::create-external-id-to-state-party-view::R3.Corda: View v_pkey_hash_ex_id_map created
?[m?[37m[INFO] 10:34:07,808 [Test worker] liquibase.info - master.changelog.json: migration/vault-schema.changelog-v8.xml::create-external-id-to-state-party-view::R3.Corda: ChangeSet migration/vault-schema.changelog-v8.xml::create-external-id-to-state-party-view::R3.Corda ran successfully in 2ms
?[m?[37m[INFO] 10:34:07,810 [Test worker] liquibase.info - master.changelog.json: migration/node-info.changelog-init.xml::1511451595465-4::R3.Corda: Table node_link_nodeinfo_party created
?[m?[37m[INFO] 10:34:07,810 [Test worker] liquibase.info - master.changelog.json: migration/node-info.changelog-init.xml::1511451595465-4::R3.Corda: ChangeSet migration/node-info.changelog-init.xml::1511451595465-4::R3.Corda ran successfully in 1ms
?[m?[37m[INFO] 10:34:07,811 [Test worker] liquibase.info - master.changelog.json: migration/node-info.changelog-init.xml::1511451595465-10::R3.Corda: Table node_info_hosts created
?[m?[37m[INFO] 10:34:07,811 [Test worker] liquibase.info - master.changelog.json: migration/node-info.changelog-init.xml::1511451595465-10::R3.Corda: ChangeSet migration/node-info.changelog-init.xml::1511451595465-10::R3.Corda ran successfully in 1ms
?[m?[37m[INFO] 10:34:07,812 [Test worker] liquibase.info - master.changelog.json: migration/node-info.changelog-init.xml::1511451595465-11::R3.Corda: Table node_info_party_cert created
?[m?[37m[INFO] 10:34:07,812 [Test worker] liquibase.info - master.changelog.json: migration/node-info.changelog-init.xml::1511451595465-11::R3.Corda: ChangeSet migration/node-info.changelog-init.xml::1511451595465-11::R3.Corda ran successfully in 0ms
?[m?[37m[INFO] 10:34:07,813 [Test worker] liquibase.info - master.changelog.json: migration/node-info.changelog-init.xml::1511451595465-12::R3.Corda: Table node_infos created
?[m?[37m[INFO] 10:34:07,813 [Test worker] liquibase.info - master.changelog.json: migration/node-info.changelog-init.xml::1511451595465-12::R3.Corda: ChangeSet migration/node-info.changelog-init.xml::1511451595465-12::R3.Corda ran successfully in 0ms
?[m?[37m[INFO] 10:34:07,814 [Test worker] liquibase.info - master.changelog.json: migration/node-info.changelog-init.xml::1511451595465-35::R3.Corda: Primary key added to node_info_hosts (host, port)
?[m?[37m[INFO] 10:34:07,814 [Test worker] liquibase.info - master.changelog.json: migration/node-info.changelog-init.xml::1511451595465-35::R3.Corda: ChangeSet migration/node-info.changelog-init.xml::1511451595465-35::R3.Corda ran successfully in 0ms
?[m?[37m[INFO] 10:34:07,815 [Test worker] liquibase.info - master.changelog.json: migration/node-info.changelog-init.xml::1511451595465-36::R3.Corda: Primary key added to node_info_party_cert (party_name)
?[m?[37m[INFO] 10:34:07,815 [Test worker] liquibase.info - master.changelog.json: migration/node-info.changelog-init.xml::1511451595465-36::R3.Corda: ChangeSet migration/node-info.changelog-init.xml::1511451595465-36::R3.Corda ran successfully in 0ms
?[m?[37m[INFO] 10:34:07,816 [Test worker] liquibase.info - master.changelog.json: migration/node-info.changelog-init.xml::1511451595465-37::R3.Corda: Primary key added to node_infos (node_info_id)
?[m?[37m[INFO] 10:34:07,816 [Test worker] liquibase.info - master.changelog.json: migration/node-info.changelog-init.xml::1511451595465-37::R3.Corda: ChangeSet migration/node-info.changelog-init.xml::1511451595465-37::R3.Corda ran successfully in 0ms
?[m?[37m[INFO] 10:34:07,817 [Test worker] liquibase.info - master.changelog.json: migration/node-info.changelog-init.xml::1511451595465-62::R3.Corda: Foreign key constraint added to node_link_nodeinfo_party (node_info_id)
?[m?[37m[INFO] 10:34:07,817 [Test worker] liquibase.info - master.changelog.json: migration/node-info.changelog-init.xml::1511451595465-62::R3.Corda: ChangeSet migration/node-info.changelog-init.xml::1511451595465-62::R3.Corda ran successfully in 0ms
?[m?[37m[INFO] 10:34:07,818 [Test worker] liquibase.info - master.changelog.json: migration/node-info.changelog-init.xml::1511451595465-63::R3.Corda: Foreign key constraint added to node_info_hosts (node_info_id)
?[m?[37m[INFO] 10:34:07,819 [Test worker] liquibase.info - master.changelog.json: migration/node-info.changelog-init.xml::1511451595465-63::R3.Corda: ChangeSet migration/node-info.changelog-init.xml::1511451595465-63::R3.Corda ran successfully in 0ms
?[m?[37m[INFO] 10:34:07,820 [Test worker] liquibase.info - master.changelog.json: migration/node-info.changelog-init.xml::remove_host_port_pk::R3.Corda: Data deleted from node_infos
?[m?[37m[INFO] 10:34:07,820 [Test worker] liquibase.info - master.changelog.json: migration/node-info.changelog-init.xml::remove_host_port_pk::R3.Corda: Data deleted from node_link_nodeinfo_party
?[m?[37m[INFO] 10:34:07,820 [Test worker] liquibase.info - master.changelog.json: migration/node-info.changelog-init.xml::remove_host_port_pk::R3.Corda: Data deleted from node_info_hosts
?[m?[37m[INFO] 10:34:07,821 [Test worker] liquibase.info - master.changelog.json: migration/node-info.changelog-init.xml::remove_host_port_pk::R3.Corda: Data deleted from node_info_party_cert
?[m?[37m[INFO] 10:34:07,821 [Test worker] liquibase.info - master.changelog.json: migration/node-info.changelog-init.xml::remove_host_port_pk::R3.Corda: Primary key dropped from node_info_hosts
?[m?[37m[INFO] 10:34:07,822 [Test worker] liquibase.info - master.changelog.json: migration/node-info.changelog-init.xml::remove_host_port_pk::R3.Corda: Columns hosts_id(INT) added to node_info_hosts
?[m?[37m[INFO] 10:34:07,822 [Test worker] liquibase.info - master.changelog.json: migration/node-info.changelog-init.xml::remove_host_port_pk::R3.Corda: Primary key added to node_info_hosts (hosts_id)
?[m?[37m[INFO] 10:34:07,822 [Test worker] liquibase.info - master.changelog.json: migration/node-info.changelog-init.xml::remove_host_port_pk::R3.Corda: ChangeSet migration/node-info.changelog-init.xml::remove_host_port_pk::R3.Corda ran successfully in 3ms
?[m?[37m[INFO] 10:34:07,823 [Test worker] liquibase.info - master.changelog.json: migration/node-info.changelog-v1.xml::key/value node properties table::R3.Corda: Table node_properties created
?[m?[37m[INFO] 10:34:07,823 [Test worker] liquibase.info - master.changelog.json: migration/node-info.changelog-v1.xml::key/value node properties table::R3.Corda: ChangeSet migration/node-info.changelog-v1.xml::key/value node properties table::R3.Corda ran successfully in 0ms
?[m?[37m[INFO] 10:34:07,824 [Test worker] liquibase.info - master.changelog.json: migration/node-info.changelog-v2.xml::1525962920::R3.Corda: Null constraint has been added to node_infos.node_info_hash
?[m?[37m[INFO] 10:34:07,824 [Test worker] liquibase.info - master.changelog.json: migration/node-info.changelog-v2.xml::1525962920::R3.Corda: Null constraint has been added to node_infos.platform_version
?[m?[37m[INFO] 10:34:07,824 [Test worker] liquibase.info - master.changelog.json: migration/node-info.changelog-v2.xml::1525962920::R3.Corda: Null constraint has been added to node_infos.serial
?[m?[37m[INFO] 10:34:07,825 [Test worker] liquibase.info - master.changelog.json: migration/node-info.changelog-v2.xml::1525962920::R3.Corda: Null constraint dropped from node_info_hosts.host
?[m?[37m[INFO] 10:34:07,825 [Test worker] liquibase.info - master.changelog.json: migration/node-info.changelog-v2.xml::1525962920::R3.Corda: Null constraint dropped from node_info_hosts.port
?[m?[37m[INFO] 10:34:07,825 [Test worker] liquibase.info - master.changelog.json: migration/node-info.changelog-v2.xml::1525962920::R3.Corda: Null constraint has been added to node_info_party_cert.owning_key_hash
?[m?[37m[INFO] 10:34:07,825 [Test worker] liquibase.info - master.changelog.json: migration/node-info.changelog-v2.xml::1525962920::R3.Corda: Null constraint has been added to node_info_party_cert.party_cert_binary
?[m?[37m[INFO] 10:34:07,825 [Test worker] liquibase.info - master.changelog.json: migration/node-info.changelog-v2.xml::1525962920::R3.Corda: ChangeSet migration/node-info.changelog-v2.xml::1525962920::R3.Corda ran successfully in 1ms
?[m?[37m[INFO] 10:34:07,826 [Test worker] liquibase.info - master.changelog.json: migration/node-info.changelog-v3.xml::column_host_name::R3.Corda: Column node_info_hosts.host renamed to host_name
?[m?[37m[INFO] 10:34:07,826 [Test worker] liquibase.info - master.changelog.json: migration/node-info.changelog-v3.xml::column_host_name::R3.Corda: ChangeSet migration/node-info.changelog-v3.xml::column_host_name::R3.Corda ran successfully in 0ms
?[m?[37m[INFO] 10:34:07,827 [Test worker] liquibase.info - master.changelog.json: migration/node-services.changelog-init.xml::1511451595465-5::R3.Corda: Table node_attachments created
?[m?[37m[INFO] 10:34:07,828 [Test worker] liquibase.info - master.changelog.json: migration/node-services.changelog-init.xml::1511451595465-5::R3.Corda: ChangeSet migration/node-services.changelog-init.xml::1511451595465-5::R3.Corda ran successfully in 0ms
?[m?[37m[INFO] 10:34:07,829 [Test worker] liquibase.info - master.changelog.json: migration/node-services.changelog-init.xml::1511451595465-7::R3.Corda: Table node_checkpoints created
?[m?[37m[INFO] 10:34:07,829 [Test worker] liquibase.info - master.changelog.json: migration/node-services.changelog-init.xml::1511451595465-7::R3.Corda: ChangeSet migration/node-services.changelog-init.xml::1511451595465-7::R3.Corda ran successfully in 1ms
?[m?[37m[INFO] 10:34:07,830 [Test worker] liquibase.info - master.changelog.json: migration/node-services.changelog-init.xml::1511451595465-8::R3.Corda: Table node_contract_upgrades created
?[m?[37m[INFO] 10:34:07,830 [Test worker] liquibase.info - master.changelog.json: migration/node-services.changelog-init.xml::1511451595465-8::R3.Corda: ChangeSet migration/node-services.changelog-init.xml::1511451595465-8::R3.Corda ran successfully in 0ms
?[m?[37m[INFO] 10:34:07,831 [Test worker] liquibase.info - master.changelog.json: migration/node-services.changelog-init.xml::1511451595465-9::R3.Corda: Table node_identities created
?[m?[37m[INFO] 10:34:07,831 [Test worker] liquibase.info - master.changelog.json: migration/node-services.changelog-init.xml::1511451595465-9::R3.Corda: ChangeSet migration/node-services.changelog-init.xml::1511451595465-9::R3.Corda ran successfully in 0ms
?[m?[37m[INFO] 10:34:07,832 [Test worker] liquibase.info - master.changelog.json: migration/node-services.changelog-init.xml::1511451595465-13::R3.Corda: Table node_message_ids created
?[m?[37m[INFO] 10:34:07,833 [Test worker] liquibase.info - master.changelog.json: migration/node-services.changelog-init.xml::1511451595465-13::R3.Corda: ChangeSet migration/node-services.changelog-init.xml::1511451595465-13::R3.Corda ran successfully in 0ms
?[m?[37m[INFO] 10:34:07,833 [Test worker] liquibase.info - master.changelog.json: migration/node-services.changelog-init.xml::1511451595465-14::R3.Corda: Table node_message_retry created
?[m?[37m[INFO] 10:34:07,834 [Test worker] liquibase.info - master.changelog.json: migration/node-services.changelog-init.xml::1511451595465-14::R3.Corda: ChangeSet migration/node-services.changelog-init.xml::1511451595465-14::R3.Corda ran successfully in 0ms
?[m?[37m[INFO] 10:34:07,834 [Test worker] liquibase.info - master.changelog.json: migration/node-services.changelog-init.xml::1511451595465-15::R3.Corda: Table node_named_identities created
?[m?[37m[INFO] 10:34:07,834 [Test worker] liquibase.info - master.changelog.json: migration/node-services.changelog-init.xml::1511451595465-15::R3.Corda: ChangeSet migration/node-services.changelog-init.xml::1511451595465-15::R3.Corda ran successfully in 0ms
?[m?[37m[INFO] 10:34:07,835 [Test worker] liquibase.info - master.changelog.json: migration/node-services.changelog-init.xml::1511451595465-17::R3.Corda: Table node_our_key_pairs created
?[m?[37m[INFO] 10:34:07,835 [Test worker] liquibase.info - master.changelog.json: migration/node-services.changelog-init.xml::1511451595465-17::R3.Corda: ChangeSet migration/node-services.changelog-init.xml::1511451595465-17::R3.Corda ran successfully in 0ms
?[m?[37m[INFO] 10:34:07,836 [Test worker] liquibase.info - master.changelog.json: migration/node-services.changelog-init.xml::1511451595465-19::R3.Corda: Table node_scheduled_states created
?[m?[37m[INFO] 10:34:07,836 [Test worker] liquibase.info - master.changelog.json: migration/node-services.changelog-init.xml::1511451595465-19::R3.Corda: ChangeSet migration/node-services.changelog-init.xml::1511451595465-19::R3.Corda ran successfully in 0ms
?[m?[37m[INFO] 10:34:07,837 [Test worker] liquibase.info - master.changelog.json: migration/node-services.changelog-init.xml::1511451595465-20::R3.Corda: Table node_transaction_mappings created
?[m?[37m[INFO] 10:34:07,837 [Test worker] liquibase.info - master.changelog.json: migration/node-services.changelog-init.xml::1511451595465-20::R3.Corda: ChangeSet migration/node-services.changelog-init.xml::1511451595465-20::R3.Corda ran successfully in 0ms
?[m?[37m[INFO] 10:34:07,838 [Test worker] liquibase.info - master.changelog.json: migration/node-services.changelog-init.xml::1511451595465-21::R3.Corda: Table node_transactions created
?[m?[37m[INFO] 10:34:07,838 [Test worker] liquibase.info - master.changelog.json: migration/node-services.changelog-init.xml::1511451595465-21::R3.Corda: ChangeSet migration/node-services.changelog-init.xml::1511451595465-21::R3.Corda ran successfully in 0ms
?[m?[37m[INFO] 10:34:07,839 [Test worker] liquibase.info - master.changelog.json: migration/node-services.changelog-init.xml::1511451595465-30::R3.Corda: Primary key added to node_attachments (att_id)
?[m?[37m[INFO] 10:34:07,839 [Test worker] liquibase.info - master.changelog.json: migration/node-services.changelog-init.xml::1511451595465-30::R3.Corda: ChangeSet migration/node-services.changelog-init.xml::1511451595465-30::R3.Corda ran successfully in 0ms
?[m?[37m[INFO] 10:34:07,840 [Test worker] liquibase.info - master.changelog.json: migration/node-services.changelog-init.xml::1511451595465-32::R3.Corda: Primary key added to node_checkpoints (checkpoint_id)
?[m?[37m[INFO] 10:34:07,840 [Test worker] liquibase.info - master.changelog.json: migration/node-services.changelog-init.xml::1511451595465-32::R3.Corda: ChangeSet migration/node-services.changelog-init.xml::1511451595465-32::R3.Corda ran successfully in 1ms
?[m?[37m[INFO] 10:34:07,841 [Test worker] liquibase.info - master.changelog.json: migration/node-services.changelog-init.xml::1511451595465-33::R3.Corda: Primary key added to node_contract_upgrades (state_ref)
?[m?[37m[INFO] 10:34:07,841 [Test worker] liquibase.info - master.changelog.json: migration/node-services.changelog-init.xml::1511451595465-33::R3.Corda: ChangeSet migration/node-services.changelog-init.xml::1511451595465-33::R3.Corda ran successfully in 1ms
?[m?[37m[INFO] 10:34:07,842 [Test worker] liquibase.info - master.changelog.json: migration/node-services.changelog-init.xml::1511451595465-34::R3.Corda: Primary key added to node_identities (pk_hash)
?[m?[37m[INFO] 10:34:07,842 [Test worker] liquibase.info - master.changelog.json: migration/node-services.changelog-init.xml::1511451595465-34::R3.Corda: ChangeSet migration/node-services.changelog-init.xml::1511451595465-34::R3.Corda ran successfully in 1ms
?[m?[37m[INFO] 10:34:07,843 [Test worker] liquibase.info - master.changelog.json: migration/node-services.changelog-init.xml::1511451595465-38::R3.Corda: Primary key added to node_message_ids (message_id)
?[m?[37m[INFO] 10:34:07,843 [Test worker] liquibase.info - master.changelog.json: migration/node-services.changelog-init.xml::1511451595465-38::R3.Corda: ChangeSet migration/node-services.changelog-init.xml::1511451595465-38::R3.Corda ran successfully in 1ms
?[m?[37m[INFO] 10:34:07,844 [Test worker] liquibase.info - master.changelog.json: migration/node-services.changelog-init.xml::1511451595465-39::R3.Corda: Primary key added to node_message_retry (message_id)
?[m?[37m[INFO] 10:34:07,844 [Test worker] liquibase.info - master.changelog.json: migration/node-services.changelog-init.xml::1511451595465-39::R3.Corda: ChangeSet migration/node-services.changelog-init.xml::1511451595465-39::R3.Corda ran successfully in 1ms
?[m?[37m[INFO] 10:34:07,845 [Test worker] liquibase.info - master.changelog.json: migration/node-services.changelog-init.xml::1511451595465-40::R3.Corda: Primary key added to node_named_identities (name)
?[m?[37m[INFO] 10:34:07,845 [Test worker] liquibase.info - master.changelog.json: migration/node-services.changelog-init.xml::1511451595465-40::R3.Corda: ChangeSet migration/node-services.changelog-init.xml::1511451595465-40::R3.Corda ran successfully in 0ms
?[m?[37m[INFO] 10:34:07,846 [Test worker] liquibase.info - master.changelog.json: migration/node-services.changelog-init.xml::1511451595465-42::R3.Corda: Primary key added to node_our_key_pairs (public_key_hash)
?[m?[37m[INFO] 10:34:07,846 [Test worker] liquibase.info - master.changelog.json: migration/node-services.changelog-init.xml::1511451595465-42::R3.Corda: ChangeSet migration/node-services.changelog-init.xml::1511451595465-42::R3.Corda ran successfully in 0ms
?[m?[37m[INFO] 10:34:07,847 [Test worker] liquibase.info - master.changelog.json: migration/node-services.changelog-init.xml::1511451595465-44::R3.Corda: Primary key added to node_scheduled_states (output_index, transaction_id)
?[m?[37m[INFO] 10:34:07,847 [Test worker] liquibase.info - master.changelog.json: migration/node-services.changelog-init.xml::1511451595465-44::R3.Corda: ChangeSet migration/node-services.changelog-init.xml::1511451595465-44::R3.Corda ran successfully in 0ms
?[m?[37m[INFO] 10:34:07,848 [Test worker] liquibase.info - master.changelog.json: migration/node-services.changelog-init.xml::1511451595465-45::R3.Corda: Primary key added to node_transaction_mappings (tx_id)
?[m?[37m[INFO] 10:34:07,848 [Test worker] liquibase.info - master.changelog.json: migration/node-services.changelog-init.xml::1511451595465-45::R3.Corda: ChangeSet migration/node-services.changelog-init.xml::1511451595465-45::R3.Corda ran successfully in 0ms
?[m?[37m[INFO] 10:34:07,849 [Test worker] liquibase.info - master.changelog.json: migration/node-services.changelog-init.xml::1511451595465-46::R3.Corda: Primary key added to node_transactions (tx_id)
?[m?[37m[INFO] 10:34:07,849 [Test worker] liquibase.info - master.changelog.json: migration/node-services.changelog-init.xml::1511451595465-46::R3.Corda: ChangeSet migration/node-services.changelog-init.xml::1511451595465-46::R3.Corda ran successfully in 0ms
?[m?[37m[INFO] 10:34:07,850 [Test worker] liquibase.info - master.changelog.json: migration/node-services.changelog-init.xml::1511451595465-61::R3.Corda: Foreign key constraint added to node_link_nodeinfo_party (party_name)
?[m?[37m[INFO] 10:34:07,850 [Test worker] liquibase.info - master.changelog.json: migration/node-services.changelog-init.xml::1511451595465-61::R3.Corda: ChangeSet migration/node-services.changelog-init.xml::1511451595465-61::R3.Corda ran successfully in 0ms
?[m?[37m[INFO] 10:34:07,851 [Test worker] liquibase.info - master.changelog.json: migration/node-services.changelog-init.xml::add index att_id::R3.Corda: Index att_id_idx created
?[m?[37m[INFO] 10:34:07,851 [Test worker] liquibase.info - master.changelog.json: migration/node-services.changelog-init.xml::add index att_id::R3.Corda: ChangeSet migration/node-services.changelog-init.xml::add index att_id::R3.Corda ran successfully in 0ms
?[m?[37m[INFO] 10:34:07,852 [Test worker] liquibase.info - master.changelog.json: migration/node-services.changelog-init.xml::add_contract_attachment::R3.Corda: Table node_attchments_contracts created
?[m?[37m[INFO] 10:34:07,853 [Test worker] liquibase.info - master.changelog.json: migration/node-services.changelog-init.xml::add_contract_attachment::R3.Corda: Foreign key constraint added to node_attchments_contracts (att_id)
?[m?[37m[INFO] 10:34:07,853 [Test worker] liquibase.info - master.changelog.json: migration/node-services.changelog-init.xml::add_contract_attachment::R3.Corda: Data deleted from node_attachments
?[m?[37m[INFO] 10:34:07,853 [Test worker] liquibase.info - master.changelog.json: migration/node-services.changelog-init.xml::add_contract_attachment::R3.Corda: ChangeSet migration/node-services.changelog-init.xml::add_contract_attachment::R3.Corda ran successfully in 1ms
?[m?[37m[INFO] 10:34:07,855 [Test worker] liquibase.info - master.changelog.json: migration/node-services.changelog-init.xml::add_dedup_columns::R3.Corda: Columns sender(NVARCHAR(64)),sequence_number(BIGINT) added to node_message_ids
?[m?[37m[INFO] 10:34:07,855 [Test worker] liquibase.info - master.changelog.json: migration/node-services.changelog-init.xml::add_dedup_columns::R3.Corda: ChangeSet migration/node-services.changelog-init.xml::add_dedup_columns::R3.Corda ran successfully in 1ms
?[m?[37m[INFO] 10:34:07,856 [Test worker] liquibase.info - master.changelog.json: migration/node-core.changelog-v4.xml::attchments_rename::R3.Corda: Table node_attchments_contracts renamed to node_attachments_contracts
?[m?[37m[INFO] 10:34:07,856 [Test worker] liquibase.info - master.changelog.json: migration/node-core.changelog-v4.xml::attchments_rename::R3.Corda: ChangeSet migration/node-core.changelog-v4.xml::attchments_rename::R3.Corda ran successfully in 0ms
?[m?[37m[INFO] 10:34:07,857 [Test worker] liquibase.info - master.changelog.json: migration/node-core.changelog-v4.xml::nullability::R3.Corda: Null constraint has been added to node_identities.identity_value
?[m?[37m[INFO] 10:34:07,857 [Test worker] liquibase.info - master.changelog.json: migration/node-core.changelog-v4.xml::nullability::R3.Corda: Null constraint has been added to node_attachments.content
?[m?[37m[INFO] 10:34:07,857 [Test worker] liquibase.info - master.changelog.json: migration/node-core.changelog-v4.xml::nullability::R3.Corda: Null constraint has been added to node_attachments_contracts.contract_class_name
?[m?[37m[INFO] 10:34:07,858 [Test worker] liquibase.info - master.changelog.json: migration/node-core.changelog-v4.xml::nullability::R3.Corda: Null constraint has been added to node_checkpoints.checkpoint_value
?[m?[37m[INFO] 10:34:07,858 [Test worker] liquibase.info - master.changelog.json: migration/node-core.changelog-v4.xml::nullability::R3.Corda: Null constraint has been added to node_contract_upgrades.contract_class_name
?[m?[37m[INFO] 10:34:07,858 [Test worker] liquibase.info - master.changelog.json: migration/node-core.changelog-v4.xml::nullability::R3.Corda: Null constraint has been added to node_message_ids.insertion_time
?[m?[37m[INFO] 10:34:07,858 [Test worker] liquibase.info - master.changelog.json: migration/node-core.changelog-v4.xml::nullability::R3.Corda: Null constraint has been added to node_message_retry.message
?[m?[37m[INFO] 10:34:07,858 [Test worker] liquibase.info - master.changelog.json: migration/node-core.changelog-v4.xml::nullability::R3.Corda: Null constraint has been added to node_message_retry.recipients
?[m?[37m[INFO] 10:34:07,858 [Test worker] liquibase.info - master.changelog.json: migration/node-core.changelog-v4.xml::nullability::R3.Corda: Null constraint has been added to node_named_identities.pk_hash
?[m?[37m[INFO] 10:34:07,859 [Test worker] liquibase.info - master.changelog.json: migration/node-core.changelog-v4.xml::nullability::R3.Corda: Null constraint has been added to node_our_key_pairs.private_key
?[m?[37m[INFO] 10:34:07,859 [Test worker] liquibase.info - master.changelog.json: migration/node-core.changelog-v4.xml::nullability::R3.Corda: Null constraint has been added to node_our_key_pairs.public_key
?[m?[37m[INFO] 10:34:07,859 [Test worker] liquibase.info - master.changelog.json: migration/node-core.changelog-v4.xml::nullability::R3.Corda: Null constraint has been added to node_transaction_mappings.state_machine_run_id
?[m?[37m[INFO] 10:34:07,859 [Test worker] liquibase.info - master.changelog.json: migration/node-core.changelog-v4.xml::nullability::R3.Corda: Null constraint has been added to node_transactions.transaction_value
?[m?[37m[INFO] 10:34:07,859 [Test worker] liquibase.info - master.changelog.json: migration/node-core.changelog-v4.xml::nullability::R3.Corda: ChangeSet migration/node-core.changelog-v4.xml::nullability::R3.Corda ran successfully in 2ms
?[m?[37m[INFO] 10:34:07,860 [Test worker] liquibase.info - master.changelog.json: migration/node-core.changelog-v5.xml::remove_unused_node_message_retry::R3.Corda: Table node_message_retry dropped
?[m?[37m[INFO] 10:34:07,861 [Test worker] liquibase.info - master.changelog.json: migration/node-core.changelog-v5.xml::remove_unused_node_message_retry::R3.Corda: ChangeSet migration/node-core.changelog-v5.xml::remove_unused_node_message_retry::R3.Corda ran successfully in 0ms
?[m?[37m[INFO] 10:34:07,869 [Test worker] liquibase.info - master.changelog.json: migration/node-core.changelog-v8.xml::conditional_attchments_rename::R3.Corda: Marking ChangeSet: migration/node-core.changelog-v8.xml::conditional_attchments_rename::R3.Corda ran despite precondition failure due to onFail='MARK_RAN': 
          master.changelog.json : Table PUBLIC.NODE_ATTCHMENTS_CONTRACTS does not exist

?[m?[37m[INFO] 10:34:07,874 [Test worker] liquibase.info - master.changelog.json: migration/node-core.changelog-v8.xml::conditional_attchments_contracts::R3.Corda: Marking ChangeSet: migration/node-core.changelog-v8.xml::conditional_attchments_contracts::R3.Corda ran despite precondition failure due to onFail='MARK_RAN': 
          master.changelog.json : Table PUBLIC.NODE_ATTACHMENTS_CONTRACT_CLASS_NAME does not exist

?[m?[37m[INFO] 10:34:07,875 [Test worker] liquibase.info - master.changelog.json: migration/node-core.changelog-v8.xml::add_signers::R3.Corda: Table node_attachments_signers created
?[m?[37m[INFO] 10:34:07,876 [Test worker] liquibase.info - master.changelog.json: migration/node-core.changelog-v8.xml::add_signers::R3.Corda: Foreign key constraint added to node_attachments_signers (att_id)
?[m?[37m[INFO] 10:34:07,876 [Test worker] liquibase.info - master.changelog.json: migration/node-core.changelog-v8.xml::add_signers::R3.Corda: ChangeSet migration/node-core.changelog-v8.xml::add_signers::R3.Corda ran successfully in 1ms
?[m?[37m[INFO] 10:34:07,877 [Test worker] liquibase.info - master.changelog.json: migration/node-core.changelog-tx-mapping.xml::add_tx_mapping_column::R3.Corda: Columns state_machine_run_id(NVARCHAR(36)) added to node_transactions
?[m?[37m[INFO] 10:34:07,878 [Test worker] liquibase.info - master.changelog.json: migration/node-core.changelog-tx-mapping.xml::add_tx_mapping_column::R3.Corda: Custom SQL executed
?[m?[37m[INFO] 10:34:07,878 [Test worker] liquibase.info - master.changelog.json: migration/node-core.changelog-tx-mapping.xml::add_tx_mapping_column::R3.Corda: Table node_transaction_mappings dropped
?[m?[37m[INFO] 10:34:07,878 [Test worker] liquibase.info - master.changelog.json: migration/node-core.changelog-tx-mapping.xml::add_tx_mapping_column::R3.Corda: ChangeSet migration/node-core.changelog-tx-mapping.xml::add_tx_mapping_column::R3.Corda ran successfully in 1ms
?[m?[37m[INFO] 10:34:07,879 [Test worker] liquibase.info - master.changelog.json: migration/node-services.changelog-init.xml::add_network_parameters_storage::R3.Corda: Table node_network_parameters created
?[m?[37m[INFO] 10:34:07,879 [Test worker] liquibase.info - master.changelog.json: migration/node-services.changelog-init.xml::add_network_parameters_storage::R3.Corda: ChangeSet migration/node-services.changelog-init.xml::add_network_parameters_storage::R3.Corda ran successfully in 0ms
?[m?[37m[INFO] 10:34:07,880 [Test worker] liquibase.info - master.changelog.json: migration/node-services.changelog-init.xml::network_parameters_pk::R3.Corda: Primary key added to node_network_parameters (hash)
?[m?[37m[INFO] 10:34:07,880 [Test worker] liquibase.info - master.changelog.json: migration/node-services.changelog-init.xml::network_parameters_pk::R3.Corda: ChangeSet migration/node-services.changelog-init.xml::network_parameters_pk::R3.Corda ran successfully in 0ms
?[m?[37m[INFO] 10:34:07,882 [Test worker] liquibase.info - master.changelog.json: migration/node-services.changelog-init.xml::add_version_column::R3.Corda: Columns version(INT) added to node_attachments
?[m?[37m[INFO] 10:34:07,882 [Test worker] liquibase.info - master.changelog.json: migration/node-services.changelog-init.xml::add_version_column::R3.Corda: Custom SQL executed
?[m?[37m[INFO] 10:34:07,882 [Test worker] liquibase.info - master.changelog.json: migration/node-services.changelog-init.xml::add_version_column::R3.Corda: Null constraint has been added to node_attachments.version
?[m?[37m[INFO] 10:34:07,882 [Test worker] liquibase.info - master.changelog.json: migration/node-services.changelog-init.xml::add_version_column::R3.Corda: ChangeSet migration/node-services.changelog-init.xml::add_version_column::R3.Corda ran successfully in 1ms
?[m?[37m[INFO] 10:34:07,883 [Test worker] persistence.AttachmentVersionNumberMigration.execute - Start executing...
?[m?[37m[INFO] 10:34:07,884 [Test worker] persistence.AttachmentVersionNumberMigration.execute - Attachment version creation from whitelisted JARs using network parameters from build/mock-network/20190619-093406.715/nodes/1/network-parameters, whitelistedContractImplementations: {}.
?[m?[37m[INFO] 10:34:07,884 [Test worker] persistence.AttachmentVersionNumberMigration.execute - Attachment version creation from whitelisted JARs skipped, no attachments not found.
?[m?[37m[INFO] 10:34:07,884 [Test worker] liquibase.info - master.changelog.json: migration/node-services.changelog-init.xml::update-version-of-whitelisted-jars::R3.Corda: null
?[m?[37m[INFO] 10:34:07,884 [Test worker] liquibase.info - master.changelog.json: migration/node-services.changelog-init.xml::update-version-of-whitelisted-jars::R3.Corda: ChangeSet migration/node-services.changelog-init.xml::update-version-of-whitelisted-jars::R3.Corda ran successfully in 1ms
?[m?[37m[INFO] 10:34:07,885 [Test worker] liquibase.info - master.changelog.json: migration/node-services.changelog-init.xml::add-new-persitence-table::R3.Corda: Table identities_no_cert created
?[m?[37m[INFO] 10:34:07,885 [Test worker] liquibase.info - master.changelog.json: migration/node-services.changelog-init.xml::add-new-persitence-table::R3.Corda: ChangeSet migration/node-services.changelog-init.xml::add-new-persitence-table::R3.Corda ran successfully in 0ms
?[m?[37m[INFO] 10:34:07,886 [Test worker] migration.PersistentIdentitiesMigration.execute - Migrating persistent identities with certificates table into persistent table with no certificate data.
?[m?[37m[INFO] 10:34:07,887 [Test worker] persistence.HibernateConfiguration.<init> - Init HibernateConfiguration for schemas: [PersistentIdentitiesMigrationSchemaV1(name=net.corda.node.migration.PersistentIdentitiesMigrationSchema, version=1)]
?[m?[37m[INFO] 10:34:07,887 [Test worker] persistence.HibernateConfiguration.makeSessionFactoryForSchemas - Creating session factory for schemas: [PersistentIdentitiesMigrationSchemaV1(name=net.corda.node.migration.PersistentIdentitiesMigrationSchema, version=1)]
?[m?[37m[INFO] 10:34:07,891 [Test worker] internal.ConnectionProviderInitiator.initiateService - HHH000130: Instantiating explicit connection provider: net.corda.nodeapi.internal.persistence.HibernateConfiguration$NodeDatabaseConnectionProvider
?[m?[37m[INFO] 10:34:07,892 [Test worker] dialect.Dialect.<init> - HHH000400: Using dialect: org.hibernate.dialect.H2Dialect
?[m?[37m[INFO] 10:34:07,893 [Test worker] type.BasicTypeRegistry.register - HHH000270: Type registration [materialized_blob] overrides previous : org.hibernate.type.MaterializedBlobType@7a31aa45
?[m?[37m[INFO] 10:34:07,905 [Test worker] connections.access.getIsolatedConnection - HHH10001501: Connection obtained from JdbcConnectionAccess [org.hibernate.engine.jdbc.env.internal.JdbcEnvironmentInitiator$ConnectionProviderJdbcConnectionAccess@68f2673] for (non-JTA) DDL execution was not in auto-commit mode; the Connection 'local transaction' will be committed and the Connection will be set into auto-commit mode.
?[m?[37m[INFO] 10:34:07,923 [Test worker] persistence.HibernateConfiguration.makeSessionFactoryForSchemas - Created session factory for schemas: [PersistentIdentitiesMigrationSchemaV1(name=net.corda.node.migration.PersistentIdentitiesMigrationSchema, version=1)]
?[m?[37m[INFO] 10:34:07,924 [Test worker] internal.QueryTranslatorFactoryInitiator.initiateService - HHH000397: Using ASTQueryTranslatorFactory
?[m?[37m[INFO] 10:34:07,931 [Test worker] liquibase.info - master.changelog.json: migration/node-services.changelog-init.xml::transfer-to-new-persistence-table::R3.Corda: null
?[m?[37m[INFO] 10:34:07,932 [Test worker] liquibase.info - master.changelog.json: migration/node-services.changelog-init.xml::transfer-to-new-persistence-table::R3.Corda: ChangeSet migration/node-services.changelog-init.xml::transfer-to-new-persistence-table::R3.Corda ran successfully in 46ms
?[m?[37m[INFO] 10:34:07,933 [Test worker] migration.VaultStateMigration.execute - Migrating vault state data to V4 tables
?[m?[37m[INFO] 10:34:07,934 [Test worker] persistence.HibernateConfiguration.<init> - Init HibernateConfiguration for schemas: [VaultMigrationSchemaV1(name=net.corda.node.migration.VaultMigrationSchema, version=1), VaultSchemaV1(name=net.corda.node.services.vault.VaultSchema, version=1)]
?[m?[37m[INFO] 10:34:07,934 [Test worker] persistence.HibernateConfiguration.makeSessionFactoryForSchemas - Creating session factory for schemas: [VaultMigrationSchemaV1(name=net.corda.node.migration.VaultMigrationSchema, version=1), VaultSchemaV1(name=net.corda.node.services.vault.VaultSchema, version=1)]
?[m?[37m[INFO] 10:34:07,939 [Test worker] internal.ConnectionProviderInitiator.initiateService - HHH000130: Instantiating explicit connection provider: net.corda.nodeapi.internal.persistence.HibernateConfiguration$NodeDatabaseConnectionProvider
?[m?[37m[INFO] 10:34:07,939 [Test worker] dialect.Dialect.<init> - HHH000400: Using dialect: org.hibernate.dialect.H2Dialect
?[m?[37m[INFO] 10:34:07,941 [Test worker] type.BasicTypeRegistry.register - HHH000270: Type registration [materialized_blob] overrides previous : org.hibernate.type.MaterializedBlobType@7a31aa45
?[m?[37m[INFO] 10:34:07,961 [Test worker] connections.access.getIsolatedConnection - HHH10001501: Connection obtained from JdbcConnectionAccess [org.hibernate.engine.jdbc.env.internal.JdbcEnvironmentInitiator$ConnectionProviderJdbcConnectionAccess@1a3398fc] for (non-JTA) DDL execution was not in auto-commit mode; the Connection 'local transaction' will be committed and the Connection will be set into auto-commit mode.
?[m?[37m[INFO] 10:34:07,980 [Test worker] persistence.HibernateConfiguration.makeSessionFactoryForSchemas - Created session factory for schemas: [VaultMigrationSchemaV1(name=net.corda.node.migration.VaultMigrationSchema, version=1), VaultSchemaV1(name=net.corda.node.services.vault.VaultSchema, version=1)]
?[m?[37m[INFO] 10:34:07,980 [Test worker] internal.QueryTranslatorFactoryInitiator.initiateService - HHH000397: Using ASTQueryTranslatorFactory
?[m?[37m[INFO] 10:34:07,985 [Test worker] migration.VaultStateMigration.execute - Finished performing vault state data migration for 0 states
?[m?[37m[INFO] 10:34:07,985 [Test worker] liquibase.info - master.changelog.json: migration/vault-schema.changelog-v9.xml::update-vault-states::R3.Corda: null
?[m?[37m[INFO] 10:34:07,985 [Test worker] liquibase.info - master.changelog.json: migration/vault-schema.changelog-v9.xml::update-vault-states::R3.Corda: ChangeSet migration/vault-schema.changelog-v9.xml::update-vault-states::R3.Corda ran successfully in 53ms
?[m?[37m[INFO] 10:34:07,986 [Test worker] liquibase.info - master.changelog.json: migration/cash.changelog-init.xml::1511451595465-2::R3.Corda: Table contract_cash_states created
?[m?[37m[INFO] 10:34:07,986 [Test worker] liquibase.info - master.changelog.json: migration/cash.changelog-init.xml::1511451595465-2::R3.Corda: ChangeSet migration/cash.changelog-init.xml::1511451595465-2::R3.Corda ran successfully in 1ms
?[m?[37m[INFO] 10:34:07,987 [Test worker] liquibase.info - master.changelog.json: migration/cash.changelog-init.xml::1511451595465-28::R3.Corda: Primary key added to contract_cash_states (output_index, transaction_id)
?[m?[37m[INFO] 10:34:07,987 [Test worker] liquibase.info - master.changelog.json: migration/cash.changelog-init.xml::1511451595465-28::R3.Corda: ChangeSet migration/cash.changelog-init.xml::1511451595465-28::R3.Corda ran successfully in 1ms
?[m?[37m[INFO] 10:34:07,988 [Test worker] liquibase.info - master.changelog.json: migration/cash.changelog-init.xml::1511451595465-51::R3.Corda: Index ccy_code_idx created
?[m?[37m[INFO] 10:34:07,988 [Test worker] liquibase.info - master.changelog.json: migration/cash.changelog-init.xml::1511451595465-51::R3.Corda: ChangeSet migration/cash.changelog-init.xml::1511451595465-51::R3.Corda ran successfully in 0ms
?[m?[37m[INFO] 10:34:07,989 [Test worker] liquibase.info - master.changelog.json: migration/cash.changelog-init.xml::1511451595465-57::R3.Corda: Index pennies_idx created
?[m?[37m[INFO] 10:34:07,989 [Test worker] liquibase.info - master.changelog.json: migration/cash.changelog-init.xml::1511451595465-57::R3.Corda: ChangeSet migration/cash.changelog-init.xml::1511451595465-57::R3.Corda ran successfully in 0ms
?[m?[37m[INFO] 10:34:07,990 [Test worker] liquibase.info - master.changelog.json: migration/node-services.changelog-init.xml::1525793504::R3.Corda: Index ccy_code_idx dropped from table contract_cash_states
?[m?[37m[INFO] 10:34:07,991 [Test worker] liquibase.info - master.changelog.json: migration/node-services.changelog-init.xml::1525793504::R3.Corda: Null constraint has been added to contract_cash_states.ccy_code
?[m?[37m[INFO] 10:34:07,991 [Test worker] liquibase.info - master.changelog.json: migration/node-services.changelog-init.xml::1525793504::R3.Corda: Index ccy_code_idx created
?[m?[37m[INFO] 10:34:07,991 [Test worker] liquibase.info - master.changelog.json: migration/node-services.changelog-init.xml::1525793504::R3.Corda: Null constraint has been added to contract_cash_states.issuer_key_hash
?[m?[37m[INFO] 10:34:07,991 [Test worker] liquibase.info - master.changelog.json: migration/node-services.changelog-init.xml::1525793504::R3.Corda: Null constraint has been added to contract_cash_states.issuer_ref
?[m?[37m[INFO] 10:34:07,991 [Test worker] liquibase.info - master.changelog.json: migration/node-services.changelog-init.xml::1525793504::R3.Corda: Index pennies_idx dropped from table contract_cash_states
?[m?[37m[INFO] 10:34:07,992 [Test worker] liquibase.info - master.changelog.json: migration/node-services.changelog-init.xml::1525793504::R3.Corda: Null constraint has been added to contract_cash_states.pennies
?[m?[37m[INFO] 10:34:07,992 [Test worker] liquibase.info - master.changelog.json: migration/node-services.changelog-init.xml::1525793504::R3.Corda: Index pennies_idx created
?[m?[37m[INFO] 10:34:07,992 [Test worker] liquibase.info - master.changelog.json: migration/node-services.changelog-init.xml::1525793504::R3.Corda: ChangeSet migration/node-services.changelog-init.xml::1525793504::R3.Corda ran successfully in 2ms
?[m?[37m[INFO] 10:34:07,993 [Test worker] liquibase.info - master.changelog.json: migration/commercial-paper.changelog-init.xml::1511451595465-3::R3.Corda: Table cp_states created
?[m?[37m[INFO] 10:34:07,993 [Test worker] liquibase.info - master.changelog.json: migration/commercial-paper.changelog-init.xml::1511451595465-3::R3.Corda: ChangeSet migration/commercial-paper.changelog-init.xml::1511451595465-3::R3.Corda ran successfully in 0ms
?[m?[37m[INFO] 10:34:07,994 [Test worker] liquibase.info - master.changelog.json: migration/commercial-paper.changelog-init.xml::1511451595465-29::R3.Corda: Primary key added to cp_states (output_index, transaction_id)
?[m?[37m[INFO] 10:34:07,994 [Test worker] liquibase.info - master.changelog.json: migration/commercial-paper.changelog-init.xml::1511451595465-29::R3.Corda: ChangeSet migration/commercial-paper.changelog-init.xml::1511451595465-29::R3.Corda ran successfully in 0ms
?[m?[37m[INFO] 10:34:07,995 [Test worker] liquibase.info - master.changelog.json: migration/commercial-paper.changelog-init.xml::1511451595465-52::R3.Corda: Index ccy_code_index created
?[m?[37m[INFO] 10:34:07,995 [Test worker] liquibase.info - master.changelog.json: migration/commercial-paper.changelog-init.xml::1511451595465-52::R3.Corda: ChangeSet migration/commercial-paper.changelog-init.xml::1511451595465-52::R3.Corda ran successfully in 0ms
?[m?[37m[INFO] 10:34:07,996 [Test worker] liquibase.info - master.changelog.json: migration/commercial-paper.changelog-init.xml::1511451595465-54::R3.Corda: Index face_value_index created
?[m?[37m[INFO] 10:34:07,996 [Test worker] liquibase.info - master.changelog.json: migration/commercial-paper.changelog-init.xml::1511451595465-54::R3.Corda: ChangeSet migration/commercial-paper.changelog-init.xml::1511451595465-54::R3.Corda ran successfully in 0ms
?[m?[37m[INFO] 10:34:07,997 [Test worker] liquibase.info - master.changelog.json: migration/commercial-paper.changelog-init.xml::1511451595465-56::R3.Corda: Index maturity_index created
?[m?[37m[INFO] 10:34:07,997 [Test worker] liquibase.info - master.changelog.json: migration/commercial-paper.changelog-init.xml::1511451595465-56::R3.Corda: ChangeSet migration/commercial-paper.changelog-init.xml::1511451595465-56::R3.Corda ran successfully in 0ms
?[m?[37m[INFO] 10:34:07,999 [Test worker] liquibase.info - master.changelog.json: migration/commercial-paper.changelog-v1.xml::1525962920::R3.Corda: Index ccy_code_index dropped from table cp_states
?[m?[37m[INFO] 10:34:07,999 [Test worker] liquibase.info - master.changelog.json: migration/commercial-paper.changelog-v1.xml::1525962920::R3.Corda: Null constraint has been added to cp_states.ccy_code
?[m?[37m[INFO] 10:34:07,999 [Test worker] liquibase.info - master.changelog.json: migration/commercial-paper.changelog-v1.xml::1525962920::R3.Corda: Index ccy_code_index created
?[m?[37m[INFO] 10:34:07,999 [Test worker] liquibase.info - master.changelog.json: migration/commercial-paper.changelog-v1.xml::1525962920::R3.Corda: Index face_value_index dropped from table cp_states
?[m?[37m[INFO] 10:34:07,999 [Test worker] liquibase.info - master.changelog.json: migration/commercial-paper.changelog-v1.xml::1525962920::R3.Corda: Null constraint has been added to cp_states.face_value
?[m?[37m[INFO] 10:34:08,000 [Test worker] liquibase.info - master.changelog.json: migration/commercial-paper.changelog-v1.xml::1525962920::R3.Corda: Index face_value_index created
?[m?[37m[INFO] 10:34:08,000 [Test worker] liquibase.info - master.changelog.json: migration/commercial-paper.changelog-v1.xml::1525962920::R3.Corda: Null constraint has been added to cp_states.face_value_issuer_key_hash
?[m?[37m[INFO] 10:34:08,000 [Test worker] liquibase.info - master.changelog.json: migration/commercial-paper.changelog-v1.xml::1525962920::R3.Corda: Null constraint has been added to cp_states.face_value_issuer_ref
?[m?[37m[INFO] 10:34:08,000 [Test worker] liquibase.info - master.changelog.json: migration/commercial-paper.changelog-v1.xml::1525962920::R3.Corda: Null constraint has been added to cp_states.issuance_key_hash
?[m?[37m[INFO] 10:34:08,000 [Test worker] liquibase.info - master.changelog.json: migration/commercial-paper.changelog-v1.xml::1525962920::R3.Corda: Null constraint has been added to cp_states.issuance_ref
?[m?[37m[INFO] 10:34:08,001 [Test worker] liquibase.info - master.changelog.json: migration/commercial-paper.changelog-v1.xml::1525962920::R3.Corda: Index maturity_index dropped from table cp_states
?[m?[37m[INFO] 10:34:08,001 [Test worker] liquibase.info - master.changelog.json: migration/commercial-paper.changelog-v1.xml::1525962920::R3.Corda: Null constraint has been added to cp_states.maturity_instant
?[m?[37m[INFO] 10:34:08,001 [Test worker] liquibase.info - master.changelog.json: migration/commercial-paper.changelog-v1.xml::1525962920::R3.Corda: Index maturity_index created
?[m?[37m[INFO] 10:34:08,001 [Test worker] liquibase.info - master.changelog.json: migration/commercial-paper.changelog-v1.xml::1525962920::R3.Corda: Null constraint has been added to cp_states.owner_key_hash
?[m?[37m[INFO] 10:34:08,001 [Test worker] liquibase.info - master.changelog.json: migration/commercial-paper.changelog-v1.xml::1525962920::R3.Corda: ChangeSet migration/commercial-paper.changelog-v1.xml::1525962920::R3.Corda ran successfully in 3ms
?[m?[37m[INFO] 10:34:08,002 [Test worker] liquibase.info - Successfully released change log lock
?[m?[37m[INFO] 10:34:08,003 [Test worker] internal.InternalMockNetwork$MockNode.invoke - Connected to H2 database.
?[m?[37m[INFO] 10:34:08,004 [Test worker] persistence.HibernateConfiguration.<init> - Init HibernateConfiguration for schemas: [CommonSchemaV1(name=net.corda.core.schemas.CommonSchema, version=1), VaultSchemaV1(name=net.corda.node.services.vault.VaultSchema, version=1), NodeInfoSchemaV1(name=net.corda.node.internal.schemas.NodeInfoSchema, version=1), NodeCoreV1(name=net.corda.node.services.schema.NodeSchemaService$NodeCore, version=1), CashSchemaV1(name=net.corda.finance.schemas.CashSchema, version=1), CommercialPaperSchemaV1(name=net.corda.finance.schemas.CommercialPaperSchema, version=1)]
?[m?[37m[INFO] 10:34:08,004 [Test worker] persistence.HibernateConfiguration.makeSessionFactoryForSchemas - Creating session factory for schemas: [CommonSchemaV1(name=net.corda.core.schemas.CommonSchema, version=1), VaultSchemaV1(name=net.corda.node.services.vault.VaultSchema, version=1), NodeInfoSchemaV1(name=net.corda.node.internal.schemas.NodeInfoSchema, version=1), NodeCoreV1(name=net.corda.node.services.schema.NodeSchemaService$NodeCore, version=1), CashSchemaV1(name=net.corda.finance.schemas.CashSchema, version=1), CommercialPaperSchemaV1(name=net.corda.finance.schemas.CommercialPaperSchema, version=1)]
?[m?[37m[INFO] 10:34:08,008 [Test worker] internal.ConnectionProviderInitiator.initiateService - HHH000130: Instantiating explicit connection provider: net.corda.nodeapi.internal.persistence.HibernateConfiguration$NodeDatabaseConnectionProvider
?[m?[37m[INFO] 10:34:08,008 [Test worker] dialect.Dialect.<init> - HHH000400: Using dialect: org.hibernate.dialect.H2Dialect
?[m?[37m[INFO] 10:34:08,010 [Test worker] type.BasicTypeRegistry.register - HHH000270: Type registration [materialized_blob] overrides previous : org.hibernate.type.MaterializedBlobType@7a31aa45
?[m?[37m[INFO] 10:34:08,040 [Test worker] connections.access.getIsolatedConnection - HHH10001501: Connection obtained from JdbcConnectionAccess [org.hibernate.engine.jdbc.env.internal.JdbcEnvironmentInitiator$ConnectionProviderJdbcConnectionAccess@66895b8d] for (non-JTA) DDL execution was not in auto-commit mode; the Connection 'local transaction' will be committed and the Connection will be set into auto-commit mode.
?[m?[37m[INFO] 10:34:08,069 [Test worker] persistence.HibernateConfiguration.makeSessionFactoryForSchemas - Created session factory for schemas: [CommonSchemaV1(name=net.corda.core.schemas.CommonSchema, version=1), VaultSchemaV1(name=net.corda.node.services.vault.VaultSchema, version=1), NodeInfoSchemaV1(name=net.corda.node.internal.schemas.NodeInfoSchema, version=1), NodeCoreV1(name=net.corda.node.services.schema.NodeSchemaService$NodeCore, version=1), CashSchemaV1(name=net.corda.finance.schemas.CashSchema, version=1), CommercialPaperSchemaV1(name=net.corda.finance.schemas.CommercialPaperSchema, version=1)]
?[m?[37m[INFO] 10:34:08,070 [Test worker] internal.InternalMockNetwork$MockNode.obtainIdentity - identity-private-key not found in key store, generating fresh key!
?[m?[37m[INFO] 10:34:08,081 [Test worker] internal.QueryTranslatorFactoryInitiator.initiateService - HHH000397: Using ASTQueryTranslatorFactory
?[m?[37m[INFO] 10:34:08,084 [Test worker] internal.InternalMockNetwork$MockNode.updateNodeInfo - Node-info has changed so submitting update. Old node-info was null
?[m?[37m[INFO] 10:34:08,084 [Test worker] network.PersistentNetworkMapCache.addNode - Adding node with info: NodeInfo(addresses=[mock.node:1000], legalIdentitiesAndCerts=[O=Alice Corp, L=Madrid, C=ES], platformVersion=5, serial=1560936848084)
?[m?[37m[INFO] 10:34:08,085 [Test worker] network.PersistentNetworkMapCache.addNode - No previous node found
?[m?[37m[INFO] 10:34:08,089 [Test worker] internal.InternalMockNetwork$MockNode.updateNodeInfo - New node-info: NodeInfo(addresses=[mock.node:1000], legalIdentitiesAndCerts=[O=Alice Corp, L=Madrid, C=ES], platformVersion=5, serial=1560936848084)
?[m?[37m[INFO] 10:34:08,092 [Test worker] network.NetworkMapUpdater.apply - Auto-accept enabled for network parameter changes which modify only: [epoch, modifiedTime, packageOwnership, whitelistedContractImplementations]
?[m?[37m[INFO] 10:34:08,094 [MockNode-18-2] network.PersistentNetworkMapCache.addNode - Adding node with info: NodeInfo(addresses=[mock.node:1000], legalIdentitiesAndCerts=[O=Alice Corp, L=Madrid, C=ES], platformVersion=5, serial=1560936848084)
?[m?[31m[WARN] 10:34:08,096 [Test worker] utilities.AppendOnlyPersistentMapBase.set - Double insert in net.corda.node.utilities.AppendOnlyPersistentMap for entity class class net.corda.node.services.identity.PersistentIdentityService$PersistentIdentityNames key O=Alice Corp, L=Madrid, C=ES, not inserting the second time
?[m?[37m[INFO] 10:34:08,097 [MockNode-18-2] network.PersistentNetworkMapCache.addNode - Previous node was identical to incoming one - doing nothing
?[m?[37m[INFO] 10:34:08,119 [Test worker] ClassloaderUtils.logElapsedTime - Contracts loading for '/var/folders/1r/w2pkkn4n22qdmrtblzd5t0200000gp/T/attachment8454977838779950019.jar' took 19 msec
?[m?[37m[INFO] 10:34:08,141 [Test worker] persistence.NodeAttachmentService.invoke - Stored new attachment: id=C2F26FA5BD1C5A3BAF4F109838BD28196CED189F51176C80FCD8858A5E55E45F uploader=app filename=null
?[m?[37m[INFO] 10:34:08,143 [Test worker] cordapp.CordappConfigFileProvider.getConfigByName - Found config for cordapp corda-finance-workflows-5.0-SNAPSHOT-WILLH in build/mock-network/20190619-093406.715/nodes/1/cordapps/config/corda-finance-workflows-5.0-SNAPSHOT-WILLH.conf
?[m?[37m[INFO] 10:34:08,143 [Test worker] internal.InternalMockNetwork$MockNode.installCordaService - Installed net.corda.finance.internal.ConfigHolder Corda service
?[m?[37m[INFO] 10:34:08,146 [Test worker] statemachine.SingleThreadedStateMachineManager.invoke - Node ready, info: NodeInfo(addresses=[mock.node:1000], legalIdentitiesAndCerts=[O=Alice Corp, L=Madrid, C=ES], platformVersion=5, serial=1560936848084)
?[m?[37m[INFO] 10:34:08,148 [Test worker] network.PersistentNetworkMapCache.addNode - Adding node with info: NodeInfo(addresses=[mock.node:1000], legalIdentitiesAndCerts=[O=Notary Service, L=Zurich, C=CH], platformVersion=5, serial=1560936847415)
?[m?[37m[INFO] 10:34:08,149 [Test worker] network.PersistentNetworkMapCache.addNode - No previous node found
?[m?[37m[INFO] 10:34:08,153 [Test worker] network.PersistentNetworkMapCache.addNode - Adding node with info: NodeInfo(addresses=[mock.node:1000], legalIdentitiesAndCerts=[O=Alice Corp, L=Madrid, C=ES], platformVersion=5, serial=1560936848084)
?[m?[37m[INFO] 10:34:08,153 [Test worker] network.PersistentNetworkMapCache.addNode - No previous node found
?[m?[37m[INFO] 10:34:08,158 [Test worker] network.PersistentNetworkMapCache.addNode - Adding node with info: NodeInfo(addresses=[mock.node:1000], legalIdentitiesAndCerts=[O=Alice Corp, L=Madrid, C=ES], platformVersion=5, serial=1560936848084)
?[m?[37m[INFO] 10:34:08,158 [Test worker] network.PersistentNetworkMapCache.addNode - Previous node was identical to incoming one - doing nothing
?[m?[37m[INFO] 10:34:08,158 [Test worker] network.PersistentNetworkMapCache.addNode - Adding node with info: NodeInfo(addresses=[mock.node:1000], legalIdentitiesAndCerts=[O=Alice Corp, L=Madrid, C=ES], platformVersion=5, serial=1560936848084)
?[m?[37m[INFO] 10:34:08,158 [Test worker] network.PersistentNetworkMapCache.addNode - Previous node was identical to incoming one - doing nothing
?[m?[37m[INFO] 10:34:08,162 [Test worker] cordapp.JarScanningCordappLoader.fromDirectories - Looking for CorDapps in [build/mock-network/20190619-093406.715/nodes/2/cordapps]
?[m?[37m[INFO] 10:34:08,163 [Test worker] cordapp.JarScanningCordappLoader.<init> - Loading CorDapps from RestrictedURL(url=file:/Users/williamhester/Desktop/Applications/confidential-identities/workflows/build/mock-network/20190619-093406.715/nodes/2/cordapps/corda-finance-contracts-5.0-SNAPSHOT-WILLH.jar, rootPackageName=null), RestrictedURL(url=file:/Users/williamhester/Desktop/Applications/confidential-identities/workflows/build/mock-network/20190619-093406.715/nodes/2/cordapps/corda-finance-workflows-5.0-SNAPSHOT-WILLH.jar, rootPackageName=null)
?[m?[37m[INFO] 10:34:08,163 [Test worker] cordapp.JarScanningCordappLoader.scanCordapp - Scanning CorDapp in file:/Users/williamhester/Desktop/Applications/confidential-identities/workflows/build/mock-network/20190619-093406.715/nodes/2/cordapps/corda-finance-contracts-5.0-SNAPSHOT-WILLH.jar
?[m?[37m[INFO] 10:34:08,187 [Test worker] cordapp.JarScanningCordappLoader.scanCordapp - Scanning CorDapp in file:/Users/williamhester/Desktop/Applications/confidential-identities/workflows/build/mock-network/20190619-093406.715/nodes/2/cordapps/corda-finance-workflows-5.0-SNAPSHOT-WILLH.jar
?[m?[37m[INFO] 10:34:08,215 [Test worker] internal.InternalMockNetwork$MockNode.start - Node starting up ...
?[m?[37m[INFO] 10:34:08,227 [Test worker] internal.NodeFlowManager.registerInitiatedFlow - Registered net.corda.finance.flows.CashExitFlow to initiate net.corda.finance.flows.CashExitResponderFlow (version 1)
?[m?[37m[INFO] 10:34:08,227 [Test worker] internal.NodeFlowManager.registerInitiatedFlow - Registered net.corda.finance.flows.CashPaymentFlow to initiate net.corda.finance.flows.CashPaymentReceiverFlow (version 1)
?[m?[37m[INFO] 10:34:08,229 [Test worker] internal.InternalMockNetwork$MockNode.start - Loaded network parameters: NetworkParameters {
      minimumPlatformVersion=1
      notaries=[NotaryInfo(identity=O=Notary Service, L=Zurich, C=CH, validating=true)]
      maxMessageSize=10485760
      maxTransactionSize=524288000
      whitelistedContractImplementations {
        
      }
      eventHorizon=PT720H
      packageOwnership {
        
      }
      modifiedTime=2019-06-19T09:34:06.716Z
      epoch=1
  }
?[m?[37m[INFO] 10:34:08,229 [Test worker] hikari.HikariDataSource.<init> - HikariPool-19 - Started.
?[m?[37m[INFO] 10:34:08,389 [Test worker] liquibase.info - Creating database history table with name: PUBLIC.DATABASECHANGELOG
?[m?[37m[INFO] 10:34:08,391 [Test worker] liquibase.info - Reading from PUBLIC.DATABASECHANGELOG
?[m?[37m[INFO] 10:34:08,396 [Test worker] liquibase.info - master.changelog.json: migration/vault-schema.changelog-pkey.xml::non-clustered_pk-11::R3.Corda: Skipping changeSet migration/vault-schema.changelog-pkey.xml::non-clustered_pk-11::R3.Corda due to validation error(s): clustered is not allowed on h2
?[m?[37m[INFO] 10:34:08,396 [Test worker] liquibase.info - master.changelog.json: migration/vault-schema.changelog-pkey.xml::non-clustered_pk-12::R3.Corda: Skipping changeSet migration/vault-schema.changelog-pkey.xml::non-clustered_pk-12::R3.Corda due to validation error(s): clustered is not allowed on h2
?[m?[37m[INFO] 10:34:08,396 [Test worker] liquibase.info - master.changelog.json: migration/vault-schema.changelog-pkey.xml::non-clustered_pk-13::R3.Corda: Skipping changeSet migration/vault-schema.changelog-pkey.xml::non-clustered_pk-13::R3.Corda due to validation error(s): clustered is not allowed on h2
?[m?[37m[INFO] 10:34:08,403 [Test worker] liquibase.info - master.changelog.json: migration/node-core.changelog-pkey.xml::non-clustered_pk-1::R3.Corda: Skipping changeSet migration/node-core.changelog-pkey.xml::non-clustered_pk-1::R3.Corda due to validation error(s): clustered is not allowed on h2
?[m?[37m[INFO] 10:34:08,403 [Test worker] liquibase.info - master.changelog.json: migration/node-core.changelog-pkey.xml::non-clustered_pk-2::R3.Corda: Skipping changeSet migration/node-core.changelog-pkey.xml::non-clustered_pk-2::R3.Corda due to validation error(s): clustered is not allowed on h2
?[m?[37m[INFO] 10:34:08,403 [Test worker] liquibase.info - master.changelog.json: migration/node-core.changelog-pkey.xml::non-clustered_pk-3::R3.Corda: Skipping changeSet migration/node-core.changelog-pkey.xml::non-clustered_pk-3::R3.Corda due to validation error(s): clustered is not allowed on h2
?[m?[37m[INFO] 10:34:08,403 [Test worker] liquibase.info - master.changelog.json: migration/node-core.changelog-pkey.xml::non-clustered_pk-4::R3.Corda: Skipping changeSet migration/node-core.changelog-pkey.xml::non-clustered_pk-4::R3.Corda due to validation error(s): clustered is not allowed on h2
?[m?[37m[INFO] 10:34:08,404 [Test worker] liquibase.info - master.changelog.json: migration/node-core.changelog-pkey.xml::non-clustered_pk-5::R3.Corda: Skipping changeSet migration/node-core.changelog-pkey.xml::non-clustered_pk-5::R3.Corda due to validation error(s): clustered is not allowed on h2
?[m?[37m[INFO] 10:34:08,404 [Test worker] liquibase.info - master.changelog.json: migration/node-core.changelog-pkey.xml::non-clustered_pk-6::R3.Corda: Skipping changeSet migration/node-core.changelog-pkey.xml::non-clustered_pk-6::R3.Corda due to validation error(s): clustered is not allowed on h2
?[m?[37m[INFO] 10:34:08,404 [Test worker] liquibase.info - master.changelog.json: migration/node-core.changelog-pkey.xml::non-clustered_pk-7::R3.Corda: Skipping changeSet migration/node-core.changelog-pkey.xml::non-clustered_pk-7::R3.Corda due to validation error(s): clustered is not allowed on h2
?[m?[37m[INFO] 10:34:08,406 [Test worker] liquibase.info - master.changelog.json: migration/cash.changelog-init.xml::non-clustered_pk-cash::R3.Corda: Skipping changeSet migration/cash.changelog-init.xml::non-clustered_pk-cash::R3.Corda due to validation error(s): clustered is not allowed on h2
?[m?[37m[INFO] 10:34:08,407 [Test worker] liquibase.info - master.changelog.json: migration/commercial-paper.changelog-init.xml::non-clustered_pk-commercial-paper::R3.Corda: Skipping changeSet migration/commercial-paper.changelog-init.xml::non-clustered_pk-commercial-paper::R3.Corda due to validation error(s): clustered is not allowed on h2
?[m?[37m[INFO] 10:34:08,409 [Test worker] liquibase.info - Successfully acquired change log lock
?[m?[37m[INFO] 10:34:08,410 [Test worker] liquibase.info - master.changelog.json: migration/vault-schema.changelog-pkey.xml::non-clustered_pk-11::R3.Corda: Skipping changeSet migration/vault-schema.changelog-pkey.xml::non-clustered_pk-11::R3.Corda due to validation error(s): clustered is not allowed on h2
?[m?[37m[INFO] 10:34:08,411 [Test worker] liquibase.info - master.changelog.json: migration/vault-schema.changelog-pkey.xml::non-clustered_pk-12::R3.Corda: Skipping changeSet migration/vault-schema.changelog-pkey.xml::non-clustered_pk-12::R3.Corda due to validation error(s): clustered is not allowed on h2
?[m?[37m[INFO] 10:34:08,411 [Test worker] liquibase.info - master.changelog.json: migration/vault-schema.changelog-pkey.xml::non-clustered_pk-13::R3.Corda: Skipping changeSet migration/vault-schema.changelog-pkey.xml::non-clustered_pk-13::R3.Corda due to validation error(s): clustered is not allowed on h2
?[m?[37m[INFO] 10:34:08,413 [Test worker] liquibase.info - master.changelog.json: migration/node-core.changelog-pkey.xml::non-clustered_pk-1::R3.Corda: Skipping changeSet migration/node-core.changelog-pkey.xml::non-clustered_pk-1::R3.Corda due to validation error(s): clustered is not allowed on h2
?[m?[37m[INFO] 10:34:08,413 [Test worker] liquibase.info - master.changelog.json: migration/node-core.changelog-pkey.xml::non-clustered_pk-2::R3.Corda: Skipping changeSet migration/node-core.changelog-pkey.xml::non-clustered_pk-2::R3.Corda due to validation error(s): clustered is not allowed on h2
?[m?[37m[INFO] 10:34:08,414 [Test worker] liquibase.info - master.changelog.json: migration/node-core.changelog-pkey.xml::non-clustered_pk-3::R3.Corda: Skipping changeSet migration/node-core.changelog-pkey.xml::non-clustered_pk-3::R3.Corda due to validation error(s): clustered is not allowed on h2
?[m?[37m[INFO] 10:34:08,414 [Test worker] liquibase.info - master.changelog.json: migration/node-core.changelog-pkey.xml::non-clustered_pk-4::R3.Corda: Skipping changeSet migration/node-core.changelog-pkey.xml::non-clustered_pk-4::R3.Corda due to validation error(s): clustered is not allowed on h2
?[m?[37m[INFO] 10:34:08,414 [Test worker] liquibase.info - master.changelog.json: migration/node-core.changelog-pkey.xml::non-clustered_pk-5::R3.Corda: Skipping changeSet migration/node-core.changelog-pkey.xml::non-clustered_pk-5::R3.Corda due to validation error(s): clustered is not allowed on h2
?[m?[37m[INFO] 10:34:08,414 [Test worker] liquibase.info - master.changelog.json: migration/node-core.changelog-pkey.xml::non-clustered_pk-6::R3.Corda: Skipping changeSet migration/node-core.changelog-pkey.xml::non-clustered_pk-6::R3.Corda due to validation error(s): clustered is not allowed on h2
?[m?[37m[INFO] 10:34:08,414 [Test worker] liquibase.info - master.changelog.json: migration/node-core.changelog-pkey.xml::non-clustered_pk-7::R3.Corda: Skipping changeSet migration/node-core.changelog-pkey.xml::non-clustered_pk-7::R3.Corda due to validation error(s): clustered is not allowed on h2
?[m?[37m[INFO] 10:34:08,415 [Test worker] liquibase.info - master.changelog.json: migration/cash.changelog-init.xml::non-clustered_pk-cash::R3.Corda: Skipping changeSet migration/cash.changelog-init.xml::non-clustered_pk-cash::R3.Corda due to validation error(s): clustered is not allowed on h2
?[m?[37m[INFO] 10:34:08,415 [Test worker] liquibase.info - master.changelog.json: migration/commercial-paper.changelog-init.xml::non-clustered_pk-commercial-paper::R3.Corda: Skipping changeSet migration/commercial-paper.changelog-init.xml::non-clustered_pk-commercial-paper::R3.Corda due to validation error(s): clustered is not allowed on h2
?[m?[37m[INFO] 10:34:08,416 [Test worker] liquibase.info - master.changelog.json: migration/common.changelog-init.xml::1511451595465-1.1::R3.Corda: Sequence hibernate_sequence created
?[m?[37m[INFO] 10:34:08,417 [Test worker] liquibase.info - master.changelog.json: migration/common.changelog-init.xml::1511451595465-1.1::R3.Corda: ChangeSet migration/common.changelog-init.xml::1511451595465-1.1::R3.Corda ran successfully in 0ms
?[m?[37m[INFO] 10:34:08,418 [Test worker] liquibase.info - master.changelog.json: migration/vault-schema.changelog-init.xml::1511451595465-22::R3.Corda: Table vault_fungible_states created
?[m?[37m[INFO] 10:34:08,418 [Test worker] liquibase.info - master.changelog.json: migration/vault-schema.changelog-init.xml::1511451595465-22::R3.Corda: ChangeSet migration/vault-schema.changelog-init.xml::1511451595465-22::R3.Corda ran successfully in 1ms
?[m?[37m[INFO] 10:34:08,418 [Test worker] liquibase.info - master.changelog.json: migration/vault-schema.changelog-init.xml::1511451595465-23::R3.Corda: Table vault_fungible_states_parts created
?[m?[37m[INFO] 10:34:08,419 [Test worker] liquibase.info - master.changelog.json: migration/vault-schema.changelog-init.xml::1511451595465-23::R3.Corda: ChangeSet migration/vault-schema.changelog-init.xml::1511451595465-23::R3.Corda ran successfully in 0ms
?[m?[37m[INFO] 10:34:08,419 [Test worker] liquibase.info - master.changelog.json: migration/vault-schema.changelog-init.xml::1511451595465-24::R3.Corda: Table vault_linear_states created
?[m?[37m[INFO] 10:34:08,419 [Test worker] liquibase.info - master.changelog.json: migration/vault-schema.changelog-init.xml::1511451595465-24::R3.Corda: ChangeSet migration/vault-schema.changelog-init.xml::1511451595465-24::R3.Corda ran successfully in 0ms
?[m?[37m[INFO] 10:34:08,420 [Test worker] liquibase.info - master.changelog.json: migration/vault-schema.changelog-init.xml::1511451595465-25::R3.Corda: Table vault_linear_states_parts created
?[m?[37m[INFO] 10:34:08,420 [Test worker] liquibase.info - master.changelog.json: migration/vault-schema.changelog-init.xml::1511451595465-25::R3.Corda: ChangeSet migration/vault-schema.changelog-init.xml::1511451595465-25::R3.Corda ran successfully in 0ms
?[m?[37m[INFO] 10:34:08,421 [Test worker] liquibase.info - master.changelog.json: migration/vault-schema.changelog-init.xml::1511451595465-26::R3.Corda: Table vault_states created
?[m?[37m[INFO] 10:34:08,421 [Test worker] liquibase.info - master.changelog.json: migration/vault-schema.changelog-init.xml::1511451595465-26::R3.Corda: ChangeSet migration/vault-schema.changelog-init.xml::1511451595465-26::R3.Corda ran successfully in 0ms
?[m?[37m[INFO] 10:34:08,422 [Test worker] liquibase.info - master.changelog.json: migration/vault-schema.changelog-init.xml::1511451595465-27::R3.Corda: Table vault_transaction_notes created
?[m?[37m[INFO] 10:34:08,422 [Test worker] liquibase.info - master.changelog.json: migration/vault-schema.changelog-init.xml::1511451595465-27::R3.Corda: ChangeSet migration/vault-schema.changelog-init.xml::1511451595465-27::R3.Corda ran successfully in 1ms
?[m?[37m[INFO] 10:34:08,422 [Test worker] liquibase.info - master.changelog.json: migration/vault-schema.changelog-init.xml::1511451595465-47::R3.Corda: Primary key added to vault_fungible_states (output_index, transaction_id)
?[m?[37m[INFO] 10:34:08,423 [Test worker] liquibase.info - master.changelog.json: migration/vault-schema.changelog-init.xml::1511451595465-47::R3.Corda: ChangeSet migration/vault-schema.changelog-init.xml::1511451595465-47::R3.Corda ran successfully in 0ms
?[m?[37m[INFO] 10:34:08,423 [Test worker] liquibase.info - master.changelog.json: migration/vault-schema.changelog-init.xml::1511451595465-48::R3.Corda: Primary key added to vault_linear_states (output_index, transaction_id)
?[m?[37m[INFO] 10:34:08,423 [Test worker] liquibase.info - master.changelog.json: migration/vault-schema.changelog-init.xml::1511451595465-48::R3.Corda: ChangeSet migration/vault-schema.changelog-init.xml::1511451595465-48::R3.Corda ran successfully in 0ms
?[m?[37m[INFO] 10:34:08,424 [Test worker] liquibase.info - master.changelog.json: migration/vault-schema.changelog-init.xml::1511451595465-49::R3.Corda: Primary key added to vault_states (output_index, transaction_id)
?[m?[37m[INFO] 10:34:08,424 [Test worker] liquibase.info - master.changelog.json: migration/vault-schema.changelog-init.xml::1511451595465-49::R3.Corda: ChangeSet migration/vault-schema.changelog-init.xml::1511451595465-49::R3.Corda ran successfully in 0ms
?[m?[37m[INFO] 10:34:08,425 [Test worker] liquibase.info - master.changelog.json: migration/vault-schema.changelog-init.xml::1511451595465-50::R3.Corda: Primary key added to vault_transaction_notes (seq_no)
?[m?[37m[INFO] 10:34:08,425 [Test worker] liquibase.info - master.changelog.json: migration/vault-schema.changelog-init.xml::1511451595465-50::R3.Corda: ChangeSet migration/vault-schema.changelog-init.xml::1511451595465-50::R3.Corda ran successfully in 0ms
?[m?[37m[INFO] 10:34:08,426 [Test worker] liquibase.info - master.changelog.json: migration/vault-schema.changelog-init.xml::1511451595465-53::R3.Corda: Index external_id_index created
?[m?[37m[INFO] 10:34:08,426 [Test worker] liquibase.info - master.changelog.json: migration/vault-schema.changelog-init.xml::1511451595465-53::R3.Corda: ChangeSet migration/vault-schema.changelog-init.xml::1511451595465-53::R3.Corda ran successfully in 1ms
?[m?[37m[INFO] 10:34:08,426 [Test worker] liquibase.info - master.changelog.json: migration/vault-schema.changelog-init.xml::1511451595465-55::R3.Corda: Index lock_id_idx created
?[m?[37m[INFO] 10:34:08,427 [Test worker] liquibase.info - master.changelog.json: migration/vault-schema.changelog-init.xml::1511451595465-55::R3.Corda: ChangeSet migration/vault-schema.changelog-init.xml::1511451595465-55::R3.Corda ran successfully in 0ms
?[m?[37m[INFO] 10:34:08,427 [Test worker] liquibase.info - master.changelog.json: migration/vault-schema.changelog-init.xml::1511451595465-58::R3.Corda: Index state_status_idx created
?[m?[37m[INFO] 10:34:08,427 [Test worker] liquibase.info - master.changelog.json: migration/vault-schema.changelog-init.xml::1511451595465-58::R3.Corda: ChangeSet migration/vault-schema.changelog-init.xml::1511451595465-58::R3.Corda ran successfully in 0ms
?[m?[37m[INFO] 10:34:08,428 [Test worker] liquibase.info - master.changelog.json: migration/vault-schema.changelog-init.xml::1511451595465-59::R3.Corda: Index transaction_id_index created
?[m?[37m[INFO] 10:34:08,428 [Test worker] liquibase.info - master.changelog.json: migration/vault-schema.changelog-init.xml::1511451595465-59::R3.Corda: ChangeSet migration/vault-schema.changelog-init.xml::1511451595465-59::R3.Corda ran successfully in 0ms
?[m?[37m[INFO] 10:34:08,429 [Test worker] liquibase.info - master.changelog.json: migration/vault-schema.changelog-init.xml::1511451595465-60::R3.Corda: Index uuid_index created
?[m?[37m[INFO] 10:34:08,429 [Test worker] liquibase.info - master.changelog.json: migration/vault-schema.changelog-init.xml::1511451595465-60::R3.Corda: ChangeSet migration/vault-schema.changelog-init.xml::1511451595465-60::R3.Corda ran successfully in 0ms
?[m?[37m[INFO] 10:34:08,430 [Test worker] liquibase.info - master.changelog.json: migration/vault-schema.changelog-init.xml::1511451595465-64::R3.Corda: Foreign key constraint added to vault_fungible_states_parts (output_index,transaction_id)
?[m?[37m[INFO] 10:34:08,430 [Test worker] liquibase.info - master.changelog.json: migration/vault-schema.changelog-init.xml::1511451595465-64::R3.Corda: ChangeSet migration/vault-schema.changelog-init.xml::1511451595465-64::R3.Corda ran successfully in 0ms
?[m?[37m[INFO] 10:34:08,431 [Test worker] liquibase.info - master.changelog.json: migration/vault-schema.changelog-init.xml::1511451595465-65::R3.Corda: Foreign key constraint added to vault_linear_states_parts (output_index,transaction_id)
?[m?[37m[INFO] 10:34:08,432 [Test worker] liquibase.info - master.changelog.json: migration/vault-schema.changelog-init.xml::1511451595465-65::R3.Corda: ChangeSet migration/vault-schema.changelog-init.xml::1511451595465-65::R3.Corda ran successfully in 0ms
?[m?[37m[INFO] 10:34:08,432 [Test worker] liquibase.info - master.changelog.json: migration/vault-schema.changelog-v3.xml::clean_vault::R3.Corda: Data deleted from vault_fungible_states_parts
?[m?[37m[INFO] 10:34:08,433 [Test worker] liquibase.info - master.changelog.json: migration/vault-schema.changelog-v3.xml::clean_vault::R3.Corda: Data deleted from vault_fungible_states
?[m?[37m[INFO] 10:34:08,433 [Test worker] liquibase.info - master.changelog.json: migration/vault-schema.changelog-v3.xml::clean_vault::R3.Corda: Data deleted from vault_linear_states_parts
?[m?[37m[INFO] 10:34:08,433 [Test worker] liquibase.info - master.changelog.json: migration/vault-schema.changelog-v3.xml::clean_vault::R3.Corda: Data deleted from vault_linear_states
?[m?[37m[INFO] 10:34:08,433 [Test worker] liquibase.info - master.changelog.json: migration/vault-schema.changelog-v3.xml::clean_vault::R3.Corda: Data deleted from vault_states
?[m?[37m[INFO] 10:34:08,433 [Test worker] liquibase.info - master.changelog.json: migration/vault-schema.changelog-v3.xml::clean_vault::R3.Corda: Data deleted from vault_transaction_notes
?[m?[37m[INFO] 10:34:08,433 [Test worker] liquibase.info - master.changelog.json: migration/vault-schema.changelog-v3.xml::clean_vault::R3.Corda: ChangeSet migration/vault-schema.changelog-v3.xml::clean_vault::R3.Corda ran successfully in 1ms
?[m?[37m[INFO] 10:34:08,434 [Test worker] liquibase.info - master.changelog.json: migration/vault-schema.changelog-v4.xml::nullability::R3.Corda: Null constraint has been added to vault_fungible_states.quantity
?[m?[37m[INFO] 10:34:08,434 [Test worker] liquibase.info - master.changelog.json: migration/vault-schema.changelog-v4.xml::nullability::R3.Corda: Null constraint has been added to vault_states.contract_state_class_name
?[m?[37m[INFO] 10:34:08,434 [Test worker] liquibase.info - master.changelog.json: migration/vault-schema.changelog-v4.xml::nullability::R3.Corda: Null constraint has been added to vault_states.notary_name
?[m?[37m[INFO] 10:34:08,435 [Test worker] liquibase.info - master.changelog.json: migration/vault-schema.changelog-v4.xml::nullability::R3.Corda: Null constraint has been added to vault_states.recorded_timestamp
?[m?[37m[INFO] 10:34:08,435 [Test worker] liquibase.info - master.changelog.json: migration/vault-schema.changelog-v4.xml::nullability::R3.Corda: Index state_status_idx dropped from table vault_states
?[m?[37m[INFO] 10:34:08,435 [Test worker] liquibase.info - master.changelog.json: migration/vault-schema.changelog-v4.xml::nullability::R3.Corda: Index lock_id_idx dropped from table vault_states
?[m?[37m[INFO] 10:34:08,435 [Test worker] liquibase.info - master.changelog.json: migration/vault-schema.changelog-v4.xml::nullability::R3.Corda: Null constraint has been added to vault_states.state_status
?[m?[37m[INFO] 10:34:08,435 [Test worker] liquibase.info - master.changelog.json: migration/vault-schema.changelog-v4.xml::nullability::R3.Corda: Index state_status_idx created
?[m?[37m[INFO] 10:34:08,435 [Test worker] liquibase.info - master.changelog.json: migration/vault-schema.changelog-v4.xml::nullability::R3.Corda: Index lock_id_idx created
?[m?[37m[INFO] 10:34:08,436 [Test worker] liquibase.info - master.changelog.json: migration/vault-schema.changelog-v4.xml::nullability::R3.Corda: Index transaction_id_index dropped from table vault_transaction_notes
?[m?[37m[INFO] 10:34:08,436 [Test worker] liquibase.info - master.changelog.json: migration/vault-schema.changelog-v4.xml::nullability::R3.Corda: Null constraint has been added to vault_transaction_notes.note
?[m?[37m[INFO] 10:34:08,436 [Test worker] liquibase.info - master.changelog.json: migration/vault-schema.changelog-v4.xml::nullability::R3.Corda: Null constraint has been added to vault_transaction_notes.transaction_id
?[m?[37m[INFO] 10:34:08,436 [Test worker] liquibase.info - master.changelog.json: migration/vault-schema.changelog-v4.xml::nullability::R3.Corda: Index transaction_id_index created
?[m?[37m[INFO] 10:34:08,436 [Test worker] liquibase.info - master.changelog.json: migration/vault-schema.changelog-v4.xml::nullability::R3.Corda: ChangeSet migration/vault-schema.changelog-v4.xml::nullability::R3.Corda ran successfully in 2ms
?[m?[37m[INFO] 10:34:08,440 [Test worker] liquibase.info - master.changelog.json: migration/vault-schema.changelog-v5.xml::add_relevancy_status_column::R3.Corda: Columns relevancy_status(INT) added to vault_states
?[m?[37m[INFO] 10:34:08,440 [Test worker] liquibase.info - master.changelog.json: migration/vault-schema.changelog-v5.xml::add_relevancy_status_column::R3.Corda: Data updated in vault_states
?[m?[37m[INFO] 10:34:08,441 [Test worker] liquibase.info - master.changelog.json: migration/vault-schema.changelog-v5.xml::add_relevancy_status_column::R3.Corda: Null constraint has been added to vault_states.relevancy_status
?[m?[37m[INFO] 10:34:08,441 [Test worker] liquibase.info - master.changelog.json: migration/vault-schema.changelog-v5.xml::add_relevancy_status_column::R3.Corda: ChangeSet migration/vault-schema.changelog-v5.xml::add_relevancy_status_column::R3.Corda ran successfully in 2ms
?[m?[37m[INFO] 10:34:08,442 [Test worker] liquibase.info - master.changelog.json: migration/vault-schema.changelog-v6.xml::add_is_constraint_information_columns::R3.Corda: Columns constraint_type(INT) added to vault_states
?[m?[37m[INFO] 10:34:08,443 [Test worker] liquibase.info - master.changelog.json: migration/vault-schema.changelog-v6.xml::add_is_constraint_information_columns::R3.Corda: Columns constraint_data(varbinary(563)) added to vault_states
?[m?[37m[INFO] 10:34:08,443 [Test worker] liquibase.info - master.changelog.json: migration/vault-schema.changelog-v6.xml::add_is_constraint_information_columns::R3.Corda: ChangeSet migration/vault-schema.changelog-v6.xml::add_is_constraint_information_columns::R3.Corda ran successfully in 2ms
?[m?[37m[INFO] 10:34:08,444 [Test worker] liquibase.info - master.changelog.json: migration/vault-schema.changelog-v7.xml::make_issuer_ref_nullable::R3.Corda: Null constraint dropped from vault_fungible_states.issuer_ref
?[m?[37m[INFO] 10:34:08,444 [Test worker] liquibase.info - master.changelog.json: migration/vault-schema.changelog-v7.xml::make_issuer_ref_nullable::R3.Corda: ChangeSet migration/vault-schema.changelog-v7.xml::make_issuer_ref_nullable::R3.Corda ran successfully in 0ms
?[m?[37m[INFO] 10:34:08,445 [Test worker] liquibase.info - master.changelog.json: migration/vault-schema.changelog-v8.xml::create-external-id-to-state-party-view::R3.Corda: Table state_party created
?[m?[37m[INFO] 10:34:08,445 [Test worker] liquibase.info - master.changelog.json: migration/vault-schema.changelog-v8.xml::create-external-id-to-state-party-view::R3.Corda: Index state_pk_hash_idx created
?[m?[37m[INFO] 10:34:08,445 [Test worker] liquibase.info - master.changelog.json: migration/vault-schema.changelog-v8.xml::create-external-id-to-state-party-view::R3.Corda: Table pk_hash_to_ext_id_map created
?[m?[37m[INFO] 10:34:08,446 [Test worker] liquibase.info - master.changelog.json: migration/vault-schema.changelog-v8.xml::create-external-id-to-state-party-view::R3.Corda: Index pk_hash_to_xid_idx created
?[m?[37m[INFO] 10:34:08,446 [Test worker] liquibase.info - master.changelog.json: migration/vault-schema.changelog-v8.xml::create-external-id-to-state-party-view::R3.Corda: View v_pkey_hash_ex_id_map created
?[m?[37m[INFO] 10:34:08,446 [Test worker] liquibase.info - master.changelog.json: migration/vault-schema.changelog-v8.xml::create-external-id-to-state-party-view::R3.Corda: ChangeSet migration/vault-schema.changelog-v8.xml::create-external-id-to-state-party-view::R3.Corda ran successfully in 2ms
?[m?[37m[INFO] 10:34:08,448 [Test worker] liquibase.info - master.changelog.json: migration/node-info.changelog-init.xml::1511451595465-4::R3.Corda: Table node_link_nodeinfo_party created
?[m?[37m[INFO] 10:34:08,448 [Test worker] liquibase.info - master.changelog.json: migration/node-info.changelog-init.xml::1511451595465-4::R3.Corda: ChangeSet migration/node-info.changelog-init.xml::1511451595465-4::R3.Corda ran successfully in 1ms
?[m?[37m[INFO] 10:34:08,449 [Test worker] liquibase.info - master.changelog.json: migration/node-info.changelog-init.xml::1511451595465-10::R3.Corda: Table node_info_hosts created
?[m?[37m[INFO] 10:34:08,449 [Test worker] liquibase.info - master.changelog.json: migration/node-info.changelog-init.xml::1511451595465-10::R3.Corda: ChangeSet migration/node-info.changelog-init.xml::1511451595465-10::R3.Corda ran successfully in 1ms
?[m?[37m[INFO] 10:34:08,450 [Test worker] liquibase.info - master.changelog.json: migration/node-info.changelog-init.xml::1511451595465-11::R3.Corda: Table node_info_party_cert created
?[m?[37m[INFO] 10:34:08,450 [Test worker] liquibase.info - master.changelog.json: migration/node-info.changelog-init.xml::1511451595465-11::R3.Corda: ChangeSet migration/node-info.changelog-init.xml::1511451595465-11::R3.Corda ran successfully in 1ms
?[m?[37m[INFO] 10:34:08,451 [Test worker] liquibase.info - master.changelog.json: migration/node-info.changelog-init.xml::1511451595465-12::R3.Corda: Table node_infos created
?[m?[37m[INFO] 10:34:08,451 [Test worker] liquibase.info - master.changelog.json: migration/node-info.changelog-init.xml::1511451595465-12::R3.Corda: ChangeSet migration/node-info.changelog-init.xml::1511451595465-12::R3.Corda ran successfully in 0ms
?[m?[37m[INFO] 10:34:08,452 [Test worker] liquibase.info - master.changelog.json: migration/node-info.changelog-init.xml::1511451595465-35::R3.Corda: Primary key added to node_info_hosts (host, port)
?[m?[37m[INFO] 10:34:08,452 [Test worker] liquibase.info - master.changelog.json: migration/node-info.changelog-init.xml::1511451595465-35::R3.Corda: ChangeSet migration/node-info.changelog-init.xml::1511451595465-35::R3.Corda ran successfully in 0ms
?[m?[37m[INFO] 10:34:08,453 [Test worker] liquibase.info - master.changelog.json: migration/node-info.changelog-init.xml::1511451595465-36::R3.Corda: Primary key added to node_info_party_cert (party_name)
?[m?[37m[INFO] 10:34:08,453 [Test worker] liquibase.info - master.changelog.json: migration/node-info.changelog-init.xml::1511451595465-36::R3.Corda: ChangeSet migration/node-info.changelog-init.xml::1511451595465-36::R3.Corda ran successfully in 1ms
?[m?[37m[INFO] 10:34:08,454 [Test worker] liquibase.info - master.changelog.json: migration/node-info.changelog-init.xml::1511451595465-37::R3.Corda: Primary key added to node_infos (node_info_id)
?[m?[37m[INFO] 10:34:08,454 [Test worker] liquibase.info - master.changelog.json: migration/node-info.changelog-init.xml::1511451595465-37::R3.Corda: ChangeSet migration/node-info.changelog-init.xml::1511451595465-37::R3.Corda ran successfully in 1ms
?[m?[37m[INFO] 10:34:08,455 [Test worker] liquibase.info - master.changelog.json: migration/node-info.changelog-init.xml::1511451595465-62::R3.Corda: Foreign key constraint added to node_link_nodeinfo_party (node_info_id)
?[m?[37m[INFO] 10:34:08,455 [Test worker] liquibase.info - master.changelog.json: migration/node-info.changelog-init.xml::1511451595465-62::R3.Corda: ChangeSet migration/node-info.changelog-init.xml::1511451595465-62::R3.Corda ran successfully in 1ms
?[m?[37m[INFO] 10:34:08,456 [Test worker] liquibase.info - master.changelog.json: migration/node-info.changelog-init.xml::1511451595465-63::R3.Corda: Foreign key constraint added to node_info_hosts (node_info_id)
?[m?[37m[INFO] 10:34:08,456 [Test worker] liquibase.info - master.changelog.json: migration/node-info.changelog-init.xml::1511451595465-63::R3.Corda: ChangeSet migration/node-info.changelog-init.xml::1511451595465-63::R3.Corda ran successfully in 1ms
?[m?[37m[INFO] 10:34:08,457 [Test worker] liquibase.info - master.changelog.json: migration/node-info.changelog-init.xml::remove_host_port_pk::R3.Corda: Data deleted from node_infos
?[m?[37m[INFO] 10:34:08,457 [Test worker] liquibase.info - master.changelog.json: migration/node-info.changelog-init.xml::remove_host_port_pk::R3.Corda: Data deleted from node_link_nodeinfo_party
?[m?[37m[INFO] 10:34:08,457 [Test worker] liquibase.info - master.changelog.json: migration/node-info.changelog-init.xml::remove_host_port_pk::R3.Corda: Data deleted from node_info_hosts
?[m?[37m[INFO] 10:34:08,457 [Test worker] liquibase.info - master.changelog.json: migration/node-info.changelog-init.xml::remove_host_port_pk::R3.Corda: Data deleted from node_info_party_cert
?[m?[37m[INFO] 10:34:08,457 [Test worker] liquibase.info - master.changelog.json: migration/node-info.changelog-init.xml::remove_host_port_pk::R3.Corda: Primary key dropped from node_info_hosts
?[m?[37m[INFO] 10:34:08,458 [Test worker] liquibase.info - master.changelog.json: migration/node-info.changelog-init.xml::remove_host_port_pk::R3.Corda: Columns hosts_id(INT) added to node_info_hosts
?[m?[37m[INFO] 10:34:08,458 [Test worker] liquibase.info - master.changelog.json: migration/node-info.changelog-init.xml::remove_host_port_pk::R3.Corda: Primary key added to node_info_hosts (hosts_id)
?[m?[37m[INFO] 10:34:08,458 [Test worker] liquibase.info - master.changelog.json: migration/node-info.changelog-init.xml::remove_host_port_pk::R3.Corda: ChangeSet migration/node-info.changelog-init.xml::remove_host_port_pk::R3.Corda ran successfully in 1ms
?[m?[37m[INFO] 10:34:08,459 [Test worker] liquibase.info - master.changelog.json: migration/node-info.changelog-v1.xml::key/value node properties table::R3.Corda: Table node_properties created
?[m?[37m[INFO] 10:34:08,459 [Test worker] liquibase.info - master.changelog.json: migration/node-info.changelog-v1.xml::key/value node properties table::R3.Corda: ChangeSet migration/node-info.changelog-v1.xml::key/value node properties table::R3.Corda ran successfully in 0ms
?[m?[37m[INFO] 10:34:08,460 [Test worker] liquibase.info - master.changelog.json: migration/node-info.changelog-v2.xml::1525962920::R3.Corda: Null constraint has been added to node_infos.node_info_hash
?[m?[37m[INFO] 10:34:08,460 [Test worker] liquibase.info - master.changelog.json: migration/node-info.changelog-v2.xml::1525962920::R3.Corda: Null constraint has been added to node_infos.platform_version
?[m?[37m[INFO] 10:34:08,460 [Test worker] liquibase.info - master.changelog.json: migration/node-info.changelog-v2.xml::1525962920::R3.Corda: Null constraint has been added to node_infos.serial
?[m?[37m[INFO] 10:34:08,461 [Test worker] liquibase.info - master.changelog.json: migration/node-info.changelog-v2.xml::1525962920::R3.Corda: Null constraint dropped from node_info_hosts.host
?[m?[37m[INFO] 10:34:08,461 [Test worker] liquibase.info - master.changelog.json: migration/node-info.changelog-v2.xml::1525962920::R3.Corda: Null constraint dropped from node_info_hosts.port
?[m?[37m[INFO] 10:34:08,461 [Test worker] liquibase.info - master.changelog.json: migration/node-info.changelog-v2.xml::1525962920::R3.Corda: Null constraint has been added to node_info_party_cert.owning_key_hash
?[m?[37m[INFO] 10:34:08,461 [Test worker] liquibase.info - master.changelog.json: migration/node-info.changelog-v2.xml::1525962920::R3.Corda: Null constraint has been added to node_info_party_cert.party_cert_binary
?[m?[37m[INFO] 10:34:08,461 [Test worker] liquibase.info - master.changelog.json: migration/node-info.changelog-v2.xml::1525962920::R3.Corda: ChangeSet migration/node-info.changelog-v2.xml::1525962920::R3.Corda ran successfully in 1ms
?[m?[37m[INFO] 10:34:08,462 [Test worker] liquibase.info - master.changelog.json: migration/node-info.changelog-v3.xml::column_host_name::R3.Corda: Column node_info_hosts.host renamed to host_name
?[m?[37m[INFO] 10:34:08,463 [Test worker] liquibase.info - master.changelog.json: migration/node-info.changelog-v3.xml::column_host_name::R3.Corda: ChangeSet migration/node-info.changelog-v3.xml::column_host_name::R3.Corda ran successfully in 0ms
?[m?[37m[INFO] 10:34:08,464 [Test worker] liquibase.info - master.changelog.json: migration/node-services.changelog-init.xml::1511451595465-5::R3.Corda: Table node_attachments created
?[m?[37m[INFO] 10:34:08,464 [Test worker] liquibase.info - master.changelog.json: migration/node-services.changelog-init.xml::1511451595465-5::R3.Corda: ChangeSet migration/node-services.changelog-init.xml::1511451595465-5::R3.Corda ran successfully in 1ms
?[m?[37m[INFO] 10:34:08,465 [Test worker] liquibase.info - master.changelog.json: migration/node-services.changelog-init.xml::1511451595465-7::R3.Corda: Table node_checkpoints created
?[m?[37m[INFO] 10:34:08,465 [Test worker] liquibase.info - master.changelog.json: migration/node-services.changelog-init.xml::1511451595465-7::R3.Corda: ChangeSet migration/node-services.changelog-init.xml::1511451595465-7::R3.Corda ran successfully in 1ms
?[m?[37m[INFO] 10:34:08,466 [Test worker] liquibase.info - master.changelog.json: migration/node-services.changelog-init.xml::1511451595465-8::R3.Corda: Table node_contract_upgrades created
?[m?[37m[INFO] 10:34:08,466 [Test worker] liquibase.info - master.changelog.json: migration/node-services.changelog-init.xml::1511451595465-8::R3.Corda: ChangeSet migration/node-services.changelog-init.xml::1511451595465-8::R3.Corda ran successfully in 1ms
?[m?[37m[INFO] 10:34:08,466 [Test worker] liquibase.info - master.changelog.json: migration/node-services.changelog-init.xml::1511451595465-9::R3.Corda: Table node_identities created
?[m?[37m[INFO] 10:34:08,467 [Test worker] liquibase.info - master.changelog.json: migration/node-services.changelog-init.xml::1511451595465-9::R3.Corda: ChangeSet migration/node-services.changelog-init.xml::1511451595465-9::R3.Corda ran successfully in 0ms
?[m?[37m[INFO] 10:34:08,467 [Test worker] liquibase.info - master.changelog.json: migration/node-services.changelog-init.xml::1511451595465-13::R3.Corda: Table node_message_ids created
?[m?[37m[INFO] 10:34:08,468 [Test worker] liquibase.info - master.changelog.json: migration/node-services.changelog-init.xml::1511451595465-13::R3.Corda: ChangeSet migration/node-services.changelog-init.xml::1511451595465-13::R3.Corda ran successfully in 0ms
?[m?[37m[INFO] 10:34:08,468 [Test worker] liquibase.info - master.changelog.json: migration/node-services.changelog-init.xml::1511451595465-14::R3.Corda: Table node_message_retry created
?[m?[37m[INFO] 10:34:08,468 [Test worker] liquibase.info - master.changelog.json: migration/node-services.changelog-init.xml::1511451595465-14::R3.Corda: ChangeSet migration/node-services.changelog-init.xml::1511451595465-14::R3.Corda ran successfully in 0ms
?[m?[37m[INFO] 10:34:08,469 [Test worker] liquibase.info - master.changelog.json: migration/node-services.changelog-init.xml::1511451595465-15::R3.Corda: Table node_named_identities created
?[m?[37m[INFO] 10:34:08,469 [Test worker] liquibase.info - master.changelog.json: migration/node-services.changelog-init.xml::1511451595465-15::R3.Corda: ChangeSet migration/node-services.changelog-init.xml::1511451595465-15::R3.Corda ran successfully in 0ms
?[m?[37m[INFO] 10:34:08,470 [Test worker] liquibase.info - master.changelog.json: migration/node-services.changelog-init.xml::1511451595465-17::R3.Corda: Table node_our_key_pairs created
?[m?[37m[INFO] 10:34:08,470 [Test worker] liquibase.info - master.changelog.json: migration/node-services.changelog-init.xml::1511451595465-17::R3.Corda: ChangeSet migration/node-services.changelog-init.xml::1511451595465-17::R3.Corda ran successfully in 0ms
?[m?[37m[INFO] 10:34:08,471 [Test worker] liquibase.info - master.changelog.json: migration/node-services.changelog-init.xml::1511451595465-19::R3.Corda: Table node_scheduled_states created
?[m?[37m[INFO] 10:34:08,471 [Test worker] liquibase.info - master.changelog.json: migration/node-services.changelog-init.xml::1511451595465-19::R3.Corda: ChangeSet migration/node-services.changelog-init.xml::1511451595465-19::R3.Corda ran successfully in 0ms
?[m?[37m[INFO] 10:34:08,472 [Test worker] liquibase.info - master.changelog.json: migration/node-services.changelog-init.xml::1511451595465-20::R3.Corda: Table node_transaction_mappings created
?[m?[37m[INFO] 10:34:08,472 [Test worker] liquibase.info - master.changelog.json: migration/node-services.changelog-init.xml::1511451595465-20::R3.Corda: ChangeSet migration/node-services.changelog-init.xml::1511451595465-20::R3.Corda ran successfully in 1ms
?[m?[37m[INFO] 10:34:08,473 [Test worker] liquibase.info - master.changelog.json: migration/node-services.changelog-init.xml::1511451595465-21::R3.Corda: Table node_transactions created
?[m?[37m[INFO] 10:34:08,473 [Test worker] liquibase.info - master.changelog.json: migration/node-services.changelog-init.xml::1511451595465-21::R3.Corda: ChangeSet migration/node-services.changelog-init.xml::1511451595465-21::R3.Corda ran successfully in 1ms
?[m?[37m[INFO] 10:34:08,474 [Test worker] liquibase.info - master.changelog.json: migration/node-services.changelog-init.xml::1511451595465-30::R3.Corda: Primary key added to node_attachments (att_id)
?[m?[37m[INFO] 10:34:08,474 [Test worker] liquibase.info - master.changelog.json: migration/node-services.changelog-init.xml::1511451595465-30::R3.Corda: ChangeSet migration/node-services.changelog-init.xml::1511451595465-30::R3.Corda ran successfully in 0ms
?[m?[37m[INFO] 10:34:08,475 [Test worker] liquibase.info - master.changelog.json: migration/node-services.changelog-init.xml::1511451595465-32::R3.Corda: Primary key added to node_checkpoints (checkpoint_id)
?[m?[37m[INFO] 10:34:08,475 [Test worker] liquibase.info - master.changelog.json: migration/node-services.changelog-init.xml::1511451595465-32::R3.Corda: ChangeSet migration/node-services.changelog-init.xml::1511451595465-32::R3.Corda ran successfully in 0ms
?[m?[37m[INFO] 10:34:08,476 [Test worker] liquibase.info - master.changelog.json: migration/node-services.changelog-init.xml::1511451595465-33::R3.Corda: Primary key added to node_contract_upgrades (state_ref)
?[m?[37m[INFO] 10:34:08,476 [Test worker] liquibase.info - master.changelog.json: migration/node-services.changelog-init.xml::1511451595465-33::R3.Corda: ChangeSet migration/node-services.changelog-init.xml::1511451595465-33::R3.Corda ran successfully in 0ms
?[m?[37m[INFO] 10:34:08,477 [Test worker] liquibase.info - master.changelog.json: migration/node-services.changelog-init.xml::1511451595465-34::R3.Corda: Primary key added to node_identities (pk_hash)
?[m?[37m[INFO] 10:34:08,477 [Test worker] liquibase.info - master.changelog.json: migration/node-services.changelog-init.xml::1511451595465-34::R3.Corda: ChangeSet migration/node-services.changelog-init.xml::1511451595465-34::R3.Corda ran successfully in 0ms
?[m?[37m[INFO] 10:34:08,478 [Test worker] liquibase.info - master.changelog.json: migration/node-services.changelog-init.xml::1511451595465-38::R3.Corda: Primary key added to node_message_ids (message_id)
?[m?[37m[INFO] 10:34:08,478 [Test worker] liquibase.info - master.changelog.json: migration/node-services.changelog-init.xml::1511451595465-38::R3.Corda: ChangeSet migration/node-services.changelog-init.xml::1511451595465-38::R3.Corda ran successfully in 1ms
?[m?[37m[INFO] 10:34:08,479 [Test worker] liquibase.info - master.changelog.json: migration/node-services.changelog-init.xml::1511451595465-39::R3.Corda: Primary key added to node_message_retry (message_id)
?[m?[37m[INFO] 10:34:08,479 [Test worker] liquibase.info - master.changelog.json: migration/node-services.changelog-init.xml::1511451595465-39::R3.Corda: ChangeSet migration/node-services.changelog-init.xml::1511451595465-39::R3.Corda ran successfully in 1ms
?[m?[37m[INFO] 10:34:08,480 [Test worker] liquibase.info - master.changelog.json: migration/node-services.changelog-init.xml::1511451595465-40::R3.Corda: Primary key added to node_named_identities (name)
?[m?[37m[INFO] 10:34:08,480 [Test worker] liquibase.info - master.changelog.json: migration/node-services.changelog-init.xml::1511451595465-40::R3.Corda: ChangeSet migration/node-services.changelog-init.xml::1511451595465-40::R3.Corda ran successfully in 1ms
?[m?[37m[INFO] 10:34:08,481 [Test worker] liquibase.info - master.changelog.json: migration/node-services.changelog-init.xml::1511451595465-42::R3.Corda: Primary key added to node_our_key_pairs (public_key_hash)
?[m?[37m[INFO] 10:34:08,481 [Test worker] liquibase.info - master.changelog.json: migration/node-services.changelog-init.xml::1511451595465-42::R3.Corda: ChangeSet migration/node-services.changelog-init.xml::1511451595465-42::R3.Corda ran successfully in 1ms
?[m?[37m[INFO] 10:34:08,481 [Test worker] liquibase.info - master.changelog.json: migration/node-services.changelog-init.xml::1511451595465-44::R3.Corda: Primary key added to node_scheduled_states (output_index, transaction_id)
?[m?[37m[INFO] 10:34:08,482 [Test worker] liquibase.info - master.changelog.json: migration/node-services.changelog-init.xml::1511451595465-44::R3.Corda: ChangeSet migration/node-services.changelog-init.xml::1511451595465-44::R3.Corda ran successfully in 0ms
?[m?[37m[INFO] 10:34:08,482 [Test worker] liquibase.info - master.changelog.json: migration/node-services.changelog-init.xml::1511451595465-45::R3.Corda: Primary key added to node_transaction_mappings (tx_id)
?[m?[37m[INFO] 10:34:08,483 [Test worker] liquibase.info - master.changelog.json: migration/node-services.changelog-init.xml::1511451595465-45::R3.Corda: ChangeSet migration/node-services.changelog-init.xml::1511451595465-45::R3.Corda ran successfully in 0ms
?[m?[37m[INFO] 10:34:08,484 [Test worker] liquibase.info - master.changelog.json: migration/node-services.changelog-init.xml::1511451595465-46::R3.Corda: Primary key added to node_transactions (tx_id)
?[m?[37m[INFO] 10:34:08,484 [Test worker] liquibase.info - master.changelog.json: migration/node-services.changelog-init.xml::1511451595465-46::R3.Corda: ChangeSet migration/node-services.changelog-init.xml::1511451595465-46::R3.Corda ran successfully in 1ms
?[m?[37m[INFO] 10:34:08,485 [Test worker] liquibase.info - master.changelog.json: migration/node-services.changelog-init.xml::1511451595465-61::R3.Corda: Foreign key constraint added to node_link_nodeinfo_party (party_name)
?[m?[37m[INFO] 10:34:08,485 [Test worker] liquibase.info - master.changelog.json: migration/node-services.changelog-init.xml::1511451595465-61::R3.Corda: ChangeSet migration/node-services.changelog-init.xml::1511451595465-61::R3.Corda ran successfully in 1ms
?[m?[37m[INFO] 10:34:08,486 [Test worker] liquibase.info - master.changelog.json: migration/node-services.changelog-init.xml::add index att_id::R3.Corda: Index att_id_idx created
?[m?[37m[INFO] 10:34:08,486 [Test worker] liquibase.info - master.changelog.json: migration/node-services.changelog-init.xml::add index att_id::R3.Corda: ChangeSet migration/node-services.changelog-init.xml::add index att_id::R3.Corda ran successfully in 0ms
?[m?[37m[INFO] 10:34:08,487 [Test worker] liquibase.info - master.changelog.json: migration/node-services.changelog-init.xml::add_contract_attachment::R3.Corda: Table node_attchments_contracts created
?[m?[37m[INFO] 10:34:08,488 [Test worker] liquibase.info - master.changelog.json: migration/node-services.changelog-init.xml::add_contract_attachment::R3.Corda: Foreign key constraint added to node_attchments_contracts (att_id)
?[m?[37m[INFO] 10:34:08,488 [Test worker] liquibase.info - master.changelog.json: migration/node-services.changelog-init.xml::add_contract_attachment::R3.Corda: Data deleted from node_attachments
?[m?[37m[INFO] 10:34:08,488 [Test worker] liquibase.info - master.changelog.json: migration/node-services.changelog-init.xml::add_contract_attachment::R3.Corda: ChangeSet migration/node-services.changelog-init.xml::add_contract_attachment::R3.Corda ran successfully in 1ms
?[m?[37m[INFO] 10:34:08,490 [Test worker] liquibase.info - master.changelog.json: migration/node-services.changelog-init.xml::add_dedup_columns::R3.Corda: Columns sender(NVARCHAR(64)),sequence_number(BIGINT) added to node_message_ids
?[m?[37m[INFO] 10:34:08,490 [Test worker] liquibase.info - master.changelog.json: migration/node-services.changelog-init.xml::add_dedup_columns::R3.Corda: ChangeSet migration/node-services.changelog-init.xml::add_dedup_columns::R3.Corda ran successfully in 1ms
?[m?[37m[INFO] 10:34:08,491 [Test worker] liquibase.info - master.changelog.json: migration/node-core.changelog-v4.xml::attchments_rename::R3.Corda: Table node_attchments_contracts renamed to node_attachments_contracts
?[m?[37m[INFO] 10:34:08,491 [Test worker] liquibase.info - master.changelog.json: migration/node-core.changelog-v4.xml::attchments_rename::R3.Corda: ChangeSet migration/node-core.changelog-v4.xml::attchments_rename::R3.Corda ran successfully in 0ms
?[m?[37m[INFO] 10:34:08,492 [Test worker] liquibase.info - master.changelog.json: migration/node-core.changelog-v4.xml::nullability::R3.Corda: Null constraint has been added to node_identities.identity_value
?[m?[37m[INFO] 10:34:08,492 [Test worker] liquibase.info - master.changelog.json: migration/node-core.changelog-v4.xml::nullability::R3.Corda: Null constraint has been added to node_attachments.content
?[m?[37m[INFO] 10:34:08,492 [Test worker] liquibase.info - master.changelog.json: migration/node-core.changelog-v4.xml::nullability::R3.Corda: Null constraint has been added to node_attachments_contracts.contract_class_name
?[m?[37m[INFO] 10:34:08,492 [Test worker] liquibase.info - master.changelog.json: migration/node-core.changelog-v4.xml::nullability::R3.Corda: Null constraint has been added to node_checkpoints.checkpoint_value
?[m?[37m[INFO] 10:34:08,493 [Test worker] liquibase.info - master.changelog.json: migration/node-core.changelog-v4.xml::nullability::R3.Corda: Null constraint has been added to node_contract_upgrades.contract_class_name
?[m?[37m[INFO] 10:34:08,493 [Test worker] liquibase.info - master.changelog.json: migration/node-core.changelog-v4.xml::nullability::R3.Corda: Null constraint has been added to node_message_ids.insertion_time
?[m?[37m[INFO] 10:34:08,493 [Test worker] liquibase.info - master.changelog.json: migration/node-core.changelog-v4.xml::nullability::R3.Corda: Null constraint has been added to node_message_retry.message
?[m?[37m[INFO] 10:34:08,493 [Test worker] liquibase.info - master.changelog.json: migration/node-core.changelog-v4.xml::nullability::R3.Corda: Null constraint has been added to node_message_retry.recipients
?[m?[37m[INFO] 10:34:08,493 [Test worker] liquibase.info - master.changelog.json: migration/node-core.changelog-v4.xml::nullability::R3.Corda: Null constraint has been added to node_named_identities.pk_hash
?[m?[37m[INFO] 10:34:08,493 [Test worker] liquibase.info - master.changelog.json: migration/node-core.changelog-v4.xml::nullability::R3.Corda: Null constraint has been added to node_our_key_pairs.private_key
?[m?[37m[INFO] 10:34:08,493 [Test worker] liquibase.info - master.changelog.json: migration/node-core.changelog-v4.xml::nullability::R3.Corda: Null constraint has been added to node_our_key_pairs.public_key
?[m?[37m[INFO] 10:34:08,494 [Test worker] liquibase.info - master.changelog.json: migration/node-core.changelog-v4.xml::nullability::R3.Corda: Null constraint has been added to node_transaction_mappings.state_machine_run_id
?[m?[37m[INFO] 10:34:08,494 [Test worker] liquibase.info - master.changelog.json: migration/node-core.changelog-v4.xml::nullability::R3.Corda: Null constraint has been added to node_transactions.transaction_value
?[m?[37m[INFO] 10:34:08,494 [Test worker] liquibase.info - master.changelog.json: migration/node-core.changelog-v4.xml::nullability::R3.Corda: ChangeSet migration/node-core.changelog-v4.xml::nullability::R3.Corda ran successfully in 2ms
?[m?[37m[INFO] 10:34:08,495 [Test worker] liquibase.info - master.changelog.json: migration/node-core.changelog-v5.xml::remove_unused_node_message_retry::R3.Corda: Table node_message_retry dropped
?[m?[37m[INFO] 10:34:08,495 [Test worker] liquibase.info - master.changelog.json: migration/node-core.changelog-v5.xml::remove_unused_node_message_retry::R3.Corda: ChangeSet migration/node-core.changelog-v5.xml::remove_unused_node_message_retry::R3.Corda ran successfully in 0ms
?[m?[37m[INFO] 10:34:08,504 [Test worker] liquibase.info - master.changelog.json: migration/node-core.changelog-v8.xml::conditional_attchments_rename::R3.Corda: Marking ChangeSet: migration/node-core.changelog-v8.xml::conditional_attchments_rename::R3.Corda ran despite precondition failure due to onFail='MARK_RAN': 
          master.changelog.json : Table PUBLIC.NODE_ATTCHMENTS_CONTRACTS does not exist

?[m?[37m[INFO] 10:34:08,508 [Test worker] liquibase.info - master.changelog.json: migration/node-core.changelog-v8.xml::conditional_attchments_contracts::R3.Corda: Marking ChangeSet: migration/node-core.changelog-v8.xml::conditional_attchments_contracts::R3.Corda ran despite precondition failure due to onFail='MARK_RAN': 
          master.changelog.json : Table PUBLIC.NODE_ATTACHMENTS_CONTRACT_CLASS_NAME does not exist

?[m?[37m[INFO] 10:34:08,509 [Test worker] liquibase.info - master.changelog.json: migration/node-core.changelog-v8.xml::add_signers::R3.Corda: Table node_attachments_signers created
?[m?[37m[INFO] 10:34:08,510 [Test worker] liquibase.info - master.changelog.json: migration/node-core.changelog-v8.xml::add_signers::R3.Corda: Foreign key constraint added to node_attachments_signers (att_id)
?[m?[37m[INFO] 10:34:08,510 [Test worker] liquibase.info - master.changelog.json: migration/node-core.changelog-v8.xml::add_signers::R3.Corda: ChangeSet migration/node-core.changelog-v8.xml::add_signers::R3.Corda ran successfully in 1ms
?[m?[37m[INFO] 10:34:08,511 [Test worker] liquibase.info - master.changelog.json: migration/node-core.changelog-tx-mapping.xml::add_tx_mapping_column::R3.Corda: Columns state_machine_run_id(NVARCHAR(36)) added to node_transactions
?[m?[37m[INFO] 10:34:08,512 [Test worker] liquibase.info - master.changelog.json: migration/node-core.changelog-tx-mapping.xml::add_tx_mapping_column::R3.Corda: Custom SQL executed
?[m?[37m[INFO] 10:34:08,512 [Test worker] liquibase.info - master.changelog.json: migration/node-core.changelog-tx-mapping.xml::add_tx_mapping_column::R3.Corda: Table node_transaction_mappings dropped
?[m?[37m[INFO] 10:34:08,512 [Test worker] liquibase.info - master.changelog.json: migration/node-core.changelog-tx-mapping.xml::add_tx_mapping_column::R3.Corda: ChangeSet migration/node-core.changelog-tx-mapping.xml::add_tx_mapping_column::R3.Corda ran successfully in 1ms
?[m?[37m[INFO] 10:34:08,513 [Test worker] liquibase.info - master.changelog.json: migration/node-services.changelog-init.xml::add_network_parameters_storage::R3.Corda: Table node_network_parameters created
?[m?[37m[INFO] 10:34:08,513 [Test worker] liquibase.info - master.changelog.json: migration/node-services.changelog-init.xml::add_network_parameters_storage::R3.Corda: ChangeSet migration/node-services.changelog-init.xml::add_network_parameters_storage::R3.Corda ran successfully in 0ms
?[m?[37m[INFO] 10:34:08,514 [Test worker] liquibase.info - master.changelog.json: migration/node-services.changelog-init.xml::network_parameters_pk::R3.Corda: Primary key added to node_network_parameters (hash)
?[m?[37m[INFO] 10:34:08,514 [Test worker] liquibase.info - master.changelog.json: migration/node-services.changelog-init.xml::network_parameters_pk::R3.Corda: ChangeSet migration/node-services.changelog-init.xml::network_parameters_pk::R3.Corda ran successfully in 0ms
?[m?[37m[INFO] 10:34:08,516 [Test worker] liquibase.info - master.changelog.json: migration/node-services.changelog-init.xml::add_version_column::R3.Corda: Columns version(INT) added to node_attachments
?[m?[37m[INFO] 10:34:08,516 [Test worker] liquibase.info - master.changelog.json: migration/node-services.changelog-init.xml::add_version_column::R3.Corda: Custom SQL executed
?[m?[37m[INFO] 10:34:08,516 [Test worker] liquibase.info - master.changelog.json: migration/node-services.changelog-init.xml::add_version_column::R3.Corda: Null constraint has been added to node_attachments.version
?[m?[37m[INFO] 10:34:08,516 [Test worker] liquibase.info - master.changelog.json: migration/node-services.changelog-init.xml::add_version_column::R3.Corda: ChangeSet migration/node-services.changelog-init.xml::add_version_column::R3.Corda ran successfully in 1ms
?[m?[37m[INFO] 10:34:08,517 [Test worker] persistence.AttachmentVersionNumberMigration.execute - Start executing...
?[m?[37m[INFO] 10:34:08,518 [Test worker] persistence.AttachmentVersionNumberMigration.execute - Attachment version creation from whitelisted JARs using network parameters from build/mock-network/20190619-093406.715/nodes/2/network-parameters, whitelistedContractImplementations: {}.
?[m?[37m[INFO] 10:34:08,518 [Test worker] persistence.AttachmentVersionNumberMigration.execute - Attachment version creation from whitelisted JARs skipped, no attachments not found.
?[m?[37m[INFO] 10:34:08,518 [Test worker] liquibase.info - master.changelog.json: migration/node-services.changelog-init.xml::update-version-of-whitelisted-jars::R3.Corda: null
?[m?[37m[INFO] 10:34:08,518 [Test worker] liquibase.info - master.changelog.json: migration/node-services.changelog-init.xml::update-version-of-whitelisted-jars::R3.Corda: ChangeSet migration/node-services.changelog-init.xml::update-version-of-whitelisted-jars::R3.Corda ran successfully in 1ms
?[m?[37m[INFO] 10:34:08,519 [Test worker] liquibase.info - master.changelog.json: migration/node-services.changelog-init.xml::add-new-persitence-table::R3.Corda: Table identities_no_cert created
?[m?[37m[INFO] 10:34:08,520 [Test worker] liquibase.info - master.changelog.json: migration/node-services.changelog-init.xml::add-new-persitence-table::R3.Corda: ChangeSet migration/node-services.changelog-init.xml::add-new-persitence-table::R3.Corda ran successfully in 0ms
?[m?[37m[INFO] 10:34:08,520 [Test worker] migration.PersistentIdentitiesMigration.execute - Migrating persistent identities with certificates table into persistent table with no certificate data.
?[m?[37m[INFO] 10:34:08,521 [Test worker] persistence.HibernateConfiguration.<init> - Init HibernateConfiguration for schemas: [PersistentIdentitiesMigrationSchemaV1(name=net.corda.node.migration.PersistentIdentitiesMigrationSchema, version=1)]
?[m?[37m[INFO] 10:34:08,522 [Test worker] persistence.HibernateConfiguration.makeSessionFactoryForSchemas - Creating session factory for schemas: [PersistentIdentitiesMigrationSchemaV1(name=net.corda.node.migration.PersistentIdentitiesMigrationSchema, version=1)]
?[m?[37m[INFO] 10:34:08,525 [Test worker] internal.ConnectionProviderInitiator.initiateService - HHH000130: Instantiating explicit connection provider: net.corda.nodeapi.internal.persistence.HibernateConfiguration$NodeDatabaseConnectionProvider
?[m?[37m[INFO] 10:34:08,526 [Test worker] dialect.Dialect.<init> - HHH000400: Using dialect: org.hibernate.dialect.H2Dialect
?[m?[37m[INFO] 10:34:08,528 [Test worker] type.BasicTypeRegistry.register - HHH000270: Type registration [materialized_blob] overrides previous : org.hibernate.type.MaterializedBlobType@7a31aa45
?[m?[37m[INFO] 10:34:08,538 [Test worker] connections.access.getIsolatedConnection - HHH10001501: Connection obtained from JdbcConnectionAccess [org.hibernate.engine.jdbc.env.internal.JdbcEnvironmentInitiator$ConnectionProviderJdbcConnectionAccess@79e2d271] for (non-JTA) DDL execution was not in auto-commit mode; the Connection 'local transaction' will be committed and the Connection will be set into auto-commit mode.
?[m?[37m[INFO] 10:34:08,558 [Test worker] persistence.HibernateConfiguration.makeSessionFactoryForSchemas - Created session factory for schemas: [PersistentIdentitiesMigrationSchemaV1(name=net.corda.node.migration.PersistentIdentitiesMigrationSchema, version=1)]
?[m?[37m[INFO] 10:34:08,558 [Test worker] internal.QueryTranslatorFactoryInitiator.initiateService - HHH000397: Using ASTQueryTranslatorFactory
?[m?[37m[INFO] 10:34:08,566 [Test worker] liquibase.info - master.changelog.json: migration/node-services.changelog-init.xml::transfer-to-new-persistence-table::R3.Corda: null
?[m?[37m[INFO] 10:34:08,566 [Test worker] liquibase.info - master.changelog.json: migration/node-services.changelog-init.xml::transfer-to-new-persistence-table::R3.Corda: ChangeSet migration/node-services.changelog-init.xml::transfer-to-new-persistence-table::R3.Corda ran successfully in 46ms
?[m?[37m[INFO] 10:34:08,567 [Test worker] migration.VaultStateMigration.execute - Migrating vault state data to V4 tables
?[m?[37m[INFO] 10:34:08,568 [Test worker] persistence.HibernateConfiguration.<init> - Init HibernateConfiguration for schemas: [VaultMigrationSchemaV1(name=net.corda.node.migration.VaultMigrationSchema, version=1), VaultSchemaV1(name=net.corda.node.services.vault.VaultSchema, version=1)]
?[m?[37m[INFO] 10:34:08,568 [Test worker] persistence.HibernateConfiguration.makeSessionFactoryForSchemas - Creating session factory for schemas: [VaultMigrationSchemaV1(name=net.corda.node.migration.VaultMigrationSchema, version=1), VaultSchemaV1(name=net.corda.node.services.vault.VaultSchema, version=1)]
?[m?[37m[INFO] 10:34:08,572 [Test worker] internal.ConnectionProviderInitiator.initiateService - HHH000130: Instantiating explicit connection provider: net.corda.nodeapi.internal.persistence.HibernateConfiguration$NodeDatabaseConnectionProvider
?[m?[37m[INFO] 10:34:08,573 [Test worker] dialect.Dialect.<init> - HHH000400: Using dialect: org.hibernate.dialect.H2Dialect
?[m?[37m[INFO] 10:34:08,574 [Test worker] type.BasicTypeRegistry.register - HHH000270: Type registration [materialized_blob] overrides previous : org.hibernate.type.MaterializedBlobType@7a31aa45
?[m?[37m[INFO] 10:34:08,594 [Test worker] connections.access.getIsolatedConnection - HHH10001501: Connection obtained from JdbcConnectionAccess [org.hibernate.engine.jdbc.env.internal.JdbcEnvironmentInitiator$ConnectionProviderJdbcConnectionAccess@2f372d57] for (non-JTA) DDL execution was not in auto-commit mode; the Connection 'local transaction' will be committed and the Connection will be set into auto-commit mode.
?[m?[37m[INFO] 10:34:08,613 [Test worker] persistence.HibernateConfiguration.makeSessionFactoryForSchemas - Created session factory for schemas: [VaultMigrationSchemaV1(name=net.corda.node.migration.VaultMigrationSchema, version=1), VaultSchemaV1(name=net.corda.node.services.vault.VaultSchema, version=1)]
?[m?[37m[INFO] 10:34:08,614 [Test worker] internal.QueryTranslatorFactoryInitiator.initiateService - HHH000397: Using ASTQueryTranslatorFactory
?[m?[37m[INFO] 10:34:08,618 [Test worker] migration.VaultStateMigration.execute - Finished performing vault state data migration for 0 states
?[m?[37m[INFO] 10:34:08,618 [Test worker] liquibase.info - master.changelog.json: migration/vault-schema.changelog-v9.xml::update-vault-states::R3.Corda: null
?[m?[37m[INFO] 10:34:08,618 [Test worker] liquibase.info - master.changelog.json: migration/vault-schema.changelog-v9.xml::update-vault-states::R3.Corda: ChangeSet migration/vault-schema.changelog-v9.xml::update-vault-states::R3.Corda ran successfully in 52ms
?[m?[37m[INFO] 10:34:08,620 [Test worker] liquibase.info - master.changelog.json: migration/cash.changelog-init.xml::1511451595465-2::R3.Corda: Table contract_cash_states created
?[m?[37m[INFO] 10:34:08,620 [Test worker] liquibase.info - master.changelog.json: migration/cash.changelog-init.xml::1511451595465-2::R3.Corda: ChangeSet migration/cash.changelog-init.xml::1511451595465-2::R3.Corda ran successfully in 1ms
?[m?[37m[INFO] 10:34:08,621 [Test worker] liquibase.info - master.changelog.json: migration/cash.changelog-init.xml::1511451595465-28::R3.Corda: Primary key added to contract_cash_states (output_index, transaction_id)
?[m?[37m[INFO] 10:34:08,621 [Test worker] liquibase.info - master.changelog.json: migration/cash.changelog-init.xml::1511451595465-28::R3.Corda: ChangeSet migration/cash.changelog-init.xml::1511451595465-28::R3.Corda ran successfully in 1ms
?[m?[37m[INFO] 10:34:08,622 [Test worker] liquibase.info - master.changelog.json: migration/cash.changelog-init.xml::1511451595465-51::R3.Corda: Index ccy_code_idx created
?[m?[37m[INFO] 10:34:08,622 [Test worker] liquibase.info - master.changelog.json: migration/cash.changelog-init.xml::1511451595465-51::R3.Corda: ChangeSet migration/cash.changelog-init.xml::1511451595465-51::R3.Corda ran successfully in 1ms
?[m?[37m[INFO] 10:34:08,623 [Test worker] liquibase.info - master.changelog.json: migration/cash.changelog-init.xml::1511451595465-57::R3.Corda: Index pennies_idx created
?[m?[37m[INFO] 10:34:08,623 [Test worker] liquibase.info - master.changelog.json: migration/cash.changelog-init.xml::1511451595465-57::R3.Corda: ChangeSet migration/cash.changelog-init.xml::1511451595465-57::R3.Corda ran successfully in 1ms
?[m?[37m[INFO] 10:34:08,624 [Test worker] liquibase.info - master.changelog.json: migration/node-services.changelog-init.xml::1525793504::R3.Corda: Index ccy_code_idx dropped from table contract_cash_states
?[m?[37m[INFO] 10:34:08,625 [Test worker] liquibase.info - master.changelog.json: migration/node-services.changelog-init.xml::1525793504::R3.Corda: Null constraint has been added to contract_cash_states.ccy_code
?[m?[37m[INFO] 10:34:08,625 [Test worker] liquibase.info - master.changelog.json: migration/node-services.changelog-init.xml::1525793504::R3.Corda: Index ccy_code_idx created
?[m?[37m[INFO] 10:34:08,625 [Test worker] liquibase.info - master.changelog.json: migration/node-services.changelog-init.xml::1525793504::R3.Corda: Null constraint has been added to contract_cash_states.issuer_key_hash
?[m?[37m[INFO] 10:34:08,625 [Test worker] liquibase.info - master.changelog.json: migration/node-services.changelog-init.xml::1525793504::R3.Corda: Null constraint has been added to contract_cash_states.issuer_ref
?[m?[37m[INFO] 10:34:08,625 [Test worker] liquibase.info - master.changelog.json: migration/node-services.changelog-init.xml::1525793504::R3.Corda: Index pennies_idx dropped from table contract_cash_states
?[m?[37m[INFO] 10:34:08,626 [Test worker] liquibase.info - master.changelog.json: migration/node-services.changelog-init.xml::1525793504::R3.Corda: Null constraint has been added to contract_cash_states.pennies
?[m?[37m[INFO] 10:34:08,626 [Test worker] liquibase.info - master.changelog.json: migration/node-services.changelog-init.xml::1525793504::R3.Corda: Index pennies_idx created
?[m?[37m[INFO] 10:34:08,626 [Test worker] liquibase.info - master.changelog.json: migration/node-services.changelog-init.xml::1525793504::R3.Corda: ChangeSet migration/node-services.changelog-init.xml::1525793504::R3.Corda ran successfully in 2ms
?[m?[37m[INFO] 10:34:08,627 [Test worker] liquibase.info - master.changelog.json: migration/commercial-paper.changelog-init.xml::1511451595465-3::R3.Corda: Table cp_states created
?[m?[37m[INFO] 10:34:08,627 [Test worker] liquibase.info - master.changelog.json: migration/commercial-paper.changelog-init.xml::1511451595465-3::R3.Corda: ChangeSet migration/commercial-paper.changelog-init.xml::1511451595465-3::R3.Corda ran successfully in 0ms
?[m?[37m[INFO] 10:34:08,628 [Test worker] liquibase.info - master.changelog.json: migration/commercial-paper.changelog-init.xml::1511451595465-29::R3.Corda: Primary key added to cp_states (output_index, transaction_id)
?[m?[37m[INFO] 10:34:08,628 [Test worker] liquibase.info - master.changelog.json: migration/commercial-paper.changelog-init.xml::1511451595465-29::R3.Corda: ChangeSet migration/commercial-paper.changelog-init.xml::1511451595465-29::R3.Corda ran successfully in 0ms
?[m?[37m[INFO] 10:34:08,630 [Test worker] liquibase.info - master.changelog.json: migration/commercial-paper.changelog-init.xml::1511451595465-52::R3.Corda: Index ccy_code_index created
?[m?[37m[INFO] 10:34:08,630 [Test worker] liquibase.info - master.changelog.json: migration/commercial-paper.changelog-init.xml::1511451595465-52::R3.Corda: ChangeSet migration/commercial-paper.changelog-init.xml::1511451595465-52::R3.Corda ran successfully in 1ms
?[m?[37m[INFO] 10:34:08,631 [Test worker] liquibase.info - master.changelog.json: migration/commercial-paper.changelog-init.xml::1511451595465-54::R3.Corda: Index face_value_index created
?[m?[37m[INFO] 10:34:08,631 [Test worker] liquibase.info - master.changelog.json: migration/commercial-paper.changelog-init.xml::1511451595465-54::R3.Corda: ChangeSet migration/commercial-paper.changelog-init.xml::1511451595465-54::R3.Corda ran successfully in 0ms
?[m?[37m[INFO] 10:34:08,633 [Test worker] liquibase.info - master.changelog.json: migration/commercial-paper.changelog-init.xml::1511451595465-56::R3.Corda: Index maturity_index created
?[m?[37m[INFO] 10:34:08,633 [Test worker] liquibase.info - master.changelog.json: migration/commercial-paper.changelog-init.xml::1511451595465-56::R3.Corda: ChangeSet migration/commercial-paper.changelog-init.xml::1511451595465-56::R3.Corda ran successfully in 1ms
?[m?[37m[INFO] 10:34:08,634 [Test worker] liquibase.info - master.changelog.json: migration/commercial-paper.changelog-v1.xml::1525962920::R3.Corda: Index ccy_code_index dropped from table cp_states
?[m?[37m[INFO] 10:34:08,635 [Test worker] liquibase.info - master.changelog.json: migration/commercial-paper.changelog-v1.xml::1525962920::R3.Corda: Null constraint has been added to cp_states.ccy_code
?[m?[37m[INFO] 10:34:08,635 [Test worker] liquibase.info - master.changelog.json: migration/commercial-paper.changelog-v1.xml::1525962920::R3.Corda: Index ccy_code_index created
?[m?[37m[INFO] 10:34:08,635 [Test worker] liquibase.info - master.changelog.json: migration/commercial-paper.changelog-v1.xml::1525962920::R3.Corda: Index face_value_index dropped from table cp_states
?[m?[37m[INFO] 10:34:08,635 [Test worker] liquibase.info - master.changelog.json: migration/commercial-paper.changelog-v1.xml::1525962920::R3.Corda: Null constraint has been added to cp_states.face_value
?[m?[37m[INFO] 10:34:08,636 [Test worker] liquibase.info - master.changelog.json: migration/commercial-paper.changelog-v1.xml::1525962920::R3.Corda: Index face_value_index created
?[m?[37m[INFO] 10:34:08,636 [Test worker] liquibase.info - master.changelog.json: migration/commercial-paper.changelog-v1.xml::1525962920::R3.Corda: Null constraint has been added to cp_states.face_value_issuer_key_hash
?[m?[37m[INFO] 10:34:08,636 [Test worker] liquibase.info - master.changelog.json: migration/commercial-paper.changelog-v1.xml::1525962920::R3.Corda: Null constraint has been added to cp_states.face_value_issuer_ref
?[m?[37m[INFO] 10:34:08,637 [Test worker] liquibase.info - master.changelog.json: migration/commercial-paper.changelog-v1.xml::1525962920::R3.Corda: Null constraint has been added to cp_states.issuance_key_hash
?[m?[37m[INFO] 10:34:08,637 [Test worker] liquibase.info - master.changelog.json: migration/commercial-paper.changelog-v1.xml::1525962920::R3.Corda: Null constraint has been added to cp_states.issuance_ref
?[m?[37m[INFO] 10:34:08,637 [Test worker] liquibase.info - master.changelog.json: migration/commercial-paper.changelog-v1.xml::1525962920::R3.Corda: Index maturity_index dropped from table cp_states
?[m?[37m[INFO] 10:34:08,638 [Test worker] liquibase.info - master.changelog.json: migration/commercial-paper.changelog-v1.xml::1525962920::R3.Corda: Null constraint has been added to cp_states.maturity_instant
?[m?[37m[INFO] 10:34:08,638 [Test worker] liquibase.info - master.changelog.json: migration/commercial-paper.changelog-v1.xml::1525962920::R3.Corda: Index maturity_index created
?[m?[37m[INFO] 10:34:08,638 [Test worker] liquibase.info - master.changelog.json: migration/commercial-paper.changelog-v1.xml::1525962920::R3.Corda: Null constraint has been added to cp_states.owner_key_hash
?[m?[37m[INFO] 10:34:08,638 [Test worker] liquibase.info - master.changelog.json: migration/commercial-paper.changelog-v1.xml::1525962920::R3.Corda: ChangeSet migration/commercial-paper.changelog-v1.xml::1525962920::R3.Corda ran successfully in 4ms
?[m?[37m[INFO] 10:34:08,640 [Test worker] liquibase.info - Successfully released change log lock
?[m?[37m[INFO] 10:34:08,640 [Test worker] internal.InternalMockNetwork$MockNode.invoke - Connected to H2 database.
?[m?[37m[INFO] 10:34:08,641 [Test worker] persistence.HibernateConfiguration.<init> - Init HibernateConfiguration for schemas: [CommonSchemaV1(name=net.corda.core.schemas.CommonSchema, version=1), VaultSchemaV1(name=net.corda.node.services.vault.VaultSchema, version=1), NodeInfoSchemaV1(name=net.corda.node.internal.schemas.NodeInfoSchema, version=1), NodeCoreV1(name=net.corda.node.services.schema.NodeSchemaService$NodeCore, version=1), CashSchemaV1(name=net.corda.finance.schemas.CashSchema, version=1), CommercialPaperSchemaV1(name=net.corda.finance.schemas.CommercialPaperSchema, version=1)]
?[m?[37m[INFO] 10:34:08,641 [Test worker] persistence.HibernateConfiguration.makeSessionFactoryForSchemas - Creating session factory for schemas: [CommonSchemaV1(name=net.corda.core.schemas.CommonSchema, version=1), VaultSchemaV1(name=net.corda.node.services.vault.VaultSchema, version=1), NodeInfoSchemaV1(name=net.corda.node.internal.schemas.NodeInfoSchema, version=1), NodeCoreV1(name=net.corda.node.services.schema.NodeSchemaService$NodeCore, version=1), CashSchemaV1(name=net.corda.finance.schemas.CashSchema, version=1), CommercialPaperSchemaV1(name=net.corda.finance.schemas.CommercialPaperSchema, version=1)]
?[m?[37m[INFO] 10:34:08,646 [Test worker] internal.ConnectionProviderInitiator.initiateService - HHH000130: Instantiating explicit connection provider: net.corda.nodeapi.internal.persistence.HibernateConfiguration$NodeDatabaseConnectionProvider
?[m?[37m[INFO] 10:34:08,646 [Test worker] dialect.Dialect.<init> - HHH000400: Using dialect: org.hibernate.dialect.H2Dialect
?[m?[37m[INFO] 10:34:08,648 [Test worker] type.BasicTypeRegistry.register - HHH000270: Type registration [materialized_blob] overrides previous : org.hibernate.type.MaterializedBlobType@7a31aa45
?[m?[37m[INFO] 10:34:08,677 [Test worker] connections.access.getIsolatedConnection - HHH10001501: Connection obtained from JdbcConnectionAccess [org.hibernate.engine.jdbc.env.internal.JdbcEnvironmentInitiator$ConnectionProviderJdbcConnectionAccess@ac504c7] for (non-JTA) DDL execution was not in auto-commit mode; the Connection 'local transaction' will be committed and the Connection will be set into auto-commit mode.
?[m?[37m[INFO] 10:34:08,708 [Test worker] persistence.HibernateConfiguration.makeSessionFactoryForSchemas - Created session factory for schemas: [CommonSchemaV1(name=net.corda.core.schemas.CommonSchema, version=1), VaultSchemaV1(name=net.corda.node.services.vault.VaultSchema, version=1), NodeInfoSchemaV1(name=net.corda.node.internal.schemas.NodeInfoSchema, version=1), NodeCoreV1(name=net.corda.node.services.schema.NodeSchemaService$NodeCore, version=1), CashSchemaV1(name=net.corda.finance.schemas.CashSchema, version=1), CommercialPaperSchemaV1(name=net.corda.finance.schemas.CommercialPaperSchema, version=1)]
?[m?[37m[INFO] 10:34:08,708 [Test worker] internal.InternalMockNetwork$MockNode.obtainIdentity - identity-private-key not found in key store, generating fresh key!
?[m?[37m[INFO] 10:34:08,720 [Test worker] internal.QueryTranslatorFactoryInitiator.initiateService - HHH000397: Using ASTQueryTranslatorFactory
?[m?[37m[INFO] 10:34:08,722 [Test worker] internal.InternalMockNetwork$MockNode.updateNodeInfo - Node-info has changed so submitting update. Old node-info was null
?[m?[37m[INFO] 10:34:08,722 [Test worker] network.PersistentNetworkMapCache.addNode - Adding node with info: NodeInfo(addresses=[mock.node:1000], legalIdentitiesAndCerts=[O=Bob Plc, L=Rome, C=IT], platformVersion=5, serial=1560936848722)
?[m?[37m[INFO] 10:34:08,723 [Test worker] network.PersistentNetworkMapCache.addNode - No previous node found
?[m?[37m[INFO] 10:34:08,727 [Test worker] internal.InternalMockNetwork$MockNode.updateNodeInfo - New node-info: NodeInfo(addresses=[mock.node:1000], legalIdentitiesAndCerts=[O=Bob Plc, L=Rome, C=IT], platformVersion=5, serial=1560936848722)
?[m?[37m[INFO] 10:34:08,731 [Test worker] network.NetworkMapUpdater.apply - Auto-accept enabled for network parameter changes which modify only: [epoch, modifiedTime, packageOwnership, whitelistedContractImplementations]
?[m?[37m[INFO] 10:34:08,733 [MockNode-19-2] network.PersistentNetworkMapCache.addNode - Adding node with info: NodeInfo(addresses=[mock.node:1000], legalIdentitiesAndCerts=[O=Bob Plc, L=Rome, C=IT], platformVersion=5, serial=1560936848722)
?[m?[31m[WARN] 10:34:08,734 [Test worker] utilities.AppendOnlyPersistentMapBase.set - Double insert in net.corda.node.utilities.AppendOnlyPersistentMap for entity class class net.corda.node.services.identity.PersistentIdentityService$PersistentIdentityNames key O=Bob Plc, L=Rome, C=IT, not inserting the second time
?[m?[37m[INFO] 10:34:08,736 [MockNode-19-2] network.PersistentNetworkMapCache.addNode - Previous node was identical to incoming one - doing nothing
?[m?[37m[INFO] 10:34:08,756 [Test worker] ClassloaderUtils.logElapsedTime - Contracts loading for '/var/folders/1r/w2pkkn4n22qdmrtblzd5t0200000gp/T/attachment393414257851865605.jar' took 19 msec
?[m?[37m[INFO] 10:34:08,780 [Test worker] persistence.NodeAttachmentService.invoke - Stored new attachment: id=C2F26FA5BD1C5A3BAF4F109838BD28196CED189F51176C80FCD8858A5E55E45F uploader=app filename=null
?[m?[37m[INFO] 10:34:08,781 [Test worker] cordapp.CordappConfigFileProvider.getConfigByName - Found config for cordapp corda-finance-workflows-5.0-SNAPSHOT-WILLH in build/mock-network/20190619-093406.715/nodes/2/cordapps/config/corda-finance-workflows-5.0-SNAPSHOT-WILLH.conf
?[m?[37m[INFO] 10:34:08,782 [Test worker] internal.InternalMockNetwork$MockNode.installCordaService - Installed net.corda.finance.internal.ConfigHolder Corda service
?[m?[37m[INFO] 10:34:08,785 [Test worker] statemachine.SingleThreadedStateMachineManager.invoke - Node ready, info: NodeInfo(addresses=[mock.node:1000], legalIdentitiesAndCerts=[O=Bob Plc, L=Rome, C=IT], platformVersion=5, serial=1560936848722)
?[m?[37m[INFO] 10:34:08,787 [Test worker] network.PersistentNetworkMapCache.addNode - Adding node with info: NodeInfo(addresses=[mock.node:1000], legalIdentitiesAndCerts=[O=Notary Service, L=Zurich, C=CH], platformVersion=5, serial=1560936847415)
?[m?[37m[INFO] 10:34:08,788 [Test worker] network.PersistentNetworkMapCache.addNode - No previous node found
?[m?[37m[INFO] 10:34:08,793 [Test worker] network.PersistentNetworkMapCache.addNode - Adding node with info: NodeInfo(addresses=[mock.node:1000], legalIdentitiesAndCerts=[O=Bob Plc, L=Rome, C=IT], platformVersion=5, serial=1560936848722)
?[m?[37m[INFO] 10:34:08,794 [Test worker] network.PersistentNetworkMapCache.addNode - No previous node found
?[m?[37m[INFO] 10:34:08,799 [Test worker] network.PersistentNetworkMapCache.addNode - Adding node with info: NodeInfo(addresses=[mock.node:1000], legalIdentitiesAndCerts=[O=Alice Corp, L=Madrid, C=ES], platformVersion=5, serial=1560936848084)
?[m?[37m[INFO] 10:34:08,801 [Test worker] network.PersistentNetworkMapCache.addNode - No previous node found
?[m?[37m[INFO] 10:34:08,805 [Test worker] network.PersistentNetworkMapCache.addNode - Adding node with info: NodeInfo(addresses=[mock.node:1000], legalIdentitiesAndCerts=[O=Bob Plc, L=Rome, C=IT], platformVersion=5, serial=1560936848722)
?[m?[37m[INFO] 10:34:08,806 [Test worker] network.PersistentNetworkMapCache.addNode - No previous node found
?[m?[37m[INFO] 10:34:08,810 [Test worker] network.PersistentNetworkMapCache.addNode - Adding node with info: NodeInfo(addresses=[mock.node:1000], legalIdentitiesAndCerts=[O=Bob Plc, L=Rome, C=IT], platformVersion=5, serial=1560936848722)
?[m?[37m[INFO] 10:34:08,811 [Test worker] network.PersistentNetworkMapCache.addNode - Previous node was identical to incoming one - doing nothing
?[m?[37m[INFO] 10:34:08,811 [Test worker] network.PersistentNetworkMapCache.addNode - Adding node with info: NodeInfo(addresses=[mock.node:1000], legalIdentitiesAndCerts=[O=Bob Plc, L=Rome, C=IT], platformVersion=5, serial=1560936848722)
?[m?[37m[INFO] 10:34:08,811 [Test worker] network.PersistentNetworkMapCache.addNode - Previous node was identical to incoming one - doing nothing
?[m?[37m[INFO] 10:34:08,816 [Test worker] cordapp.JarScanningCordappLoader.fromDirectories - Looking for CorDapps in [build/mock-network/20190619-093406.715/nodes/3/cordapps]
?[m?[37m[INFO] 10:34:08,816 [Test worker] cordapp.JarScanningCordappLoader.<init> - Loading CorDapps from RestrictedURL(url=file:/Users/williamhester/Desktop/Applications/confidential-identities/workflows/build/mock-network/20190619-093406.715/nodes/3/cordapps/corda-finance-contracts-5.0-SNAPSHOT-WILLH.jar, rootPackageName=null), RestrictedURL(url=file:/Users/williamhester/Desktop/Applications/confidential-identities/workflows/build/mock-network/20190619-093406.715/nodes/3/cordapps/corda-finance-workflows-5.0-SNAPSHOT-WILLH.jar, rootPackageName=null)
?[m?[37m[INFO] 10:34:08,816 [Test worker] cordapp.JarScanningCordappLoader.scanCordapp - Scanning CorDapp in file:/Users/williamhester/Desktop/Applications/confidential-identities/workflows/build/mock-network/20190619-093406.715/nodes/3/cordapps/corda-finance-contracts-5.0-SNAPSHOT-WILLH.jar
?[m?[37m[INFO] 10:34:08,840 [Test worker] cordapp.JarScanningCordappLoader.scanCordapp - Scanning CorDapp in file:/Users/williamhester/Desktop/Applications/confidential-identities/workflows/build/mock-network/20190619-093406.715/nodes/3/cordapps/corda-finance-workflows-5.0-SNAPSHOT-WILLH.jar
?[m?[37m[INFO] 10:34:08,868 [Test worker] internal.InternalMockNetwork$MockNode.start - Node starting up ...
?[m?[37m[INFO] 10:34:08,881 [Test worker] internal.NodeFlowManager.registerInitiatedFlow - Registered net.corda.finance.flows.CashExitFlow to initiate net.corda.finance.flows.CashExitResponderFlow (version 1)
?[m?[37m[INFO] 10:34:08,881 [Test worker] internal.NodeFlowManager.registerInitiatedFlow - Registered net.corda.finance.flows.CashPaymentFlow to initiate net.corda.finance.flows.CashPaymentReceiverFlow (version 1)
?[m?[37m[INFO] 10:34:08,883 [Test worker] internal.InternalMockNetwork$MockNode.start - Loaded network parameters: NetworkParameters {
      minimumPlatformVersion=1
      notaries=[NotaryInfo(identity=O=Notary Service, L=Zurich, C=CH, validating=true)]
      maxMessageSize=10485760
      maxTransactionSize=524288000
      whitelistedContractImplementations {
        
      }
      eventHorizon=PT720H
      packageOwnership {
        
      }
      modifiedTime=2019-06-19T09:34:06.716Z
      epoch=1
  }
?[m?[37m[INFO] 10:34:08,884 [Test worker] hikari.HikariDataSource.<init> - HikariPool-20 - Started.
?[m?[37m[INFO] 10:34:09,050 [Test worker] liquibase.info - Creating database history table with name: PUBLIC.DATABASECHANGELOG
?[m?[37m[INFO] 10:34:09,053 [Test worker] liquibase.info - Reading from PUBLIC.DATABASECHANGELOG
?[m?[37m[INFO] 10:34:09,057 [Test worker] liquibase.info - master.changelog.json: migration/vault-schema.changelog-pkey.xml::non-clustered_pk-11::R3.Corda: Skipping changeSet migration/vault-schema.changelog-pkey.xml::non-clustered_pk-11::R3.Corda due to validation error(s): clustered is not allowed on h2
?[m?[37m[INFO] 10:34:09,058 [Test worker] liquibase.info - master.changelog.json: migration/vault-schema.changelog-pkey.xml::non-clustered_pk-12::R3.Corda: Skipping changeSet migration/vault-schema.changelog-pkey.xml::non-clustered_pk-12::R3.Corda due to validation error(s): clustered is not allowed on h2
?[m?[37m[INFO] 10:34:09,058 [Test worker] liquibase.info - master.changelog.json: migration/vault-schema.changelog-pkey.xml::non-clustered_pk-13::R3.Corda: Skipping changeSet migration/vault-schema.changelog-pkey.xml::non-clustered_pk-13::R3.Corda due to validation error(s): clustered is not allowed on h2
?[m?[37m[INFO] 10:34:09,065 [Test worker] liquibase.info - master.changelog.json: migration/node-core.changelog-pkey.xml::non-clustered_pk-1::R3.Corda: Skipping changeSet migration/node-core.changelog-pkey.xml::non-clustered_pk-1::R3.Corda due to validation error(s): clustered is not allowed on h2
?[m?[37m[INFO] 10:34:09,065 [Test worker] liquibase.info - master.changelog.json: migration/node-core.changelog-pkey.xml::non-clustered_pk-2::R3.Corda: Skipping changeSet migration/node-core.changelog-pkey.xml::non-clustered_pk-2::R3.Corda due to validation error(s): clustered is not allowed on h2
?[m?[37m[INFO] 10:34:09,065 [Test worker] liquibase.info - master.changelog.json: migration/node-core.changelog-pkey.xml::non-clustered_pk-3::R3.Corda: Skipping changeSet migration/node-core.changelog-pkey.xml::non-clustered_pk-3::R3.Corda due to validation error(s): clustered is not allowed on h2
?[m?[37m[INFO] 10:34:09,066 [Test worker] liquibase.info - master.changelog.json: migration/node-core.changelog-pkey.xml::non-clustered_pk-4::R3.Corda: Skipping changeSet migration/node-core.changelog-pkey.xml::non-clustered_pk-4::R3.Corda due to validation error(s): clustered is not allowed on h2
?[m?[37m[INFO] 10:34:09,066 [Test worker] liquibase.info - master.changelog.json: migration/node-core.changelog-pkey.xml::non-clustered_pk-5::R3.Corda: Skipping changeSet migration/node-core.changelog-pkey.xml::non-clustered_pk-5::R3.Corda due to validation error(s): clustered is not allowed on h2
?[m?[37m[INFO] 10:34:09,066 [Test worker] liquibase.info - master.changelog.json: migration/node-core.changelog-pkey.xml::non-clustered_pk-6::R3.Corda: Skipping changeSet migration/node-core.changelog-pkey.xml::non-clustered_pk-6::R3.Corda due to validation error(s): clustered is not allowed on h2
?[m?[37m[INFO] 10:34:09,066 [Test worker] liquibase.info - master.changelog.json: migration/node-core.changelog-pkey.xml::non-clustered_pk-7::R3.Corda: Skipping changeSet migration/node-core.changelog-pkey.xml::non-clustered_pk-7::R3.Corda due to validation error(s): clustered is not allowed on h2
?[m?[37m[INFO] 10:34:09,068 [Test worker] liquibase.info - master.changelog.json: migration/cash.changelog-init.xml::non-clustered_pk-cash::R3.Corda: Skipping changeSet migration/cash.changelog-init.xml::non-clustered_pk-cash::R3.Corda due to validation error(s): clustered is not allowed on h2
?[m?[37m[INFO] 10:34:09,070 [Test worker] liquibase.info - master.changelog.json: migration/commercial-paper.changelog-init.xml::non-clustered_pk-commercial-paper::R3.Corda: Skipping changeSet migration/commercial-paper.changelog-init.xml::non-clustered_pk-commercial-paper::R3.Corda due to validation error(s): clustered is not allowed on h2
?[m?[37m[INFO] 10:34:09,072 [Test worker] liquibase.info - Successfully acquired change log lock
?[m?[37m[INFO] 10:34:09,074 [Test worker] liquibase.info - master.changelog.json: migration/vault-schema.changelog-pkey.xml::non-clustered_pk-11::R3.Corda: Skipping changeSet migration/vault-schema.changelog-pkey.xml::non-clustered_pk-11::R3.Corda due to validation error(s): clustered is not allowed on h2
?[m?[37m[INFO] 10:34:09,075 [Test worker] liquibase.info - master.changelog.json: migration/vault-schema.changelog-pkey.xml::non-clustered_pk-12::R3.Corda: Skipping changeSet migration/vault-schema.changelog-pkey.xml::non-clustered_pk-12::R3.Corda due to validation error(s): clustered is not allowed on h2
?[m?[37m[INFO] 10:34:09,075 [Test worker] liquibase.info - master.changelog.json: migration/vault-schema.changelog-pkey.xml::non-clustered_pk-13::R3.Corda: Skipping changeSet migration/vault-schema.changelog-pkey.xml::non-clustered_pk-13::R3.Corda due to validation error(s): clustered is not allowed on h2
?[m?[37m[INFO] 10:34:09,079 [Test worker] liquibase.info - master.changelog.json: migration/node-core.changelog-pkey.xml::non-clustered_pk-1::R3.Corda: Skipping changeSet migration/node-core.changelog-pkey.xml::non-clustered_pk-1::R3.Corda due to validation error(s): clustered is not allowed on h2
?[m?[37m[INFO] 10:34:09,079 [Test worker] liquibase.info - master.changelog.json: migration/node-core.changelog-pkey.xml::non-clustered_pk-2::R3.Corda: Skipping changeSet migration/node-core.changelog-pkey.xml::non-clustered_pk-2::R3.Corda due to validation error(s): clustered is not allowed on h2
?[m?[37m[INFO] 10:34:09,079 [Test worker] liquibase.info - master.changelog.json: migration/node-core.changelog-pkey.xml::non-clustered_pk-3::R3.Corda: Skipping changeSet migration/node-core.changelog-pkey.xml::non-clustered_pk-3::R3.Corda due to validation error(s): clustered is not allowed on h2
?[m?[37m[INFO] 10:34:09,079 [Test worker] liquibase.info - master.changelog.json: migration/node-core.changelog-pkey.xml::non-clustered_pk-4::R3.Corda: Skipping changeSet migration/node-core.changelog-pkey.xml::non-clustered_pk-4::R3.Corda due to validation error(s): clustered is not allowed on h2
?[m?[37m[INFO] 10:34:09,079 [Test worker] liquibase.info - master.changelog.json: migration/node-core.changelog-pkey.xml::non-clustered_pk-5::R3.Corda: Skipping changeSet migration/node-core.changelog-pkey.xml::non-clustered_pk-5::R3.Corda due to validation error(s): clustered is not allowed on h2
?[m?[37m[INFO] 10:34:09,079 [Test worker] liquibase.info - master.changelog.json: migration/node-core.changelog-pkey.xml::non-clustered_pk-6::R3.Corda: Skipping changeSet migration/node-core.changelog-pkey.xml::non-clustered_pk-6::R3.Corda due to validation error(s): clustered is not allowed on h2
?[m?[37m[INFO] 10:34:09,080 [Test worker] liquibase.info - master.changelog.json: migration/node-core.changelog-pkey.xml::non-clustered_pk-7::R3.Corda: Skipping changeSet migration/node-core.changelog-pkey.xml::non-clustered_pk-7::R3.Corda due to validation error(s): clustered is not allowed on h2
?[m?[37m[INFO] 10:34:09,081 [Test worker] liquibase.info - master.changelog.json: migration/cash.changelog-init.xml::non-clustered_pk-cash::R3.Corda: Skipping changeSet migration/cash.changelog-init.xml::non-clustered_pk-cash::R3.Corda due to validation error(s): clustered is not allowed on h2
?[m?[37m[INFO] 10:34:09,082 [Test worker] liquibase.info - master.changelog.json: migration/commercial-paper.changelog-init.xml::non-clustered_pk-commercial-paper::R3.Corda: Skipping changeSet migration/commercial-paper.changelog-init.xml::non-clustered_pk-commercial-paper::R3.Corda due to validation error(s): clustered is not allowed on h2
?[m?[37m[INFO] 10:34:09,083 [Test worker] liquibase.info - master.changelog.json: migration/common.changelog-init.xml::1511451595465-1.1::R3.Corda: Sequence hibernate_sequence created
?[m?[37m[INFO] 10:34:09,083 [Test worker] liquibase.info - master.changelog.json: migration/common.changelog-init.xml::1511451595465-1.1::R3.Corda: ChangeSet migration/common.changelog-init.xml::1511451595465-1.1::R3.Corda ran successfully in 1ms
?[m?[37m[INFO] 10:34:09,084 [Test worker] liquibase.info - master.changelog.json: migration/vault-schema.changelog-init.xml::1511451595465-22::R3.Corda: Table vault_fungible_states created
?[m?[37m[INFO] 10:34:09,085 [Test worker] liquibase.info - master.changelog.json: migration/vault-schema.changelog-init.xml::1511451595465-22::R3.Corda: ChangeSet migration/vault-schema.changelog-init.xml::1511451595465-22::R3.Corda ran successfully in 0ms
?[m?[37m[INFO] 10:34:09,086 [Test worker] liquibase.info - master.changelog.json: migration/vault-schema.changelog-init.xml::1511451595465-23::R3.Corda: Table vault_fungible_states_parts created
?[m?[37m[INFO] 10:34:09,086 [Test worker] liquibase.info - master.changelog.json: migration/vault-schema.changelog-init.xml::1511451595465-23::R3.Corda: ChangeSet migration/vault-schema.changelog-init.xml::1511451595465-23::R3.Corda ran successfully in 1ms
?[m?[37m[INFO] 10:34:09,087 [Test worker] liquibase.info - master.changelog.json: migration/vault-schema.changelog-init.xml::1511451595465-24::R3.Corda: Table vault_linear_states created
?[m?[37m[INFO] 10:34:09,087 [Test worker] liquibase.info - master.changelog.json: migration/vault-schema.changelog-init.xml::1511451595465-24::R3.Corda: ChangeSet migration/vault-schema.changelog-init.xml::1511451595465-24::R3.Corda ran successfully in 0ms
?[m?[37m[INFO] 10:34:09,089 [Test worker] liquibase.info - master.changelog.json: migration/vault-schema.changelog-init.xml::1511451595465-25::R3.Corda: Table vault_linear_states_parts created
?[m?[37m[INFO] 10:34:09,089 [Test worker] liquibase.info - master.changelog.json: migration/vault-schema.changelog-init.xml::1511451595465-25::R3.Corda: ChangeSet migration/vault-schema.changelog-init.xml::1511451595465-25::R3.Corda ran successfully in 1ms
?[m?[37m[INFO] 10:34:09,090 [Test worker] liquibase.info - master.changelog.json: migration/vault-schema.changelog-init.xml::1511451595465-26::R3.Corda: Table vault_states created
?[m?[37m[INFO] 10:34:09,090 [Test worker] liquibase.info - master.changelog.json: migration/vault-schema.changelog-init.xml::1511451595465-26::R3.Corda: ChangeSet migration/vault-schema.changelog-init.xml::1511451595465-26::R3.Corda ran successfully in 0ms
?[m?[37m[INFO] 10:34:09,092 [Test worker] liquibase.info - master.changelog.json: migration/vault-schema.changelog-init.xml::1511451595465-27::R3.Corda: Table vault_transaction_notes created
?[m?[37m[INFO] 10:34:09,092 [Test worker] liquibase.info - master.changelog.json: migration/vault-schema.changelog-init.xml::1511451595465-27::R3.Corda: ChangeSet migration/vault-schema.changelog-init.xml::1511451595465-27::R3.Corda ran successfully in 1ms
?[m?[37m[INFO] 10:34:09,093 [Test worker] liquibase.info - master.changelog.json: migration/vault-schema.changelog-init.xml::1511451595465-47::R3.Corda: Primary key added to vault_fungible_states (output_index, transaction_id)
?[m?[37m[INFO] 10:34:09,094 [Test worker] liquibase.info - master.changelog.json: migration/vault-schema.changelog-init.xml::1511451595465-47::R3.Corda: ChangeSet migration/vault-schema.changelog-init.xml::1511451595465-47::R3.Corda ran successfully in 0ms
?[m?[37m[INFO] 10:34:09,095 [Test worker] liquibase.info - master.changelog.json: migration/vault-schema.changelog-init.xml::1511451595465-48::R3.Corda: Primary key added to vault_linear_states (output_index, transaction_id)
?[m?[37m[INFO] 10:34:09,095 [Test worker] liquibase.info - master.changelog.json: migration/vault-schema.changelog-init.xml::1511451595465-48::R3.Corda: ChangeSet migration/vault-schema.changelog-init.xml::1511451595465-48::R3.Corda ran successfully in 1ms
?[m?[37m[INFO] 10:34:09,096 [Test worker] liquibase.info - master.changelog.json: migration/vault-schema.changelog-init.xml::1511451595465-49::R3.Corda: Primary key added to vault_states (output_index, transaction_id)
?[m?[37m[INFO] 10:34:09,097 [Test worker] liquibase.info - master.changelog.json: migration/vault-schema.changelog-init.xml::1511451595465-49::R3.Corda: ChangeSet migration/vault-schema.changelog-init.xml::1511451595465-49::R3.Corda ran successfully in 0ms
?[m?[37m[INFO] 10:34:09,098 [Test worker] liquibase.info - master.changelog.json: migration/vault-schema.changelog-init.xml::1511451595465-50::R3.Corda: Primary key added to vault_transaction_notes (seq_no)
?[m?[37m[INFO] 10:34:09,098 [Test worker] liquibase.info - master.changelog.json: migration/vault-schema.changelog-init.xml::1511451595465-50::R3.Corda: ChangeSet migration/vault-schema.changelog-init.xml::1511451595465-50::R3.Corda ran successfully in 0ms
?[m?[37m[INFO] 10:34:09,100 [Test worker] liquibase.info - master.changelog.json: migration/vault-schema.changelog-init.xml::1511451595465-53::R3.Corda: Index external_id_index created
?[m?[37m[INFO] 10:34:09,100 [Test worker] liquibase.info - master.changelog.json: migration/vault-schema.changelog-init.xml::1511451595465-53::R3.Corda: ChangeSet migration/vault-schema.changelog-init.xml::1511451595465-53::R3.Corda ran successfully in 1ms
?[m?[37m[INFO] 10:34:09,101 [Test worker] liquibase.info - master.changelog.json: migration/vault-schema.changelog-init.xml::1511451595465-55::R3.Corda: Index lock_id_idx created
?[m?[37m[INFO] 10:34:09,101 [Test worker] liquibase.info - master.changelog.json: migration/vault-schema.changelog-init.xml::1511451595465-55::R3.Corda: ChangeSet migration/vault-schema.changelog-init.xml::1511451595465-55::R3.Corda ran successfully in 0ms
?[m?[37m[INFO] 10:34:09,103 [Test worker] liquibase.info - master.changelog.json: migration/vault-schema.changelog-init.xml::1511451595465-58::R3.Corda: Index state_status_idx created
?[m?[37m[INFO] 10:34:09,103 [Test worker] liquibase.info - master.changelog.json: migration/vault-schema.changelog-init.xml::1511451595465-58::R3.Corda: ChangeSet migration/vault-schema.changelog-init.xml::1511451595465-58::R3.Corda ran successfully in 1ms
?[m?[37m[INFO] 10:34:09,104 [Test worker] liquibase.info - master.changelog.json: migration/vault-schema.changelog-init.xml::1511451595465-59::R3.Corda: Index transaction_id_index created
?[m?[37m[INFO] 10:34:09,104 [Test worker] liquibase.info - master.changelog.json: migration/vault-schema.changelog-init.xml::1511451595465-59::R3.Corda: ChangeSet migration/vault-schema.changelog-init.xml::1511451595465-59::R3.Corda ran successfully in 0ms
?[m?[37m[INFO] 10:34:09,105 [Test worker] liquibase.info - master.changelog.json: migration/vault-schema.changelog-init.xml::1511451595465-60::R3.Corda: Index uuid_index created
?[m?[37m[INFO] 10:34:09,105 [Test worker] liquibase.info - master.changelog.json: migration/vault-schema.changelog-init.xml::1511451595465-60::R3.Corda: ChangeSet migration/vault-schema.changelog-init.xml::1511451595465-60::R3.Corda ran successfully in 0ms
?[m?[37m[INFO] 10:34:09,107 [Test worker] liquibase.info - master.changelog.json: migration/vault-schema.changelog-init.xml::1511451595465-64::R3.Corda: Foreign key constraint added to vault_fungible_states_parts (output_index,transaction_id)
?[m?[37m[INFO] 10:34:09,107 [Test worker] liquibase.info - master.changelog.json: migration/vault-schema.changelog-init.xml::1511451595465-64::R3.Corda: ChangeSet migration/vault-schema.changelog-init.xml::1511451595465-64::R3.Corda ran successfully in 1ms
?[m?[37m[INFO] 10:34:09,109 [Test worker] liquibase.info - master.changelog.json: migration/vault-schema.changelog-init.xml::1511451595465-65::R3.Corda: Foreign key constraint added to vault_linear_states_parts (output_index,transaction_id)
?[m?[37m[INFO] 10:34:09,109 [Test worker] liquibase.info - master.changelog.json: migration/vault-schema.changelog-init.xml::1511451595465-65::R3.Corda: ChangeSet migration/vault-schema.changelog-init.xml::1511451595465-65::R3.Corda ran successfully in 1ms
?[m?[37m[INFO] 10:34:09,110 [Test worker] liquibase.info - master.changelog.json: migration/vault-schema.changelog-v3.xml::clean_vault::R3.Corda: Data deleted from vault_fungible_states_parts
?[m?[37m[INFO] 10:34:09,110 [Test worker] liquibase.info - master.changelog.json: migration/vault-schema.changelog-v3.xml::clean_vault::R3.Corda: Data deleted from vault_fungible_states
?[m?[37m[INFO] 10:34:09,111 [Test worker] liquibase.info - master.changelog.json: migration/vault-schema.changelog-v3.xml::clean_vault::R3.Corda: Data deleted from vault_linear_states_parts
?[m?[37m[INFO] 10:34:09,111 [Test worker] liquibase.info - master.changelog.json: migration/vault-schema.changelog-v3.xml::clean_vault::R3.Corda: Data deleted from vault_linear_states
?[m?[37m[INFO] 10:34:09,111 [Test worker] liquibase.info - master.changelog.json: migration/vault-schema.changelog-v3.xml::clean_vault::R3.Corda: Data deleted from vault_states
?[m?[37m[INFO] 10:34:09,111 [Test worker] liquibase.info - master.changelog.json: migration/vault-schema.changelog-v3.xml::clean_vault::R3.Corda: Data deleted from vault_transaction_notes
?[m?[37m[INFO] 10:34:09,111 [Test worker] liquibase.info - master.changelog.json: migration/vault-schema.changelog-v3.xml::clean_vault::R3.Corda: ChangeSet migration/vault-schema.changelog-v3.xml::clean_vault::R3.Corda ran successfully in 1ms
?[m?[37m[INFO] 10:34:09,113 [Test worker] liquibase.info - master.changelog.json: migration/vault-schema.changelog-v4.xml::nullability::R3.Corda: Null constraint has been added to vault_fungible_states.quantity
?[m?[37m[INFO] 10:34:09,113 [Test worker] liquibase.info - master.changelog.json: migration/vault-schema.changelog-v4.xml::nullability::R3.Corda: Null constraint has been added to vault_states.contract_state_class_name
?[m?[37m[INFO] 10:34:09,114 [Test worker] liquibase.info - master.changelog.json: migration/vault-schema.changelog-v4.xml::nullability::R3.Corda: Null constraint has been added to vault_states.notary_name
?[m?[37m[INFO] 10:34:09,114 [Test worker] liquibase.info - master.changelog.json: migration/vault-schema.changelog-v4.xml::nullability::R3.Corda: Null constraint has been added to vault_states.recorded_timestamp
?[m?[37m[INFO] 10:34:09,114 [Test worker] liquibase.info - master.changelog.json: migration/vault-schema.changelog-v4.xml::nullability::R3.Corda: Index state_status_idx dropped from table vault_states
?[m?[37m[INFO] 10:34:09,114 [Test worker] liquibase.info - master.changelog.json: migration/vault-schema.changelog-v4.xml::nullability::R3.Corda: Index lock_id_idx dropped from table vault_states
?[m?[37m[INFO] 10:34:09,115 [Test worker] liquibase.info - master.changelog.json: migration/vault-schema.changelog-v4.xml::nullability::R3.Corda: Null constraint has been added to vault_states.state_status
?[m?[37m[INFO] 10:34:09,115 [Test worker] liquibase.info - master.changelog.json: migration/vault-schema.changelog-v4.xml::nullability::R3.Corda: Index state_status_idx created
?[m?[37m[INFO] 10:34:09,116 [Test worker] liquibase.info - master.changelog.json: migration/vault-schema.changelog-v4.xml::nullability::R3.Corda: Index lock_id_idx created
?[m?[37m[INFO] 10:34:09,116 [Test worker] liquibase.info - master.changelog.json: migration/vault-schema.changelog-v4.xml::nullability::R3.Corda: Index transaction_id_index dropped from table vault_transaction_notes
?[m?[37m[INFO] 10:34:09,116 [Test worker] liquibase.info - master.changelog.json: migration/vault-schema.changelog-v4.xml::nullability::R3.Corda: Null constraint has been added to vault_transaction_notes.note
?[m?[37m[INFO] 10:34:09,116 [Test worker] liquibase.info - master.changelog.json: migration/vault-schema.changelog-v4.xml::nullability::R3.Corda: Null constraint has been added to vault_transaction_notes.transaction_id
?[m?[37m[INFO] 10:34:09,117 [Test worker] liquibase.info - master.changelog.json: migration/vault-schema.changelog-v4.xml::nullability::R3.Corda: Index transaction_id_index created
?[m?[37m[INFO] 10:34:09,117 [Test worker] liquibase.info - master.changelog.json: migration/vault-schema.changelog-v4.xml::nullability::R3.Corda: ChangeSet migration/vault-schema.changelog-v4.xml::nullability::R3.Corda ran successfully in 5ms
?[m?[37m[INFO] 10:34:09,123 [Test worker] liquibase.info - master.changelog.json: migration/vault-schema.changelog-v5.xml::add_relevancy_status_column::R3.Corda: Columns relevancy_status(INT) added to vault_states
?[m?[37m[INFO] 10:34:09,124 [Test worker] liquibase.info - master.changelog.json: migration/vault-schema.changelog-v5.xml::add_relevancy_status_column::R3.Corda: Data updated in vault_states
?[m?[37m[INFO] 10:34:09,124 [Test worker] liquibase.info - master.changelog.json: migration/vault-schema.changelog-v5.xml::add_relevancy_status_column::R3.Corda: Null constraint has been added to vault_states.relevancy_status
?[m?[37m[INFO] 10:34:09,124 [Test worker] liquibase.info - master.changelog.json: migration/vault-schema.changelog-v5.xml::add_relevancy_status_column::R3.Corda: ChangeSet migration/vault-schema.changelog-v5.xml::add_relevancy_status_column::R3.Corda ran successfully in 3ms
?[m?[37m[INFO] 10:34:09,126 [Test worker] liquibase.info - master.changelog.json: migration/vault-schema.changelog-v6.xml::add_is_constraint_information_columns::R3.Corda: Columns constraint_type(INT) added to vault_states
?[m?[37m[INFO] 10:34:09,127 [Test worker] liquibase.info - master.changelog.json: migration/vault-schema.changelog-v6.xml::add_is_constraint_information_columns::R3.Corda: Columns constraint_data(varbinary(563)) added to vault_states
?[m?[37m[INFO] 10:34:09,128 [Test worker] liquibase.info - master.changelog.json: migration/vault-schema.changelog-v6.xml::add_is_constraint_information_columns::R3.Corda: ChangeSet migration/vault-schema.changelog-v6.xml::add_is_constraint_information_columns::R3.Corda ran successfully in 2ms
?[m?[37m[INFO] 10:34:09,129 [Test worker] liquibase.info - master.changelog.json: migration/vault-schema.changelog-v7.xml::make_issuer_ref_nullable::R3.Corda: Null constraint dropped from vault_fungible_states.issuer_ref
?[m?[37m[INFO] 10:34:09,129 [Test worker] liquibase.info - master.changelog.json: migration/vault-schema.changelog-v7.xml::make_issuer_ref_nullable::R3.Corda: ChangeSet migration/vault-schema.changelog-v7.xml::make_issuer_ref_nullable::R3.Corda ran successfully in 0ms
?[m?[37m[INFO] 10:34:09,131 [Test worker] liquibase.info - master.changelog.json: migration/vault-schema.changelog-v8.xml::create-external-id-to-state-party-view::R3.Corda: Table state_party created
?[m?[37m[INFO] 10:34:09,131 [Test worker] liquibase.info - master.changelog.json: migration/vault-schema.changelog-v8.xml::create-external-id-to-state-party-view::R3.Corda: Index state_pk_hash_idx created
?[m?[37m[INFO] 10:34:09,132 [Test worker] liquibase.info - master.changelog.json: migration/vault-schema.changelog-v8.xml::create-external-id-to-state-party-view::R3.Corda: Table pk_hash_to_ext_id_map created
?[m?[37m[INFO] 10:34:09,132 [Test worker] liquibase.info - master.changelog.json: migration/vault-schema.changelog-v8.xml::create-external-id-to-state-party-view::R3.Corda: Index pk_hash_to_xid_idx created
?[m?[37m[INFO] 10:34:09,133 [Test worker] liquibase.info - master.changelog.json: migration/vault-schema.changelog-v8.xml::create-external-id-to-state-party-view::R3.Corda: View v_pkey_hash_ex_id_map created
?[m?[37m[INFO] 10:34:09,157 [Test worker] liquibase.info - master.changelog.json: migration/vault-schema.changelog-v8.xml::create-external-id-to-state-party-view::R3.Corda: ChangeSet migration/vault-schema.changelog-v8.xml::create-external-id-to-state-party-view::R3.Corda ran successfully in 3ms
?[m?[37m[INFO] 10:34:09,158 [Test worker] liquibase.info - master.changelog.json: migration/node-info.changelog-init.xml::1511451595465-4::R3.Corda: Table node_link_nodeinfo_party created
?[m?[37m[INFO] 10:34:09,158 [Test worker] liquibase.info - master.changelog.json: migration/node-info.changelog-init.xml::1511451595465-4::R3.Corda: ChangeSet migration/node-info.changelog-init.xml::1511451595465-4::R3.Corda ran successfully in 0ms
?[m?[37m[INFO] 10:34:09,159 [Test worker] liquibase.info - master.changelog.json: migration/node-info.changelog-init.xml::1511451595465-10::R3.Corda: Table node_info_hosts created
?[m?[37m[INFO] 10:34:09,160 [Test worker] liquibase.info - master.changelog.json: migration/node-info.changelog-init.xml::1511451595465-10::R3.Corda: ChangeSet migration/node-info.changelog-init.xml::1511451595465-10::R3.Corda ran successfully in 0ms
?[m?[37m[INFO] 10:34:09,161 [Test worker] liquibase.info - master.changelog.json: migration/node-info.changelog-init.xml::1511451595465-11::R3.Corda: Table node_info_party_cert created
?[m?[37m[INFO] 10:34:09,161 [Test worker] liquibase.info - master.changelog.json: migration/node-info.changelog-init.xml::1511451595465-11::R3.Corda: ChangeSet migration/node-info.changelog-init.xml::1511451595465-11::R3.Corda ran successfully in 1ms
?[m?[37m[INFO] 10:34:09,162 [Test worker] liquibase.info - master.changelog.json: migration/node-info.changelog-init.xml::1511451595465-12::R3.Corda: Table node_infos created
?[m?[37m[INFO] 10:34:09,162 [Test worker] liquibase.info - master.changelog.json: migration/node-info.changelog-init.xml::1511451595465-12::R3.Corda: ChangeSet migration/node-info.changelog-init.xml::1511451595465-12::R3.Corda ran successfully in 1ms
?[m?[37m[INFO] 10:34:09,163 [Test worker] liquibase.info - master.changelog.json: migration/node-info.changelog-init.xml::1511451595465-35::R3.Corda: Primary key added to node_info_hosts (host, port)
?[m?[37m[INFO] 10:34:09,163 [Test worker] liquibase.info - master.changelog.json: migration/node-info.changelog-init.xml::1511451595465-35::R3.Corda: ChangeSet migration/node-info.changelog-init.xml::1511451595465-35::R3.Corda ran successfully in 0ms
?[m?[37m[INFO] 10:34:09,164 [Test worker] liquibase.info - master.changelog.json: migration/node-info.changelog-init.xml::1511451595465-36::R3.Corda: Primary key added to node_info_party_cert (party_name)
?[m?[37m[INFO] 10:34:09,164 [Test worker] liquibase.info - master.changelog.json: migration/node-info.changelog-init.xml::1511451595465-36::R3.Corda: ChangeSet migration/node-info.changelog-init.xml::1511451595465-36::R3.Corda ran successfully in 0ms
?[m?[37m[INFO] 10:34:09,165 [Test worker] liquibase.info - master.changelog.json: migration/node-info.changelog-init.xml::1511451595465-37::R3.Corda: Primary key added to node_infos (node_info_id)
?[m?[37m[INFO] 10:34:09,166 [Test worker] liquibase.info - master.changelog.json: migration/node-info.changelog-init.xml::1511451595465-37::R3.Corda: ChangeSet migration/node-info.changelog-init.xml::1511451595465-37::R3.Corda ran successfully in 0ms
?[m?[37m[INFO] 10:34:09,167 [Test worker] liquibase.info - master.changelog.json: migration/node-info.changelog-init.xml::1511451595465-62::R3.Corda: Foreign key constraint added to node_link_nodeinfo_party (node_info_id)
?[m?[37m[INFO] 10:34:09,167 [Test worker] liquibase.info - master.changelog.json: migration/node-info.changelog-init.xml::1511451595465-62::R3.Corda: ChangeSet migration/node-info.changelog-init.xml::1511451595465-62::R3.Corda ran successfully in 1ms
?[m?[37m[INFO] 10:34:09,168 [Test worker] liquibase.info - master.changelog.json: migration/node-info.changelog-init.xml::1511451595465-63::R3.Corda: Foreign key constraint added to node_info_hosts (node_info_id)
?[m?[37m[INFO] 10:34:09,168 [Test worker] liquibase.info - master.changelog.json: migration/node-info.changelog-init.xml::1511451595465-63::R3.Corda: ChangeSet migration/node-info.changelog-init.xml::1511451595465-63::R3.Corda ran successfully in 0ms
?[m?[37m[INFO] 10:34:09,169 [Test worker] liquibase.info - master.changelog.json: migration/node-info.changelog-init.xml::remove_host_port_pk::R3.Corda: Data deleted from node_infos
?[m?[37m[INFO] 10:34:09,170 [Test worker] liquibase.info - master.changelog.json: migration/node-info.changelog-init.xml::remove_host_port_pk::R3.Corda: Data deleted from node_link_nodeinfo_party
?[m?[37m[INFO] 10:34:09,170 [Test worker] liquibase.info - master.changelog.json: migration/node-info.changelog-init.xml::remove_host_port_pk::R3.Corda: Data deleted from node_info_hosts
?[m?[37m[INFO] 10:34:09,170 [Test worker] liquibase.info - master.changelog.json: migration/node-info.changelog-init.xml::remove_host_port_pk::R3.Corda: Data deleted from node_info_party_cert
?[m?[37m[INFO] 10:34:09,170 [Test worker] liquibase.info - master.changelog.json: migration/node-info.changelog-init.xml::remove_host_port_pk::R3.Corda: Primary key dropped from node_info_hosts
?[m?[37m[INFO] 10:34:09,171 [Test worker] liquibase.info - master.changelog.json: migration/node-info.changelog-init.xml::remove_host_port_pk::R3.Corda: Columns hosts_id(INT) added to node_info_hosts
?[m?[37m[INFO] 10:34:09,171 [Test worker] liquibase.info - master.changelog.json: migration/node-info.changelog-init.xml::remove_host_port_pk::R3.Corda: Primary key added to node_info_hosts (hosts_id)
?[m?[37m[INFO] 10:34:09,171 [Test worker] liquibase.info - master.changelog.json: migration/node-info.changelog-init.xml::remove_host_port_pk::R3.Corda: ChangeSet migration/node-info.changelog-init.xml::remove_host_port_pk::R3.Corda ran successfully in 2ms
?[m?[37m[INFO] 10:34:09,172 [Test worker] liquibase.info - master.changelog.json: migration/node-info.changelog-v1.xml::key/value node properties table::R3.Corda: Table node_properties created
?[m?[37m[INFO] 10:34:09,172 [Test worker] liquibase.info - master.changelog.json: migration/node-info.changelog-v1.xml::key/value node properties table::R3.Corda: ChangeSet migration/node-info.changelog-v1.xml::key/value node properties table::R3.Corda ran successfully in 0ms
?[m?[37m[INFO] 10:34:09,173 [Test worker] liquibase.info - master.changelog.json: migration/node-info.changelog-v2.xml::1525962920::R3.Corda: Null constraint has been added to node_infos.node_info_hash
?[m?[37m[INFO] 10:34:09,173 [Test worker] liquibase.info - master.changelog.json: migration/node-info.changelog-v2.xml::1525962920::R3.Corda: Null constraint has been added to node_infos.platform_version
?[m?[37m[INFO] 10:34:09,173 [Test worker] liquibase.info - master.changelog.json: migration/node-info.changelog-v2.xml::1525962920::R3.Corda: Null constraint has been added to node_infos.serial
?[m?[37m[INFO] 10:34:09,173 [Test worker] liquibase.info - master.changelog.json: migration/node-info.changelog-v2.xml::1525962920::R3.Corda: Null constraint dropped from node_info_hosts.host
?[m?[37m[INFO] 10:34:09,174 [Test worker] liquibase.info - master.changelog.json: migration/node-info.changelog-v2.xml::1525962920::R3.Corda: Null constraint dropped from node_info_hosts.port
?[m?[37m[INFO] 10:34:09,174 [Test worker] liquibase.info - master.changelog.json: migration/node-info.changelog-v2.xml::1525962920::R3.Corda: Null constraint has been added to node_info_party_cert.owning_key_hash
?[m?[37m[INFO] 10:34:09,174 [Test worker] liquibase.info - master.changelog.json: migration/node-info.changelog-v2.xml::1525962920::R3.Corda: Null constraint has been added to node_info_party_cert.party_cert_binary
?[m?[37m[INFO] 10:34:09,174 [Test worker] liquibase.info - master.changelog.json: migration/node-info.changelog-v2.xml::1525962920::R3.Corda: ChangeSet migration/node-info.changelog-v2.xml::1525962920::R3.Corda ran successfully in 1ms
?[m?[37m[INFO] 10:34:09,175 [Test worker] liquibase.info - master.changelog.json: migration/node-info.changelog-v3.xml::column_host_name::R3.Corda: Column node_info_hosts.host renamed to host_name
?[m?[37m[INFO] 10:34:09,175 [Test worker] liquibase.info - master.changelog.json: migration/node-info.changelog-v3.xml::column_host_name::R3.Corda: ChangeSet migration/node-info.changelog-v3.xml::column_host_name::R3.Corda ran successfully in 0ms
?[m?[37m[INFO] 10:34:09,176 [Test worker] liquibase.info - master.changelog.json: migration/node-services.changelog-init.xml::1511451595465-5::R3.Corda: Table node_attachments created
?[m?[37m[INFO] 10:34:09,176 [Test worker] liquibase.info - master.changelog.json: migration/node-services.changelog-init.xml::1511451595465-5::R3.Corda: ChangeSet migration/node-services.changelog-init.xml::1511451595465-5::R3.Corda ran successfully in 0ms
?[m?[37m[INFO] 10:34:09,177 [Test worker] liquibase.info - master.changelog.json: migration/node-services.changelog-init.xml::1511451595465-7::R3.Corda: Table node_checkpoints created
?[m?[37m[INFO] 10:34:09,177 [Test worker] liquibase.info - master.changelog.json: migration/node-services.changelog-init.xml::1511451595465-7::R3.Corda: ChangeSet migration/node-services.changelog-init.xml::1511451595465-7::R3.Corda ran successfully in 0ms
?[m?[37m[INFO] 10:34:09,178 [Test worker] liquibase.info - master.changelog.json: migration/node-services.changelog-init.xml::1511451595465-8::R3.Corda: Table node_contract_upgrades created
?[m?[37m[INFO] 10:34:09,178 [Test worker] liquibase.info - master.changelog.json: migration/node-services.changelog-init.xml::1511451595465-8::R3.Corda: ChangeSet migration/node-services.changelog-init.xml::1511451595465-8::R3.Corda ran successfully in 0ms
?[m?[37m[INFO] 10:34:09,179 [Test worker] liquibase.info - master.changelog.json: migration/node-services.changelog-init.xml::1511451595465-9::R3.Corda: Table node_identities created
?[m?[37m[INFO] 10:34:09,179 [Test worker] liquibase.info - master.changelog.json: migration/node-services.changelog-init.xml::1511451595465-9::R3.Corda: ChangeSet migration/node-services.changelog-init.xml::1511451595465-9::R3.Corda ran successfully in 0ms
?[m?[37m[INFO] 10:34:09,180 [Test worker] liquibase.info - master.changelog.json: migration/node-services.changelog-init.xml::1511451595465-13::R3.Corda: Table node_message_ids created
?[m?[37m[INFO] 10:34:09,181 [Test worker] liquibase.info - master.changelog.json: migration/node-services.changelog-init.xml::1511451595465-13::R3.Corda: ChangeSet migration/node-services.changelog-init.xml::1511451595465-13::R3.Corda ran successfully in 0ms
?[m?[37m[INFO] 10:34:09,182 [Test worker] liquibase.info - master.changelog.json: migration/node-services.changelog-init.xml::1511451595465-14::R3.Corda: Table node_message_retry created
?[m?[37m[INFO] 10:34:09,182 [Test worker] liquibase.info - master.changelog.json: migration/node-services.changelog-init.xml::1511451595465-14::R3.Corda: ChangeSet migration/node-services.changelog-init.xml::1511451595465-14::R3.Corda ran successfully in 1ms
?[m?[37m[INFO] 10:34:09,183 [Test worker] liquibase.info - master.changelog.json: migration/node-services.changelog-init.xml::1511451595465-15::R3.Corda: Table node_named_identities created
?[m?[37m[INFO] 10:34:09,183 [Test worker] liquibase.info - master.changelog.json: migration/node-services.changelog-init.xml::1511451595465-15::R3.Corda: ChangeSet migration/node-services.changelog-init.xml::1511451595465-15::R3.Corda ran successfully in 1ms
?[m?[37m[INFO] 10:34:09,184 [Test worker] liquibase.info - master.changelog.json: migration/node-services.changelog-init.xml::1511451595465-17::R3.Corda: Table node_our_key_pairs created
?[m?[37m[INFO] 10:34:09,184 [Test worker] liquibase.info - master.changelog.json: migration/node-services.changelog-init.xml::1511451595465-17::R3.Corda: ChangeSet migration/node-services.changelog-init.xml::1511451595465-17::R3.Corda ran successfully in 1ms
?[m?[37m[INFO] 10:34:09,184 [Test worker] liquibase.info - master.changelog.json: migration/node-services.changelog-init.xml::1511451595465-19::R3.Corda: Table node_scheduled_states created
?[m?[37m[INFO] 10:34:09,185 [Test worker] liquibase.info - master.changelog.json: migration/node-services.changelog-init.xml::1511451595465-19::R3.Corda: ChangeSet migration/node-services.changelog-init.xml::1511451595465-19::R3.Corda ran successfully in 0ms
?[m?[37m[INFO] 10:34:09,185 [Test worker] liquibase.info - master.changelog.json: migration/node-services.changelog-init.xml::1511451595465-20::R3.Corda: Table node_transaction_mappings created
?[m?[37m[INFO] 10:34:09,185 [Test worker] liquibase.info - master.changelog.json: migration/node-services.changelog-init.xml::1511451595465-20::R3.Corda: ChangeSet migration/node-services.changelog-init.xml::1511451595465-20::R3.Corda ran successfully in 0ms
?[m?[37m[INFO] 10:34:09,186 [Test worker] liquibase.info - master.changelog.json: migration/node-services.changelog-init.xml::1511451595465-21::R3.Corda: Table node_transactions created
?[m?[37m[INFO] 10:34:09,186 [Test worker] liquibase.info - master.changelog.json: migration/node-services.changelog-init.xml::1511451595465-21::R3.Corda: ChangeSet migration/node-services.changelog-init.xml::1511451595465-21::R3.Corda ran successfully in 0ms
?[m?[37m[INFO] 10:34:09,187 [Test worker] liquibase.info - master.changelog.json: migration/node-services.changelog-init.xml::1511451595465-30::R3.Corda: Primary key added to node_attachments (att_id)
?[m?[37m[INFO] 10:34:09,187 [Test worker] liquibase.info - master.changelog.json: migration/node-services.changelog-init.xml::1511451595465-30::R3.Corda: ChangeSet migration/node-services.changelog-init.xml::1511451595465-30::R3.Corda ran successfully in 0ms
?[m?[37m[INFO] 10:34:09,188 [Test worker] liquibase.info - master.changelog.json: migration/node-services.changelog-init.xml::1511451595465-32::R3.Corda: Primary key added to node_checkpoints (checkpoint_id)
?[m?[37m[INFO] 10:34:09,188 [Test worker] liquibase.info - master.changelog.json: migration/node-services.changelog-init.xml::1511451595465-32::R3.Corda: ChangeSet migration/node-services.changelog-init.xml::1511451595465-32::R3.Corda ran successfully in 0ms
?[m?[37m[INFO] 10:34:09,189 [Test worker] liquibase.info - master.changelog.json: migration/node-services.changelog-init.xml::1511451595465-33::R3.Corda: Primary key added to node_contract_upgrades (state_ref)
?[m?[37m[INFO] 10:34:09,189 [Test worker] liquibase.info - master.changelog.json: migration/node-services.changelog-init.xml::1511451595465-33::R3.Corda: ChangeSet migration/node-services.changelog-init.xml::1511451595465-33::R3.Corda ran successfully in 1ms
?[m?[37m[INFO] 10:34:09,190 [Test worker] liquibase.info - master.changelog.json: migration/node-services.changelog-init.xml::1511451595465-34::R3.Corda: Primary key added to node_identities (pk_hash)
?[m?[37m[INFO] 10:34:09,190 [Test worker] liquibase.info - master.changelog.json: migration/node-services.changelog-init.xml::1511451595465-34::R3.Corda: ChangeSet migration/node-services.changelog-init.xml::1511451595465-34::R3.Corda ran successfully in 0ms
?[m?[37m[INFO] 10:34:09,191 [Test worker] liquibase.info - master.changelog.json: migration/node-services.changelog-init.xml::1511451595465-38::R3.Corda: Primary key added to node_message_ids (message_id)
?[m?[37m[INFO] 10:34:09,191 [Test worker] liquibase.info - master.changelog.json: migration/node-services.changelog-init.xml::1511451595465-38::R3.Corda: ChangeSet migration/node-services.changelog-init.xml::1511451595465-38::R3.Corda ran successfully in 0ms
?[m?[37m[INFO] 10:34:09,192 [Test worker] liquibase.info - master.changelog.json: migration/node-services.changelog-init.xml::1511451595465-39::R3.Corda: Primary key added to node_message_retry (message_id)
?[m?[37m[INFO] 10:34:09,192 [Test worker] liquibase.info - master.changelog.json: migration/node-services.changelog-init.xml::1511451595465-39::R3.Corda: ChangeSet migration/node-services.changelog-init.xml::1511451595465-39::R3.Corda ran successfully in 0ms
?[m?[37m[INFO] 10:34:09,193 [Test worker] liquibase.info - master.changelog.json: migration/node-services.changelog-init.xml::1511451595465-40::R3.Corda: Primary key added to node_named_identities (name)
?[m?[37m[INFO] 10:34:09,193 [Test worker] liquibase.info - master.changelog.json: migration/node-services.changelog-init.xml::1511451595465-40::R3.Corda: ChangeSet migration/node-services.changelog-init.xml::1511451595465-40::R3.Corda ran successfully in 0ms
?[m?[37m[INFO] 10:34:09,194 [Test worker] liquibase.info - master.changelog.json: migration/node-services.changelog-init.xml::1511451595465-42::R3.Corda: Primary key added to node_our_key_pairs (public_key_hash)
?[m?[37m[INFO] 10:34:09,194 [Test worker] liquibase.info - master.changelog.json: migration/node-services.changelog-init.xml::1511451595465-42::R3.Corda: ChangeSet migration/node-services.changelog-init.xml::1511451595465-42::R3.Corda ran successfully in 0ms
?[m?[37m[INFO] 10:34:09,195 [Test worker] liquibase.info - master.changelog.json: migration/node-services.changelog-init.xml::1511451595465-44::R3.Corda: Primary key added to node_scheduled_states (output_index, transaction_id)
?[m?[37m[INFO] 10:34:09,196 [Test worker] liquibase.info - master.changelog.json: migration/node-services.changelog-init.xml::1511451595465-44::R3.Corda: ChangeSet migration/node-services.changelog-init.xml::1511451595465-44::R3.Corda ran successfully in 1ms
?[m?[37m[INFO] 10:34:09,197 [Test worker] liquibase.info - master.changelog.json: migration/node-services.changelog-init.xml::1511451595465-45::R3.Corda: Primary key added to node_transaction_mappings (tx_id)
?[m?[37m[INFO] 10:34:09,197 [Test worker] liquibase.info - master.changelog.json: migration/node-services.changelog-init.xml::1511451595465-45::R3.Corda: ChangeSet migration/node-services.changelog-init.xml::1511451595465-45::R3.Corda ran successfully in 1ms
?[m?[37m[INFO] 10:34:09,198 [Test worker] liquibase.info - master.changelog.json: migration/node-services.changelog-init.xml::1511451595465-46::R3.Corda: Primary key added to node_transactions (tx_id)
?[m?[37m[INFO] 10:34:09,199 [Test worker] liquibase.info - master.changelog.json: migration/node-services.changelog-init.xml::1511451595465-46::R3.Corda: ChangeSet migration/node-services.changelog-init.xml::1511451595465-46::R3.Corda ran successfully in 0ms
?[m?[37m[INFO] 10:34:09,200 [Test worker] liquibase.info - master.changelog.json: migration/node-services.changelog-init.xml::1511451595465-61::R3.Corda: Foreign key constraint added to node_link_nodeinfo_party (party_name)
?[m?[37m[INFO] 10:34:09,200 [Test worker] liquibase.info - master.changelog.json: migration/node-services.changelog-init.xml::1511451595465-61::R3.Corda: ChangeSet migration/node-services.changelog-init.xml::1511451595465-61::R3.Corda ran successfully in 1ms
?[m?[37m[INFO] 10:34:09,201 [Test worker] liquibase.info - master.changelog.json: migration/node-services.changelog-init.xml::add index att_id::R3.Corda: Index att_id_idx created
?[m?[37m[INFO] 10:34:09,201 [Test worker] liquibase.info - master.changelog.json: migration/node-services.changelog-init.xml::add index att_id::R3.Corda: ChangeSet migration/node-services.changelog-init.xml::add index att_id::R3.Corda ran successfully in 0ms
?[m?[37m[INFO] 10:34:09,202 [Test worker] liquibase.info - master.changelog.json: migration/node-services.changelog-init.xml::add_contract_attachment::R3.Corda: Table node_attchments_contracts created
?[m?[37m[INFO] 10:34:09,203 [Test worker] liquibase.info - master.changelog.json: migration/node-services.changelog-init.xml::add_contract_attachment::R3.Corda: Foreign key constraint added to node_attchments_contracts (att_id)
?[m?[37m[INFO] 10:34:09,203 [Test worker] liquibase.info - master.changelog.json: migration/node-services.changelog-init.xml::add_contract_attachment::R3.Corda: Data deleted from node_attachments
?[m?[37m[INFO] 10:34:09,203 [Test worker] liquibase.info - master.changelog.json: migration/node-services.changelog-init.xml::add_contract_attachment::R3.Corda: ChangeSet migration/node-services.changelog-init.xml::add_contract_attachment::R3.Corda ran successfully in 1ms
?[m?[37m[INFO] 10:34:09,205 [Test worker] liquibase.info - master.changelog.json: migration/node-services.changelog-init.xml::add_dedup_columns::R3.Corda: Columns sender(NVARCHAR(64)),sequence_number(BIGINT) added to node_message_ids
?[m?[37m[INFO] 10:34:09,206 [Test worker] liquibase.info - master.changelog.json: migration/node-services.changelog-init.xml::add_dedup_columns::R3.Corda: ChangeSet migration/node-services.changelog-init.xml::add_dedup_columns::R3.Corda ran successfully in 1ms
?[m?[37m[INFO] 10:34:09,206 [Test worker] liquibase.info - master.changelog.json: migration/node-core.changelog-v4.xml::attchments_rename::R3.Corda: Table node_attchments_contracts renamed to node_attachments_contracts
?[m?[37m[INFO] 10:34:09,207 [Test worker] liquibase.info - master.changelog.json: migration/node-core.changelog-v4.xml::attchments_rename::R3.Corda: ChangeSet migration/node-core.changelog-v4.xml::attchments_rename::R3.Corda ran successfully in 0ms
?[m?[37m[INFO] 10:34:09,208 [Test worker] liquibase.info - master.changelog.json: migration/node-core.changelog-v4.xml::nullability::R3.Corda: Null constraint has been added to node_identities.identity_value
?[m?[37m[INFO] 10:34:09,208 [Test worker] liquibase.info - master.changelog.json: migration/node-core.changelog-v4.xml::nullability::R3.Corda: Null constraint has been added to node_attachments.content
?[m?[37m[INFO] 10:34:09,208 [Test worker] liquibase.info - master.changelog.json: migration/node-core.changelog-v4.xml::nullability::R3.Corda: Null constraint has been added to node_attachments_contracts.contract_class_name
?[m?[37m[INFO] 10:34:09,208 [Test worker] liquibase.info - master.changelog.json: migration/node-core.changelog-v4.xml::nullability::R3.Corda: Null constraint has been added to node_checkpoints.checkpoint_value
?[m?[37m[INFO] 10:34:09,208 [Test worker] liquibase.info - master.changelog.json: migration/node-core.changelog-v4.xml::nullability::R3.Corda: Null constraint has been added to node_contract_upgrades.contract_class_name
?[m?[37m[INFO] 10:34:09,209 [Test worker] liquibase.info - master.changelog.json: migration/node-core.changelog-v4.xml::nullability::R3.Corda: Null constraint has been added to node_message_ids.insertion_time
?[m?[37m[INFO] 10:34:09,209 [Test worker] liquibase.info - master.changelog.json: migration/node-core.changelog-v4.xml::nullability::R3.Corda: Null constraint has been added to node_message_retry.message
?[m?[37m[INFO] 10:34:09,209 [Test worker] liquibase.info - master.changelog.json: migration/node-core.changelog-v4.xml::nullability::R3.Corda: Null constraint has been added to node_message_retry.recipients
?[m?[37m[INFO] 10:34:09,209 [Test worker] liquibase.info - master.changelog.json: migration/node-core.changelog-v4.xml::nullability::R3.Corda: Null constraint has been added to node_named_identities.pk_hash
?[m?[37m[INFO] 10:34:09,209 [Test worker] liquibase.info - master.changelog.json: migration/node-core.changelog-v4.xml::nullability::R3.Corda: Null constraint has been added to node_our_key_pairs.private_key
?[m?[37m[INFO] 10:34:09,210 [Test worker] liquibase.info - master.changelog.json: migration/node-core.changelog-v4.xml::nullability::R3.Corda: Null constraint has been added to node_our_key_pairs.public_key
?[m?[37m[INFO] 10:34:09,210 [Test worker] liquibase.info - master.changelog.json: migration/node-core.changelog-v4.xml::nullability::R3.Corda: Null constraint has been added to node_transaction_mappings.state_machine_run_id
?[m?[37m[INFO] 10:34:09,210 [Test worker] liquibase.info - master.changelog.json: migration/node-core.changelog-v4.xml::nullability::R3.Corda: Null constraint has been added to node_transactions.transaction_value
?[m?[37m[INFO] 10:34:09,210 [Test worker] liquibase.info - master.changelog.json: migration/node-core.changelog-v4.xml::nullability::R3.Corda: ChangeSet migration/node-core.changelog-v4.xml::nullability::R3.Corda ran successfully in 3ms
?[m?[37m[INFO] 10:34:09,212 [Test worker] liquibase.info - master.changelog.json: migration/node-core.changelog-v5.xml::remove_unused_node_message_retry::R3.Corda: Table node_message_retry dropped
?[m?[37m[INFO] 10:34:09,212 [Test worker] liquibase.info - master.changelog.json: migration/node-core.changelog-v5.xml::remove_unused_node_message_retry::R3.Corda: ChangeSet migration/node-core.changelog-v5.xml::remove_unused_node_message_retry::R3.Corda ran successfully in 0ms
?[m?[37m[INFO] 10:34:09,222 [Test worker] liquibase.info - master.changelog.json: migration/node-core.changelog-v8.xml::conditional_attchments_rename::R3.Corda: Marking ChangeSet: migration/node-core.changelog-v8.xml::conditional_attchments_rename::R3.Corda ran despite precondition failure due to onFail='MARK_RAN': 
          master.changelog.json : Table PUBLIC.NODE_ATTCHMENTS_CONTRACTS does not exist

?[m?[37m[INFO] 10:34:09,228 [Test worker] liquibase.info - master.changelog.json: migration/node-core.changelog-v8.xml::conditional_attchments_contracts::R3.Corda: Marking ChangeSet: migration/node-core.changelog-v8.xml::conditional_attchments_contracts::R3.Corda ran despite precondition failure due to onFail='MARK_RAN': 
          master.changelog.json : Table PUBLIC.NODE_ATTACHMENTS_CONTRACT_CLASS_NAME does not exist

?[m?[37m[INFO] 10:34:09,229 [Test worker] liquibase.info - master.changelog.json: migration/node-core.changelog-v8.xml::add_signers::R3.Corda: Table node_attachments_signers created
?[m?[37m[INFO] 10:34:09,230 [Test worker] liquibase.info - master.changelog.json: migration/node-core.changelog-v8.xml::add_signers::R3.Corda: Foreign key constraint added to node_attachments_signers (att_id)
?[m?[37m[INFO] 10:34:09,230 [Test worker] liquibase.info - master.changelog.json: migration/node-core.changelog-v8.xml::add_signers::R3.Corda: ChangeSet migration/node-core.changelog-v8.xml::add_signers::R3.Corda ran successfully in 1ms
?[m?[37m[INFO] 10:34:09,232 [Test worker] liquibase.info - master.changelog.json: migration/node-core.changelog-tx-mapping.xml::add_tx_mapping_column::R3.Corda: Columns state_machine_run_id(NVARCHAR(36)) added to node_transactions
?[m?[37m[INFO] 10:34:09,233 [Test worker] liquibase.info - master.changelog.json: migration/node-core.changelog-tx-mapping.xml::add_tx_mapping_column::R3.Corda: Custom SQL executed
?[m?[37m[INFO] 10:34:09,233 [Test worker] liquibase.info - master.changelog.json: migration/node-core.changelog-tx-mapping.xml::add_tx_mapping_column::R3.Corda: Table node_transaction_mappings dropped
?[m?[37m[INFO] 10:34:09,233 [Test worker] liquibase.info - master.changelog.json: migration/node-core.changelog-tx-mapping.xml::add_tx_mapping_column::R3.Corda: ChangeSet migration/node-core.changelog-tx-mapping.xml::add_tx_mapping_column::R3.Corda ran successfully in 2ms
?[m?[37m[INFO] 10:34:09,235 [Test worker] liquibase.info - master.changelog.json: migration/node-services.changelog-init.xml::add_network_parameters_storage::R3.Corda: Table node_network_parameters created
?[m?[37m[INFO] 10:34:09,235 [Test worker] liquibase.info - master.changelog.json: migration/node-services.changelog-init.xml::add_network_parameters_storage::R3.Corda: ChangeSet migration/node-services.changelog-init.xml::add_network_parameters_storage::R3.Corda ran successfully in 1ms
?[m?[37m[INFO] 10:34:09,236 [Test worker] liquibase.info - master.changelog.json: migration/node-services.changelog-init.xml::network_parameters_pk::R3.Corda: Primary key added to node_network_parameters (hash)
?[m?[37m[INFO] 10:34:09,236 [Test worker] liquibase.info - master.changelog.json: migration/node-services.changelog-init.xml::network_parameters_pk::R3.Corda: ChangeSet migration/node-services.changelog-init.xml::network_parameters_pk::R3.Corda ran successfully in 0ms
?[m?[37m[INFO] 10:34:09,238 [Test worker] liquibase.info - master.changelog.json: migration/node-services.changelog-init.xml::add_version_column::R3.Corda: Columns version(INT) added to node_attachments
?[m?[37m[INFO] 10:34:09,238 [Test worker] liquibase.info - master.changelog.json: migration/node-services.changelog-init.xml::add_version_column::R3.Corda: Custom SQL executed
?[m?[37m[INFO] 10:34:09,239 [Test worker] liquibase.info - master.changelog.json: migration/node-services.changelog-init.xml::add_version_column::R3.Corda: Null constraint has been added to node_attachments.version
?[m?[37m[INFO] 10:34:09,239 [Test worker] liquibase.info - master.changelog.json: migration/node-services.changelog-init.xml::add_version_column::R3.Corda: ChangeSet migration/node-services.changelog-init.xml::add_version_column::R3.Corda ran successfully in 2ms
?[m?[37m[INFO] 10:34:09,240 [Test worker] persistence.AttachmentVersionNumberMigration.execute - Start executing...
?[m?[37m[INFO] 10:34:09,241 [Test worker] persistence.AttachmentVersionNumberMigration.execute - Attachment version creation from whitelisted JARs using network parameters from build/mock-network/20190619-093406.715/nodes/3/network-parameters, whitelistedContractImplementations: {}.
?[m?[37m[INFO] 10:34:09,241 [Test worker] persistence.AttachmentVersionNumberMigration.execute - Attachment version creation from whitelisted JARs skipped, no attachments not found.
?[m?[37m[INFO] 10:34:09,242 [Test worker] liquibase.info - master.changelog.json: migration/node-services.changelog-init.xml::update-version-of-whitelisted-jars::R3.Corda: null
?[m?[37m[INFO] 10:34:09,242 [Test worker] liquibase.info - master.changelog.json: migration/node-services.changelog-init.xml::update-version-of-whitelisted-jars::R3.Corda: ChangeSet migration/node-services.changelog-init.xml::update-version-of-whitelisted-jars::R3.Corda ran successfully in 2ms
?[m?[37m[INFO] 10:34:09,243 [Test worker] liquibase.info - master.changelog.json: migration/node-services.changelog-init.xml::add-new-persitence-table::R3.Corda: Table identities_no_cert created
?[m?[37m[INFO] 10:34:09,243 [Test worker] liquibase.info - master.changelog.json: migration/node-services.changelog-init.xml::add-new-persitence-table::R3.Corda: ChangeSet migration/node-services.changelog-init.xml::add-new-persitence-table::R3.Corda ran successfully in 1ms
?[m?[37m[INFO] 10:34:09,244 [Test worker] migration.PersistentIdentitiesMigration.execute - Migrating persistent identities with certificates table into persistent table with no certificate data.
?[m?[37m[INFO] 10:34:09,245 [Test worker] persistence.HibernateConfiguration.<init> - Init HibernateConfiguration for schemas: [PersistentIdentitiesMigrationSchemaV1(name=net.corda.node.migration.PersistentIdentitiesMigrationSchema, version=1)]
?[m?[37m[INFO] 10:34:09,245 [Test worker] persistence.HibernateConfiguration.makeSessionFactoryForSchemas - Creating session factory for schemas: [PersistentIdentitiesMigrationSchemaV1(name=net.corda.node.migration.PersistentIdentitiesMigrationSchema, version=1)]
?[m?[37m[INFO] 10:34:09,249 [Test worker] internal.ConnectionProviderInitiator.initiateService - HHH000130: Instantiating explicit connection provider: net.corda.nodeapi.internal.persistence.HibernateConfiguration$NodeDatabaseConnectionProvider
?[m?[37m[INFO] 10:34:09,250 [Test worker] dialect.Dialect.<init> - HHH000400: Using dialect: org.hibernate.dialect.H2Dialect
?[m?[37m[INFO] 10:34:09,252 [Test worker] type.BasicTypeRegistry.register - HHH000270: Type registration [materialized_blob] overrides previous : org.hibernate.type.MaterializedBlobType@7a31aa45
?[m?[37m[INFO] 10:34:09,264 [Test worker] connections.access.getIsolatedConnection - HHH10001501: Connection obtained from JdbcConnectionAccess [org.hibernate.engine.jdbc.env.internal.JdbcEnvironmentInitiator$ConnectionProviderJdbcConnectionAccess@cc2c14b] for (non-JTA) DDL execution was not in auto-commit mode; the Connection 'local transaction' will be committed and the Connection will be set into auto-commit mode.
?[m?[37m[INFO] 10:34:09,285 [Test worker] persistence.HibernateConfiguration.makeSessionFactoryForSchemas - Created session factory for schemas: [PersistentIdentitiesMigrationSchemaV1(name=net.corda.node.migration.PersistentIdentitiesMigrationSchema, version=1)]
?[m?[37m[INFO] 10:34:09,286 [Test worker] internal.QueryTranslatorFactoryInitiator.initiateService - HHH000397: Using ASTQueryTranslatorFactory
?[m?[37m[INFO] 10:34:09,295 [Test worker] liquibase.info - master.changelog.json: migration/node-services.changelog-init.xml::transfer-to-new-persistence-table::R3.Corda: null
?[m?[37m[INFO] 10:34:09,295 [Test worker] liquibase.info - master.changelog.json: migration/node-services.changelog-init.xml::transfer-to-new-persistence-table::R3.Corda: ChangeSet migration/node-services.changelog-init.xml::transfer-to-new-persistence-table::R3.Corda ran successfully in 52ms
?[m?[37m[INFO] 10:34:09,296 [Test worker] migration.VaultStateMigration.execute - Migrating vault state data to V4 tables
?[m?[37m[INFO] 10:34:09,298 [Test worker] persistence.HibernateConfiguration.<init> - Init HibernateConfiguration for schemas: [VaultMigrationSchemaV1(name=net.corda.node.migration.VaultMigrationSchema, version=1), VaultSchemaV1(name=net.corda.node.services.vault.VaultSchema, version=1)]
?[m?[37m[INFO] 10:34:09,298 [Test worker] persistence.HibernateConfiguration.makeSessionFactoryForSchemas - Creating session factory for schemas: [VaultMigrationSchemaV1(name=net.corda.node.migration.VaultMigrationSchema, version=1), VaultSchemaV1(name=net.corda.node.services.vault.VaultSchema, version=1)]
?[m?[37m[INFO] 10:34:09,303 [Test worker] internal.ConnectionProviderInitiator.initiateService - HHH000130: Instantiating explicit connection provider: net.corda.nodeapi.internal.persistence.HibernateConfiguration$NodeDatabaseConnectionProvider
?[m?[37m[INFO] 10:34:09,303 [Test worker] dialect.Dialect.<init> - HHH000400: Using dialect: org.hibernate.dialect.H2Dialect
?[m?[37m[INFO] 10:34:09,305 [Test worker] type.BasicTypeRegistry.register - HHH000270: Type registration [materialized_blob] overrides previous : org.hibernate.type.MaterializedBlobType@7a31aa45
?[m?[37m[INFO] 10:34:09,327 [Test worker] connections.access.getIsolatedConnection - HHH10001501: Connection obtained from JdbcConnectionAccess [org.hibernate.engine.jdbc.env.internal.JdbcEnvironmentInitiator$ConnectionProviderJdbcConnectionAccess@4a5f8825] for (non-JTA) DDL execution was not in auto-commit mode; the Connection 'local transaction' will be committed and the Connection will be set into auto-commit mode.
?[m?[37m[INFO] 10:34:09,353 [Test worker] persistence.HibernateConfiguration.makeSessionFactoryForSchemas - Created session factory for schemas: [VaultMigrationSchemaV1(name=net.corda.node.migration.VaultMigrationSchema, version=1), VaultSchemaV1(name=net.corda.node.services.vault.VaultSchema, version=1)]
?[m?[37m[INFO] 10:34:09,353 [Test worker] internal.QueryTranslatorFactoryInitiator.initiateService - HHH000397: Using ASTQueryTranslatorFactory
?[m?[37m[INFO] 10:34:09,358 [Test worker] migration.VaultStateMigration.execute - Finished performing vault state data migration for 0 states
?[m?[37m[INFO] 10:34:09,358 [Test worker] liquibase.info - master.changelog.json: migration/vault-schema.changelog-v9.xml::update-vault-states::R3.Corda: null
?[m?[37m[INFO] 10:34:09,358 [Test worker] liquibase.info - master.changelog.json: migration/vault-schema.changelog-v9.xml::update-vault-states::R3.Corda: ChangeSet migration/vault-schema.changelog-v9.xml::update-vault-states::R3.Corda ran successfully in 62ms
?[m?[37m[INFO] 10:34:09,360 [Test worker] liquibase.info - master.changelog.json: migration/cash.changelog-init.xml::1511451595465-2::R3.Corda: Table contract_cash_states created
?[m?[37m[INFO] 10:34:09,360 [Test worker] liquibase.info - master.changelog.json: migration/cash.changelog-init.xml::1511451595465-2::R3.Corda: ChangeSet migration/cash.changelog-init.xml::1511451595465-2::R3.Corda ran successfully in 1ms
?[m?[37m[INFO] 10:34:09,361 [Test worker] liquibase.info - master.changelog.json: migration/cash.changelog-init.xml::1511451595465-28::R3.Corda: Primary key added to contract_cash_states (output_index, transaction_id)
?[m?[37m[INFO] 10:34:09,361 [Test worker] liquibase.info - master.changelog.json: migration/cash.changelog-init.xml::1511451595465-28::R3.Corda: ChangeSet migration/cash.changelog-init.xml::1511451595465-28::R3.Corda ran successfully in 1ms
?[m?[37m[INFO] 10:34:09,363 [Test worker] liquibase.info - master.changelog.json: migration/cash.changelog-init.xml::1511451595465-51::R3.Corda: Index ccy_code_idx created
?[m?[37m[INFO] 10:34:09,363 [Test worker] liquibase.info - master.changelog.json: migration/cash.changelog-init.xml::1511451595465-51::R3.Corda: ChangeSet migration/cash.changelog-init.xml::1511451595465-51::R3.Corda ran successfully in 1ms
?[m?[37m[INFO] 10:34:09,364 [Test worker] liquibase.info - master.changelog.json: migration/cash.changelog-init.xml::1511451595465-57::R3.Corda: Index pennies_idx created
?[m?[37m[INFO] 10:34:09,364 [Test worker] liquibase.info - master.changelog.json: migration/cash.changelog-init.xml::1511451595465-57::R3.Corda: ChangeSet migration/cash.changelog-init.xml::1511451595465-57::R3.Corda ran successfully in 0ms
?[m?[37m[INFO] 10:34:09,367 [Test worker] liquibase.info - master.changelog.json: migration/node-services.changelog-init.xml::1525793504::R3.Corda: Index ccy_code_idx dropped from table contract_cash_states
?[m?[37m[INFO] 10:34:09,367 [Test worker] liquibase.info - master.changelog.json: migration/node-services.changelog-init.xml::1525793504::R3.Corda: Null constraint has been added to contract_cash_states.ccy_code
?[m?[37m[INFO] 10:34:09,368 [Test worker] liquibase.info - master.changelog.json: migration/node-services.changelog-init.xml::1525793504::R3.Corda: Index ccy_code_idx created
?[m?[37m[INFO] 10:34:09,368 [Test worker] liquibase.info - master.changelog.json: migration/node-services.changelog-init.xml::1525793504::R3.Corda: Null constraint has been added to contract_cash_states.issuer_key_hash
?[m?[37m[INFO] 10:34:09,368 [Test worker] liquibase.info - master.changelog.json: migration/node-services.changelog-init.xml::1525793504::R3.Corda: Null constraint has been added to contract_cash_states.issuer_ref
?[m?[37m[INFO] 10:34:09,369 [Test worker] liquibase.info - master.changelog.json: migration/node-services.changelog-init.xml::1525793504::R3.Corda: Index pennies_idx dropped from table contract_cash_states
?[m?[37m[INFO] 10:34:09,369 [Test worker] liquibase.info - master.changelog.json: migration/node-services.changelog-init.xml::1525793504::R3.Corda: Null constraint has been added to contract_cash_states.pennies
?[m?[37m[INFO] 10:34:09,369 [Test worker] liquibase.info - master.changelog.json: migration/node-services.changelog-init.xml::1525793504::R3.Corda: Index pennies_idx created
?[m?[37m[INFO] 10:34:09,370 [Test worker] liquibase.info - master.changelog.json: migration/node-services.changelog-init.xml::1525793504::R3.Corda: ChangeSet migration/node-services.changelog-init.xml::1525793504::R3.Corda ran successfully in 3ms
?[m?[37m[INFO] 10:34:09,372 [Test worker] liquibase.info - master.changelog.json: migration/commercial-paper.changelog-init.xml::1511451595465-3::R3.Corda: Table cp_states created
?[m?[37m[INFO] 10:34:09,372 [Test worker] liquibase.info - master.changelog.json: migration/commercial-paper.changelog-init.xml::1511451595465-3::R3.Corda: ChangeSet migration/commercial-paper.changelog-init.xml::1511451595465-3::R3.Corda ran successfully in 1ms
?[m?[37m[INFO] 10:34:09,373 [Test worker] liquibase.info - master.changelog.json: migration/commercial-paper.changelog-init.xml::1511451595465-29::R3.Corda: Primary key added to cp_states (output_index, transaction_id)
?[m?[37m[INFO] 10:34:09,373 [Test worker] liquibase.info - master.changelog.json: migration/commercial-paper.changelog-init.xml::1511451595465-29::R3.Corda: ChangeSet migration/commercial-paper.changelog-init.xml::1511451595465-29::R3.Corda ran successfully in 0ms
?[m?[37m[INFO] 10:34:09,375 [Test worker] liquibase.info - master.changelog.json: migration/commercial-paper.changelog-init.xml::1511451595465-52::R3.Corda: Index ccy_code_index created
?[m?[37m[INFO] 10:34:09,375 [Test worker] liquibase.info - master.changelog.json: migration/commercial-paper.changelog-init.xml::1511451595465-52::R3.Corda: ChangeSet migration/commercial-paper.changelog-init.xml::1511451595465-52::R3.Corda ran successfully in 1ms
?[m?[37m[INFO] 10:34:09,376 [Test worker] liquibase.info - master.changelog.json: migration/commercial-paper.changelog-init.xml::1511451595465-54::R3.Corda: Index face_value_index created
?[m?[37m[INFO] 10:34:09,377 [Test worker] liquibase.info - master.changelog.json: migration/commercial-paper.changelog-init.xml::1511451595465-54::R3.Corda: ChangeSet migration/commercial-paper.changelog-init.xml::1511451595465-54::R3.Corda ran successfully in 0ms
?[m?[37m[INFO] 10:34:09,378 [Test worker] liquibase.info - master.changelog.json: migration/commercial-paper.changelog-init.xml::1511451595465-56::R3.Corda: Index maturity_index created
?[m?[37m[INFO] 10:34:09,378 [Test worker] liquibase.info - master.changelog.json: migration/commercial-paper.changelog-init.xml::1511451595465-56::R3.Corda: ChangeSet migration/commercial-paper.changelog-init.xml::1511451595465-56::R3.Corda ran successfully in 1ms
?[m?[37m[INFO] 10:34:09,380 [Test worker] liquibase.info - master.changelog.json: migration/commercial-paper.changelog-v1.xml::1525962920::R3.Corda: Index ccy_code_index dropped from table cp_states
?[m?[37m[INFO] 10:34:09,380 [Test worker] liquibase.info - master.changelog.json: migration/commercial-paper.changelog-v1.xml::1525962920::R3.Corda: Null constraint has been added to cp_states.ccy_code
?[m?[37m[INFO] 10:34:09,380 [Test worker] liquibase.info - master.changelog.json: migration/commercial-paper.changelog-v1.xml::1525962920::R3.Corda: Index ccy_code_index created
?[m?[37m[INFO] 10:34:09,380 [Test worker] liquibase.info - master.changelog.json: migration/commercial-paper.changelog-v1.xml::1525962920::R3.Corda: Index face_value_index dropped from table cp_states
?[m?[37m[INFO] 10:34:09,381 [Test worker] liquibase.info - master.changelog.json: migration/commercial-paper.changelog-v1.xml::1525962920::R3.Corda: Null constraint has been added to cp_states.face_value
?[m?[37m[INFO] 10:34:09,381 [Test worker] liquibase.info - master.changelog.json: migration/commercial-paper.changelog-v1.xml::1525962920::R3.Corda: Index face_value_index created
?[m?[37m[INFO] 10:34:09,381 [Test worker] liquibase.info - master.changelog.json: migration/commercial-paper.changelog-v1.xml::1525962920::R3.Corda: Null constraint has been added to cp_states.face_value_issuer_key_hash
?[m?[37m[INFO] 10:34:09,381 [Test worker] liquibase.info - master.changelog.json: migration/commercial-paper.changelog-v1.xml::1525962920::R3.Corda: Null constraint has been added to cp_states.face_value_issuer_ref
?[m?[37m[INFO] 10:34:09,382 [Test worker] liquibase.info - master.changelog.json: migration/commercial-paper.changelog-v1.xml::1525962920::R3.Corda: Null constraint has been added to cp_states.issuance_key_hash
?[m?[37m[INFO] 10:34:09,382 [Test worker] liquibase.info - master.changelog.json: migration/commercial-paper.changelog-v1.xml::1525962920::R3.Corda: Null constraint has been added to cp_states.issuance_ref
?[m?[37m[INFO] 10:34:09,382 [Test worker] liquibase.info - master.changelog.json: migration/commercial-paper.changelog-v1.xml::1525962920::R3.Corda: Index maturity_index dropped from table cp_states
?[m?[37m[INFO] 10:34:09,382 [Test worker] liquibase.info - master.changelog.json: migration/commercial-paper.changelog-v1.xml::1525962920::R3.Corda: Null constraint has been added to cp_states.maturity_instant
?[m?[37m[INFO] 10:34:09,382 [Test worker] liquibase.info - master.changelog.json: migration/commercial-paper.changelog-v1.xml::1525962920::R3.Corda: Index maturity_index created
?[m?[37m[INFO] 10:34:09,383 [Test worker] liquibase.info - master.changelog.json: migration/commercial-paper.changelog-v1.xml::1525962920::R3.Corda: Null constraint has been added to cp_states.owner_key_hash
?[m?[37m[INFO] 10:34:09,383 [Test worker] liquibase.info - master.changelog.json: migration/commercial-paper.changelog-v1.xml::1525962920::R3.Corda: ChangeSet migration/commercial-paper.changelog-v1.xml::1525962920::R3.Corda ran successfully in 3ms
?[m?[37m[INFO] 10:34:09,385 [Test worker] liquibase.info - Successfully released change log lock
?[m?[37m[INFO] 10:34:09,385 [Test worker] internal.InternalMockNetwork$MockNode.invoke - Connected to H2 database.
?[m?[37m[INFO] 10:34:09,386 [Test worker] persistence.HibernateConfiguration.<init> - Init HibernateConfiguration for schemas: [CommonSchemaV1(name=net.corda.core.schemas.CommonSchema, version=1), VaultSchemaV1(name=net.corda.node.services.vault.VaultSchema, version=1), NodeInfoSchemaV1(name=net.corda.node.internal.schemas.NodeInfoSchema, version=1), NodeCoreV1(name=net.corda.node.services.schema.NodeSchemaService$NodeCore, version=1), CashSchemaV1(name=net.corda.finance.schemas.CashSchema, version=1), CommercialPaperSchemaV1(name=net.corda.finance.schemas.CommercialPaperSchema, version=1)]
?[m?[37m[INFO] 10:34:09,386 [Test worker] persistence.HibernateConfiguration.makeSessionFactoryForSchemas - Creating session factory for schemas: [CommonSchemaV1(name=net.corda.core.schemas.CommonSchema, version=1), VaultSchemaV1(name=net.corda.node.services.vault.VaultSchema, version=1), NodeInfoSchemaV1(name=net.corda.node.internal.schemas.NodeInfoSchema, version=1), NodeCoreV1(name=net.corda.node.services.schema.NodeSchemaService$NodeCore, version=1), CashSchemaV1(name=net.corda.finance.schemas.CashSchema, version=1), CommercialPaperSchemaV1(name=net.corda.finance.schemas.CommercialPaperSchema, version=1)]
?[m?[37m[INFO] 10:34:09,391 [Test worker] internal.ConnectionProviderInitiator.initiateService - HHH000130: Instantiating explicit connection provider: net.corda.nodeapi.internal.persistence.HibernateConfiguration$NodeDatabaseConnectionProvider
?[m?[37m[INFO] 10:34:09,391 [Test worker] dialect.Dialect.<init> - HHH000400: Using dialect: org.hibernate.dialect.H2Dialect
?[m?[37m[INFO] 10:34:09,393 [Test worker] type.BasicTypeRegistry.register - HHH000270: Type registration [materialized_blob] overrides previous : org.hibernate.type.MaterializedBlobType@7a31aa45
?[m?[37m[INFO] 10:34:09,426 [Test worker] connections.access.getIsolatedConnection - HHH10001501: Connection obtained from JdbcConnectionAccess [org.hibernate.engine.jdbc.env.internal.JdbcEnvironmentInitiator$ConnectionProviderJdbcConnectionAccess@51c5cc2d] for (non-JTA) DDL execution was not in auto-commit mode; the Connection 'local transaction' will be committed and the Connection will be set into auto-commit mode.
?[m?[37m[INFO] 10:34:09,459 [Test worker] persistence.HibernateConfiguration.makeSessionFactoryForSchemas - Created session factory for schemas: [CommonSchemaV1(name=net.corda.core.schemas.CommonSchema, version=1), VaultSchemaV1(name=net.corda.node.services.vault.VaultSchema, version=1), NodeInfoSchemaV1(name=net.corda.node.internal.schemas.NodeInfoSchema, version=1), NodeCoreV1(name=net.corda.node.services.schema.NodeSchemaService$NodeCore, version=1), CashSchemaV1(name=net.corda.finance.schemas.CashSchema, version=1), CommercialPaperSchemaV1(name=net.corda.finance.schemas.CommercialPaperSchema, version=1)]
?[m?[37m[INFO] 10:34:09,460 [Test worker] internal.InternalMockNetwork$MockNode.obtainIdentity - identity-private-key not found in key store, generating fresh key!
?[m?[37m[INFO] 10:34:09,471 [Test worker] internal.QueryTranslatorFactoryInitiator.initiateService - HHH000397: Using ASTQueryTranslatorFactory
?[m?[37m[INFO] 10:34:09,473 [Test worker] internal.InternalMockNetwork$MockNode.updateNodeInfo - Node-info has changed so submitting update. Old node-info was null
?[m?[37m[INFO] 10:34:09,473 [Test worker] network.PersistentNetworkMapCache.addNode - Adding node with info: NodeInfo(addresses=[mock.node:1000], legalIdentitiesAndCerts=[O=Charlie Ltd, L=Athens, C=GR], platformVersion=5, serial=1560936849473)
?[m?[37m[INFO] 10:34:09,475 [Test worker] network.PersistentNetworkMapCache.addNode - No previous node found
?[m?[37m[INFO] 10:34:09,478 [Test worker] internal.InternalMockNetwork$MockNode.updateNodeInfo - New node-info: NodeInfo(addresses=[mock.node:1000], legalIdentitiesAndCerts=[O=Charlie Ltd, L=Athens, C=GR], platformVersion=5, serial=1560936849473)
?[m?[37m[INFO] 10:34:09,481 [Test worker] network.NetworkMapUpdater.apply - Auto-accept enabled for network parameter changes which modify only: [epoch, modifiedTime, packageOwnership, whitelistedContractImplementations]
?[m?[31m[WARN] 10:34:09,484 [Test worker] utilities.AppendOnlyPersistentMapBase.set - Double insert in net.corda.node.utilities.AppendOnlyPersistentMap for entity class class net.corda.node.services.identity.PersistentIdentityService$PersistentIdentityNames key O=Charlie Ltd, L=Athens, C=GR, not inserting the second time
?[m?[37m[INFO] 10:34:09,484 [MockNode-20-2] network.PersistentNetworkMapCache.addNode - Adding node with info: NodeInfo(addresses=[mock.node:1000], legalIdentitiesAndCerts=[O=Charlie Ltd, L=Athens, C=GR], platformVersion=5, serial=1560936849473)
?[m?[37m[INFO] 10:34:09,488 [MockNode-20-2] network.PersistentNetworkMapCache.addNode - Previous node was identical to incoming one - doing nothing
?[m?[37m[INFO] 10:34:09,508 [Test worker] ClassloaderUtils.logElapsedTime - Contracts loading for '/var/folders/1r/w2pkkn4n22qdmrtblzd5t0200000gp/T/attachment2437324726726141197.jar' took 19 msec
?[m?[37m[INFO] 10:34:09,531 [Test worker] persistence.NodeAttachmentService.invoke - Stored new attachment: id=C2F26FA5BD1C5A3BAF4F109838BD28196CED189F51176C80FCD8858A5E55E45F uploader=app filename=null
?[m?[37m[INFO] 10:34:09,533 [Test worker] cordapp.CordappConfigFileProvider.getConfigByName - Found config for cordapp corda-finance-workflows-5.0-SNAPSHOT-WILLH in build/mock-network/20190619-093406.715/nodes/3/cordapps/config/corda-finance-workflows-5.0-SNAPSHOT-WILLH.conf
?[m?[37m[INFO] 10:34:09,533 [Test worker] internal.InternalMockNetwork$MockNode.installCordaService - Installed net.corda.finance.internal.ConfigHolder Corda service
?[m?[37m[INFO] 10:34:09,537 [Test worker] statemachine.SingleThreadedStateMachineManager.invoke - Node ready, info: NodeInfo(addresses=[mock.node:1000], legalIdentitiesAndCerts=[O=Charlie Ltd, L=Athens, C=GR], platformVersion=5, serial=1560936849473)
?[m?[37m[INFO] 10:34:09,539 [Test worker] network.PersistentNetworkMapCache.addNode - Adding node with info: NodeInfo(addresses=[mock.node:1000], legalIdentitiesAndCerts=[O=Notary Service, L=Zurich, C=CH], platformVersion=5, serial=1560936847415)
?[m?[37m[INFO] 10:34:09,540 [Test worker] network.PersistentNetworkMapCache.addNode - No previous node found
?[m?[37m[INFO] 10:34:09,545 [Test worker] network.PersistentNetworkMapCache.addNode - Adding node with info: NodeInfo(addresses=[mock.node:1000], legalIdentitiesAndCerts=[O=Charlie Ltd, L=Athens, C=GR], platformVersion=5, serial=1560936849473)
?[m?[37m[INFO] 10:34:09,546 [Test worker] network.PersistentNetworkMapCache.addNode - No previous node found
?[m?[37m[INFO] 10:34:09,550 [Test worker] network.PersistentNetworkMapCache.addNode - Adding node with info: NodeInfo(addresses=[mock.node:1000], legalIdentitiesAndCerts=[O=Alice Corp, L=Madrid, C=ES], platformVersion=5, serial=1560936848084)
?[m?[37m[INFO] 10:34:09,551 [Test worker] network.PersistentNetworkMapCache.addNode - No previous node found
?[m?[37m[INFO] 10:34:09,555 [Test worker] network.PersistentNetworkMapCache.addNode - Adding node with info: NodeInfo(addresses=[mock.node:1000], legalIdentitiesAndCerts=[O=Charlie Ltd, L=Athens, C=GR], platformVersion=5, serial=1560936849473)
?[m?[37m[INFO] 10:34:09,556 [Test worker] network.PersistentNetworkMapCache.addNode - No previous node found
?[m?[37m[INFO] 10:34:09,560 [Test worker] network.PersistentNetworkMapCache.addNode - Adding node with info: NodeInfo(addresses=[mock.node:1000], legalIdentitiesAndCerts=[O=Bob Plc, L=Rome, C=IT], platformVersion=5, serial=1560936848722)
?[m?[37m[INFO] 10:34:09,561 [Test worker] network.PersistentNetworkMapCache.addNode - No previous node found
?[m?[37m[INFO] 10:34:09,566 [Test worker] network.PersistentNetworkMapCache.addNode - Adding node with info: NodeInfo(addresses=[mock.node:1000], legalIdentitiesAndCerts=[O=Charlie Ltd, L=Athens, C=GR], platformVersion=5, serial=1560936849473)
?[m?[37m[INFO] 10:34:09,567 [Test worker] network.PersistentNetworkMapCache.addNode - No previous node found
?[m?[37m[INFO] 10:34:09,571 [Test worker] network.PersistentNetworkMapCache.addNode - Adding node with info: NodeInfo(addresses=[mock.node:1000], legalIdentitiesAndCerts=[O=Charlie Ltd, L=Athens, C=GR], platformVersion=5, serial=1560936849473)
?[m?[37m[INFO] 10:34:09,571 [Test worker] network.PersistentNetworkMapCache.addNode - Previous node was identical to incoming one - doing nothing
?[m?[37m[INFO] 10:34:09,571 [Test worker] network.PersistentNetworkMapCache.addNode - Adding node with info: NodeInfo(addresses=[mock.node:1000], legalIdentitiesAndCerts=[O=Charlie Ltd, L=Athens, C=GR], platformVersion=5, serial=1560936849473)
?[m?[37m[INFO] 10:34:09,572 [Test worker] network.PersistentNetworkMapCache.addNode - Previous node was identical to incoming one - doing nothing
?[m?[37m[INFO] 10:34:09,572 [Test worker] internal.NodeFlowManager.registerInitiatedFlow - Registered net.corda.confidential.identities.RequestKeyFlowTests$RequestKeyInitiator to initiate net.corda.confidential.identities.RequestKeyFlowTests$RequestKeyResponder (version 1)
?[m?[37m[INFO] 10:34:09,572 [Test worker] internal.NodeFlowManager.registerInitiatedFlow - Registered net.corda.confidential.identities.RequestKeyFlowTests$RequestKeyInitiator to initiate net.corda.confidential.identities.RequestKeyFlowTests$RequestKeyResponder (version 1)
?[m?[37m[INFO] 10:34:09,572 [Test worker] internal.NodeFlowManager.registerInitiatedFlow - Registered net.corda.confidential.identities.RequestKeyFlowWrapper to initiate net.corda.confidential.identities.RequestKeyFlowWrapperHandler (version 1)
?[m?[37m[INFO] 10:34:09,572 [Test worker] internal.NodeFlowManager.registerInitiatedFlow - Registered net.corda.confidential.identities.RequestKeyFlowWrapper to initiate net.corda.confidential.identities.RequestKeyFlowWrapperHandler (version 1)
?[m?[37m[INFO] 10:34:10,099 [Mock node 3 thread] corda.flow.notariseAndRecord - No need to notarise this transaction. {actor_id=Only For Testing, actor_owning_identity=O=Charlie Ltd, L=Athens, C=GR, actor_store_id=TEST, fiber-id=10000020, flow-id=7c54a146-ef44-4635-8b25-22f08ed63373, invocation_id=b06aa4f4-795d-4d2a-a6fd-808a0d709aca, invocation_timestamp=2019-06-19T09:34:09.573Z, origin=Only For Testing, session_id=b06aa4f4-795d-4d2a-a6fd-808a0d709aca, session_timestamp=2019-06-19T09:34:09.573Z, thread-id=1477, tx_id=FC739EE2E1AAA3461215E78780AE726759B2806687321ACC26BEA9233DF710A9}
?[m?[37m[INFO] 10:34:10,099 [Mock node 3 thread] corda.flow.notariseAndRecord - Recording transaction locally. {actor_id=Only For Testing, actor_owning_identity=O=Charlie Ltd, L=Athens, C=GR, actor_store_id=TEST, fiber-id=10000020, flow-id=7c54a146-ef44-4635-8b25-22f08ed63373, invocation_id=b06aa4f4-795d-4d2a-a6fd-808a0d709aca, invocation_timestamp=2019-06-19T09:34:09.573Z, origin=Only For Testing, session_id=b06aa4f4-795d-4d2a-a6fd-808a0d709aca, session_timestamp=2019-06-19T09:34:09.573Z, thread-id=1477, tx_id=FC739EE2E1AAA3461215E78780AE726759B2806687321ACC26BEA9233DF710A9}
?[m?[37m[INFO] 10:34:10,114 [Mock node 3 thread] corda.flow.notariseAndRecord - Recorded transaction locally successfully. {actor_id=Only For Testing, actor_owning_identity=O=Charlie Ltd, L=Athens, C=GR, actor_store_id=TEST, fiber-id=10000020, flow-id=7c54a146-ef44-4635-8b25-22f08ed63373, invocation_id=b06aa4f4-795d-4d2a-a6fd-808a0d709aca, invocation_timestamp=2019-06-19T09:34:09.573Z, origin=Only For Testing, session_id=b06aa4f4-795d-4d2a-a6fd-808a0d709aca, session_timestamp=2019-06-19T09:34:09.573Z, thread-id=1477, tx_id=FC739EE2E1AAA3461215E78780AE726759B2806687321ACC26BEA9233DF710A9}
?[m?[37m[INFO] 10:34:10,114 [Mock node 3 thread] corda.flow.call - All parties received the transaction successfully. {actor_id=Only For Testing, actor_owning_identity=O=Charlie Ltd, L=Athens, C=GR, actor_store_id=TEST, fiber-id=10000020, flow-id=7c54a146-ef44-4635-8b25-22f08ed63373, invocation_id=b06aa4f4-795d-4d2a-a6fd-808a0d709aca, invocation_timestamp=2019-06-19T09:34:09.573Z, origin=Only For Testing, session_id=b06aa4f4-795d-4d2a-a6fd-808a0d709aca, session_timestamp=2019-06-19T09:34:09.573Z, thread-id=1477, tx_id=FC739EE2E1AAA3461215E78780AE726759B2806687321ACC26BEA9233DF710A9}
?[m?[37m[INFO] 10:34:10,145 [Mock node 3 thread] identity.PersistentIdentityService.invoke - Linking: F871FBFCFB4029C215878410310A5EA4F2305EDB0323DE6FC80498B8F8D3C791 to O=Bob Plc, L=Rome, C=IT {actor_id=Only For Testing, actor_owning_identity=O=Charlie Ltd, L=Athens, C=GR, actor_store_id=TEST, fiber-id=10000020, flow-id=7c54a146-ef44-4635-8b25-22f08ed63373, invocation_id=b06aa4f4-795d-4d2a-a6fd-808a0d709aca, invocation_timestamp=2019-06-19T09:34:09.573Z, origin=Only For Testing, session_id=b06aa4f4-795d-4d2a-a6fd-808a0d709aca, session_timestamp=2019-06-19T09:34:09.573Z, thread-id=1477, tx_id=FC739EE2E1AAA3461215E78780AE726759B2806687321ACC26BEA9233DF710A9}
?[m?[37m[INFO] 10:34:10,145 [Mock node 3 thread] corda.flow.call - Generating spend for: 7c54a146-ef44-4635-8b25-22f08ed63373 {actor_id=Only For Testing, actor_owning_identity=O=Charlie Ltd, L=Athens, C=GR, actor_store_id=TEST, fiber-id=10000020, flow-id=7c54a146-ef44-4635-8b25-22f08ed63373, invocation_id=b06aa4f4-795d-4d2a-a6fd-808a0d709aca, invocation_timestamp=2019-06-19T09:34:09.573Z, origin=Only For Testing, session_id=b06aa4f4-795d-4d2a-a6fd-808a0d709aca, session_timestamp=2019-06-19T09:34:09.573Z, thread-id=1477, tx_id=FC739EE2E1AAA3461215E78780AE726759B2806687321ACC26BEA9233DF710A9}
?[m?[31m[WARN] 10:34:10,153 [Mock node 3 thread] utilities.AppendOnlyPersistentMapBase.set - Double insert in net.corda.node.utilities.AppendOnlyPersistentMap for entity class class net.corda.node.services.identity.PersistentIdentityService$PersistentIdentity key F6241EB9C1F761FEFA5619B2E9A2AFBB55A09A3BF2174D6F7949E386A855EA14, not inserting the second time {actor_id=Only For Testing, actor_owning_identity=O=Charlie Ltd, L=Athens, C=GR, actor_store_id=TEST, fiber-id=10000020, flow-id=7c54a146-ef44-4635-8b25-22f08ed63373, invocation_id=b06aa4f4-795d-4d2a-a6fd-808a0d709aca, invocation_timestamp=2019-06-19T09:34:09.573Z, origin=Only For Testing, session_id=b06aa4f4-795d-4d2a-a6fd-808a0d709aca, session_timestamp=2019-06-19T09:34:09.573Z, thread-id=1477, tx_id=FC739EE2E1AAA3461215E78780AE726759B2806687321ACC26BEA9233DF710A9}
?[m?[37m[INFO] 10:34:10,154 [Mock node 3 thread] corda.flow.call - Signing transaction for: 7c54a146-ef44-4635-8b25-22f08ed63373 {actor_id=Only For Testing, actor_owning_identity=O=Charlie Ltd, L=Athens, C=GR, actor_store_id=TEST, fiber-id=10000020, flow-id=7c54a146-ef44-4635-8b25-22f08ed63373, invocation_id=b06aa4f4-795d-4d2a-a6fd-808a0d709aca, invocation_timestamp=2019-06-19T09:34:09.573Z, origin=Only For Testing, session_id=b06aa4f4-795d-4d2a-a6fd-808a0d709aca, session_timestamp=2019-06-19T09:34:09.573Z, thread-id=1477, tx_id=FC739EE2E1AAA3461215E78780AE726759B2806687321ACC26BEA9233DF710A9}
?[m?[37m[INFO] 10:34:10,167 [Mock node 3 thread] corda.flow.call - Finalising transaction for: 5EF07C94B55D5EBFCCAD5D9BBDC2C9AE2477EC36C9971E93D49FA82E9C5DF0DB {actor_id=Only For Testing, actor_owning_identity=O=Charlie Ltd, L=Athens, C=GR, actor_store_id=TEST, fiber-id=10000020, flow-id=7c54a146-ef44-4635-8b25-22f08ed63373, invocation_id=b06aa4f4-795d-4d2a-a6fd-808a0d709aca, invocation_timestamp=2019-06-19T09:34:09.573Z, origin=Only For Testing, session_id=b06aa4f4-795d-4d2a-a6fd-808a0d709aca, session_timestamp=2019-06-19T09:34:09.573Z, thread-id=1477, tx_id=FC739EE2E1AAA3461215E78780AE726759B2806687321ACC26BEA9233DF710A9}
?[m?[37m[INFO] 10:34:10,179 [Mock node 3 thread] corda.flow.call - Sending transaction to notary: O=Notary Service, L=Zurich, C=CH. {actor_id=Only For Testing, actor_owning_identity=O=Charlie Ltd, L=Athens, C=GR, actor_store_id=TEST, fiber-id=10000020, flow-id=7c54a146-ef44-4635-8b25-22f08ed63373, invocation_id=b06aa4f4-795d-4d2a-a6fd-808a0d709aca, invocation_timestamp=2019-06-19T09:34:09.573Z, origin=Only For Testing, session_id=b06aa4f4-795d-4d2a-a6fd-808a0d709aca, session_timestamp=2019-06-19T09:34:09.573Z, thread-id=1477, tx_id=5EF07C94B55D5EBFCCAD5D9BBDC2C9AE2477EC36C9971E93D49FA82E9C5DF0DB}
?[m?[37m[INFO] 10:34:10,236 [Mock node 3 thread] corda.flow.call - Notary responded. {actor_id=Only For Testing, actor_owning_identity=O=Charlie Ltd, L=Athens, C=GR, actor_store_id=TEST, fiber-id=10000020, flow-id=7c54a146-ef44-4635-8b25-22f08ed63373, invocation_id=b06aa4f4-795d-4d2a-a6fd-808a0d709aca, invocation_timestamp=2019-06-19T09:34:09.573Z, origin=Only For Testing, session_id=b06aa4f4-795d-4d2a-a6fd-808a0d709aca, session_timestamp=2019-06-19T09:34:09.573Z, thread-id=1477, tx_id=5EF07C94B55D5EBFCCAD5D9BBDC2C9AE2477EC36C9971E93D49FA82E9C5DF0DB}
?[m?[37m[INFO] 10:34:10,237 [Mock node 3 thread] corda.flow.notariseAndRecord - Recording transaction locally. {actor_id=Only For Testing, actor_owning_identity=O=Charlie Ltd, L=Athens, C=GR, actor_store_id=TEST, fiber-id=10000020, flow-id=7c54a146-ef44-4635-8b25-22f08ed63373, invocation_id=b06aa4f4-795d-4d2a-a6fd-808a0d709aca, invocation_timestamp=2019-06-19T09:34:09.573Z, origin=Only For Testing, session_id=b06aa4f4-795d-4d2a-a6fd-808a0d709aca, session_timestamp=2019-06-19T09:34:09.573Z, thread-id=1477, tx_id=5EF07C94B55D5EBFCCAD5D9BBDC2C9AE2477EC36C9971E93D49FA82E9C5DF0DB}
?[m?[37m[INFO] 10:34:10,242 [Mock node 3 thread] corda.flow.notariseAndRecord - Recorded transaction locally successfully. {actor_id=Only For Testing, actor_owning_identity=O=Charlie Ltd, L=Athens, C=GR, actor_store_id=TEST, fiber-id=10000020, flow-id=7c54a146-ef44-4635-8b25-22f08ed63373, invocation_id=b06aa4f4-795d-4d2a-a6fd-808a0d709aca, invocation_timestamp=2019-06-19T09:34:09.573Z, origin=Only For Testing, session_id=b06aa4f4-795d-4d2a-a6fd-808a0d709aca, session_timestamp=2019-06-19T09:34:09.573Z, thread-id=1477, tx_id=5EF07C94B55D5EBFCCAD5D9BBDC2C9AE2477EC36C9971E93D49FA82E9C5DF0DB}
?[m?[37m[INFO] 10:34:10,249 [Mock node 2 thread] corda.flow.call - Received transaction acknowledgement request from party O=Charlie Ltd, L=Athens, C=GR. {fiber-id=10000021, flow-id=952a9146-329c-490a-99a6-a0fc6baa91ed, invocation_id=e75c77c5-f5f3-4e8c-9bde-ae1e48091d35, invocation_timestamp=2019-06-19T09:34:10.125Z, origin=O=Charlie Ltd, L=Athens, C=GR, session_id=e75c77c5-f5f3-4e8c-9bde-ae1e48091d35, session_timestamp=2019-06-19T09:34:10.125Z, thread-id=1497, tx_id=5EF07C94B55D5EBFCCAD5D9BBDC2C9AE2477EC36C9971E93D49FA82E9C5DF0DB}
?[m?[37m[INFO] 10:34:10,267 [Mock node 3 thread] corda.flow.call - Party O=Bob Plc, L=Rome, C=IT received the transaction. {actor_id=Only For Testing, actor_owning_identity=O=Charlie Ltd, L=Athens, C=GR, actor_store_id=TEST, fiber-id=10000020, flow-id=7c54a146-ef44-4635-8b25-22f08ed63373, invocation_id=b06aa4f4-795d-4d2a-a6fd-808a0d709aca, invocation_timestamp=2019-06-19T09:34:09.573Z, origin=Only For Testing, session_id=b06aa4f4-795d-4d2a-a6fd-808a0d709aca, session_timestamp=2019-06-19T09:34:09.573Z, thread-id=1477, tx_id=5EF07C94B55D5EBFCCAD5D9BBDC2C9AE2477EC36C9971E93D49FA82E9C5DF0DB}
?[m?[37m[INFO] 10:34:10,268 [Mock node 3 thread] corda.flow.call - All parties received the transaction successfully. {actor_id=Only For Testing, actor_owning_identity=O=Charlie Ltd, L=Athens, C=GR, actor_store_id=TEST, fiber-id=10000020, flow-id=7c54a146-ef44-4635-8b25-22f08ed63373, invocation_id=b06aa4f4-795d-4d2a-a6fd-808a0d709aca, invocation_timestamp=2019-06-19T09:34:09.573Z, origin=Only For Testing, session_id=b06aa4f4-795d-4d2a-a6fd-808a0d709aca, session_timestamp=2019-06-19T09:34:09.573Z, thread-id=1477, tx_id=5EF07C94B55D5EBFCCAD5D9BBDC2C9AE2477EC36C9971E93D49FA82E9C5DF0DB}
?[m?[37m[INFO] 10:34:10,268 [Mock node 3 thread] corda.flow.call - Finalised transaction for: 5EF07C94B55D5EBFCCAD5D9BBDC2C9AE2477EC36C9971E93D49FA82E9C5DF0DB {actor_id=Only For Testing, actor_owning_identity=O=Charlie Ltd, L=Athens, C=GR, actor_store_id=TEST, fiber-id=10000020, flow-id=7c54a146-ef44-4635-8b25-22f08ed63373, invocation_id=b06aa4f4-795d-4d2a-a6fd-808a0d709aca, invocation_timestamp=2019-06-19T09:34:09.573Z, origin=Only For Testing, session_id=b06aa4f4-795d-4d2a-a6fd-808a0d709aca, session_timestamp=2019-06-19T09:34:09.573Z, thread-id=1477, tx_id=5EF07C94B55D5EBFCCAD5D9BBDC2C9AE2477EC36C9971E93D49FA82E9C5DF0DB}
?[m?[37m[INFO] 10:34:10,272 [Mock node 2 thread] corda.flow.call - Transaction dependencies resolution completed. {fiber-id=10000021, flow-id=952a9146-329c-490a-99a6-a0fc6baa91ed, invocation_id=e75c77c5-f5f3-4e8c-9bde-ae1e48091d35, invocation_timestamp=2019-06-19T09:34:10.125Z, origin=O=Charlie Ltd, L=Athens, C=GR, session_id=e75c77c5-f5f3-4e8c-9bde-ae1e48091d35, session_timestamp=2019-06-19T09:34:10.125Z, thread-id=1497, tx_id=5EF07C94B55D5EBFCCAD5D9BBDC2C9AE2477EC36C9971E93D49FA82E9C5DF0DB}
?[m?[37m[INFO] 10:34:10,274 [Test worker] identity.PersistentIdentityService.invoke - Unable to find a valid CordaX500 name from public key: GfHq2tTVk9z4eXgyVSkgWAXnJZVnUsWks8ZRMxCptRep2oH1DdbP7aw1kXKx
?[m?[37m[INFO] 10:34:10,277 [Mock node 2 thread] corda.flow.call - Successfully received fully signed tx. Sending it to the vault for processing. {fiber-id=10000021, flow-id=952a9146-329c-490a-99a6-a0fc6baa91ed, invocation_id=e75c77c5-f5f3-4e8c-9bde-ae1e48091d35, invocation_timestamp=2019-06-19T09:34:10.125Z, origin=O=Charlie Ltd, L=Athens, C=GR, session_id=e75c77c5-f5f3-4e8c-9bde-ae1e48091d35, session_timestamp=2019-06-19T09:34:10.125Z, thread-id=1497, tx_id=5EF07C94B55D5EBFCCAD5D9BBDC2C9AE2477EC36C9971E93D49FA82E9C5DF0DB}
?[m?[37m[INFO] 10:34:10,284 [Mock node 2 thread] identity.PersistentIdentityService.invoke - Unable to find a valid CordaX500 name from public key: GfHq2tTVk9z4eXgyVSkgWAXnJZVnUsWks8ZRMxCptRep2oH1DdbP7aw1kXKx {fiber-id=10000021, flow-id=952a9146-329c-490a-99a6-a0fc6baa91ed, invocation_id=e75c77c5-f5f3-4e8c-9bde-ae1e48091d35, invocation_timestamp=2019-06-19T09:34:10.125Z, origin=O=Charlie Ltd, L=Athens, C=GR, session_id=e75c77c5-f5f3-4e8c-9bde-ae1e48091d35, session_timestamp=2019-06-19T09:34:10.125Z, thread-id=1497, tx_id=5EF07C94B55D5EBFCCAD5D9BBDC2C9AE2477EC36C9971E93D49FA82E9C5DF0DB}
?[m?[31m[WARN] 10:34:10,284 [Mock node 2 thread] persistence.AbstractPartyToX500NameAsStringConverter.convertToDatabaseColumn - Identity service unable to resolve AbstractParty: Anonymous(DLHipvD1ZF1SoYKQGrN6pvJsrJfyqDoR1qtNYqbkFHjWwr) {fiber-id=10000021, flow-id=952a9146-329c-490a-99a6-a0fc6baa91ed, invocation_id=e75c77c5-f5f3-4e8c-9bde-ae1e48091d35, invocation_timestamp=2019-06-19T09:34:10.125Z, origin=O=Charlie Ltd, L=Athens, C=GR, session_id=e75c77c5-f5f3-4e8c-9bde-ae1e48091d35, session_timestamp=2019-06-19T09:34:10.125Z, thread-id=1497, tx_id=5EF07C94B55D5EBFCCAD5D9BBDC2C9AE2477EC36C9971E93D49FA82E9C5DF0DB}
?[m?[37m[INFO] 10:34:10,285 [Mock node 2 thread] corda.flow.call - Successfully recorded received transaction locally. {fiber-id=10000021, flow-id=952a9146-329c-490a-99a6-a0fc6baa91ed, invocation_id=e75c77c5-f5f3-4e8c-9bde-ae1e48091d35, invocation_timestamp=2019-06-19T09:34:10.125Z, origin=O=Charlie Ltd, L=Athens, C=GR, session_id=e75c77c5-f5f3-4e8c-9bde-ae1e48091d35, session_timestamp=2019-06-19T09:34:10.125Z, thread-id=1497, tx_id=5EF07C94B55D5EBFCCAD5D9BBDC2C9AE2477EC36C9971E93D49FA82E9C5DF0DB}
?[m?[37m[INFO] 10:34:10,287 [Mock node 2 thread] identity.PersistentIdentityService.invoke - Unable to find a valid CordaX500 name from public key: GfHq2tTVk9z4eXgyVSkgWAXnJZVnUsWks8ZRMxCptRep2oH1DdbP7aw1kXKx {fiber-id=10000021, flow-id=952a9146-329c-490a-99a6-a0fc6baa91ed, invocation_id=e75c77c5-f5f3-4e8c-9bde-ae1e48091d35, invocation_timestamp=2019-06-19T09:34:10.125Z, origin=O=Charlie Ltd, L=Athens, C=GR, session_id=e75c77c5-f5f3-4e8c-9bde-ae1e48091d35, session_timestamp=2019-06-19T09:34:10.125Z, thread-id=1497}
?[m?[31m[WARN] 10:34:10,287 [Mock node 2 thread] persistence.AbstractPartyToX500NameAsStringConverter.convertToDatabaseColumn - Identity service unable to resolve AbstractParty: Anonymous(DLHipvD1ZF1SoYKQGrN6pvJsrJfyqDoR1qtNYqbkFHjWwr) {fiber-id=10000021, flow-id=952a9146-329c-490a-99a6-a0fc6baa91ed, invocation_id=e75c77c5-f5f3-4e8c-9bde-ae1e48091d35, invocation_timestamp=2019-06-19T09:34:10.125Z, origin=O=Charlie Ltd, L=Athens, C=GR, session_id=e75c77c5-f5f3-4e8c-9bde-ae1e48091d35, session_timestamp=2019-06-19T09:34:10.125Z, thread-id=1497}
?[m?[37m[INFO] 10:34:10,287 [Mock node 2 thread] identity.PersistentIdentityService.invoke - Unable to find a valid CordaX500 name from public key: GfHq2tTVk9z4eXgyVSkgWAXnJZVnUsWks8ZRMxCptRep2oH1DdbP7aw1kXKx {fiber-id=10000021, flow-id=952a9146-329c-490a-99a6-a0fc6baa91ed, invocation_id=e75c77c5-f5f3-4e8c-9bde-ae1e48091d35, invocation_timestamp=2019-06-19T09:34:10.125Z, origin=O=Charlie Ltd, L=Athens, C=GR, session_id=e75c77c5-f5f3-4e8c-9bde-ae1e48091d35, session_timestamp=2019-06-19T09:34:10.125Z, thread-id=1497}
?[m?[31m[WARN] 10:34:10,287 [Mock node 2 thread] persistence.AbstractPartyToX500NameAsStringConverter.convertToDatabaseColumn - Identity service unable to resolve AbstractParty: Anonymous(DLHipvD1ZF1SoYKQGrN6pvJsrJfyqDoR1qtNYqbkFHjWwr) {fiber-id=10000021, flow-id=952a9146-329c-490a-99a6-a0fc6baa91ed, invocation_id=e75c77c5-f5f3-4e8c-9bde-ae1e48091d35, invocation_timestamp=2019-06-19T09:34:10.125Z, origin=O=Charlie Ltd, L=Athens, C=GR, session_id=e75c77c5-f5f3-4e8c-9bde-ae1e48091d35, session_timestamp=2019-06-19T09:34:10.125Z, thread-id=1497}
?[m?[37m[INFO] 10:34:10,308 [Mock node 2 thread] identity.PersistentIdentityService.invoke - Linking: F871FBFCFB4029C215878410310A5EA4F2305EDB0323DE6FC80498B8F8D3C791 to O=Bob Plc, L=Rome, C=IT {actor_id=Only For Testing, actor_owning_identity=O=Bob Plc, L=Rome, C=IT, actor_store_id=TEST, fiber-id=10000023, flow-id=3edf088e-2e38-4943-af62-d9d39ac59f49, invocation_id=c2488053-81da-4ba0-9163-a292e899ada8, invocation_timestamp=2019-06-19T09:34:10.274Z, origin=Only For Testing, session_id=c2488053-81da-4ba0-9163-a292e899ada8, session_timestamp=2019-06-19T09:34:10.274Z, thread-id=1497}
?[m?[37m[INFO] 10:34:10,314 [Test worker] pool.HikariPool.shutdown - HikariPool-17 - Close initiated...
?[m?[37m[INFO] 10:34:10,315 [Test worker] pool.HikariPool.shutdown - HikariPool-17 - Closed.
?[m?[37m[INFO] 10:34:10,315 [Test worker] pool.HikariPool.shutdown - HikariPool-18 - Close initiated...
?[m?[37m[INFO] 10:34:10,316 [Test worker] pool.HikariPool.shutdown - HikariPool-18 - Closed.
?[m?[37m[INFO] 10:34:10,317 [Test worker] pool.HikariPool.shutdown - HikariPool-19 - Close initiated...
?[m?[37m[INFO] 10:34:10,318 [Test worker] pool.HikariPool.shutdown - HikariPool-19 - Closed.
?[m?[37m[INFO] 10:34:10,318 [Test worker] pool.HikariPool.shutdown - HikariPool-20 - Close initiated...
?[m]]></system-out>
  <system-err><![CDATA[]]></system-err>
</testsuite>
